fr              MODE       IOX        СКОР       СКОА       СР         СА         СУ         AED        AEAZ       RED        REAZ       IG         TEC       
8.0520          E          0          0.000      0.000      -nan       -nan       -nan       nan        nan        nan        nan        119.724    8.300000e+16  
8.0520          F1         0          0.000      0.000      -nan       -nan       -nan       nan        nan        nan        nan        119.724    8.300000e+16  
8.0520          F2         0          0.000      0.000      -nan       -nan       -nan       nan        nan        nan        nan        119.724    8.300000e+16 


fr              MODE       IOX        СКОР       СКОА       СР         СА         СУ         AED        AEAZ       RED        REAZ       IG         TEC       
8.0520          E          0          0.000      0.000      -nan       -nan       -nan       nan        nan        nan        nan        -13.068    0.000000e+00  
8.0520          F1         0          0.000      0.000      -nan       -nan       -nan       nan        nan        nan        nan        -13.068    0.000000e+00  
8.0520          F2         0          0.000      0.000      -nan       -nan       -nan       nan        nan        nan        nan        -13.068    0.000000e+00 


fr              MODE       IOX        СКОР       СКОА       СР         СА         СУ         AED        AEAZ       RED        REAZ       IG         TEC       
8.0520          E          0          0.000      0.000      -nan       -nan       -nan       nan        nan        nan        nan        119.724    8.300000e+16  
8.0520          F1         0          0.000      0.000      -nan       -nan       -nan       nan        nan        nan        nan        119.724    8.300000e+16  
8.0520          F2         0          0.000      0.000      -nan       -nan       -nan       nan        nan        nan        nan        119.724    8.300000e+16 


fr              MODE       IOX        СКОР       СКОА       СР         СА         СУ         AED        AEAZ       RED        REAZ       IG         TEC       
8.0520          E          0          0.000      0.000      -nan       -nan       -nan       nan        nan        nan        nan        -13.068    0.000000e+00  
8.0520          F1         0          0.000      0.000      -nan       -nan       -nan       nan        nan        nan        nan        -13.068    0.000000e+00  
8.0520          F2         0          0.000      0.000      -nan       -nan       -nan       nan        nan        nan        nan        -13.068    0.000000e+00 


fr              MODE       IOX        СКОР       СКОА       СР         СА         СУ         AED        AEAZ       RED        REAZ       IG         TEC       
8.0520          E          0          0.000      0.000      -nan       -nan       -nan       nan        nan        nan        nan        119.724    8.300000e+16  
8.0520          F1         0          0.000      0.000      -nan       -nan       -nan       nan        nan        nan        nan        119.724    8.300000e+16  
8.0520          F2         0          0.000      0.000      -nan       -nan       -nan       nan        nan        nan        nan        119.724    8.300000e+16 


fr              MODE       IOX        СКОР       СКОА       СР         СА         СУ         AED        AEAZ       RED        REAZ       IG         TEC       
8.0520          E          0          0.000      0.000      -nan       -nan       -nan       nan        nan        nan        nan        -13.068    0.000000e+00  
8.0520          F1         0          0.000      0.000      -nan       -nan       -nan       nan        nan        nan        nan        -13.068    0.000000e+00  
8.0520          F2         0          0.000      0.000      -nan       -nan       -nan       nan        nan        nan        nan        -13.068    0.000000e+00 


fr              MODE       IOX        СКОР       СКОА       СР         СА         СУ         AED        AEAZ       RED        REAZ       IG         TEC       
8.0520          E          0          0.000      0.000      -nan       -nan       -nan       nan        nan        nan        nan        119.724    8.300000e+16  
8.0520          F1         0          0.000      0.000      -nan       -nan       -nan       nan        nan        nan        nan        119.724    8.300000e+16  
8.0520          F2         0          0.000      0.000      -nan       -nan       -nan       nan        nan        nan        nan        119.724    8.300000e+16 


fr              MODE       IOX        СКОР       СКОА       СР         СА         СУ         AED        AEAZ       RED        REAZ       IG         TEC       
8.0520          E          0          0.000      0.000      -nan       -nan       -nan       nan        nan        nan        nan        -13.068    0.000000e+00  
8.0520          F1         0          0.000      0.000      -nan       -nan       -nan       nan        nan        nan        nan        -13.068    0.000000e+00  
8.0520          F2         0          0.000      0.000      -nan       -nan       -nan       nan        nan        nan        nan        -13.068    0.000000e+00 


fr              MODE       IOX        СКОР       СКОА       СР         СА         СУ         AED        AEAZ       RED        REAZ       IG         TEC       
8.0520          E          0          0.000      0.000      -nan       -nan       -nan       nan        nan        nan        nan        107.712    8.300000e+16  
8.0520          F1         0          0.000      0.000      -nan       -nan       -nan       nan        nan        nan        nan        107.712    8.300000e+16  
8.0520          F2         0          0.000      0.000      -nan       -nan       -nan       nan        nan        nan        nan        107.712    8.300000e+16 


fr              MODE       IOX        СКОР       СКОА       СР         СА         СУ         AED        AEAZ       RED        REAZ       IG         TEC       
8.0520          E          0          0.000      0.000      -nan       -nan       -nan       nan        nan        nan        nan        -13.068    0.000000e+00  
8.0520          F1         0          0.000      0.000      -nan       -nan       -nan       nan        nan        nan        nan        -13.068    0.000000e+00  
8.0520          F2         0          0.000      0.000      -nan       -nan       -nan       nan        nan        nan        nan        -13.068    0.000000e+00 


fr              MODE       IOX        СКОР       СКОА       СР         СА         СУ         AED        AEAZ       RED        REAZ       IG         TEC       
8.0520          E          0          0.000      0.000      -nan       -nan       -nan       nan        nan        nan        nan        107.712    8.300000e+16  
8.0520          F1         0          0.000      0.000      -nan       -nan       -nan       nan        nan        nan        nan        107.712    8.300000e+16  
8.0520          F2         0          0.000      0.000      -nan       -nan       -nan       nan        nan        nan        nan        107.712    8.300000e+16 


fr              MODE       IOX        СКОР       СКОА       СР         СА         СУ         AED        AEAZ       RED        REAZ       IG         TEC       
8.0520          E          0          0.000      0.000      -nan       -nan       -nan       nan        nan        nan        nan        -13.068    0.000000e+00  
8.0520          F1         0          0.000      0.000      -nan       -nan       -nan       nan        nan        nan        nan        -13.068    0.000000e+00  
8.0520          F2         0          0.000      0.000      -nan       -nan       -nan       nan        nan        nan        nan        -13.068    0.000000e+00 


fr              MODE       IOX        СКОР       СКОА       СР         СА         СУ         AED        AEAZ       RED        REAZ       IG         TEC       
8.0520          E          0          0.000      0.000      -nan       -nan       -nan       nan        nan        nan        nan        107.712    8.300000e+16  
8.0520          F1         0          0.000      0.000      -nan       -nan       -nan       nan        nan        nan        nan        107.712    8.300000e+16  
8.0520          F2         0          0.000      0.000      -nan       -nan       -nan       nan        nan        nan        nan        107.712    8.300000e+16 


fr              MODE       IOX        СКОР       СКОА       СР         СА         СУ         AED        AEAZ       RED        REAZ       IG         TEC       
8.0520          E          0          0.000      0.000      -nan       -nan       -nan       nan        nan        nan        nan        -13.068    0.000000e+00  
8.0520          F1         0          0.000      0.000      -nan       -nan       -nan       nan        nan        nan        nan        -13.068    0.000000e+00  
8.0520          F2         0          0.000      0.000      -nan       -nan       -nan       nan        nan        nan        nan        -13.068    0.000000e+00 


fr              MODE       IOX        СКОР       СКОА       СР         СА         СУ         AED        AEAZ       RED        REAZ       IG         TEC       
8.0520          E          0          192.609    0.688      1182.609   215.312    8.135      192.609    0.688      19.455     0.319      107.712    8.300000e+16  
8.0520          F1         0          192.609    0.688      1182.609   215.312    8.135      192.609    0.688      19.455     0.319      107.712    8.300000e+16  
8.0520          F2         0          0.000      0.000      -nan       -nan       -nan       nan        nan        nan        nan        107.712    8.300000e+16 


fr              MODE       IOX        СКОР       СКОА       СР         СА         СУ         AED        AEAZ       RED        REAZ       IG         TEC       
8.0520          E          0          192.656    0.688      1182.656   215.312    8.134      192.656    0.688      19.460     0.319      -13.068    0.000000e+00  
8.0520          F1         0          192.656    0.688      1182.656   215.312    8.134      192.656    0.688      19.460     0.319      -13.068    0.000000e+00  
8.0520          F2         0          0.000      0.000      -nan       -nan       -nan       nan        nan        nan        nan        -13.068    0.000000e+00 


fr              MODE       IOX        СКОР       СКОА       СР         СА         СУ         AED        AEAZ       RED        REAZ       IG         TEC       
8.0520          E          0          192.609    0.688      1182.609   215.312    8.135      192.609    0.688      19.455     0.319      107.712    8.300000e+16  
8.0520          F1         0          192.609    0.688      1182.609   215.312    8.135      192.609    0.688      19.455     0.319      107.712    8.300000e+16  
8.0520          F2         0          0.000      0.000      -nan       -nan       -nan       nan        nan        nan        nan        107.712    8.300000e+16 


fr              MODE       IOX        СКОР       СКОА       СР         СА         СУ         AED        AEAZ       RED        REAZ       IG         TEC       
8.0520          E          0          192.656    0.688      1182.656   215.312    8.134      192.656    0.688      19.460     0.319      -13.068    0.000000e+00  
8.0520          F1         0          192.656    0.688      1182.656   215.312    8.134      192.656    0.688      19.460     0.319      -13.068    0.000000e+00  
8.0520          F2         0          0.000      0.000      -nan       -nan       -nan       nan        nan        nan        nan        -13.068    0.000000e+00 


fr              MODE       IOX        СКОР       СКОА       СР         СА         СУ         AED        AEAZ       RED        REAZ       IG         TEC       
8.0520          E          0          0.000      0.000      -nan       -nan       -nan       nan        nan        nan        nan        107.712    8.300000e+16  
8.0520          F1         0          0.000      0.000      -nan       -nan       -nan       nan        nan        nan        nan        107.712    8.300000e+16  
8.0520          F2         0          0.000      0.000      -nan       -nan       -nan       nan        nan        nan        nan        107.712    8.300000e+16 


fr              MODE       IOX        СКОР       СКОА       СР         СА         СУ         AED        AEAZ       RED        REAZ       IG         TEC       
8.0520          E          0          0.000      0.000      -nan       -nan       -nan       nan        nan        nan        nan        -13.068    0.000000e+00  
8.0520          F1         0          0.000      0.000      -nan       -nan       -nan       nan        nan        nan        nan        -13.068    0.000000e+00  
8.0520          F2         0          0.000      0.000      -nan       -nan       -nan       nan        nan        nan        nan        -13.068    0.000000e+00 


