fr              MODE       IOX        СКОР       СКОА       СР         СА         СУ         AED        AEAZ       RED        REAZ       IG         TEC       
8.0520          E          0          275.588    137.017    846.845    215.785    12.736     215.955    137.015    20.319     38.836     16.018     1.040000e+17  
8.0520          F1         0          275.588    137.017    846.845    215.785    12.736     215.955    137.015    20.319     38.836     16.018     1.040000e+17  
8.0520          F2         0          291.968    136.477    797.170    216.328    26.911     265.630    136.472    24.993     38.683     16.018     1.040000e+17 


fr              MODE       IOX        СКОР       СКОА       СР         СА         СУ         AED        AEAZ       RED        REAZ       IG         TEC       
8.0520          E          0          274.641    137.017    849.463    215.785    12.736     213.337    137.015    20.073     38.836     -13.068    0.000000e+00  
8.0520          F1         0          274.641    137.017    849.463    215.785    12.736     213.337    137.015    20.073     38.836     -13.068    0.000000e+00  
8.0520          F2         0          280.441    136.374    1034.124   216.432    26.884     28.676     136.368    2.698      38.653     -13.068    0.000000e+00 


fr              MODE       IOX        СКОР       СКОА       СР         СА         СУ         AED        AEAZ       RED        REAZ       IG         TEC       
8.0520          E          0          140.172    137.082    972.028    215.718    9.538      90.772     137.082    8.541      38.855     16.018     1.040000e+17  
8.0520          F1         0          140.172    137.082    972.028    215.718    9.538      90.772     137.082    8.541      38.855     16.018     1.040000e+17  
8.0520          F2         0          0.000      0.000      -nan       -nan       -nan       nan        nan        nan        nan        16.018     1.040000e+17 


fr              MODE       IOX        СКОР       СКОА       СР         СА         СУ         AED        AEAZ       RED        REAZ       IG         TEC       
8.0520          E          0          137.835    137.082    976.097    215.718    9.539      86.703     137.082    8.158      38.855     -13.068    0.000000e+00  
8.0520          F1         0          137.835    137.082    976.097    215.718    9.539      86.703     137.082    8.158      38.855     -13.068    0.000000e+00  
8.0520          F2         0          133.976    136.448    935.931    216.357    27.345     126.869    136.443    11.937     38.674     -13.068    0.000000e+00 


fr              MODE       IOX        СКОР       СКОА       СР         СА         СУ         AED        AEAZ       RED        REAZ       IG         TEC       
8.0520          E          0          140.172    137.082    972.028    215.718    9.538      90.772     137.082    8.541      38.855     16.018     1.040000e+17  
8.0520          F1         0          140.172    137.082    972.028    215.718    9.538      90.772     137.082    8.541      38.855     16.018     1.040000e+17  
8.0520          F2         0          0.000      0.000      -nan       -nan       -nan       nan        nan        nan        nan        16.018     1.040000e+17 


fr              MODE       IOX        СКОР       СКОА       СР         СА         СУ         AED        AEAZ       RED        REAZ       IG         TEC       
8.0520          E          0          137.835    137.082    976.097    215.718    9.539      86.703     137.082    8.158      38.855     -13.068    0.000000e+00  
8.0520          F1         0          137.835    137.082    976.097    215.718    9.539      86.703     137.082    8.158      38.855     -13.068    0.000000e+00  
8.0520          F2         0          133.976    136.448    935.931    216.357    27.345     126.869    136.443    11.937     38.674     -13.068    0.000000e+00 


fr              MODE       IOX        СКОР       СКОА       СР         СА         СУ         AED        AEAZ       RED        REAZ       IG         TEC       
8.0520          E          0          140.172    137.082    972.028    215.718    9.538      90.772     137.082    8.541      38.855     16.018     1.040000e+17  
8.0520          F1         0          140.172    137.082    972.028    215.718    9.538      90.772     137.082    8.541      38.855     16.018     1.040000e+17  
8.0520          F2         0          0.000      0.000      -nan       -nan       -nan       nan        nan        nan        nan        16.018     1.040000e+17 


fr              MODE       IOX        СКОР       СКОА       СР         СА         СУ         AED        AEAZ       RED        REAZ       IG         TEC       
8.0520          E          0          137.835    137.082    976.097    215.718    9.539      86.703     137.082    8.158      38.855     -13.068    0.000000e+00  
8.0520          F1         0          137.835    137.082    976.097    215.718    9.539      86.703     137.082    8.158      38.855     -13.068    0.000000e+00  
8.0520          F2         0          133.976    136.448    935.931    216.357    27.345     126.869    136.443    11.937     38.674     -13.068    0.000000e+00 


fr              MODE       IOX        СКОР       СКОА       СР         СА         СУ         AED        AEAZ       RED        REAZ       IG         TEC       
8.0520          E          0          0.000      0.000      -nan       -nan       -nan       nan        nan        nan        nan        -13.068    1.040000e+17  
8.0520          F1         0          0.000      0.000      -nan       -nan       -nan       nan        nan        nan        nan        -13.068    1.040000e+17  
8.0520          F2         0          0.000      0.000      -nan       -nan       -nan       nan        nan        nan        nan        -13.068    1.040000e+17 


fr              MODE       IOX        СКОР       СКОА       СР         СА         СУ         AED        AEAZ       RED        REAZ       IG         TEC       
8.0520          E          0          0.000      0.000      -nan       -nan       -nan       nan        nan        nan        nan        -13.068    0.000000e+00  
8.0520          F1         0          0.000      0.000      -nan       -nan       -nan       nan        nan        nan        nan        -13.068    0.000000e+00  
8.0520          F2         0          0.000      0.000      -nan       -nan       -nan       nan        nan        nan        nan        -13.068    0.000000e+00 


fr              MODE       IOX        СКОР       СКОА       СР         СА         СУ         AED        AEAZ       RED        REAZ       IG         TEC       
8.0520          E          0          0.000      0.000      -nan       -nan       -nan       nan        nan        nan        nan        -13.068    1.040000e+17  
8.0520          F1         0          0.000      0.000      -nan       -nan       -nan       nan        nan        nan        nan        -13.068    1.040000e+17  
8.0520          F2         0          0.000      0.000      -nan       -nan       -nan       nan        nan        nan        nan        -13.068    1.040000e+17 


fr              MODE       IOX        СКОР       СКОА       СР         СА         СУ         AED        AEAZ       RED        REAZ       IG         TEC       
8.0520          E          0          0.000      0.000      -nan       -nan       -nan       nan        nan        nan        nan        -13.068    0.000000e+00  
8.0520          F1         0          0.000      0.000      -nan       -nan       -nan       nan        nan        nan        nan        -13.068    0.000000e+00  
8.0520          F2         0          0.000      0.000      -nan       -nan       -nan       nan        nan        nan        nan        -13.068    0.000000e+00 


fr              MODE       IOX        СКОР       СКОА       СР         СА         СУ         AED        AEAZ       RED        REAZ       IG         TEC       
8.0520          E          0          0.000      0.000      -nan       -nan       -nan       nan        nan        nan        nan        -13.068    1.040000e+17  
8.0520          F1         0          0.000      0.000      -nan       -nan       -nan       nan        nan        nan        nan        -13.068    1.040000e+17  
8.0520          F2         0          0.000      0.000      -nan       -nan       -nan       nan        nan        nan        nan        -13.068    1.040000e+17 


fr              MODE       IOX        СКОР       СКОА       СР         СА         СУ         AED        AEAZ       RED        REAZ       IG         TEC       
8.0520          E          0          0.000      0.000      -nan       -nan       -nan       nan        nan        nan        nan        -13.068    0.000000e+00  
8.0520          F1         0          0.000      0.000      -nan       -nan       -nan       nan        nan        nan        nan        -13.068    0.000000e+00  
8.0520          F2         0          0.000      0.000      -nan       -nan       -nan       nan        nan        nan        nan        -13.068    0.000000e+00 


fr              MODE       IOX        СКОР       СКОА       СР         СА         СУ         AED        AEAZ       RED        REAZ       IG         TEC       
8.0520          E          0          93.045     0.470      952.242    215.753    11.312     37.758     0.247      3.814      0.114      -13.068    1.040000e+17  
8.0520          F1         0          93.045     0.470      952.242    215.753    11.312     37.758     0.247      3.814      0.114      -13.068    1.040000e+17  
8.0520          F2         0          109.921    1.320      955.076    216.207    24.634     34.924     0.207      3.528      0.096      -13.068    1.040000e+17 


fr              MODE       IOX        СКОР       СКОА       СР         СА         СУ         AED        AEAZ       RED        REAZ       IG         TEC       
8.0520          E          0          115.769    0.438      930.423    215.742    10.374     59.577     0.258      6.018      0.120      -13.068    0.000000e+00  
8.0520          F1         0          115.769    0.438      930.423    215.742    10.374     59.577     0.258      6.018      0.120      -13.068    0.000000e+00  
8.0520          F2         0          77.906     1.395      1026.499   216.324    25.827     36.499     0.324      3.687      0.150      -13.068    0.000000e+00 


fr              MODE       IOX        СКОР       СКОА       СР         СА         СУ         AED        AEAZ       RED        REAZ       IG         TEC       
8.0520          E          0          93.045     0.470      952.242    215.753    11.312     37.758     0.247      3.814      0.114      -13.068    1.040000e+17  
8.0520          F1         0          93.045     0.470      952.242    215.753    11.312     37.758     0.247      3.814      0.114      -13.068    1.040000e+17  
8.0520          F2         0          109.921    1.320      955.076    216.207    24.634     34.924     0.207      3.528      0.096      -13.068    1.040000e+17 


fr              MODE       IOX        СКОР       СКОА       СР         СА         СУ         AED        AEAZ       RED        REAZ       IG         TEC       
8.0520          E          0          115.769    0.438      930.423    215.742    10.374     59.577     0.258      6.018      0.120      -13.068    0.000000e+00  
8.0520          F1         0          115.769    0.438      930.423    215.742    10.374     59.577     0.258      6.018      0.120      -13.068    0.000000e+00  
8.0520          F2         0          77.906     1.395      1026.499   216.324    25.827     36.499     0.324      3.687      0.150      -13.068    0.000000e+00 


fr              MODE       IOX        СКОР       СКОА       СР         СА         СУ         AED        AEAZ       RED        REAZ       IG         TEC       
8.0520          E          0          0.000      0.000      -nan       -nan       -nan       nan        nan        nan        nan        -13.068    1.040000e+17  
8.0520          F1         0          0.000      0.000      -nan       -nan       -nan       nan        nan        nan        nan        -13.068    1.040000e+17  
8.0520          F2         0          0.000      0.000      -nan       -nan       -nan       nan        nan        nan        nan        -13.068    1.040000e+17 


fr              MODE       IOX        СКОР       СКОА       СР         СА         СУ         AED        AEAZ       RED        REAZ       IG         TEC       
8.0520          E          0          0.000      0.000      -nan       -nan       -nan       nan        nan        nan        nan        -13.068    0.000000e+00  
8.0520          F1         0          0.000      0.000      -nan       -nan       -nan       nan        nan        nan        nan        -13.068    0.000000e+00  
8.0520          F2         0          0.000      0.000      -nan       -nan       -nan       nan        nan        nan        nan        -13.068    0.000000e+00 


fr              MODE       IOX        СКОР       СКОА       СР         СА         СУ         AED        AEAZ       RED        REAZ       IG         TEC       
8.0520          E          0          149.386    0.530      949.426    215.756    11.635     40.574     0.244      4.098      0.113      -13.068    1.040000e+17  
8.0520          F1         0          149.386    0.530      949.426    215.756    11.635     40.574     0.244      4.098      0.113      -13.068    1.040000e+17  
8.0520          F2         0          193.981    1.311      1012.353   216.147    24.690     22.353     0.147      2.258      0.068      -13.068    1.040000e+17 


fr              MODE       IOX        СКОР       СКОА       СР         СА         СУ         AED        AEAZ       RED        REAZ       IG         TEC       
8.0520          E          0          199.902    0.785      877.570    215.779    12.055     112.430    0.221      11.357     0.102      -13.068    0.000000e+00  
8.0520          F1         0          199.902    0.785      877.570    215.779    12.055     112.430    0.221      11.357     0.102      -13.068    0.000000e+00  
8.0520          F2         0          161.838    1.379      1068.924   216.252    25.809     78.924     0.252      7.972      0.117      -13.068    0.000000e+00 


