fr              MODE       IOX        СКОР       СКОА       СР         СА         СУ         AED        AEAZ       RED        REAZ       IG         TEC       
1.0000          E          0          0.000      0.000      -nan       -nan       -nan       nan        nan        nan        nan        14.596     8.100000e+16  
1.0000          F1         0          0.000      0.000      -nan       -nan       -nan       nan        nan        nan        nan        14.596     8.100000e+16  
1.0000          F2         0          0.000      0.000      -nan       -nan       -nan       nan        nan        nan        nan        14.596     8.100000e+16 


fr              MODE       IOX        СКОР       СКОА       СР         СА         СУ         AED        AEAZ       RED        REAZ       IG         TEC       
1.0000          E          0          0.000      0.000      -nan       -nan       -nan       nan        nan        nan        nan        -13.068    0.000000e+00  
1.0000          F1         0          0.000      0.000      -nan       -nan       -nan       nan        nan        nan        nan        -13.068    0.000000e+00  
1.0000          F2         0          0.000      0.000      -nan       -nan       -nan       nan        nan        nan        nan        -13.068    0.000000e+00 


fr              MODE       IOX        СКОР       СКОА       СР         СА         СУ         AED        AEAZ       RED        REAZ       IG         TEC       
1.0000          E          0          0.000      0.000      -nan       -nan       -nan       nan        nan        nan        nan        14.596     8.100000e+16  
1.0000          F1         0          0.000      0.000      -nan       -nan       -nan       nan        nan        nan        nan        14.596     8.100000e+16  
1.0000          F2         0          0.000      0.000      -nan       -nan       -nan       nan        nan        nan        nan        14.596     8.100000e+16 


fr              MODE       IOX        СКОР       СКОА       СР         СА         СУ         AED        AEAZ       RED        REAZ       IG         TEC       
1.0000          E          0          0.000      0.000      -nan       -nan       -nan       nan        nan        nan        nan        -13.068    0.000000e+00  
1.0000          F1         0          0.000      0.000      -nan       -nan       -nan       nan        nan        nan        nan        -13.068    0.000000e+00  
1.0000          F2         0          0.000      0.000      -nan       -nan       -nan       nan        nan        nan        nan        -13.068    0.000000e+00 


fr              MODE       IOX        СКОР       СКОА       СР         СА         СУ         AED        AEAZ       RED        REAZ       IG         TEC       
1.0000          E          0          0.000      0.000      -nan       -nan       -nan       nan        nan        nan        nan        14.596     8.100000e+16  
1.0000          F1         0          0.000      0.000      -nan       -nan       -nan       nan        nan        nan        nan        14.596     8.100000e+16  
1.0000          F2         0          0.000      0.000      -nan       -nan       -nan       nan        nan        nan        nan        14.596     8.100000e+16 


fr              MODE       IOX        СКОР       СКОА       СР         СА         СУ         AED        AEAZ       RED        REAZ       IG         TEC       
1.0000          E          0          0.000      0.000      -nan       -nan       -nan       nan        nan        nan        nan        -13.068    0.000000e+00  
1.0000          F1         0          0.000      0.000      -nan       -nan       -nan       nan        nan        nan        nan        -13.068    0.000000e+00  
1.0000          F2         0          0.000      0.000      -nan       -nan       -nan       nan        nan        nan        nan        -13.068    0.000000e+00 


fr              MODE       IOX        СКОР       СКОА       СР         СА         СУ         AED        AEAZ       RED        REAZ       IG         TEC       
1.0000          E          0          0.000      0.000      -nan       -nan       -nan       nan        nan        nan        nan        17.116     8.400000e+16  
1.0000          F1         0          0.000      0.000      -nan       -nan       -nan       nan        nan        nan        nan        17.116     8.400000e+16  
1.0000          F2         0          0.000      0.000      -nan       -nan       -nan       nan        nan        nan        nan        17.116     8.400000e+16 


fr              MODE       IOX        СКОР       СКОА       СР         СА         СУ         AED        AEAZ       RED        REAZ       IG         TEC       
1.0000          E          0          0.000      0.000      -nan       -nan       -nan       nan        nan        nan        nan        -13.068    0.000000e+00  
1.0000          F1         0          0.000      0.000      -nan       -nan       -nan       nan        nan        nan        nan        -13.068    0.000000e+00  
1.0000          F2         0          0.000      0.000      -nan       -nan       -nan       nan        nan        nan        nan        -13.068    0.000000e+00 


fr              MODE       IOX        СКОР       СКОА       СР         СА         СУ         AED        AEAZ       RED        REAZ       IG         TEC       
1.0000          E          0          0.000      0.000      -nan       -nan       -nan       nan        nan        nan        nan        -13.068    8.400000e+16  
1.0000          F1         0          0.000      0.000      -nan       -nan       -nan       nan        nan        nan        nan        -13.068    8.400000e+16  
1.0000          F2         0          0.000      0.000      -nan       -nan       -nan       nan        nan        nan        nan        -13.068    8.400000e+16 


fr              MODE       IOX        СКОР       СКОА       СР         СА         СУ         AED        AEAZ       RED        REAZ       IG         TEC       
1.0000          E          0          0.000      0.000      -nan       -nan       -nan       nan        nan        nan        nan        -13.068    0.000000e+00  
1.0000          F1         0          0.000      0.000      -nan       -nan       -nan       nan        nan        nan        nan        -13.068    0.000000e+00  
1.0000          F2         0          0.000      0.000      -nan       -nan       -nan       nan        nan        nan        nan        -13.068    0.000000e+00 


fr              MODE       IOX        СКОР       СКОА       СР         СА         СУ         AED        AEAZ       RED        REAZ       IG         TEC       
1.0000          E          0          0.000      0.000      -nan       -nan       -nan       nan        nan        nan        nan        -13.068    8.400000e+16  
1.0000          F1         0          0.000      0.000      -nan       -nan       -nan       nan        nan        nan        nan        -13.068    8.400000e+16  
1.0000          F2         0          0.000      0.000      -nan       -nan       -nan       nan        nan        nan        nan        -13.068    8.400000e+16 


fr              MODE       IOX        СКОР       СКОА       СР         СА         СУ         AED        AEAZ       RED        REAZ       IG         TEC       
1.0000          E          0          0.000      0.000      -nan       -nan       -nan       nan        nan        nan        nan        -13.068    0.000000e+00  
1.0000          F1         0          0.000      0.000      -nan       -nan       -nan       nan        nan        nan        nan        -13.068    0.000000e+00  
1.0000          F2         0          0.000      0.000      -nan       -nan       -nan       nan        nan        nan        nan        -13.068    0.000000e+00 


fr              MODE       IOX        СКОР       СКОА       СР         СА         СУ         AED        AEAZ       RED        REAZ       IG         TEC       
1.0000          E          0          0.000      0.000      -nan       -nan       -nan       nan        nan        nan        nan        -13.068    8.400000e+16  
1.0000          F1         0          0.000      0.000      -nan       -nan       -nan       nan        nan        nan        nan        -13.068    8.400000e+16  
1.0000          F2         0          0.000      0.000      -nan       -nan       -nan       nan        nan        nan        nan        -13.068    8.400000e+16 


fr              MODE       IOX        СКОР       СКОА       СР         СА         СУ         AED        AEAZ       RED        REAZ       IG         TEC       
1.0000          E          0          0.000      0.000      -nan       -nan       -nan       nan        nan        nan        nan        -13.068    0.000000e+00  
1.0000          F1         0          0.000      0.000      -nan       -nan       -nan       nan        nan        nan        nan        -13.068    0.000000e+00  
1.0000          F2         0          0.000      0.000      -nan       -nan       -nan       nan        nan        nan        nan        -13.068    0.000000e+00 


fr              MODE       IOX        СКОР       СКОА       СР         СА         СУ         AED        AEAZ       RED        REAZ       IG         TEC       
1.0000          E          0          0.000      0.000      -nan       -nan       -nan       nan        nan        nan        nan        -13.068    8.400000e+16  
1.0000          F1         0          0.000      0.000      -nan       -nan       -nan       nan        nan        nan        nan        -13.068    8.400000e+16  
1.0000          F2         0          0.000      0.000      -nan       -nan       -nan       nan        nan        nan        nan        -13.068    8.400000e+16 


fr              MODE       IOX        СКОР       СКОА       СР         СА         СУ         AED        AEAZ       RED        REAZ       IG         TEC       
1.0000          E          0          0.000      0.000      -nan       -nan       -nan       nan        nan        nan        nan        -13.068    0.000000e+00  
1.0000          F1         0          0.000      0.000      -nan       -nan       -nan       nan        nan        nan        nan        -13.068    0.000000e+00  
1.0000          F2         0          0.000      0.000      -nan       -nan       -nan       nan        nan        nan        nan        -13.068    0.000000e+00 


fr              MODE       IOX        СКОР       СКОА       СР         СА         СУ         AED        AEAZ       RED        REAZ       IG         TEC       
1.0000          E          0          0.000      0.000      -nan       -nan       -nan       nan        nan        nan        nan        -13.068    8.400000e+16  
1.0000          F1         0          0.000      0.000      -nan       -nan       -nan       nan        nan        nan        nan        -13.068    8.400000e+16  
1.0000          F2         0          0.000      0.000      -nan       -nan       -nan       nan        nan        nan        nan        -13.068    8.400000e+16 


fr              MODE       IOX        СКОР       СКОА       СР         СА         СУ         AED        AEAZ       RED        REAZ       IG         TEC       
1.0000          E          0          0.000      0.000      -nan       -nan       -nan       nan        nan        nan        nan        -13.068    0.000000e+00  
1.0000          F1         0          0.000      0.000      -nan       -nan       -nan       nan        nan        nan        nan        -13.068    0.000000e+00  
1.0000          F2         0          0.000      0.000      -nan       -nan       -nan       nan        nan        nan        nan        -13.068    0.000000e+00 


fr              MODE       IOX        СКОР       СКОА       СР         СА         СУ         AED        AEAZ       RED        REAZ       IG         TEC       
1.0000          E          0          0.000      0.000      -nan       -nan       -nan       nan        nan        nan        nan        -13.068    8.400000e+16  
1.0000          F1         0          0.000      0.000      -nan       -nan       -nan       nan        nan        nan        nan        -13.068    8.400000e+16  
1.0000          F2         0          0.000      0.000      -nan       -nan       -nan       nan        nan        nan        nan        -13.068    8.400000e+16 


fr              MODE       IOX        СКОР       СКОА       СР         СА         СУ         AED        AEAZ       RED        REAZ       IG         TEC       
1.0000          E          0          0.000      0.000      -nan       -nan       -nan       nan        nan        nan        nan        -13.068    0.000000e+00  
1.0000          F1         0          0.000      0.000      -nan       -nan       -nan       nan        nan        nan        nan        -13.068    0.000000e+00  
1.0000          F2         0          0.000      0.000      -nan       -nan       -nan       nan        nan        nan        nan        -13.068    0.000000e+00 


