fr              MODE       IOX        СКОР       СКОА       СР         СА         СУ         AED        AEAZ       RED        REAZ       IG         TEC       
8.0520          E          0          262.176    137.079    868.571    215.721    12.092     194.229    137.079    18.275     38.855     29.725     1.140000e+17  
8.0520          F1         0          262.176    137.079    868.571    215.721    12.092     194.229    137.079    18.275     38.855     29.725     1.140000e+17  
8.0520          F2         0          300.610    137.201    881.216    215.601    25.135     181.584    137.199    17.085     38.889     29.725     1.140000e+17 


fr              MODE       IOX        СКОР       СКОА       СР         СА         СУ         AED        AEAZ       RED        REAZ       IG         TEC       
8.0520          E          0          258.555    137.079    875.111    215.721    12.092     187.689    137.079    17.660     38.855     -13.068    0.000000e+00  
8.0520          F1         0          258.555    137.079    875.111    215.721    12.092     187.689    137.079    17.660     38.855     -13.068    0.000000e+00  
8.0520          F2         0          298.053    137.113    910.037    215.689    23.067     152.763    137.111    14.374     38.864     -13.068    0.000000e+00 


fr              MODE       IOX        СКОР       СКОА       СР         СА         СУ         AED        AEAZ       RED        REAZ       IG         TEC       
8.0520          E          0          132.742    137.060    1002.273   215.740    9.101      60.527     137.060    5.695      38.849     29.725     1.140000e+17  
8.0520          F1         0          132.742    137.060    1002.273   215.740    9.101      60.527     137.060    5.695      38.849     29.725     1.140000e+17  
8.0520          F2         0          188.374    137.150    875.442    215.652    24.136     187.358    137.148    17.629     38.874     29.725     1.140000e+17 


fr              MODE       IOX        СКОР       СКОА       СР         СА         СУ         AED        AEAZ       RED        REAZ       IG         TEC       
8.0520          E          0          129.858    137.060    1010.317   215.740    9.102      52.483     137.060    4.938      38.849     -13.068    0.000000e+00  
8.0520          F1         0          129.858    137.060    1010.317   215.740    9.102      52.483     137.060    4.938      38.849     -13.068    0.000000e+00  
8.0520          F2         0          94.998     137.121    974.044    215.681    24.703     88.756     137.119    8.351      38.866     -13.068    0.000000e+00 


fr              MODE       IOX        СКОР       СКОА       СР         СА         СУ         AED        AEAZ       RED        REAZ       IG         TEC       
8.0520          E          0          132.742    137.060    1002.273   215.740    9.101      60.527     137.060    5.695      38.849     29.725     1.140000e+17  
8.0520          F1         0          132.742    137.060    1002.273   215.740    9.101      60.527     137.060    5.695      38.849     29.725     1.140000e+17  
8.0520          F2         0          188.374    137.150    875.442    215.652    24.136     187.358    137.148    17.629     38.874     29.725     1.140000e+17 


fr              MODE       IOX        СКОР       СКОА       СР         СА         СУ         AED        AEAZ       RED        REAZ       IG         TEC       
8.0520          E          0          129.858    137.060    1010.317   215.740    9.102      52.483     137.060    4.938      38.849     -13.068    0.000000e+00  
8.0520          F1         0          129.858    137.060    1010.317   215.740    9.102      52.483     137.060    4.938      38.849     -13.068    0.000000e+00  
8.0520          F2         0          94.998     137.121    974.044    215.681    24.703     88.756     137.119    8.351      38.866     -13.068    0.000000e+00 


fr              MODE       IOX        СКОР       СКОА       СР         СА         СУ         AED        AEAZ       RED        REAZ       IG         TEC       
8.0520          E          0          0.000      0.000      -nan       -nan       -nan       nan        nan        nan        nan        11.549     1.140000e+17  
8.0520          F1         0          0.000      0.000      -nan       -nan       -nan       nan        nan        nan        nan        11.549     1.140000e+17  
8.0520          F2         0          0.000      0.000      -nan       -nan       -nan       nan        nan        nan        nan        11.549     1.140000e+17 


fr              MODE       IOX        СКОР       СКОА       СР         СА         СУ         AED        AEAZ       RED        REAZ       IG         TEC       
8.0520          E          0          0.000      0.000      -nan       -nan       -nan       nan        nan        nan        nan        -13.068    0.000000e+00  
8.0520          F1         0          0.000      0.000      -nan       -nan       -nan       nan        nan        nan        nan        -13.068    0.000000e+00  
8.0520          F2         0          0.000      0.000      -nan       -nan       -nan       nan        nan        nan        nan        -13.068    0.000000e+00 


fr              MODE       IOX        СКОР       СКОА       СР         СА         СУ         AED        AEAZ       RED        REAZ       IG         TEC       
8.0520          E          0          0.000      0.000      -nan       -nan       -nan       nan        nan        nan        nan        11.549     1.140000e+17  
8.0520          F1         0          0.000      0.000      -nan       -nan       -nan       nan        nan        nan        nan        11.549     1.140000e+17  
8.0520          F2         0          0.000      0.000      -nan       -nan       -nan       nan        nan        nan        nan        11.549     1.140000e+17 


fr              MODE       IOX        СКОР       СКОА       СР         СА         СУ         AED        AEAZ       RED        REAZ       IG         TEC       
8.0520          E          0          0.000      0.000      -nan       -nan       -nan       nan        nan        nan        nan        -13.068    0.000000e+00  
8.0520          F1         0          0.000      0.000      -nan       -nan       -nan       nan        nan        nan        nan        -13.068    0.000000e+00  
8.0520          F2         0          0.000      0.000      -nan       -nan       -nan       nan        nan        nan        nan        -13.068    0.000000e+00 


fr              MODE       IOX        СКОР       СКОА       СР         СА         СУ         AED        AEAZ       RED        REAZ       IG         TEC       
8.0520          E          0          0.000      0.000      -nan       -nan       -nan       nan        nan        nan        nan        11.549     1.140000e+17  
8.0520          F1         0          0.000      0.000      -nan       -nan       -nan       nan        nan        nan        nan        11.549     1.140000e+17  
8.0520          F2         0          0.000      0.000      -nan       -nan       -nan       nan        nan        nan        nan        11.549     1.140000e+17 


fr              MODE       IOX        СКОР       СКОА       СР         СА         СУ         AED        AEAZ       RED        REAZ       IG         TEC       
8.0520          E          0          0.000      0.000      -nan       -nan       -nan       nan        nan        nan        nan        -13.068    0.000000e+00  
8.0520          F1         0          0.000      0.000      -nan       -nan       -nan       nan        nan        nan        nan        -13.068    0.000000e+00  
8.0520          F2         0          0.000      0.000      -nan       -nan       -nan       nan        nan        nan        nan        -13.068    0.000000e+00 


fr              MODE       IOX        СКОР       СКОА       СР         СА         СУ         AED        AEAZ       RED        REAZ       IG         TEC       
8.0520          E          0          111.392    0.464      947.009    215.754    10.134     42.991     0.246      4.342      0.114      11.549     1.140000e+17  
8.0520          F1         0          111.392    0.464      947.009    215.754    10.134     42.991     0.246      4.342      0.114      11.549     1.140000e+17  
8.0520          F2         0          100.892    0.866      900.460    215.577    25.356     89.540     0.423      9.044      0.196      11.549     1.140000e+17 


fr              MODE       IOX        СКОР       СКОА       СР         СА         СУ         AED        AEAZ       RED        REAZ       IG         TEC       
8.0520          E          0          110.103    0.462      950.689    215.758    10.042     39.311     0.242      3.971      0.112      -13.068    0.000000e+00  
8.0520          F1         0          110.103    0.462      950.689    215.758    10.042     39.311     0.242      3.971      0.112      -13.068    0.000000e+00  
8.0520          F2         0          58.207     0.738      1039.298   215.618    24.673     49.298     0.382      4.980      0.177      -13.068    0.000000e+00 


fr              MODE       IOX        СКОР       СКОА       СР         СА         СУ         AED        AEAZ       RED        REAZ       IG         TEC       
8.0520          E          0          111.392    0.464      947.009    215.754    10.134     42.991     0.246      4.342      0.114      11.549     1.140000e+17  
8.0520          F1         0          111.392    0.464      947.009    215.754    10.134     42.991     0.246      4.342      0.114      11.549     1.140000e+17  
8.0520          F2         0          100.892    0.866      900.460    215.577    25.356     89.540     0.423      9.044      0.196      11.549     1.140000e+17 


fr              MODE       IOX        СКОР       СКОА       СР         СА         СУ         AED        AEAZ       RED        REAZ       IG         TEC       
8.0520          E          0          110.103    0.462      950.689    215.758    10.042     39.311     0.242      3.971      0.112      -13.068    0.000000e+00  
8.0520          F1         0          110.103    0.462      950.689    215.758    10.042     39.311     0.242      3.971      0.112      -13.068    0.000000e+00  
8.0520          F2         0          58.207     0.738      1039.298   215.618    24.673     49.298     0.382      4.980      0.177      -13.068    0.000000e+00 


fr              MODE       IOX        СКОР       СКОА       СР         СА         СУ         AED        AEAZ       RED        REAZ       IG         TEC       
8.0520          E          0          0.000      0.000      -nan       -nan       -nan       nan        nan        nan        nan        11.549     1.140000e+17  
8.0520          F1         0          0.000      0.000      -nan       -nan       -nan       nan        nan        nan        nan        11.549     1.140000e+17  
8.0520          F2         0          0.000      0.000      -nan       -nan       -nan       nan        nan        nan        nan        11.549     1.140000e+17 


fr              MODE       IOX        СКОР       СКОА       СР         СА         СУ         AED        AEAZ       RED        REAZ       IG         TEC       
8.0520          E          0          0.000      0.000      -nan       -nan       -nan       nan        nan        nan        nan        -13.068    0.000000e+00  
8.0520          F1         0          0.000      0.000      -nan       -nan       -nan       nan        nan        nan        nan        -13.068    0.000000e+00  
8.0520          F2         0          0.000      0.000      -nan       -nan       -nan       nan        nan        nan        nan        -13.068    0.000000e+00 


fr              MODE       IOX        СКОР       СКОА       СР         СА         СУ         AED        AEAZ       RED        REAZ       IG         TEC       
8.0520          E          0          206.227    0.503      878.710    215.724    12.103     111.290    0.276      11.241     0.128      11.549     1.140000e+17  
8.0520          F1         0          206.227    0.503      878.710    215.724    12.103     111.290    0.276      11.241     0.128      11.549     1.140000e+17  
8.0520          F2         0          411.083    0.844      1006.476   215.622    25.233     16.476     0.378      1.664      0.175      11.549     1.140000e+17 


fr              MODE       IOX        СКОР       СКОА       СР         СА         СУ         AED        AEAZ       RED        REAZ       IG         TEC       
8.0520          E          0          206.183    0.502      883.564    215.725    12.106     106.436    0.275      10.751     0.128      -13.068    0.000000e+00  
8.0520          F1         0          206.183    0.502      883.564    215.725    12.106     106.436    0.275      10.751     0.128      -13.068    0.000000e+00  
8.0520          F2         0          827.285    0.745      1343.799   215.743    25.159     353.799    0.257      35.737     0.119      -13.068    0.000000e+00 


