fr              MODE       IOX        СКОР       СКОА       СР         СА         СУ         AED        AEAZ       RED        REAZ       IG         TEC       
8.0520          E          0          0.000      0.000      -nan       -nan       -nan       nan        nan        nan        nan        66.876     1.000000e+17  
8.0520          F1         0          0.000      0.000      -nan       -nan       -nan       nan        nan        nan        nan        66.876     1.000000e+17  
8.0520          F2         0          0.000      0.000      -nan       -nan       -nan       nan        nan        nan        nan        66.876     1.000000e+17 


fr              MODE       IOX        СКОР       СКОА       СР         СА         СУ         AED        AEAZ       RED        REAZ       IG         TEC       
8.0520          E          0          0.000      0.000      -nan       -nan       -nan       nan        nan        nan        nan        -13.068    0.000000e+00  
8.0520          F1         0          0.000      0.000      -nan       -nan       -nan       nan        nan        nan        nan        -13.068    0.000000e+00  
8.0520          F2         0          0.000      0.000      -nan       -nan       -nan       nan        nan        nan        nan        -13.068    0.000000e+00 


fr              MODE       IOX        СКОР       СКОА       СР         СА         СУ         AED        AEAZ       RED        REAZ       IG         TEC       
8.0520          E          0          0.000      0.000      -nan       -nan       -nan       nan        nan        nan        nan        66.876     1.000000e+17  
8.0520          F1         0          0.000      0.000      -nan       -nan       -nan       nan        nan        nan        nan        66.876     1.000000e+17  
8.0520          F2         0          0.000      0.000      -nan       -nan       -nan       nan        nan        nan        nan        66.876     1.000000e+17 


fr              MODE       IOX        СКОР       СКОА       СР         СА         СУ         AED        AEAZ       RED        REAZ       IG         TEC       
8.0520          E          0          0.000      0.000      -nan       -nan       -nan       nan        nan        nan        nan        -13.068    0.000000e+00  
8.0520          F1         0          0.000      0.000      -nan       -nan       -nan       nan        nan        nan        nan        -13.068    0.000000e+00  
8.0520          F2         0          0.000      0.000      -nan       -nan       -nan       nan        nan        nan        nan        -13.068    0.000000e+00 


fr              MODE       IOX        СКОР       СКОА       СР         СА         СУ         AED        AEAZ       RED        REAZ       IG         TEC       
8.0520          E          0          0.000      0.000      -nan       -nan       -nan       nan        nan        nan        nan        66.876     1.000000e+17  
8.0520          F1         0          0.000      0.000      -nan       -nan       -nan       nan        nan        nan        nan        66.876     1.000000e+17  
8.0520          F2         0          0.000      0.000      -nan       -nan       -nan       nan        nan        nan        nan        66.876     1.000000e+17 


fr              MODE       IOX        СКОР       СКОА       СР         СА         СУ         AED        AEAZ       RED        REAZ       IG         TEC       
8.0520          E          0          0.000      0.000      -nan       -nan       -nan       nan        nan        nan        nan        -13.068    0.000000e+00  
8.0520          F1         0          0.000      0.000      -nan       -nan       -nan       nan        nan        nan        nan        -13.068    0.000000e+00  
8.0520          F2         0          0.000      0.000      -nan       -nan       -nan       nan        nan        nan        nan        -13.068    0.000000e+00 


fr              MODE       IOX        СКОР       СКОА       СР         СА         СУ         AED        AEAZ       RED        REAZ       IG         TEC       
8.0520          E          0          0.000      0.000      -nan       -nan       -nan       nan        nan        nan        nan        57.761     9.100000e+16  
8.0520          F1         0          0.000      0.000      -nan       -nan       -nan       nan        nan        nan        nan        57.761     9.100000e+16  
8.0520          F2         0          0.000      0.000      -nan       -nan       -nan       nan        nan        nan        nan        57.761     9.100000e+16 


fr              MODE       IOX        СКОР       СКОА       СР         СА         СУ         AED        AEAZ       RED        REAZ       IG         TEC       
8.0520          E          0          0.000      0.000      -nan       -nan       -nan       nan        nan        nan        nan        -13.068    0.000000e+00  
8.0520          F1         0          0.000      0.000      -nan       -nan       -nan       nan        nan        nan        nan        -13.068    0.000000e+00  
8.0520          F2         0          0.000      0.000      -nan       -nan       -nan       nan        nan        nan        nan        -13.068    0.000000e+00 


fr              MODE       IOX        СКОР       СКОА       СР         СА         СУ         AED        AEAZ       RED        REAZ       IG         TEC       
8.0520          E          0          0.000      0.000      -nan       -nan       -nan       nan        nan        nan        nan        63.529     9.100000e+16  
8.0520          F1         0          0.000      0.000      -nan       -nan       -nan       nan        nan        nan        nan        63.529     9.100000e+16  
8.0520          F2         0          0.000      0.000      -nan       -nan       -nan       nan        nan        nan        nan        63.529     9.100000e+16 


fr              MODE       IOX        СКОР       СКОА       СР         СА         СУ         AED        AEAZ       RED        REAZ       IG         TEC       
8.0520          E          0          0.000      0.000      -nan       -nan       -nan       nan        nan        nan        nan        -13.068    0.000000e+00  
8.0520          F1         0          0.000      0.000      -nan       -nan       -nan       nan        nan        nan        nan        -13.068    0.000000e+00  
8.0520          F2         0          0.000      0.000      -nan       -nan       -nan       nan        nan        nan        nan        -13.068    0.000000e+00 


fr              MODE       IOX        СКОР       СКОА       СР         СА         СУ         AED        AEAZ       RED        REAZ       IG         TEC       
8.0520          E          0          0.000      0.000      -nan       -nan       -nan       nan        nan        nan        nan        63.529     9.100000e+16  
8.0520          F1         0          0.000      0.000      -nan       -nan       -nan       nan        nan        nan        nan        63.529     9.100000e+16  
8.0520          F2         0          0.000      0.000      -nan       -nan       -nan       nan        nan        nan        nan        63.529     9.100000e+16 


fr              MODE       IOX        СКОР       СКОА       СР         СА         СУ         AED        AEAZ       RED        REAZ       IG         TEC       
8.0520          E          0          0.000      0.000      -nan       -nan       -nan       nan        nan        nan        nan        -13.068    0.000000e+00  
8.0520          F1         0          0.000      0.000      -nan       -nan       -nan       nan        nan        nan        nan        -13.068    0.000000e+00  
8.0520          F2         0          0.000      0.000      -nan       -nan       -nan       nan        nan        nan        nan        -13.068    0.000000e+00 


fr              MODE       IOX        СКОР       СКОА       СР         СА         СУ         AED        AEAZ       RED        REAZ       IG         TEC       
8.0520          E          0          0.000      0.000      -nan       -nan       -nan       nan        nan        nan        nan        63.529     9.100000e+16  
8.0520          F1         0          0.000      0.000      -nan       -nan       -nan       nan        nan        nan        nan        63.529     9.100000e+16  
8.0520          F2         0          0.000      0.000      -nan       -nan       -nan       nan        nan        nan        nan        63.529     9.100000e+16 


fr              MODE       IOX        СКОР       СКОА       СР         СА         СУ         AED        AEAZ       RED        REAZ       IG         TEC       
8.0520          E          0          0.000      0.000      -nan       -nan       -nan       nan        nan        nan        nan        -13.068    0.000000e+00  
8.0520          F1         0          0.000      0.000      -nan       -nan       -nan       nan        nan        nan        nan        -13.068    0.000000e+00  
8.0520          F2         0          0.000      0.000      -nan       -nan       -nan       nan        nan        nan        nan        -13.068    0.000000e+00 


fr              MODE       IOX        СКОР       СКОА       СР         СА         СУ         AED        AEAZ       RED        REAZ       IG         TEC       
8.0520          E          0          166.957    0.032      1156.636   215.968    8.731      166.636    0.032      16.832     0.015      63.529     9.100000e+16  
8.0520          F1         0          166.957    0.032      1156.636   215.968    8.731      166.636    0.032      16.832     0.015      63.529     9.100000e+16  
8.0520          F2         0          0.000      0.000      -nan       -nan       -nan       nan        nan        nan        nan        63.529     9.100000e+16 


fr              MODE       IOX        СКОР       СКОА       СР         СА         СУ         AED        AEAZ       RED        REAZ       IG         TEC       
8.0520          E          0          166.935    0.032      1156.615   215.968    8.729      166.615    0.032      16.830     0.015      -13.068    0.000000e+00  
8.0520          F1         0          166.935    0.032      1156.615   215.968    8.729      166.615    0.032      16.830     0.015      -13.068    0.000000e+00  
8.0520          F2         0          0.000      0.000      -nan       -nan       -nan       nan        nan        nan        nan        -13.068    0.000000e+00 


fr              MODE       IOX        СКОР       СКОА       СР         СА         СУ         AED        AEAZ       RED        REAZ       IG         TEC       
8.0520          E          0          166.957    0.032      1156.636   215.968    8.731      166.636    0.032      16.832     0.015      63.529     9.100000e+16  
8.0520          F1         0          166.957    0.032      1156.636   215.968    8.731      166.636    0.032      16.832     0.015      63.529     9.100000e+16  
8.0520          F2         0          0.000      0.000      -nan       -nan       -nan       nan        nan        nan        nan        63.529     9.100000e+16 


fr              MODE       IOX        СКОР       СКОА       СР         СА         СУ         AED        AEAZ       RED        REAZ       IG         TEC       
8.0520          E          0          166.935    0.032      1156.615   215.968    8.729      166.615    0.032      16.830     0.015      -13.068    0.000000e+00  
8.0520          F1         0          166.935    0.032      1156.615   215.968    8.729      166.615    0.032      16.830     0.015      -13.068    0.000000e+00  
8.0520          F2         0          0.000      0.000      -nan       -nan       -nan       nan        nan        nan        nan        -13.068    0.000000e+00 


fr              MODE       IOX        СКОР       СКОА       СР         СА         СУ         AED        AEAZ       RED        REAZ       IG         TEC       
8.0520          E          0          0.000      0.000      -nan       -nan       -nan       nan        nan        nan        nan        63.529     9.100000e+16  
8.0520          F1         0          0.000      0.000      -nan       -nan       -nan       nan        nan        nan        nan        63.529     9.100000e+16  
8.0520          F2         0          0.000      0.000      -nan       -nan       -nan       nan        nan        nan        nan        63.529     9.100000e+16 


fr              MODE       IOX        СКОР       СКОА       СР         СА         СУ         AED        AEAZ       RED        REAZ       IG         TEC       
8.0520          E          0          0.000      0.000      -nan       -nan       -nan       nan        nan        nan        nan        -13.068    0.000000e+00  
8.0520          F1         0          0.000      0.000      -nan       -nan       -nan       nan        nan        nan        nan        -13.068    0.000000e+00  
8.0520          F2         0          0.000      0.000      -nan       -nan       -nan       nan        nan        nan        nan        -13.068    0.000000e+00 


fr              MODE       IOX        СКОР       СКОА       СР         СА         СУ         AED        AEAZ       RED        REAZ       IG         TEC       
8.0520          E          0          345.171    0.522      1311.361   215.602    8.003      321.361    0.398      32.461     0.184      63.529     9.100000e+16  
8.0520          F1         0          345.171    0.522      1311.361   215.602    8.003      321.361    0.398      32.461     0.184      63.529     9.100000e+16  
8.0520          F2         0          0.000      0.000      -nan       -nan       -nan       nan        nan        nan        nan        63.529     9.100000e+16 


fr              MODE       IOX        СКОР       СКОА       СР         СА         СУ         AED        AEAZ       RED        REAZ       IG         TEC       
8.0520          E          0          345.412    0.522      1311.484   215.602    8.002      321.484    0.398      32.473     0.184      -13.068    0.000000e+00  
8.0520          F1         0          345.412    0.522      1311.484   215.602    8.002      321.484    0.398      32.473     0.184      -13.068    0.000000e+00  
8.0520          F2         0          0.000      0.000      -nan       -nan       -nan       nan        nan        nan        nan        -13.068    0.000000e+00 


fr              MODE       IOX        СКОР       СКОА       СР         СА         СУ         AED        AEAZ       RED        REAZ       IG         TEC       
8.0520          E          0          0.000      0.000      -nan       -nan       -nan       nan        nan        nan        nan        63.529     9.100000e+16  
8.0520          F1         0          0.000      0.000      -nan       -nan       -nan       nan        nan        nan        nan        63.529     9.100000e+16  
8.0520          F2         0          0.000      0.000      -nan       -nan       -nan       nan        nan        nan        nan        63.529     9.100000e+16 


fr              MODE       IOX        СКОР       СКОА       СР         СА         СУ         AED        AEAZ       RED        REAZ       IG         TEC       
8.0520          E          0          0.000      0.000      -nan       -nan       -nan       nan        nan        nan        nan        -13.068    0.000000e+00  
8.0520          F1         0          0.000      0.000      -nan       -nan       -nan       nan        nan        nan        nan        -13.068    0.000000e+00  
8.0520          F2         0          0.000      0.000      -nan       -nan       -nan       nan        nan        nan        nan        -13.068    0.000000e+00 


fr              MODE       IOX        СКОР       СКОА       СР         СА         СУ         AED        AEAZ       RED        REAZ       IG         TEC       
8.0520          E          0          0.000      0.000      -nan       -nan       -nan       nan        nan        nan        nan        63.529     9.100000e+16  
8.0520          F1         0          0.000      0.000      -nan       -nan       -nan       nan        nan        nan        nan        63.529     9.100000e+16  
8.0520          F2         0          0.000      0.000      -nan       -nan       -nan       nan        nan        nan        nan        63.529     9.100000e+16 


fr              MODE       IOX        СКОР       СКОА       СР         СА         СУ         AED        AEAZ       RED        REAZ       IG         TEC       
8.0520          E          0          0.000      0.000      -nan       -nan       -nan       nan        nan        nan        nan        -13.068    0.000000e+00  
8.0520          F1         0          0.000      0.000      -nan       -nan       -nan       nan        nan        nan        nan        -13.068    0.000000e+00  
8.0520          F2         0          0.000      0.000      -nan       -nan       -nan       nan        nan        nan        nan        -13.068    0.000000e+00 


fr              MODE       IOX        СКОР       СКОА       СР         СА         СУ         AED        AEAZ       RED        REAZ       IG         TEC       
8.0520          E          0          0.000      0.000      -nan       -nan       -nan       nan        nan        nan        nan        63.529     9.100000e+16  
8.0520          F1         0          0.000      0.000      -nan       -nan       -nan       nan        nan        nan        nan        63.529     9.100000e+16  
8.0520          F2         0          0.000      0.000      -nan       -nan       -nan       nan        nan        nan        nan        63.529     9.100000e+16 


fr              MODE       IOX        СКОР       СКОА       СР         СА         СУ         AED        AEAZ       RED        REAZ       IG         TEC       
8.0520          E          0          0.000      0.000      -nan       -nan       -nan       nan        nan        nan        nan        -13.068    0.000000e+00  
8.0520          F1         0          0.000      0.000      -nan       -nan       -nan       nan        nan        nan        nan        -13.068    0.000000e+00  
8.0520          F2         0          0.000      0.000      -nan       -nan       -nan       nan        nan        nan        nan        -13.068    0.000000e+00 


