fr              MODE       IOX        СКОР       СКОА       СР         СА         СУ         AED        AEAZ       RED        REAZ       IG         TEC       
8.0520          E          0          132.900    137.002    1148.805   215.798    9.136      86.005     137.002    8.092      38.833     39.435     9.300000e+16  
8.0520          F1         0          132.900    137.002    1148.805   215.798    9.136      86.005     137.002    8.092      38.833     39.435     9.300000e+16  
8.0520          F2         0          0.000      0.000      -nan       -nan       -nan       nan        nan        nan        nan        39.435     9.300000e+16 


fr              MODE       IOX        СКОР       СКОА       СР         СА         СУ         AED        AEAZ       RED        REAZ       IG         TEC       
8.0520          E          0          132.999    137.002    1148.917   215.798    9.135      86.117     137.002    8.103      38.833     -13.068    0.000000e+00  
8.0520          F1         0          132.999    137.002    1148.917   215.798    9.135      86.117     137.002    8.103      38.833     -13.068    0.000000e+00  
8.0520          F2         0          0.000      0.000      -nan       -nan       -nan       nan        nan        nan        nan        -13.068    0.000000e+00 


fr              MODE       IOX        СКОР       СКОА       СР         СА         СУ         AED        AEAZ       RED        REAZ       IG         TEC       
8.0520          E          0          100.547    136.980    1125.389   215.820    9.351      62.589     136.980    5.889      38.827     39.435     9.300000e+16  
8.0520          F1         0          100.547    136.980    1125.389   215.820    9.351      62.589     136.980    5.889      38.827     39.435     9.300000e+16  
8.0520          F2         0          0.000      0.000      -nan       -nan       -nan       nan        nan        nan        nan        39.435     9.300000e+16 


fr              MODE       IOX        СКОР       СКОА       СР         СА         СУ         AED        AEAZ       RED        REAZ       IG         TEC       
8.0520          E          0          100.644    136.980    1125.496   215.820    9.351      62.696     136.980    5.899      38.827     -13.068    0.000000e+00  
8.0520          F1         0          100.644    136.980    1125.496   215.820    9.351      62.696     136.980    5.899      38.827     -13.068    0.000000e+00  
8.0520          F2         0          0.000      0.000      -nan       -nan       -nan       nan        nan        nan        nan        -13.068    0.000000e+00 


fr              MODE       IOX        СКОР       СКОА       СР         СА         СУ         AED        AEAZ       RED        REAZ       IG         TEC       
8.0520          E          0          100.547    136.980    1125.389   215.820    9.351      62.589     136.980    5.889      38.827     39.435     9.300000e+16  
8.0520          F1         0          100.547    136.980    1125.389   215.820    9.351      62.589     136.980    5.889      38.827     39.435     9.300000e+16  
8.0520          F2         0          0.000      0.000      -nan       -nan       -nan       nan        nan        nan        nan        39.435     9.300000e+16 


fr              MODE       IOX        СКОР       СКОА       СР         СА         СУ         AED        AEAZ       RED        REAZ       IG         TEC       
8.0520          E          0          100.644    136.980    1125.496   215.820    9.351      62.696     136.980    5.899      38.827     -13.068    0.000000e+00  
8.0520          F1         0          100.644    136.980    1125.496   215.820    9.351      62.696     136.980    5.899      38.827     -13.068    0.000000e+00  
8.0520          F2         0          0.000      0.000      -nan       -nan       -nan       nan        nan        nan        nan        -13.068    0.000000e+00 


fr              MODE       IOX        СКОР       СКОА       СР         СА         СУ         AED        AEAZ       RED        REAZ       IG         TEC       
8.0520          E          0          0.000      0.000      -nan       -nan       -nan       nan        nan        nan        nan        41.024     9.300000e+16  
8.0520          F1         0          0.000      0.000      -nan       -nan       -nan       nan        nan        nan        nan        41.024     9.300000e+16  
8.0520          F2         0          0.000      0.000      -nan       -nan       -nan       nan        nan        nan        nan        41.024     9.300000e+16 


fr              MODE       IOX        СКОР       СКОА       СР         СА         СУ         AED        AEAZ       RED        REAZ       IG         TEC       
8.0520          E          0          0.000      0.000      -nan       -nan       -nan       nan        nan        nan        nan        -13.068    0.000000e+00  
8.0520          F1         0          0.000      0.000      -nan       -nan       -nan       nan        nan        nan        nan        -13.068    0.000000e+00  
8.0520          F2         0          0.000      0.000      -nan       -nan       -nan       nan        nan        nan        nan        -13.068    0.000000e+00 


fr              MODE       IOX        СКОР       СКОА       СР         СА         СУ         AED        AEAZ       RED        REAZ       IG         TEC       
8.0520          E          0          0.000      0.000      -nan       -nan       -nan       nan        nan        nan        nan        41.024     9.300000e+16  
8.0520          F1         0          0.000      0.000      -nan       -nan       -nan       nan        nan        nan        nan        41.024     9.300000e+16  
8.0520          F2         0          0.000      0.000      -nan       -nan       -nan       nan        nan        nan        nan        41.024     9.300000e+16 


fr              MODE       IOX        СКОР       СКОА       СР         СА         СУ         AED        AEAZ       RED        REAZ       IG         TEC       
8.0520          E          0          0.000      0.000      -nan       -nan       -nan       nan        nan        nan        nan        -13.068    0.000000e+00  
8.0520          F1         0          0.000      0.000      -nan       -nan       -nan       nan        nan        nan        nan        -13.068    0.000000e+00  
8.0520          F2         0          0.000      0.000      -nan       -nan       -nan       nan        nan        nan        nan        -13.068    0.000000e+00 


fr              MODE       IOX        СКОР       СКОА       СР         СА         СУ         AED        AEAZ       RED        REAZ       IG         TEC       
8.0520          E          0          0.000      0.000      -nan       -nan       -nan       nan        nan        nan        nan        41.024     9.300000e+16  
8.0520          F1         0          0.000      0.000      -nan       -nan       -nan       nan        nan        nan        nan        41.024     9.300000e+16  
8.0520          F2         0          0.000      0.000      -nan       -nan       -nan       nan        nan        nan        nan        41.024     9.300000e+16 


fr              MODE       IOX        СКОР       СКОА       СР         СА         СУ         AED        AEAZ       RED        REAZ       IG         TEC       
8.0520          E          0          0.000      0.000      -nan       -nan       -nan       nan        nan        nan        nan        -13.068    0.000000e+00  
8.0520          F1         0          0.000      0.000      -nan       -nan       -nan       nan        nan        nan        nan        -13.068    0.000000e+00  
8.0520          F2         0          0.000      0.000      -nan       -nan       -nan       nan        nan        nan        nan        -13.068    0.000000e+00 


fr              MODE       IOX        СКОР       СКОА       СР         СА         СУ         AED        AEAZ       RED        REAZ       IG         TEC       
8.0520          E          0          90.268     0.397      1041.939   215.793    10.233     51.939     0.207      5.246      0.096      41.024     9.300000e+16  
8.0520          F1         0          90.268     0.397      1041.939   215.793    10.233     51.939     0.207      5.246      0.096      41.024     9.300000e+16  
8.0520          F2         0          0.000      0.000      -nan       -nan       -nan       nan        nan        nan        nan        41.024     9.300000e+16 


fr              MODE       IOX        СКОР       СКОА       СР         СА         СУ         AED        AEAZ       RED        REAZ       IG         TEC       
8.0520          E          0          90.284     0.397      1041.967   215.794    10.233     51.967     0.206      5.249      0.096      -13.068    0.000000e+00  
8.0520          F1         0          90.284     0.397      1041.967   215.794    10.233     51.967     0.206      5.249      0.096      -13.068    0.000000e+00  
8.0520          F2         0          0.000      0.000      -nan       -nan       -nan       nan        nan        nan        nan        -13.068    0.000000e+00 


fr              MODE       IOX        СКОР       СКОА       СР         СА         СУ         AED        AEAZ       RED        REAZ       IG         TEC       
8.0520          E          0          90.268     0.397      1041.939   215.793    10.233     51.939     0.207      5.246      0.096      41.024     9.300000e+16  
8.0520          F1         0          90.268     0.397      1041.939   215.793    10.233     51.939     0.207      5.246      0.096      41.024     9.300000e+16  
8.0520          F2         0          0.000      0.000      -nan       -nan       -nan       nan        nan        nan        nan        41.024     9.300000e+16 


fr              MODE       IOX        СКОР       СКОА       СР         СА         СУ         AED        AEAZ       RED        REAZ       IG         TEC       
8.0520          E          0          90.284     0.397      1041.967   215.794    10.233     51.967     0.206      5.249      0.096      -13.068    0.000000e+00  
8.0520          F1         0          90.284     0.397      1041.967   215.794    10.233     51.967     0.206      5.249      0.096      -13.068    0.000000e+00  
8.0520          F2         0          0.000      0.000      -nan       -nan       -nan       nan        nan        nan        nan        -13.068    0.000000e+00 


fr              MODE       IOX        СКОР       СКОА       СР         СА         СУ         AED        AEAZ       RED        REAZ       IG         TEC       
8.0520          E          0          0.000      0.000      -nan       -nan       -nan       nan        nan        nan        nan        41.024     9.300000e+16  
8.0520          F1         0          0.000      0.000      -nan       -nan       -nan       nan        nan        nan        nan        41.024     9.300000e+16  
8.0520          F2         0          0.000      0.000      -nan       -nan       -nan       nan        nan        nan        nan        41.024     9.300000e+16 


fr              MODE       IOX        СКОР       СКОА       СР         СА         СУ         AED        AEAZ       RED        REAZ       IG         TEC       
8.0520          E          0          0.000      0.000      -nan       -nan       -nan       nan        nan        nan        nan        -13.068    0.000000e+00  
8.0520          F1         0          0.000      0.000      -nan       -nan       -nan       nan        nan        nan        nan        -13.068    0.000000e+00  
8.0520          F2         0          0.000      0.000      -nan       -nan       -nan       nan        nan        nan        nan        -13.068    0.000000e+00 


fr              MODE       IOX        СКОР       СКОА       СР         СА         СУ         AED        AEAZ       RED        REAZ       IG         TEC       
8.0520          E          0          142.147    0.418      1068.040   215.780    9.983      78.040     0.220      7.883      0.102      41.024     9.300000e+16  
8.0520          F1         0          142.147    0.418      1068.040   215.780    9.983      78.040     0.220      7.883      0.102      41.024     9.300000e+16  
8.0520          F2         0          0.000      0.000      -nan       -nan       -nan       nan        nan        nan        nan        41.024     9.300000e+16 


fr              MODE       IOX        СКОР       СКОА       СР         СА         СУ         AED        AEAZ       RED        REAZ       IG         TEC       
8.0520          E          0          141.897    0.418      1068.020   215.781    9.983      78.020     0.219      7.881      0.102      -13.068    0.000000e+00  
8.0520          F1         0          141.897    0.418      1068.020   215.781    9.983      78.020     0.219      7.881      0.102      -13.068    0.000000e+00  
8.0520          F2         0          0.000      0.000      -nan       -nan       -nan       nan        nan        nan        nan        -13.068    0.000000e+00 


fr              MODE       IOX        СКОР       СКОА       СР         СА         СУ         AED        AEAZ       RED        REAZ       IG         TEC       
8.0520          E          0          0.000      0.000      -nan       -nan       -nan       nan        nan        nan        nan        41.024     9.300000e+16  
8.0520          F1         0          0.000      0.000      -nan       -nan       -nan       nan        nan        nan        nan        41.024     9.300000e+16  
8.0520          F2         0          0.000      0.000      -nan       -nan       -nan       nan        nan        nan        nan        41.024     9.300000e+16 


fr              MODE       IOX        СКОР       СКОА       СР         СА         СУ         AED        AEAZ       RED        REAZ       IG         TEC       
8.0520          E          0          0.000      0.000      -nan       -nan       -nan       nan        nan        nan        nan        -13.068    0.000000e+00  
8.0520          F1         0          0.000      0.000      -nan       -nan       -nan       nan        nan        nan        nan        -13.068    0.000000e+00  
8.0520          F2         0          0.000      0.000      -nan       -nan       -nan       nan        nan        nan        nan        -13.068    0.000000e+00 


fr              MODE       IOX        СКОР       СКОА       СР         СА         СУ         AED        AEAZ       RED        REAZ       IG         TEC       
8.0520          E          0          0.000      0.000      -nan       -nan       -nan       nan        nan        nan        nan        41.024     9.300000e+16  
8.0520          F1         0          0.000      0.000      -nan       -nan       -nan       nan        nan        nan        nan        41.024     9.300000e+16  
8.0520          F2         0          0.000      0.000      -nan       -nan       -nan       nan        nan        nan        nan        41.024     9.300000e+16 


fr              MODE       IOX        СКОР       СКОА       СР         СА         СУ         AED        AEAZ       RED        REAZ       IG         TEC       
8.0520          E          0          0.000      0.000      -nan       -nan       -nan       nan        nan        nan        nan        -13.068    0.000000e+00  
8.0520          F1         0          0.000      0.000      -nan       -nan       -nan       nan        nan        nan        nan        -13.068    0.000000e+00  
8.0520          F2         0          0.000      0.000      -nan       -nan       -nan       nan        nan        nan        nan        -13.068    0.000000e+00 


fr              MODE       IOX        СКОР       СКОА       СР         СА         СУ         AED        AEAZ       RED        REAZ       IG         TEC       
8.0520          E          0          0.000      0.000      -nan       -nan       -nan       nan        nan        nan        nan        41.024     9.300000e+16  
8.0520          F1         0          0.000      0.000      -nan       -nan       -nan       nan        nan        nan        nan        41.024     9.300000e+16  
8.0520          F2         0          0.000      0.000      -nan       -nan       -nan       nan        nan        nan        nan        41.024     9.300000e+16 


fr              MODE       IOX        СКОР       СКОА       СР         СА         СУ         AED        AEAZ       RED        REAZ       IG         TEC       
8.0520          E          0          0.000      0.000      -nan       -nan       -nan       nan        nan        nan        nan        -13.068    0.000000e+00  
8.0520          F1         0          0.000      0.000      -nan       -nan       -nan       nan        nan        nan        nan        -13.068    0.000000e+00  
8.0520          F2         0          0.000      0.000      -nan       -nan       -nan       nan        nan        nan        nan        -13.068    0.000000e+00 


