fr              MODE       IOX        СКОР       СКОА       СР         СА         СУ         AED        AEAZ       RED        REAZ       IG         TEC       
8.0520          E          0          332.497    137.158    768.435    215.645    14.758     294.365    137.155    27.697     38.876     25.706     1.130000e+17  
8.0520          F1         0          332.497    137.158    768.435    215.645    14.758     294.365    137.155    27.697     38.876     25.706     1.130000e+17  
8.0520          F2         0          323.716    136.893    840.863    215.918    26.065     221.937    136.882    20.882     38.799     25.706     1.130000e+17 


fr              MODE       IOX        СКОР       СКОА       СР         СА         СУ         AED        AEAZ       RED        REAZ       IG         TEC       
8.0520          E          0          331.170    137.159    771.327    215.644    14.758     291.473    137.156    27.425     38.876     -13.068    0.000000e+00  
8.0520          F1         0          331.170    137.159    771.327    215.644    14.758     291.473    137.156    27.425     38.876     -13.068    0.000000e+00  
8.0520          F2         0          353.398    136.704    992.539    216.111    25.476     70.261     136.689    6.611      38.744     -13.068    0.000000e+00 


fr              MODE       IOX        СКОР       СКОА       СР         СА         СУ         AED        AEAZ       RED        REAZ       IG         TEC       
8.0520          E          0          131.976    137.069    980.508    215.732    9.359      82.292     137.068    7.743      38.852     25.706     1.130000e+17  
8.0520          F1         0          131.976    137.069    980.508    215.732    9.359      82.292     137.068    7.743      38.852     25.706     1.130000e+17  
8.0520          F2         0          190.643    135.489    1253.077   217.312    26.303     190.277    135.488    17.903     38.404     25.706     1.130000e+17 


fr              MODE       IOX        СКОР       СКОА       СР         СА         СУ         AED        AEAZ       RED        REAZ       IG         TEC       
8.0520          E          0          128.253    137.069    987.229    215.732    9.361      75.571     137.068    7.111      38.851     -13.068    0.000000e+00  
8.0520          F1         0          128.253    137.069    987.229    215.732    9.361      75.571     137.068    7.111      38.851     -13.068    0.000000e+00  
8.0520          F2         0          171.921    136.148    1043.791   216.654    25.985     19.009     136.146    1.789      38.590     -13.068    0.000000e+00 


fr              MODE       IOX        СКОР       СКОА       СР         СА         СУ         AED        AEAZ       RED        REAZ       IG         TEC       
8.0520          E          0          131.976    137.069    980.508    215.732    9.359      82.292     137.068    7.743      38.852     25.706     1.130000e+17  
8.0520          F1         0          131.976    137.069    980.508    215.732    9.359      82.292     137.068    7.743      38.852     25.706     1.130000e+17  
8.0520          F2         0          190.643    135.489    1253.077   217.312    26.303     190.277    135.488    17.903     38.404     25.706     1.130000e+17 


fr              MODE       IOX        СКОР       СКОА       СР         СА         СУ         AED        AEAZ       RED        REAZ       IG         TEC       
8.0520          E          0          128.253    137.069    987.229    215.732    9.361      75.571     137.068    7.111      38.851     -13.068    0.000000e+00  
8.0520          F1         0          128.253    137.069    987.229    215.732    9.361      75.571     137.068    7.111      38.851     -13.068    0.000000e+00  
8.0520          F2         0          171.921    136.148    1043.791   216.654    25.985     19.009     136.146    1.789      38.590     -13.068    0.000000e+00 


fr              MODE       IOX        СКОР       СКОА       СР         СА         СУ         AED        AEAZ       RED        REAZ       IG         TEC       
8.0520          E          0          131.976    137.069    980.508    215.732    9.359      82.292     137.068    7.743      38.852     25.706     1.130000e+17  
8.0520          F1         0          131.976    137.069    980.508    215.732    9.359      82.292     137.068    7.743      38.852     25.706     1.130000e+17  
8.0520          F2         0          190.643    135.489    1253.077   217.312    26.303     190.277    135.488    17.903     38.404     25.706     1.130000e+17 


fr              MODE       IOX        СКОР       СКОА       СР         СА         СУ         AED        AEAZ       RED        REAZ       IG         TEC       
8.0520          E          0          128.253    137.069    987.229    215.732    9.361      75.571     137.068    7.111      38.851     -13.068    0.000000e+00  
8.0520          F1         0          128.253    137.069    987.229    215.732    9.361      75.571     137.068    7.111      38.851     -13.068    0.000000e+00  
8.0520          F2         0          171.921    136.148    1043.791   216.654    25.985     19.009     136.146    1.789      38.590     -13.068    0.000000e+00 


fr              MODE       IOX        СКОР       СКОА       СР         СА         СУ         AED        AEAZ       RED        REAZ       IG         TEC       
8.0520          E          0          0.000      0.000      -nan       -nan       -nan       nan        nan        nan        nan        6.853      1.130000e+17  
8.0520          F1         0          0.000      0.000      -nan       -nan       -nan       nan        nan        nan        nan        6.853      1.130000e+17  
8.0520          F2         0          0.000      0.000      -nan       -nan       -nan       nan        nan        nan        nan        6.853      1.130000e+17 


fr              MODE       IOX        СКОР       СКОА       СР         СА         СУ         AED        AEAZ       RED        REAZ       IG         TEC       
8.0520          E          0          0.000      0.000      -nan       -nan       -nan       nan        nan        nan        nan        -13.068    0.000000e+00  
8.0520          F1         0          0.000      0.000      -nan       -nan       -nan       nan        nan        nan        nan        -13.068    0.000000e+00  
8.0520          F2         0          0.000      0.000      -nan       -nan       -nan       nan        nan        nan        nan        -13.068    0.000000e+00 


fr              MODE       IOX        СКОР       СКОА       СР         СА         СУ         AED        AEAZ       RED        REAZ       IG         TEC       
8.0520          E          0          0.000      0.000      -nan       -nan       -nan       nan        nan        nan        nan        6.853      1.130000e+17  
8.0520          F1         0          0.000      0.000      -nan       -nan       -nan       nan        nan        nan        nan        6.853      1.130000e+17  
8.0520          F2         0          0.000      0.000      -nan       -nan       -nan       nan        nan        nan        nan        6.853      1.130000e+17 


fr              MODE       IOX        СКОР       СКОА       СР         СА         СУ         AED        AEAZ       RED        REAZ       IG         TEC       
8.0520          E          0          0.000      0.000      -nan       -nan       -nan       nan        nan        nan        nan        -13.068    0.000000e+00  
8.0520          F1         0          0.000      0.000      -nan       -nan       -nan       nan        nan        nan        nan        -13.068    0.000000e+00  
8.0520          F2         0          0.000      0.000      -nan       -nan       -nan       nan        nan        nan        nan        -13.068    0.000000e+00 


fr              MODE       IOX        СКОР       СКОА       СР         СА         СУ         AED        AEAZ       RED        REAZ       IG         TEC       
8.0520          E          0          0.000      0.000      -nan       -nan       -nan       nan        nan        nan        nan        6.853      1.130000e+17  
8.0520          F1         0          0.000      0.000      -nan       -nan       -nan       nan        nan        nan        nan        6.853      1.130000e+17  
8.0520          F2         0          0.000      0.000      -nan       -nan       -nan       nan        nan        nan        nan        6.853      1.130000e+17 


fr              MODE       IOX        СКОР       СКОА       СР         СА         СУ         AED        AEAZ       RED        REAZ       IG         TEC       
8.0520          E          0          0.000      0.000      -nan       -nan       -nan       nan        nan        nan        nan        -13.068    0.000000e+00  
8.0520          F1         0          0.000      0.000      -nan       -nan       -nan       nan        nan        nan        nan        -13.068    0.000000e+00  
8.0520          F2         0          0.000      0.000      -nan       -nan       -nan       nan        nan        nan        nan        -13.068    0.000000e+00 


fr              MODE       IOX        СКОР       СКОА       СР         СА         СУ         AED        AEAZ       RED        REAZ       IG         TEC       
8.0520          E          0          124.217    0.437      916.049    215.758    10.591     73.951     0.242      7.470      0.112      6.853      1.130000e+17  
8.0520          F1         0          124.217    0.437      916.049    215.758    10.591     73.951     0.242      7.470      0.112      6.853      1.130000e+17  
8.0520          F2         0          140.742    1.689      867.300    215.935    25.177     122.700    0.065      12.394     0.030      6.853      1.130000e+17 


fr              MODE       IOX        СКОР       СКОА       СР         СА         СУ         AED        AEAZ       RED        REAZ       IG         TEC       
8.0520          E          0          123.742    0.437      916.905    215.758    10.592     73.095     0.242      7.383      0.112      -13.068    0.000000e+00  
8.0520          F1         0          123.742    0.437      916.905    215.758    10.592     73.095     0.242      7.383      0.112      -13.068    0.000000e+00  
8.0520          F2         0          23.789     0.827      985.226    216.463    25.295     4.774      0.463      0.482      0.214      -13.068    0.000000e+00 


fr              MODE       IOX        СКОР       СКОА       СР         СА         СУ         AED        AEAZ       RED        REAZ       IG         TEC       
8.0520          E          0          124.217    0.437      916.049    215.758    10.591     73.951     0.242      7.470      0.112      6.853      1.130000e+17  
8.0520          F1         0          124.217    0.437      916.049    215.758    10.591     73.951     0.242      7.470      0.112      6.853      1.130000e+17  
8.0520          F2         0          140.742    1.689      867.300    215.935    25.177     122.700    0.065      12.394     0.030      6.853      1.130000e+17 


fr              MODE       IOX        СКОР       СКОА       СР         СА         СУ         AED        AEAZ       RED        REAZ       IG         TEC       
8.0520          E          0          123.742    0.437      916.905    215.758    10.592     73.095     0.242      7.383      0.112      -13.068    0.000000e+00  
8.0520          F1         0          123.742    0.437      916.905    215.758    10.592     73.095     0.242      7.383      0.112      -13.068    0.000000e+00  
8.0520          F2         0          23.789     0.827      985.226    216.463    25.295     4.774      0.463      0.482      0.214      -13.068    0.000000e+00 


fr              MODE       IOX        СКОР       СКОА       СР         СА         СУ         AED        AEAZ       RED        REAZ       IG         TEC       
8.0520          E          0          0.000      0.000      -nan       -nan       -nan       nan        nan        nan        nan        6.853      1.130000e+17  
8.0520          F1         0          0.000      0.000      -nan       -nan       -nan       nan        nan        nan        nan        6.853      1.130000e+17  
8.0520          F2         0          0.000      0.000      -nan       -nan       -nan       nan        nan        nan        nan        6.853      1.130000e+17 


fr              MODE       IOX        СКОР       СКОА       СР         СА         СУ         AED        AEAZ       RED        REAZ       IG         TEC       
8.0520          E          0          0.000      0.000      -nan       -nan       -nan       nan        nan        nan        nan        -13.068    0.000000e+00  
8.0520          F1         0          0.000      0.000      -nan       -nan       -nan       nan        nan        nan        nan        -13.068    0.000000e+00  
8.0520          F2         0          0.000      0.000      -nan       -nan       -nan       nan        nan        nan        nan        -13.068    0.000000e+00 


fr              MODE       IOX        СКОР       СКОА       СР         СА         СУ         AED        AEAZ       RED        REAZ       IG         TEC       
8.0520          E          0          247.496    0.590      794.930    215.710    14.060     195.070    0.290      19.704     0.134      6.853      1.130000e+17  
8.0520          F1         0          247.496    0.590      794.930    215.710    14.060     195.070    0.290      19.704     0.134      6.853      1.130000e+17  
8.0520          F2         0          777.075    2.028      1187.037   215.839    25.206     197.037    0.161      19.903     0.074      6.853      1.130000e+17 


fr              MODE       IOX        СКОР       СКОА       СР         СА         СУ         AED        AEAZ       RED        REAZ       IG         TEC       
8.0520          E          0          246.980    0.590      795.705    215.710    14.061     194.295    0.290      19.626     0.134      -13.068    0.000000e+00  
8.0520          F1         0          246.980    0.590      795.705    215.710    14.061     194.295    0.290      19.626     0.134      -13.068    0.000000e+00  
8.0520          F2         0          931.087    2.072      1465.336   215.927    25.073     475.336    0.073      48.014     0.034      -13.068    0.000000e+00 


