fr              MODE       IOX        СКОР       СКОА       СР         СА         СУ         AED        AEAZ       RED        REAZ       IG         TEC       
8.0520          E          0          218.121    137.216    921.732    215.587    11.110     141.068    137.213    13.273     38.893     28.525     1.090000e+17  
8.0520          F1         0          218.121    137.216    921.732    215.587    11.110     141.068    137.213    13.273     38.893     28.525     1.090000e+17  
8.0520          F2         0          141.275    137.627    955.673    215.175    23.230     107.127    137.625    10.080     39.009     28.525     1.090000e+17 


fr              MODE       IOX        СКОР       СКОА       СР         СА         СУ         AED        AEAZ       RED        REAZ       IG         TEC       
8.0520          E          0          215.148    137.216    928.373    215.587    11.110     134.427    137.213    12.648     38.893     -13.068    0.000000e+00  
8.0520          F1         0          215.148    137.216    928.373    215.587    11.110     134.427    137.213    12.648     38.893     -13.068    0.000000e+00  
8.0520          F2         0          141.219    137.378    986.254    215.423    22.479     76.546     137.377    7.202      38.939     -13.068    0.000000e+00 


fr              MODE       IOX        СКОР       СКОА       СР         СА         СУ         AED        AEAZ       RED        REAZ       IG         TEC       
8.0520          E          0          130.210    137.243    1000.239   215.560    9.210      62.561     137.240    5.886      38.900     28.525     1.090000e+17  
8.0520          F1         0          130.210    137.243    1000.239   215.560    9.210      62.561     137.240    5.886      38.900     28.525     1.090000e+17  
8.0520          F2         0          117.824    137.672    972.420    215.131    23.519     90.380     137.669    8.504      39.022     28.525     1.090000e+17 


fr              MODE       IOX        СКОР       СКОА       СР         СА         СУ         AED        AEAZ       RED        REAZ       IG         TEC       
8.0520          E          0          127.258    137.243    1007.948   215.560    9.211      54.852     137.240    5.161      38.900     -13.068    0.000000e+00  
8.0520          F1         0          127.258    137.243    1007.948   215.560    9.211      54.852     137.240    5.161      38.900     -13.068    0.000000e+00  
8.0520          F2         0          97.962     137.444    1021.568   215.358    22.994     41.232     137.442    3.880      38.957     -13.068    0.000000e+00 


fr              MODE       IOX        СКОР       СКОА       СР         СА         СУ         AED        AEAZ       RED        REAZ       IG         TEC       
8.0520          E          0          130.210    137.243    1000.239   215.560    9.210      62.561     137.240    5.886      38.900     28.525     1.090000e+17  
8.0520          F1         0          130.210    137.243    1000.239   215.560    9.210      62.561     137.240    5.886      38.900     28.525     1.090000e+17  
8.0520          F2         0          117.824    137.672    972.420    215.131    23.519     90.380     137.669    8.504      39.022     28.525     1.090000e+17 


fr              MODE       IOX        СКОР       СКОА       СР         СА         СУ         AED        AEAZ       RED        REAZ       IG         TEC       
8.0520          E          0          127.258    137.243    1007.948   215.560    9.211      54.852     137.240    5.161      38.900     -13.068    0.000000e+00  
8.0520          F1         0          127.258    137.243    1007.948   215.560    9.211      54.852     137.240    5.161      38.900     -13.068    0.000000e+00  
8.0520          F2         0          97.962     137.444    1021.568   215.358    22.994     41.232     137.442    3.880      38.957     -13.068    0.000000e+00 


fr              MODE       IOX        СКОР       СКОА       СР         СА         СУ         AED        AEAZ       RED        REAZ       IG         TEC       
8.0520          E          0          130.210    137.243    1000.239   215.560    9.210      62.561     137.240    5.886      38.900     28.525     1.090000e+17  
8.0520          F1         0          130.210    137.243    1000.239   215.560    9.210      62.561     137.240    5.886      38.900     28.525     1.090000e+17  
8.0520          F2         0          117.824    137.672    972.420    215.131    23.519     90.380     137.669    8.504      39.022     28.525     1.090000e+17 


fr              MODE       IOX        СКОР       СКОА       СР         СА         СУ         AED        AEAZ       RED        REAZ       IG         TEC       
8.0520          E          0          127.258    137.243    1007.948   215.560    9.211      54.852     137.240    5.161      38.900     -13.068    0.000000e+00  
8.0520          F1         0          127.258    137.243    1007.948   215.560    9.211      54.852     137.240    5.161      38.900     -13.068    0.000000e+00  
8.0520          F2         0          97.962     137.444    1021.568   215.358    22.994     41.232     137.442    3.880      38.957     -13.068    0.000000e+00 


fr              MODE       IOX        СКОР       СКОА       СР         СА         СУ         AED        AEAZ       RED        REAZ       IG         TEC       
8.0520          E          0          0.000      0.000      -nan       -nan       -nan       nan        nan        nan        nan        12.424     1.090000e+17  
8.0520          F1         0          0.000      0.000      -nan       -nan       -nan       nan        nan        nan        nan        12.424     1.090000e+17  
8.0520          F2         0          0.000      0.000      -nan       -nan       -nan       nan        nan        nan        nan        12.424     1.090000e+17 


fr              MODE       IOX        СКОР       СКОА       СР         СА         СУ         AED        AEAZ       RED        REAZ       IG         TEC       
8.0520          E          0          0.000      0.000      -nan       -nan       -nan       nan        nan        nan        nan        -13.068    0.000000e+00  
8.0520          F1         0          0.000      0.000      -nan       -nan       -nan       nan        nan        nan        nan        -13.068    0.000000e+00  
8.0520          F2         0          0.000      0.000      -nan       -nan       -nan       nan        nan        nan        nan        -13.068    0.000000e+00 


fr              MODE       IOX        СКОР       СКОА       СР         СА         СУ         AED        AEAZ       RED        REAZ       IG         TEC       
8.0520          E          0          0.000      0.000      -nan       -nan       -nan       nan        nan        nan        nan        12.424     1.090000e+17  
8.0520          F1         0          0.000      0.000      -nan       -nan       -nan       nan        nan        nan        nan        12.424     1.090000e+17  
8.0520          F2         0          0.000      0.000      -nan       -nan       -nan       nan        nan        nan        nan        12.424     1.090000e+17 


fr              MODE       IOX        СКОР       СКОА       СР         СА         СУ         AED        AEAZ       RED        REAZ       IG         TEC       
8.0520          E          0          0.000      0.000      -nan       -nan       -nan       nan        nan        nan        nan        -13.068    0.000000e+00  
8.0520          F1         0          0.000      0.000      -nan       -nan       -nan       nan        nan        nan        nan        -13.068    0.000000e+00  
8.0520          F2         0          0.000      0.000      -nan       -nan       -nan       nan        nan        nan        nan        -13.068    0.000000e+00 


fr              MODE       IOX        СКОР       СКОА       СР         СА         СУ         AED        AEAZ       RED        REAZ       IG         TEC       
8.0520          E          0          0.000      0.000      -nan       -nan       -nan       nan        nan        nan        nan        12.424     1.090000e+17  
8.0520          F1         0          0.000      0.000      -nan       -nan       -nan       nan        nan        nan        nan        12.424     1.090000e+17  
8.0520          F2         0          0.000      0.000      -nan       -nan       -nan       nan        nan        nan        nan        12.424     1.090000e+17 


fr              MODE       IOX        СКОР       СКОА       СР         СА         СУ         AED        AEAZ       RED        REAZ       IG         TEC       
8.0520          E          0          0.000      0.000      -nan       -nan       -nan       nan        nan        nan        nan        -13.068    0.000000e+00  
8.0520          F1         0          0.000      0.000      -nan       -nan       -nan       nan        nan        nan        nan        -13.068    0.000000e+00  
8.0520          F2         0          0.000      0.000      -nan       -nan       -nan       nan        nan        nan        nan        -13.068    0.000000e+00 


fr              MODE       IOX        СКОР       СКОА       СР         СА         СУ         AED        AEAZ       RED        REAZ       IG         TEC       
8.0520          E          0          101.100    0.972      957.336    215.550    9.944      32.664     0.450      3.299      0.208      12.424     1.090000e+17  
8.0520          F1         0          101.100    0.972      957.336    215.550    9.944      32.664     0.450      3.299      0.208      12.424     1.090000e+17  
8.0520          F2         0          78.419     1.238      966.486    215.286    23.897     23.514     0.714      2.375      0.331      12.424     1.090000e+17 


fr              MODE       IOX        СКОР       СКОА       СР         СА         СУ         AED        AEAZ       RED        REAZ       IG         TEC       
8.0520          E          0          100.434    0.972      959.966    215.550    9.943      30.034     0.450      3.034      0.208      -13.068    0.000000e+00  
8.0520          F1         0          100.434    0.972      959.966    215.550    9.943      30.034     0.450      3.034      0.208      -13.068    0.000000e+00  
8.0520          F2         0          136.225    1.315      1075.713   215.069    23.105     85.713     0.931      8.658      0.431      -13.068    0.000000e+00 


fr              MODE       IOX        СКОР       СКОА       СР         СА         СУ         AED        AEAZ       RED        REAZ       IG         TEC       
8.0520          E          0          101.100    0.972      957.336    215.550    9.944      32.664     0.450      3.299      0.208      12.424     1.090000e+17  
8.0520          F1         0          101.100    0.972      957.336    215.550    9.944      32.664     0.450      3.299      0.208      12.424     1.090000e+17  
8.0520          F2         0          78.419     1.238      966.486    215.286    23.897     23.514     0.714      2.375      0.331      12.424     1.090000e+17 


fr              MODE       IOX        СКОР       СКОА       СР         СА         СУ         AED        AEAZ       RED        REAZ       IG         TEC       
8.0520          E          0          100.434    0.972      959.966    215.550    9.943      30.034     0.450      3.034      0.208      -13.068    0.000000e+00  
8.0520          F1         0          100.434    0.972      959.966    215.550    9.943      30.034     0.450      3.034      0.208      -13.068    0.000000e+00  
8.0520          F2         0          136.225    1.315      1075.713   215.069    23.105     85.713     0.931      8.658      0.431      -13.068    0.000000e+00 


fr              MODE       IOX        СКОР       СКОА       СР         СА         СУ         AED        AEAZ       RED        REAZ       IG         TEC       
8.0520          E          0          0.000      0.000      -nan       -nan       -nan       nan        nan        nan        nan        12.424     1.090000e+17  
8.0520          F1         0          0.000      0.000      -nan       -nan       -nan       nan        nan        nan        nan        12.424     1.090000e+17  
8.0520          F2         0          0.000      0.000      -nan       -nan       -nan       nan        nan        nan        nan        12.424     1.090000e+17 


fr              MODE       IOX        СКОР       СКОА       СР         СА         СУ         AED        AEAZ       RED        REAZ       IG         TEC       
8.0520          E          0          0.000      0.000      -nan       -nan       -nan       nan        nan        nan        nan        -13.068    0.000000e+00  
8.0520          F1         0          0.000      0.000      -nan       -nan       -nan       nan        nan        nan        nan        -13.068    0.000000e+00  
8.0520          F2         0          0.000      0.000      -nan       -nan       -nan       nan        nan        nan        nan        -13.068    0.000000e+00 


fr              MODE       IOX        СКОР       СКОА       СР         СА         СУ         AED        AEAZ       RED        REAZ       IG         TEC       
8.0520          E          0          178.078    0.932      928.074    215.586    11.069     61.926     0.414      6.255      0.191      12.424     1.090000e+17  
8.0520          F1         0          178.078    0.932      928.074    215.586    11.069     61.926     0.414      6.255      0.191      12.424     1.090000e+17  
8.0520          F2         0          78.419     1.238      966.486    215.286    23.897     23.514     0.714      2.375      0.331      12.424     1.090000e+17 


fr              MODE       IOX        СКОР       СКОА       СР         СА         СУ         AED        AEAZ       RED        REAZ       IG         TEC       
8.0520          E          0          177.863    0.932      930.429    215.586    11.067     59.571     0.414      6.017      0.191      -13.068    0.000000e+00  
8.0520          F1         0          177.863    0.932      930.429    215.586    11.067     59.571     0.414      6.017      0.191      -13.068    0.000000e+00  
8.0520          F2         0          148.791    1.269      1088.987   215.118    22.912     98.987     0.882      9.999      0.408      -13.068    0.000000e+00 


