fr              MODE       IOX        СКОР       СКОА       СР         СА         СУ         AED        AEAZ       RED        REAZ       IG         TEC       
8.0520          E          0          282.648    137.205    791.389    215.603    13.122     271.411    137.197    25.537     38.888     11.911     9.800000e+16  
8.0520          F1         0          282.648    137.205    791.389    215.603    13.122     271.411    137.197    25.537     38.888     11.911     9.800000e+16  
8.0520          F2         0          237.555    135.882    828.043    216.921    27.734     234.757    135.879    22.089     38.514     11.911     9.800000e+16 


fr              MODE       IOX        СКОР       СКОА       СР         СА         СУ         AED        AEAZ       RED        REAZ       IG         TEC       
8.0520          E          0          280.400    137.205    793.824    215.603    13.122     268.976    137.197    25.308     38.888     -13.068    0.000000e+00  
8.0520          F1         0          280.400    137.205    793.824    215.603    13.122     268.976    137.197    25.308     38.888     -13.068    0.000000e+00  
8.0520          F2         0          117.336    135.907    950.092    216.897    27.471     112.708    135.903    10.605     38.521     -13.068    0.000000e+00 


fr              MODE       IOX        СКОР       СКОА       СР         СА         СУ         AED        AEAZ       RED        REAZ       IG         TEC       
8.0520          E          0          176.864    137.173    895.590    215.629    10.741     167.210    137.171    15.733     38.881     11.911     9.800000e+16  
8.0520          F1         0          176.864    137.173    895.590    215.629    10.741     167.210    137.171    15.733     38.881     11.911     9.800000e+16  
8.0520          F2         0          193.322    135.520    873.756    217.280    29.018     189.044    135.520    17.787     38.413     11.911     9.800000e+16 


fr              MODE       IOX        СКОР       СКОА       СР         СА         СУ         AED        AEAZ       RED        REAZ       IG         TEC       
8.0520          E          0          174.372    137.173    898.322    215.629    10.742     164.478    137.171    15.476     38.881     -13.068    0.000000e+00  
8.0520          F1         0          174.372    137.173    898.322    215.629    10.742     164.478    137.171    15.476     38.881     -13.068    0.000000e+00  
8.0520          F2         0          117.336    135.907    950.092    216.897    27.471     112.708    135.903    10.605     38.521     -13.068    0.000000e+00 


fr              MODE       IOX        СКОР       СКОА       СР         СА         СУ         AED        AEAZ       RED        REAZ       IG         TEC       
8.0520          E          0          176.864    137.173    895.590    215.629    10.741     167.210    137.171    15.733     38.881     11.911     9.800000e+16  
8.0520          F1         0          176.864    137.173    895.590    215.629    10.741     167.210    137.171    15.733     38.881     11.911     9.800000e+16  
8.0520          F2         0          193.322    135.520    873.756    217.280    29.018     189.044    135.520    17.787     38.413     11.911     9.800000e+16 


fr              MODE       IOX        СКОР       СКОА       СР         СА         СУ         AED        AEAZ       RED        REAZ       IG         TEC       
8.0520          E          0          174.372    137.173    898.322    215.629    10.742     164.478    137.171    15.476     38.881     -13.068    0.000000e+00  
8.0520          F1         0          174.372    137.173    898.322    215.629    10.742     164.478    137.171    15.476     38.881     -13.068    0.000000e+00  
8.0520          F2         0          117.336    135.907    950.092    216.897    27.471     112.708    135.903    10.605     38.521     -13.068    0.000000e+00 


fr              MODE       IOX        СКОР       СКОА       СР         СА         СУ         AED        AEAZ       RED        REAZ       IG         TEC       
8.0520          E          0          176.864    137.173    895.590    215.629    10.741     167.210    137.171    15.733     38.881     11.911     9.800000e+16  
8.0520          F1         0          176.864    137.173    895.590    215.629    10.741     167.210    137.171    15.733     38.881     11.911     9.800000e+16  
8.0520          F2         0          193.322    135.520    873.756    217.280    29.018     189.044    135.520    17.787     38.413     11.911     9.800000e+16 


fr              MODE       IOX        СКОР       СКОА       СР         СА         СУ         AED        AEAZ       RED        REAZ       IG         TEC       
8.0520          E          0          174.372    137.173    898.322    215.629    10.742     164.478    137.171    15.476     38.881     -13.068    0.000000e+00  
8.0520          F1         0          174.372    137.173    898.322    215.629    10.742     164.478    137.171    15.476     38.881     -13.068    0.000000e+00  
8.0520          F2         0          117.336    135.907    950.092    216.897    27.471     112.708    135.903    10.605     38.521     -13.068    0.000000e+00 


fr              MODE       IOX        СКОР       СКОА       СР         СА         СУ         AED        AEAZ       RED        REAZ       IG         TEC       
8.0520          E          0          0.000      0.000      -nan       -nan       -nan       nan        nan        nan        nan        -13.068    9.800000e+16  
8.0520          F1         0          0.000      0.000      -nan       -nan       -nan       nan        nan        nan        nan        -13.068    9.800000e+16  
8.0520          F2         0          0.000      0.000      -nan       -nan       -nan       nan        nan        nan        nan        -13.068    9.800000e+16 


fr              MODE       IOX        СКОР       СКОА       СР         СА         СУ         AED        AEAZ       RED        REAZ       IG         TEC       
8.0520          E          0          0.000      0.000      -nan       -nan       -nan       nan        nan        nan        nan        -13.068    0.000000e+00  
8.0520          F1         0          0.000      0.000      -nan       -nan       -nan       nan        nan        nan        nan        -13.068    0.000000e+00  
8.0520          F2         0          0.000      0.000      -nan       -nan       -nan       nan        nan        nan        nan        -13.068    0.000000e+00 


fr              MODE       IOX        СКОР       СКОА       СР         СА         СУ         AED        AEAZ       RED        REAZ       IG         TEC       
8.0520          E          0          0.000      0.000      -nan       -nan       -nan       nan        nan        nan        nan        -13.068    9.800000e+16  
8.0520          F1         0          0.000      0.000      -nan       -nan       -nan       nan        nan        nan        nan        -13.068    9.800000e+16  
8.0520          F2         0          0.000      0.000      -nan       -nan       -nan       nan        nan        nan        nan        -13.068    9.800000e+16 


fr              MODE       IOX        СКОР       СКОА       СР         СА         СУ         AED        AEAZ       RED        REAZ       IG         TEC       
8.0520          E          0          0.000      0.000      -nan       -nan       -nan       nan        nan        nan        nan        -13.068    0.000000e+00  
8.0520          F1         0          0.000      0.000      -nan       -nan       -nan       nan        nan        nan        nan        -13.068    0.000000e+00  
8.0520          F2         0          0.000      0.000      -nan       -nan       -nan       nan        nan        nan        nan        -13.068    0.000000e+00 


fr              MODE       IOX        СКОР       СКОА       СР         СА         СУ         AED        AEAZ       RED        REAZ       IG         TEC       
8.0520          E          0          0.000      0.000      -nan       -nan       -nan       nan        nan        nan        nan        -13.068    9.800000e+16  
8.0520          F1         0          0.000      0.000      -nan       -nan       -nan       nan        nan        nan        nan        -13.068    9.800000e+16  
8.0520          F2         0          0.000      0.000      -nan       -nan       -nan       nan        nan        nan        nan        -13.068    9.800000e+16 


fr              MODE       IOX        СКОР       СКОА       СР         СА         СУ         AED        AEAZ       RED        REAZ       IG         TEC       
8.0520          E          0          0.000      0.000      -nan       -nan       -nan       nan        nan        nan        nan        -13.068    0.000000e+00  
8.0520          F1         0          0.000      0.000      -nan       -nan       -nan       nan        nan        nan        nan        -13.068    0.000000e+00  
8.0520          F2         0          0.000      0.000      -nan       -nan       -nan       nan        nan        nan        nan        -13.068    0.000000e+00 


fr              MODE       IOX        СКОР       СКОА       СР         СА         СУ         AED        AEAZ       RED        REAZ       IG         TEC       
8.0520          E          0          92.022     0.921      908.570    215.729    12.425     81.430     0.271      8.225      0.125      -13.068    9.800000e+16  
8.0520          F1         0          92.022     0.921      908.570    215.729    12.425     81.430     0.271      8.225      0.125      -13.068    9.800000e+16  
8.0520          F2         0          118.368    1.884      924.332    215.939    16.577     65.668     0.061      6.633      0.028      -13.068    9.800000e+16 


fr              MODE       IOX        СКОР       СКОА       СР         СА         СУ         AED        AEAZ       RED        REAZ       IG         TEC       
8.0520          E          0          149.362    0.868      850.182    215.710    11.839     139.818    0.290      14.123     0.134      -13.068    0.000000e+00  
8.0520          F1         0          149.362    0.868      850.182    215.710    11.839     139.818    0.290      14.123     0.134      -13.068    0.000000e+00  
8.0520          F2         0          128.641    1.369      976.597    217.299    24.479     13.403     1.299      1.354      0.601      -13.068    0.000000e+00 


fr              MODE       IOX        СКОР       СКОА       СР         СА         СУ         AED        AEAZ       RED        REAZ       IG         TEC       
8.0520          E          0          92.022     0.921      908.570    215.729    12.425     81.430     0.271      8.225      0.125      -13.068    9.800000e+16  
8.0520          F1         0          92.022     0.921      908.570    215.729    12.425     81.430     0.271      8.225      0.125      -13.068    9.800000e+16  
8.0520          F2         0          118.368    1.884      924.332    215.939    16.577     65.668     0.061      6.633      0.028      -13.068    9.800000e+16 


fr              MODE       IOX        СКОР       СКОА       СР         СА         СУ         AED        AEAZ       RED        REAZ       IG         TEC       
8.0520          E          0          149.362    0.868      850.182    215.710    11.839     139.818    0.290      14.123     0.134      -13.068    0.000000e+00  
8.0520          F1         0          149.362    0.868      850.182    215.710    11.839     139.818    0.290      14.123     0.134      -13.068    0.000000e+00  
8.0520          F2         0          128.641    1.369      976.597    217.299    24.479     13.403     1.299      1.354      0.601      -13.068    0.000000e+00 


fr              MODE       IOX        СКОР       СКОА       СР         СА         СУ         AED        AEAZ       RED        REAZ       IG         TEC       
8.0520          E          0          0.000      0.000      -nan       -nan       -nan       nan        nan        nan        nan        -13.068    9.800000e+16  
8.0520          F1         0          0.000      0.000      -nan       -nan       -nan       nan        nan        nan        nan        -13.068    9.800000e+16  
8.0520          F2         0          0.000      0.000      -nan       -nan       -nan       nan        nan        nan        nan        -13.068    9.800000e+16 


fr              MODE       IOX        СКОР       СКОА       СР         СА         СУ         AED        AEAZ       RED        REAZ       IG         TEC       
8.0520          E          0          0.000      0.000      -nan       -nan       -nan       nan        nan        nan        nan        -13.068    0.000000e+00  
8.0520          F1         0          0.000      0.000      -nan       -nan       -nan       nan        nan        nan        nan        -13.068    0.000000e+00  
8.0520          F2         0          0.000      0.000      -nan       -nan       -nan       nan        nan        nan        nan        -13.068    0.000000e+00 


fr              MODE       IOX        СКОР       СКОА       СР         СА         СУ         AED        AEAZ       RED        REAZ       IG         TEC       
8.0520          E          0          95.764     0.932      911.098    215.743    12.385     78.902     0.257      7.970      0.119      -13.068    9.800000e+16  
8.0520          F1         0          95.764     0.932      911.098    215.743    12.385     78.902     0.257      7.970      0.119      -13.068    9.800000e+16  
8.0520          F2         0          165.879    2.431      898.909    215.440    16.462     91.091     0.560      9.201      0.259      -13.068    9.800000e+16 


fr              MODE       IOX        СКОР       СКОА       СР         СА         СУ         AED        AEAZ       RED        REAZ       IG         TEC       
8.0520          E          0          197.598    1.474      807.024    215.630    13.019     182.976    0.370      18.482     0.171      -13.068    0.000000e+00  
8.0520          F1         0          197.598    1.474      807.024    215.630    13.019     182.976    0.370      18.482     0.171      -13.068    0.000000e+00  
8.0520          F2         0          176.066    3.011      911.780    216.006    23.177     78.220     0.006      7.901      0.003      -13.068    0.000000e+00 


