fr              MODE       IOX        СКОР       СКОА       СР         СА         СУ         AED        AEAZ       RED        REAZ       IG         TEC       
8.0520          E          0          183.015    137.111    943.460    215.690    10.784     119.340    137.110    11.229     38.863     28.715     1.050000e+17  
8.0520          F1         0          183.015    137.111    943.460    215.690    10.784     119.340    137.110    11.229     38.863     28.715     1.050000e+17  
8.0520          F2         0          1254.365   137.770    2317.151   215.031    23.578     1254.351   137.769    118.023    39.050     28.715     1.050000e+17 


fr              MODE       IOX        СКОР       СКОА       СР         СА         СУ         AED        AEAZ       RED        REAZ       IG         TEC       
8.0520          E          0          179.980    137.105    950.902    215.695    10.707     111.898    137.105    10.529     38.862     -13.068    0.000000e+00  
8.0520          F1         0          179.980    137.105    950.902    215.695    10.707     111.898    137.105    10.529     38.862     -13.068    0.000000e+00  
8.0520          F2         0          1001.011   137.785    1938.281   215.016    23.454     875.481    137.784    82.375     39.054     -13.068    0.000000e+00 


fr              MODE       IOX        СКОР       СКОА       СР         СА         СУ         AED        AEAZ       RED        REAZ       IG         TEC       
8.0520          E          0          121.248    137.015    1003.311   215.786    9.441      59.489     137.014    5.597      38.836     28.715     1.050000e+17  
8.0520          F1         0          121.248    137.015    1003.311   215.786    9.441      59.489     137.014    5.597      38.836     28.715     1.050000e+17  
8.0520          F2         0          0.000      0.000      -nan       -nan       -nan       nan        nan        nan        nan        28.715     1.050000e+17 


fr              MODE       IOX        СКОР       СКОА       СР         СА         СУ         AED        AEAZ       RED        REAZ       IG         TEC       
8.0520          E          0          119.342    137.009    1010.808   215.792    9.389      51.992     137.008    4.892      38.835     -13.068    0.000000e+00  
8.0520          F1         0          119.342    137.009    1010.808   215.792    9.389      51.992     137.008    4.892      38.835     -13.068    0.000000e+00  
8.0520          F2         0          90.540     138.216    972.260    214.584    18.035     90.540     138.216    8.519      39.177     -13.068    0.000000e+00 


fr              MODE       IOX        СКОР       СКОА       СР         СА         СУ         AED        AEAZ       RED        REAZ       IG         TEC       
8.0520          E          0          121.248    137.015    1003.311   215.786    9.441      59.489     137.014    5.597      38.836     28.715     1.050000e+17  
8.0520          F1         0          121.248    137.015    1003.311   215.786    9.441      59.489     137.014    5.597      38.836     28.715     1.050000e+17  
8.0520          F2         0          0.000      0.000      -nan       -nan       -nan       nan        nan        nan        nan        28.715     1.050000e+17 


fr              MODE       IOX        СКОР       СКОА       СР         СА         СУ         AED        AEAZ       RED        REAZ       IG         TEC       
8.0520          E          0          119.342    137.009    1010.808   215.792    9.389      51.992     137.008    4.892      38.835     -13.068    0.000000e+00  
8.0520          F1         0          119.342    137.009    1010.808   215.792    9.389      51.992     137.008    4.892      38.835     -13.068    0.000000e+00  
8.0520          F2         0          90.540     138.216    972.260    214.584    18.035     90.540     138.216    8.519      39.177     -13.068    0.000000e+00 


fr              MODE       IOX        СКОР       СКОА       СР         СА         СУ         AED        AEAZ       RED        REAZ       IG         TEC       
8.0520          E          0          0.000      0.000      -nan       -nan       -nan       nan        nan        nan        nan        16.762     1.050000e+17  
8.0520          F1         0          0.000      0.000      -nan       -nan       -nan       nan        nan        nan        nan        16.762     1.050000e+17  
8.0520          F2         0          0.000      0.000      -nan       -nan       -nan       nan        nan        nan        nan        16.762     1.050000e+17 


fr              MODE       IOX        СКОР       СКОА       СР         СА         СУ         AED        AEAZ       RED        REAZ       IG         TEC       
8.0520          E          0          0.000      0.000      -nan       -nan       -nan       nan        nan        nan        nan        -13.068    0.000000e+00  
8.0520          F1         0          0.000      0.000      -nan       -nan       -nan       nan        nan        nan        nan        -13.068    0.000000e+00  
8.0520          F2         0          0.000      0.000      -nan       -nan       -nan       nan        nan        nan        nan        -13.068    0.000000e+00 


fr              MODE       IOX        СКОР       СКОА       СР         СА         СУ         AED        AEAZ       RED        REAZ       IG         TEC       
8.0520          E          0          0.000      0.000      -nan       -nan       -nan       nan        nan        nan        nan        16.762     1.050000e+17  
8.0520          F1         0          0.000      0.000      -nan       -nan       -nan       nan        nan        nan        nan        16.762     1.050000e+17  
8.0520          F2         0          0.000      0.000      -nan       -nan       -nan       nan        nan        nan        nan        16.762     1.050000e+17 


fr              MODE       IOX        СКОР       СКОА       СР         СА         СУ         AED        AEAZ       RED        REAZ       IG         TEC       
8.0520          E          0          0.000      0.000      -nan       -nan       -nan       nan        nan        nan        nan        -13.068    0.000000e+00  
8.0520          F1         0          0.000      0.000      -nan       -nan       -nan       nan        nan        nan        nan        -13.068    0.000000e+00  
8.0520          F2         0          0.000      0.000      -nan       -nan       -nan       nan        nan        nan        nan        -13.068    0.000000e+00 


fr              MODE       IOX        СКОР       СКОА       СР         СА         СУ         AED        AEAZ       RED        REAZ       IG         TEC       
8.0520          E          0          0.000      0.000      -nan       -nan       -nan       nan        nan        nan        nan        16.762     1.050000e+17  
8.0520          F1         0          0.000      0.000      -nan       -nan       -nan       nan        nan        nan        nan        16.762     1.050000e+17  
8.0520          F2         0          0.000      0.000      -nan       -nan       -nan       nan        nan        nan        nan        16.762     1.050000e+17 


fr              MODE       IOX        СКОР       СКОА       СР         СА         СУ         AED        AEAZ       RED        REAZ       IG         TEC       
8.0520          E          0          0.000      0.000      -nan       -nan       -nan       nan        nan        nan        nan        -13.068    0.000000e+00  
8.0520          F1         0          0.000      0.000      -nan       -nan       -nan       nan        nan        nan        nan        -13.068    0.000000e+00  
8.0520          F2         0          0.000      0.000      -nan       -nan       -nan       nan        nan        nan        nan        -13.068    0.000000e+00 


fr              MODE       IOX        СКОР       СКОА       СР         СА         СУ         AED        AEAZ       RED        REAZ       IG         TEC       
8.0520          E          0          103.229    0.415      953.430    215.779    10.216     36.570     0.221      3.694      0.102      16.762     1.050000e+17  
8.0520          F1         0          103.229    0.415      953.430    215.779    10.216     36.570     0.221      3.694      0.102      16.762     1.050000e+17  
8.0520          F2         0          64.558     1.824      1023.786   214.503    25.485     33.786     1.497      3.413      0.693      16.762     1.050000e+17 


fr              MODE       IOX        СКОР       СКОА       СР         СА         СУ         AED        AEAZ       RED        REAZ       IG         TEC       
8.0520          E          0          107.330    0.427      951.525    215.767    10.309     38.475     0.233      3.886      0.108      -13.068    0.000000e+00  
8.0520          F1         0          107.330    0.427      951.525    215.767    10.309     38.475     0.233      3.886      0.108      -13.068    0.000000e+00  
8.0520          F2         0          153.124    0.775      1142.036   215.331    24.900     152.036    0.669      15.357     0.310      -13.068    0.000000e+00 


fr              MODE       IOX        СКОР       СКОА       СР         СА         СУ         AED        AEAZ       RED        REAZ       IG         TEC       
8.0520          E          0          103.229    0.415      953.430    215.779    10.216     36.570     0.221      3.694      0.102      16.762     1.050000e+17  
8.0520          F1         0          103.229    0.415      953.430    215.779    10.216     36.570     0.221      3.694      0.102      16.762     1.050000e+17  
8.0520          F2         0          64.558     1.824      1023.786   214.503    25.485     33.786     1.497      3.413      0.693      16.762     1.050000e+17 


fr              MODE       IOX        СКОР       СКОА       СР         СА         СУ         AED        AEAZ       RED        REAZ       IG         TEC       
8.0520          E          0          107.330    0.427      951.525    215.767    10.309     38.475     0.233      3.886      0.108      -13.068    0.000000e+00  
8.0520          F1         0          107.330    0.427      951.525    215.767    10.309     38.475     0.233      3.886      0.108      -13.068    0.000000e+00  
8.0520          F2         0          153.124    0.775      1142.036   215.331    24.900     152.036    0.669      15.357     0.310      -13.068    0.000000e+00 


fr              MODE       IOX        СКОР       СКОА       СР         СА         СУ         AED        AEAZ       RED        REAZ       IG         TEC       
8.0520          E          0          0.000      0.000      -nan       -nan       -nan       nan        nan        nan        nan        16.762     1.050000e+17  
8.0520          F1         0          0.000      0.000      -nan       -nan       -nan       nan        nan        nan        nan        16.762     1.050000e+17  
8.0520          F2         0          0.000      0.000      -nan       -nan       -nan       nan        nan        nan        nan        16.762     1.050000e+17 


fr              MODE       IOX        СКОР       СКОА       СР         СА         СУ         AED        AEAZ       RED        REAZ       IG         TEC       
8.0520          E          0          0.000      0.000      -nan       -nan       -nan       nan        nan        nan        nan        -13.068    0.000000e+00  
8.0520          F1         0          0.000      0.000      -nan       -nan       -nan       nan        nan        nan        nan        -13.068    0.000000e+00  
8.0520          F2         0          0.000      0.000      -nan       -nan       -nan       nan        nan        nan        nan        -13.068    0.000000e+00 


fr              MODE       IOX        СКОР       СКОА       СР         СА         СУ         AED        AEAZ       RED        REAZ       IG         TEC       
8.0520          E          0          149.418    0.520      942.619    215.695    10.768     47.381     0.305      4.786      0.141      16.762     1.050000e+17  
8.0520          F1         0          149.418    0.520      942.619    215.695    10.768     47.381     0.305      4.786      0.141      16.762     1.050000e+17  
8.0520          F2         0          602.422    1.429      1368.240   214.878    22.932     378.240    1.122      38.206     0.520      16.762     1.050000e+17 


fr              MODE       IOX        СКОР       СКОА       СР         СА         СУ         AED        AEAZ       RED        REAZ       IG         TEC       
8.0520          E          0          149.148    0.519      946.314    215.698    10.732     43.686     0.302      4.413      0.140      -13.068    0.000000e+00  
8.0520          F1         0          149.148    0.519      946.314    215.698    10.732     43.686     0.302      4.413      0.140      -13.068    0.000000e+00  
8.0520          F2         0          632.493    1.084      1436.886   215.132    22.953     446.886    0.868      45.140     0.402      -13.068    0.000000e+00 


