fr              MODE       IOX        СКОР       СКОА       СР         СА         СУ         AED        AEAZ       RED        REAZ       IG         TEC       
8.0520          E          0          130.233    137.031    1032.325   215.769    9.674      30.475     137.031    2.867      38.841     32.666     1.010000e+17  
8.0520          F1         0          130.233    137.031    1032.325   215.769    9.674      30.475     137.031    2.867      38.841     32.666     1.010000e+17  
8.0520          F2         0          0.000      0.000      -nan       -nan       -nan       nan        nan        nan        nan        32.666     1.010000e+17 


fr              MODE       IOX        СКОР       СКОА       СР         СА         СУ         AED        AEAZ       RED        REAZ       IG         TEC       
8.0520          E          0          130.265    137.030    1033.144   215.770    9.656      29.656     137.030    2.790      38.841     -13.068    0.000000e+00  
8.0520          F1         0          130.265    137.030    1033.144   215.770    9.656      29.656     137.030    2.790      38.841     -13.068    0.000000e+00  
8.0520          F2         0          0.000      0.000      -nan       -nan       -nan       nan        nan        nan        nan        -13.068    0.000000e+00 


fr              MODE       IOX        СКОР       СКОА       СР         СА         СУ         AED        AEAZ       RED        REAZ       IG         TEC       
8.0520          E          0          115.148    137.013    1022.129   215.788    9.783      40.671     137.012    3.827      38.836     32.666     1.010000e+17  
8.0520          F1         0          115.148    137.013    1022.129   215.788    9.783      40.671     137.012    3.827      38.836     32.666     1.010000e+17  
8.0520          F2         0          0.000      0.000      -nan       -nan       -nan       nan        nan        nan        nan        32.666     1.010000e+17 


fr              MODE       IOX        СКОР       СКОА       СР         СА         СУ         AED        AEAZ       RED        REAZ       IG         TEC       
8.0520          E          0          115.038    137.012    1022.926   215.789    9.766      39.874     137.011    3.752      38.835     -13.068    0.000000e+00  
8.0520          F1         0          115.038    137.012    1022.926   215.789    9.766      39.874     137.011    3.752      38.835     -13.068    0.000000e+00  
8.0520          F2         0          0.000      0.000      -nan       -nan       -nan       nan        nan        nan        nan        -13.068    0.000000e+00 


fr              MODE       IOX        СКОР       СКОА       СР         СА         СУ         AED        AEAZ       RED        REAZ       IG         TEC       
8.0520          E          0          115.148    137.013    1022.129   215.788    9.783      40.671     137.012    3.827      38.836     32.666     1.010000e+17  
8.0520          F1         0          115.148    137.013    1022.129   215.788    9.783      40.671     137.012    3.827      38.836     32.666     1.010000e+17  
8.0520          F2         0          0.000      0.000      -nan       -nan       -nan       nan        nan        nan        nan        32.666     1.010000e+17 


fr              MODE       IOX        СКОР       СКОА       СР         СА         СУ         AED        AEAZ       RED        REAZ       IG         TEC       
8.0520          E          0          115.038    137.012    1022.926   215.789    9.766      39.874     137.011    3.752      38.835     -13.068    0.000000e+00  
8.0520          F1         0          115.038    137.012    1022.926   215.789    9.766      39.874     137.011    3.752      38.835     -13.068    0.000000e+00  
8.0520          F2         0          0.000      0.000      -nan       -nan       -nan       nan        nan        nan        nan        -13.068    0.000000e+00 


fr              MODE       IOX        СКОР       СКОА       СР         СА         СУ         AED        AEAZ       RED        REAZ       IG         TEC       
8.0520          E          0          0.000      0.000      -nan       -nan       -nan       nan        nan        nan        nan        27.148     1.010000e+17  
8.0520          F1         0          0.000      0.000      -nan       -nan       -nan       nan        nan        nan        nan        27.148     1.010000e+17  
8.0520          F2         0          0.000      0.000      -nan       -nan       -nan       nan        nan        nan        nan        27.148     1.010000e+17 


fr              MODE       IOX        СКОР       СКОА       СР         СА         СУ         AED        AEAZ       RED        REAZ       IG         TEC       
8.0520          E          0          0.000      0.000      -nan       -nan       -nan       nan        nan        nan        nan        -13.068    0.000000e+00  
8.0520          F1         0          0.000      0.000      -nan       -nan       -nan       nan        nan        nan        nan        -13.068    0.000000e+00  
8.0520          F2         0          0.000      0.000      -nan       -nan       -nan       nan        nan        nan        nan        -13.068    0.000000e+00 


fr              MODE       IOX        СКОР       СКОА       СР         СА         СУ         AED        AEAZ       RED        REAZ       IG         TEC       
8.0520          E          0          0.000      0.000      -nan       -nan       -nan       nan        nan        nan        nan        27.148     1.010000e+17  
8.0520          F1         0          0.000      0.000      -nan       -nan       -nan       nan        nan        nan        nan        27.148     1.010000e+17  
8.0520          F2         0          0.000      0.000      -nan       -nan       -nan       nan        nan        nan        nan        27.148     1.010000e+17 


fr              MODE       IOX        СКОР       СКОА       СР         СА         СУ         AED        AEAZ       RED        REAZ       IG         TEC       
8.0520          E          0          0.000      0.000      -nan       -nan       -nan       nan        nan        nan        nan        -13.068    0.000000e+00  
8.0520          F1         0          0.000      0.000      -nan       -nan       -nan       nan        nan        nan        nan        -13.068    0.000000e+00  
8.0520          F2         0          0.000      0.000      -nan       -nan       -nan       nan        nan        nan        nan        -13.068    0.000000e+00 


fr              MODE       IOX        СКОР       СКОА       СР         СА         СУ         AED        AEAZ       RED        REAZ       IG         TEC       
8.0520          E          0          0.000      0.000      -nan       -nan       -nan       nan        nan        nan        nan        27.148     1.010000e+17  
8.0520          F1         0          0.000      0.000      -nan       -nan       -nan       nan        nan        nan        nan        27.148     1.010000e+17  
8.0520          F2         0          0.000      0.000      -nan       -nan       -nan       nan        nan        nan        nan        27.148     1.010000e+17 


fr              MODE       IOX        СКОР       СКОА       СР         СА         СУ         AED        AEAZ       RED        REAZ       IG         TEC       
8.0520          E          0          0.000      0.000      -nan       -nan       -nan       nan        nan        nan        nan        -13.068    0.000000e+00  
8.0520          F1         0          0.000      0.000      -nan       -nan       -nan       nan        nan        nan        nan        -13.068    0.000000e+00  
8.0520          F2         0          0.000      0.000      -nan       -nan       -nan       nan        nan        nan        nan        -13.068    0.000000e+00 


fr              MODE       IOX        СКОР       СКОА       СР         СА         СУ         AED        AEAZ       RED        REAZ       IG         TEC       
8.0520          E          0          109.270    0.383      988.333    215.788    10.149     1.667      0.212      0.168      0.098      27.148     1.010000e+17  
8.0520          F1         0          109.270    0.383      988.333    215.788    10.149     1.667      0.212      0.168      0.098      27.148     1.010000e+17  
8.0520          F2         0          0.000      0.000      -nan       -nan       -nan       nan        nan        nan        nan        27.148     1.010000e+17 


fr              MODE       IOX        СКОР       СКОА       СР         СА         СУ         AED        AEAZ       RED        REAZ       IG         TEC       
8.0520          E          0          109.395    0.382      989.639    215.790    10.115     0.361      0.210      0.036      0.097      -13.068    0.000000e+00  
8.0520          F1         0          109.395    0.382      989.639    215.790    10.115     0.361      0.210      0.036      0.097      -13.068    0.000000e+00  
8.0520          F2         0          0.000      0.000      -nan       -nan       -nan       nan        nan        nan        nan        -13.068    0.000000e+00 


fr              MODE       IOX        СКОР       СКОА       СР         СА         СУ         AED        AEAZ       RED        REAZ       IG         TEC       
8.0520          E          0          109.270    0.383      988.333    215.788    10.149     1.667      0.212      0.168      0.098      27.148     1.010000e+17  
8.0520          F1         0          109.270    0.383      988.333    215.788    10.149     1.667      0.212      0.168      0.098      27.148     1.010000e+17  
8.0520          F2         0          0.000      0.000      -nan       -nan       -nan       nan        nan        nan        nan        27.148     1.010000e+17 


fr              MODE       IOX        СКОР       СКОА       СР         СА         СУ         AED        AEAZ       RED        REAZ       IG         TEC       
8.0520          E          0          109.395    0.382      989.639    215.790    10.115     0.361      0.210      0.036      0.097      -13.068    0.000000e+00  
8.0520          F1         0          109.395    0.382      989.639    215.790    10.115     0.361      0.210      0.036      0.097      -13.068    0.000000e+00  
8.0520          F2         0          0.000      0.000      -nan       -nan       -nan       nan        nan        nan        nan        -13.068    0.000000e+00 


fr              MODE       IOX        СКОР       СКОА       СР         СА         СУ         AED        AEAZ       RED        REAZ       IG         TEC       
8.0520          E          0          0.000      0.000      -nan       -nan       -nan       nan        nan        nan        nan        27.148     1.010000e+17  
8.0520          F1         0          0.000      0.000      -nan       -nan       -nan       nan        nan        nan        nan        27.148     1.010000e+17  
8.0520          F2         0          0.000      0.000      -nan       -nan       -nan       nan        nan        nan        nan        27.148     1.010000e+17 


fr              MODE       IOX        СКОР       СКОА       СР         СА         СУ         AED        AEAZ       RED        REAZ       IG         TEC       
8.0520          E          0          0.000      0.000      -nan       -nan       -nan       nan        nan        nan        nan        -13.068    0.000000e+00  
8.0520          F1         0          0.000      0.000      -nan       -nan       -nan       nan        nan        nan        nan        -13.068    0.000000e+00  
8.0520          F2         0          0.000      0.000      -nan       -nan       -nan       nan        nan        nan        nan        -13.068    0.000000e+00 


fr              MODE       IOX        СКОР       СКОА       СР         СА         СУ         AED        AEAZ       RED        REAZ       IG         TEC       
8.0520          E          0          135.835    0.411      1015.605   215.778    9.764      25.605     0.222      2.586      0.103      27.148     1.010000e+17  
8.0520          F1         0          135.835    0.411      1015.605   215.778    9.764      25.605     0.222      2.586      0.103      27.148     1.010000e+17  
8.0520          F2         0          1117.537   0.205      2107.537   215.795    20.571     1117.537   0.205      112.882    0.095      27.148     1.010000e+17 


fr              MODE       IOX        СКОР       СКОА       СР         СА         СУ         AED        AEAZ       RED        REAZ       IG         TEC       
8.0520          E          0          136.238    0.410      1016.932   215.780    9.731      26.932     0.220      2.720      0.102      -13.068    0.000000e+00  
8.0520          F1         0          136.238    0.410      1016.932   215.780    9.731      26.932     0.220      2.720      0.102      -13.068    0.000000e+00  
8.0520          F2         0          1222.865   0.654      2016.095   215.393    21.751     1026.095   0.607      103.646    0.281      -13.068    0.000000e+00 


