
[strDate]   [strTime]   [Frq_rpu]    [Frq_meg]    [Band]  [E]   [S_N] [Att]  [B]     [A]    [S0]  [aIRI0]   [Lat0]  [Lon0]   [S1]  [aIRI1]  [Lat1]  [Lon1]   [S2]  [aIRI2]  [Lat2]  [Lon2] [Sigm] [Time_sec]  [Cource]  [BaseLat]  [BaseLon]  [TypeSignalName]  [DispApd]  [Dopler]  [Delay]
04.04.2019 07:14:12.563   8.05200000   8051.84787   2.26  -71.2   16.7  28.0 17.40  217.4  1493.9  218.54   36.21   29.37  3175.6  219.49   23.22   20.39     0.0  217.39    0.00    0.00    1.5     26052.563     13.50   47.24000   39.71000  "Undefined"       0.0     -152.13  0.00000000
04.04.2019 07:14:35.456   8.05200000   8051.77454   2.26  -69.6   18.3  28.0 18.60  216.7  1448.8  217.94   36.48   29.78  3028.9  218.92   24.27   21.32  3911.6  219.32   17.30   17.23    1.5     26075.456     13.50   47.24000   39.71000  "Undefined"       0.0     -225.46  0.00000000
04.04.2019 07:14:35.456   8.05200000   8051.77454   2.26  -69.6   18.3  28.0 19.20  208.1  1381.9  209.25   36.12   32.23  2787.7  210.19   24.60   26.15  3551.5  210.59   18.29   23.24    1.4     26075.456     13.50   47.24000   39.71000  "Undefined"       0.0     -225.46  0.00000000
04.04.2019 07:15:20.537   8.05200000   8051.78610   2.26  -74.1    9.8  28.0  5.40  218.1  1452.0  218.39   36.51   29.65  3341.1  218.64   21.71   20.04     0.0  218.14    0.00    0.00    1.8     26120.537     13.50   47.24000   39.71000  "Undefined"       0.0     -213.90  0.00000000
04.04.2019 07:15:20.537   8.05200000   8051.78610   2.26  -74.1    9.8  28.0  7.20  217.5  1288.8  217.71   37.68   30.77  2988.2  217.98   24.39   21.92     0.0  217.45    0.00    0.00    1.8     26120.537     13.50   47.24000   39.71000  "Undefined"       0.0     -213.90  0.00000000
04.04.2019 07:15:40.943   8.05200000   8051.75567   2.23  -75.1   12.8  28.0 13.80  216.7   881.8  217.05   40.72   33.41  1782.3  217.27   33.81   28.10  2703.1  217.44   26.56   23.46    1.4     26140.943     13.50   47.24000   39.71000  "Undefined"       0.0     -244.33  0.00000000
04.04.2019 07:15:51.133   8.05200000   8051.77742   2.26  -73.9   10.0  28.0 11.40  213.8  1072.7  214.13   39.02   32.76  2175.7  214.37   30.27   27.06     0.0  213.81    0.00    0.00    2.0     26151.133     13.50   47.24000   39.71000  "Undefined"       0.0     -222.58  0.00000000
04.04.2019 07:16:01.702   8.05200000   8051.65503   2.26  -83.8   16.5  28.0 16.20  214.5  1542.1  215.63   35.49   29.83  2457.9  216.02   28.27   25.16     0.0  214.54    0.00    0.00    1.9     26161.702     13.50   47.24000   39.71000  "Undefined"      69.6     -344.97  0.00000000
04.04.2019 07:16:34.945   8.05200000   8051.54572   2.23  -74.2   14.5  28.0  7.80  215.3  1248.2  215.54   37.78   31.48  2859.9  215.81   24.99   23.44     0.0  215.27    0.00    0.00    1.7     26194.945     13.50   47.24000   39.71000  "Undefined"      66.0     -454.28  0.00000000
04.04.2019 07:17:42.616   8.05200000   8051.76993   2.26  -67.0   20.9  28.0 19.20  216.0  1433.5  217.26   36.52   30.03  2964.2  218.27   24.64   21.91  3799.3  218.67   18.04   18.05    1.4     26262.616     13.50   47.24000   39.71000  "Undefined"       0.0     -230.07  0.00000000
04.04.2019 07:17:54.280   8.05200000   8051.74015   2.26  -73.1   14.9  28.0 21.60  213.2  1511.2  214.76   35.63   30.22  2929.7  215.94   24.45   23.08  3624.2  216.38   18.91   19.97    1.3     26274.280     13.50   47.24000   39.71000  "Undefined"       0.0     -259.85  0.00000000
04.04.2019 07:18:27.405   8.05200000   8051.87687   2.26  -72.9   15.5  28.0 13.20  211.7   917.4  211.95   40.08   34.01  1864.0  212.17   32.49   29.22  2829.4  212.34   24.61   25.07    2.0     26307.405     13.50   47.24000   39.71000  "Undefined"      62.2     -123.13  0.00000000
04.04.2019 07:18:38.718   8.05200000   8051.76621   2.26  -72.6   15.3  28.0 14.40  214.5   852.2  214.83   40.79   33.94  1710.4  215.05   34.09   29.11  2587.8  215.22   27.08   24.88    1.5     26318.718     13.50   47.24000   39.71000  "Undefined"       0.0     -233.79  0.00000000
04.04.2019 07:18:49.264   8.05200000   8051.84532   2.26  -68.6   19.3  28.0 13.20  216.0   918.4  216.31   40.39   33.30  1862.3  216.53   33.08   27.90  2827.0  216.70   25.43   23.20    1.7     26329.264     13.50   47.24000   39.71000  "Undefined"       0.0     -154.68  0.00000000
04.04.2019 07:19:00.903   8.05200000   8051.66358   2.26  -77.4   14.9  28.0 14.40  216.0   857.5  216.33   40.86   33.68  1713.0  216.56   34.26   28.67  2587.9  216.74   27.35   24.28    1.8     26340.903     13.50   47.24000   39.71000  "Undefined"      69.3     -336.42  0.00000000
04.04.2019 07:19:11.465   8.05200000   8051.83811   2.26  -66.5   21.4  28.0 13.80  217.4   882.3  217.70   40.77   33.31  1782.5  217.92   33.90   27.91  2703.2  218.09   26.68   23.19    1.3     26351.465     13.50   47.24000   39.71000  "Undefined"       0.0     -161.89  0.00000000
04.04.2019 07:19:22.077   8.05200000   8051.30210   2.26  -73.5   16.3  28.0 16.20  206.6  1486.4  207.63   35.11   32.18  2353.3  207.98   27.92   28.66     0.0  206.63    0.00    0.00    1.9     26362.077     13.50   47.24000   39.71000  "Undefined"      66.3     -697.90  0.00000000
04.04.2019 07:19:22.077   8.05200000   8051.30210   2.26  -73.5   16.3  28.0 13.20  217.4   918.8  217.71   40.49   33.07  1862.3  217.94   33.28   27.47  2826.9  218.11   25.70   22.61    1.4     26362.077     13.50   47.24000   39.71000  "Undefined"      66.3     -697.90  0.00000000
04.04.2019 07:19:45.386   8.05200000   8051.78118   2.26  -72.2   15.8  28.0 15.60  214.6     0.0  214.60    0.00    0.00     0.0  214.60    0.00    0.00     0.0  214.60    0.00    0.00    1.5     26385.386     13.50   47.24000   39.71000  "Undefined"       0.0     -218.82  0.00000000
04.04.2019 07:19:56.655   8.05200000   8051.90368   2.26  -74.6   14.1  28.0 12.00  213.9  1012.1  214.16   39.50   33.10  2055.4  214.39   31.24   27.62     0.0  213.85    0.00    0.00    1.9     26396.655     13.50   47.24000   39.71000  "Undefined"      66.5      -96.32  0.00000000
04.04.2019 07:20:07.250   8.05200000   8051.75612   2.26  -66.8   19.1  28.0 17.40  217.5  1494.5  218.62   36.21   29.35  3178.1  219.57   23.22   20.34     0.0  217.47    0.00    0.00    1.4     26407.250     13.50   47.24000   39.71000  "Undefined"       0.0     -243.88  0.00000000
04.04.2019 07:20:07.250   8.05200000   8051.75612   2.26  -66.8   19.1  28.0 15.00  218.1     0.0  218.14    0.00    0.00     0.0  218.14    0.00    0.00     0.0  218.14    0.00    0.00    1.4     26407.250     13.50   47.24000   39.71000  "Undefined"       0.0     -243.88  0.00000000
04.04.2019 07:20:17.432   8.05200000   8051.84216   2.26  -64.2   23.7  28.0 12.00  216.8  1011.6  217.06   39.74   32.59  2053.0  217.29   31.69   26.68     0.0  216.76    0.00    0.00    1.6     26417.432     13.50   47.24000   39.71000  "Undefined"       0.0     -157.84  0.00000000
04.04.2019 07:20:28.021   8.05200000   8051.79666   2.26  -70.5   17.5  28.0 15.00  217.4     0.0  217.44    0.00    0.00     0.0  217.44    0.00    0.00     0.0  217.44    0.00    0.00    1.5     26428.021     13.50   47.24000   39.71000  "Undefined"       0.0     -203.34  0.00000000
04.04.2019 07:20:49.185   8.05200000   8051.72382   2.26  -69.8   18.1  28.0 12.60  216.0  1000.3  216.33   39.76   32.79  2038.5  216.58   31.70   26.98     0.0  216.00    0.00    0.00    1.6     26449.185     13.50   47.24000   39.71000  "Undefined"       0.0     -276.18  0.00000000
04.04.2019 07:20:59.354   8.05200000   8051.53030   2.26  -79.4   15.0  28.0 13.20  214.6   949.0  214.90   40.05   33.34  1936.7  215.14   32.30   27.95  2943.4  215.32   24.22   23.29    1.6     26459.354     13.50   47.24000   39.71000  "Undefined"      66.1     -469.70  0.00000000
04.04.2019 07:21:09.883   8.05200000   8051.77031   2.26  -69.5   18.4  28.0 14.40  216.7     0.0  216.68    0.00    0.00     0.0  216.68    0.00    0.00     0.0  216.68    0.00    0.00    1.7     26469.883     13.50   47.24000   39.71000  "Undefined"       0.0     -229.69  0.00000000
04.04.2019 07:21:21.164   8.05200000   8051.83252   2.26  -69.8   18.1  28.0 15.60  216.7     0.0  216.67    0.00    0.00     0.0  216.67    0.00    0.00     0.0  216.67    0.00    0.00    1.5     26481.164     13.50   47.24000   39.71000  "Undefined"       0.0     -167.48  0.00000000
04.04.2019 07:21:31.387   8.05200000   8051.81480   2.26  -73.5   14.4  28.0 13.80  216.7     0.0  216.73    0.00    0.00     0.0  216.73    0.00    0.00     0.0  216.73    0.00    0.00    1.7     26491.387     13.50   47.24000   39.71000  "Undefined"       0.0     -185.20  0.00000000
04.04.2019 07:21:41.930   8.05200000   8051.74932   2.26  -63.9   24.1  28.0 13.80  216.0   970.8  216.42   40.00   32.95  1895.8  216.69   32.84   27.67  2845.8  216.88   25.31   23.04    1.4     26501.930     13.50   47.24000   39.71000  "Undefined"       0.0     -250.68  0.00000000
04.04.2019 07:22:03.078   8.05200000   8051.79333   2.26  -71.2   16.7  28.0 17.40  208.1  1355.0  208.98   36.32   32.42     0.0  208.09    0.00    0.00     0.0  208.09    0.00    0.00    1.8     26523.078     13.50   47.24000   39.71000  "Undefined"       0.0     -206.67  0.00000000
04.04.2019 07:22:03.078   8.05200000   8051.79333   2.26  -71.2   16.7  28.0 16.80  219.6  1452.4  220.57   36.77   29.13  3111.7  221.42   24.17   19.82     0.0  219.61    0.00    0.00    1.5     26523.078     13.50   47.24000   39.71000  "Undefined"       0.0     -206.67  0.00000000
04.04.2019 07:22:13.283   8.05200000   8051.78115   2.26  -69.0   18.9  28.0 14.40  208.8     0.0  208.79    0.00    0.00     0.0  208.79    0.00    0.00     0.0  208.79    0.00    0.00    1.8     26533.283     13.50   47.24000   39.71000  "Undefined"       0.0     -218.85  0.00000000
04.04.2019 07:22:13.283   8.05200000   8051.78115   2.26  -69.0   18.9  28.0 11.40  216.7  1185.8  217.14   38.41   31.51  2362.2  217.41   29.27   25.09  3521.9  217.61   20.02   19.77    1.6     26533.283     13.50   47.24000   39.71000  "Undefined"       0.0     -218.85  0.00000000
04.04.2019 07:22:25.711   8.05200000   8051.76104   2.26  -67.5   20.4  28.0 14.40  214.6     0.0  214.57    0.00    0.00     0.0  214.57    0.00    0.00     0.0  214.57    0.00    0.00    1.6     26545.711     13.50   47.24000   39.71000  "Undefined"       0.0     -238.96  0.00000000
04.04.2019 07:22:36.266   8.05200000   8051.81773   2.26  -70.0   17.9  28.0 16.20  215.3  1474.2  216.25   36.09   30.05  3119.1  217.09   23.16   21.74     0.0  215.31    0.00    0.00    1.4     26556.266     13.50   47.24000   39.71000  "Undefined"       0.0     -182.27  0.00000000
04.04.2019 07:22:46.823   8.05200000   8051.75143   2.26  -66.6   21.4  28.0 13.80  216.7     0.0  216.71    0.00    0.00     0.0  216.71    0.00    0.00     0.0  216.71    0.00    0.00    1.6     26566.823     13.50   47.24000   39.71000  "Undefined"       0.0     -248.57  0.00000000
04.04.2019 07:23:08.657   8.05200000   8051.72072   2.26  -70.7   17.2  28.0 14.40  216.0     0.0  216.04    0.00    0.00     0.0  216.04    0.00    0.00     0.0  216.04    0.00    0.00    1.5     26588.657     13.50   47.24000   39.71000  "Undefined"       0.0     -279.28  0.00000000
04.04.2019 07:23:19.954   8.05200000   8051.77449   2.26  -65.3   22.6  28.0 14.40  216.7     0.0  216.67    0.00    0.00     0.0  216.67    0.00    0.00     0.0  216.67    0.00    0.00    1.4     26599.954     13.50   47.24000   39.71000  "Undefined"       0.0     -225.51  0.00000000
04.04.2019 07:23:30.504   8.05200000   8051.75280   2.26  -68.8   19.1  28.0 16.80  216.0  1431.8  216.93   36.50   30.12  3036.2  217.76   23.96   21.80     0.0  215.98    0.00    0.00    1.4     26610.504     13.50   47.24000   39.71000  "Undefined"       0.0     -247.20  0.00000000
04.04.2019 07:23:42.504   8.05200000   8051.76516   2.26  -67.9   20.1  28.0 11.40  215.3  1184.5  215.69   38.29   31.81  2363.7  215.97   29.01   25.61  3522.3  216.16   19.69   20.49    1.6     26622.504     13.50   47.24000   39.71000  "Undefined"       0.0     -234.84  0.00000000
04.04.2019 07:24:05.069   8.05200000   8051.47259   2.21  -76.2   13.0  28.0 14.40  217.5     0.0  217.47    0.00    0.00     0.0  217.47    0.00    0.00     0.0  217.47    0.00    0.00    1.6     26645.069     13.50   47.24000   39.71000  "Undefined"      63.0     -527.41  0.00000000
04.04.2019 07:24:15.626   8.05200000   8051.81598   2.26  -71.8   16.1  28.0 13.20  215.3   951.2  215.60   40.08   33.21  1939.3  215.84   32.38   27.72  2947.9  216.02   24.32   22.96    1.4     26655.626     13.50   47.24000   39.71000  "Undefined"       0.0     -184.02  0.00000000
04.04.2019 07:24:27.243   8.05200000   8051.79754   2.26  -64.2   23.7  28.0 13.20  216.0   953.6  216.32   40.12   33.08  1941.9  216.56   32.46   27.48  2952.1  216.75   24.43   22.63    1.4     26667.243     13.50   47.24000   39.71000  "Undefined"       0.0     -202.46  0.00000000
04.04.2019 07:24:37.797   8.05200000   8051.75741   2.26  -73.3   14.6  28.0 14.40  217.4     0.0  217.42    0.00    0.00     0.0  217.42    0.00    0.00     0.0  217.42    0.00    0.00    1.6     26677.797     13.50   47.24000   39.71000  "Undefined"       0.0     -242.59  0.00000000
04.04.2019 07:24:49.068   8.05200000   8051.75160   2.26  -62.8   25.1  28.0 12.00  215.2  1065.4  215.59   39.20   32.53  2161.6  215.85   30.61   26.62     0.0  215.25    0.00    0.00    1.4     26689.068     13.50   47.24000   39.71000  "Undefined"       0.0     -248.40  0.00000000
04.04.2019 07:25:10.181   8.05200000   8051.75591   2.26  -63.0   24.9  28.0 13.80  215.3   942.7  215.63   40.15   33.26  1885.1  215.89   32.81   27.97  2850.0  216.08   25.12   23.37    1.5     26710.181     13.50   47.24000   39.71000  "Undefined"       0.0     -244.09  0.00000000
04.04.2019 07:25:21.462   8.05200000   8051.60400   2.26  -71.6   17.3  28.0 15.60  218.2     0.0  218.18    0.00    0.00     0.0  218.18    0.00    0.00     0.0  218.18    0.00    0.00    1.8     26721.462     13.50   47.24000   39.71000  "Undefined"      66.2     -396.00  0.00000000
04.04.2019 07:25:32.028   8.05200000   8051.78836   2.26  -66.3   21.6  28.0 12.60  216.8  1002.2  217.09   39.81   32.64  2040.7  217.34   31.79   26.72     0.0  216.76    0.00    0.00    1.6     26732.028     13.50   47.24000   39.71000  "Undefined"       0.0     -211.64  0.00000000
04.04.2019 07:25:43.651   8.05200000   8051.72877   2.26  -72.0   15.9  28.0 12.60  215.3   998.4  215.61   39.72   32.92  2035.8  215.86   31.61   27.23  3106.0  216.05   23.05   22.28    1.5     26743.651     13.50   47.24000   39.71000  "Undefined"       0.0     -271.23  0.00000000
04.04.2019 07:25:54.210   8.05200000   8051.76795   2.26  -68.9   19.0  28.0 13.20  217.4   959.4  217.77   40.19   32.80  1949.7  218.02   32.61   26.98  2967.2  218.21   24.60   21.92    1.5     26754.210     13.50   47.24000   39.71000  "Undefined"       0.0     -232.05  0.00000000
04.04.2019 07:26:05.475   8.05200000   8051.72622   2.26  -64.1   23.8  28.0 11.40  216.0  1184.8  216.44   38.36   31.66  2361.9  216.72   29.15   25.35  3520.8  216.91   19.87   20.12    1.4     26765.475     13.50   47.24000   39.71000  "Undefined"       0.0     -273.78  0.00000000
04.04.2019 07:26:17.128   8.05200000   8051.63335   2.26  -67.6   20.3  28.0 16.80  216.0  1431.8  216.95   36.50   30.12  3036.2  217.78   23.97   21.79     0.0  216.00    0.00    0.00    1.9     26777.128     13.50   47.24000   39.71000  "Undefined"       0.0     -366.65  0.00000000
04.04.2019 07:26:27.669   8.05200000   8051.77313   2.26  -61.3   26.6  28.0 13.20  215.2   951.0  215.56   40.08   33.22  1938.9  215.80   32.37   27.73  2947.3  215.99   24.32   22.98    1.4     26787.669     13.50   47.24000   39.71000  "Undefined"       0.0     -226.87  0.00000000
04.04.2019 07:26:38.935   8.05200000   8051.50069   2.26  -74.2   15.2  28.0 12.60  216.7  1002.3  217.07   39.81   32.65  2040.9  217.31   31.79   26.73     0.0  216.73    0.00    0.00    1.5     26798.935     13.50   47.24000   39.71000  "Undefined"      62.6     -499.31  0.00000000
04.04.2019 07:26:49.477   8.05200000   8051.78591   2.26  -63.4   24.5  28.0 13.20  216.7   956.4  217.04   40.16   32.94  1945.8  217.29   32.53   27.23  2959.9  217.48   24.51   22.27    1.4     26809.477     13.50   47.24000   39.71000  "Undefined"       0.0     -214.09  0.00000000
04.04.2019 07:27:01.116   8.05200000   8051.83610   2.26  -64.6   23.3  28.0 12.60  213.8   995.3  214.17   39.63   33.19  2032.8  214.42   31.43   27.72  3087.5  214.60   22.91   23.02    1.4     26821.116     13.50   47.24000   39.71000  "Undefined"       0.0     -163.90  0.00000000
04.04.2019 07:27:22.202   8.05200000   8051.80662   2.26  -66.1   21.8  28.0 16.80  215.3  1427.9  216.25   36.45   30.31     0.0  215.31    0.00    0.00     0.0  215.31    0.00    0.00    1.4     26842.202     13.50   47.24000   39.71000  "Undefined"       0.0     -193.38  0.00000000
04.04.2019 07:27:33.457   8.05200000   8051.74370   2.26  -65.6   22.3  28.0 15.00  215.3     0.0  215.29    0.00    0.00     0.0  215.29    0.00    0.00     0.0  215.29    0.00    0.00    1.4     26853.457     13.50   47.24000   39.71000  "Undefined"       0.0     -256.30  0.00000000
04.04.2019 07:27:44.765   8.05200000   8051.76170   2.26  -67.5   20.4  28.0 13.20  213.9   946.9  214.17   40.01   33.48  1934.3  214.40   32.22   28.19  2938.8  214.59   24.12   23.64    1.5     26864.765     13.50   47.24000   39.71000  "Undefined"       0.0     -238.30  0.00000000
04.04.2019 07:27:56.035   8.05200000   8051.75565   2.26  -68.6   19.3  28.0 16.80  215.3  1427.9  216.24   36.45   30.31     0.0  215.30    0.00    0.00     0.0  215.30    0.00    0.00    1.4     26876.035     13.50   47.24000   39.71000  "Undefined"       0.0     -244.35  0.00000000
04.04.2019 07:28:07.330   8.05200000   8051.82026   2.26  -67.1   20.8  28.0 13.20  213.9   946.9  214.18   40.01   33.47  1934.4  214.42   32.22   28.19  2939.2  214.60   24.12   23.63    1.5     26887.330     13.50   47.24000   39.71000  "Undefined"       0.0     -179.74  0.00000000
04.04.2019 07:28:17.885   8.05200000   8051.09462   2.26  -83.2   15.8  28.0 11.40  216.7  1186.4  217.11   38.41   31.51  2363.0  217.39   29.26   25.10  3522.9  217.58   20.01   19.78    1.7     26897.885     13.50   47.24000   39.71000  "Undefined"      68.7     -905.38  0.00000000
04.04.2019 07:28:28.485   8.05200000   8051.77196   2.26  -65.2   22.7  28.0 12.60  214.6   996.9  214.88   39.67   33.06  2034.8  215.12   31.51   27.48  3096.0  215.31   22.98   22.66    1.5     26908.485     13.50   47.24000   39.71000  "Undefined"       0.0     -228.04  0.00000000
04.04.2019 07:28:39.046   8.05200000   8051.73712   2.26  -61.5   26.4  28.0 13.20  215.3   951.3  215.60   40.08   33.21  1939.5  215.84   32.37   27.71  2948.1  216.03   24.32   22.96    1.3     26919.046     13.50   47.24000   39.71000  "Undefined"       0.0     -262.88  0.00000000
04.04.2019 07:28:49.636   8.05200000   8051.67976   2.26  -67.9   20.0  28.0 15.00  213.9     0.0  213.86    0.00    0.00     0.0  213.86    0.00    0.00     0.0  213.86    0.00    0.00    1.7     26929.636     13.50   47.24000   39.71000  "Undefined"       0.0     -320.24  0.00000000
04.04.2019 07:29:00.183   8.05200000   8051.77408   2.26  -71.5   16.4  28.0 13.80  217.4     0.0  217.43    0.00    0.00     0.0  217.43    0.00    0.00     0.0  217.43    0.00    0.00    1.6     26940.183     13.50   47.24000   39.71000  "Undefined"       0.0     -225.92  0.00000000
04.04.2019 07:29:34.088   8.05200000   8051.66050   2.26  -68.5   19.5  28.0 15.60  216.0     0.0  215.97    0.00    0.00     0.0  215.97    0.00    0.00     0.0  215.97    0.00    0.00    1.5     26974.088     13.50   47.24000   39.71000  "Undefined"       0.0     -339.50  0.00000000
04.04.2019 07:29:44.640   8.05200000   8051.80543   2.26  -65.4   20.5  28.0 15.00  214.6     0.0  214.59    0.00    0.00     0.0  214.59    0.00    0.00     0.0  214.59    0.00    0.00    1.4     26984.640     13.50   47.24000   39.71000  "Undefined"       0.0     -194.57  0.00000000
04.04.2019 07:29:57.360   8.05200000   8051.71901   2.26  -61.5   26.4  28.0 13.80  216.0   971.3  216.42   39.99   32.95  1896.0  216.69   32.84   27.67  2845.7  216.88   25.31   23.04    1.4     26997.360     13.50   47.24000   39.71000  "Undefined"       0.0     -280.99  0.00000000
04.04.2019 07:30:07.925   8.05200000   8051.69226   2.26  -68.6   19.3  28.0 10.80  217.5  1157.6  217.81   38.69   31.55  2380.5  218.08   29.24   24.76  3583.9  218.27   19.68   19.17    1.9     27007.925     13.50   47.24000   39.71000  "Undefined"       0.0     -307.74  0.00000000
04.04.2019 07:30:19.562   8.05200000   8051.74353   2.26  -66.6   21.3  28.0 16.80  213.8  1419.8  214.77   36.35   30.70     0.0  213.84    0.00    0.00     0.0  213.84    0.00    0.00    1.9     27019.562     13.50   47.24000   39.71000  "Undefined"       0.0     -256.47  0.00000000
04.04.2019 07:30:30.107   8.05200000   8051.56367   2.26  -72.4   16.5  28.0 16.20  215.3  1474.1  216.24   36.09   30.05  3118.9  217.07   23.15   21.75     0.0  215.29    0.00    0.00    2.0     27030.107     13.50   47.24000   39.71000  "Undefined"      67.3     -436.33  0.00000000
04.04.2019 07:30:40.684   8.05200000   8051.86522   2.26  -70.4   17.5  28.0 11.40  215.3  1184.7  215.67   38.28   31.81  2364.0  215.94   29.00   25.62  3522.7  216.13   19.68   20.50    1.6     27040.684     13.50   47.24000   39.71000  "Undefined"       0.0     -134.78  0.00000000
04.04.2019 07:30:52.340   8.05200000   8051.78235   2.26  -64.9   23.0  28.0 12.60  216.7  1002.2  217.07   39.81   32.65  2040.7  217.32   31.79   26.73     0.0  216.74    0.00    0.00    1.8     27052.340     13.50   47.24000   39.71000  "Undefined"       0.0     -217.65  0.00000000
04.04.2019 07:31:02.880   8.05200000   8051.75054   2.26  -67.1   20.8  28.0 16.80  216.0  1431.7  216.93   36.50   30.12  3035.7  217.76   23.97   21.81     0.0  215.98    0.00    0.00    1.5     27062.880     13.50   47.24000   39.71000  "Undefined"       0.0     -249.46  0.00000000
04.04.2019 07:31:26.143   8.05200000   8051.71710   2.26  -63.0   24.9  28.0 16.80  215.3  1428.1  216.25   36.45   30.30     0.0  215.31    0.00    0.00     0.0  215.31    0.00    0.00    1.3     27086.143     13.50   47.24000   39.71000  "Undefined"       0.0     -282.90  0.00000000
04.04.2019 07:31:38.862   8.05200000   8051.83849   2.26  -64.0   23.9  28.0 14.40  213.1     0.0  213.14    0.00    0.00     0.0  213.14    0.00    0.00     0.0  213.14    0.00    0.00    1.5     27098.862     13.50   47.24000   39.71000  "Undefined"       0.0     -161.51  0.00000000
04.04.2019 07:31:50.537   8.05200000   8051.75811   2.26  -65.2   22.7  28.0 14.40  213.9     0.0  213.87    0.00    0.00     0.0  213.87    0.00    0.00     0.0  213.87    0.00    0.00    1.5     27110.537     13.50   47.24000   39.71000  "Undefined"       0.0     -241.89  0.00000000
04.04.2019 07:32:02.164   8.05200000   8051.81825   2.26  -64.7   23.2  28.0 12.60  215.3   998.5  215.63   39.72   32.92  2036.1  215.88   31.61   27.22  3107.3  216.07   23.04   22.26    1.3     27122.164     13.50   47.24000   39.71000  "Undefined"       0.0     -181.75  0.00000000
04.04.2019 07:32:13.784   8.05200000   8051.78229   2.26  -59.0   28.9  28.0 13.80  216.0   969.3  216.43   40.01   32.96  1896.4  216.70   32.84   27.67  2848.5  216.89   25.29   23.03    1.4     27133.784     13.50   47.24000   39.71000  "Undefined"       0.0     -217.71  0.00000000
04.04.2019 07:32:24.360   8.05200000   8051.71360   2.26  -67.5   20.4  28.0 12.60  216.0  1000.1  216.31   39.76   32.79  2038.1  216.56   31.70   26.99  3165.6  216.77   22.71   21.69    1.6     27144.360     13.50   47.24000   39.71000  "Undefined"       0.0     -286.40  0.00000000
04.04.2019 07:32:37.084   8.05200000   8051.82927   2.26  -61.9   26.0  28.0 15.00  216.7     0.0  216.74    0.00    0.00     0.0  216.74    0.00    0.00     0.0  216.74    0.00    0.00    1.4     27157.084     13.50   47.24000   39.71000  "Undefined"       0.0     -170.73  0.00000000
04.04.2019 07:32:49.800   8.05200000   8051.79617   2.26  -67.7   16.2  28.0 12.60  217.4  1004.2  217.78   39.86   32.51  2043.2  218.03   31.88   26.49     0.0  217.44    0.00    0.00    1.7     27169.800     13.50   47.24000   39.71000  "Undefined"       0.0     -203.83  0.00000000
04.04.2019 07:33:01.427   8.05200000   8051.28707   2.26  -80.7   18.8  28.0 12.60  219.6  1011.1  219.93   39.99   32.10  2053.3  220.18   32.15   25.74     0.0  219.58    0.00    0.00    1.7     27181.427     13.50   47.24000   39.71000  "Undefined"      68.1     -712.93  0.00000000
04.04.2019 07:33:12.008   8.05200000   8051.80370   2.26  -64.1   21.8  28.0 14.40  216.0     0.0  216.01    0.00    0.00     0.0  216.01    0.00    0.00     0.0  216.01    0.00    0.00    1.6     27192.008     13.50   47.24000   39.71000  "Undefined"       0.0     -196.30  0.00000000
04.04.2019 07:33:24.728   8.05200000   8051.74269   2.26  -59.7   28.2  28.0 11.40  213.9  1185.9  214.29   38.15   32.09  2373.2  214.56   28.71   26.09  3536.5  214.75   19.26   21.15    1.4     27204.728     13.50   47.24000   39.71000  "Undefined"       0.0     -257.31  0.00000000
04.04.2019 07:33:35.268   8.05200000   8051.74131   2.26  -63.3   24.6  28.0 10.80  216.0  1142.3  216.33   38.67   31.93  2366.0  216.59   29.10   25.37  3565.0  216.79   19.48   20.00    1.5     27215.268     13.50   47.24000   39.71000  "Undefined"       0.0     -258.69  0.00000000
04.04.2019 07:33:46.887   8.05200000   8051.79983   2.26  -63.6   24.3  28.0 15.60  214.5     0.0  214.54    0.00    0.00     0.0  214.54    0.00    0.00     0.0  214.54    0.00    0.00    1.5     27226.887     13.50   47.24000   39.71000  "Undefined"       0.0     -200.17  0.00000000
04.04.2019 07:33:59.585   8.05200000   8051.76782   2.26  -63.5   22.4  28.0 12.00  216.0  1067.2  216.38   39.25   32.37  2163.1  216.63   30.72   26.34     0.0  216.03    0.00    0.00    1.4     27239.585     13.50   47.24000   39.71000  "Undefined"       0.0     -232.18  0.00000000
04.04.2019 07:34:10.142   8.05200000   8051.74678   2.26  -63.9   24.0  28.0 14.40  216.0     0.0  215.98    0.00    0.00     0.0  215.98    0.00    0.00     0.0  215.98    0.00    0.00    1.5     27250.142     13.50   47.24000   39.71000  "Undefined"       0.0     -253.22  0.00000000
04.04.2019 07:34:21.767   8.05200000   8051.79172   2.26  -63.8   24.2  28.0 16.20  208.8  1441.7  209.70   35.67   31.84  2309.5  210.03   28.55   28.05     0.0  208.80    0.00    0.00    1.4     27261.767     13.50   47.24000   39.71000  "Undefined"       0.0     -208.28  0.00000000
04.04.2019 07:34:34.466   8.05200000   8051.70838   2.26  -64.9   23.0  28.0 13.80  216.8     0.0  216.75    0.00    0.00     0.0  216.75    0.00    0.00     0.0  216.75    0.00    0.00    1.7     27274.466     13.50   47.24000   39.71000  "Undefined"       0.0     -291.62  0.00000000
04.04.2019 07:34:45.040   8.05200000   8051.81034   2.26  -63.5   24.4  28.0 12.00  215.3  1065.4  215.61   39.20   32.52  2161.4  215.86   30.61   26.61     0.0  215.26    0.00    0.00    1.4     27285.040     13.50   47.24000   39.71000  "Undefined"       0.0     -189.66  0.00000000
04.04.2019 07:34:55.641   8.05200000   8051.73257   2.26  -67.4   20.6  28.0 13.80  218.8     0.0  218.85    0.00    0.00     0.0  218.85    0.00    0.00     0.0  218.85    0.00    0.00    1.5     27295.641     13.50   47.24000   39.71000  "Undefined"       0.0     -267.43  0.00000000
04.04.2019 07:35:07.256   8.05200000   8051.72674   2.26  -70.0   17.9  28.0 13.20  216.0   953.8  216.35   40.12   33.07  1942.5  216.59   32.46   27.46  2953.7  216.78   24.42   22.61    1.7     27307.256     13.50   47.24000   39.71000  "Undefined"       0.0     -273.26  0.00000000
04.04.2019 07:35:17.847   8.05200000   8051.74045   2.26  -56.3   31.6  28.0 13.20  215.3   951.3  215.62   40.08   33.21  1939.4  215.86   32.38   27.71  2948.1  216.05   24.32   22.95    1.4     27317.847     13.50   47.24000   39.71000  "Undefined"       0.0     -259.55  0.00000000
04.04.2019 07:35:28.485   8.05200000   8051.75970   2.26  -61.5   26.4  28.0 12.60  216.7  1087.5  217.08   39.16   32.12  2192.9  217.36   30.60   25.95  3276.4  217.58   21.99   20.83    1.5     27328.485     13.50   47.24000   39.71000  "Undefined"       0.0     -240.30  0.00000000
04.04.2019 07:35:41.279   8.05200000   8051.77891   2.26  -60.8   27.1  28.0 13.80  215.3   923.7  215.57   40.29   33.38  1905.5  215.83   32.64   27.89  2919.9  216.05   24.55   23.07    1.4     27341.279     13.50   47.24000   39.71000  "Undefined"       0.0     -221.09  0.00000000
04.04.2019 07:35:54.009   8.05200000   8051.76607   2.26  -62.8   25.1  28.0 12.00  216.0  1029.2  216.27   39.54   32.62  2237.8  216.58   30.12   26.00  3399.8  216.82   20.83   20.67    1.4     27354.009     13.50   47.24000   39.71000  "Undefined"       0.0     -233.93  0.00000000
04.04.2019 07:36:05.655   8.05200000   8051.72914   2.26  -63.4   24.5  28.0 12.00  213.9  1020.5  214.15   39.43   33.05  2237.6  214.47   29.79   26.74  3398.1  214.70   20.39   21.72    1.5     27365.655     13.50   47.24000   39.71000  "Undefined"       0.0     -270.86  0.00000000
04.04.2019 07:36:32.167   8.05200000   8051.82541   2.26  -68.5   19.4  28.0 11.40  214.6   992.0  214.81   39.71   33.10  2361.9  215.16   28.89   25.92  3600.1  215.42   18.89   20.56    1.7     27392.167     13.50   47.24000   39.71000  "Undefined"       0.0     -174.59  0.00000000
04.04.2019 07:36:44.889   8.05200000   8051.77906   2.26  -59.3   28.6  28.0 13.20  216.0   982.8  216.33   39.90   32.89  2036.4  216.62   31.72   26.98     0.0  216.01    0.00    0.00    1.4     27404.889     13.50   47.24000   39.71000  "Undefined"       0.0     -220.94  0.00000000
04.04.2019 07:36:57.580   8.05200000   8051.73632   2.26  -61.4   26.5  28.0 12.60  216.7  1086.7  217.08   39.17   32.12  2210.4  217.38   30.46   25.85  3313.9  217.61   21.70   20.66    1.5     27417.580     13.50   47.24000   39.71000  "Undefined"       0.0     -263.68  0.00000000
04.04.2019 07:37:10.281   8.05200000   8051.69687   2.26  -67.8   20.1  28.0 12.00  213.8  1020.4  214.12   39.43   33.06  2236.5  214.43   29.79   26.76  3396.3  214.66   20.39   21.75    1.7     27430.281     13.50   47.24000   39.71000  "Undefined"       0.0     -303.13  0.00000000
04.04.2019 07:37:35.721   8.05200000   8051.78099   2.26  -59.5   28.4  28.0 14.40  215.3   884.4  215.60   40.60   33.62  1816.0  215.85   33.35   28.34  2774.5  216.06   25.73   23.71    1.3     27455.721     13.50   47.24000   39.71000  "Undefined"       0.0     -219.01  0.00000000
04.04.2019 07:37:48.404   8.05200000   8051.78951   2.26  -61.8   26.1  28.0 12.60  216.0  1087.4  216.34   39.10   32.26  2218.2  216.63   30.28   26.07  3325.2  216.86   21.44   20.97    1.4     27468.404     13.50   47.24000   39.71000  "Undefined"       0.0     -210.49  0.00000000
04.04.2019 07:38:08.803   8.05200000   8051.71699   2.26  -64.1   23.8  28.0 14.40  215.3   884.5  215.62   40.60   33.62  1816.3  215.88   33.35   28.33  2774.8  216.09   25.73   23.70    1.6     27488.803     13.50   47.24000   39.71000  "Undefined"       0.0     -283.01  0.00000000
04.04.2019 07:38:19.082   8.05200000   8051.71114   2.26  -62.8   25.2  28.0 15.00  216.0     0.0  216.02    0.00    0.00     0.0  216.02    0.00    0.00     0.0  216.02    0.00    0.00    1.5     27499.082     13.50   47.24000   39.71000  "Undefined"       0.0     -288.86  0.00000000
04.04.2019 07:38:29.998   8.05200000   8051.75252   2.26  -61.9   26.0  28.0 13.20  214.6   980.9  214.89   39.80   33.15  2025.9  215.17   31.59   27.50     0.0  214.57    0.00    0.00    1.5     27509.998     13.50   47.24000   39.71000  "Undefined"       0.0     -247.48  0.00000000
04.04.2019 07:38:40.942   8.05200000   8051.73373   2.26  -61.3   26.6  28.0 13.80  215.3   923.7  215.62   40.30   33.37  1905.9  215.88   32.65   27.87  2921.0  216.10   24.55   23.05    1.3     27520.942     13.50   47.24000   39.71000  "Undefined"       0.0     -266.27  0.00000000
04.04.2019 07:38:51.162   8.05200000   8051.72488   2.26  -60.9   27.0  28.0 11.40  216.0   995.7  216.29   39.80   32.82  2336.2  216.63   29.34   25.50  3571.1  216.89   19.46   19.93    1.4     27531.162     13.50   47.24000   39.71000  "Undefined"       0.0     -275.12  0.00000000
04.04.2019 07:39:02.476   8.05200000   8051.77172   2.26  -58.7   29.2  28.0 12.60  216.7  1086.6  217.05   39.17   32.13  2210.6  217.35   30.46   25.86  3313.9  217.57   21.69   20.67    1.5     27542.476     13.50   47.24000   39.71000  "Undefined"       0.0     -228.28  0.00000000
04.04.2019 07:39:13.041   8.05200000   8051.74251   2.26  -57.5   30.4  28.0 12.60  215.3  1088.8  215.69   39.03   32.37  2227.4  215.99   30.10   26.25  3338.7  216.21   21.19   21.22    1.4     27553.041     13.50   47.24000   39.71000  "Undefined"       0.0     -257.49  0.00000000
04.04.2019 07:39:23.642   8.05200000   8051.79569   2.26  -58.3   29.6  28.0 12.00  216.0  1029.4  216.32   39.54   32.61  2237.4  216.63   30.13   25.98  3399.1  216.87   20.85   20.65    1.5     27563.642     13.50   47.24000   39.71000  "Undefined"       0.0     -204.31  0.00000000
04.04.2019 07:39:34.935   8.05200000   8051.77571   2.26  -56.4   31.5  28.0 14.40  216.0   886.9  216.33   40.63   33.49  1824.0  216.59   33.39   28.08  2785.7  216.80   25.78   23.35    1.5     27574.935     13.50   47.24000   39.71000  "Undefined"       0.0     -224.29  0.00000000
04.04.2019 07:39:45.489   8.05200000   8051.72394   2.26  -55.3   32.6  28.0 13.20  216.0   982.7  216.34   39.90   32.89  2036.0  216.62   31.72   26.98     0.0  216.02    0.00    0.00    1.5     27585.489     13.50   47.24000   39.71000  "Undefined"       0.0     -276.06  0.00000000
04.04.2019 07:39:56.804   8.05200000   8051.81404   2.26  -55.1   32.9  28.0 12.60  215.3  1088.7  215.70   39.03   32.37  2227.0  216.00   30.11   26.25  3338.1  216.23   21.20   21.22    1.5     27596.804     13.50   47.24000   39.71000  "Undefined"       0.0     -185.96  0.00000000
04.04.2019 07:40:07.007   8.05200000   8051.76860   2.26  -55.0    6.9  28.0 12.60  216.0  1087.2  216.34   39.10   32.26  2217.7  216.64   30.28   26.07  3324.6  216.87   21.45   20.97    1.4     27607.007     13.50   47.24000   39.71000  "Undefined"       0.0     -231.40  0.00000000
04.04.2019 07:40:17.568   8.05200000   8051.78879   2.26  -59.9   28.0  28.0 13.20  216.0   982.9  216.35   39.90   32.89  2036.5  216.64   31.72   26.97     0.0  216.03    0.00    0.00    1.4     27617.568     13.50   47.24000   39.71000  "Undefined"       0.0     -211.21  0.00000000
04.04.2019 07:40:29.740   8.05200000   8051.77218   2.26  -56.8   31.1  28.0 11.40  215.3   993.9  215.57   39.75   32.96  2353.9  215.92   29.08   25.68  3593.6  216.18   19.11   20.20    1.4     27629.740     13.50   47.24000   39.71000  "Undefined"       0.0     -227.82  0.00000000
04.04.2019 07:40:39.951   8.05200000   8051.79068   2.26  -55.8   32.1  28.0 12.60  215.3  1088.6  215.70   39.03   32.37  2226.9  216.00   30.11   26.25  3338.0  216.23   21.20   21.22    1.3     27639.951     13.50   47.24000   39.71000  "Undefined"       0.0     -209.32  0.00000000
04.04.2019 07:40:50.503   8.05200000   8051.81241   2.26  -66.9   21.0  28.0 12.00  217.4  1035.9  217.75   39.61   32.32  2226.7  218.05   30.44   25.54  3380.6  218.29   21.31   20.04    1.5     27650.503     13.50   47.24000   39.71000  "Undefined"       0.0     -187.59  0.00000000
04.04.2019 07:41:01.784   8.05200000   8051.82648   2.26  -60.8   27.1  28.0 12.00  216.7  1032.5  217.01   39.57   32.47  2231.6  217.31   30.28   25.77  3389.3  217.55   21.08   20.36    1.5     27661.784     13.50   47.24000   39.71000  "Undefined"       0.0     -173.52  0.00000000
04.04.2019 07:41:12.347   8.05200000   8051.77842   2.26  -57.8   30.1  28.0 12.60  215.3  1088.3  215.64   39.03   32.38  2227.4  215.94   30.10   26.27  3339.3  216.17   21.18   21.24    1.4     27672.347     13.50   47.24000   39.71000  "Undefined"       0.0     -221.58  0.00000000
04.04.2019 07:41:22.941   8.05200000   8051.77325   2.26  -53.2   34.7  28.0 13.20  216.0   982.9  216.33   39.90   32.89  2036.6  216.62   31.72   26.98     0.0  216.01    0.00    0.00    1.4     27682.941     13.50   47.24000   39.71000  "Undefined"       0.0     -226.75  0.00000000
04.04.2019 07:41:33.524   8.05200000   8051.78877   2.26  -52.5   35.4  28.0 13.20  215.3   981.6  215.62   39.85   33.02  2032.2  215.90   31.65   27.23     0.0  215.30    0.00    0.00    1.4     27693.524     13.50   47.24000   39.71000  "Undefined"       0.0     -211.23  0.00000000
04.04.2019 07:41:44.807   8.05200000   8051.73558   2.26  -57.8   30.1  28.0 12.00  216.7  1032.5  217.01   39.58   32.47  2231.9  217.31   30.28   25.77  3389.5  217.55   21.08   20.36    1.6     27704.807     13.50   47.24000   39.71000  "Undefined"       0.0     -264.42  0.00000000
04.04.2019 07:41:57.543   8.05200000   8051.74038   2.26  -52.5   35.4  28.0 12.60  216.0  1087.7  216.34   39.09   32.25  2218.5  216.64   30.28   26.07  3325.6  216.87   21.44   20.96    1.4     27717.543     13.50   47.24000   39.71000  "Undefined"       0.0     -259.62  0.00000000
04.04.2019 07:42:09.883   8.05200000   8051.81111   2.26  -48.8   39.1  28.0 12.00  215.9  1029.2  216.25   39.54   32.63  2237.7  216.56   30.11   26.00  3399.5  216.80   20.83   20.68    1.4     27729.883     13.50   47.24000   39.71000  "Undefined"       0.0     -188.89  0.00000000
04.04.2019 07:42:20.486   8.05200000   8051.82331   2.26  -54.1   33.8  28.0 10.20  216.0  1018.6  216.18   39.61   32.70  2281.0  216.43   29.75   25.84  3568.7  216.65   19.42   20.06    1.4     27740.486     13.50   47.24000   39.71000  "Undefined"       0.0     -176.69  0.00000000
04.04.2019 07:42:32.828   8.05200000   8051.72745   2.26  -47.5   40.4  28.0 12.60  216.0  1087.7  216.33   39.09   32.26  2218.7  216.63   30.28   26.07  3326.0  216.85   21.43   20.96    1.4     27752.828     13.50   47.24000   39.71000  "Undefined"       0.0     -272.55  0.00000000
04.04.2019 07:42:44.463   8.05200000   8051.73053   2.26  -48.4   39.6  28.0 12.60  215.3  1088.7  215.67   39.03   32.38  2227.3  215.97   30.10   26.26  3338.7  216.20   21.19   21.23    1.4     27764.463     13.50   47.24000   39.71000  "Undefined"       0.0     -269.47  0.00000000
04.04.2019 07:42:55.008   8.05200000   8051.84557   2.26  -51.9   36.0  28.0 12.00  216.0  1029.3  216.27   39.54   32.62  2237.7  216.58   30.12   26.00  3399.6  216.82   20.83   20.67    1.4     27775.008     13.50   47.24000   39.71000  "Undefined"       0.0     -154.43  0.00000000
04.04.2019 07:43:05.561   8.05200000   8051.96603   2.26  -58.6   29.4  28.0 13.80  216.0   925.0  216.31   40.34   33.25  1912.2  216.58   32.69   27.62  2929.2  216.80   24.62   22.71    1.5     27785.561     13.50   47.24000   39.71000  "Undefined"       0.0      -33.97  0.00000000
04.04.2019 07:43:16.844   8.05200000   8051.55943   2.26  -54.7   33.3  28.0 12.60  216.0  1087.4  216.33   39.10   32.26  2218.2  216.63   30.28   26.07  3325.2  216.85   21.44   20.97    1.4     27796.844     13.50   47.24000   39.71000  "Undefined"       0.0     -440.57  0.00000000
04.04.2019 07:43:27.538   8.05200000   8051.69523   2.26  -49.0   39.0  28.0 12.60  216.0  1087.5  216.40   39.10   32.24  2217.6  216.70   30.30   26.05  3324.3  216.93   21.46   20.94    1.4     27807.538     13.50   47.24000   39.71000  "Undefined"       0.0     -304.77  0.00000000
04.04.2019 07:43:38.828   8.05200000   8051.77129   2.26  -44.8   43.1  28.0 12.60  216.0  1087.6  216.34   39.10   32.26  2218.4  216.64   30.28   26.07  3325.6  216.87   21.44   20.96    1.4     27818.828     13.50   47.24000   39.71000  "Undefined"       0.0     -228.71  0.00000000
04.04.2019 07:43:49.379   8.05200000   8051.83270   2.26  -46.7   41.2  28.0 12.60  216.0  1087.5  216.37   39.10   32.25  2217.9  216.67   30.29   26.06  3324.7  216.90   21.45   20.95    1.4     27829.379     13.50   47.24000   39.71000  "Undefined"       0.0     -167.30  0.00000000
04.04.2019 07:44:01.007   8.05200000   8051.76461   2.26  -53.3   34.6  28.0 12.00  215.3  1026.4  215.61   39.50   32.76  2243.1  215.92   29.97   26.20  3408.6  216.16   20.61   20.96    1.4     27841.007     13.50   47.24000   39.71000  "Undefined"       0.0     -235.39  0.00000000
04.04.2019 07:44:11.626   8.05200000   8051.65194   2.26  -46.9   41.0  28.0 12.60  216.0  1088.0  216.35   39.09   32.25  2218.9  216.65   30.28   26.06  3326.1  216.87   21.44   20.96    1.4     27851.626     13.50   47.24000   39.71000  "Undefined"       0.0     -348.06  0.00000000
04.04.2019 07:44:22.906   8.05200000   8051.75704   2.26  -45.5   42.4  28.0 12.00  216.0  1029.3  216.28   39.54   32.62  2237.7  216.59   30.12   25.99  3399.7  216.83   20.83   20.67    1.4     27862.906     13.50   47.24000   39.71000  "Undefined"       0.0     -242.96  0.00000000
04.04.2019 07:44:33.463   8.05200000   8051.78991   2.26  -49.5   38.5  28.0 12.60  215.2  1088.9  215.61   39.02   32.38  2228.7  215.91   30.08   26.27  3341.4  216.14   21.16   21.25    1.4     27873.463     13.50   47.24000   39.71000  "Undefined"       0.0     -210.09  0.00000000
04.04.2019 07:44:45.803   8.05200000   8051.76523   2.26  -48.6   39.4  28.0 12.60  215.3  1088.6  215.67   39.03   32.38  2227.4  215.97   30.10   26.26  3338.7  216.19   21.19   21.23    1.3     27885.803     13.50   47.24000   39.71000  "Undefined"       0.0     -234.77  0.00000000
04.04.2019 07:44:56.356   8.05200000   8051.74657   2.26  -48.1   29.8  28.0 12.00  215.9  1029.0  216.25   39.54   32.63  2237.7  216.57   30.11   26.00  3399.6  216.80   20.83   20.68    1.4     27896.356     13.50   47.24000   39.71000  "Undefined"       0.0     -253.43  0.00000000
04.04.2019 07:45:07.666   8.05200000   8051.72685   2.26  -48.1   39.9  28.0 12.60  215.3  1088.4  215.70   39.03   32.37  2226.7  216.00   30.11   26.25  3337.8  216.22   21.20   21.22    1.4     27907.666     13.50   47.24000   39.71000  "Undefined"       0.0     -273.15  0.00000000
04.04.2019 07:45:19.296   8.05200000   8051.74559   2.26  -48.2   39.7  28.0 13.20  215.3   981.9  215.62   39.85   33.02  2032.7  215.90   31.64   27.23     0.0  215.30    0.00    0.00    1.4     27919.296     13.50   47.24000   39.71000  "Undefined"       0.0     -254.41  0.00000000
04.04.2019 07:45:29.886   8.05200000   8051.78495   2.26  -48.3   39.6  28.0 12.00  216.0  1029.3  216.27   39.54   32.62  2237.7  216.58   30.12   25.99  3399.7  216.82   20.83   20.67    1.4     27929.886     13.50   47.24000   39.71000  "Undefined"       0.0     -215.05  0.00000000
04.04.2019 07:45:40.486   8.05200000   8051.78292   2.26  -54.1   33.8  28.0 12.60  215.2  1088.9  215.61   39.02   32.38  2228.6  215.92   30.08   26.27  3341.3  216.14   21.16   21.25    1.6     27940.486     13.50   47.24000   39.71000  "Undefined"       0.0     -217.08  0.00000000
04.04.2019 07:45:51.766   8.05200000   8051.70178   2.26  -51.2   36.7  28.0 12.60  215.3  1088.4  215.68   39.03   32.37  2226.8  215.98   30.11   26.26  3338.0  216.21   21.20   21.23    1.5     27951.766     13.50   47.24000   39.71000  "Undefined"       0.0     -298.22  0.00000000
04.04.2019 07:46:02.338   8.05200000   8051.78415   2.26  -42.5   45.4  28.0 13.20  215.3   981.8  215.60   39.85   33.02  2032.5  215.88   31.64   27.24     0.0  215.28    0.00    0.00    1.4     27962.338     13.50   47.24000   39.71000  "Undefined"       0.0     -215.85  0.00000000
04.04.2019 07:46:12.888   8.05200000   8051.82705   2.26  -43.2   44.8  28.0 13.20  215.3   981.9  215.60   39.85   33.02  2032.7  215.88   31.64   27.24     0.0  215.28    0.00    0.00    1.4     27972.888     13.50   47.24000   39.71000  "Undefined"       0.0     -172.95  0.00000000
04.04.2019 07:46:23.409   8.05200000   8051.78483   2.26  -47.4   40.5  28.0 12.00  215.3  1026.3  215.57   39.50   32.76  2243.0  215.88   29.96   26.22  3408.5  216.12   20.61   20.98    1.4     27983.409     13.50   47.24000   39.71000  "Undefined"       0.0     -215.17  0.00000000
04.04.2019 07:46:33.985   8.05200000   8051.72065   2.26  -50.5   37.4  28.0 12.60  215.3  1088.8  215.66   39.03   32.38  2227.9  215.97   30.10   26.26  3339.9  216.19   21.18   21.23    1.5     27993.985     13.50   47.24000   39.71000  "Undefined"       0.0     -279.35  0.00000000
04.04.2019 07:46:44.538   8.05200000   8051.66524   2.26  -49.4   38.6  28.0 12.60  215.3  1089.2  215.64   39.02   32.38  2228.4  215.94   30.09   26.27  3340.5  216.17   21.17   21.24    1.3     28004.538     13.50   47.24000   39.71000  "Undefined"       0.0     -334.76  0.00000000
04.04.2019 07:46:56.910   8.05200000   8051.71316   2.26  -44.8   43.1  28.0 13.20  215.3   981.6  215.59   39.85   33.03  2032.1  215.87   31.64   27.24     0.0  215.27    0.00    0.00    1.4     28016.910     13.50   47.24000   39.71000  "Undefined"      -0.0     -286.84  0.00000000
04.04.2019 07:47:07.667   8.05200000   8051.74558   2.26  -42.0   45.9  28.0 13.80  215.3   923.7  215.60   40.30   33.38  1905.9  215.86   32.64   27.88  2921.2  216.08   24.55   23.05    1.3     28027.667     13.50   47.24000   39.71000  "Undefined"       0.0     -254.42  0.00000000
04.04.2019 07:47:18.953   8.05200000   8051.77534   2.26  -44.3   43.6  28.0 13.20  215.3   981.9  215.66   39.85   33.02  2033.0  215.93   31.64   27.22     0.0  215.33    0.00    0.00    1.4     28038.953     13.50   47.24000   39.71000  "Undefined"       0.0     -224.66  0.00000000
04.04.2019 07:47:30.244   8.05200000   8051.82069   2.26  -52.8   35.1  28.0 13.20  215.3   981.6  215.58   39.85   33.03  2031.8  215.85   31.64   27.25     0.0  215.25    0.00    0.00    1.4     28050.244     13.50   47.24000   39.71000  "Undefined"       0.0     -179.31  0.00000000
04.04.2019 07:47:40.802   8.05200000   8051.71101   2.26  -47.3   34.6  28.0 12.60  215.3  1088.8  215.66   39.03   32.38  2227.9  215.96   30.10   26.26  3339.9  216.19   21.18   21.23    1.4     28060.802     13.50   47.24000   39.71000  "Undefined"       0.0     -288.99  0.00000000
04.04.2019 07:47:51.348   8.05200000   8051.75052   2.26  -41.9   44.0  28.0 12.60  215.3  1088.6  215.70   39.03   32.37  2226.9  216.00   30.11   26.25  3338.0  216.23   21.20   21.22    1.4     28071.348     13.50   47.24000   39.71000  "Undefined"       0.0     -249.48  0.00000000
04.04.2019 07:48:01.896   8.05200000   8051.80110   2.26  -45.0   42.9  28.0 12.60  215.3  1088.6  215.67   39.03   32.38  2227.3  215.97   30.10   26.26  3338.7  216.20   21.19   21.23    1.4     28081.896     13.50   47.24000   39.71000  "Undefined"       0.0     -198.90  0.00000000
04.04.2019 07:48:12.437   8.05200000   8051.70423   2.26  -48.4   39.5  28.0 10.20  216.0  1018.7  216.21   39.61   32.70  2282.9  216.46   29.74   25.82  3571.0  216.68   19.41   20.03    1.3     28092.437     13.50   47.24000   39.71000  "Undefined"       0.0     -295.77  0.00000000
04.04.2019 07:48:22.977   8.05200000   8051.73810   2.26  -43.7   44.2  28.0 10.80  216.0   999.1  216.20   39.76   32.82  3437.4  216.99   20.56   20.43     0.0  215.96    0.00    0.00    1.4     28102.977     13.50   47.24000   39.71000  "Undefined"       0.0     -261.90  0.00000000
04.04.2019 07:48:22.977   8.05200000   8051.73810   2.26  -43.7   44.2  28.0 12.60  215.3  1088.6  215.69   39.03   32.37  2227.1  215.99   30.11   26.25  3338.2  216.22   21.20   21.22    1.4     28102.977     13.50   47.24000   39.71000  "Undefined"       0.0     -261.90  0.00000000
04.04.2019 07:48:33.537   8.05200000   8051.76116   2.26  -43.6   44.4  28.0 12.00  216.0  1029.1  216.27   39.54   32.62  2237.5  216.58   30.12   26.00  3399.5  216.82   20.83   20.67    1.4     28113.537     13.50   47.24000   39.71000  "Undefined"       0.0     -238.84  0.00000000
04.04.2019 07:48:45.571   8.05200000   8051.82907   2.26  -45.4   42.6  28.0 12.60  215.9  1088.0  216.32   39.09   32.26  2219.3  216.62   30.27   26.07  3326.8  216.84   21.43   20.97    1.4     28125.571     13.50   47.24000   39.71000  "Undefined"       0.0     -170.93  0.00000000
04.04.2019 07:48:56.851   8.05200000   8051.78740   2.26  -53.0   34.9  28.0 10.80  216.0   999.1  216.24   39.77   32.81  3393.0  217.01   20.93   20.61     0.0  215.99    0.00    0.00    1.4     28136.851     13.50   47.24000   39.71000  "Undefined"       0.0     -212.60  0.00000000
04.04.2019 07:49:07.422   8.05200000   8051.93673   2.26  -58.0   29.9  28.0 10.20  216.7  1019.5  216.93   39.67   32.56  2413.1  217.23   28.83   24.91  3724.5  217.47   18.35   18.99    1.6     28147.422     13.50   47.24000   39.71000  "Undefined"       0.0      -63.27  0.00000000
04.04.2019 07:49:07.422   8.05200000   8051.93673   2.26  -58.0   29.9  28.0 12.60  216.0  1087.8  216.38   39.10   32.25  2218.4  216.68   30.29   26.05  3325.5  216.91   21.45   20.94    1.6     28147.422     13.50   47.24000   39.71000  "Undefined"       0.0      -63.27  0.00000000
04.04.2019 07:49:18.012   8.05200000   8051.60380   2.26  -50.6   37.3  28.0 14.40  215.3   884.3  215.59   40.60   33.62  1815.9  215.85   33.35   28.34  2774.3  216.06   25.73   23.71    1.3     28158.012     13.50   47.24000   39.71000  "Undefined"       0.0     -396.20  0.00000000
04.04.2019 07:49:28.594   8.05200000   8051.70525   2.26  -42.5   43.4  28.0 12.60  216.0  1087.4  216.35   39.10   32.26  2217.9  216.64   30.28   26.07  3324.8  216.87   21.45   20.96    1.4     28168.594     13.50   47.24000   39.71000  "Undefined"       0.0     -294.75  0.00000000
04.04.2019 07:49:39.882   8.05200000   8051.75835   2.26  -45.0   40.9  28.0 15.00  215.3     0.0  215.30    0.00    0.00     0.0  215.30    0.00    0.00     0.0  215.30    0.00    0.00    1.3     28179.882     13.50   47.24000   39.71000  "Undefined"       0.0     -241.65  0.00000000
04.04.2019 07:49:50.429   8.05200000   8051.93466   2.26  -54.3   33.6  28.0 12.00  215.3  1026.4  215.59   39.50   32.76  2243.0  215.91   29.97   26.21  3408.5  216.15   20.61   20.97    1.5     28190.429     13.50   47.24000   39.71000  "Undefined"       0.0      -65.34  0.00000000
04.04.2019 07:50:00.994   8.05200000   8051.51338   2.26  -56.8   31.1  28.0 13.80  216.0   925.1  216.29   40.34   33.26  1912.1  216.56   32.69   27.63  2929.2  216.78   24.62   22.71    1.4     28200.994     13.50   47.24000   39.71000  "Undefined"      -0.0     -486.62  0.00000000
04.04.2019 07:50:12.310   8.05200000   8051.73916   2.26  -50.9   37.0  28.0 13.20  215.3   981.9  215.61   39.85   33.02  2032.7  215.89   31.64   27.24     0.0  215.28    0.00    0.00    1.4     28212.310     13.50   47.24000   39.71000  "Undefined"       0.0     -260.84  0.00000000
04.04.2019 07:50:34.546   8.05200000   8051.68059   2.26  -47.5   40.4  28.0 13.20  215.3   957.1  215.61   40.04   33.17  2051.6  215.89   31.49   27.14  3121.7  216.12   22.93   22.18    1.4     28234.546     13.50   47.24000   39.71000  "Undefined"       0.0     -319.41  0.00000000
04.04.2019 07:50:45.135   8.05200000   8051.83465   2.26  -45.6   40.3  28.0 12.00  215.3   928.3  215.56   40.26   33.36  2004.7  215.78   31.85   27.41  3172.0  216.01   22.50   22.02    1.4     28245.135     13.50   47.24000   39.71000  "Undefined"       0.0     -165.35  0.00000000
04.04.2019 07:50:56.815   8.05200000   8051.78478   2.26  -49.7   38.2  28.0 12.00  215.3   928.3  215.55   40.26   33.36  2004.6  215.78   31.85   27.41  3171.9  216.00   22.50   22.02    1.4     28256.815     13.50   47.24000   39.71000  "Undefined"       0.0     -215.22  0.00000000
04.04.2019 07:51:07.391   8.05200000   8051.76580   2.26  -45.0   43.0  28.0 10.80  216.0   964.8  216.17   40.02   33.03  1989.2  216.35   32.05   27.30  3373.4  216.58   20.99   20.90    1.4     28267.391     13.50   47.24000   39.71000  "Undefined"       0.0     -234.20  0.00000000
04.04.2019 07:51:17.948   8.05200000   8051.86067   2.26  -47.9   40.0  28.0 12.60  216.0   936.1  216.23   40.25   33.20  2208.7  216.56   30.34   26.14  3350.9  216.80   21.22   20.88    1.4     28277.948     13.50   47.24000   39.71000  "Undefined"       0.0     -139.33  0.00000000
04.04.2019 07:51:28.507   8.05200000   8051.02012   2.26  -69.3   22.2  28.0 10.80  216.0   964.7  216.22   40.03   33.02  1989.3  216.40   32.06   27.29  3371.4  216.63   21.02   20.88    1.5     28288.507     13.50   47.24000   39.71000  "Undefined"      62.7     -979.88  0.00000000
04.04.2019 07:51:39.078   8.05200000   8051.70173   2.26  -50.2   37.7  28.0 13.20  216.0   960.3  216.27   40.07   33.04  2054.2  216.54   31.57   26.91  3128.9  216.78   23.01   21.84    1.4     28299.078     13.50   47.24000   39.71000  "Undefined"       0.0     -298.27  0.00000000
04.04.2019 07:51:49.636   8.05200000   8051.78969   2.26  -48.4   39.5  28.0 12.00  216.0   929.1  216.19   40.30   33.25  2027.5  216.43   31.76   27.09  3192.4  216.65   22.47   21.63    1.4     28309.636     13.50   47.24000   39.71000  "Undefined"       0.0     -210.31  0.00000000
04.04.2019 07:51:49.636   8.05200000   8051.78969   2.26  -48.4   39.5  28.0 14.40  215.3   895.4  215.61   40.51   33.55  1842.9  215.85   33.14   28.20  2816.9  216.05   25.38   23.52    1.4     28309.636     13.50   47.24000   39.71000  "Undefined"       0.0     -210.31  0.00000000
04.04.2019 07:52:14.008   8.05200000   8051.76362   2.26  -50.1   37.8  28.0 12.60  216.0   936.1  216.25   40.25   33.20  2207.6  216.58   30.36   26.14  3349.8  216.83   21.24   20.88    1.4     28334.008     13.50   47.24000   39.71000  "Undefined"       0.0     -236.38  0.00000000
04.04.2019 07:52:24.610   8.05200000   8051.79100   2.26  -55.9   32.0  28.0 11.40  215.2   942.2  215.47   40.14   33.29  1962.9  215.66   32.16   27.65  3218.9  215.88   22.10   21.88    1.4     28344.610     13.50   47.24000   39.71000  "Undefined"       0.0     -209.00  0.00000000
04.04.2019 07:52:24.610   8.05200000   8051.79100   2.26  -55.9   32.0  28.0 13.20  214.6   954.3  214.88   40.01   33.31  2049.8  215.15   31.40   27.39  3117.3  215.38   22.82   22.53    1.4     28344.610     13.50   47.24000   39.71000  "Undefined"       0.0     -209.00  0.00000000
04.04.2019 07:52:36.269   8.05200000   8051.68231   2.26  -49.4   38.6  28.0 12.00  216.0   929.1  216.21   40.30   33.25  2028.7  216.45   31.75   27.07  3193.8  216.68   22.46   21.61    1.4     28356.269     13.50   47.24000   39.71000  "Undefined"       0.0     -317.69  0.00000000
04.04.2019 07:52:46.849   8.05200000   8051.78652   2.26  -49.9   38.0  28.0 12.00  216.0   929.1  216.21   40.30   33.25  2028.8  216.45   31.75   27.07  3193.9  216.68   22.46   21.61    1.4     28366.849     13.50   47.24000   39.71000  "Undefined"       0.0     -213.48  0.00000000
04.04.2019 07:53:00.676   8.05200000   8051.74549   2.26  -52.2   35.7  28.0 13.20  216.0   960.1  216.26   40.07   33.05  2054.2  216.53   31.56   26.92  3128.9  216.77   23.01   21.85    1.4     28380.676     13.50   47.24000   39.71000  "Undefined"       0.0     -254.51  0.00000000
04.04.2019 07:53:11.255   8.05200000   8051.75447   2.26  -52.2   35.7  28.0 14.40  216.0   895.9  216.28   40.56   33.44  1845.3  216.52   33.21   27.99  2819.9  216.72   25.49   23.23    1.4     28391.255     13.50   47.24000   39.71000  "Undefined"       0.0     -245.53  0.00000000
04.04.2019 07:53:22.546   8.05200000   8051.81795   2.26  -52.8   35.1  28.0 13.20  215.9   960.1  216.25   40.07   33.05  2054.2  216.52   31.56   26.92  3128.8  216.76   23.01   21.85    1.4     28402.546     13.50   47.24000   39.71000  "Undefined"       0.0     -182.05  0.00000000
04.04.2019 07:53:33.146   8.05200000   8051.32836   1.62  -71.6   17.7  28.0 18.00  216.7  1273.4  217.51   37.78   30.91  3216.8  218.53   22.68   20.65     0.0  216.72    0.00    0.00    1.9     28413.146     13.50   47.24000   39.71000  "Undefined"       0.0     -671.64  0.00000000
04.04.2019 07:53:44.801   8.05200000   8051.91808   2.26  -59.1   28.9  28.0 12.00  214.6   927.4  214.83   40.21   33.48  1986.1  215.05   31.89   27.74  3159.7  215.27   22.45   22.41    1.4     28424.801     13.50   47.24000   39.71000  "Undefined"       0.0      -81.92  0.00000000
04.04.2019 07:53:55.404   8.05200000   8051.16710   2.26  -71.3   19.5  28.0 10.80  214.5   963.8  214.76   39.92   33.28  1980.6  214.94   31.92   27.80  3495.8  215.20   19.69   21.08    1.6     28435.404     13.50   47.24000   39.71000  "Undefined"      62.2     -832.90  0.00000000
04.04.2019 07:54:06.726   8.05200000   8051.54731   2.26  -62.6   25.4  28.0 19.20  216.7  1203.2  217.53   38.32   31.33  2984.8  218.56   24.54   21.69  3759.0  218.91   18.43   18.09    1.6     28446.726     13.50   47.24000   39.71000  "Undefined"       0.0     -452.69  0.00000000
04.04.2019 07:54:17.362   8.05200000   8051.92251   2.26  -55.7   32.3  28.0 12.00  214.6   927.4  214.82   40.21   33.48  1986.0  215.04   31.89   27.74  3159.6  215.26   22.45   22.42    1.4     28457.362     13.50   47.24000   39.71000  "Undefined"       0.0      -77.49  0.00000000
04.04.2019 07:54:27.966   8.05200000   8051.67892   2.26  -48.2   39.7  28.0 11.40  216.0   942.8  216.18   40.19   33.17  1970.2  216.37   32.21   27.39  3209.4  216.59   22.32   21.58    1.4     28467.966     13.50   47.24000   39.71000  "Undefined"       0.0     -321.08  0.00000000
04.04.2019 07:54:38.599   8.05200000   8051.77453   2.26  -47.2   40.7  28.0 10.20  215.3   991.9  215.53   39.76   32.98  2030.8  215.69   31.63   27.31     0.0  215.31    0.00    0.00    1.4     28478.599     13.50   47.24000   39.71000  "Undefined"       0.0     -225.47  0.00000000
04.04.2019 07:54:49.187   8.05200000   8051.85974   2.26  -51.7   36.2  28.0 10.80  216.0   964.8  216.20   40.03   33.03  1989.5  216.38   32.06   27.29  3372.1  216.62   21.01   20.89    1.3     28489.187     13.50   47.24000   39.71000  "Undefined"       0.0     -140.26  0.00000000
04.04.2019 07:54:59.375   8.05200000   8051.65056   2.26  -47.4   40.5  28.0 10.20  215.3   991.9  215.54   39.76   32.98  2030.8  215.70   31.63   27.30     0.0  215.32    0.00    0.00    1.4     28499.375     13.50   47.24000   39.71000  "Undefined"       0.0     -349.44  0.00000000
04.04.2019 07:55:09.943   8.05200000   8051.73981   2.26  -41.7   46.3  28.0 10.20  215.3   991.9  215.53   39.76   32.98  2030.8  215.70   31.63   27.31     0.0  215.32    0.00    0.00    1.4     28509.943     13.50   47.24000   39.71000  "Undefined"       0.0     -260.19  0.00000000
04.04.2019 07:55:20.152   8.05200000   8051.88512   2.26  -42.0   45.9  28.0 10.80  215.3   964.4  215.53   39.98   33.14  1985.3  215.71   31.99   27.53  3412.9  215.95   20.53   21.04    1.4     28520.152     13.50   47.24000   39.71000  "Undefined"       0.0     -114.88  0.00000000
04.04.2019 07:55:30.733   8.05200000   8051.84639   2.26  -50.9   37.0  28.0 12.60  215.3   934.7  215.56   40.21   33.32  2248.4  215.90   29.92   26.18  3396.8  216.15   20.71   21.01    1.3     28530.733     13.50   47.24000   39.71000  "Undefined"       0.0     -153.61  0.00000000
04.04.2019 07:55:41.303   8.05200000   8051.60497   2.26  -49.9   38.0  28.0 12.60  216.0   936.0  216.23   40.25   33.20  2210.0  216.56   30.33   26.14  3352.5  216.81   21.21   20.88    1.4     28541.303     13.50   47.24000   39.71000  "Undefined"       0.0     -395.03  0.00000000
04.04.2019 07:55:51.874   8.05200000   8051.76340   2.26  -48.4   39.5  28.0 14.40  216.0   895.9  216.28   40.56   33.44  1845.5  216.52   33.21   27.99  2820.1  216.72   25.49   23.23    1.4     28551.874     13.50   47.24000   39.71000  "Undefined"       0.0     -236.60  0.00000000
04.04.2019 07:56:02.478   8.05200000   8051.58702   2.26  -49.1   38.8  28.0 28.20  216.7     0.0  216.70    0.00    0.00     0.0  216.70    0.00    0.00     0.0  216.70    0.00    0.00    1.7     28562.478     13.50   47.24000   39.71000  "Undefined"       0.0     -412.98  0.00000000
04.04.2019 07:56:02.478   8.05200000   8051.58702   2.26  -49.1   38.8  28.0 11.40  215.3   942.2  215.51   40.15   33.28  1963.3  215.70   32.17   27.64  3218.5  215.92   22.11   21.86    1.4     28562.478     13.50   47.24000   39.71000  "Undefined"       0.0     -412.98  0.00000000
04.04.2019 07:56:24.718   8.05200000   8051.16230   2.26  -48.0   42.4  28.0 12.60  215.3   934.5  215.57   40.21   33.32  2249.1  215.92   29.92   26.18  3397.7  216.17   20.70   21.00    1.4     28584.718     13.50   47.24000   39.71000  "Undefined"      62.7     -837.70  0.00000000
04.04.2019 07:56:24.718   8.05200000   8051.16230   2.26  -48.0   42.4  28.0 28.20  216.7     0.0  216.75    0.00    0.00     0.0  216.75    0.00    0.00     0.0  216.75    0.00    0.00    1.3     28584.718     13.50   47.24000   39.71000  "Undefined"      62.7     -837.70  0.00000000
04.04.2019 07:56:35.270   8.05200000   8051.68551   2.26  -41.7   44.2  28.0 28.20  216.7     0.0  216.72    0.00    0.00     0.0  216.72    0.00    0.00     0.0  216.72    0.00    0.00    1.4     28595.270     13.50   47.24000   39.71000  "Undefined"       0.0     -314.49  0.00000000
04.04.2019 07:56:45.856   8.05200000   8051.72853   2.26  -38.0   47.9  28.0 11.40  215.3   942.2  215.47   40.14   33.29  1962.9  215.66   32.16   27.65  3219.0  215.89   22.10   21.88    1.4     28605.856     13.50   47.24000   39.71000  "Undefined"       0.0     -271.47  0.00000000
04.04.2019 07:56:45.856   8.05200000   8051.72853   2.26  -38.0   47.9  28.0 28.80  216.7     0.0  216.75    0.00    0.00     0.0  216.75    0.00    0.00     0.0  216.75    0.00    0.00    1.4     28605.856     13.50   47.24000   39.71000  "Undefined"       0.0     -271.47  0.00000000
04.04.2019 07:56:56.433   8.05200000   8051.73818   2.26  -35.8   50.1  28.0 28.20  216.7     0.0  216.72    0.00    0.00     0.0  216.72    0.00    0.00     0.0  216.72    0.00    0.00    1.4     28616.433     13.50   47.24000   39.71000  "Undefined"       0.0     -261.82  0.00000000
04.04.2019 07:56:56.433   8.05200000   8051.73818   2.26  -35.8   50.1  28.0 12.00  215.3   928.2  215.52   40.25   33.36  2003.6  215.75   31.85   27.42  3171.0  215.97   22.50   22.04    1.3     28616.433     13.50   47.24000   39.71000  "Undefined"       0.0     -261.82  0.00000000
04.04.2019 07:57:07.014   8.05200000   8051.74664   2.26  -34.7   49.2  28.0 28.20  216.7     0.0  216.73    0.00    0.00     0.0  216.73    0.00    0.00     0.0  216.73    0.00    0.00    1.4     28627.014     13.50   47.24000   39.71000  "Undefined"       0.0     -253.36  0.00000000
04.04.2019 07:57:07.014   8.05200000   8051.74664   2.26  -34.7   49.2  28.0 13.20  215.3   956.9  215.55   40.04   33.18  2051.3  215.82   31.48   27.16  3121.1  216.06   22.92   22.21    1.4     28627.014     13.50   47.24000   39.71000  "Undefined"       0.0     -253.36  0.00000000
04.04.2019 07:57:18.381   8.05200000   8051.76832   2.26  -35.9   50.0  28.0 10.20  215.3   991.9  215.50   39.76   32.98  2030.7  215.67   31.62   27.32     0.0  215.29    0.00    0.00    1.4     28638.381     13.50   47.24000   39.71000  "Undefined"       0.0     -231.68  0.00000000
04.04.2019 07:57:18.381   8.05200000   8051.76832   2.26  -35.9   50.0  28.0 28.20  216.7     0.0  216.75    0.00    0.00     0.0  216.75    0.00    0.00     0.0  216.75    0.00    0.00    1.4     28638.381     13.50   47.24000   39.71000  "Undefined"       0.0     -231.68  0.00000000
04.04.2019 07:57:28.939   8.05200000   8051.52658   2.26  -42.9   46.5  28.0 10.20  215.3   991.9  215.51   39.76   32.98  2030.7  215.68   31.63   27.31     0.0  215.30    0.00    0.00    1.4     28648.939     13.50   47.24000   39.71000  "Undefined"      63.5     -473.42  0.00000000
04.04.2019 07:57:28.939   8.05200000   8051.52658   2.26  -42.9   46.5  28.0 29.40  216.7     0.0  216.74    0.00    0.00     0.0  216.74    0.00    0.00     0.0  216.74    0.00    0.00    1.3     28648.939     13.50   47.24000   39.71000  "Undefined"      63.5     -473.42  0.00000000
04.04.2019 07:57:39.525   8.05200000   8051.75454   2.26  -42.7   43.2  28.0 10.20  215.3   991.9  215.53   39.76   32.98  2030.8  215.70   31.63   27.31     0.0  215.32    0.00    0.00    1.4     28659.525     13.50   47.24000   39.71000  "Undefined"       0.0     -245.46  0.00000000
04.04.2019 07:57:50.814   8.05200000   8051.46596   2.26  -41.0   48.6  28.0 28.80  216.7     0.0  216.70    0.00    0.00     0.0  216.70    0.00    0.00     0.0  216.70    0.00    0.00    1.4     28670.814     13.50   47.24000   39.71000  "Undefined"      70.6     -534.04  0.00000000
04.04.2019 07:57:50.814   8.05200000   8051.46596   2.26  -41.0   48.6  28.0 10.20  216.0   992.3  216.17   39.81   32.86  2034.0  216.34   31.70   27.08     0.0  215.96    0.00    0.00    1.4     28670.814     13.50   47.24000   39.71000  "Undefined"      70.6     -534.04  0.00000000
04.04.2019 07:58:01.383   8.05200000   8051.50076   2.26  -42.0   47.7  28.0 28.20  216.7     0.0  216.70    0.00    0.00     0.0  216.70    0.00    0.00     0.0  216.70    0.00    0.00    1.4     28681.383     13.50   47.24000   39.71000  "Undefined"      67.1     -499.24  0.00000000
04.04.2019 07:58:01.383   8.05200000   8051.50076   2.26  -42.0   47.7  28.0 10.80  215.3   964.4  215.54   39.98   33.14  1985.3  215.72   31.99   27.52  3413.2  215.96   20.53   21.04    1.4     28681.383     13.50   47.24000   39.71000  "Undefined"      67.1     -499.24  0.00000000
04.04.2019 07:58:11.989   8.05200000   8051.74329   2.26  -43.1   45.3  28.0 13.80  215.9   969.6  216.27   39.99   32.99  1982.5  216.53   32.13   27.28  3012.7  216.75   23.94   22.36    1.4     28691.989     13.50   47.24000   39.71000  "Undefined"      64.7     -256.71  0.00000000
04.04.2019 07:58:11.989   8.05200000   8051.74329   2.26  -43.1   45.3  28.0 10.80  215.3   964.4  215.55   39.98   33.14  1985.4  215.72   31.99   27.52  3412.1  215.97   20.54   21.04    1.4     28691.989     13.50   47.24000   39.71000  "Undefined"      64.7     -256.71  0.00000000
04.04.2019 07:58:11.989   8.05200000   8051.74329   2.26  -43.1   45.3  28.0 28.20  216.7     0.0  216.71    0.00    0.00     0.0  216.71    0.00    0.00     0.0  216.71    0.00    0.00    1.3     28691.989     13.50   47.24000   39.71000  "Undefined"      64.7     -256.71  0.00000000
04.04.2019 07:58:22.578   8.05200000   8051.89281   2.26  -42.3   45.6  28.0 28.80  217.4     0.0  217.42    0.00    0.00     0.0  217.42    0.00    0.00     0.0  217.42    0.00    0.00    1.4     28702.578     13.50   47.24000   39.71000  "Undefined"       0.0     -107.19  0.00000000
04.04.2019 07:58:22.578   8.05200000   8051.89281   2.26  -42.3   45.6  28.0 12.00  216.0   929.1  216.19   40.30   33.25  2027.3  216.43   31.76   27.09  3192.1  216.65   22.47   21.63    1.4     28702.578     13.50   47.24000   39.71000  "Undefined"       0.0     -107.19  0.00000000
04.04.2019 07:58:57.507   8.05200000   8051.97300   1.90  -42.7   46.0  28.0 25.20  216.8  1247.1  218.10   38.04   30.94  2303.6  219.01   30.00   24.81  3366.3  219.82   21.78   19.36    1.4     28737.507     13.50   47.24000   39.71000  "Undefined"       0.0      -27.00  0.00000000
04.04.2019 07:58:57.507   8.05200000   8051.97300   1.90  -42.7   46.0  28.0 11.40  215.3   942.3  215.55   40.15   33.27  1963.8  215.74   32.17   27.62  3218.0  215.96   22.12   21.84    1.4     28737.507     13.50   47.24000   39.71000  "Undefined"       0.0      -27.00  0.00000000
04.04.2019 07:58:57.507   8.05200000   8051.97300   1.90  -42.7   46.0  28.0 27.60  217.4     0.0  217.42    0.00    0.00     0.0  217.42    0.00    0.00     0.0  217.42    0.00    0.00    1.4     28737.507     13.50   47.24000   39.71000  "Undefined"       0.0      -27.00  0.00000000
04.04.2019 07:58:57.507   8.05200000   8051.97300   1.90  -42.7   46.0  28.0 15.00  216.0   850.5  216.26   40.90   33.73  1751.5  216.49   33.95   28.49  2683.2  216.68   26.58   23.86    1.4     28737.507     13.50   47.24000   39.71000  "Undefined"       0.0      -27.00  0.00000000
04.04.2019 07:59:09.156   8.05200000   8051.92439   2.26  -40.6   47.3  28.0 26.40  216.7     0.0  216.75    0.00    0.00     0.0  216.75    0.00    0.00     0.0  216.75    0.00    0.00    1.4     28749.156     13.50   47.24000   39.71000  "Undefined"       0.0      -75.61  0.00000000
04.04.2019 07:59:09.156   8.05200000   8051.92439   2.26  -40.6   47.3  28.0 28.20  217.4     0.0  217.42    0.00    0.00     0.0  217.42    0.00    0.00     0.0  217.42    0.00    0.00    1.4     28749.156     13.50   47.24000   39.71000  "Undefined"       0.0      -75.61  0.00000000
04.04.2019 07:59:09.156   8.05200000   8051.92439   2.26  -40.6   47.3  28.0 12.00  215.3   928.3  215.54   40.26   33.36  2004.3  215.77   31.85   27.42  3171.7  215.99   22.50   22.03    1.4     28749.156     13.50   47.24000   39.71000  "Undefined"       0.0      -75.61  0.00000000
04.04.2019 07:59:19.721   8.05200000   8051.74879   2.26  -38.0   47.9  28.0 13.20  216.0   960.2  216.27   40.07   33.04  2054.3  216.55   31.57   26.91  3129.1  216.79   23.01   21.84    1.4     28759.721     13.50   47.24000   39.71000  "Undefined"       0.0     -251.21  0.00000000
04.04.2019 07:59:19.721   8.05200000   8051.74879   2.26  -38.0   47.9  28.0 27.60  216.8     0.0  216.75    0.00    0.00     0.0  216.75    0.00    0.00     0.0  216.75    0.00    0.00    1.4     28759.721     13.50   47.24000   39.71000  "Undefined"       0.0     -251.21  0.00000000
04.04.2019 07:59:30.359   8.05200000   8051.56284   2.26  -36.5   47.4  28.0 13.80  215.9   969.6  216.27   39.99   32.99  1982.6  216.53   32.13   27.28  3012.8  216.75   23.94   22.36    1.4     28770.359     13.50   47.24000   39.71000  "Undefined"       0.0     -437.16  0.00000000
04.04.2019 07:59:30.359   8.05200000   8051.56284   2.26  -36.5   47.4  28.0 11.40  215.3   942.3  215.55   40.15   33.27  1963.7  215.74   32.17   27.62  3217.9  215.96   22.12   21.84    1.4     28770.359     13.50   47.24000   39.71000  "Undefined"       0.0     -437.16  0.00000000
04.04.2019 07:59:30.359   8.05200000   8051.56284   2.26  -36.5   47.4  28.0 28.80  217.4     0.0  217.41    0.00    0.00     0.0  217.41    0.00    0.00     0.0  217.41    0.00    0.00    1.4     28770.359     13.50   47.24000   39.71000  "Undefined"       0.0     -437.16  0.00000000
