
[strDate]   [strTime]   [Frq_rpu]    [Frq_meg]    [Band]  [E]   [S_N] [Att]  [B]     [A]    [S0]  [aIRI0]   [Lat0]  [Lon0]   [S1]  [aIRI1]  [Lat1]  [Lon1]   [S2]  [aIRI2]  [Lat2]  [Lon2] [Sigm] [Time_sec]  [Cource]  [BaseLat]  [BaseLon]  [TypeSignalName]  [DispApd]  [Dopler]  [Delay]
04.04.2019 13:59:49.199   9.99600000   9995.99910   0.07  -88.8   16.4  28.0 11.40  352.8   934.4  352.89   55.43   37.98  1914.9  353.09   64.14   35.12  3368.1  353.97   76.91   26.27    1.5     50389.199     13.50   47.10740   39.80800  "Undefined"       0.0       -0.90  0.00000000
04.04.2019 14:00:02.127   9.99600000   9995.82153   0.07  -95.9    9.3  28.0 10.80  352.8   958.6  352.89   55.65   37.92  1955.2  353.09   64.49   34.96  3072.8  353.58   74.32   28.74    1.7     50402.127     13.50   47.10740   39.80800  "Undefined"       0.0     -178.47  0.00000000
04.04.2019 14:00:02.127   9.99600000   9995.99978   0.33  -42.9   55.4  28.0 10.80  352.8   958.6  352.92   55.65   37.93  1955.3  353.12   64.50   34.98  3073.3  353.61   74.33   28.78    1.4     50402.127     13.50   47.10740   39.80800  "Undefined"       0.0       -0.22  0.00000000
04.04.2019 14:00:16.285   9.99600000   9995.99980   0.40  -42.7   54.8  28.0 13.80  351.4  1918.2  352.06   64.11   34.42     0.0  351.36    0.00    0.00     0.0  351.36    0.00    0.00    1.3     50416.285     13.50   47.10740   39.80800  "Undefined"       0.0       -0.20  0.00000000
04.04.2019 14:00:28.116   9.99600000   9995.99980   0.24  -46.5   45.1  28.0 11.40  352.8   934.4  352.90   55.44   37.98  1914.9  353.10   64.14   35.13  3370.2  353.98   76.93   26.27    1.4     50428.116     13.50   47.10740   39.80800  "Undefined"       0.0       -0.20  0.00000000
04.04.2019 14:00:39.931   9.99600000   9995.99980   0.29  -45.4   49.5  28.0  9.00  353.5  1058.3  353.60   56.55   37.89  2147.3  353.80   66.23   34.73  3287.1  354.28   76.26   27.85    1.4     50439.931     13.50   47.10740   39.80800  "Undefined"       0.0       -0.20  0.00000000
04.04.2019 14:00:51.815   9.99600000   9995.99978   0.27  -45.0   54.2  28.0 10.80  353.5   958.8  353.59   55.67   38.11  1956.1  353.77   64.54   35.43  3081.1  354.23   74.47   29.74    1.4     50451.815     13.50   47.10740   39.80800  "Undefined"       0.0       -0.22  0.00000000
04.04.2019 14:01:03.607   9.99600000   9995.99979   0.40  -42.0   55.5  28.0 12.00  352.8   916.0  352.91   55.27   38.03  1896.5  353.12   63.98   35.21  3121.9  353.74   74.77   28.54    1.4     50463.607     13.50   47.10740   39.80800  "Undefined"       0.0       -0.21  0.00000000
04.04.2019 14:01:15.520   9.99600000   9995.99981   0.35  -43.0   53.0  28.0  9.60  353.5  1020.9  353.62   56.22   37.98  2073.8  353.81   65.58   35.02  3187.2  354.26   75.40   28.83    1.4     50475.520     13.50   47.10740   39.80800  "Undefined"       0.0       -0.19  0.00000000
04.04.2019 14:01:27.317   9.99600000   9995.99979   0.27  -48.0   51.2  28.0 12.00  352.8   916.0  352.90   55.27   38.03  1896.4  353.11   63.98   35.20  3121.7  353.73   74.76   28.52    1.5     50487.317     13.50   47.10740   39.80800  "Undefined"       0.0       -0.21  0.00000000
04.04.2019 14:01:40.230   9.99600000   9995.99978   0.29  -45.0   53.9  28.0 12.00  352.8   916.0  352.92   55.27   38.03  1896.5  353.12   63.98   35.22  3121.9  353.74   74.77   28.55    1.4     50500.230     13.50   47.10740   39.80800  "Undefined"       0.0       -0.22  0.00000000
04.04.2019 14:01:53.136   9.99600000   9995.99981   0.18  -53.0   48.0  28.0 13.20  353.5   919.8  353.61   55.32   38.20     0.0  353.49    0.00    0.00     0.0  353.49    0.00    0.00    1.5     50513.136     13.50   47.10740   39.80800  "Undefined"       0.0       -0.19  0.00000000
04.04.2019 14:02:03.865   9.99600000   9995.99978   0.13  -51.7   48.5  28.0 10.80  352.8   958.6  352.91   55.65   37.93  1955.3  353.11   64.50   34.98  3073.2  353.60   74.33   28.76    1.5     50523.865     13.50   47.10740   39.80800  "Undefined"       0.0       -0.22  0.00000000
04.04.2019 14:02:16.893   9.99600000   9995.99981   0.22  -50.7   49.3  28.0 10.80  352.8   958.6  352.92   55.65   37.93  1955.2  353.12   64.50   34.99  3073.4  353.61   74.33   28.79    1.5     50536.893     13.50   47.10740   39.80800  "Undefined"       0.0       -0.19  0.00000000
04.04.2019 14:02:28.572   9.99600000   9995.99984   0.27  -47.9   49.3  28.0 10.80  353.5   958.7  353.59   55.67   38.11  1956.0  353.77   64.54   35.43  3081.2  354.23   74.47   29.75    1.5     50548.572     13.50   47.10740   39.80800  "Undefined"       0.0       -0.16  0.00000000
04.04.2019 14:02:40.354   9.99600000   9995.99977   0.40  -42.7   52.7  28.0 10.80  352.8   958.7  352.92   55.65   37.93  1955.4  353.11   64.50   34.98  3073.2  353.60   74.33   28.78    1.4     50560.354     13.50   47.10740   39.80800  "Undefined"       0.0       -0.23  0.00000000
04.04.2019 14:02:53.273   9.99600000   9995.99980   0.33  -43.6   54.6  28.0 10.20  353.5   987.8  353.60   55.93   38.05  2009.8  353.79   65.02   35.25  3110.6  354.22   74.73   29.47    1.4     50573.273     13.50   47.10740   39.80800  "Undefined"       0.0       -0.20  0.00000000
04.04.2019 14:03:09.494   9.99600000   9995.99979   0.40  -41.8   55.7  28.0 10.20  352.8   987.6  352.94   55.91   37.87  2009.0  353.14   64.97   34.79  3106.2  353.61   74.61   28.47    1.4     50589.494     13.50   47.10740   39.80800  "Undefined"       0.0       -0.21  0.00000000
04.04.2019 14:03:22.399   9.99600000   9995.99981   0.35  -40.1   51.8  28.0 10.80  352.8   958.6  352.92   55.65   37.93  1955.3  353.12   64.50   34.99  3073.3  353.61   74.33   28.79    1.4     50602.399     13.50   47.10740   39.80800  "Undefined"       0.0       -0.19  0.00000000
04.04.2019 14:03:35.405   9.99600000   9995.99979   0.40  -43.0   54.5  28.0 10.20  352.8   987.5  352.90   55.91   37.86  2008.7  353.11   64.97   34.76  3105.7  353.57   74.60   28.42    1.4     50615.405     13.50   47.10740   39.80800  "Undefined"       0.0       -0.21  0.00000000
04.04.2019 14:03:49.402   9.99600000   9995.99980   0.40  -42.0   55.9  28.0  9.60  352.8  1020.6  352.93   56.20   37.78  2072.7  353.13   65.53   34.51  3182.8  353.62   75.27   27.71    1.4     50629.402     13.50   47.10740   39.80800  "Undefined"      63.2       -0.20  0.00000000
04.04.2019 14:04:01.227   9.99600000   9995.99979   0.29  -44.6   54.3  28.0 10.80  352.8   958.7  352.92   55.65   37.93  1955.4  353.12   64.50   34.98  3073.2  353.60   74.33   28.78    1.4     50641.227     13.50   47.10740   39.80800  "Undefined"       0.0       -0.21  0.00000000
04.04.2019 14:04:13.025   9.99600000   9995.99978   0.29  -45.8   53.1  28.0 11.40  352.8   934.5  352.90   55.44   37.98  1915.0  353.10   64.14   35.13  3372.5  353.98   76.95   26.24    1.4     50653.025     13.50   47.10740   39.80800  "Undefined"       0.0       -0.22  0.00000000
04.04.2019 14:04:27.840   9.99600000   9995.99982   0.40  -42.3   55.2  28.0 10.20  352.8   987.6  352.94   55.91   37.87  2008.9  353.15   64.97   34.79  3106.1  353.61   74.61   28.48    1.4     50667.840     13.50   47.10740   39.80800  "Undefined"       0.0       -0.18  0.00000000
04.04.2019 14:04:39.658   9.99600000   9995.99978   0.27  -44.9   50.3  28.0 10.80  352.8   958.7  352.92   55.65   37.93  1955.4  353.12   64.50   34.98  3073.2  353.61   74.33   28.78    1.4     50679.658     13.50   47.10740   39.80800  "Undefined"       0.0       -0.22  0.00000000
04.04.2019 14:04:51.383   9.99600000   9995.99981   0.35  -43.1   52.9  28.0 11.40  352.8   934.5  352.92   55.44   37.99  1915.1  353.12   64.14   35.14  3371.9  354.00   76.95   26.28    1.4     50691.383     13.50   47.10740   39.80800  "Undefined"       0.0       -0.19  0.00000000
04.04.2019 14:05:05.467   9.99600000   9995.99977   0.40  -43.2   54.3  28.0 10.80  352.8   958.6  352.89   55.65   37.92  1955.2  353.09   64.49   34.97  3073.0  353.58   74.32   28.74    1.4     50705.467     13.50   47.10740   39.80800  "Undefined"       0.0       -0.23  0.00000000
04.04.2019 14:05:18.373   9.99600000   9995.99976   0.24  -48.5   51.0  28.0  9.60  353.5  1020.8  353.62   56.22   37.98  2073.6  353.82   65.58   35.03  3187.0  354.26   75.40   28.83    1.3     50718.373     13.50   47.10740   39.80800  "Undefined"       0.0       -0.24  0.00000000
04.04.2019 14:05:31.314   9.99600000   9995.99981   0.24  -47.3   52.3  28.0 10.80  352.8   958.5  352.94   55.65   37.94  1955.2  353.14   64.50   35.00  3073.6  353.63   74.33   28.82    1.4     50731.314     13.50   47.10740   39.80800  "Undefined"       0.0       -0.19  0.00000000
04.04.2019 14:05:46.845   9.99600000   9995.99980   0.20  -47.8   50.7  28.0  8.40  354.2  1101.6  354.34   56.96   38.03  2232.9  354.53   67.04   35.00  3411.7  355.00   77.44   28.01    1.4     50746.845     13.50   47.10740   39.80800  "Undefined"       0.0       -0.20  0.00000000
04.04.2019 14:05:58.659   9.99600000   9995.99984   0.18  -49.1   47.9  28.0 10.20  353.5   990.8  353.64   55.95   38.05  2016.4  353.82   65.08   35.25  3129.3  354.27   74.90   29.39    1.4     50758.659     13.50   47.10740   39.80800  "Undefined"       0.0       -0.16  0.00000000
04.04.2019 14:06:10.504   9.99600000   9995.99982   0.15  -45.1   46.4  28.0 10.20  353.5   990.8  353.61   55.95   38.04  2016.3  353.79   65.07   35.23  3129.0  354.24   74.89   29.34    1.4     50770.504     13.50   47.10740   39.80800  "Undefined"       0.0       -0.18  0.00000000
04.04.2019 14:06:22.352   9.99600000   9995.99980   0.40  -43.0   52.4  28.0 12.60  353.5   916.6  353.58   55.29   38.19  2555.9  354.16   69.87   33.18     0.0  353.47    0.00    0.00    1.4     50782.352     13.50   47.10740   39.80800  "Undefined"       0.0       -0.20  0.00000000
04.04.2019 14:06:35.424   9.99600000   9995.99983   0.27  -47.5   49.7  28.0 12.00  352.8   922.0  352.94   55.33   38.02  1917.9  353.16   64.17   35.16     0.0  352.83    0.00    0.00    1.4     50795.424     13.50   47.10740   39.80800  "Undefined"       0.0       -0.17  0.00000000
04.04.2019 14:06:49.467   9.99600000   9995.99977   0.20  -51.2   47.3  28.0 10.80  352.8   962.3  352.94   55.68   37.93  1963.9  353.15   64.57   34.97  3118.2  353.67   74.72   28.47    1.4     50809.467     13.50   47.10740   39.80800  "Undefined"       0.0       -0.23  0.00000000
04.04.2019 14:07:02.418   9.99600000   9995.99989   0.11  -66.2   36.8  28.0  7.20  355.7  1197.2  355.77   57.84   38.32  2424.0  355.93   68.81   35.63  3693.9  356.39   80.08   28.27    1.6     50822.418     13.50   47.10740   39.80800  "Undefined"       0.0       -0.11  0.00000000
04.04.2019 14:07:15.434   9.99600000   9995.99977   0.11  -53.7   47.3  28.0  9.00  352.8  1060.6  352.94   56.56   37.69  2150.7  353.16   66.22   34.19  3290.3  353.68   76.20   26.63    1.5     50835.434     13.50   47.10740   39.80800  "Undefined"       0.0       -0.23  0.00000000
04.04.2019 14:07:27.470   9.99600000   9995.99979   0.13  -52.5   45.7  28.0 12.00  353.5   922.1  353.63   55.34   38.20  1920.2  353.83   64.22   35.60     0.0  353.53    0.00    0.00    1.4     50847.470     13.50   47.10740   39.80800  "Undefined"       0.0       -0.21  0.00000000
04.04.2019 14:07:39.314   9.99600000   9995.99979   0.27  -46.4   50.8  28.0 13.20  353.5   942.8  353.60   55.52   38.14     0.0  353.47    0.00    0.00     0.0  353.47    0.00    0.00    1.4     50859.314     13.50   47.10740   39.80800  "Undefined"       0.0       -0.21  0.00000000
04.04.2019 14:07:50.041   9.99600000   9995.99895   0.07  -96.5    6.7  28.0 11.40  353.5   939.0  353.58   55.49   38.15  1928.2  353.77   64.29   35.53  3287.5  354.47   76.29   28.23    1.5     50870.041     13.50   47.10740   39.80800  "Undefined"       0.0       -1.05  0.00000000
04.04.2019 14:08:00.778   9.99600000   9995.99930   0.07  -93.4    9.8  28.0  9.60  352.8  1023.4  352.88   56.23   37.76  2078.0  353.10   65.58   34.46  3193.3  353.59   75.36   27.55    1.4     50880.778     13.50   47.10740   39.80800  "Undefined"       0.0       -0.70  0.00000000
04.04.2019 14:08:11.511   9.99600000   9995.99916   0.07  -93.7    7.6  28.0 10.20  353.5   990.9  353.60   55.95   38.04  2016.5  353.78   65.08   35.22  3129.1  354.23   74.89   29.33    1.5     50891.511     13.50   47.10740   39.80800  "Undefined"       0.0       -0.84  0.00000000
04.04.2019 14:08:32.616   9.99600000   9995.99928   0.07  -97.7    5.5  28.0 10.20  352.8   990.6  352.94   55.94   37.86  2015.4  353.15   65.03   34.76  3124.2  353.63   74.77   28.34    1.5     50912.616     13.50   47.10740   39.80800  "Undefined"       0.0       -0.72  0.00000000
04.04.2019 14:08:44.444   9.99600000   9996.00108   0.07  -98.7    4.5  28.0 12.00  352.8   921.9  352.91   55.32   38.02  1917.9  353.13   64.17   35.14  3149.5  353.77   75.01   28.33    1.5     50924.444     13.50   47.10740   39.80800  "Undefined"       0.0        1.08  0.00000000
04.04.2019 14:08:55.288   9.99600000   9995.99981   0.40  -52.5   42.9  28.0 12.00  353.5   922.1  353.64   55.34   38.20  1920.2  353.84   64.22   35.60     0.0  353.53    0.00    0.00    1.4     50935.288     13.50   47.10740   39.80800  "Undefined"       0.0       -0.19  0.00000000
04.04.2019 14:09:06.034   9.99600000   9995.99985   0.40  -48.8   44.6  28.0  9.60  353.5  1023.7  353.61   56.25   37.97  2079.2  353.80   65.63   34.99  3198.1  354.25   75.49   28.72    1.4     50946.034     13.50   47.10740   39.80800  "Undefined"       0.0       -0.15  0.00000000
04.04.2019 14:09:16.649   9.99600000   9995.99975   0.40  -47.3   48.2  28.0  9.00  355.0  1061.3  355.04   56.61   38.32  2153.8  355.20   66.37   35.84  3302.7  355.59   76.57   30.37    1.3     50956.649     13.50   47.10740   39.80800  "Undefined"       0.0       -0.25  0.00000000
04.04.2019 14:09:29.665   9.99600000   9995.99980   0.40  -48.4   47.0  28.0 11.40  352.1   938.5  352.20   55.46   37.80  1925.4  352.43   64.19   34.64  3285.6  353.26   76.10   25.86    1.3     50969.665     13.50   47.10740   39.80800  "Undefined"       0.0       -0.20  0.00000000
04.04.2019 14:09:40.398   9.99600000   9995.99979   0.40  -51.8   43.6  28.0 13.20  352.1   940.9  352.26   55.48   37.80  2934.4  353.31   73.09   29.55     0.0  352.12    0.00    0.00    1.4     50980.398     13.50   47.10740   39.80800  "Undefined"       0.0       -0.21  0.00000000
04.04.2019 14:09:51.128   9.99600000   9995.99976   0.27  -49.0   48.2  28.0  9.60  352.8  1023.5  352.92   56.23   37.77  2078.1  353.13   65.58   34.49  3193.6  353.62   75.37   27.61    1.4     50991.128     13.50   47.10740   39.80800  "Undefined"       0.0       -0.24  0.00000000
04.04.2019 14:10:02.950   9.99600000   9995.99995   0.35  -65.0   31.0  28.0  7.20  353.5  1196.6  353.67   57.79   37.59  2421.0  353.91   68.66   33.60  3680.2  354.56   79.66   23.04    1.4     51002.950     13.50   47.10740   39.80800  "Undefined"       0.0       -0.05  0.00000000
04.04.2019 14:10:15.985   9.99600000   9995.99942   0.40  -67.0   28.4  28.0  6.00  351.4  1309.9  351.54   58.72   36.49  2645.0  351.90   70.42   30.05  3987.5  352.97   81.69   10.06    1.8     51015.985     13.50   47.10740   39.80800  "Undefined"       0.0       -0.58  0.00000000
04.04.2019 14:10:26.699   9.99600000   9996.00001   0.40  -59.6   35.9  28.0 10.20  354.2   991.1  354.29   55.97   38.23  2017.7  354.46   65.12   35.71  3134.4  354.87   75.01   30.40    1.4     51026.699     13.50   47.10740   39.80800  "Undefined"       0.0        0.01  0.00000000
04.04.2019 14:10:38.237   9.99600000   9995.99995   0.11  -69.0   32.0  28.0 10.80  354.2   962.7  354.31   55.71   38.29  1966.2  354.48   64.66   35.89  3145.2  354.94   75.11   30.44    1.6     51038.237     13.50   47.10740   39.80800  "Undefined"       0.0       -0.05  0.00000000
04.04.2019 14:10:48.946   9.99600000   9995.99976   0.40  -59.8   35.6  28.0 11.40  353.5   939.0  353.65   55.49   38.16  1928.4  353.84   64.30   35.57  3288.5  354.53   76.31   28.35    1.4     51048.946     13.50   47.10740   39.80800  "Undefined"       0.0       -0.24  0.00000000
04.04.2019 14:11:00.782   9.99600000   9996.00006   0.40  -57.1   38.3  28.0  9.60  353.5  1023.7  353.65   56.25   37.98  2079.2  353.84   65.63   35.03  3198.3  354.29   75.50   28.79    1.4     51060.782     13.50   47.10740   39.80800  "Undefined"       0.0        0.06  0.00000000
04.04.2019 14:11:11.513   9.99600000   9995.99995   0.07  -98.9    4.3  28.0 11.40  353.5   938.9  353.57   55.49   38.15  1928.1  353.76   64.29   35.53  3286.5  354.47   76.28   28.23    1.5     51071.513     13.50   47.10740   39.80800  "Undefined"       0.0       -0.05  0.00000000
04.04.2019 14:11:22.240   9.99600000   9995.99990   0.40  -60.6   34.8  28.0 10.80  353.5   962.5  353.56   55.70   38.09  1965.0  353.75   64.62   35.38  3129.0  354.24   74.89   29.35    1.5     51082.240     13.50   47.10740   39.80800  "Undefined"       0.0       -0.10  0.00000000
04.04.2019 14:11:34.050   9.99600000   9996.00014   0.27  -68.7   30.5  28.0 13.20  352.0   941.2  352.19   55.48   37.78  2937.6  353.25   73.11   29.44     0.0  352.04    0.00    0.00    1.8     51094.050     13.50   47.10740   39.80800  "Undefined"       0.0        0.14  0.00000000
04.04.2019 14:11:47.116   9.99600000   9995.99997   0.40  -57.3   38.2  28.0  9.60  353.6  1023.7  353.66   56.25   37.99  2079.2  353.85   65.63   35.03  3198.4  354.30   75.50   28.80    1.5     51107.116     13.50   47.10740   39.80800  "Undefined"       0.0       -0.03  0.00000000
04.04.2019 14:11:58.930   9.99600000   9995.99981   0.40  -54.7   40.7  28.0 10.80  353.5   962.5  353.60   55.70   38.10  1965.1  353.79   64.62   35.41  3129.8  354.28   74.90   29.41    1.4     51118.930     13.50   47.10740   39.80800  "Undefined"       0.0       -0.19  0.00000000
04.04.2019 14:12:10.778   9.99600000   9996.00012   0.40  -50.4   45.0  28.0 10.20  352.9   990.7  352.97   55.94   37.87  2015.6  353.17   65.03   34.78  3124.5  353.65   74.78   28.37    1.4     51130.778     13.50   47.10740   39.80800  "Undefined"       0.0        0.12  0.00000000
04.04.2019 14:12:24.728   9.99600000   9996.00003   0.40  -51.0   44.4  28.0 11.40  352.8   938.8  352.91   55.47   37.98  1926.9  353.12   64.25   35.10  3286.2  353.88   76.20   27.08    1.4     51144.728     13.50   47.10740   39.80800  "Undefined"       0.0        0.03  0.00000000
04.04.2019 14:12:35.561   9.99600000   9996.00006   0.40  -56.8   36.7  28.0 11.40  352.8   938.8  352.91   55.47   37.98  1926.9  353.12   64.25   35.10  3285.4  353.88   76.19   27.09    1.4     51155.561     13.50   47.10740   39.80800  "Undefined"       0.0        0.06  0.00000000
04.04.2019 14:12:47.388   9.99600000   9996.00025   0.07  -92.2   13.0  28.0  9.60  352.8  1023.5  352.91   56.23   37.77  2078.2  353.12   65.58   34.48  3193.6  353.61   75.37   27.59    1.4     51167.388     13.50   47.10740   39.80800  "Undefined"       0.0        0.25  0.00000000
04.04.2019 14:12:58.139   9.99600000   9995.99997   0.40  -50.9   42.6  28.0 10.80  353.5   962.4  353.56   55.70   38.09  1964.9  353.74   64.62   35.38  3129.3  354.24   74.89   29.34    1.4     51178.139     13.50   47.10740   39.80800  "Undefined"       0.0       -0.03  0.00000000
04.04.2019 14:13:09.958   9.99600000   9995.99997   0.40  -56.0   41.5  28.0 10.80  352.8   962.2  352.91   55.68   37.92  1963.8  353.12   64.57   34.95  3117.9  353.65   74.72   28.42    1.4     51189.958     13.50   47.10740   39.80800  "Undefined"       0.0       -0.03  0.00000000
04.04.2019 14:13:20.674   9.99600000   9995.99970   0.40  -60.1   33.4  28.0 12.60  353.5   916.6  353.58   55.29   38.19  2563.8  354.17   69.94   33.15     0.0  353.47    0.00    0.00    1.4     51200.674     13.50   47.10740   39.80800  "Undefined"       0.0       -0.30  0.00000000
04.04.2019 14:13:32.112   9.99600000   9995.99995   0.40  -63.9   31.5  28.0 11.40  353.5   939.0  353.62   55.49   38.16  1928.3  353.81   64.29   35.56  3287.7  354.51   76.30   28.31    1.3     51212.112     13.50   47.10740   39.80800  "Undefined"       0.0       -0.05  0.00000000
04.04.2019 14:13:42.870   9.99600000   9996.00009   0.40  -60.4   35.0  28.0 10.20  352.8   990.6  352.90   55.93   37.85  2015.2  353.11   65.03   34.73  3123.8  353.59   74.76   28.27    1.4     51222.870     13.50   47.10740   39.80800  "Undefined"       0.0        0.09  0.00000000
04.04.2019 14:13:54.700   9.99600000   9995.99981   0.40  -64.4   33.0  28.0 12.60  354.2   917.0  354.31   55.31   38.38  2520.5  354.81   69.60   34.07     0.0  354.21    0.00    0.00    1.5     51234.700     13.50   47.10740   39.80800  "Undefined"       0.0       -0.19  0.00000000
04.04.2019 14:14:06.692   9.99600000   9996.00016   0.40  -62.3   33.2  28.0 10.80  353.5   962.4  353.62   55.70   38.11  1965.1  353.80   64.62   35.42  3130.3  354.30   74.91   29.43    1.5     51246.692     13.50   47.10740   39.80800  "Undefined"       0.0        0.16  0.00000000
04.04.2019 14:14:18.498   9.99600000   9995.99910   0.07  -95.2    8.0  28.0 10.20  352.8   990.6  352.94   55.94   37.86  2015.3  353.14   65.03   34.76  3124.1  353.63   74.77   28.33    1.5     51258.498     13.50   47.10740   39.80800  "Undefined"       0.0       -0.90  0.00000000
04.04.2019 14:14:29.215   9.99600000   9995.99977   0.40  -59.1   38.4  28.0 12.00  353.5   922.1  353.57   55.34   38.18  1920.0  353.77   64.22   35.56     0.0  353.46    0.00    0.00    1.5     51269.215     13.50   47.10740   39.80800  "Undefined"       0.0       -0.23  0.00000000
04.04.2019 14:14:42.125   9.99600000   9995.99985   0.40  -57.9   37.5  28.0 10.20  352.8   990.6  352.92   55.94   37.86  2015.3  353.13   65.03   34.75  3124.0  353.61   74.77   28.30    1.4     51282.125     13.50   47.10740   39.80800  "Undefined"       0.0       -0.15  0.00000000
04.04.2019 14:14:55.218   9.99600000   9995.99986   0.40  -54.8   40.7  28.0 10.20  352.8   990.7  352.95   55.94   37.86  2015.6  353.15   65.03   34.76  3124.3  353.63   74.77   28.34    1.4     51295.218     13.50   47.10740   39.80800  "Undefined"       0.0       -0.14  0.00000000
04.04.2019 14:15:05.921   9.99600000   9995.99986   0.40  -49.9   43.5  28.0  9.60  352.8  1023.4  352.91   56.23   37.77  2078.0  353.12   65.58   34.48  3193.4  353.62   75.36   27.60    1.3     51305.921     13.50   47.10740   39.80800  "Undefined"       0.0       -0.14  0.00000000
04.04.2019 14:15:18.851   9.99600000   9995.99974   0.40  -50.3   45.2  28.0 10.20  352.8   990.7  352.96   55.94   37.86  2015.5  353.16   65.03   34.77  3124.4  353.64   74.77   28.35    1.4     51318.851     13.50   47.10740   39.80800  "Undefined"       0.0       -0.26  0.00000000
04.04.2019 14:15:29.603   9.99600000   9996.00006   0.40  -55.1   40.4  28.0  9.60  352.8  1023.6  352.96   56.23   37.79  2078.3  353.17   65.59   34.52  3194.1  353.66   75.38   27.68    1.4     51329.603     13.50   47.10740   39.80800  "Undefined"       0.0        0.06  0.00000000
04.04.2019 14:15:43.498   9.99600000   9995.99971   0.07  -88.8   14.5  28.0 10.80  352.9   962.3  352.97   55.68   37.93  1964.0  353.17   64.58   34.98  3117.7  353.70   74.72   28.51    1.5     51343.498     13.50   47.10740   39.80800  "Undefined"       0.0       -0.29  0.00000000
04.04.2019 14:15:54.225   9.99600000   9995.99995   0.40  -47.4   48.0  28.0 10.80  352.9   962.3  352.97   55.68   37.93  1964.0  353.17   64.58   34.98  3118.6  353.70   74.73   28.50    1.4     51354.225     13.50   47.10740   39.80800  "Undefined"       0.0       -0.05  0.00000000
04.04.2019 14:16:06.181   9.99600000   9995.99994   0.40  -46.3   49.2  28.0 11.40  352.9   938.8  352.97   55.48   37.99  1927.1  353.17   64.25   35.13  3286.6  353.93   76.21   27.17    1.4     51366.181     13.50   47.10740   39.80800  "Undefined"       0.0       -0.06  0.00000000
04.04.2019 14:16:16.925   9.99600000   9995.99984   0.40  -44.4   45.1  28.0 10.80  353.5   962.5  353.59   55.70   38.10  1965.1  353.77   64.62   35.40  3129.3  354.27   74.90   29.39    1.4     51376.925     13.50   47.10740   39.80800  "Undefined"       0.0       -0.16  0.00000000
04.04.2019 14:16:29.836   9.99600000   9995.99981   0.40  -46.8   44.7  28.0 10.80  352.8   962.3  352.95   55.68   37.93  1963.9  353.15   64.57   34.97  3118.5  353.68   74.73   28.48    1.4     51389.836     13.50   47.10740   39.80800  "Undefined"       0.0       -0.19  0.00000000
04.04.2019 14:16:40.559   9.99600000   9996.00001   0.40  -56.6   36.8  28.0 10.80  352.8   962.2  352.96   55.68   37.93  1963.9  353.16   64.58   34.98  3117.8  353.69   74.72   28.49    1.4     51400.559     13.50   47.10740   39.80800  "Undefined"       0.0        0.01  0.00000000
04.04.2019 14:16:51.294   9.99600000   9995.99977   0.40  -49.4   46.1  28.0 10.80  352.8   962.2  352.91   55.68   37.92  1963.8  353.11   64.57   34.95  3117.7  353.64   74.72   28.42    1.5     51411.294     13.50   47.10740   39.80800  "Undefined"       0.0       -0.23  0.00000000
04.04.2019 14:17:03.139   9.99600000   9996.00004   0.40  -56.0   39.4  28.0 10.80  353.5   962.6  353.61   55.70   38.10  1965.3  353.79   64.62   35.41  3129.5  354.29   74.90   29.42    1.4     51423.139     13.50   47.10740   39.80800  "Undefined"       0.0        0.04  0.00000000
04.04.2019 14:17:13.835   9.99600000   9995.99984   0.40  -55.8   37.6  28.0 10.20  352.8   990.6  352.95   55.94   37.86  2015.3  353.16   65.03   34.77  3124.2  353.64   74.77   28.35    1.5     51433.835     13.50   47.10740   39.80800  "Undefined"       0.0       -0.16  0.00000000
04.04.2019 14:17:24.544   9.99600000   9995.99803   0.40  -81.5   13.9  28.0 10.20  352.8   990.6  352.94   55.94   37.86  2015.4  353.14   65.03   34.76  3124.2  353.62   74.77   28.32    1.4     51444.544     13.50   47.10740   39.80800  "Undefined"      -0.0       -1.97  0.00000000
04.04.2019 14:17:35.403   9.99600000   9995.99965   0.07  -90.4   12.8  28.0 10.20  352.8   990.7  352.91   55.94   37.85  2015.5  353.11   65.03   34.74  3124.0  353.60   74.76   28.28    1.4     51455.403     13.50   47.10740   39.80800  "Undefined"       0.0       -0.35  0.00000000
04.04.2019 14:17:46.119   9.99600000   9995.99968   0.40  -48.4   45.1  28.0 10.80  352.8   962.3  352.94   55.68   37.93  1963.9  353.15   64.57   34.97  3118.2  353.67   74.72   28.47    1.4     51466.119     13.50   47.10740   39.80800  "Undefined"       0.0       -0.32  0.00000000
04.04.2019 14:17:57.965   9.99600000   9995.99984   0.40  -49.8   35.7  28.0 11.40  352.8   938.9  352.96   55.48   37.99  1927.1  353.17   64.25   35.13  3286.9  353.93   76.21   27.16    1.4     51477.965     13.50   47.10740   39.80800  "Undefined"       0.0       -0.16  0.00000000
04.04.2019 14:18:08.720   9.99600000   9996.00001   0.20  -56.1   40.4  28.0 12.60  352.8   916.3  352.95   55.27   38.04  2603.1  353.62   70.24   32.31  3751.0  354.65   80.27   21.95    1.4     51488.720     13.50   47.10740   39.80800  "Undefined"       0.0        0.01  0.00000000
04.04.2019 14:18:22.690   9.99600000   9996.00006   0.40  -56.1   37.3  28.0 10.80  352.9   962.3  352.98   55.69   37.94  1964.1  353.18   64.58   35.00  3118.8  353.71   74.74   28.53    1.4     51502.690     13.50   47.10740   39.80800  "Undefined"       0.0        0.06  0.00000000
04.04.2019 14:18:33.418   9.99600000   9996.00010   0.07  -93.2   10.0  28.0 11.40  352.8   938.8  352.87   55.47   37.97  1926.8  353.08   64.24   35.07  3285.9  353.85   76.19   27.01    1.5     51513.418     13.50   47.10740   39.80800  "Undefined"       0.0        0.10  0.00000000
04.04.2019 14:18:44.243   9.99600000   9995.99972   0.40  -50.5   43.0  28.0 11.40  352.8   938.7  352.95   55.47   37.99  1926.9  353.15   64.25   35.12  3284.8  353.91   76.19   27.16    1.4     51524.243     13.50   47.10740   39.80800  "Undefined"       0.0       -0.28  0.00000000
04.04.2019 14:18:54.990   9.99600000   9996.00001   0.35  -52.4   43.6  28.0 11.40  352.8   938.8  352.95   55.48   37.99  1927.0  353.15   64.25   35.12  3286.0  353.91   76.20   27.14    1.4     51534.990     13.50   47.10740   39.80800  "Undefined"       0.0        0.01  0.00000000
04.04.2019 14:19:06.886   9.99600000   9995.99964   0.40  -53.6   31.8  28.0  9.60  352.8  1023.5  352.90   56.23   37.77  2078.1  353.12   65.58   34.48  3193.5  353.61   75.36   27.58    1.4     51546.886     13.50   47.10740   39.80800  "Undefined"       0.0       -0.36  0.00000000
04.04.2019 14:19:17.516   9.99600000   9995.99950   0.07  -96.3    6.9  28.0 11.40  353.5   939.0  353.58   55.49   38.15  1928.2  353.77   64.29   35.53  3287.7  354.47   76.30   28.24    1.7     51557.516     13.50   47.10740   39.80800  "Undefined"       0.0       -0.50  0.00000000
04.04.2019 14:19:29.327   9.99600000   9995.99967   0.40  -63.5   31.9  28.0 10.80  352.9   962.3  352.97   55.68   37.93  1963.9  353.17   64.58   34.98  3118.7  353.70   74.73   28.50    1.4     51569.327     13.50   47.10740   39.80800  "Undefined"       0.0       -0.33  0.00000000
04.04.2019 14:19:40.080   9.99600000   9995.99998   0.20  -53.8   40.6  28.0 10.80  353.4   962.5  353.55   55.70   38.09  1965.1  353.74   64.62   35.38  3128.5  354.23   74.89   29.34    1.4     51580.080     13.50   47.10740   39.80800  "Undefined"       0.0       -0.02  0.00000000
04.04.2019 14:19:51.542   9.99600000   9995.99995   0.40  -50.1   45.4  28.0 11.40  352.9   938.8  352.97   55.48   37.99  1927.0  353.18   64.25   35.13  3285.8  353.94   76.20   27.19    1.5     51591.542     13.50   47.10740   39.80800  "Undefined"       0.0       -0.05  0.00000000
04.04.2019 14:20:02.301   9.99600000   9996.00040   0.40  -64.6   30.8  28.0 11.40  353.5   938.9  353.63   55.49   38.16  1928.2  353.81   64.29   35.56  3286.9  354.51   76.29   28.32    1.4     51602.301     13.50   47.10740   39.80800  "Undefined"       0.0        0.40  0.00000000
04.04.2019 14:20:14.200   9.99600000   9996.00027   0.40  -51.0   42.5  28.0  9.60  353.5  1023.7  353.64   56.25   37.98  2079.2  353.83   65.63   35.02  3198.2  354.28   75.50   28.76    1.4     51614.200     13.50   47.10740   39.80800  "Undefined"       0.0        0.27  0.00000000
04.04.2019 14:20:26.123   9.99600000   9995.99990   0.40  -45.0   26.5  28.0 10.80  352.9   962.3  352.99   55.68   37.94  1964.1  353.19   64.58   35.00  3118.0  353.71   74.73   28.53    1.4     51626.123     13.50   47.10740   39.80800  "Undefined"       0.0       -0.10  0.00000000
04.04.2019 14:20:39.037   9.99600000   9996.00024   0.40  -43.8   41.7  28.0 10.20  352.8   994.4  352.94   55.97   37.85  2023.7  353.15   65.10   34.73  3149.8  353.65   74.99   28.12    1.4     51639.037     13.50   47.10740   39.80800  "Undefined"       0.0        0.24  0.00000000
04.04.2019 14:20:49.765   9.99600000   9996.00013   0.40  -46.9   42.6  28.0 10.80  352.8   966.7  352.92   55.72   37.91  1974.8  353.13   64.67   34.92  3274.2  353.83   76.09   27.11    1.4     51649.765     13.50   47.10740   39.80800  "Undefined"       0.0        0.13  0.00000000
04.04.2019 14:21:00.553   9.99600000   9996.00028   0.40  -49.3   40.2  28.0 11.40  352.8   944.5  352.94   55.53   37.97  1943.4  353.15   64.39   35.05  3265.8  353.88   76.02   27.31    1.4     51660.553     13.50   47.10740   39.80800  "Undefined"       0.0        0.28  0.00000000
04.04.2019 14:21:11.326   9.99600000   9995.99987   0.40  -49.6   39.9  28.0 10.80  352.8   966.7  352.90   55.72   37.91  1974.6  353.11   64.67   34.90  3274.0  353.81   76.08   27.07    1.3     51671.326     13.50   47.10740   39.80800  "Undefined"       0.0       -0.13  0.00000000
04.04.2019 14:21:22.089   9.99600000   9995.99994   0.40  -45.1   42.4  28.0 10.80  352.8   966.7  352.92   55.72   37.91  1974.7  353.13   64.67   34.91  3275.1  353.83   76.09   27.09    1.4     51682.089     13.50   47.10740   39.80800  "Undefined"       0.0       -0.06  0.00000000
04.04.2019 14:21:33.961   9.99600000   9996.00004   0.40  -43.5   41.9  28.0 10.80  353.5   966.8  353.60   55.74   38.09  1975.8  353.79   64.72   35.38  3809.2  355.20   80.87   22.55    1.4     51693.961     13.50   47.10740   39.80800  "Undefined"       0.0        0.04  0.00000000
04.04.2019 14:21:45.946   9.99600000   9995.99996   0.40  -42.0   41.4  28.0 10.20  352.8   994.3  352.94   55.97   37.85  2023.6  353.15   65.10   34.73  3149.8  353.65   74.99   28.12    1.4     51705.946     13.50   47.10740   39.80800  "Undefined"       0.0       -0.04  0.00000000
04.04.2019 14:21:57.852   9.99600000   9996.00012   0.40  -42.4   43.0  28.0 10.80  352.9   966.8  352.99   55.72   37.93  1974.9  353.20   64.67   34.96  3283.0  353.90   76.17   27.15    1.4     51717.852     13.50   47.10740   39.80800  "Undefined"       0.0        0.12  0.00000000
04.04.2019 14:22:09.187   9.99600000   9995.99997   0.40  -48.7   40.8  28.0 12.00  352.8   929.8  352.94   55.39   38.01  1952.4  353.18   64.47   35.04     0.0  352.82    0.00    0.00    1.4     51729.187     13.50   47.10740   39.80800  "Undefined"       0.0       -0.03  0.00000000
04.04.2019 14:22:22.118   9.99600000   9995.99993   0.40  -50.8   42.7  28.0 12.00  352.9   929.8  352.97   55.40   38.01  1952.8  353.20   64.48   35.05     0.0  352.85    0.00    0.00    1.5     51742.118     13.50   47.10740   39.80800  "Undefined"       0.0       -0.07  0.00000000
04.04.2019 14:22:35.157   9.99600000   9996.00025   0.40  -46.2   41.2  28.0  8.40  354.2  1105.0  354.33   56.99   38.02  2239.5  354.53   67.09   34.97  3423.0  355.01   77.54   27.89    1.3     51755.157     13.50   47.10740   39.80800  "Undefined"       0.0        0.25  0.00000000
04.04.2019 14:22:45.876   9.99600000   9995.99984   0.40  -48.1   41.3  28.0 10.80  352.9   966.7  352.97   55.72   37.93  1974.8  353.18   64.67   34.95  3282.0  353.88   76.16   27.12    1.4     51765.876     13.50   47.10740   39.80800  "Undefined"       0.0       -0.16  0.00000000
04.04.2019 14:22:57.739   9.99600000   9995.99996   0.40  -45.8   41.6  28.0 10.80  353.5   966.9  353.60   55.74   38.09  1975.9  353.79   64.72   35.37  3641.1  354.91   79.40   24.69    1.4     51777.739     13.50   47.10740   39.80800  "Undefined"       0.0       -0.04  0.00000000
04.04.2019 14:23:08.492   9.99600000   9996.00009   0.40  -45.3   42.1  28.0 10.80  353.5   966.9  353.61   55.74   38.09  1976.0  353.80   64.72   35.38  3567.6  354.81   78.75   25.54    1.4     51788.492     13.50   47.10740   39.80800  "Undefined"       0.0        0.09  0.00000000
04.04.2019 14:23:20.389   9.99600000   9996.00004   0.40  -46.5   41.0  28.0 11.40  352.9   944.6  352.98   55.53   37.98  1943.6  353.19   64.40   35.08  3266.5  353.92   76.04   27.38    1.4     51800.389     13.50   47.10740   39.80800  "Undefined"       0.0        0.04  0.00000000
04.04.2019 14:23:30.765   9.99600000   9995.99996   0.40  -47.3   42.1  28.0 10.80  352.8   966.6  352.94   55.72   37.92  1974.6  353.15   64.67   34.93  3282.6  353.85   76.16   27.06    1.4     51810.765     13.50   47.10740   39.80800  "Undefined"       0.0       -0.04  0.00000000
04.04.2019 14:23:43.295   9.99600000   9996.00027   0.40  -49.0   42.5  28.0 11.40  353.5   944.8  353.62   55.54   38.14  1945.2  353.81   64.44   35.50  3267.1  354.48   76.12   28.46    1.3     51823.295     13.50   47.10740   39.80800  "Undefined"       0.0        0.27  0.00000000
04.04.2019 14:23:53.996   9.99600000   9996.00004   0.40  -50.4   43.1  28.0 11.40  353.4   944.7  353.56   55.54   38.13  1945.0  353.75   64.44   35.46  3266.8  354.43   76.11   28.36    1.4     51833.996     13.50   47.10740   39.80800  "Undefined"       0.0        0.04  0.00000000
04.04.2019 14:24:07.072   9.99600000   9995.99983   0.40  -52.4   41.0  28.0 10.80  352.8   966.6  352.94   55.72   37.92  1974.6  353.15   64.67   34.93  3282.1  353.86   76.16   27.07    1.4     51847.072     13.50   47.10740   39.80800  "Undefined"       0.0       -0.17  0.00000000
04.04.2019 14:24:17.832   9.99600000   9995.99978   0.40  -52.9   40.6  28.0 12.60  352.9   929.9  352.99   55.40   38.02     0.0  352.87    0.00    0.00     0.0  352.87    0.00    0.00    1.4     51857.832     13.50   47.10740   39.80800  "Undefined"       0.0       -0.22  0.00000000
04.04.2019 14:24:31.799   9.99600000   9996.00001   0.40  -47.4   44.0  28.0 12.00  352.8   929.8  352.96   55.40   38.01  1952.7  353.20   64.48   35.05     0.0  352.85    0.00    0.00    1.4     51871.799     13.50   47.10740   39.80800  "Undefined"       0.0        0.01  0.00000000
04.04.2019 14:24:46.355   9.99600000   9995.99994   0.40  -47.1   42.3  28.0 11.40  352.9   944.5  352.99   55.53   37.98  1943.5  353.20   64.40   35.09  3265.6  353.93   76.03   27.40    1.4     51886.355     13.50   47.10740   39.80800  "Undefined"       0.0       -0.06  0.00000000
04.04.2019 14:24:58.131   9.99600000   9996.00005   0.40  -47.4   40.1  28.0 11.40  353.5   944.7  353.56   55.54   38.13  1945.0  353.75   64.44   35.46  3266.5  354.43   76.11   28.37    1.4     51898.131     13.50   47.10740   39.80800  "Undefined"       0.0        0.05  0.00000000
04.04.2019 14:25:09.555   9.99600000   9996.00005   0.40  -48.8   40.6  28.0 10.80  353.5   966.9  353.58   55.74   38.09  1975.9  353.77   64.71   35.36  3535.1  354.74   78.46   25.83    1.4     51909.555     13.50   47.10740   39.80800  "Undefined"       0.0        0.05  0.00000000
04.04.2019 14:25:22.438   9.99600000   9996.00015   0.40  -50.8   40.7  28.0 11.40  353.5   944.7  353.58   55.54   38.13  1945.0  353.77   64.44   35.47  3266.5  354.45   76.11   28.40    1.4     51922.438     13.50   47.10740   39.80800  "Undefined"       0.0        0.15  0.00000000
04.04.2019 14:25:37.639   9.99600000   9996.00008   0.40  -45.9   39.5  28.0  9.60  353.5  1026.9  353.59   56.27   37.96  2085.6  353.79   65.69   34.96  3213.5  354.25   75.63   28.57    1.4     51937.639     13.50   47.10740   39.80800  "Undefined"       0.0        0.08  0.00000000
04.04.2019 14:25:48.383   9.99600000   9996.00012   0.40  -44.5   40.9  28.0 11.40  352.8   944.6  352.96   55.53   37.97  1943.6  353.17   64.40   35.07  3266.4  353.90   76.03   27.34    1.4     51948.383     13.50   47.10740   39.80800  "Undefined"       0.0        0.12  0.00000000
04.04.2019 14:26:02.407   9.99600000   9995.99990   0.40  -44.4   43.1  28.0 11.40  353.5   944.7  353.59   55.54   38.14  1945.1  353.78   64.44   35.48  3266.6  354.45   76.11   28.41    1.4     51962.407     13.50   47.10740   39.80800  "Undefined"       0.0       -0.10  0.00000000
04.04.2019 14:26:13.219   9.99600000   9996.00013   0.40  -45.9   39.5  28.0 11.40  353.5   944.8  353.58   55.54   38.13  1945.1  353.77   64.44   35.47  3267.1  354.44   76.11   28.39    1.4     51973.219     13.50   47.10740   39.80800  "Undefined"       0.0        0.13  0.00000000
04.04.2019 14:26:26.304   9.99600000   9996.00018   0.40  -44.1   41.3  28.0 10.20  353.5   994.6  353.57   55.99   38.03  2024.7  353.77   65.15   35.18  3156.3  354.24   75.13   29.09    1.4     51986.304     13.50   47.10740   39.80800  "Undefined"       0.0        0.18  0.00000000
04.04.2019 14:26:39.220   9.99600000   9995.99987   0.40  -43.8   41.7  28.0 10.80  353.5   966.9  353.56   55.74   38.08  1975.9  353.75   64.71   35.35  3493.9  354.66   78.10   26.21    1.4     51999.220     13.50   47.10740   39.80800  "Undefined"       0.0       -0.13  0.00000000
04.04.2019 14:26:51.107   9.99600000   9995.99979   0.40  -40.1   55.3  28.0 10.80  353.5   966.9  353.63   55.74   38.10  1976.0  353.82   64.72   35.40  3885.3  355.37   81.54   21.50    1.3     52011.107     13.50   47.10740   39.80800  "Undefined"       0.0       -0.21  0.00000000
04.04.2019 14:27:02.986   9.99600000   9996.00011   0.40  -46.3   41.2  28.0 11.40  353.5   944.7  353.59   55.54   38.14  1945.0  353.78   64.44   35.48  3266.3  354.46   76.11   28.42    1.4     52022.986     13.50   47.10740   39.80800  "Undefined"       0.0        0.11  0.00000000
04.04.2019 14:27:14.795   9.99600000   9996.00008   0.40  -47.0   42.5  28.0 10.80  352.8   966.8  352.96   55.72   37.92  1974.8  353.17   64.67   34.94  3278.6  353.87   76.13   27.13    1.4     52034.795     13.50   47.10740   39.80800  "Undefined"       0.0        0.08  0.00000000
04.04.2019 14:27:26.756   9.99600000   9995.99990   0.40  -47.0   44.4  28.0 10.80  353.5   966.9  353.61   55.74   38.09  1976.0  353.80   64.72   35.38  3560.2  354.80   78.69   25.62    1.4     52046.756     13.50   47.10740   39.80800  "Undefined"       0.0       -0.10  0.00000000
04.04.2019 14:27:37.547   9.99600000   9996.00024   0.40  -52.7   40.8  28.0  9.00  353.5  1063.5  353.61   56.60   37.88  2156.6  353.82   66.32   34.70  3304.6  354.31   76.42   27.72    1.4     52057.547     13.50   47.10740   39.80800  "Undefined"       0.0        0.24  0.00000000
04.04.2019 14:27:48.255   9.99600000   9996.00021   0.40  -56.4   39.0  28.0  7.80  353.5  1149.4  353.67   57.37   37.70  2326.1  353.89   67.82   34.03  3542.9  354.47   78.48   25.05    1.4     52068.255     13.50   47.10740   39.80800  "Undefined"       0.0        0.21  0.00000000
04.04.2019 14:28:00.137   9.99600000   9995.99992   0.40  -58.1   37.4  28.0 11.40  353.5   944.8  353.61   55.54   38.14  1945.2  353.80   64.44   35.49  3267.0  354.48   76.12   28.45    1.5     52080.137     13.50   47.10740   39.80800  "Undefined"       0.0       -0.08  0.00000000
04.04.2019 14:28:10.849   9.99600000   9996.00033   0.40  -54.6   36.8  28.0  9.60  353.5  1027.0  353.63   56.27   37.97  2085.9  353.82   65.69   34.99  3214.0  354.29   75.63   28.62    1.4     52090.849     13.50   47.10740   39.80800  "Undefined"       0.0        0.33  0.00000000
04.04.2019 14:28:21.579   9.99600000   9995.99998   0.40  -51.9   41.6  28.0 10.20  353.5   994.6  353.60   55.99   38.03  2024.9  353.79   65.15   35.19  3156.6  354.26   75.13   29.12    1.4     52101.579     13.50   47.10740   39.80800  "Undefined"       0.0       -0.02  0.00000000
04.04.2019 14:28:33.435   9.99600000   9996.00001   0.40  -55.0   38.5  28.0 10.20  353.5   994.7  353.64   55.99   38.04  2025.1  353.83   65.15   35.22  3157.1  354.30   75.14   29.19    1.4     52113.435     13.50   47.10740   39.80800  "Undefined"       0.0        0.01  0.00000000
04.04.2019 14:28:48.221   9.99600000   9995.99986   0.40  -46.8   40.7  28.0 11.40  353.5   944.8  353.56   55.54   38.13  1945.0  353.75   64.44   35.46  3266.9  354.43   76.11   28.37    1.4     52128.221     13.50   47.10740   39.80800  "Undefined"       0.0       -0.14  0.00000000
04.04.2019 14:29:00.066   9.99600000   9995.99990   0.40  -50.0   41.5  28.0 10.80  353.5   966.9  353.56   55.74   38.08  1975.9  353.75   64.71   35.35  3477.1  354.64   77.95   26.37    1.4     52140.066     13.50   47.10740   39.80800  "Undefined"       0.0       -0.10  0.00000000
04.04.2019 14:29:12.952   9.99600000   9996.00012   0.40  -53.2   40.2  28.0 13.80  347.0  1651.6  347.79   61.49   33.29     0.0  347.04    0.00    0.00     0.0  347.04    0.00    0.00    1.7     52152.952     13.50   47.10740   39.80800  "Undefined"       0.0        0.12  0.00000000
04.04.2019 14:29:12.952   9.99600000   9996.00012   0.40  -53.2   40.2  28.0 12.00  352.8   929.8  352.92   55.39   38.00  1952.2  353.15   64.47   35.02     0.0  352.80    0.00    0.00    1.4     52152.952     13.50   47.10740   39.80800  "Undefined"       0.0        0.12  0.00000000
04.04.2019 14:29:24.759   9.99600000   9995.99994   0.40  -55.2   34.3  28.0 10.80  347.8   964.8  347.94   55.56   36.61  1964.5  348.26   64.20   31.65  3089.7  349.03   73.67   21.41    1.6     52164.759     13.50   47.10740   39.80800  "Undefined"       0.0       -0.06  0.00000000
04.04.2019 14:29:24.759   9.99600000   9995.99994   0.40  -55.2   34.3  28.0 11.40  353.5   944.7  353.59   55.54   38.14  1945.0  353.79   64.44   35.48  3266.3  354.46   76.11   28.43    1.4     52164.759     13.50   47.10740   39.80800  "Undefined"       0.0       -0.06  0.00000000
04.04.2019 14:29:36.709   9.99600000   9995.99998   0.40  -52.7   40.8  28.0 14.40  347.0  1463.4  347.65   59.86   34.24  3219.2  349.37   74.78   19.93     0.0  347.03    0.00    0.00    1.6     52176.709     13.50   47.10740   39.80800  "Undefined"       0.0       -0.02  0.00000000
04.04.2019 14:29:36.709   9.99600000   9995.99998   0.40  -52.7   40.8  28.0 12.00  352.8   929.8  352.91   55.39   38.00  1952.3  353.14   64.47   35.01     0.0  352.79    0.00    0.00    1.4     52176.709     13.50   47.10740   39.80800  "Undefined"       0.0       -0.02  0.00000000
04.04.2019 14:29:47.461   9.99600000   9995.99954   0.07  -93.4    9.8  28.0 12.60  352.8   929.8  352.92   55.39   38.00     0.0  352.80    0.00    0.00     0.0  352.80    0.00    0.00    1.4     52187.461     13.50   47.10740   39.80800  "Undefined"       0.0       -0.46  0.00000000
04.04.2019 14:29:59.286   9.99600000   9995.99981   0.35  -42.6   55.3  28.0 12.00  352.8   929.8  352.96   55.40   38.01  1952.5  353.19   64.48   35.05     0.0  352.84    0.00    0.00    1.4     52199.286     13.50   47.10740   39.80800  "Undefined"       0.0       -0.19  0.00000000
04.04.2019 14:30:11.097   9.99600000   9995.99981   0.35  -44.1   53.9  28.0 11.40  352.8   944.5  352.94   55.53   37.97  1943.5  353.16   64.39   35.06  3266.2  353.89   76.03   27.32    1.4     52211.097     13.50   47.10740   39.80800  "Undefined"       0.0       -0.19  0.00000000
04.04.2019 14:30:24.026   9.99600000   9995.99982   0.29  -47.9   51.0  28.0 13.20  352.8   989.9  352.97   55.93   37.87     0.0  352.82    0.00    0.00     0.0  352.82    0.00    0.00    1.5     52224.026     13.50   47.10740   39.80800  "Undefined"       0.0       -0.18  0.00000000
04.04.2019 14:30:34.736   9.99600000   9995.99987   0.13  -52.9   47.3  28.0 12.00  352.1   929.5  352.21   55.38   37.82     0.0  352.07    0.00    0.00     0.0  352.07    0.00    0.00    1.4     52234.736     13.50   47.10740   39.80800  "Undefined"       0.0       -0.13  0.00000000
04.04.2019 14:30:45.633   9.99600000   9995.99987   0.18  -55.0   46.0  28.0 12.60  352.8   929.8  352.92   55.39   38.00     0.0  352.79    0.00    0.00     0.0  352.79    0.00    0.00    1.5     52245.633     13.50   47.10740   39.80800  "Undefined"       0.0       -0.13  0.00000000
04.04.2019 14:30:56.383   9.99600000   9995.99977   0.22  -50.9   47.1  28.0 11.40  352.8   944.4  352.91   55.52   37.96  1943.3  353.12   64.39   35.04  3265.1  353.86   76.01   27.27    1.4     52256.383     13.50   47.10740   39.80800  "Undefined"       0.0       -0.23  0.00000000
04.04.2019 14:31:08.228   9.99600000   9995.99982   0.24  -47.6   50.0  28.0 11.40  352.8   944.4  352.91   55.52   37.96  1943.3  353.13   64.39   35.04  3265.0  353.86   76.01   27.28    1.3     52268.228     13.50   47.10740   39.80800  "Undefined"       0.0       -0.18  0.00000000
04.04.2019 14:31:18.982   9.99600000   9995.99981   0.24  -46.2   47.4  28.0 12.00  352.8   929.8  352.92   55.39   38.00  1952.4  353.15   64.47   35.02     0.0  352.80    0.00    0.00    1.4     52278.982     13.50   47.10740   39.80800  "Undefined"       0.0       -0.19  0.00000000
04.04.2019 14:31:30.820   9.99600000   9995.99978   0.35  -42.9   53.1  28.0 11.40  352.8   944.5  352.93   55.53   37.97  1943.4  353.14   64.39   35.05  3265.7  353.88   76.02   27.30    1.4     52290.820     13.50   47.10740   39.80800  "Undefined"       0.0       -0.22  0.00000000
04.04.2019 14:31:42.682   9.99600000   9995.99980   0.27  -46.4   48.8  28.0  9.00  352.1  1063.0  352.20   56.56   37.46  2154.0  352.45   66.20   33.60  3294.2  353.02   76.13   25.29    1.4     52302.682     13.50   47.10740   39.80800  "Undefined"       0.0       -0.20  0.00000000
04.04.2019 14:31:53.422   9.99600000   9995.99977   0.24  -50.8   48.8  28.0  9.60  352.8  1026.6  352.92   56.26   37.77  2084.6  353.14   65.64   34.46  3208.5  353.64   75.50   27.48    1.4     52313.422     13.50   47.10740   39.80800  "Undefined"       0.0       -0.23  0.00000000
04.04.2019 14:32:05.436   9.99600000   9995.99979   0.11  -51.6   43.4  28.0 13.20  348.5   979.7  348.71   55.71   36.76     0.0  348.48    0.00    0.00     0.0  348.48    0.00    0.00    1.7     52325.436     13.50   47.10740   39.80800  "Undefined"       0.0       -0.21  0.00000000
04.04.2019 14:32:05.436   9.99600000   9995.99979   0.11  -51.6   43.4  28.0 10.20  353.5   994.7  353.62   55.99   38.04  2025.0  353.81   65.15   35.21  3156.9  354.28   75.14   29.16    1.4     52325.436     13.50   47.10740   39.80800  "Undefined"       0.0       -0.21  0.00000000
04.04.2019 14:32:17.262   9.99600000   9995.99978   0.40  -40.8   54.6  28.0  9.00  352.8  1063.2  352.92   56.58   37.68  2155.1  353.14   66.26   34.16  3299.4  353.67   76.28   26.50    1.4     52337.262     13.50   47.10740   39.80800  "Undefined"       0.0       -0.22  0.00000000
04.04.2019 14:32:28.033   9.99600000   9995.99979   0.29  -46.3   50.5  28.0  8.40  352.8  1104.4  352.93   56.95   37.58  2236.5  353.17   66.98   33.80  3411.7  353.74   77.25   25.21    1.4     52348.033     13.50   47.10740   39.80800  "Undefined"       0.0       -0.21  0.00000000
04.04.2019 14:32:38.432   9.99600000   9995.99978   0.27  -45.2   50.0  28.0 12.00  352.8   929.7  352.91   55.39   38.00  1952.5  353.15   64.47   35.01     0.0  352.79    0.00    0.00    1.4     52358.432     13.50   47.10740   39.80800  "Undefined"       0.0       -0.22  0.00000000
04.04.2019 14:32:50.280   9.99600000   9995.99979   0.31  -44.9   53.7  28.0 12.00  350.6   928.9  350.79   55.33   37.46  1941.5  351.08   64.24   33.66     0.0  350.64    0.00    0.00    1.4     52370.280     13.50   47.10740   39.80800  "Undefined"       0.0       -0.21  0.00000000
04.04.2019 14:32:50.280   9.99600000   9995.99979   0.31  -44.9   53.7  28.0 10.20  353.5   994.5  353.63   55.99   38.04  2024.7  353.82   65.15   35.21  3156.8  354.28   75.14   29.17    1.4     52370.280     13.50   47.10740   39.80800  "Undefined"       0.0       -0.21  0.00000000
04.04.2019 14:33:02.217   9.99600000   9995.99983   0.31  -46.3   52.3  28.0 12.60  352.8   929.8  352.92   55.39   38.00     0.0  352.80    0.00    0.00     0.0  352.80    0.00    0.00    1.3     52382.217     13.50   47.10740   39.80800  "Undefined"       0.0       -0.17  0.00000000
04.04.2019 14:33:02.217   9.99600000   9995.99983   0.31  -46.3   52.3  28.0 11.40  348.5     0.0  348.49    0.00    0.00     0.0  348.49    0.00    0.00     0.0  348.49    0.00    0.00    1.3     52382.217     13.50   47.10740   39.80800  "Undefined"       0.0       -0.17  0.00000000
04.04.2019 14:33:13.970   9.99600000   9995.99980   0.27  -43.6   53.6  28.0  9.60  347.8  1025.3  347.95   56.08   36.37  2076.8  348.29   65.16   30.90  3172.9  349.00   74.33   20.09    1.5     52393.970     13.50   47.10740   39.80800  "Undefined"       0.0       -0.20  0.00000000
04.04.2019 14:33:13.970   9.99600000   9995.99980   0.27  -43.6   53.6  28.0 10.20  353.5   994.5  353.60   55.99   38.03  2024.7  353.79   65.15   35.20  3156.5  354.26   75.13   29.13    1.4     52393.970     13.50   47.10740   39.80800  "Undefined"       0.0       -0.20  0.00000000
04.04.2019 14:33:25.930   9.99600000   9995.99978   0.29  -44.7   52.1  28.0 10.80  352.8   966.6  352.89   55.72   37.90  1974.5  353.10   64.66   34.89  3276.6  353.80   76.10   27.03    1.4     52405.930     13.50   47.10740   39.80800  "Undefined"       0.0       -0.22  0.00000000
04.04.2019 14:33:37.754   9.99600000   9995.99978   0.27  -46.6   50.6  28.0 10.80  347.8   964.9  347.96   55.56   36.62  1964.6  348.28   64.21   31.66  3090.0  349.05   73.68   21.44    1.4     52417.754     13.50   47.10740   39.80800  "Undefined"       0.0       -0.22  0.00000000
04.04.2019 14:33:37.754   9.99600000   9995.99978   0.27  -46.6   50.6  28.0 10.20  352.8   994.4  352.91   55.97   37.84  2023.8  353.12   65.10   34.71  3149.5  353.62   74.99   28.07    1.4     52417.754     13.50   47.10740   39.80800  "Undefined"       0.0       -0.22  0.00000000
04.04.2019 14:33:50.730   9.99600000   9995.99978   0.27  -45.1   46.1  28.0  9.60  353.5  1026.9  353.61   56.27   37.96  2085.7  353.81   65.69   34.97  3213.7  354.27   75.63   28.60    1.4     52430.730     13.50   47.10740   39.80800  "Undefined"       0.0       -0.22  0.00000000
04.04.2019 14:34:01.489   9.99600000   9995.99979   0.31  -45.0   51.5  28.0 10.80  353.5   966.9  353.57   55.74   38.08  1975.9  353.76   64.71   35.35  3488.1  354.67   78.05   26.29    1.4     52441.489     13.50   47.10740   39.80800  "Undefined"       0.0       -0.21  0.00000000
04.04.2019 14:34:12.244   9.99600000   9995.99979   0.24  -48.8   50.8  28.0  9.60  352.8  1026.6  352.93   56.26   37.77  2084.6  353.14   65.64   34.47  3208.6  353.65   75.50   27.49    1.4     52452.244     13.50   47.10740   39.80800  "Undefined"       0.0       -0.21  0.00000000
04.04.2019 14:34:22.965   9.99600000   9995.99969   0.11  -55.4   39.6  28.0 12.60  350.6   928.4  350.79   55.33   37.47     0.0  350.63    0.00    0.00     0.0  350.63    0.00    0.00    1.4     52462.965     13.50   47.10740   39.80800  "Undefined"       0.0       -0.31  0.00000000
04.04.2019 14:34:34.839   9.99600000   9995.99980   0.24  -50.3   49.3  28.0  9.60  346.3  1024.7  346.54   56.02   35.98  2074.0  346.90   64.98   29.94  3162.3  347.65   73.92   18.23    1.7     52474.839     13.50   47.10740   39.80800  "Undefined"       0.0       -0.20  0.00000000
04.04.2019 14:34:34.839   9.99600000   9995.99980   0.24  -50.3   49.3  28.0 11.40  352.8   944.5  352.91   55.53   37.96  1943.4  353.12   64.39   35.03  3266.3  353.86   76.02   27.25    1.4     52474.839     13.50   47.10740   39.80800  "Undefined"       0.0       -0.20  0.00000000
04.04.2019 14:34:58.587   9.99600000   9995.99982   0.11  -57.4   41.7  28.0 11.40  346.3   941.8  346.49   55.30   36.34  1926.5  346.84   63.74   30.99  3269.1  348.05   74.83   16.93    1.5     52498.587     13.50   47.10740   39.80800  "Undefined"       0.0       -0.18  0.00000000
04.04.2019 14:35:09.360   9.99600000   9995.99958   0.11  -60.2   30.8  28.0 13.20  347.8   978.4  348.03   55.68   36.58     0.0  347.79    0.00    0.00     0.0  347.79    0.00    0.00    1.9     52509.360     13.50   47.10740   39.80800  "Undefined"       0.0       -0.42  0.00000000
04.04.2019 14:35:20.087   9.99600000   9995.99977   0.18  -46.9   48.1  28.0 11.40  353.5   944.8  353.63   55.54   38.15  1945.2  353.82   64.45   35.51  3266.8  354.49   76.12   28.49    1.4     52520.087     13.50   47.10740   39.80800  "Undefined"       0.0       -0.23  0.00000000
04.04.2019 14:35:31.887   9.99600000   9995.90637   0.40  -81.7   19.8  28.0 10.80  352.8   966.9  352.91   55.72   37.91  1976.4  353.12   64.68   34.90  3776.6  354.59   80.47   21.27    1.9     52531.887     13.50   47.10740   39.80800  "Undefined"      64.1      -93.63  0.00000000
04.04.2019 14:35:31.887   9.99600000   9995.99978   0.11  -42.1   60.9  28.0 10.80  352.8   966.8  352.90   55.72   37.91  1976.2  353.11   64.68   34.90  3740.4  354.52   80.16   21.78    1.4     52531.887     13.50   47.10740   39.80800  "Undefined"       0.0       -0.22  0.00000000
04.04.2019 14:35:44.798   9.99600000   9995.99979   0.40  -41.9   49.5  28.0 10.80  352.8   972.4  352.93   55.77   37.90  1989.2  353.14   64.80   34.86  3596.5  354.28   78.90   23.73    1.4     52544.798     13.50   47.10740   39.80800  "Undefined"       0.0       -0.21  0.00000000
04.04.2019 14:35:55.663   9.99600000   9995.99975   0.20  -52.3   44.1  28.0 12.00  352.8   940.7  352.92   55.49   37.97     0.0  352.79    0.00    0.00     0.0  352.79    0.00    0.00    1.4     52555.663     13.50   47.10740   39.80800  "Undefined"       0.0       -0.25  0.00000000
04.04.2019 14:35:55.663   9.99600000   9995.99975   0.20  -52.3   44.1  28.0 13.20  348.5     0.0  348.49    0.00    0.00     0.0  348.49    0.00    0.00     0.0  348.49    0.00    0.00    1.4     52555.663     13.50   47.10740   39.80800  "Undefined"       0.0       -0.25  0.00000000
04.04.2019 14:36:07.078   9.99600000   9995.99981   0.11  -57.7   41.3  28.0  9.60  355.0  1031.5  355.04   56.34   38.37  2096.8  355.20   65.86   36.02  3249.2  355.59   76.10   30.82    1.5     52567.078     13.50   47.10740   39.80800  "Undefined"       0.0       -0.19  0.00000000
04.04.2019 14:36:19.603   9.99600000   9995.99975   0.11  -54.8   48.2  28.0 12.60  352.1   950.2  352.24   55.56   37.77     0.0  352.09    0.00    0.00     0.0  352.09    0.00    0.00    1.5     52579.603     13.50   47.10740   39.80800  "Undefined"       0.0       -0.25  0.00000000
04.04.2019 14:36:32.560   9.99600000   9995.99984   0.22  -51.5   48.5  28.0  7.80  353.5  1152.0  353.64   57.39   37.69  2330.5  353.87   67.86   33.99  3551.5  354.46   78.56   24.90    1.5     52592.560     13.50   47.10740   39.80800  "Undefined"       0.0       -0.16  0.00000000
04.04.2019 14:36:45.548   9.99600000   9995.99984   0.27  -46.6   52.6  28.0 10.20  354.2   999.4  354.32   56.04   38.22  2036.9  354.50   65.29   35.67  3211.9  354.96   75.70   29.92    1.4     52605.548     13.50   47.10740   39.80800  "Undefined"       0.0       -0.16  0.00000000
04.04.2019 14:36:57.432   9.99600000   9995.99982   0.31  -43.6   54.9  28.0 12.00  346.3   936.7  346.53   55.26   36.37  1963.5  346.93   64.06   30.79  3150.1  347.93   73.90   18.85    1.8     52617.432     13.50   47.10740   39.80800  "Undefined"       0.0       -0.18  0.00000000
04.04.2019 14:36:57.432   9.99600000   9995.99982   0.31  -43.6   54.9  28.0 11.40  353.5   952.0  353.62   55.61   38.13     0.0  353.51    0.00    0.00     0.0  353.51    0.00    0.00    1.4     52617.432     13.50   47.10740   39.80800  "Undefined"       0.0       -0.18  0.00000000
04.04.2019 14:37:09.304   9.99600000   9995.99979   0.31  -45.8   52.8  28.0 10.80  353.5   972.8  353.63   55.79   38.09  1991.1  353.83   64.85   35.35  3565.5  354.83   78.74   25.62    1.4     52629.304     13.50   47.10740   39.80800  "Undefined"       0.0       -0.21  0.00000000
04.04.2019 14:37:22.222   9.99600000   9995.99985   0.24  -51.7   47.9  28.0  7.80  347.0  1149.3  347.27   57.13   35.63  2316.8  347.67   67.11   28.55  3497.9  348.56   76.68   13.11    1.8     52642.222     13.50   47.10740   39.80800  "Undefined"       0.0       -0.15  0.00000000
04.04.2019 14:37:22.222   9.99600000   9995.99985   0.24  -51.7   47.9  28.0 11.40  353.5   952.1  353.60   55.61   38.13     0.0  353.49    0.00    0.00     0.0  353.49    0.00    0.00    1.4     52642.222     13.50   47.10740   39.80800  "Undefined"       0.0       -0.15  0.00000000
04.04.2019 14:37:32.842   9.99600000   9995.99981   0.33  -45.0   53.2  28.0 12.00  353.5   941.0  353.61   55.51   38.15     0.0  353.50    0.00    0.00     0.0  353.50    0.00    0.00    1.4     52652.842     13.50   47.10740   39.80800  "Undefined"       0.0       -0.19  0.00000000
04.04.2019 14:37:44.672   9.99600000   9995.99989   0.20  -52.4   48.0  28.0 10.20  354.2   999.5  354.32   56.04   38.22  2037.0  354.50   65.29   35.67  3211.9  354.96   75.70   29.92    1.5     52664.672     13.50   47.10740   39.80800  "Undefined"       0.0       -0.11  0.00000000
04.04.2019 14:37:57.731   9.99600000   9996.00000   0.07  -93.1   12.1  28.0 12.60  352.1   950.2  352.25   55.56   37.78     0.0  352.10    0.00    0.00     0.0  352.10    0.00    0.00    1.5     52677.731     13.50   47.10740   39.80800  "Undefined"       0.0        0.00  0.00000000
04.04.2019 14:38:23.222   9.99600000   9995.99754   0.07  -97.4    7.9  28.0 10.80  353.5   972.8  353.60   55.79   38.08  1991.0  353.80   64.85   35.32  3565.5  354.80   78.73   25.54    1.4     52703.222     13.50   47.10740   39.80800  "Undefined"       0.0       -2.46  0.00000000
04.04.2019 14:38:35.206   9.99600000   9996.00062   0.07  -92.5   12.7  28.0 12.00  352.9   940.8  352.98   55.49   37.99  2020.9  353.24   65.08   34.81  3205.2  353.88   75.50   27.96    1.4     52715.206     13.50   47.10740   39.80800  "Undefined"       0.0        0.62  0.00000000
04.04.2019 14:38:47.024   9.99600000   9995.99999   0.07  -91.8   11.4  28.0 12.60  353.4   951.4  353.57   55.60   38.12     0.0  353.45    0.00    0.00     0.0  353.45    0.00    0.00    1.5     52727.024     13.50   47.10740   39.80800  "Undefined"       0.0       -0.01  0.00000000
04.04.2019 14:38:58.874   9.99600000   9995.99993   0.40  -50.4   45.1  28.0 11.40  352.8   951.8  352.93   55.59   37.95  1966.4  353.15   64.60   34.96  3255.5  353.86   75.93   27.37    1.3     52738.874     13.50   47.10740   39.80800  "Undefined"       0.0       -0.07  0.00000000
04.04.2019 14:39:12.899   9.99600000   9995.99974   0.40  -50.4   45.1  28.0 12.00  352.1   940.3  352.22   55.47   37.79  2011.4  352.50   64.95   34.31     0.0  352.08    0.00    0.00    1.3     52752.899     13.50   47.10740   39.80800  "Undefined"       0.0       -0.26  0.00000000
04.04.2019 14:39:25.928   9.99600000   9995.99957   0.40  -58.7   36.7  28.0 10.20  350.6   998.2  350.80   55.95   37.25  2029.5  351.07   65.01   33.20  3159.7  351.71   74.77   24.66    1.5     52765.928     13.50   47.10740   39.80800  "Undefined"       0.0       -0.43  0.00000000
04.04.2019 14:39:25.928   9.99600000   9995.99957   0.40  -58.7   36.7  28.0 11.40  353.5   952.1  353.63   55.61   38.13     0.0  353.52    0.00    0.00     0.0  353.52    0.00    0.00    1.5     52765.928     13.50   47.10740   39.80800  "Undefined"       0.0       -0.43  0.00000000
04.04.2019 14:39:38.821   9.99600000   9995.99964   0.40  -52.8   42.7  28.0 10.80  352.8   972.5  352.92   55.77   37.90  1989.4  353.14   64.80   34.86  3603.3  354.29   78.96   23.64    1.5     52778.821     13.50   47.10740   39.80800  "Undefined"       0.0       -0.36  0.00000000
04.04.2019 14:39:56.182   9.99600000   9995.99968   0.40  -56.5   38.9  28.0 10.20  352.8   998.9  352.92   56.01   37.83  2034.0  353.13   65.19   34.67  3189.1  353.67   75.33   27.75    1.4     52796.182     13.50   47.10740   39.80800  "Undefined"       0.0       -0.32  0.00000000
04.04.2019 14:40:10.161   9.99600000   9995.99993   0.40  -57.5   37.9  28.0 12.00  353.5   941.1  353.65   55.51   38.16  2030.2  353.89   65.20   35.25  3215.4  354.48   75.67   28.98    1.5     52810.161     13.50   47.10740   39.80800  "Undefined"       0.0       -0.07  0.00000000
04.04.2019 14:40:21.959   9.99600000   9995.99980   0.40  -53.2   40.2  28.0 10.80  353.5   972.8  353.60   55.79   38.08  1991.1  353.80   64.85   35.32  3565.4  354.80   78.73   25.54    1.4     52821.959     13.50   47.10740   39.80800  "Undefined"       0.0       -0.20  0.00000000
04.04.2019 14:40:33.850   9.99600000   9995.99988   0.40  -57.2   38.2  28.0 10.20  353.5   999.2  353.62   56.03   38.03  2035.5  353.81   65.25   35.17  3200.0  354.32   75.52   28.82    1.7     52833.850     13.50   47.10740   39.80800  "Undefined"       0.0       -0.12  0.00000000
04.04.2019 14:40:53.320   9.99600000   9995.99756   0.40  -72.3   23.2  28.0 11.40  352.8   951.7  352.96   55.59   37.96  1966.6  353.18   64.60   34.98  3255.6  353.88   75.94   27.43    1.4     52853.320     13.50   47.10740   39.80800  "Undefined"       0.0       -2.44  0.00000000
04.04.2019 14:41:05.281   9.99600000   9995.99998   0.40  -53.4   42.0  28.0 12.00  353.5   941.1  353.64   55.51   38.16     0.0  353.52    0.00    0.00     0.0  353.52    0.00    0.00    1.3     52865.281     13.50   47.10740   39.80800  "Undefined"       0.0       -0.02  0.00000000
04.04.2019 14:41:19.241   9.99600000   9996.00008   0.18  -54.5   42.5  28.0 10.80  353.5   972.7  353.59   55.79   38.08  1991.0  353.78   64.85   35.31  3565.9  354.79   78.73   25.51    1.5     52879.241     13.50   47.10740   39.80800  "Undefined"       0.0        0.08  0.00000000
04.04.2019 14:41:33.262   9.99600000   9995.99957   0.40  -55.3   40.2  28.0 11.40  354.2   952.3  354.32   55.62   38.31  1971.3  354.50   64.71   35.89  3256.0  355.08   76.10   29.76    1.4     52893.262     13.50   47.10740   39.80800  "Undefined"       0.0       -0.43  0.00000000
04.04.2019 14:41:47.416   9.99600000   9995.99790   0.07  -98.5    4.7  28.0  9.60  352.8  1030.7  352.88   56.29   37.75  2092.7  353.10   65.71   34.40  3228.7  353.63   75.67   27.24    1.7     52907.416     13.50   47.10740   39.80800  "Undefined"       0.0       -2.10  0.00000000
04.04.2019 14:41:59.241   9.99600000   9995.99999   0.15  -60.5   37.1  28.0 13.20  353.5     0.0  353.50    0.00    0.00     0.0  353.50    0.00    0.00     0.0  353.50    0.00    0.00    1.8     52919.241     13.50   47.10740   39.80800  "Undefined"       0.0       -0.01  0.00000000
04.04.2019 14:42:14.360   9.99600000   9995.99913   0.07  -90.6   12.6  28.0 10.80  352.8   972.4  352.93   55.77   37.90  1989.3  353.14   64.80   34.87  3602.7  354.30   78.96   23.66    1.5     52934.360     13.50   47.10740   39.80800  "Undefined"       0.0       -0.87  0.00000000
04.04.2019 14:42:27.407   9.99600000   9996.00036   0.07  -90.2   15.0  28.0 12.00  353.5   941.0  353.61   55.51   38.15     0.0  353.49    0.00    0.00     0.0  353.49    0.00    0.00    1.5     52947.407     13.50   47.10740   39.80800  "Undefined"       0.0        0.36  0.00000000
04.04.2019 14:42:50.014   9.99600000   9995.99997   0.40  -51.4   42.1  28.0 12.00  352.8   940.8  352.97   55.49   37.98     0.0  352.84    0.00    0.00     0.0  352.84    0.00    0.00    1.4     52970.014     13.50   47.10740   39.80800  "Undefined"       0.0       -0.03  0.00000000
04.04.2019 14:43:01.904   9.99600000   9995.99955   0.40  -52.6   42.8  28.0 10.80  352.8   972.5  352.88   55.77   37.89  1989.3  353.10   64.80   34.83  3605.6  354.26   78.98   23.53    1.4     52981.904     13.50   47.10740   39.80800  "Undefined"       0.0       -0.45  0.00000000
04.04.2019 14:43:17.081   9.99600000   9995.99972   0.40  -55.5   33.9  28.0 12.00  353.5   941.1  353.65   55.51   38.16     0.0  353.54    0.00    0.00     0.0  353.54    0.00    0.00    1.4     52997.081     13.50   47.10740   39.80800  "Undefined"       0.0       -0.28  0.00000000
04.04.2019 14:43:29.976   9.99600000   9995.99979   0.40  -52.1   43.4  28.0 12.00  352.8   940.7  352.90   55.49   37.97     0.0  352.78    0.00    0.00     0.0  352.78    0.00    0.00    1.4     53009.976     13.50   47.10740   39.80800  "Undefined"       0.0       -0.21  0.00000000
04.04.2019 14:43:40.724   9.99600000   9995.99970   0.40  -54.0   41.4  28.0 11.40  353.5   952.1  353.65   55.61   38.14     0.0  353.54    0.00    0.00     0.0  353.54    0.00    0.00    1.5     53020.724     13.50   47.10740   39.80800  "Undefined"       0.0       -0.30  0.00000000
04.04.2019 14:43:53.595   9.99600000   9995.99976   0.11  -61.4   41.6  28.0 10.20  352.8   998.9  352.94   56.01   37.84  2034.0  353.15   65.19   34.69  3189.5  353.69   75.34   27.78    1.5     53033.595     13.50   47.10740   39.80800  "Undefined"       0.0       -0.24  0.00000000
04.04.2019 14:44:04.336   9.99600000   9995.99898   0.07  -98.8    6.4  28.0 14.40  352.8  1441.0  353.18   59.95   36.76  3133.2  354.17   74.92   29.18     0.0  352.81    0.00    0.00    1.8     53044.336     13.50   47.10740   39.80800  "Undefined"       0.0       -1.02  0.00000000
04.04.2019 14:44:16.988   9.99600000   9995.99980   0.40  -57.1   38.3  28.0 11.40  352.8   951.7  352.97   55.59   37.96  1966.6  353.19   64.60   34.99  3255.6  353.89   75.94   27.44    1.4     53056.988     13.50   47.10740   39.80800  "Undefined"       0.0       -0.20  0.00000000
04.04.2019 14:44:28.811   9.99600000   9995.99940   0.40  -56.3   39.2  28.0 12.00  352.7   940.7  352.86   55.49   37.96  2019.7  353.13   65.07   34.73  3203.7  353.77   75.47   27.78    1.4     53068.811     13.50   47.10740   39.80800  "Undefined"       0.0       -0.60  0.00000000
04.04.2019 14:44:41.764   9.99600000   9995.99971   0.40  -54.7   40.8  28.0 10.20  353.5   999.2  353.64   56.03   38.03  2035.4  353.84   65.25   35.19  3200.4  354.34   75.52   28.86    1.6     53081.764     13.50   47.10740   39.80800  "Undefined"       0.0       -0.29  0.00000000
04.04.2019 14:44:53.215   9.99600000   9996.00002   0.40  -62.2   33.3  28.0 13.20  353.5     0.0  353.49    0.00    0.00     0.0  353.49    0.00    0.00     0.0  353.49    0.00    0.00    1.5     53093.215     13.50   47.10740   39.80800  "Undefined"       0.0        0.02  0.00000000
04.04.2019 14:45:14.706   9.99600000   9996.00005   0.40  -61.6   33.8  28.0 15.60  352.1  1327.8  352.50   58.92   36.81  2987.3  353.46   73.57   29.32     0.0  352.13    0.00    0.00    1.5     53114.706     13.50   47.10740   39.80800  "Undefined"       0.0        0.05  0.00000000
04.04.2019 14:45:27.794   9.99600000   9995.99994   0.40  -52.4   43.1  28.0 12.60  352.8   950.9  352.99   55.58   37.97     0.0  352.85    0.00    0.00     0.0  352.85    0.00    0.00    1.4     53127.794     13.50   47.10740   39.80800  "Undefined"       0.0       -0.06  0.00000000
04.04.2019 14:45:38.531   9.99600000   9996.00002   0.40  -55.5   40.0  28.0 10.80  352.8   972.4  352.95   55.77   37.91  1989.3  353.16   64.80   34.88  3596.8  354.30   78.91   23.78    1.6     53138.531     13.50   47.10740   39.80800  "Undefined"       0.0        0.02  0.00000000
04.04.2019 14:45:50.391   9.99600000   9995.99968   0.07  -98.5    6.8  28.0 13.20  352.8     0.0  352.82    0.00    0.00     0.0  352.82    0.00    0.00     0.0  352.82    0.00    0.00    1.8     53150.391     13.50   47.10740   39.80800  "Undefined"       0.0       -0.32  0.00000000
04.04.2019 14:46:01.146   9.99600000   9996.00009   0.35  -58.7   33.3  28.0 13.20  352.8     0.0  352.78    0.00    0.00     0.0  352.78    0.00    0.00     0.0  352.78    0.00    0.00    1.8     53161.146     13.50   47.10740   39.80800  "Undefined"       0.0        0.09  0.00000000
04.04.2019 14:46:14.061   9.99600000   9996.00002   0.40  -57.2   38.3  28.0 12.60  354.2   952.1  354.34   55.62   38.32  2823.4  355.04   72.30   32.80  3945.7  356.01   82.18   22.53    1.4     53174.061     13.50   47.10740   39.80800  "Undefined"       0.0        0.02  0.00000000
04.04.2019 14:46:24.828   9.99600000   9995.99992   0.20  -61.6   34.8  28.0 12.00  352.8   940.7  352.92   55.49   37.97     0.0  352.80    0.00    0.00     0.0  352.80    0.00    0.00    1.5     53184.828     13.50   47.10740   39.80800  "Undefined"       0.0       -0.08  0.00000000
04.04.2019 14:46:35.737   9.99600000   9996.00002   0.24  -60.6   39.0  28.0 14.40  353.5  1442.8  353.86   59.98   37.06  3132.7  354.76   74.99   30.23     0.0  353.51    0.00    0.00    1.7     53195.737     13.50   47.10740   39.80800  "Undefined"       0.0        0.02  0.00000000
04.04.2019 14:46:47.571   9.99600000   9995.99974   0.40  -54.2   41.3  28.0 12.60  352.8   950.9  352.96   55.58   37.96     0.0  352.83    0.00    0.00     0.0  352.83    0.00    0.00    1.4     53207.571     13.50   47.10740   39.80800  "Undefined"       0.0       -0.26  0.00000000
04.04.2019 14:47:00.515   9.99600000   9995.99980   0.40  -68.2   23.3  28.0 11.40  353.5   952.1  353.58   55.61   38.12  1968.7  353.78   64.65   35.39  3257.0  354.43   76.02   28.47    1.4     53220.515     13.50   47.10740   39.80800  "Undefined"       0.0       -0.20  0.00000000
04.04.2019 14:47:11.288   9.99600000   9996.00002   0.40  -51.5   44.0  28.0 12.00  352.8   940.8  352.97   55.49   37.99  2020.7  353.24   65.08   34.81  3205.0  353.88   75.50   27.96    1.4     53231.288     13.50   47.10740   39.80800  "Undefined"       0.0        0.02  0.00000000
04.04.2019 14:47:22.025   9.99600000   9995.99995   0.40  -52.1   43.3  28.0 12.60  352.8   950.6  352.94   55.58   37.95     0.0  352.80    0.00    0.00     0.0  352.80    0.00    0.00    1.4     53242.025     13.50   47.10740   39.80800  "Undefined"       0.0       -0.05  0.00000000
04.04.2019 14:47:32.765   9.99600000   9995.99960   0.40  -60.2   35.3  28.0 13.80  353.6  1574.3  353.97   61.16   36.76     0.0  353.58    0.00    0.00     0.0  353.58    0.00    0.00    1.5     53252.765     13.50   47.10740   39.80800  "Undefined"       0.0       -0.40  0.00000000
04.04.2019 14:47:43.530   9.99600000   9996.00009   0.40  -55.6   39.9  28.0 11.40  352.8   951.8  352.97   55.59   37.96  1966.6  353.19   64.60   34.99  3255.7  353.89   75.94   27.44    1.5     53263.530     13.50   47.10740   39.80800  "Undefined"       0.0        0.09  0.00000000
04.04.2019 14:47:54.310   9.99600000   9995.99980   0.40  -64.9   30.6  28.0 12.00  352.8   940.8  352.95   55.49   37.98     0.0  352.83    0.00    0.00     0.0  352.83    0.00    0.00    1.4     53274.310     13.50   47.10740   39.80800  "Undefined"       0.0       -0.20  0.00000000
04.04.2019 14:48:05.185   9.99600000   9996.00000   0.11  -64.9   36.1  28.0 11.40  352.1   951.5  352.23   55.57   37.77  1964.1  352.47   64.54   34.50  3256.1  353.24   75.84   26.19    1.5     53285.185     13.50   47.10740   39.80800  "Undefined"       0.0        0.00  0.00000000
04.04.2019 14:48:15.949   9.99600000   9995.99978   0.40  -52.7   44.8  28.0 12.60  353.5   951.5  353.63   55.60   38.13     0.0  353.50    0.00    0.00     0.0  353.50    0.00    0.00    1.4     53295.949     13.50   47.10740   39.80800  "Undefined"       0.0       -0.22  0.00000000
04.04.2019 14:48:26.712   9.99600000   9995.99929   0.40  -64.8   30.7  28.0 12.00  352.8   940.8  352.96   55.49   37.98     0.0  352.83    0.00    0.00     0.0  352.83    0.00    0.00    1.6     53306.712     13.50   47.10740   39.80800  "Undefined"       0.0       -0.71  0.00000000
04.04.2019 14:48:37.462   9.99600000   9995.99974   0.07  -94.8    8.4  28.0 12.60  352.8   950.9  352.91   55.58   37.95     0.0  352.77    0.00    0.00     0.0  352.77    0.00    0.00    1.5     53317.462     13.50   47.10740   39.80800  "Undefined"       0.0       -0.26  0.00000000
04.04.2019 14:48:48.249   9.99600000   9995.99966   0.40  -55.3   40.1  28.0 10.80  352.9   972.4  352.98   55.77   37.91  1989.4  353.19   64.80   34.90  3595.3  354.33   78.90   23.87    1.4     53328.249     13.50   47.10740   39.80800  "Undefined"       0.0       -0.34  0.00000000
04.04.2019 14:48:59.002   9.99600000   9995.99998   0.24  -54.6   43.0  28.0 12.00  352.9   940.8  352.98   55.49   37.99  2020.0  353.24   65.08   34.81  3204.5  353.88   75.50   27.96    1.4     53339.002     13.50   47.10740   39.80800  "Undefined"       0.0       -0.02  0.00000000
04.04.2019 14:49:09.814   9.99600000   9995.99981   0.40  -53.9   37.5  28.0 12.60  353.5   951.6  353.62   55.60   38.13     0.0  353.49    0.00    0.00     0.0  353.49    0.00    0.00    1.4     53349.814     13.50   47.10740   39.80800  "Undefined"       0.0       -0.19  0.00000000
04.04.2019 14:49:23.811   9.99600000   9995.99966   0.40  -56.8   36.7  28.0 11.40  354.2   952.4  354.34   55.62   38.32  1971.3  354.52   64.71   35.90  3256.6  355.10   76.11   29.78    1.4     53363.811     13.50   47.10740   39.80800  "Undefined"       0.0       -0.34  0.00000000
04.04.2019 14:49:35.772   9.99600000   9995.99987   0.38  -57.6   38.1  28.0 13.80  353.5  1574.9  353.92   61.16   36.73     0.0  353.52    0.00    0.00     0.0  353.52    0.00    0.00    1.4     53375.772     13.50   47.10740   39.80800  "Undefined"       0.0       -0.13  0.00000000
04.04.2019 14:49:47.621   9.99600000   9996.00118   0.07  -95.7    7.5  28.0  9.60  353.5  1030.9  353.63   56.31   37.96  2094.0  353.83   65.76   34.96  3235.8  354.31   75.83   28.46    1.6     53387.621     13.50   47.10740   39.80800  "Undefined"       0.0        1.18  0.00000000
04.04.2019 14:49:59.524   9.99600000   9996.00055   0.40  -51.6   43.9  28.0 12.60  352.8   950.7  352.94   55.58   37.95     0.0  352.80    0.00    0.00     0.0  352.80    0.00    0.00    1.4     53399.524     13.50   47.10740   39.80800  "Undefined"       0.0        0.55  0.00000000
04.04.2019 14:50:11.399   9.99600000   9995.99989   0.40  -49.6   39.8  28.0 11.40  352.9   951.8  352.97   55.59   37.96  1966.6  353.19   64.60   34.99  3255.9  353.90   75.94   27.45    1.4     53411.399     13.50   47.10740   39.80800  "Undefined"       0.0       -0.11  0.00000000
04.04.2019 14:50:23.287   9.99600000   9995.99963   0.40  -55.1   38.3  28.0 12.60  352.8   951.0  352.95   55.58   37.96     0.0  352.82    0.00    0.00     0.0  352.82    0.00    0.00    1.4     53423.287     13.50   47.10740   39.80800  "Undefined"       0.0       -0.37  0.00000000
04.04.2019 14:50:36.434   9.99600000   9996.00053   0.40  -57.8   37.7  28.0 10.80  353.5   980.2  353.62   55.86   38.07  2010.9  353.82   65.03   35.27  3428.2  354.62   77.53   26.96    1.4     53436.434     13.50   47.10740   39.80800  "Undefined"       0.0        0.53  0.00000000
04.04.2019 14:50:48.250   9.99600000   9996.00006   0.40  -53.0   42.5  28.0 12.60  353.5   992.2  353.64   55.97   38.05  2784.3  354.37   71.89   32.13  3898.1  355.40   81.66   21.30    1.4     53448.250     13.50   47.10740   39.80800  "Undefined"       0.0        0.06  0.00000000
04.04.2019 14:51:00.140   9.99600000   9995.99951   0.40  -57.2   38.2  28.0 14.40  352.1  1599.7  352.69   61.33   36.03  3259.1  353.88   75.97   27.38     0.0  352.12    0.00    0.00    1.4     53460.140     13.50   47.10740   39.80800  "Undefined"       0.0       -0.49  0.00000000
04.04.2019 14:51:12.055   9.99600000   9995.99904   0.40  -55.9   39.6  28.0  9.60  354.9  1036.7  355.04   56.39   38.36  2108.8  355.20   65.97   35.98  3285.4  355.62   76.42   30.57    1.4     53472.055     13.50   47.10740   39.80800  "Undefined"       0.0       -0.96  0.00000000
04.04.2019 14:51:23.921   9.99600000   9996.00011   0.40  -56.7   38.7  28.0 11.40  352.8   961.6  352.95   55.68   37.93  2002.1  353.18   64.91   34.84  3261.9  353.88   75.99   27.34    1.4     53483.921     13.50   47.10740   39.80800  "Undefined"       0.0        0.11  0.00000000
04.04.2019 14:51:36.988   9.99600000   9996.00004   0.40  -55.6   39.9  28.0 12.60  353.5   991.8  353.68   55.96   38.06  2783.2  354.41   71.89   32.18  3897.2  355.43   81.66   21.42    1.4     53496.988     13.50   47.10740   39.80800  "Undefined"       0.0        0.04  0.00000000
04.04.2019 14:51:49.944   9.99600000   9995.99983   0.40  -53.8   41.7  28.0 12.00  353.5     0.0  353.52    0.00    0.00     0.0  353.52    0.00    0.00     0.0  353.52    0.00    0.00    1.4     53509.944     13.50   47.10740   39.80800  "Undefined"       0.0       -0.17  0.00000000
04.04.2019 14:52:02.509   9.99600000   9996.00001   0.40  -62.7   26.7  28.0 10.80  353.5   980.1  353.63   55.86   38.07  2011.0  353.84   65.03   35.28  3432.1  354.64   77.57   26.95    1.4     53522.509     13.50   47.10740   39.80800  "Undefined"       0.0        0.01  0.00000000
04.04.2019 14:52:16.662   9.99600000   9995.99991   0.40  -44.4   39.1  28.0 12.00  353.5     0.0  353.49    0.00    0.00     0.0  353.49    0.00    0.00     0.0  353.49    0.00    0.00    1.4     53536.662     13.50   47.10740   39.80800  "Undefined"       0.0       -0.09  0.00000000
04.04.2019 14:52:40.147   9.99600000   9996.00025   0.40  -59.0   36.4  28.0 10.20  351.4  1004.3  351.56   56.02   37.44  2044.5  351.81   65.20   33.66  3231.4  352.49   75.51   25.11    1.4     53560.147     13.50   47.10740   39.80800  "Undefined"       0.0        0.25  0.00000000
04.04.2019 14:52:53.081   9.99600000   9996.00074   0.40  -61.3   32.1  28.0  9.60  352.1  1035.7  352.21   56.32   37.54  2102.9  352.45   65.75   33.85  3251.1  353.04   75.77   25.87    1.7     53573.081     13.50   47.10740   39.80800  "Undefined"       0.0        0.74  0.00000000
04.04.2019 14:53:08.355   9.99600000   9996.00056   0.40  -56.9   38.5  28.0 12.00  352.1     0.0  352.12    0.00    0.00     0.0  352.12    0.00    0.00     0.0  352.12    0.00    0.00    1.5     53588.355     13.50   47.10740   39.80800  "Undefined"       0.0        0.56  0.00000000
04.04.2019 14:53:19.076   9.99600000   9996.00024   0.40  -48.3   45.1  28.0 11.40  353.5   961.9  353.61   55.69   38.10  2005.5  353.82   64.98   35.29  3264.3  354.46   76.09   28.46    1.4     53599.076     13.50   47.10740   39.80800  "Undefined"       0.0        0.24  0.00000000
04.04.2019 14:53:30.929   9.99600000   9995.99988   0.40  -52.5   40.9  28.0 11.40  353.5   961.9  353.63   55.70   38.11  2005.6  353.85   64.98   35.31  3264.5  354.48   76.10   28.50    1.4     53610.929     13.50   47.10740   39.80800  "Undefined"       0.0       -0.12  0.00000000
04.04.2019 14:53:43.834   9.99600000   9996.00001   0.40  -57.8   37.7  28.0 11.40  352.8   961.6  352.93   55.68   37.93  2002.0  353.17   64.91   34.83  3262.0  353.87   75.99   27.32    1.4     53623.834     13.50   47.10740   39.80800  "Undefined"       0.0        0.01  0.00000000
04.04.2019 14:53:55.411   9.99600000   9996.00009   0.40  -45.4   40.0  28.0 10.80  352.8   979.8  352.94   55.84   37.89  2009.0  353.16   64.97   34.80  3442.5  354.06   77.56   25.49    1.3     53635.411     13.50   47.10740   39.80800  "Undefined"       0.0        0.09  0.00000000
04.04.2019 14:54:08.328   9.99600000   9996.00016   0.40  -55.3   40.1  28.0  7.80  353.5  1155.7  353.66   57.42   37.69  2337.7  353.89   67.92   33.98  3564.9  354.49   78.67   24.77    1.4     53648.328     13.50   47.10740   39.80800  "Undefined"       0.0        0.16  0.00000000
04.04.2019 14:54:20.168   9.99600000   9996.00015   0.40  -60.9   32.5  28.0 13.20  352.8  1787.5  353.36   63.03   35.76     0.0  352.79    0.00    0.00     0.0  352.79    0.00    0.00    1.4     53660.168     13.50   47.10740   39.80800  "Undefined"       0.0        0.15  0.00000000
04.04.2019 14:54:33.061   9.99600000   9995.99991   0.40  -49.0   40.5  28.0 10.80  352.8   979.7  352.93   55.84   37.88  2008.8  353.15   64.97   34.79  3440.8  354.04   77.54   25.48    1.3     53673.061     13.50   47.10740   39.80800  "Undefined"       0.0       -0.09  0.00000000
04.04.2019 14:54:47.150   9.99600000   9996.00013   0.07  -89.3    5.9  28.0 11.40  352.8   961.5  352.96   55.68   37.94  2002.2  353.20   64.92   34.85  3261.9  353.89   75.99   27.37    1.5     53687.150     13.50   47.10740   39.80800  "Undefined"       0.0        0.13  0.00000000
04.04.2019 14:54:58.970   9.99600000   9995.99984   0.40  -50.3   41.1  28.0 11.40  353.5   961.9  353.64   55.70   38.11  2005.7  353.86   64.98   35.32  3264.6  354.49   76.10   28.52    1.4     53698.970     13.50   47.10740   39.80800  "Undefined"       0.0       -0.16  0.00000000
04.04.2019 14:55:10.829   9.99600000   9995.99943   0.40  -50.9   44.5  28.0 11.40  352.8   961.5  352.92   55.68   37.93  2002.1  353.16   64.91   34.83  3261.5  353.86   75.98   27.31    1.4     53710.829     13.50   47.10740   39.80800  "Undefined"       0.0       -0.57  0.00000000
04.04.2019 14:55:22.657   9.99600000   9996.00884   0.40  -73.4   22.0  28.0 10.80  353.5   980.0  353.64   55.86   38.07  2011.0  353.84   65.03   35.28  3431.9  354.64   77.56   26.95    1.4     53722.657     13.50   47.10740   39.80800  "Undefined"       0.0        8.84  0.00000000
04.04.2019 14:55:34.508   9.99600000   9995.99976   0.40  -57.0   34.5  28.0 14.40  353.5  1607.8  354.00   61.46   36.67  3261.0  355.00   76.13   29.55     0.0  353.50    0.00    0.00    1.3     53734.508     13.50   47.10740   39.80800  "Undefined"       0.0       -0.24  0.00000000
04.04.2019 14:55:48.622   9.99600000   9996.00011   0.40  -51.0   42.4  28.0 11.40  352.8   961.5  352.94   55.68   37.93  2002.3  353.18   64.91   34.84  3261.7  353.87   75.99   27.34    1.4     53748.622     13.50   47.10740   39.80800  "Undefined"       0.0        0.11  0.00000000
04.04.2019 14:56:01.620   9.99600000   9996.00034   0.40  -51.6   41.8  28.0 11.40  353.5   961.8  353.62   55.69   38.11  2005.8  353.84   64.98   35.30  3264.0  354.48   76.09   28.48    1.4     53761.620     13.50   47.10740   39.80800  "Undefined"       0.0        0.34  0.00000000
04.04.2019 14:56:13.439   9.99600000   9995.99962   0.40  -54.0   39.4  28.0 11.40  353.5   961.8  353.59   55.69   38.10  2005.6  353.80   64.98   35.28  3263.9  354.44   76.09   28.42    1.4     53773.439     13.50   47.10740   39.80800  "Undefined"       0.0       -0.38  0.00000000
04.04.2019 14:56:24.173   9.99600000   9995.99983   0.40  -55.4   38.1  28.0 11.40  354.2   962.2  354.34   55.71   38.30  2009.7  354.53   65.05   35.79  3268.2  355.11   76.21   29.70    1.4     53784.173     13.50   47.10740   39.80800  "Undefined"       0.0       -0.17  0.00000000
04.04.2019 14:56:36.116   9.99600000   9995.99985   0.40  -44.8   40.6  28.0 10.80  353.5   980.1  353.63   55.86   38.07  2011.0  353.83   65.03   35.28  3432.4  354.64   77.57   26.94    1.3     53796.116     13.50   47.10740   39.80800  "Undefined"       0.0       -0.15  0.00000000
04.04.2019 14:56:46.867   9.99600000   9996.00007   0.40  -45.5   43.9  28.0 10.80  353.5   979.9  353.59   55.86   38.06  2010.8  353.79   65.03   35.25  3431.4  354.60   77.55   26.87    1.4     53806.867     13.50   47.10740   39.80800  "Undefined"       0.0        0.07  0.00000000
04.04.2019 14:56:58.807   9.99600000   9996.00018   0.40  -53.5   40.0  28.0 10.80  352.1   979.4  352.21   55.82   37.69  2006.9  352.45   64.91   34.30  3455.7  353.45   77.56   23.93    1.4     53818.807     13.50   47.10740   39.80800  "Undefined"       0.0        0.18  0.00000000
04.04.2019 14:57:11.764   9.99600000   9996.00015   0.40  -50.8   44.6  28.0  9.00  353.5  1071.5  353.63   56.67   37.87  2172.3  353.84   66.46   34.66  3339.6  354.36   76.73   27.43    1.4     53831.764     13.50   47.10740   39.80800  "Undefined"       0.0        0.15  0.00000000
04.04.2019 14:57:22.489   9.99600000   9996.00022   0.40  -47.1   36.4  28.0 12.60  352.8   990.3  352.94   55.93   37.86  2793.0  353.75   71.91   31.25  3900.2  354.87   81.55   19.33    1.4     53842.489     13.50   47.10740   39.80800  "Undefined"       0.0        0.22  0.00000000
04.04.2019 14:57:35.475   9.99600000   9996.00017   0.40  -52.0   41.4  28.0 11.40  353.5   961.9  353.60   55.69   38.10  2005.5  353.82   64.98   35.29  3264.3  354.46   76.09   28.45    1.4     53855.475     13.50   47.10740   39.80800  "Undefined"       0.0        0.17  0.00000000
04.04.2019 14:57:49.440   9.99600000   9996.00005   0.40  -54.2   39.2  28.0 12.00  353.5     0.0  353.50    0.00    0.00     0.0  353.50    0.00    0.00     0.0  353.50    0.00    0.00    1.5     53869.440     13.50   47.10740   39.80800  "Undefined"       0.0        0.05  0.00000000
04.04.2019 14:58:01.387   9.99600000   9995.99984   0.40  -51.0   42.5  28.0 12.00  352.8     0.0  352.84    0.00    0.00     0.0  352.84    0.00    0.00     0.0  352.84    0.00    0.00    1.4     53881.387     13.50   47.10740   39.80800  "Undefined"       0.0       -0.16  0.00000000
04.04.2019 14:58:13.198   9.99600000   9995.99990   0.40  -64.0   29.4  28.0  6.60  352.8  1257.2  352.95   58.31   37.18  2536.8  353.24   69.62   32.28  3845.1  354.08   80.91   18.05    1.6     53893.198     13.50   47.10740   39.80800  "Undefined"       0.0       -0.10  0.00000000
04.04.2019 14:58:23.973   9.99600000   9995.99998   0.40  -57.6   37.8  28.0 12.00  353.5     0.0  353.51    0.00    0.00     0.0  353.51    0.00    0.00     0.0  353.51    0.00    0.00    1.4     53903.973     13.50   47.10740   39.80800  "Undefined"       0.0       -0.02  0.00000000
04.04.2019 14:58:34.683   9.99600000   9996.00023   0.40  -56.5   36.9  28.0 10.80  352.8   979.7  352.95   55.84   37.89  2008.9  353.17   64.97   34.80  3440.7  354.06   77.55   25.53    1.4     53914.683     13.50   47.10740   39.80800  "Undefined"       0.0        0.23  0.00000000
04.04.2019 14:58:45.578   9.99600000   9996.00008   0.40  -56.6   38.9  28.0 10.80  353.5   980.0  353.62   55.86   38.07  2010.9  353.82   65.03   35.27  3431.5  354.63   77.56   26.92    1.6     53925.578     13.50   47.10740   39.80800  "Undefined"       0.0        0.08  0.00000000
04.04.2019 14:58:58.503   9.99600000   9996.00025   0.40  -52.4   43.0  28.0  9.60  353.5  1036.2  353.61   56.36   37.94  2105.9  353.82   65.87   34.90  3267.7  354.33   76.10   28.15    1.5     53938.503     13.50   47.10740   39.80800  "Undefined"       0.0        0.25  0.00000000
04.04.2019 14:59:10.390   9.99600000   9995.99989   0.40  -48.9   40.5  28.0 10.80  353.5   980.0  353.64   55.86   38.07  2011.0  353.84   65.03   35.28  3431.9  354.64   77.56   26.96    1.4     53950.390     13.50   47.10740   39.80800  "Undefined"       0.0       -0.11  0.00000000
04.04.2019 14:59:21.169   9.99600000   9996.00030   0.40  -49.4   46.0  28.0  9.00  353.5  1071.5  353.62   56.67   37.87  2172.3  353.83   66.46   34.64  3339.5  354.35   76.72   27.41    1.5     53961.169     13.50   47.10740   39.80800  "Undefined"       0.0        0.30  0.00000000
04.04.2019 14:59:34.046   9.99600000   9996.00009   0.40  -50.6   40.9  28.0 10.20  354.2  1005.5  354.32   56.10   38.21  2051.5  354.50   65.42   35.62  3327.8  355.07   76.72   29.04    1.4     53974.046     13.50   47.10740   39.80800  "Undefined"       0.0        0.09  0.00000000
