
[strDate]   [strTime]   [Frq_rpu]    [Frq_meg]    [Band]  [E]   [S_N] [Att]  [B]     [A]    [S0]  [aIRI0]   [Lat0]  [Lon0]   [S1]  [aIRI1]  [Lat1]  [Lon1]   [S2]  [aIRI2]  [Lat2]  [Lon2] [Sigm] [Time_sec]  [Cource]  [BaseLat]  [BaseLon]  [TypeSignalName]  [DispApd]  [Dopler]  [Delay]
04.04.2019 02:00:07.469   4.99600000   4996.00002   0.53  -32.3   44.5  28.0 28.20  352.8     0.0  352.80    0.00    0.00     0.0  352.80    0.00    0.00     0.0  352.80    0.00    0.00    1.2      7207.469     13.50   47.24000   39.71000  "Undefined"      63.2        0.02  0.00000000
04.04.2019 02:00:18.400   4.99600000   4996.00003   0.55  -31.0   45.6  28.0 27.00  352.1     0.0  352.10    0.00    0.00     0.0  352.10    0.00    0.00     0.0  352.10    0.00    0.00    1.2      7218.400     13.50   47.24000   39.71000  "Undefined"      62.1        0.03  0.00000000
04.04.2019 02:00:29.312   4.99600000   4996.00004   0.46  -31.6   45.2  28.0 29.40  352.1     0.0  352.10    0.00    0.00     0.0  352.10    0.00    0.00     0.0  352.10    0.00    0.00    1.2      7229.312     13.50   47.24000   39.71000  "Undefined"       0.0        0.04  0.00000000
04.04.2019 02:00:39.152   4.99600000   4996.00005   0.46  -31.1   45.7  28.0 28.20  352.8     0.0  352.78    0.00    0.00     0.0  352.78    0.00    0.00     0.0  352.78    0.00    0.00    1.2      7239.152     13.50   47.24000   39.71000  "Undefined"       0.0        0.05  0.00000000
04.04.2019 02:00:49.325   4.99600000   4996.00005   0.49  -31.5   45.0  28.0 28.20  352.8     0.0  352.79    0.00    0.00     0.0  352.79    0.00    0.00     0.0  352.79    0.00    0.00    1.2      7249.325     13.50   47.24000   39.71000  "Undefined"       0.0        0.05  0.00000000
04.04.2019 02:00:59.519   4.99600000   4996.00005   0.55  -31.4   47.3  28.0 27.00  352.8     0.0  352.79    0.00    0.00     0.0  352.79    0.00    0.00     0.0  352.79    0.00    0.00    1.2      7259.519     13.50   47.24000   39.71000  "Undefined"      62.7        0.05  0.00000000
04.04.2019 02:01:10.429   4.99600000   4996.00006   0.46  -32.8   44.0  28.0 27.60  352.8     0.0  352.79    0.00    0.00     0.0  352.79    0.00    0.00     0.0  352.79    0.00    0.00    1.2      7270.429     13.50   47.24000   39.71000  "Undefined"       0.0        0.06  0.00000000
04.04.2019 02:01:20.260   4.99600000   4996.00004   0.46  -34.3   42.5  28.0 27.00  352.1     0.0  352.09    0.00    0.00     0.0  352.09    0.00    0.00     0.0  352.09    0.00    0.00    1.2      7280.260     13.50   47.24000   39.71000  "Undefined"       0.0        0.04  0.00000000
04.04.2019 02:01:31.174   4.99600000   4996.00007   0.53  -38.3   39.4  28.0 28.80  352.8     0.0  352.78    0.00    0.00     0.0  352.78    0.00    0.00     0.0  352.78    0.00    0.00    1.2      7291.174     13.50   47.24000   39.71000  "Undefined"      62.8        0.07  0.00000000
04.04.2019 02:01:41.699   4.99600000   4996.00006   0.27  -39.3   39.9  28.0 27.60  352.8     0.0  352.79    0.00    0.00     0.0  352.79    0.00    0.00     0.0  352.79    0.00    0.00    1.2      7301.699     13.50   47.24000   39.71000  "Undefined"       0.0        0.06  0.00000000
04.04.2019 02:01:52.274   4.99600000   4996.00006   0.44  -39.8   41.2  28.0 30.60  352.1     0.0  352.08    0.00    0.00     0.0  352.08    0.00    0.00     0.0  352.08    0.00    0.00    1.2      7312.274     13.50   47.24000   39.71000  "Undefined"      62.2        0.06  0.00000000
04.04.2019 02:02:02.119   4.99600000   4996.00004   0.38  -38.5   40.3  28.0 27.00  352.1     0.0  352.07    0.00    0.00     0.0  352.07    0.00    0.00     0.0  352.07    0.00    0.00    1.2      7322.119     13.50   47.24000   39.71000  "Undefined"      62.3        0.04  0.00000000
04.04.2019 02:02:12.357   4.99600000   4996.00002   0.38  -38.6   40.6  28.0 25.20  352.8     0.0  352.80    0.00    0.00     0.0  352.80    0.00    0.00     0.0  352.80    0.00    0.00    1.3      7332.357     13.50   47.24000   39.71000  "Undefined"      62.3        0.02  0.00000000
04.04.2019 02:02:22.539   4.99600000   4996.00006   0.35  -37.5   40.5  28.0 30.60  352.1     0.0  352.07    0.00    0.00     0.0  352.07    0.00    0.00     0.0  352.07    0.00    0.00    1.3      7342.539     13.50   47.24000   39.71000  "Undefined"       0.0        0.06  0.00000000
04.04.2019 02:02:32.388   4.99600000   4996.00005   0.46  -36.9   40.8  28.0 26.40  352.8     0.0  352.79    0.00    0.00     0.0  352.79    0.00    0.00     0.0  352.79    0.00    0.00    1.2      7352.388     13.50   47.24000   39.71000  "Undefined"      62.5        0.05  0.00000000
04.04.2019 02:02:42.227   4.99600000   4996.00007   0.46  -37.1   41.8  28.0 29.40  352.1     0.0  352.08    0.00    0.00     0.0  352.08    0.00    0.00     0.0  352.08    0.00    0.00    1.2      7362.227     13.50   47.24000   39.71000  "Undefined"      66.2        0.07  0.00000000
04.04.2019 02:02:52.419   4.99600000   4996.00002   0.38  -38.2   41.0  28.0 28.20  352.1     0.0  352.09    0.00    0.00     0.0  352.09    0.00    0.00     0.0  352.09    0.00    0.00    1.3      7372.419     13.50   47.24000   39.71000  "Undefined"      62.9        0.02  0.00000000
04.04.2019 02:03:03.358   4.99600000   4996.00005   0.20  -40.6   39.8  28.0 27.00  352.8     0.0  352.78    0.00    0.00     0.0  352.78    0.00    0.00     0.0  352.78    0.00    0.00    1.2      7383.358     13.50   47.24000   39.71000  "Undefined"       0.0        0.05  0.00000000
04.04.2019 02:03:14.262   4.99600000   4996.00006   0.18  -40.7   40.3  28.0 30.00  352.1     0.0  352.08    0.00    0.00     0.0  352.08    0.00    0.00     0.0  352.08    0.00    0.00    1.2      7394.262     13.50   47.24000   39.71000  "Undefined"       0.0        0.06  0.00000000
04.04.2019 02:03:24.105   4.99600000   4996.00003   0.27  -40.8   38.4  28.0 27.00  352.8     0.0  352.80    0.00    0.00     0.0  352.80    0.00    0.00     0.0  352.80    0.00    0.00    1.3      7404.105     13.50   47.24000   39.71000  "Undefined"       0.0        0.03  0.00000000
04.04.2019 02:03:34.296   4.99600000   4996.00006   0.18  -42.1   38.9  28.0 25.80  352.1     0.0  352.09    0.00    0.00     0.0  352.09    0.00    0.00     0.0  352.09    0.00    0.00    1.3      7414.296     13.50   47.24000   39.71000  "Undefined"       0.0        0.06  0.00000000
04.04.2019 02:03:44.138   4.99600000   4996.00006   0.11  -41.3   41.7  28.0 30.00  351.4     0.0  351.37    0.00    0.00     0.0  351.37    0.00    0.00     0.0  351.37    0.00    0.00    1.2      7424.138     13.50   47.24000   39.71000  "Undefined"       0.0        0.06  0.00000000
04.04.2019 02:03:55.074   4.99600000   4996.00002   0.11  -42.8   40.2  28.0 25.20  352.8     0.0  352.78    0.00    0.00     0.0  352.78    0.00    0.00     0.0  352.78    0.00    0.00    1.2      7435.074     13.50   47.24000   39.71000  "Undefined"       0.0        0.02  0.00000000
04.04.2019 02:04:04.913   4.99600000   4996.00003   0.18  -41.9   39.1  28.0 27.00  352.1     0.0  352.09    0.00    0.00     0.0  352.09    0.00    0.00     0.0  352.09    0.00    0.00    1.3      7444.913     13.50   47.24000   39.71000  "Undefined"       0.0        0.03  0.00000000
04.04.2019 02:04:15.488   4.99600000   4996.00007   0.24  -41.5   38.1  28.0 29.40  352.1     0.0  352.07    0.00    0.00     0.0  352.07    0.00    0.00     0.0  352.07    0.00    0.00    1.2      7455.488     13.50   47.24000   39.71000  "Undefined"       0.0        0.07  0.00000000
04.04.2019 02:04:26.395   4.99600000   4996.00003   0.11  -42.6   38.4  28.0 27.00  352.1     0.0  352.09    0.00    0.00     0.0  352.09    0.00    0.00     0.0  352.09    0.00    0.00    1.3      7466.395     13.50   47.24000   39.71000  "Undefined"       0.0        0.03  0.00000000
04.04.2019 02:04:37.297   4.99600000   4996.00008   0.20  -40.8   39.6  28.0 30.00  352.1     0.0  352.09    0.00    0.00     0.0  352.09    0.00    0.00     0.0  352.09    0.00    0.00    1.2      7477.297     13.50   47.24000   39.71000  "Undefined"       0.0        0.08  0.00000000
04.04.2019 02:04:47.146   4.99600000   4996.00003   0.20  -40.1   38.4  28.0 25.80  352.8     0.0  352.79    0.00    0.00     0.0  352.79    0.00    0.00     0.0  352.79    0.00    0.00    1.2      7487.146     13.50   47.24000   39.71000  "Undefined"       0.0        0.03  0.00000000
04.04.2019 02:04:57.355   4.99600000   4996.00009   0.38  -40.6   37.1  28.0 29.40  352.1     0.0  352.08    0.00    0.00     0.0  352.08    0.00    0.00     0.0  352.08    0.00    0.00    1.3      7497.355     13.50   47.24000   39.71000  "Undefined"       0.0        0.09  0.00000000
04.04.2019 02:05:07.198   4.99600000   4996.00005   0.38  -39.2   40.0  28.0 30.60  352.1     0.0  352.09    0.00    0.00     0.0  352.09    0.00    0.00     0.0  352.09    0.00    0.00    1.2      7507.198     13.50   47.24000   39.71000  "Undefined"      62.1        0.05  0.00000000
04.04.2019 02:05:17.414   4.99600000   4996.00002   0.24  -40.6   39.0  28.0 21.00  352.8     0.0  352.80    0.00    0.00     0.0  352.80    0.00    0.00     0.0  352.80    0.00    0.00    1.2      7517.414     13.50   47.24000   39.71000  "Undefined"       0.0        0.02  0.00000000
04.04.2019 02:05:27.262   4.99600000   4996.00006   0.11  -43.6   39.4  28.0 13.80  352.8   847.9  352.91   54.80   38.08  1708.0  353.08   62.44   35.75  2568.7  353.36   70.04   32.07    1.3      7527.262     13.50   47.24000   39.71000  "Undefined"       0.0        0.06  0.00000000
04.04.2019 02:05:37.128   4.99600000   4996.00003   0.42  -38.8   40.8  28.0 12.00  353.5   943.5  353.61   55.66   38.04  1904.8  353.78   64.22   35.50  2861.2  354.12   72.67   31.12    1.3      7537.128     13.50   47.24000   39.71000  "Undefined"      63.9        0.03  0.00000000
04.04.2019 02:05:37.128   4.99600000   4996.00003   0.42  -38.8   40.8  28.0 18.60  352.8     0.0  352.79    0.00    0.00     0.0  352.79    0.00    0.00     0.0  352.79    0.00    0.00    1.3      7537.128     13.50   47.24000   39.71000  "Undefined"      63.9        0.03  0.00000000
04.04.2019 02:05:37.128   4.99600000   4996.00003   0.42  -38.8   40.8  28.0 25.80  352.1     0.0  352.07    0.00    0.00     0.0  352.07    0.00    0.00     0.0  352.07    0.00    0.00    1.3      7537.128     13.50   47.24000   39.71000  "Undefined"      63.9        0.03  0.00000000
04.04.2019 02:05:37.128   4.99600000   4996.00003   0.42  -38.8   40.8  28.0 28.80  351.4     0.0  351.37    0.00    0.00     0.0  351.37    0.00    0.00     0.0  351.37    0.00    0.00    1.3      7537.128     13.50   47.24000   39.71000  "Undefined"      63.9        0.03  0.00000000
04.04.2019 02:05:46.979   4.99600000   4996.00007   0.55  -39.4   39.8  28.0 33.60  351.4     0.0  351.37    0.00    0.00     0.0  351.37    0.00    0.00     0.0  351.37    0.00    0.00    1.2      7546.979     13.50   47.24000   39.71000  "Undefined"      66.2        0.07  0.00000000
04.04.2019 02:05:57.923   4.99600000   4996.00009   0.35  -38.2   39.7  28.0 31.20  352.1     0.0  352.07    0.00    0.00     0.0  352.07    0.00    0.00     0.0  352.07    0.00    0.00    1.2      7557.923     13.50   47.24000   39.71000  "Undefined"       0.0        0.09  0.00000000
04.04.2019 02:06:08.483   4.99600000   4996.00006   0.53  -37.9   40.9  28.0 28.80  353.5     0.0  353.53    0.00    0.00     0.0  353.53    0.00    0.00     0.0  353.53    0.00    0.00    1.4      7568.483     13.50   47.24000   39.71000  "Undefined"      63.0        0.06  0.00000000
04.04.2019 02:06:18.342   4.99600000   4996.00008   0.38  -39.1   38.6  28.0 24.60  352.8     0.0  352.81    0.00    0.00     0.0  352.81    0.00    0.00     0.0  352.81    0.00    0.00    1.3      7578.342     13.50   47.24000   39.71000  "Undefined"       0.0        0.08  0.00000000
04.04.2019 02:06:28.237   4.99600000   4996.00007   0.29  -38.9   42.1  28.0 27.60  352.1     0.0  352.08    0.00    0.00     0.0  352.08    0.00    0.00     0.0  352.08    0.00    0.00    1.4      7588.237     13.50   47.24000   39.71000  "Undefined"      62.3        0.07  0.00000000
04.04.2019 02:06:38.066   4.99600000   4996.00006   0.29  -41.0   39.9  28.0 28.80  352.8     0.0  352.79    0.00    0.00     0.0  352.79    0.00    0.00     0.0  352.79    0.00    0.00    1.5      7598.066     13.50   47.24000   39.71000  "Undefined"      63.6        0.06  0.00000000
04.04.2019 02:06:48.294   4.99600000   4996.00007   0.38  -40.6   42.4  28.0 29.40  352.1     0.0  352.08    0.00    0.00     0.0  352.08    0.00    0.00     0.0  352.08    0.00    0.00    1.4      7608.294     13.50   47.24000   39.71000  "Undefined"      62.9        0.07  0.00000000
04.04.2019 02:06:58.507   4.99600000   4996.00002   0.18  -41.1   39.9  28.0 30.00  352.8     0.0  352.79    0.00    0.00     0.0  352.79    0.00    0.00     0.0  352.79    0.00    0.00    1.2      7618.507     13.50   47.24000   39.71000  "Undefined"       0.0        0.02  0.00000000
04.04.2019 02:07:09.405   4.99600000   4996.00007   0.11  -40.7   42.4  28.0 32.40  351.4     0.0  351.37    0.00    0.00     0.0  351.37    0.00    0.00     0.0  351.37    0.00    0.00    1.2      7629.405     13.50   47.24000   39.71000  "Undefined"       0.0        0.07  0.00000000
04.04.2019 02:07:19.236   4.99600000   4996.00003   0.18  -41.7   39.3  28.0 28.80  352.1     0.0  352.08    0.00    0.00     0.0  352.08    0.00    0.00     0.0  352.08    0.00    0.00    1.3      7639.236     13.50   47.24000   39.71000  "Undefined"       0.0        0.03  0.00000000
04.04.2019 02:07:29.443   4.99600000   4996.00007   0.24  -43.3   36.3  28.0 33.00  352.1     0.0  352.07    0.00    0.00     0.0  352.07    0.00    0.00     0.0  352.07    0.00    0.00    1.4      7649.443     13.50   47.24000   39.71000  "Undefined"       0.0        0.07  0.00000000
04.04.2019 02:07:40.339   4.99600000   4996.00000   0.18  -42.4   38.6  28.0 25.20  352.8     0.0  352.80    0.00    0.00     0.0  352.80    0.00    0.00     0.0  352.80    0.00    0.00    1.3      7660.339     13.50   47.24000   39.71000  "Undefined"       0.0       -0.00  0.00000000
04.04.2019 02:08:23.335   4.99600000   4996.00135   0.07  -79.6    5.6  28.0 27.60  352.1     0.0  352.09    0.00    0.00     0.0  352.09    0.00    0.00     0.0  352.09    0.00    0.00    1.4      7703.335     13.50   47.24000   39.71000  "Undefined"       0.0        1.35  0.00000000
04.04.2019 02:08:33.908   4.99600000   4995.99976   0.07  -81.2    4.0  28.0 30.60  352.8     0.0  352.79    0.00    0.00     0.0  352.79    0.00    0.00     0.0  352.79    0.00    0.00    1.4      7713.908     13.50   47.24000   39.71000  "Undefined"       0.0       -0.24  0.00000000
04.04.2019 02:08:45.191   4.99600000   4996.00094   0.07  -77.2    8.0  28.0 24.60  352.8     0.0  352.81    0.00    0.00     0.0  352.81    0.00    0.00     0.0  352.81    0.00    0.00    1.3      7725.191     13.50   47.24000   39.71000  "Undefined"       0.0        0.94  0.00000000
04.04.2019 02:08:55.013   4.99600000   4996.00062   0.62  -44.0   31.5  28.0 24.00  353.5     0.0  353.50    0.00    0.00     0.0  353.50    0.00    0.00     0.0  353.50    0.00    0.00    1.3      7735.013     13.50   47.24000   39.71000  "Undefined"       0.0        0.62  0.00000000
04.04.2019 02:09:04.854   4.99600000   4996.00006   0.46  -52.5   24.3  28.0 31.20  352.8     0.0  352.80    0.00    0.00     0.0  352.80    0.00    0.00     0.0  352.80    0.00    0.00    1.7      7744.854     13.50   47.24000   39.71000  "Undefined"       0.0        0.06  0.00000000
04.04.2019 02:09:15.414   4.99600000   4996.00028   0.62  -47.1   28.4  28.0 24.00  352.8     0.0  352.80    0.00    0.00     0.0  352.80    0.00    0.00     0.0  352.80    0.00    0.00    1.2      7755.414     13.50   47.24000   39.71000  "Undefined"      -0.0        0.28  0.00000000
04.04.2019 02:09:25.246   4.99600000   4996.00018   0.62  -41.6   33.9  28.0 22.20  352.8     0.0  352.80    0.00    0.00     0.0  352.80    0.00    0.00     0.0  352.80    0.00    0.00    1.2      7765.246     13.50   47.24000   39.71000  "Undefined"       0.0        0.18  0.00000000
04.04.2019 02:09:35.075   4.99600000   4995.99996   0.51  -49.8   26.6  28.0 16.20  353.5     0.0  353.53    0.00    0.00     0.0  353.53    0.00    0.00     0.0  353.53    0.00    0.00    1.3      7775.075     13.50   47.24000   39.71000  "Undefined"       0.0       -0.04  0.00000000
04.04.2019 02:09:44.925   4.99600000   4996.00007   0.62  -45.3   30.2  28.0 27.60  352.1     0.0  352.08    0.00    0.00     0.0  352.08    0.00    0.00     0.0  352.08    0.00    0.00    1.3      7784.925     13.50   47.24000   39.71000  "Undefined"       0.0        0.07  0.00000000
04.04.2019 02:09:55.487   4.99600000   4995.99941   0.51  -50.5   25.9  28.0 24.60  352.8     0.0  352.80    0.00    0.00     0.0  352.80    0.00    0.00     0.0  352.80    0.00    0.00    1.6      7795.487     13.50   47.24000   39.71000  "Undefined"       0.0       -0.59  0.00000000
04.04.2019 02:10:05.380   4.99600000   4996.00153   0.62  -49.9   25.6  28.0 31.20  352.1     0.0  352.08    0.00    0.00     0.0  352.08    0.00    0.00     0.0  352.08    0.00    0.00    1.5      7805.380     13.50   47.24000   39.71000  "Undefined"       0.0        1.53  0.00000000
04.04.2019 02:10:15.228   4.99600000   4995.99873   0.07  -80.1    5.1  28.0 30.60  352.1     0.0  352.08    0.00    0.00     0.0  352.08    0.00    0.00     0.0  352.08    0.00    0.00    1.6      7815.228     13.50   47.24000   39.71000  "Undefined"       0.0       -1.27  0.00000000
04.04.2019 02:10:34.923   4.99600000   4996.00003   0.62  -47.7   27.8  28.0 31.20  351.3     0.0  351.35    0.00    0.00     0.0  351.35    0.00    0.00     0.0  351.35    0.00    0.00    1.2      7834.923     13.50   47.24000   39.71000  "Undefined"       0.0        0.03  0.00000000
04.04.2019 02:10:56.400   4.99600000   4995.99979   0.24  -51.0   28.6  28.0 32.40  352.1     0.0  352.07    0.00    0.00     0.0  352.07    0.00    0.00     0.0  352.07    0.00    0.00    1.2      7856.400     13.50   47.24000   39.71000  "Undefined"       0.0       -0.21  0.00000000
04.04.2019 02:11:06.952   4.99600000   4995.99986   0.13  -54.7   27.5  28.0 30.00  353.5     0.0  353.52    0.00    0.00     0.0  353.52    0.00    0.00     0.0  353.52    0.00    0.00    1.7      7866.952     13.50   47.24000   39.71000  "Undefined"       0.0       -0.14  0.00000000
04.04.2019 02:11:17.490   4.99600000   4995.99989   0.11  -54.3   28.7  28.0 24.60  352.8     0.0  352.81    0.00    0.00     0.0  352.81    0.00    0.00     0.0  352.81    0.00    0.00    1.4      7877.490     13.50   47.24000   39.71000  "Undefined"       0.0       -0.11  0.00000000
04.04.2019 02:11:27.312   4.99600000   4995.99973   0.11  -53.9   29.1  28.0 27.60  352.1     0.0  352.08    0.00    0.00     0.0  352.08    0.00    0.00     0.0  352.08    0.00    0.00    1.2      7887.312     13.50   47.24000   39.71000  "Undefined"       0.0       -0.27  0.00000000
04.04.2019 02:11:37.882   4.99600000   4996.00114   0.58  -53.0   22.8  28.0 21.00  354.3     0.0  354.25    0.00    0.00     0.0  354.25    0.00    0.00     0.0  354.25    0.00    0.00    1.3      7897.882     13.50   47.24000   39.71000  "Undefined"       0.0        1.14  0.00000000
04.04.2019 02:11:48.436   4.99600000   4996.00112   0.51  -52.9   23.5  28.0 31.80  354.2     0.0  354.23    0.00    0.00     0.0  354.23    0.00    0.00     0.0  354.23    0.00    0.00    1.9      7908.436     13.50   47.24000   39.71000  "Undefined"       0.0        1.12  0.00000000
04.04.2019 02:11:58.281   4.99600000   4996.00922   0.62  -61.5   14.0  28.0 34.20  352.1     0.0  352.08    0.00    0.00     0.0  352.08    0.00    0.00     0.0  352.08    0.00    0.00    1.2      7918.281     13.50   47.24000   39.71000  "Undefined"       0.0        9.22  0.00000000
04.04.2019 02:12:08.128   4.99600000   4995.99771   0.07  -80.2    5.0  28.0 36.60  350.6     0.0  350.65    0.00    0.00     0.0  350.65    0.00    0.00     0.0  350.65    0.00    0.00    1.4      7928.128     13.50   47.24000   39.71000  "Undefined"       0.0       -2.29  0.00000000
04.04.2019 02:12:38.438   4.99600000   4995.99992   0.44  -51.5   25.5  28.0 19.20  352.8     0.0  352.81    0.00    0.00     0.0  352.81    0.00    0.00     0.0  352.81    0.00    0.00    1.9      7958.438     13.50   47.24000   39.71000  "Undefined"       0.0       -0.08  0.00000000
04.04.2019 02:12:48.288   4.99600000   4996.00671   0.58  -56.4   17.4  28.0 26.40  352.8     0.0  352.79    0.00    0.00     0.0  352.79    0.00    0.00     0.0  352.79    0.00    0.00    1.8      7968.288     13.50   47.24000   39.71000  "Undefined"       0.0        6.71  0.00000000
04.04.2019 02:12:58.478   4.99600000   4996.00100   0.46  -50.2   24.6  28.0 28.20  352.1     0.0  352.06    0.00    0.00     0.0  352.06    0.00    0.00     0.0  352.06    0.00    0.00    1.4      7978.478     13.50   47.24000   39.71000  "Undefined"       0.0        1.00  0.00000000
04.04.2019 02:13:08.359   4.99600000   4996.00009   0.11  -50.2   26.8  28.0 30.60  351.4     0.0  351.37    0.00    0.00     0.0  351.37    0.00    0.00     0.0  351.37    0.00    0.00    1.3      7988.359     13.50   47.24000   39.71000  "Undefined"       0.0        0.09  0.00000000
04.04.2019 02:13:28.028   4.99600000   4996.00019   0.33  -52.8   25.4  28.0 32.40  351.3     0.0  351.35    0.00    0.00     0.0  351.35    0.00    0.00     0.0  351.35    0.00    0.00    1.2      8008.028     13.50   47.24000   39.71000  "Undefined"       0.0        0.19  0.00000000
04.04.2019 02:13:38.934   4.99600000   4995.99972   0.58  -49.9   28.0  28.0 33.60  351.4     0.0  351.36    0.00    0.00     0.0  351.36    0.00    0.00     0.0  351.36    0.00    0.00    1.2      8018.934     13.50   47.24000   39.71000  "Undefined"       0.0       -0.28  0.00000000
04.04.2019 02:13:49.488   4.99600000   4995.99960   0.24  -50.4   29.2  28.0 32.40  351.4     0.0  351.37    0.00    0.00     0.0  351.37    0.00    0.00     0.0  351.37    0.00    0.00    1.2      8029.488     13.50   47.24000   39.71000  "Undefined"       0.0       -0.40  0.00000000
04.04.2019 02:13:59.319   4.99600000   4996.00034   0.31  -54.5   24.1  28.0 31.80  351.4     0.0  351.38    0.00    0.00     0.0  351.38    0.00    0.00     0.0  351.38    0.00    0.00    1.2      8039.319     13.50   47.24000   39.71000  "Undefined"       0.0        0.34  0.00000000
04.04.2019 02:14:09.882   4.99600000   4995.99909   0.55  -52.1   23.9  28.0 30.00  350.7     0.0  350.65    0.00    0.00     0.0  350.65    0.00    0.00     0.0  350.65    0.00    0.00    1.5      8049.882     13.50   47.24000   39.71000  "Undefined"       0.0       -0.91  0.00000000
04.04.2019 02:14:52.438   4.99600000   4995.99987   0.20  -55.9   24.5  28.0  9.60  355.7  1103.4  355.76   57.13   38.37  2224.6  355.92   67.16   36.11  3341.9  356.28   77.11   31.33    1.8      8092.438     13.50   47.24000   39.71000  "Undefined"       0.0       -0.13  0.00000000
04.04.2019 02:15:02.274   4.99600000   4996.01521   0.40  -72.2    5.2  28.0 13.80  354.2   847.7  354.33   54.82   38.41  1707.3  354.46   62.49   36.54  2566.0  354.69   70.13   33.58    1.4      8102.274     13.50   47.24000   39.71000  "Undefined"       0.0       15.21  0.00000000
04.04.2019 02:15:12.848   4.99600000   4996.00001   0.42  -55.4   21.8  28.0 14.40  353.5   820.5  353.61   54.57   38.30  1649.4  353.75   61.95   36.31  2477.1  353.98   69.29   33.25    1.5      8112.848     13.50   47.24000   39.71000  "Undefined"       0.0        0.01  0.00000000
04.04.2019 02:15:24.493   4.99600000   4996.00022   0.11  -54.9   28.1  28.0 27.60  350.6     0.0  350.64    0.00    0.00     0.0  350.64    0.00    0.00     0.0  350.64    0.00    0.00    1.8      8124.493     13.50   47.24000   39.71000  "Undefined"       0.0        0.22  0.00000000
04.04.2019 02:15:34.351   4.99600000   4995.99967   0.11  -52.5   30.5  28.0 28.80  352.1     0.0  352.07    0.00    0.00     0.0  352.07    0.00    0.00     0.0  352.07    0.00    0.00    1.5      8134.351     13.50   47.24000   39.71000  "Undefined"       0.0       -0.33  0.00000000
04.04.2019 02:15:54.019   4.99600000   4996.00124   0.49  -54.3   22.3  28.0 27.00  351.4     0.0  351.36    0.00    0.00     0.0  351.36    0.00    0.00     0.0  351.36    0.00    0.00    1.7      8154.019     13.50   47.24000   39.71000  "Undefined"       0.0        1.24  0.00000000
04.04.2019 02:16:03.869   4.99600000   4996.00216   0.53  -51.9   24.3  28.0 21.00  353.5     0.0  353.52    0.00    0.00     0.0  353.52    0.00    0.00     0.0  353.52    0.00    0.00    1.7      8163.869     13.50   47.24000   39.71000  "Undefined"       0.0        2.16  0.00000000
04.04.2019 02:16:14.445   4.99600000   4995.99985   0.11  -56.5   26.5  28.0 12.60  355.0   909.4  355.04   55.38   38.47  1835.1  355.17   63.66   36.62  2760.9  355.41   71.90   33.50    1.6      8174.445     13.50   47.24000   39.71000  "Undefined"       0.0       -0.15  0.00000000
04.04.2019 02:16:24.289   4.99600000   4995.99959   0.46  -57.2   19.5  28.0 26.40  351.4     0.0  351.37    0.00    0.00     0.0  351.37    0.00    0.00     0.0  351.37    0.00    0.00    1.6      8184.289     13.50   47.24000   39.71000  "Undefined"       0.0       -0.41  0.00000000
04.04.2019 02:16:34.852   4.99600000   4995.99964   0.38  -52.6   23.1  28.0 28.80  352.1     0.0  352.06    0.00    0.00     0.0  352.06    0.00    0.00     0.0  352.06    0.00    0.00    1.3      8194.852     13.50   47.24000   39.71000  "Undefined"       0.0       -0.36  0.00000000
04.04.2019 02:16:45.419   4.99600000   4996.00152   0.46  -55.8   21.0  28.0 15.00  355.0   796.2  355.04   54.37   38.65  1593.6  355.15   61.50   37.19  2387.5  355.31   68.58   35.01    1.5      8205.419     13.50   47.24000   39.71000  "Undefined"       0.0        1.52  0.00000000
04.04.2019 02:16:55.995   4.99600000   4995.99980   0.11  -54.0   29.0  28.0 30.00  351.3     0.0  351.35    0.00    0.00     0.0  351.35    0.00    0.00     0.0  351.35    0.00    0.00    1.4      8215.995     13.50   47.24000   39.71000  "Undefined"       0.0       -0.20  0.00000000
04.04.2019 02:17:16.386   4.99600000   4995.99961   0.44  -54.2   22.8  28.0 25.80  352.8     0.0  352.80    0.00    0.00     0.0  352.80    0.00    0.00     0.0  352.80    0.00    0.00    1.5      8236.386     13.50   47.24000   39.71000  "Undefined"       0.0       -0.39  0.00000000
04.04.2019 02:17:45.915   4.99600000   4996.00072   0.62  -52.0   23.6  28.0 29.40  352.1     0.0  352.07    0.00    0.00     0.0  352.07    0.00    0.00     0.0  352.07    0.00    0.00    1.4      8265.915     13.50   47.24000   39.71000  "Undefined"       0.0        0.72  0.00000000
04.04.2019 02:17:56.471   4.99600000   4995.99965   0.62  -52.2   23.4  28.0 31.20  352.1     0.0  352.08    0.00    0.00     0.0  352.08    0.00    0.00     0.0  352.08    0.00    0.00    1.5      8276.471     13.50   47.24000   39.71000  "Undefined"       0.0       -0.35  0.00000000
04.04.2019 02:18:06.315   4.99600000   4996.00064   0.29  -56.1   22.7  28.0 18.60  355.7     0.0  355.69    0.00    0.00     0.0  355.69    0.00    0.00     0.0  355.69    0.00    0.00    1.5      8286.315     13.50   47.24000   39.71000  "Undefined"       0.0        0.64  0.00000000
04.04.2019 02:18:16.142   4.99600000   4995.99054   0.09  -77.4    6.6  28.0 31.20  351.3     0.0  351.35    0.00    0.00     0.0  351.35    0.00    0.00     0.0  351.35    0.00    0.00    1.3      8296.142     13.50   47.24000   39.71000  "Undefined"       0.0       -9.46  0.00000000
04.04.2019 02:18:46.419   4.99600000   4996.00057   0.62  -48.6   27.0  28.0 30.60  351.3     0.0  351.34    0.00    0.00     0.0  351.34    0.00    0.00     0.0  351.34    0.00    0.00    1.2      8326.419     13.50   47.24000   39.71000  "Undefined"       0.0        0.57  0.00000000
04.04.2019 02:19:06.414   4.99600000   4996.00289   0.53  -52.7   23.5  28.0 22.80  353.5     0.0  353.52    0.00    0.00     0.0  353.52    0.00    0.00     0.0  353.52    0.00    0.00    1.8      8346.414     13.50   47.24000   39.71000  "Undefined"       0.0        2.89  0.00000000
04.04.2019 02:19:16.616   4.99600000   4995.99965   0.35  -50.1   27.9  28.0 31.80  350.7     0.0  350.65    0.00    0.00     0.0  350.65    0.00    0.00     0.0  350.65    0.00    0.00    1.2      8356.616     13.50   47.24000   39.71000  "Undefined"       0.0       -0.35  0.00000000
04.04.2019 02:19:26.445   4.99600000   4996.00029   0.11  -52.0   29.0  28.0 33.00  350.6     0.0  350.64    0.00    0.00     0.0  350.64    0.00    0.00     0.0  350.64    0.00    0.00    1.9      8366.445     13.50   47.24000   39.71000  "Undefined"       0.0        0.29  0.00000000
04.04.2019 02:19:57.416   4.99600000   4996.00273   0.62  -47.7   27.8  28.0 32.40  350.6     0.0  350.63    0.00    0.00     0.0  350.63    0.00    0.00     0.0  350.63    0.00    0.00    1.2      8397.416     13.50   47.24000   39.71000  "Undefined"       0.0        2.73  0.00000000
04.04.2019 02:20:07.236   4.99600000   4996.00050   0.62  -47.3   26.2  28.0 31.80  349.9     0.0  349.91    0.00    0.00     0.0  349.91    0.00    0.00     0.0  349.91    0.00    0.00    1.2      8407.236     13.50   47.24000   39.71000  "Undefined"       0.0        0.50  0.00000000
04.04.2019 02:20:17.066   4.99600000   4995.99885   0.62  -47.3   28.2  28.0 31.80  349.2     0.0  349.20    0.00    0.00     0.0  349.20    0.00    0.00     0.0  349.20    0.00    0.00    1.3      8417.066     13.50   47.24000   39.71000  "Undefined"       0.0       -1.15  0.00000000
04.04.2019 02:20:26.910   4.99600000   4995.99590   0.62  -48.6   26.9  28.0 31.20  349.2     0.0  349.20    0.00    0.00     0.0  349.20    0.00    0.00     0.0  349.20    0.00    0.00    1.3      8426.910     13.50   47.24000   39.71000  "Undefined"       0.0       -4.10  0.00000000
04.04.2019 02:20:37.496   4.99600000   4995.99729   0.62  -48.2   27.3  28.0 32.40  349.2     0.0  349.20    0.00    0.00     0.0  349.20    0.00    0.00     0.0  349.20    0.00    0.00    1.4      8437.496     13.50   47.24000   39.71000  "Undefined"       0.0       -2.71  0.00000000
04.04.2019 02:20:47.333   4.99600000   4995.99895   0.62  -46.6   28.9  28.0 32.40  348.5     0.0  348.48    0.00    0.00     0.0  348.48    0.00    0.00     0.0  348.48    0.00    0.00    1.2      8447.333     13.50   47.24000   39.71000  "Undefined"       0.0       -1.05  0.00000000
04.04.2019 02:20:57.162   4.99600000   4996.00027   0.62  -47.6   28.0  28.0 30.60  349.9     0.0  349.94    0.00    0.00     0.0  349.94    0.00    0.00     0.0  349.94    0.00    0.00    1.3      8457.162     13.50   47.24000   39.71000  "Undefined"       0.0        0.27  0.00000000
04.04.2019 02:21:06.997   4.99600000   4996.00165   0.62  -46.9   28.6  28.0 31.20  349.9     0.0  349.92    0.00    0.00     0.0  349.92    0.00    0.00     0.0  349.92    0.00    0.00    1.2      8466.997     13.50   47.24000   39.71000  "Undefined"       0.0        1.65  0.00000000
04.04.2019 02:21:16.837   4.99600000   4996.00238   0.62  -47.0   28.5  28.0 31.80  349.2     0.0  349.20    0.00    0.00     0.0  349.20    0.00    0.00     0.0  349.20    0.00    0.00    1.2      8476.837     13.50   47.24000   39.71000  "Undefined"       0.0        2.38  0.00000000
04.04.2019 02:21:27.407   4.99600000   4996.00765   0.60  -50.7   25.0  28.0 31.20  349.2     0.0  349.20    0.00    0.00     0.0  349.20    0.00    0.00     0.0  349.20    0.00    0.00    1.4      8487.407     13.50   47.24000   39.71000  "Undefined"       0.0        7.65  0.00000000
04.04.2019 02:21:27.407   4.99600000   4996.00765   0.60  -50.7   25.0  28.0 28.20  351.4     0.0  351.36    0.00    0.00     0.0  351.36    0.00    0.00     0.0  351.36    0.00    0.00    1.4      8487.407     13.50   47.24000   39.71000  "Undefined"       0.0        7.65  0.00000000
04.04.2019 02:21:27.407   4.99600000   4996.00765   0.60  -50.7   25.0  28.0 29.40  350.6     0.0  350.64    0.00    0.00     0.0  350.64    0.00    0.00     0.0  350.64    0.00    0.00    1.4      8487.407     13.50   47.24000   39.71000  "Undefined"       0.0        7.65  0.00000000
04.04.2019 02:21:37.255   4.99600000   4996.00646   0.55  -54.1   21.9  28.0 28.80  351.4     0.0  351.36    0.00    0.00     0.0  351.36    0.00    0.00     0.0  351.36    0.00    0.00    1.2      8497.255     13.50   47.24000   39.71000  "Undefined"       0.0        6.46  0.00000000
04.04.2019 02:21:37.255   4.99600000   4996.00646   0.55  -54.1   21.9  28.0 25.20  353.5     0.0  353.52    0.00    0.00     0.0  353.52    0.00    0.00     0.0  353.52    0.00    0.00    1.2      8497.255     13.50   47.24000   39.71000  "Undefined"       0.0        6.46  0.00000000
04.04.2019 02:21:37.255   4.99600000   4996.00646   0.55  -54.1   21.9  28.0 27.60  352.1     0.0  352.08    0.00    0.00     0.0  352.08    0.00    0.00     0.0  352.08    0.00    0.00    1.2      8497.255     13.50   47.24000   39.71000  "Undefined"       0.0        6.46  0.00000000
04.04.2019 02:21:37.255   4.99600000   4996.00646   0.55  -54.1   21.9  28.0 26.40  352.8     0.0  352.80    0.00    0.00     0.0  352.80    0.00    0.00     0.0  352.80    0.00    0.00    1.2      8497.255     13.50   47.24000   39.71000  "Undefined"       0.0        6.46  0.00000000
04.04.2019 02:21:37.255   4.99600000   4996.00646   0.55  -54.1   21.9  28.0 33.60  347.0     0.0  347.04    0.00    0.00     0.0  347.04    0.00    0.00     0.0  347.04    0.00    0.00    1.2      8497.255     13.50   47.24000   39.71000  "Undefined"       0.0        6.46  0.00000000
04.04.2019 02:21:47.123   4.99600000   4996.00043   0.51  -53.4   23.0  28.0 30.60  350.6     0.0  350.64    0.00    0.00     0.0  350.64    0.00    0.00     0.0  350.64    0.00    0.00    1.3      8507.123     13.50   47.24000   39.71000  "Undefined"       0.0        0.43  0.00000000
04.04.2019 02:21:47.123   4.99600000   4996.00043   0.51  -53.4   23.0  28.0 29.40  351.4     0.0  351.36    0.00    0.00     0.0  351.36    0.00    0.00     0.0  351.36    0.00    0.00    1.3      8507.123     13.50   47.24000   39.71000  "Undefined"       0.0        0.43  0.00000000
04.04.2019 02:21:47.123   4.99600000   4996.00043   0.51  -53.4   23.0  28.0 27.60  352.1     0.0  352.08    0.00    0.00     0.0  352.08    0.00    0.00     0.0  352.08    0.00    0.00    1.3      8507.123     13.50   47.24000   39.71000  "Undefined"       0.0        0.43  0.00000000
04.04.2019 02:21:58.039   4.99600000   4996.00302   0.62  -49.5   26.1  28.0 30.60  349.2     0.0  349.21    0.00    0.00     0.0  349.21    0.00    0.00     0.0  349.21    0.00    0.00    1.6      8518.039     13.50   47.24000   39.71000  "Undefined"       0.0        3.02  0.00000000
04.04.2019 02:22:07.900   4.99600000   4996.00301   0.62  -38.5   37.0  28.0 27.60  349.9     0.0  349.93    0.00    0.00     0.0  349.93    0.00    0.00     0.0  349.93    0.00    0.00    1.2      8527.900     13.50   47.24000   39.71000  "Undefined"       0.0        3.01  0.00000000
04.04.2019 02:22:18.466   4.99600000   4996.00066   0.62  -44.4   31.2  28.0 26.40  351.4     0.0  351.35    0.00    0.00     0.0  351.35    0.00    0.00     0.0  351.35    0.00    0.00    1.3      8538.466     13.50   47.24000   39.71000  "Undefined"       0.0        0.66  0.00000000
04.04.2019 02:22:18.466   4.99600000   4996.00066   0.62  -44.4   31.2  28.0 27.60  350.6     0.0  350.64    0.00    0.00     0.0  350.64    0.00    0.00     0.0  350.64    0.00    0.00    1.3      8538.466     13.50   47.24000   39.71000  "Undefined"       0.0        0.66  0.00000000
04.04.2019 02:22:28.295   4.99600000   4996.00362   0.62  -52.2   23.3  28.0 27.60  349.9     0.0  349.92    0.00    0.00     0.0  349.92    0.00    0.00     0.0  349.92    0.00    0.00    1.3      8548.295     13.50   47.24000   39.71000  "Undefined"       0.0        3.62  0.00000000
04.04.2019 02:22:38.145   4.99600000   4995.99763   0.62  -44.9   30.6  28.0 27.00  351.4     0.0  351.36    0.00    0.00     0.0  351.36    0.00    0.00     0.0  351.36    0.00    0.00    1.3      8558.145     13.50   47.24000   39.71000  "Undefined"       0.0       -2.37  0.00000000
04.04.2019 02:22:48.262   4.99600000   4995.99866   0.62  -45.9   27.6  28.0 26.40  351.4     0.0  351.36    0.00    0.00     0.0  351.36    0.00    0.00     0.0  351.36    0.00    0.00    1.1      8568.262     13.50   47.24000   39.71000  "Undefined"       0.0       -1.34  0.00000000
04.04.2019 02:22:58.110   4.99600000   4995.99675   0.62  -49.1   26.5  28.0 25.80  351.4     0.0  351.37    0.00    0.00     0.0  351.37    0.00    0.00     0.0  351.37    0.00    0.00    1.2      8578.110     13.50   47.24000   39.71000  "Undefined"       0.0       -3.25  0.00000000
04.04.2019 02:23:07.948   4.99600000   4995.99778   0.62  -49.6   25.9  28.0 24.60  349.2     0.0  349.22    0.00    0.00     0.0  349.22    0.00    0.00     0.0  349.22    0.00    0.00    1.5      8587.948     13.50   47.24000   39.71000  "Undefined"       0.0       -2.22  0.00000000
04.04.2019 02:23:18.523   4.99600000   4996.00311   0.62  -46.6   28.9  28.0 27.60  347.8     0.0  347.75    0.00    0.00     0.0  347.75    0.00    0.00     0.0  347.75    0.00    0.00    1.3      8598.523     13.50   47.24000   39.71000  "Undefined"       0.0        3.11  0.00000000
04.04.2019 02:23:28.355   4.99600000   4996.00067   0.62  -45.3   30.3  28.0 28.80  347.8     0.0  347.78    0.00    0.00     0.0  347.78    0.00    0.00     0.0  347.78    0.00    0.00    1.2      8608.355     13.50   47.24000   39.71000  "Undefined"       0.0        0.67  0.00000000
04.04.2019 02:23:38.196   4.99600000   4995.99729   0.62  -52.4   23.1  28.0 27.60  346.3     0.0  346.32    0.00    0.00     0.0  346.32    0.00    0.00     0.0  346.32    0.00    0.00    1.6      8618.196     13.50   47.24000   39.71000  "Undefined"       0.0       -2.71  0.00000000
04.04.2019 02:23:48.037   4.99600000   4996.00485   0.62  -47.8   27.7  28.0 27.00  348.5     0.0  348.47    0.00    0.00     0.0  348.47    0.00    0.00     0.0  348.47    0.00    0.00    1.5      8628.037     13.50   47.24000   39.71000  "Undefined"       0.0        4.85  0.00000000
04.04.2019 02:23:57.900   4.99600000   4995.99614   0.62  -48.5   25.1  28.0 31.20  347.0     0.0  347.04    0.00    0.00     0.0  347.04    0.00    0.00     0.0  347.04    0.00    0.00    1.5      8637.900     13.50   47.24000   39.71000  "Undefined"       0.0       -3.86  0.00000000
04.04.2019 02:24:08.460   4.99600000   4996.00583   0.62  -52.4   23.1  28.0  7.80  352.8  1253.0  352.96   58.40   37.09  2527.3  353.29   69.67   32.24  3767.7  354.11   80.41   19.60    1.4      8648.460     13.50   47.24000   39.71000  "Undefined"       0.0        5.83  0.00000000
04.04.2019 02:24:08.460   4.99600000   4996.00583   0.62  -52.4   23.1  28.0 11.40  352.1   980.3  352.22   55.96   37.59  1979.2  352.45   64.80   34.29  2958.7  352.86   73.37   28.50    1.4      8648.460     13.50   47.24000   39.71000  "Undefined"       0.0        5.83  0.00000000
04.04.2019 02:24:08.460   4.99600000   4996.00583   0.62  -52.4   23.1  28.0 14.40  351.4   820.8  351.49   54.53   37.83  1648.9  351.67   61.85   35.20  2469.2  351.96   69.04   31.21    1.4      8648.460     13.50   47.24000   39.71000  "Undefined"       0.0        5.83  0.00000000
04.04.2019 02:24:08.460   4.99600000   4996.00583   0.62  -52.4   23.1  28.0 16.80  350.6     0.0  350.64    0.00    0.00     0.0  350.64    0.00    0.00     0.0  350.64    0.00    0.00    1.4      8648.460     13.50   47.24000   39.71000  "Undefined"       0.0        5.83  0.00000000
04.04.2019 02:24:08.460   4.99600000   4996.00583   0.62  -52.4   23.1  28.0 25.20  347.0     0.0  347.04    0.00    0.00     0.0  347.04    0.00    0.00     0.0  347.04    0.00    0.00    1.3      8648.460     13.50   47.24000   39.71000  "Undefined"       0.0        5.83  0.00000000
04.04.2019 02:24:08.460   4.99600000   4996.00583   0.62  -52.4   23.1  28.0 24.00  347.8     0.0  347.76    0.00    0.00     0.0  347.76    0.00    0.00     0.0  347.76    0.00    0.00    1.3      8648.460     13.50   47.24000   39.71000  "Undefined"       0.0        5.83  0.00000000
04.04.2019 02:24:18.333   4.99600000   4996.00119   0.62  -47.9   27.6  28.0 28.80  348.5     0.0  348.48    0.00    0.00     0.0  348.48    0.00    0.00     0.0  348.48    0.00    0.00    1.3      8658.333     13.50   47.24000   39.71000  "Undefined"       0.0        1.19  0.00000000
04.04.2019 02:24:18.333   4.99600000   4996.00119   0.62  -47.9   27.6  28.0 26.40  349.2     0.0  349.21    0.00    0.00     0.0  349.21    0.00    0.00     0.0  349.21    0.00    0.00    1.3      8658.333     13.50   47.24000   39.71000  "Undefined"       0.0        1.19  0.00000000
04.04.2019 02:24:18.333   4.99600000   4996.00119   0.62  -47.9   27.6  28.0 16.80  351.4     0.0  351.38    0.00    0.00     0.0  351.38    0.00    0.00     0.0  351.38    0.00    0.00    1.2      8658.333     13.50   47.24000   39.71000  "Undefined"       0.0        1.19  0.00000000
04.04.2019 02:24:18.333   4.99600000   4996.00119   0.62  -47.9   27.6  28.0 13.80  352.1   848.1  352.20   54.79   37.92  1707.4  352.38   62.40   35.36  2558.4  352.67   69.89   31.37    1.2      8658.333     13.50   47.24000   39.71000  "Undefined"       0.0        1.19  0.00000000
04.04.2019 02:24:28.183   4.99600000   4996.00325   0.62  -48.8   22.7  28.0 18.00  351.4     0.0  351.37    0.00    0.00     0.0  351.37    0.00    0.00     0.0  351.37    0.00    0.00    1.2      8668.183     13.50   47.24000   39.71000  "Undefined"       0.0        3.25  0.00000000
04.04.2019 02:24:28.183   4.99600000   4996.00325   0.62  -48.8   22.7  28.0 13.20  352.8   877.7  352.90   55.06   38.01  1768.9  353.07   62.98   35.54  2651.0  353.37   70.76   31.56    1.2      8668.183     13.50   47.24000   39.71000  "Undefined"       0.0        3.25  0.00000000
04.04.2019 02:24:28.183   4.99600000   4996.00325   0.62  -48.8   22.7  28.0 15.60  352.1     0.0  352.08    0.00    0.00     0.0  352.08    0.00    0.00     0.0  352.08    0.00    0.00    1.2      8668.183     13.50   47.24000   39.71000  "Undefined"       0.0        3.25  0.00000000
04.04.2019 02:24:38.033   4.99600000   4996.00068   0.62  -46.2   29.3  28.0 16.80  351.4     0.0  351.36    0.00    0.00     0.0  351.36    0.00    0.00     0.0  351.36    0.00    0.00    1.5      8678.033     13.50   47.24000   39.71000  "Undefined"       0.0        0.68  0.00000000
04.04.2019 02:24:38.033   4.99600000   4996.00068   0.62  -46.2   29.3  28.0 36.60  346.3     0.0  346.30    0.00    0.00     0.0  346.30    0.00    0.00     0.0  346.30    0.00    0.00    1.3      8678.033     13.50   47.24000   39.71000  "Undefined"       0.0        0.68  0.00000000
04.04.2019 02:24:47.915   4.99600000   4996.00071   0.07  -79.3    5.9  28.0 43.80  346.3     0.0  346.32    0.00    0.00     0.0  346.32    0.00    0.00     0.0  346.32    0.00    0.00    1.7      8687.915     13.50   47.24000   39.71000  "Undefined"       0.0        0.71  0.00000000
04.04.2019 02:24:58.518   4.99600000   4996.00042   0.62  -48.3   27.2  28.0 27.00  347.0     0.0  347.04    0.00    0.00     0.0  347.04    0.00    0.00     0.0  347.04    0.00    0.00    1.3      8698.518     13.50   47.24000   39.71000  "Undefined"       0.0        0.42  0.00000000
04.04.2019 02:25:20.341   4.99600000   4996.00084   0.62  -44.5   31.1  28.0 24.60  349.9     0.0  349.91    0.00    0.00     0.0  349.91    0.00    0.00     0.0  349.91    0.00    0.00    1.2      8720.341     13.50   47.24000   39.71000  "Undefined"       0.0        0.84  0.00000000
04.04.2019 02:25:20.341   4.99600000   4996.00084   0.62  -44.5   31.1  28.0 15.00  352.1   797.0  352.21   54.33   38.05  1594.4  352.37   61.40   35.77  2385.3  352.62   68.37   32.38    1.2      8720.341     13.50   47.24000   39.71000  "Undefined"       0.0        0.84  0.00000000
04.04.2019 02:25:20.341   4.99600000   4996.00084   0.62  -44.5   31.1  28.0 12.00  352.8   943.7  352.92   55.65   37.86  1904.5  353.11   64.18   35.06  2850.9  353.46   72.51   30.27    1.2      8720.341     13.50   47.24000   39.71000  "Undefined"       0.0        0.84  0.00000000
04.04.2019 02:25:20.341   4.99600000   4996.00084   0.62  -44.5   31.1  28.0 30.60  347.8     0.0  347.75    0.00    0.00     0.0  347.75    0.00    0.00     0.0  347.75    0.00    0.00    1.2      8720.341     13.50   47.24000   39.71000  "Undefined"       0.0        0.84  0.00000000
04.04.2019 02:25:20.341   4.99600000   4996.00084   0.62  -44.5   31.1  28.0 31.80  347.1     0.0  347.05    0.00    0.00     0.0  347.05    0.00    0.00     0.0  347.05    0.00    0.00    1.2      8720.341     13.50   47.24000   39.71000  "Undefined"       0.0        0.84  0.00000000
04.04.2019 02:25:30.206   4.99600000   4995.99260   0.62  -49.0   26.5  28.0 21.60  351.3     0.0  351.35    0.00    0.00     0.0  351.35    0.00    0.00     0.0  351.35    0.00    0.00    1.4      8730.206     13.50   47.24000   39.71000  "Undefined"       0.0       -7.40  0.00000000
04.04.2019 02:25:30.206   4.99600000   4995.99260   0.62  -49.0   26.5  28.0 24.00  350.6     0.0  350.64    0.00    0.00     0.0  350.64    0.00    0.00     0.0  350.64    0.00    0.00    1.4      8730.206     13.50   47.24000   39.71000  "Undefined"       0.0       -7.40  0.00000000
04.04.2019 02:25:40.048   4.99600000   4996.00425   0.62  -51.1   24.4  28.0 27.00  347.0     0.0  347.04    0.00    0.00     0.0  347.04    0.00    0.00     0.0  347.04    0.00    0.00    1.3      8740.048     13.50   47.24000   39.71000  "Undefined"       0.0        4.25  0.00000000
04.04.2019 02:25:49.877   4.99600000   4995.99895   0.58  -49.9   25.9  28.0  9.00  354.2  1150.4  354.35   57.52   37.82  2324.2  354.58   67.98   34.55  3476.5  355.10   78.14   27.24    1.6      8749.877     13.50   47.24000   39.71000  "Undefined"       0.0       -1.05  0.00000000
04.04.2019 02:25:49.877   4.99600000   4995.99895   0.58  -49.9   25.9  28.0 10.80  353.5  1018.8  353.64   56.33   37.89  2057.3  353.84   65.57   34.99  3075.7  354.24   74.56   29.62    1.6      8749.877     13.50   47.24000   39.71000  "Undefined"       0.0       -1.05  0.00000000
04.04.2019 02:26:11.358   4.99600000   4996.00001   0.60  -46.9   28.8  28.0 40.80  346.3     0.0  346.33    0.00    0.00     0.0  346.33    0.00    0.00     0.0  346.33    0.00    0.00    1.5      8771.358     13.50   47.24000   39.71000  "Undefined"       0.0        0.01  0.00000000
04.04.2019 02:26:11.358   4.99600000   4996.00001   0.60  -46.9   28.8  28.0 17.40  350.6     0.0  350.63    0.00    0.00     0.0  350.63    0.00    0.00     0.0  350.63    0.00    0.00    1.5      8771.358     13.50   47.24000   39.71000  "Undefined"       0.0        0.01  0.00000000
04.04.2019 02:26:21.189   4.99600000   4996.00002   0.62  -48.2   27.3  28.0 27.00  347.8     0.0  347.78    0.00    0.00     0.0  347.78    0.00    0.00     0.0  347.78    0.00    0.00    1.2      8781.189     13.50   47.24000   39.71000  "Undefined"       0.0        0.02  0.00000000
04.04.2019 02:26:31.015   4.99600000   4996.00349   0.62  -47.7   25.8  28.0 41.40  347.0     0.0  347.04    0.00    0.00     0.0  347.04    0.00    0.00     0.0  347.04    0.00    0.00    1.4      8791.015     13.50   47.24000   39.71000  "Undefined"       0.0        3.49  0.00000000
04.04.2019 02:26:40.849   4.99600000   4996.00151   0.62  -47.2   28.3  28.0 42.60  347.1     0.0  347.05    0.00    0.00     0.0  347.05    0.00    0.00     0.0  347.05    0.00    0.00    1.2      8800.849     13.50   47.24000   39.71000  "Undefined"       0.0        1.51  0.00000000
04.04.2019 02:26:40.849   4.99600000   4996.00151   0.62  -47.2   28.3  28.0 24.00  348.5     0.0  348.48    0.00    0.00     0.0  348.48    0.00    0.00     0.0  348.48    0.00    0.00    1.2      8800.849     13.50   47.24000   39.71000  "Undefined"       0.0        1.51  0.00000000
04.04.2019 02:26:51.413   4.99600000   4996.00030   0.62  -45.3   30.3  28.0 34.80  347.0     0.0  347.04    0.00    0.00     0.0  347.04    0.00    0.00     0.0  347.04    0.00    0.00    1.4      8811.413     13.50   47.24000   39.71000  "Undefined"       0.0        0.30  0.00000000
04.04.2019 02:27:11.086   4.99600000   4995.99957   0.60  -49.9   25.8  28.0 44.40  348.5     0.0  348.47    0.00    0.00     0.0  348.47    0.00    0.00     0.0  348.47    0.00    0.00    1.6      8831.086     13.50   47.24000   39.71000  "Undefined"       0.0       -0.43  0.00000000
04.04.2019 02:27:11.086   4.99600000   4995.99957   0.60  -49.9   25.8  28.0 17.40  350.6     0.0  350.65    0.00    0.00     0.0  350.65    0.00    0.00     0.0  350.65    0.00    0.00    1.3      8831.086     13.50   47.24000   39.71000  "Undefined"       0.0       -0.43  0.00000000
04.04.2019 02:27:42.936   4.99600000   4996.00347   0.62  -50.5   25.1  28.0 25.20  350.6     0.0  350.64    0.00    0.00     0.0  350.64    0.00    0.00     0.0  350.64    0.00    0.00    1.9      8862.936     13.50   47.24000   39.71000  "Undefined"       0.0        3.47  0.00000000
04.04.2019 02:27:42.936   4.99600000   4996.00347   0.62  -50.5   25.1  28.0 36.60  346.3     0.0  346.32    0.00    0.00     0.0  346.32    0.00    0.00     0.0  346.32    0.00    0.00    1.5      8862.936     13.50   47.24000   39.71000  "Undefined"       0.0        3.47  0.00000000
04.04.2019 02:27:53.503   4.99600000   4996.00045   0.62  -51.7   23.8  28.0 36.60  347.0     0.0  347.04    0.00    0.00     0.0  347.04    0.00    0.00     0.0  347.04    0.00    0.00    1.8      8873.503     13.50   47.24000   39.71000  "Undefined"       0.0        0.45  0.00000000
04.04.2019 02:27:53.503   4.99600000   4996.00045   0.62  -51.7   23.8  28.0 13.20  352.1   877.7  352.20   55.05   37.85  1768.9  352.39   62.94   35.13  2650.3  352.71   70.69   30.79    1.2      8873.503     13.50   47.24000   39.71000  "Undefined"       0.0        0.45  0.00000000
04.04.2019 02:28:03.339   4.99600000   4995.99868   0.55  -51.9   24.1  28.0 16.20  349.9     0.0  349.92    0.00    0.00     0.0  349.92    0.00    0.00     0.0  349.92    0.00    0.00    1.4      8883.339     13.50   47.24000   39.71000  "Undefined"       0.0       -1.32  0.00000000
04.04.2019 02:28:13.228   4.99600000   4996.00701   0.53  -54.5   21.7  28.0 30.60  348.5     0.0  348.48    0.00    0.00     0.0  348.48    0.00    0.00     0.0  348.48    0.00    0.00    1.5      8893.228     13.50   47.24000   39.71000  "Undefined"       0.0        7.01  0.00000000
04.04.2019 02:28:13.228   4.99600000   4996.00701   0.53  -54.5   21.7  28.0 31.80  347.8     0.0  347.76    0.00    0.00     0.0  347.76    0.00    0.00     0.0  347.76    0.00    0.00    1.5      8893.228     13.50   47.24000   39.71000  "Undefined"       0.0        7.01  0.00000000
04.04.2019 02:28:13.228   4.99600000   4996.00701   0.53  -54.5   21.7  28.0  9.60  354.2  1103.7  354.35   57.11   37.92  2228.9  354.56   67.13   34.91  3329.7  355.01   76.86   28.70    1.3      8893.228     13.50   47.24000   39.71000  "Undefined"       0.0        7.01  0.00000000
04.04.2019 02:28:34.008   4.99600000   4995.99966   0.62  -51.7   23.9  28.0 21.60  349.9     0.0  349.93    0.00    0.00     0.0  349.93    0.00    0.00     0.0  349.93    0.00    0.00    1.3      8914.008     13.50   47.24000   39.71000  "Undefined"       0.0       -0.34  0.00000000
04.04.2019 02:28:34.008   4.99600000   4995.99966   0.62  -51.7   23.9  28.0 20.40  350.6     0.0  350.63    0.00    0.00     0.0  350.63    0.00    0.00     0.0  350.63    0.00    0.00    1.3      8914.008     13.50   47.24000   39.71000  "Undefined"       0.0       -0.34  0.00000000
04.04.2019 02:28:43.852   4.99600000   4995.99787   0.51  -55.6   20.7  28.0  6.60  354.2  1370.6  354.39   59.49   37.35  2752.6  354.71   71.78   32.62     0.0  354.25    0.00    0.00    1.6      8923.852     13.50   47.24000   39.71000  "Undefined"       0.0       -2.13  0.00000000
04.04.2019 02:28:54.421   4.99600000   4996.00317   0.62  -52.3   23.3  28.0 25.80  348.5     0.0  348.48    0.00    0.00     0.0  348.48    0.00    0.00     0.0  348.48    0.00    0.00    1.3      8934.421     13.50   47.24000   39.71000  "Undefined"       0.0        3.17  0.00000000
04.04.2019 02:28:54.421   4.99600000   4996.00317   0.62  -52.3   23.3  28.0 17.40  351.3     0.0  351.35    0.00    0.00     0.0  351.35    0.00    0.00     0.0  351.35    0.00    0.00    1.3      8934.421     13.50   47.24000   39.71000  "Undefined"       0.0        3.17  0.00000000
04.04.2019 02:28:54.421   4.99600000   4996.00317   0.62  -52.3   23.3  28.0 24.00  349.2     0.0  349.20    0.00    0.00     0.0  349.20    0.00    0.00     0.0  349.20    0.00    0.00    1.3      8934.421     13.50   47.24000   39.71000  "Undefined"       0.0        3.17  0.00000000
04.04.2019 02:28:54.421   4.99600000   4996.00317   0.62  -52.3   23.3  28.0 21.60  349.9     0.0  349.92    0.00    0.00     0.0  349.92    0.00    0.00     0.0  349.92    0.00    0.00    1.3      8934.421     13.50   47.24000   39.71000  "Undefined"       0.0        3.17  0.00000000
04.04.2019 02:28:54.421   4.99600000   4996.00317   0.62  -52.3   23.3  28.0 19.80  350.6     0.0  350.63    0.00    0.00     0.0  350.63    0.00    0.00     0.0  350.63    0.00    0.00    1.3      8934.421     13.50   47.24000   39.71000  "Undefined"       0.0        3.17  0.00000000
04.04.2019 02:29:04.274   4.99600000   4995.99921   0.62  -51.4   24.1  28.0 20.40  349.9     0.0  349.92    0.00    0.00     0.0  349.92    0.00    0.00     0.0  349.92    0.00    0.00    1.3      8944.274     13.50   47.24000   39.71000  "Undefined"       0.0       -0.79  0.00000000
04.04.2019 02:29:04.274   4.99600000   4995.99921   0.62  -51.4   24.1  28.0 19.20  350.6     0.0  350.63    0.00    0.00     0.0  350.63    0.00    0.00     0.0  350.63    0.00    0.00    1.3      8944.274     13.50   47.24000   39.71000  "Undefined"       0.0       -0.79  0.00000000
04.04.2019 02:29:14.116   4.99600000   4996.00362   0.60  -52.2   23.5  28.0 24.00  349.9     0.0  349.92    0.00    0.00     0.0  349.92    0.00    0.00     0.0  349.92    0.00    0.00    1.4      8954.116     13.50   47.24000   39.71000  "Undefined"       0.0        3.62  0.00000000
04.04.2019 02:29:14.116   4.99600000   4996.00362   0.60  -52.2   23.5  28.0 30.00  347.0     0.0  347.05    0.00    0.00     0.0  347.05    0.00    0.00     0.0  347.05    0.00    0.00    1.3      8954.116     13.50   47.24000   39.71000  "Undefined"       0.0        3.62  0.00000000
04.04.2019 02:29:14.116   4.99600000   4996.00362   0.60  -52.2   23.5  28.0 10.20  353.5  1059.9  353.64   56.70   37.80  2140.5  353.86   66.31   34.67  3196.8  354.30   75.62   28.62    1.3      8954.116     13.50   47.24000   39.71000  "Undefined"       0.0        3.62  0.00000000
04.04.2019 02:29:23.992   4.99600000   4996.00033   0.62  -50.2   25.3  28.0 13.20  352.8   877.7  352.92   55.06   38.02  1768.9  353.09   62.98   35.55  2651.0  353.38   70.76   31.58    1.2      8963.992     13.50   47.24000   39.71000  "Undefined"       0.0        0.33  0.00000000
04.04.2019 02:29:33.834   4.99600000   4996.00099   0.49  -54.3   22.3  28.0  9.00  353.5  1150.4  353.67   57.51   37.60  2323.5  353.92   67.93   33.94  3470.4  354.49   78.00   25.85    1.2      8973.834     13.50   47.24000   39.71000  "Undefined"       0.0        0.99  0.00000000
04.04.2019 02:29:33.834   4.99600000   4996.00099   0.49  -54.3   22.3  28.0  6.60  354.2  1370.6  354.37   59.49   37.35  2752.6  354.69   71.77   32.59     0.0  354.23    0.00    0.00    1.2      8973.834     13.50   47.24000   39.71000  "Undefined"       0.0        0.99  0.00000000
04.04.2019 02:29:44.415   4.99600000   4996.00541   0.55  -53.4   22.6  28.0 22.80  349.2     0.0  349.20    0.00    0.00     0.0  349.20    0.00    0.00     0.0  349.20    0.00    0.00    1.3      8984.415     13.50   47.24000   39.71000  "Undefined"       0.0        5.41  0.00000000
04.04.2019 02:29:44.415   4.99600000   4996.00541   0.55  -53.4   22.6  28.0 24.60  348.5     0.0  348.48    0.00    0.00     0.0  348.48    0.00    0.00     0.0  348.48    0.00    0.00    1.3      8984.415     13.50   47.24000   39.71000  "Undefined"       0.0        5.41  0.00000000
04.04.2019 02:29:44.415   4.99600000   4996.00541   0.55  -53.4   22.6  28.0 27.00  347.0     0.0  347.05    0.00    0.00     0.0  347.05    0.00    0.00     0.0  347.05    0.00    0.00    1.3      8984.415     13.50   47.24000   39.71000  "Undefined"       0.0        5.41  0.00000000
04.04.2019 02:29:44.415   4.99600000   4996.00541   0.55  -53.4   22.6  28.0 25.80  347.8     0.0  347.76    0.00    0.00     0.0  347.76    0.00    0.00     0.0  347.76    0.00    0.00    1.3      8984.415     13.50   47.24000   39.71000  "Undefined"       0.0        5.41  0.00000000
04.04.2019 02:29:44.415   4.99600000   4996.00541   0.55  -53.4   22.6  28.0  8.40  353.5  1199.8  353.65   57.95   37.47  2421.6  353.92   68.80   33.47  3617.7  354.58   79.26   23.87    1.2      8984.415     13.50   47.24000   39.71000  "Undefined"       0.0        5.41  0.00000000
04.04.2019 02:29:44.415   4.99600000   4996.00541   0.55  -53.4   22.6  28.0 11.40  352.8   980.3  352.93   55.98   37.78  1979.4  353.14   64.84   34.78  2960.7  353.53   73.47   29.47    1.2      8984.415     13.50   47.24000   39.71000  "Undefined"       0.0        5.41  0.00000000
04.04.2019 02:29:54.267   4.99600000   4995.99997   0.11  -43.5   39.5  28.0  7.80  352.8  1253.0  352.96   58.40   37.09  2527.2  353.29   69.67   32.24  3767.7  354.11   80.42   19.61    1.2      8994.267     13.50   47.24000   39.71000  "Undefined"       0.0       -0.03  0.00000000
04.04.2019 02:30:04.113   4.99600000   4996.00000   0.11  -44.6   38.4  28.0 18.60  350.6     0.0  350.64    0.00    0.00     0.0  350.64    0.00    0.00     0.0  350.64    0.00    0.00    1.3      9004.113     13.50   47.24000   39.71000  "Undefined"       0.0        0.00  0.00000000
04.04.2019 02:30:04.113   4.99600000   4996.00000   0.11  -44.6   38.4  28.0 20.40  349.9     0.0  349.92    0.00    0.00     0.0  349.92    0.00    0.00     0.0  349.92    0.00    0.00    1.3      9004.113     13.50   47.24000   39.71000  "Undefined"       0.0        0.00  0.00000000
04.04.2019 02:30:13.995   4.99600000   4995.99999   0.11  -50.4   32.6  28.0 13.20  353.5   877.6  353.62   55.08   38.18  1769.0  353.77   63.01   35.95  2651.9  354.04   70.83   32.36    1.4      9013.995     13.50   47.24000   39.71000  "Undefined"       0.0       -0.01  0.00000000
04.04.2019 02:30:13.995   4.99600000   4995.99999   0.11  -50.4   32.6  28.0 15.00  352.8   796.9  352.91   54.34   38.20  1594.2  353.06   61.43   36.12  2385.6  353.28   68.43   33.03    1.4      9013.995     13.50   47.24000   39.71000  "Undefined"       0.0       -0.01  0.00000000
04.04.2019 02:30:24.235   4.99600000   4996.00001   0.11  -46.9   36.1  28.0 19.80  350.6     0.0  350.63    0.00    0.00     0.0  350.63    0.00    0.00     0.0  350.63    0.00    0.00    1.5      9024.235     13.50   47.24000   39.71000  "Undefined"       0.0        0.01  0.00000000
04.04.2019 02:30:34.053   4.99600000   4996.00009   0.11  -52.2   30.8  28.0 18.60  350.6     0.0  350.64    0.00    0.00     0.0  350.64    0.00    0.00     0.0  350.64    0.00    0.00    1.7      9034.053     13.50   47.24000   39.71000  "Undefined"       0.0        0.09  0.00000000
04.04.2019 02:30:34.053   4.99600000   4996.00009   0.11  -52.2   30.8  28.0 26.40  347.0     0.0  347.04    0.00    0.00     0.0  347.04    0.00    0.00     0.0  347.04    0.00    0.00    1.7      9034.053     13.50   47.24000   39.71000  "Undefined"       0.0        0.09  0.00000000
04.04.2019 02:30:43.899   4.99600000   4996.00000   0.11  -46.0   37.0  28.0 18.60  351.4     0.0  351.36    0.00    0.00     0.0  351.36    0.00    0.00     0.0  351.36    0.00    0.00    1.3      9043.899     13.50   47.24000   39.71000  "Undefined"       0.0        0.00  0.00000000
04.04.2019 02:30:55.538   4.99600000   4995.99989   0.11  -47.1   35.9  28.0 12.60  352.8   909.6  352.91   55.35   37.94  1834.6  353.09   63.56   35.31  2748.4  353.41   71.62   30.95    1.2      9055.538     13.50   47.24000   39.71000  "Undefined"       0.0       -0.11  0.00000000
04.04.2019 02:30:55.538   4.99600000   4995.99989   0.11  -47.1   35.9  28.0 15.00  352.1   797.0  352.21   54.33   38.05  1594.4  352.37   61.40   35.77  2385.3  352.61   68.37   32.38    1.2      9055.538     13.50   47.24000   39.71000  "Undefined"       0.0       -0.11  0.00000000
04.04.2019 02:31:06.501   4.99600000   4995.99991   0.11  -51.6   31.4  28.0 13.20  352.1   877.7  352.21   55.05   37.85  1769.0  352.39   62.94   35.13  2650.4  352.71   70.69   30.79    1.4      9066.501     13.50   47.24000   39.71000  "Undefined"       0.0       -0.09  0.00000000
04.04.2019 02:31:16.338   4.99600000   4996.00000   0.11  -47.8   35.2  28.0 27.60  347.0     0.0  347.04    0.00    0.00     0.0  347.04    0.00    0.00     0.0  347.04    0.00    0.00    1.4      9076.338     13.50   47.24000   39.71000  "Undefined"       0.0       -0.00  0.00000000
04.04.2019 02:31:26.174   4.99600000   4996.00011   0.11  -46.9   36.1  28.0 26.40  349.2     0.0  349.20    0.00    0.00     0.0  349.20    0.00    0.00     0.0  349.20    0.00    0.00    1.5      9086.174     13.50   47.24000   39.71000  "Undefined"       0.0        0.11  0.00000000
04.04.2019 02:31:35.998   4.99600000   4996.00004   0.11  -52.0   31.0  28.0 15.60  352.1     0.0  352.08    0.00    0.00     0.0  352.08    0.00    0.00     0.0  352.08    0.00    0.00    1.4      9095.998     13.50   47.24000   39.71000  "Undefined"       0.0        0.04  0.00000000
04.04.2019 02:31:46.990   4.99600000   4996.00006   0.11  -47.5   35.5  28.0 24.60  349.2     0.0  349.20    0.00    0.00     0.0  349.20    0.00    0.00     0.0  349.20    0.00    0.00    1.4      9106.990     13.50   47.24000   39.71000  "Undefined"       0.0        0.06  0.00000000
04.04.2019 02:31:56.836   4.99600000   4996.00002   0.11  -50.7   32.3  28.0 26.40  346.3     0.0  346.32    0.00    0.00     0.0  346.32    0.00    0.00     0.0  346.32    0.00    0.00    1.6      9116.836     13.50   47.24000   39.71000  "Undefined"       0.0        0.02  0.00000000
04.04.2019 02:31:56.836   4.99600000   4996.00002   0.11  -50.7   32.3  28.0 25.20  347.0     0.0  347.04    0.00    0.00     0.0  347.04    0.00    0.00     0.0  347.04    0.00    0.00    1.6      9116.836     13.50   47.24000   39.71000  "Undefined"       0.0        0.02  0.00000000
04.04.2019 02:32:07.033   4.99600000   4996.00005   0.11  -49.8   33.2  28.0 22.20  348.5     0.0  348.47    0.00    0.00     0.0  348.47    0.00    0.00     0.0  348.47    0.00    0.00    1.6      9127.033     13.50   47.24000   39.71000  "Undefined"       0.0        0.05  0.00000000
04.04.2019 02:32:17.975   4.99600000   4996.00003   0.11  -47.0   36.1  28.0 26.40  347.0     0.0  347.04    0.00    0.00     0.0  347.04    0.00    0.00     0.0  347.04    0.00    0.00    1.4      9137.975     13.50   47.24000   39.71000  "Undefined"       0.0        0.03  0.00000000
04.04.2019 02:32:39.086   4.99600000   4996.00004   0.11  -47.4   35.7  28.0 25.20  348.5     0.0  348.48    0.00    0.00     0.0  348.48    0.00    0.00     0.0  348.48    0.00    0.00    1.4      9159.086     13.50   47.24000   39.71000  "Undefined"       0.0        0.04  0.00000000
04.04.2019 02:32:48.918   4.99600000   4996.00000   0.11  -47.7   35.3  28.0 27.00  349.9     0.0  349.91    0.00    0.00     0.0  349.91    0.00    0.00     0.0  349.91    0.00    0.00    1.5      9168.918     13.50   47.24000   39.71000  "Undefined"       0.0       -0.00  0.00000000
04.04.2019 02:32:59.097   4.99600000   4996.00012   0.11  -52.7   30.3  28.0  7.20  348.5  1310.1  348.74   58.73   35.31  2637.6  349.28   70.14   26.98  3897.1  350.51   80.27    5.60    2.0      9179.097     13.50   47.24000   39.71000  "Undefined"       0.0        0.12  0.00000000
04.04.2019 02:33:09.289   4.99600000   4996.00011   0.11  -49.3   33.7  28.0 29.40  347.0     0.0  347.05    0.00    0.00     0.0  347.05    0.00    0.00     0.0  347.05    0.00    0.00    1.7      9189.289     13.50   47.24000   39.71000  "Undefined"       0.0        0.11  0.00000000
04.04.2019 02:33:19.480   4.99600000   4995.99999   0.11  -46.5   36.5  28.0 32.40  347.1     0.0  347.05    0.00    0.00     0.0  347.05    0.00    0.00     0.0  347.05    0.00    0.00    1.4      9199.480     13.50   47.24000   39.71000  "Undefined"       0.0       -0.01  0.00000000
04.04.2019 02:33:30.399   4.99600000   4996.00004   0.11  -43.9   39.1  28.0 28.20  348.5     0.0  348.48    0.00    0.00     0.0  348.48    0.00    0.00     0.0  348.48    0.00    0.00    1.4      9210.399     13.50   47.24000   39.71000  "Undefined"       0.0        0.04  0.00000000
04.04.2019 02:33:40.237   4.99600000   4996.00002   0.11  -45.9   37.1  28.0 30.60  347.8     0.0  347.76    0.00    0.00     0.0  347.76    0.00    0.00     0.0  347.76    0.00    0.00    1.3      9220.237     13.50   47.24000   39.71000  "Undefined"       0.0        0.02  0.00000000
04.04.2019 02:33:50.075   4.99600000   4996.00005   0.11  -46.6   36.4  28.0 28.80  347.0     0.0  347.03    0.00    0.00     0.0  347.03    0.00    0.00     0.0  347.03    0.00    0.00    1.8      9230.075     13.50   47.24000   39.71000  "Undefined"       0.0        0.05  0.00000000
04.04.2019 02:33:59.928   4.99600000   4995.99998   0.11  -45.5   37.5  28.0 16.20  350.6     0.0  350.64    0.00    0.00     0.0  350.64    0.00    0.00     0.0  350.64    0.00    0.00    1.3      9239.928     13.50   47.24000   39.71000  "Undefined"       0.0       -0.02  0.00000000
04.04.2019 02:34:20.316   4.99600000   4996.00053   0.11  -53.2   29.8  28.0 29.40  348.5     0.0  348.47    0.00    0.00     0.0  348.47    0.00    0.00     0.0  348.47    0.00    0.00    1.4      9260.316     13.50   47.24000   39.71000  "Undefined"       0.0        0.53  0.00000000
04.04.2019 02:34:30.534   4.99600000   4995.99998   0.11  -45.3   37.8  28.0 23.40  350.6     0.0  350.63    0.00    0.00     0.0  350.63    0.00    0.00     0.0  350.63    0.00    0.00    1.3      9270.534     13.50   47.24000   39.71000  "Undefined"       0.0       -0.02  0.00000000
04.04.2019 02:34:41.435   4.99600000   4996.00005   0.11  -47.6   35.4  28.0 33.00  347.0     0.0  347.04    0.00    0.00     0.0  347.04    0.00    0.00     0.0  347.04    0.00    0.00    1.7      9281.435     13.50   47.24000   39.71000  "Undefined"      -0.0        0.05  0.00000000
04.04.2019 02:34:52.348   4.99600000   4996.00000   0.11  -46.4   36.6  28.0 21.00  350.6     0.0  350.64    0.00    0.00     0.0  350.64    0.00    0.00     0.0  350.64    0.00    0.00    1.3      9292.348     13.50   47.24000   39.71000  "Undefined"       0.0       -0.00  0.00000000
04.04.2019 02:35:03.285   4.99600000   4995.99997   0.11  -45.2   37.8  28.0 10.80  352.8  1018.8  352.93   56.32   37.68  2057.4  353.15   65.53   34.47  3073.8  353.58   74.46   28.55    1.5      9303.285     13.50   47.24000   39.71000  "Undefined"       0.0       -0.03  0.00000000
04.04.2019 02:35:14.227   4.99600000   4996.00008   0.11  -50.1   32.9  28.0 18.60  350.6     0.0  350.64    0.00    0.00     0.0  350.64    0.00    0.00     0.0  350.64    0.00    0.00    1.6      9314.227     13.50   47.24000   39.71000  "Undefined"       0.0        0.08  0.00000000
04.04.2019 02:35:14.227   4.99600000   4996.00008   0.11  -50.1   32.9  28.0  7.20  353.5  1310.3  353.68   58.93   37.21  2638.7  354.01   70.71   32.40  3932.6  354.91   81.95   18.17    1.6      9314.227     13.50   47.24000   39.71000  "Undefined"       0.0        0.08  0.00000000
04.04.2019 02:35:14.227   4.99600000   4996.00008   0.11  -50.1   32.9  28.0 25.20  346.3     0.0  346.32    0.00    0.00     0.0  346.32    0.00    0.00     0.0  346.32    0.00    0.00    1.6      9314.227     13.50   47.24000   39.71000  "Undefined"       0.0        0.08  0.00000000
04.04.2019 02:35:24.078   4.99600000   4995.99998   0.11  -45.4   37.6  28.0 16.20  351.4     0.0  351.36    0.00    0.00     0.0  351.36    0.00    0.00     0.0  351.36    0.00    0.00    1.4      9324.078     13.50   47.24000   39.71000  "Undefined"       0.0       -0.02  0.00000000
04.04.2019 02:35:33.980   4.99600000   4996.00000   0.11  -44.1   38.9  28.0 20.40  349.9     0.0  349.93    0.00    0.00     0.0  349.93    0.00    0.00     0.0  349.93    0.00    0.00    1.3      9333.980     13.50   47.24000   39.71000  "Undefined"       0.0        0.00  0.00000000
04.04.2019 02:35:55.480   4.99600000   4996.00002   0.11  -51.2   31.8  28.0 22.80  347.0     0.0  347.04    0.00    0.00     0.0  347.04    0.00    0.00     0.0  347.04    0.00    0.00    1.6      9355.480     13.50   47.24000   39.71000  "Undefined"       0.0        0.02  0.00000000
04.04.2019 02:36:05.323   4.99600000   4996.00003   0.11  -51.0   32.0  28.0 27.00  346.3     0.0  346.32    0.00    0.00     0.0  346.32    0.00    0.00     0.0  346.32    0.00    0.00    1.8      9365.323     13.50   47.24000   39.71000  "Undefined"       0.0        0.03  0.00000000
04.04.2019 02:36:15.143   4.99600000   4996.00000   0.11  -50.2   32.8  28.0 28.80  349.2     0.0  349.21    0.00    0.00     0.0  349.21    0.00    0.00     0.0  349.21    0.00    0.00    1.6      9375.143     13.50   47.24000   39.71000  "Undefined"       0.0        0.00  0.00000000
04.04.2019 02:36:15.143   4.99600000   4996.00000   0.11  -50.2   32.8  28.0 27.00  349.9     0.0  349.92    0.00    0.00     0.0  349.92    0.00    0.00     0.0  349.92    0.00    0.00    1.6      9375.143     13.50   47.24000   39.71000  "Undefined"       0.0        0.00  0.00000000
04.04.2019 02:36:25.367   4.99600000   4996.00000   0.11  -49.3   33.7  28.0 12.60  351.4   909.6  351.50   55.31   37.59  1834.2  351.72   63.48   34.45  2749.6  352.09   71.48   29.27    1.5      9385.367     13.50   47.24000   39.71000  "Undefined"       0.0       -0.00  0.00000000
04.04.2019 02:36:57.346   4.99600000   4996.00007   0.11  -49.2   31.8  28.0 31.80  351.4     0.0  351.36    0.00    0.00     0.0  351.36    0.00    0.00     0.0  351.36    0.00    0.00    1.5      9417.346     13.50   47.24000   39.71000  "Undefined"       0.0        0.07  0.00000000
04.04.2019 02:37:08.248   4.99600000   4996.00005   0.11  -48.0   35.0  28.0 45.60  354.2     0.0  354.25    0.00    0.00     0.0  354.25    0.00    0.00     0.0  354.25    0.00    0.00    1.7      9428.248     13.50   47.24000   39.71000  "Undefined"       0.0        0.05  0.00000000
04.04.2019 02:37:31.153   4.99600000   4995.99992   0.11  -48.0   35.0  28.0 13.20  352.1   877.7  352.21   55.05   37.85  1768.7  352.40   62.94   35.14  2651.4  352.72   70.70   30.79    1.3      9451.153     13.50   47.24000   39.71000  "Undefined"       0.0       -0.08  0.00000000
04.04.2019 02:37:42.071   4.99600000   4996.00000   0.11  -51.1   31.9  28.0 10.20  354.2  1059.8  354.35   56.72   38.01  2140.4  354.55   66.35   35.23  3210.2  354.95   75.81   29.72    1.5      9462.071     13.50   47.24000   39.71000  "Undefined"       0.0       -0.00  0.00000000
04.04.2019 02:39:17.114   4.99600000   4995.99986   0.62  -45.7   29.9  28.0 18.00  351.3     0.0  351.35    0.00    0.00     0.0  351.35    0.00    0.00     0.0  351.35    0.00    0.00    1.2      9557.114     13.50   47.24000   39.71000  "Undefined"       0.0       -0.14  0.00000000
04.04.2019 02:39:37.518   4.99600000   4995.99969   0.53  -51.0   25.2  28.0 28.80  349.2     0.0  349.22    0.00    0.00     0.0  349.22    0.00    0.00     0.0  349.22    0.00    0.00    1.4      9577.518     13.50   47.24000   39.71000  "Undefined"       0.0       -0.31  0.00000000
04.04.2019 02:40:00.476   4.99600000   4996.00029   0.44  -51.8   25.2  28.0 17.40  352.8     0.0  352.79    0.00    0.00     0.0  352.79    0.00    0.00     0.0  352.79    0.00    0.00    1.7      9600.476     13.50   47.24000   39.71000  "Undefined"       0.0        0.29  0.00000000
04.04.2019 02:40:31.434   4.99600000   4996.00019   0.40  -56.7   20.8  28.0 31.20  348.5     0.0  348.48    0.00    0.00     0.0  348.48    0.00    0.00     0.0  348.48    0.00    0.00    1.7      9631.434     13.50   47.24000   39.71000  "Undefined"       0.0        0.19  0.00000000
04.04.2019 02:40:41.277   4.99600000   4995.99946   0.11  -60.0   23.0  28.0 25.80  349.9     0.0  349.92    0.00    0.00     0.0  349.92    0.00    0.00     0.0  349.92    0.00    0.00    1.5      9641.277     13.50   47.24000   39.71000  "Undefined"       0.0       -0.54  0.00000000
04.04.2019 02:41:24.181   4.99600000   4996.00042   0.07  -80.2    5.0  28.0 17.40  352.1     0.0  352.07    0.00    0.00     0.0  352.07    0.00    0.00     0.0  352.07    0.00    0.00    1.6      9684.181     13.50   47.24000   39.71000  "Undefined"       0.0        0.42  0.00000000
04.04.2019 02:41:55.498   4.99600000   4995.99945   0.53  -51.7   24.5  28.0 22.80  352.1     0.0  352.07    0.00    0.00     0.0  352.07    0.00    0.00     0.0  352.07    0.00    0.00    1.2      9715.498     13.50   47.24000   39.71000  "Undefined"       0.0       -0.55  0.00000000
04.04.2019 02:42:05.333   4.99600000   4996.00011   0.20  -52.6   27.8  28.0 23.40  351.4     0.0  351.37    0.00    0.00     0.0  351.37    0.00    0.00     0.0  351.37    0.00    0.00    1.3      9725.333     13.50   47.24000   39.71000  "Undefined"       0.0        0.11  0.00000000
04.04.2019 02:42:15.907   4.99600000   4995.99911   0.58  -53.8   22.0  28.0 29.40  352.1     0.0  352.07    0.00    0.00     0.0  352.07    0.00    0.00     0.0  352.07    0.00    0.00    1.2      9735.907     13.50   47.24000   39.71000  "Undefined"       0.0       -0.89  0.00000000
04.04.2019 02:42:26.455   4.99600000   4995.99944   0.35  -53.1   24.9  28.0 27.60  352.8     0.0  352.79    0.00    0.00     0.0  352.79    0.00    0.00     0.0  352.79    0.00    0.00    1.6      9746.455     13.50   47.24000   39.71000  "Undefined"       0.0       -0.56  0.00000000
04.04.2019 02:42:36.288   4.99600000   4996.00013   0.15  -54.9   26.6  28.0 27.60  352.1     0.0  352.08    0.00    0.00     0.0  352.08    0.00    0.00     0.0  352.08    0.00    0.00    1.5      9756.288     13.50   47.24000   39.71000  "Undefined"       0.0        0.13  0.00000000
04.04.2019 02:42:46.118   4.99600000   4995.99703   0.11  -80.3    2.7  28.0 28.80  352.1     0.0  352.07    0.00    0.00     0.0  352.07    0.00    0.00     0.0  352.07    0.00    0.00    1.8      9766.118     13.50   47.24000   39.71000  "Undefined"       0.0       -2.97  0.00000000
04.04.2019 02:42:56.000   4.99600000   4995.99956   0.18  -58.2   22.8  28.0 28.80  353.5     0.0  353.52    0.00    0.00     0.0  353.52    0.00    0.00     0.0  353.52    0.00    0.00    1.4      9776.000     13.50   47.24000   39.71000  "Undefined"       0.0       -0.44  0.00000000
04.04.2019 02:43:05.838   4.99600000   4996.00077   0.35  -56.4   21.6  28.0 30.00  352.1     0.0  352.09    0.00    0.00     0.0  352.09    0.00    0.00     0.0  352.09    0.00    0.00    1.4      9785.838     13.50   47.24000   39.71000  "Undefined"       0.0        0.77  0.00000000
04.04.2019 02:43:27.337   4.99600000   4996.00068   0.38  -53.9   23.8  28.0 18.00  352.8     0.0  352.79    0.00    0.00     0.0  352.79    0.00    0.00     0.0  352.79    0.00    0.00    1.6      9807.337     13.50   47.24000   39.71000  "Undefined"       0.0        0.68  0.00000000
04.04.2019 02:43:37.913   4.99600000   4996.00029   0.31  -57.8   20.7  28.0 34.20  351.4     0.0  351.37    0.00    0.00     0.0  351.37    0.00    0.00     0.0  351.37    0.00    0.00    1.8      9817.913     13.50   47.24000   39.71000  "Undefined"       0.0        0.29  0.00000000
04.04.2019 02:43:48.457   4.99600000   4995.99956   0.15  -55.2   26.4  28.0 25.80  352.8     0.0  352.81    0.00    0.00     0.0  352.81    0.00    0.00     0.0  352.81    0.00    0.00    1.5      9828.457     13.50   47.24000   39.71000  "Undefined"       0.0       -0.44  0.00000000
04.04.2019 02:43:58.310   4.99600000   4996.00007   0.24  -56.6   23.0  28.0 20.40  352.8     0.0  352.80    0.00    0.00     0.0  352.80    0.00    0.00     0.0  352.80    0.00    0.00    1.4      9838.310     13.50   47.24000   39.71000  "Undefined"       0.0        0.07  0.00000000
04.04.2019 02:44:19.415   4.99600000   4995.99975   0.11  -54.1   28.9  28.0 15.00  352.1   796.9  352.18   54.33   38.04  1593.9  352.34   61.40   35.75  2384.5  352.59   68.36   32.36    1.3      9859.415     13.50   47.24000   39.71000  "Undefined"       0.0       -0.25  0.00000000
04.04.2019 02:44:51.856   4.99600000   4996.00015   0.42  -51.3   25.9  28.0 33.00  353.5     0.0  353.52    0.00    0.00     0.0  353.52    0.00    0.00     0.0  353.52    0.00    0.00    1.5      9891.856     13.50   47.24000   39.71000  "Undefined"       0.0        0.15  0.00000000
04.04.2019 02:45:12.962   4.99600000   4995.99961   0.11  -59.1   23.9  28.0 28.80  351.4     0.0  351.36    0.00    0.00     0.0  351.36    0.00    0.00     0.0  351.36    0.00    0.00    2.0      9912.962     13.50   47.24000   39.71000  "Undefined"       0.0       -0.39  0.00000000
04.04.2019 02:45:23.500   4.99600000   4995.99967   0.18  -58.2   22.7  28.0 29.40  352.1     0.0  352.09    0.00    0.00     0.0  352.09    0.00    0.00     0.0  352.09    0.00    0.00    1.5      9923.500     13.50   47.24000   39.71000  "Undefined"       0.0       -0.33  0.00000000
04.04.2019 02:45:43.910   4.99600000   4995.99909   0.31  -59.2   19.3  28.0 31.80  353.5     0.0  353.53    0.00    0.00     0.0  353.53    0.00    0.00     0.0  353.53    0.00    0.00    1.4      9943.910     13.50   47.24000   39.71000  "Undefined"       0.0       -0.91  0.00000000
04.04.2019 02:45:54.466   4.99600000   4996.00013   0.11  -60.5   22.5  28.0 17.40  353.5     0.0  353.52    0.00    0.00     0.0  353.52    0.00    0.00     0.0  353.52    0.00    0.00    1.9      9954.466     13.50   47.24000   39.71000  "Undefined"       0.0        0.13  0.00000000
04.04.2019 02:46:14.875   4.99600000   4995.99997   0.11  -61.1   19.9  28.0 31.80  354.2     0.0  354.24    0.00    0.00     0.0  354.24    0.00    0.00     0.0  354.24    0.00    0.00    1.9      9974.875     13.50   47.24000   39.71000  "Undefined"       0.0       -0.03  0.00000000
04.04.2019 02:46:56.409   4.99600000   4995.99965   0.11  -60.9   22.1  28.0 15.60  352.8     0.0  352.80    0.00    0.00     0.0  352.80    0.00    0.00     0.0  352.80    0.00    0.00    1.6     10016.409     13.50   47.24000   39.71000  "Undefined"       0.0       -0.35  0.00000000
04.04.2019 02:47:06.263   4.99600000   4996.00168   0.15  -64.2   17.4  28.0 30.60  354.2     0.0  354.24    0.00    0.00     0.0  354.24    0.00    0.00     0.0  354.24    0.00    0.00    1.4     10026.263     13.50   47.24000   39.71000  "Undefined"       0.0        1.68  0.00000000
04.04.2019 02:47:16.443   4.99600000   4996.00031   0.42  -57.6   19.6  28.0 31.80  355.0     0.0  354.96    0.00    0.00     0.0  354.96    0.00    0.00     0.0  354.96    0.00    0.00    1.4     10036.443     13.50   47.24000   39.71000  "Undefined"       0.0        0.31  0.00000000
04.04.2019 02:47:26.282   4.99600000   4995.99981   0.11  -60.3   22.7  28.0 28.80  354.2     0.0  354.24    0.00    0.00     0.0  354.24    0.00    0.00     0.0  354.24    0.00    0.00    1.9     10046.282     13.50   47.24000   39.71000  "Undefined"       0.0       -0.19  0.00000000
04.04.2019 02:47:57.295   4.99600000   4996.00239   0.49  -56.9   19.7  28.0 10.80  354.2  1018.9  354.34   56.35   38.08  2057.8  354.52   65.61   35.50  3086.9  354.87   74.73   30.62    1.4     10077.295     13.50   47.24000   39.71000  "Undefined"       0.0        2.39  0.00000000
04.04.2019 02:48:07.869   4.99600000   4995.99927   0.13  -58.9   23.3  28.0  8.40  353.5  1199.9  353.65   57.95   37.47  2421.8  353.93   68.80   33.48  3628.7  354.59   79.36   23.73    1.6     10087.869     13.50   47.24000   39.71000  "Undefined"       0.0       -0.73  0.00000000
04.04.2019 02:48:18.417   4.99600000   4995.99998   0.11  -60.3   22.7  28.0  6.00  353.5  1436.5  353.70   60.06   36.89  2882.2  354.09   72.86   30.93     0.0  353.53    0.00    0.00    1.7     10098.417     13.50   47.24000   39.71000  "Undefined"       0.0       -0.02  0.00000000
04.04.2019 02:48:28.269   4.99600000   4995.99952   0.11  -59.5   23.5  28.0 10.80  354.2  1018.8  354.35   56.35   38.09  2057.7  354.53   65.61   35.50  3086.8  354.88   74.73   30.63    1.5     10108.269     13.50   47.24000   39.71000  "Undefined"       0.0       -0.48  0.00000000
04.04.2019 02:48:38.873   4.99600000   4995.99967   0.11  -57.0   24.0  28.0 12.60  353.5   909.5  353.63   55.36   38.12  1834.4  353.79   63.59   35.75  2752.0  354.08   71.71   31.80    1.6     10118.873     13.50   47.24000   39.71000  "Undefined"       0.0       -0.33  0.00000000
04.04.2019 02:48:59.288   4.99600000   4996.00051   0.27  -58.2   21.0  28.0 24.60  355.0     0.0  354.96    0.00    0.00     0.0  354.96    0.00    0.00     0.0  354.96    0.00    0.00    1.5     10139.288     13.50   47.24000   39.71000  "Undefined"       0.0        0.51  0.00000000
04.04.2019 02:49:09.869   4.99600000   4995.99927   0.20  -55.5   24.9  28.0 24.60  353.5     0.0  353.52    0.00    0.00     0.0  353.52    0.00    0.00     0.0  353.52    0.00    0.00    1.7     10149.869     13.50   47.24000   39.71000  "Undefined"       0.0       -0.73  0.00000000
04.04.2019 02:49:30.246   4.99600000   4996.00117   0.55  -65.4   10.6  28.0 30.00  355.0     0.0  354.97    0.00    0.00     0.0  354.97    0.00    0.00     0.0  354.97    0.00    0.00    1.5     10170.246     13.50   47.24000   39.71000  "Undefined"       0.0        1.17  0.00000000
04.04.2019 02:50:41.336   4.99600000   4996.00515   0.58  -57.0   18.9  28.0 35.40  355.7     0.0  355.69    0.00    0.00     0.0  355.69    0.00    0.00     0.0  355.69    0.00    0.00    1.7     10241.336     13.50   47.24000   39.71000  "Undefined"       0.0        5.15  0.00000000
04.04.2019 02:51:00.996   4.99600000   4996.00355   0.58  -52.3   21.5  28.0 16.20  352.1     0.0  352.09    0.00    0.00     0.0  352.09    0.00    0.00     0.0  352.09    0.00    0.00    1.6     10260.996     13.50   47.24000   39.71000  "Undefined"       0.0        3.55  0.00000000
04.04.2019 02:51:00.996   4.99600000   4996.00355   0.58  -52.3   21.5  28.0 19.20  352.8     0.0  352.80    0.00    0.00     0.0  352.80    0.00    0.00     0.0  352.80    0.00    0.00    1.5     10260.996     13.50   47.24000   39.71000  "Undefined"       0.0        3.55  0.00000000
04.04.2019 02:51:10.830   4.99600000   4996.00017   0.62  -52.1   23.4  28.0 22.20  354.2     0.0  354.23    0.00    0.00     0.0  354.23    0.00    0.00     0.0  354.23    0.00    0.00    1.2     10270.830     13.50   47.24000   39.71000  "Undefined"       0.0        0.17  0.00000000
04.04.2019 02:51:21.378   4.99600000   4995.99844   0.62  -55.2   20.3  28.0 12.00  353.5   943.1  353.61   55.66   38.04  1904.6  353.79   64.22   35.51  2860.7  354.11   72.67   31.11    1.4     10281.378     13.50   47.24000   39.71000  "Undefined"       0.0       -1.56  0.00000000
04.04.2019 02:51:31.205   4.99600000   4995.99802   0.58  -55.3   20.5  28.0 12.60  352.8   909.1  352.91   55.34   37.94  1834.5  353.09   63.56   35.31  2753.7  353.41   71.66   30.92    1.5     10291.205     13.50   47.24000   39.71000  "Undefined"       0.0       -1.98  0.00000000
04.04.2019 02:51:41.041   4.99600000   4996.00409   0.62  -50.5   25.0  28.0  6.00  352.8  1432.6  352.98   60.00   36.58  2858.3  353.40   72.57   30.13     0.0  352.79    0.00    0.00    1.4     10301.041     13.50   47.24000   39.71000  "Undefined"       0.0        4.09  0.00000000
04.04.2019 02:51:50.874   4.99600000   4995.99740   0.60  -53.5   22.1  28.0 22.80  355.0     0.0  354.96    0.00    0.00     0.0  354.96    0.00    0.00     0.0  354.96    0.00    0.00    1.6     10310.874     13.50   47.24000   39.71000  "Undefined"       0.0       -2.60  0.00000000
04.04.2019 02:52:02.516   4.99600000   4995.99983   0.35  -62.9   15.1  28.0 25.80  356.4     0.0  356.39    0.00    0.00     0.0  356.39    0.00    0.00     0.0  356.39    0.00    0.00    1.9     10322.516     13.50   47.24000   39.71000  "Undefined"       0.0       -0.17  0.00000000
04.04.2019 02:52:12.353   4.99600000   4995.99853   0.49  -56.0   20.6  28.0 17.40  352.8     0.0  352.80    0.00    0.00     0.0  352.80    0.00    0.00     0.0  352.80    0.00    0.00    1.7     10332.353     13.50   47.24000   39.71000  "Undefined"       0.0       -1.47  0.00000000
04.04.2019 02:52:22.232   4.99600000   4996.00485   0.60  -53.9   21.8  28.0 19.20  352.8     0.0  352.81    0.00    0.00     0.0  352.81    0.00    0.00     0.0  352.81    0.00    0.00    1.5     10342.232     13.50   47.24000   39.71000  "Undefined"       0.0        4.85  0.00000000
04.04.2019 02:52:32.074   4.99600000   4996.00291   0.62  -57.5   18.0  28.0 36.60  355.7     0.0  355.68    0.00    0.00     0.0  355.68    0.00    0.00     0.0  355.68    0.00    0.00    1.6     10352.074     13.50   47.24000   39.71000  "Undefined"       0.0        2.91  0.00000000
04.04.2019 02:52:41.939   4.99600000   4995.99997   0.62  -53.1   22.5  28.0 30.60  355.0     0.0  354.97    0.00    0.00     0.0  354.97    0.00    0.00     0.0  354.97    0.00    0.00    1.4     10361.939     13.50   47.24000   39.71000  "Undefined"       0.0       -0.03  0.00000000
04.04.2019 02:52:52.539   4.99600000   4995.99751   0.55  -55.2   20.8  28.0 28.80  352.8     0.0  352.80    0.00    0.00     0.0  352.80    0.00    0.00     0.0  352.80    0.00    0.00    1.8     10372.539     13.50   47.24000   39.71000  "Undefined"       0.0       -2.49  0.00000000
04.04.2019 02:53:12.207   4.99600000   4996.00114   0.42  -59.1   18.1  28.0 13.80  353.5   847.4  353.62   54.81   38.24  1706.9  353.76   62.46   36.14  2559.8  354.01   70.02   32.85    2.0     10392.207     13.50   47.24000   39.71000  "Undefined"       0.0        1.14  0.00000000
04.04.2019 02:53:31.878   4.99600000   4996.00206   0.46  -58.8   18.0  28.0  9.60  355.0  1103.1  355.05   57.12   38.14  2226.5  355.24   67.15   35.51  3342.8  355.63   77.05   29.91    1.7     10411.878     13.50   47.24000   39.71000  "Undefined"       0.0        2.06  0.00000000
04.04.2019 02:53:42.458   4.99600000   4996.00099   0.62  -52.6   22.9  28.0 16.20  353.5     0.0  353.52    0.00    0.00     0.0  353.52    0.00    0.00     0.0  353.52    0.00    0.00    1.5     10422.458     13.50   47.24000   39.71000  "Undefined"       0.0        0.99  0.00000000
04.04.2019 02:53:52.295   4.99600000   4996.00060   0.62  -47.8   27.7  28.0 43.20  356.4     0.0  356.40    0.00    0.00     0.0  356.40    0.00    0.00     0.0  356.40    0.00    0.00    1.7     10432.295     13.50   47.24000   39.71000  "Undefined"       0.0        0.60  0.00000000
04.04.2019 02:53:52.295   4.99600000   4996.00060   0.62  -47.8   27.7  28.0 16.20  353.5     0.0  353.54    0.00    0.00     0.0  353.54    0.00    0.00     0.0  353.54    0.00    0.00    1.3     10432.295     13.50   47.24000   39.71000  "Undefined"       0.0        0.60  0.00000000
04.04.2019 02:54:02.498   4.99600000   4995.99958   0.60  -50.9   24.8  28.0 31.20  356.4     0.0  356.40    0.00    0.00     0.0  356.40    0.00    0.00     0.0  356.40    0.00    0.00    1.5     10442.498     13.50   47.24000   39.71000  "Undefined"       0.0       -0.42  0.00000000
04.04.2019 02:54:02.498   4.99600000   4995.99958   0.60  -50.9   24.8  28.0 28.20  355.7     0.0  355.68    0.00    0.00     0.0  355.68    0.00    0.00     0.0  355.68    0.00    0.00    1.5     10442.498     13.50   47.24000   39.71000  "Undefined"       0.0       -0.42  0.00000000
04.04.2019 02:54:02.498   4.99600000   4995.99958   0.60  -50.9   24.8  28.0 25.20  355.0     0.0  354.95    0.00    0.00     0.0  354.95    0.00    0.00     0.0  354.95    0.00    0.00    1.5     10442.498     13.50   47.24000   39.71000  "Undefined"       0.0       -0.42  0.00000000
04.04.2019 02:54:02.498   4.99600000   4995.99958   0.60  -50.9   24.8  28.0 16.80  352.8     0.0  352.81    0.00    0.00     0.0  352.81    0.00    0.00     0.0  352.81    0.00    0.00    1.5     10442.498     13.50   47.24000   39.71000  "Undefined"       0.0       -0.42  0.00000000
04.04.2019 02:54:02.498   4.99600000   4995.99958   0.60  -50.9   24.8  28.0 22.20  354.2     0.0  354.23    0.00    0.00     0.0  354.23    0.00    0.00     0.0  354.23    0.00    0.00    1.5     10442.498     13.50   47.24000   39.71000  "Undefined"       0.0       -0.42  0.00000000
04.04.2019 02:54:02.498   4.99600000   4995.99958   0.60  -50.9   24.8  28.0 19.20  353.5     0.0  353.52    0.00    0.00     0.0  353.52    0.00    0.00     0.0  353.52    0.00    0.00    1.5     10442.498     13.50   47.24000   39.71000  "Undefined"       0.0       -0.42  0.00000000
04.04.2019 02:54:12.347   4.99600000   4995.99822   0.53  -52.8   23.4  28.0 34.20  357.8     0.0  357.84    0.00    0.00     0.0  357.84    0.00    0.00     0.0  357.84    0.00    0.00    1.6     10452.347     13.50   47.24000   39.71000  "Undefined"       0.0       -1.78  0.00000000
04.04.2019 02:54:22.202   4.99600000   4996.00010   0.46  -55.0   21.8  28.0 37.80  356.4     0.0  356.41    0.00    0.00     0.0  356.41    0.00    0.00     0.0  356.41    0.00    0.00    1.4     10462.202     13.50   47.24000   39.71000  "Undefined"       0.0        0.10  0.00000000
04.04.2019 02:54:33.113   4.99600000   4996.00132   0.62  -55.6   20.0  28.0 34.80  357.8     0.0  357.83    0.00    0.00     0.0  357.83    0.00    0.00     0.0  357.83    0.00    0.00    1.4     10473.113     13.50   47.24000   39.71000  "Undefined"       0.0        1.32  0.00000000
04.04.2019 02:54:42.942   4.99600000   4995.99984   0.55  -53.0   23.0  28.0 30.00  355.7     0.0  355.67    0.00    0.00     0.0  355.67    0.00    0.00     0.0  355.67    0.00    0.00    1.4     10482.942     13.50   47.24000   39.71000  "Undefined"       0.0       -0.16  0.00000000
04.04.2019 02:54:53.492   4.99600000   4996.00416   0.38  -58.4   19.3  28.0 24.00  355.0     0.0  354.97    0.00    0.00     0.0  354.97    0.00    0.00     0.0  354.97    0.00    0.00    1.5     10493.492     13.50   47.24000   39.71000  "Undefined"       0.0        4.16  0.00000000
04.04.2019 02:55:03.338   4.99600000   4996.00163   0.55  -55.3   20.7  28.0 42.00  356.4     0.0  356.40    0.00    0.00     0.0  356.40    0.00    0.00     0.0  356.40    0.00    0.00    1.6     10503.338     13.50   47.24000   39.71000  "Undefined"       0.0        1.63  0.00000000
04.04.2019 02:55:03.338   4.99600000   4996.00163   0.55  -55.3   20.7  28.0 17.40  355.0     0.0  354.96    0.00    0.00     0.0  354.96    0.00    0.00     0.0  354.96    0.00    0.00    1.4     10503.338     13.50   47.24000   39.71000  "Undefined"       0.0        1.63  0.00000000
04.04.2019 02:55:13.181   4.99600000   4996.00825   0.51  -58.5   17.9  28.0 39.00  356.4     0.0  356.41    0.00    0.00     0.0  356.41    0.00    0.00     0.0  356.41    0.00    0.00    1.7     10513.181     13.50   47.24000   39.71000  "Undefined"       0.0        8.25  0.00000000
04.04.2019 02:55:23.003   4.99600000   4996.00107   0.62  -55.5   20.0  28.0 33.60  357.1     0.0  357.12    0.00    0.00     0.0  357.12    0.00    0.00     0.0  357.12    0.00    0.00    1.4     10523.003     13.50   47.24000   39.71000  "Undefined"       0.0        1.07  0.00000000
04.04.2019 02:55:33.543   4.99600000   4996.00081   0.62  -50.4   25.2  28.0 32.40  357.1     0.0  357.12    0.00    0.00     0.0  357.12    0.00    0.00     0.0  357.12    0.00    0.00    1.3     10533.543     13.50   47.24000   39.71000  "Undefined"       0.0        0.81  0.00000000
04.04.2019 02:55:43.378   4.99600000   4996.00292   0.51  -57.6   18.7  28.0 11.40  354.2   979.7  354.33   56.00   38.16  1979.3  354.50   64.91   35.75  2974.2  354.82   73.73   31.36    1.6     10543.378     13.50   47.24000   39.71000  "Undefined"       0.0        2.92  0.00000000
04.04.2019 02:55:43.378   4.99600000   4996.00292   0.51  -57.6   18.7  28.0 39.60  357.1     0.0  357.11    0.00    0.00     0.0  357.11    0.00    0.00     0.0  357.11    0.00    0.00    1.4     10543.378     13.50   47.24000   39.71000  "Undefined"       0.0        2.92  0.00000000
04.04.2019 02:55:53.261   4.99600000   4995.99990   0.53  -56.5   19.7  28.0 34.20  357.1     0.0  357.12    0.00    0.00     0.0  357.12    0.00    0.00     0.0  357.12    0.00    0.00    1.5     10553.261     13.50   47.24000   39.71000  "Undefined"       0.0       -0.10  0.00000000
04.04.2019 02:56:03.107   4.99600000   4995.99906   0.55  -54.4   21.6  28.0 42.00  354.3     0.0  354.25    0.00    0.00     0.0  354.25    0.00    0.00     0.0  354.25    0.00    0.00    1.5     10563.107     13.50   47.24000   39.71000  "Undefined"       0.0       -0.94  0.00000000
04.04.2019 02:56:03.107   4.99600000   4995.99906   0.55  -54.4   21.6  28.0 12.60  354.2   909.0  354.31   55.37   38.29  1834.6  354.46   63.63   36.17  2754.9  354.72   71.80   32.62    1.3     10563.107     13.50   47.24000   39.71000  "Undefined"       0.0       -0.94  0.00000000
04.04.2019 02:56:12.953   4.99600000   4995.99870   0.29  -59.8   19.1  28.0 40.80  356.4     0.0  356.40    0.00    0.00     0.0  356.40    0.00    0.00     0.0  356.40    0.00    0.00    1.8     10572.953     13.50   47.24000   39.71000  "Undefined"       0.0       -1.30  0.00000000
04.04.2019 02:56:23.527   4.99600000   4996.00692   0.46  -56.4   20.4  28.0 12.60  355.0   909.1  355.04   55.38   38.47  1834.7  355.17   63.65   36.62  2755.6  355.40   71.86   33.51    1.6     10583.527     13.50   47.24000   39.71000  "Undefined"       0.0        6.92  0.00000000
04.04.2019 02:56:23.527   4.99600000   4996.00692   0.46  -56.4   20.4  28.0 40.20  356.4     0.0  356.40    0.00    0.00     0.0  356.40    0.00    0.00     0.0  356.40    0.00    0.00    1.6     10583.527     13.50   47.24000   39.71000  "Undefined"       0.0        6.92  0.00000000
04.04.2019 02:56:34.469   4.99600000   4995.99879   0.62  -50.6   24.9  28.0 37.80  357.1     0.0  357.13    0.00    0.00     0.0  357.13    0.00    0.00     0.0  357.13    0.00    0.00    1.6     10594.469     13.50   47.24000   39.71000  "Undefined"       0.0       -1.21  0.00000000
04.04.2019 02:56:34.469   4.99600000   4995.99879   0.62  -50.6   24.9  28.0  9.00  352.8  1149.5  352.96   57.48   37.36  2316.5  353.23   67.82   33.33  3470.8  353.85   77.89   24.37    1.2     10594.469     13.50   47.24000   39.71000  "Undefined"       0.0       -1.21  0.00000000
04.04.2019 02:56:44.313   4.99600000   4996.00507   0.51  -54.3   22.1  28.0 36.60  355.7     0.0  355.68    0.00    0.00     0.0  355.68    0.00    0.00     0.0  355.68    0.00    0.00    1.7     10604.313     13.50   47.24000   39.71000  "Undefined"       0.0        5.07  0.00000000
04.04.2019 02:56:54.157   4.99600000   4995.99993   0.55  -56.4   19.6  28.0 31.20  355.0     0.0  354.97    0.00    0.00     0.0  354.97    0.00    0.00     0.0  354.97    0.00    0.00    1.8     10614.157     13.50   47.24000   39.71000  "Undefined"       0.0       -0.07  0.00000000
04.04.2019 02:57:05.223   4.99600000   4996.00254   0.62  -53.0   22.6  28.0 19.20  354.9     0.0  354.95    0.00    0.00     0.0  354.95    0.00    0.00     0.0  354.95    0.00    0.00    1.4     10625.223     13.50   47.24000   39.71000  "Undefined"       0.0        2.54  0.00000000
04.04.2019 02:57:05.223   4.99600000   4996.00254   0.62  -53.0   22.6  28.0 16.80  354.2     0.0  354.24    0.00    0.00     0.0  354.24    0.00    0.00     0.0  354.24    0.00    0.00    1.4     10625.223     13.50   47.24000   39.71000  "Undefined"       0.0        2.54  0.00000000
04.04.2019 02:57:15.059   4.99600000   4996.00942   0.44  -59.5   17.4  28.0 17.40  355.0     0.0  354.95    0.00    0.00     0.0  354.95    0.00    0.00     0.0  354.95    0.00    0.00    1.8     10635.059     13.50   47.24000   39.71000  "Undefined"       0.0        9.42  0.00000000
04.04.2019 02:57:35.463   4.99600000   4995.99997   0.62  -52.5   23.0  28.0 28.80  355.7     0.0  355.68    0.00    0.00     0.0  355.68    0.00    0.00     0.0  355.68    0.00    0.00    1.4     10655.463     13.50   47.24000   39.71000  "Undefined"       0.0       -0.03  0.00000000
04.04.2019 02:57:46.386   4.99600000   4995.99903   0.60  -51.9   23.8  28.0 36.00  357.1     0.0  357.10    0.00    0.00     0.0  357.10    0.00    0.00     0.0  357.10    0.00    0.00    1.3     10666.386     13.50   47.24000   39.71000  "Undefined"       0.0       -0.97  0.00000000
04.04.2019 02:57:57.294   4.99600000   4996.00100   0.62  -49.7   25.8  28.0 31.20  356.4     0.0  356.41    0.00    0.00     0.0  356.41    0.00    0.00     0.0  356.41    0.00    0.00    1.3     10677.294     13.50   47.24000   39.71000  "Undefined"       0.0        1.00  0.00000000
04.04.2019 02:58:07.127   4.99600000   4996.00546   0.62  -53.5   22.0  28.0 33.60  357.8     0.0  357.84    0.00    0.00     0.0  357.84    0.00    0.00     0.0  357.84    0.00    0.00    1.8     10687.127     13.50   47.24000   39.71000  "Undefined"       0.0        5.46  0.00000000
04.04.2019 02:58:27.908   4.99600000   4995.99709   0.62  -50.4   25.2  28.0 29.40  354.2     0.0  354.24    0.00    0.00     0.0  354.24    0.00    0.00     0.0  354.24    0.00    0.00    1.6     10707.908     13.50   47.24000   39.71000  "Undefined"       0.0       -2.91  0.00000000
04.04.2019 02:58:40.974   4.99600000   4995.99961   0.62  -50.8   24.7  28.0 31.80  356.4     0.0  356.40    0.00    0.00     0.0  356.40    0.00    0.00     0.0  356.40    0.00    0.00    1.4     10720.974     13.50   47.24000   39.71000  "Undefined"       0.0       -0.39  0.00000000
04.04.2019 02:58:50.833   4.99600000   4996.00219   0.62  -50.1   25.4  28.0 32.40  357.1     0.0  357.13    0.00    0.00     0.0  357.13    0.00    0.00     0.0  357.13    0.00    0.00    1.3     10730.833     13.50   47.24000   39.71000  "Undefined"       0.0        2.19  0.00000000
04.04.2019 02:59:01.414   4.99600000   4996.00320   0.55  -56.0   20.1  28.0 16.20  355.0     0.0  354.96    0.00    0.00     0.0  354.96    0.00    0.00     0.0  354.96    0.00    0.00    1.6     10741.414     13.50   47.24000   39.71000  "Undefined"       0.0        3.20  0.00000000
04.04.2019 02:59:11.246   4.99600000   4995.99606   0.62  -52.8   22.7  28.0 34.80  355.0     0.0  354.97    0.00    0.00     0.0  354.97    0.00    0.00     0.0  354.97    0.00    0.00    1.8     10751.246     13.50   47.24000   39.71000  "Undefined"       0.0       -3.94  0.00000000
04.04.2019 02:59:21.096   4.99600000   4995.99958   0.62  -49.3   26.2  28.0 33.00  357.1     0.0  357.12    0.00    0.00     0.0  357.12    0.00    0.00     0.0  357.12    0.00    0.00    1.3     10761.096     13.50   47.24000   39.71000  "Undefined"       0.0       -0.42  0.00000000
04.04.2019 02:59:33.078   4.99600000   4996.00159   0.62  -51.1   24.5  28.0 31.20  357.8     0.0  357.84    0.00    0.00     0.0  357.84    0.00    0.00     0.0  357.84    0.00    0.00    1.4     10773.078     13.50   47.24000   39.71000  "Undefined"       0.0        1.59  0.00000000
04.04.2019 02:59:42.914   4.99600000   4995.99838   0.49  -58.8   17.8  28.0 16.80  356.4     0.0  356.39    0.00    0.00     0.0  356.39    0.00    0.00     0.0  356.39    0.00    0.00    1.8     10782.914     13.50   47.24000   39.71000  "Undefined"       0.0       -1.62  0.00000000
04.04.2019 02:59:53.481   4.99600000   4995.99981   0.11  -43.9   39.1  28.0 30.00  357.8     0.0  357.82    0.00    0.00     0.0  357.82    0.00    0.00     0.0  357.82    0.00    0.00    1.3     10793.481     13.50   47.24000   39.71000  "Undefined"       0.0       -0.19  0.00000000
