
[strDate]   [strTime]   [Frq_rpu]    [Frq_meg]    [Band]  [E]   [S_N] [Att]  [B]     [A]    [S0]  [aIRI0]   [Lat0]  [Lon0]   [S1]  [aIRI1]  [Lat1]  [Lon1]   [S2]  [aIRI2]  [Lat2]  [Lon2] [Sigm] [Time_sec]  [Cource]  [BaseLat]  [BaseLon]  [TypeSignalName]  [DispApd]  [Dopler]  [Delay]
04.04.2019 05:00:05.020   4.99600000   4995.99987   0.11  -47.8   35.2  28.0 27.60  351.4     0.0  351.36    0.00    0.00     0.0  351.36    0.00    0.00     0.0  351.36    0.00    0.00    1.3     18005.020     13.50   47.24000   39.71000  "Undefined"       0.0       -0.13  0.00000000
04.04.2019 05:00:15.928   4.99600000   4995.99986   0.11  -52.0   31.0  28.0 29.40  352.8     0.0  352.80    0.00    0.00     0.0  352.80    0.00    0.00     0.0  352.80    0.00    0.00    1.3     18015.928     13.50   47.24000   39.71000  "Undefined"       0.0       -0.14  0.00000000
04.04.2019 05:00:26.847   4.99600000   4995.99998   0.11  -57.4   25.6  28.0 28.80  352.8     0.0  352.80    0.00    0.00     0.0  352.80    0.00    0.00     0.0  352.80    0.00    0.00    1.3     18026.847     13.50   47.24000   39.71000  "Undefined"       0.0       -0.02  0.00000000
04.04.2019 05:00:38.493   4.99600000   4995.99997   0.11  -51.6   31.4  28.0 26.40  350.6     0.0  350.65    0.00    0.00     0.0  350.65    0.00    0.00     0.0  350.65    0.00    0.00    1.3     18038.493     13.50   47.24000   39.71000  "Undefined"       0.0       -0.03  0.00000000
04.04.2019 05:00:49.398   4.99600000   4995.99983   0.11  -44.2   38.8  28.0 28.20  352.1     0.0  352.07    0.00    0.00     0.0  352.07    0.00    0.00     0.0  352.07    0.00    0.00    1.2     18049.398     13.50   47.24000   39.71000  "Undefined"       0.0       -0.17  0.00000000
04.04.2019 05:00:59.246   4.99600000   4995.99990   0.11  -51.2   31.8  28.0 27.00  350.6     0.0  350.64    0.00    0.00     0.0  350.64    0.00    0.00     0.0  350.64    0.00    0.00    1.4     18059.246     13.50   47.24000   39.71000  "Undefined"       0.0       -0.10  0.00000000
04.04.2019 05:01:09.076   4.99600000   4995.99975   0.11  -45.2   37.8  28.0 29.40  352.8     0.0  352.79    0.00    0.00     0.0  352.79    0.00    0.00     0.0  352.79    0.00    0.00    1.2     18069.076     13.50   47.24000   39.71000  "Undefined"       0.0       -0.25  0.00000000
04.04.2019 05:01:18.930   4.99600000   4995.99977   0.11  -43.6   39.4  28.0 28.80  352.8     0.0  352.81    0.00    0.00     0.0  352.81    0.00    0.00     0.0  352.81    0.00    0.00    1.2     18078.930     13.50   47.24000   39.71000  "Undefined"       0.0       -0.23  0.00000000
04.04.2019 05:01:29.906   4.99600000   4995.99978   0.11  -47.9   35.1  28.0 28.80  352.8     0.0  352.80    0.00    0.00     0.0  352.80    0.00    0.00     0.0  352.80    0.00    0.00    1.3     18089.906     13.50   47.24000   39.71000  "Undefined"       0.0       -0.22  0.00000000
04.04.2019 05:01:40.487   4.99600000   4995.99970   0.11  -51.9   31.1  28.0 29.40  353.5     0.0  353.53    0.00    0.00     0.0  353.53    0.00    0.00     0.0  353.53    0.00    0.00    1.3     18100.487     13.50   47.24000   39.71000  "Undefined"       0.0       -0.30  0.00000000
04.04.2019 05:01:50.336   4.99600000   4995.99976   0.11  -43.3   39.8  28.0 28.80  352.8     0.0  352.81    0.00    0.00     0.0  352.81    0.00    0.00     0.0  352.81    0.00    0.00    1.2     18110.336     13.50   47.24000   39.71000  "Undefined"       0.0       -0.24  0.00000000
04.04.2019 05:02:00.171   4.99600000   4995.99979   0.11  -42.2   40.8  28.0 28.20  353.5     0.0  353.51    0.00    0.00     0.0  353.51    0.00    0.00     0.0  353.51    0.00    0.00    1.2     18120.171     13.50   47.24000   39.71000  "Undefined"       0.0       -0.21  0.00000000
04.04.2019 05:02:10.030   4.99600000   4995.99976   0.11  -40.6   42.4  28.0 28.20  353.5     0.0  353.51    0.00    0.00     0.0  353.51    0.00    0.00     0.0  353.51    0.00    0.00    1.2     18130.030     13.50   47.24000   39.71000  "Undefined"       0.0       -0.24  0.00000000
04.04.2019 05:02:19.876   4.99600000   4995.99982   0.11  -51.4   31.6  28.0 27.60  352.8     0.0  352.79    0.00    0.00     0.0  352.79    0.00    0.00     0.0  352.79    0.00    0.00    1.2     18139.876     13.50   47.24000   39.71000  "Undefined"       0.0       -0.18  0.00000000
04.04.2019 05:02:30.436   4.99600000   4995.99974   0.11  -59.6   23.4  28.0 25.80  353.5     0.0  353.52    0.00    0.00     0.0  353.52    0.00    0.00     0.0  353.52    0.00    0.00    1.7     18150.436     13.50   47.24000   39.71000  "Undefined"       0.0       -0.26  0.00000000
04.04.2019 05:07:34.533   4.99600000   4996.00137   0.07  -74.8   10.5  28.0 12.00  346.3   961.4  346.52   55.60   36.15  1942.4  346.81   64.00   30.72  2881.7  347.34   71.79   21.86    1.3     18454.533     13.50   47.24000   39.71000  "Undefined"       0.0        1.37  0.00000000
04.04.2019 05:07:45.496   4.99600000   4995.99963   0.11  -68.2   14.9  28.0 13.20  347.8   892.5  347.91   55.06   36.78  1800.8  348.14   62.92   32.48  2672.4  348.55   70.32   25.82    1.3     18465.496     13.50   47.24000   39.71000  "Undefined"       0.0       -0.37  0.00000000
04.04.2019 05:20:55.894   4.99600000   4996.00115   0.20  -69.0   11.5  28.0 17.40  354.2   711.4  354.25   53.60   38.63  1432.5  354.29   60.04   37.16  2149.1  354.38   66.42   35.07    1.7     19255.894     13.50   47.24000   39.71000  "Undefined"       0.0        1.15  0.00000000
04.04.2019 05:21:06.471   4.99600000   4996.00275   0.31  -66.3   12.3  28.0 16.20  351.4   756.3  351.42   53.96   37.99  1526.7  351.53   60.77   35.60  2290.7  351.72   67.47   32.11    1.4     19266.471     13.50   47.24000   39.71000  "Undefined"       0.0        2.75  0.00000000
04.04.2019 05:22:07.288   4.99600000   4996.00297   0.29  -66.3   12.6  28.0 21.60  353.5     0.0  353.52    0.00    0.00     0.0  353.52    0.00    0.00     0.0  353.52    0.00    0.00    1.4     19327.288     13.50   47.24000   39.71000  "Undefined"       0.0        2.97  0.00000000
04.04.2019 05:22:17.488   4.99600000   4996.00307   0.18  -66.8   14.1  28.0 21.00  354.2     0.0  354.24    0.00    0.00     0.0  354.24    0.00    0.00     0.0  354.24    0.00    0.00    1.9     19337.488     13.50   47.24000   39.71000  "Undefined"       0.0        3.07  0.00000000
04.04.2019 05:22:39.537   4.99600000   4995.99969   0.29  -64.8   14.1  28.0 12.60  355.7   932.7  355.69   55.60   38.60  1893.8  355.74   64.20   36.84  2840.5  355.90   72.64   33.78    1.3     19359.537     13.50   47.24000   39.71000  "Undefined"       0.0       -0.31  0.00000000
04.04.2019 05:22:49.388   4.99600000   4996.00138   0.20  -66.5   14.0  28.0 12.60  355.0   932.8  354.98   55.59   38.42  1893.4  355.05   64.17   36.39  2838.1  355.25   72.57   32.87    1.4     19369.388     13.50   47.24000   39.71000  "Undefined"       0.0        1.38  0.00000000
04.04.2019 05:23:09.487   4.99600000   4996.00189   0.27  -64.7   14.6  28.0 10.80  353.5  1049.0  353.56   56.60   37.80  2121.8  353.71   66.13   34.63  3168.8  354.10   75.35   28.53    1.8     19389.487     13.50   47.24000   39.71000  "Undefined"       0.0        1.89  0.00000000
04.04.2019 05:23:31.400   4.99600000   4996.00041   0.40  -59.3   18.1  28.0 16.80  353.5   732.6  353.54   53.78   38.46  1477.5  353.60   60.42   36.73  2217.1  353.72   66.98   34.23    1.6     19411.400     13.50   47.24000   39.71000  "Undefined"       0.0        0.41  0.00000000
04.04.2019 05:23:41.273   4.99600000   4996.00021   0.62  -57.9   17.6  28.0 20.40  354.2     0.0  354.23    0.00    0.00     0.0  354.23    0.00    0.00     0.0  354.23    0.00    0.00    1.3     19421.273     13.50   47.24000   39.71000  "Undefined"       0.0        0.21  0.00000000
04.04.2019 05:23:51.466   4.99600000   4996.00012   0.44  -54.2   22.8  28.0  7.80  352.8  1297.8  352.89   58.80   36.94  2585.6  353.17   70.17   31.76  3846.4  354.14   81.06   17.81    1.2     19431.466     13.50   47.24000   39.71000  "Undefined"       0.0        0.12  0.00000000
04.04.2019 05:24:02.405   4.99600000   4996.00176   0.40  -60.2   17.2  28.0  6.60  355.0  1427.5  354.98   60.01   37.48  2899.6  355.25   73.12   32.51     0.0  354.95    0.00    0.00    1.4     19442.405     13.50   47.24000   39.71000  "Undefined"       0.0        1.76  0.00000000
04.04.2019 05:24:13.319   4.99600000   4995.99700   0.40  -62.1   15.3  28.0 21.00  352.8     0.0  352.80    0.00    0.00     0.0  352.80    0.00    0.00     0.0  352.80    0.00    0.00    1.5     19453.319     13.50   47.24000   39.71000  "Undefined"       0.0       -3.00  0.00000000
04.04.2019 05:24:24.274   4.99600000   4996.00181   0.42  -63.0   14.2  28.0 16.20  354.2   755.5  354.24   54.00   38.55  1526.3  354.29   60.87   36.93  2291.4  354.41   67.68   34.53    1.3     19464.274     13.50   47.24000   39.71000  "Undefined"       0.0        1.81  0.00000000
04.04.2019 05:24:34.490   4.99600000   4996.00013   0.46  -60.0   16.8  28.0  9.00  352.8  1187.9  352.87   57.82   37.23  2367.6  353.08   68.26   32.93  3483.0  353.69   77.97   23.81    1.3     19474.490     13.50   47.24000   39.71000  "Undefined"       0.0        0.13  0.00000000
04.04.2019 05:24:45.446   4.99600000   4996.00114   0.46  -58.9   17.9  28.0 19.80  354.2     0.0  354.25    0.00    0.00     0.0  354.25    0.00    0.00     0.0  354.25    0.00    0.00    1.3     19485.446     13.50   47.24000   39.71000  "Undefined"       0.0        1.14  0.00000000
04.04.2019 05:24:55.294   4.99600000   4996.00251   0.58  -58.6   17.3  28.0 20.40  353.5     0.0  353.51    0.00    0.00     0.0  353.51    0.00    0.00     0.0  353.51    0.00    0.00    1.4     19495.294     13.50   47.24000   39.71000  "Undefined"       0.0        2.51  0.00000000
04.04.2019 05:25:16.440   4.99600000   4995.99997   0.49  -58.4   18.2  28.0 13.20  354.2   898.9  354.25   55.28   38.29  1823.8  354.33   63.52   36.12  2732.0  354.54   71.58   32.51    1.3     19516.440     13.50   47.24000   39.71000  "Undefined"       0.0       -0.03  0.00000000
04.04.2019 05:25:27.365   4.99600000   4996.00421   0.55  -60.3   15.8  28.0 15.00  353.5   807.4  353.53   54.45   38.31  1634.5  353.61   61.81   36.28  2445.6  353.77   69.00   33.20    1.4     19527.365     13.50   47.24000   39.71000  "Undefined"       0.0        4.21  0.00000000
04.04.2019 05:25:37.216   4.99600000   4996.00033   0.42  -58.4   18.8  28.0 22.20  354.2  2325.7  353.42   67.91   33.46  2940.9  353.52   73.30   29.64  3552.4  353.86   78.58   23.11    1.3     19537.216     13.50   47.24000   39.71000  "Undefined"       0.0        0.33  0.00000000
04.04.2019 05:25:47.405   4.99600000   4995.99946   0.49  -58.5   18.1  28.0 30.00  353.5     0.0  353.52    0.00    0.00     0.0  353.52    0.00    0.00     0.0  353.52    0.00    0.00    1.4     19547.405     13.50   47.24000   39.71000  "Undefined"       0.0       -0.54  0.00000000
04.04.2019 05:25:57.277   4.99600000   4995.99925   0.46  -60.8   16.0  28.0 21.00  352.8     0.0  352.80    0.00    0.00     0.0  352.80    0.00    0.00     0.0  352.80    0.00    0.00    1.2     19557.277     13.50   47.24000   39.71000  "Undefined"       0.0       -0.75  0.00000000
04.04.2019 05:26:08.200   4.99600000   4995.99367   0.18  -71.3    9.7  28.0 14.40  352.8   836.2  352.85   54.69   38.09  1694.3  352.95   62.31   35.73  2535.6  353.16   69.73   32.05    1.9     19568.200     13.50   47.24000   39.71000  "Undefined"       0.0       -6.33  0.00000000
04.04.2019 05:26:18.389   4.99600000   4996.00073   0.24  -66.4   13.2  28.0  6.60  357.1  1428.9  357.08   60.07   38.41     0.0  357.12    0.00    0.00     0.0  357.12    0.00    0.00    1.7     19578.389     13.50   47.24000   39.71000  "Undefined"       0.0        0.73  0.00000000
04.04.2019 05:26:52.208   4.99600000   4996.00120   0.33  -59.9   18.3  28.0 27.00  352.8     0.0  352.79    0.00    0.00     0.0  352.79    0.00    0.00     0.0  352.79    0.00    0.00    1.4     19612.208     13.50   47.24000   39.71000  "Undefined"       0.0        1.20  0.00000000
04.04.2019 05:27:02.060   4.99600000   4995.99756   0.49  -61.5   15.1  28.0  8.40  353.5  1241.1  353.59   58.31   37.35  2461.0  353.80   69.13   33.15  3604.5  354.44   79.13   23.72    1.5     19622.060     13.50   47.24000   39.71000  "Undefined"       0.0       -2.44  0.00000000
04.04.2019 05:27:11.907   4.99600000   4996.00659   0.44  -62.9   14.1  28.0  9.00  354.2  1187.2  354.28   57.85   37.72  2368.5  354.44   68.36   34.23  3492.5  354.94   78.26   26.66    1.4     19631.907     13.50   47.24000   39.71000  "Undefined"       0.0        6.59  0.00000000
04.04.2019 05:27:23.228   4.99600000   4996.00685   0.35  -65.1   12.8  28.0 27.00  352.8     0.0  352.80    0.00    0.00     0.0  352.80    0.00    0.00     0.0  352.80    0.00    0.00    1.7     19643.228     13.50   47.24000   39.71000  "Undefined"       0.0        6.85  0.00000000
04.04.2019 05:27:34.146   4.99600000   4996.00267   0.62  -55.1   20.4  28.0 21.60  354.2     0.0  354.24    0.00    0.00     0.0  354.24    0.00    0.00     0.0  354.24    0.00    0.00    1.2     19654.146     13.50   47.24000   39.71000  "Undefined"       0.0        2.67  0.00000000
04.04.2019 05:27:45.495   4.99600000   4996.00054   0.62  -56.2   19.4  28.0 23.40  354.2     0.0  354.24    0.00    0.00     0.0  354.24    0.00    0.00     0.0  354.24    0.00    0.00    1.2     19665.495     13.50   47.24000   39.71000  "Undefined"       0.0        0.54  0.00000000
04.04.2019 05:27:57.144   4.99600000   4996.00352   0.29  -65.0   13.9  28.0 19.80  354.3     0.0  354.25    0.00    0.00     0.0  354.25    0.00    0.00     0.0  354.25    0.00    0.00    1.6     19677.144     13.50   47.24000   39.71000  "Undefined"       0.0        3.52  0.00000000
04.04.2019 05:27:57.144   4.99600000   4996.00352   0.29  -65.0   13.9  28.0 21.60  354.9     0.0  354.95    0.00    0.00     0.0  354.95    0.00    0.00     0.0  354.95    0.00    0.00    1.6     19677.144     13.50   47.24000   39.71000  "Undefined"       0.0        3.52  0.00000000
04.04.2019 05:28:07.359   4.99600000   4996.00079   0.62  -56.2   19.3  28.0 19.20  354.2     0.0  354.24    0.00    0.00     0.0  354.24    0.00    0.00     0.0  354.24    0.00    0.00    1.3     19687.359     13.50   47.24000   39.71000  "Undefined"       0.0        0.79  0.00000000
04.04.2019 05:28:18.309   4.99600000   4996.00188   0.58  -55.6   20.3  28.0 25.20  354.9     0.0  354.95    0.00    0.00     0.0  354.95    0.00    0.00     0.0  354.95    0.00    0.00    1.3     19698.309     13.50   47.24000   39.71000  "Undefined"       0.0        1.88  0.00000000
04.04.2019 05:28:28.151   4.99600000   4995.99896   0.60  -57.6   18.1  28.0 19.20  352.8     0.0  352.82    0.00    0.00     0.0  352.82    0.00    0.00     0.0  352.82    0.00    0.00    1.2     19708.151     13.50   47.24000   39.71000  "Undefined"       0.0       -1.04  0.00000000
04.04.2019 05:28:59.509   4.99600000   4995.99808   0.55  -57.0   19.0  28.0 16.20  352.1   756.2  352.12   53.97   38.13  1526.7  352.21   60.80   35.93  2291.0  352.39   67.53   32.70    1.4     19739.509     13.50   47.24000   39.71000  "Undefined"       0.0       -1.92  0.00000000
04.04.2019 05:29:19.241   4.99600000   4995.99768   0.58  -56.1   19.8  28.0 12.00  352.8   969.7  352.86   55.88   37.78  1966.5  353.00   64.72   34.74  2942.4  353.34   73.29   29.35    1.2     19759.241     13.50   47.24000   39.71000  "Undefined"       0.0       -2.32  0.00000000
04.04.2019 05:29:30.180   4.99600000   4996.00057   0.62  -52.9   22.7  28.0 16.20  354.2   755.5  354.23   54.00   38.55  1526.3  354.28   60.87   36.93  2291.4  354.40   67.68   34.52    1.2     19770.180     13.50   47.24000   39.71000  "Undefined"       0.0        0.57  0.00000000
04.04.2019 05:29:40.019   4.99600000   4996.00041   0.62  -55.6   19.9  28.0 15.60  353.5   780.6  353.55   54.21   38.36  1578.6  353.62   61.32   36.45  2365.8  353.76   68.29   33.59    1.2     19780.019     13.50   47.24000   39.71000  "Undefined"       0.0        0.41  0.00000000
04.04.2019 05:29:51.687   4.99600000   4996.00000   0.42  -48.2   29.0  28.0 12.00  353.5   969.7  353.57   55.90   37.97  1967.1  353.69   64.76   35.21  2945.0  353.99   73.39   30.31    1.2     19791.687     13.50   47.24000   39.71000  "Undefined"       0.0        0.00  0.00000000
04.04.2019 05:30:04.077   4.99600000   4995.99996   0.11  -45.0   38.0  28.0 15.00  353.5   807.4  353.57   54.45   38.32  1634.5  353.65   61.81   36.30  2445.4  353.81   69.00   33.24    1.2     19804.077     13.50   47.24000   39.71000  "Undefined"       0.0       -0.04  0.00000000
04.04.2019 05:30:13.916   4.99600000   4995.99991   0.11  -47.9   35.1  28.0  6.60  353.5  1427.5  353.57   59.97   36.86  2868.9  353.92   72.72   30.79     0.0  353.50    0.00    0.00    1.2     19813.916     13.50   47.24000   39.71000  "Undefined"       0.0       -0.09  0.00000000
04.04.2019 05:30:24.102   4.99600000   4995.99999   0.11  -51.7   31.3  28.0 18.60  355.0   690.6  354.92   53.42   38.79  1361.6  354.93   59.42   37.60  2029.3  354.99   65.38   35.95    1.4     19824.102     13.50   47.24000   39.71000  "Undefined"       0.0       -0.01  0.00000000
04.04.2019 05:30:33.985   4.99600000   4996.00012   0.11  -57.4   25.6  28.0 24.60  352.8     0.0  352.80    0.00    0.00     0.0  352.80    0.00    0.00     0.0  352.80    0.00    0.00    1.8     19833.985     13.50   47.24000   39.71000  "Undefined"       0.0        0.12  0.00000000
04.04.2019 05:31:05.325   4.99600000   4996.00007   0.11  -54.3   28.8  28.0 27.00  352.8     0.0  352.80    0.00    0.00     0.0  352.80    0.00    0.00     0.0  352.80    0.00    0.00    1.7     19865.325     13.50   47.24000   39.71000  "Undefined"       0.0        0.07  0.00000000
04.04.2019 05:31:15.160   4.99600000   4995.99994   0.11  -51.4   31.6  28.0 13.80  355.0   866.3  354.97   55.00   38.52  1757.5  355.03   62.96   36.73  2633.6  355.18   70.76   33.83    1.3     19875.160     13.50   47.24000   39.71000  "Undefined"       0.0       -0.06  0.00000000
04.04.2019 05:31:26.094   4.99600000   4995.99996   0.11  -50.9   32.1  28.0 10.20  353.5  1092.2  353.57   56.99   37.70  2202.5  353.73   66.85   34.31  3281.1  354.17   76.33   27.50    1.2     19886.094     13.50   47.24000   39.71000  "Undefined"       0.0       -0.04  0.00000000
04.04.2019 05:31:37.021   4.99600000   4995.99993   0.11  -47.8   35.2  28.0 16.20  353.5   755.7  353.55   53.99   38.42  1526.5  353.62   60.85   36.60  2291.4  353.75   67.64   33.93    1.2     19897.021     13.50   47.24000   39.71000  "Undefined"       0.0       -0.07  0.00000000
04.04.2019 05:31:46.874   4.99600000   4995.99995   0.11  -47.6   35.4  28.0 12.00  354.3   969.6  354.28   55.91   38.17  1967.3  354.38   64.80   35.70  2946.9  354.65   73.48   31.29    1.2     19906.874     13.50   47.24000   39.71000  "Undefined"       0.0       -0.05  0.00000000
04.04.2019 05:31:57.455   4.99600000   4995.99990   0.11  -42.8   40.2  28.0  9.60  353.5  1138.6  353.57   57.40   37.59  2284.8  353.74   67.58   33.95  3387.9  354.24   77.25   26.38    1.2     19917.455     13.50   47.24000   39.71000  "Undefined"       0.0       -0.10  0.00000000
04.04.2019 05:32:08.380   4.99600000   4995.99992   0.11  -41.5   41.5  28.0 12.00  353.5   969.7  353.56   55.90   37.97  1967.1  353.68   64.76   35.21  2944.9  353.99   73.39   30.30    1.2     19928.380     13.50   47.24000   39.71000  "Undefined"       0.0       -0.08  0.00000000
04.04.2019 05:32:19.315   4.99600000   4995.99991   0.11  -43.8   39.2  28.0 10.80  353.5  1048.8  353.54   56.60   37.79  2121.2  353.69   66.13   34.62  3167.8  354.08   75.34   28.51    1.2     19939.315     13.50   47.24000   39.71000  "Undefined"       0.0       -0.09  0.00000000
04.04.2019 05:32:29.169   4.99600000   4995.99991   0.11  -48.0   35.0  28.0 11.40  353.5  1008.1  353.57   56.24   37.89  2042.7  353.70   65.43   34.94  3055.2  354.05   74.36   29.48    1.3     19949.169     13.50   47.24000   39.71000  "Undefined"       0.0       -0.09  0.00000000
04.04.2019 05:32:40.094   4.99600000   4995.99988   0.11  -52.3   30.7  28.0 11.40  354.2  1007.9  354.26   56.25   38.09  2042.8  354.37   65.47   35.44  3057.8  354.68   74.45   30.51    1.3     19960.094     13.50   47.24000   39.71000  "Undefined"       0.0       -0.12  0.00000000
04.04.2019 05:33:19.902   4.99600000   4996.00012   0.11  -57.0   26.0  28.0 25.80  355.0     0.0  354.96    0.00    0.00     0.0  354.96    0.00    0.00     0.0  354.96    0.00    0.00    1.8     19999.902     13.50   47.24000   39.71000  "Undefined"       0.0        0.12  0.00000000
04.04.2019 05:33:31.538   4.99600000   4996.00002   0.11  -52.7   30.3  28.0 16.20  353.5   755.8  353.55   53.99   38.41  1526.5  353.61   60.85   36.60  2291.4  353.75   67.64   33.93    1.3     20011.538     13.50   47.24000   39.71000  "Undefined"       0.0        0.02  0.00000000
04.04.2019 05:33:52.323   4.99600000   4995.99969   0.11  -55.0   28.0  28.0 14.40  354.2   835.9  354.27   54.71   38.41  1694.2  354.33   62.37   36.50  2536.7  354.49   69.85   33.51    1.3     20032.323     13.50   47.24000   39.71000  "Undefined"       0.0       -0.31  0.00000000
04.04.2019 05:34:02.167   4.99600000   4996.00001   0.11  -51.2   31.8  28.0 24.00  354.2     0.0  354.24    0.00    0.00     0.0  354.24    0.00    0.00     0.0  354.24    0.00    0.00    1.3     20042.167     13.50   47.24000   39.71000  "Undefined"       0.0        0.01  0.00000000
04.04.2019 05:34:12.028   4.99600000   4996.00006   0.11  -46.8   36.2  28.0 12.00  352.8   969.7  352.86   55.88   37.78  1966.5  353.00   64.72   34.73  2942.3  353.34   73.29   29.35    1.3     20052.028     13.50   47.24000   39.71000  "Undefined"       0.0        0.06  0.00000000
04.04.2019 05:34:21.888   4.99600000   4995.99996   0.11  -45.9   37.1  28.0 10.80  353.5  1049.0  353.56   56.60   37.80  2121.8  353.71   66.13   34.63  3168.7  354.10   75.35   28.52    1.2     20061.888     13.50   47.24000   39.71000  "Undefined"       0.0       -0.04  0.00000000
04.04.2019 05:34:32.460   4.99600000   4995.99993   0.11  -44.4   38.6  28.0  9.60  353.5  1138.7  353.55   57.40   37.59  2285.0  353.73   67.58   33.94  3387.9  354.23   77.25   26.35    1.2     20072.460     13.50   47.24000   39.71000  "Undefined"       0.0       -0.07  0.00000000
04.04.2019 05:34:42.315   4.99600000   4995.99990   0.11  -42.9   40.1  28.0 16.80  353.5   732.6  353.54   53.78   38.46  1477.5  353.59   60.42   36.73  2217.0  353.72   66.98   34.23    1.1     20082.315     13.50   47.24000   39.71000  "Undefined"       0.0       -0.10  0.00000000
04.04.2019 05:34:53.250   4.99600000   4995.99996   0.55  -38.7   44.3  28.0 13.80  354.2   866.6  354.25   54.99   38.35  1757.8  354.32   62.94   36.31  2633.1  354.50   70.71   33.02    1.2     20093.250     13.50   47.24000   39.71000  "Undefined"      66.2       -0.04  0.00000000
04.04.2019 05:34:53.250   4.99600000   4995.99996   0.55  -38.7   44.3  28.0 12.00  353.5   969.7  353.57   55.90   37.97  1967.1  353.69   64.76   35.22  2944.9  353.99   73.39   30.31    1.2     20093.250     13.50   47.24000   39.71000  "Undefined"      66.2       -0.04  0.00000000
04.04.2019 05:35:03.096   4.99600000   4995.99999   0.46  -37.4   40.5  28.0 14.40  353.5   836.1  353.57   54.71   38.26  1694.5  353.65   62.35   36.12  2536.8  353.84   69.80   32.78    1.2     20103.096     13.50   47.24000   39.71000  "Undefined"      62.4       -0.01  0.00000000
04.04.2019 05:35:03.096   4.99600000   4995.99999   0.46  -37.4   40.5  28.0 16.80  354.2   732.3  354.24   53.79   38.59  1477.2  354.28   60.44   37.05  2216.9  354.38   67.02   34.81    1.2     20103.096     13.50   47.24000   39.71000  "Undefined"      62.4       -0.01  0.00000000
04.04.2019 05:35:12.957   4.99600000   4995.99998   0.46  -36.4   40.4  28.0 13.20  353.5   899.0  353.58   55.27   38.13  1823.8  353.68   63.49   35.71  2731.1  353.91   71.52   31.71    1.2     20112.957     13.50   47.24000   39.71000  "Undefined"       0.0       -0.02  0.00000000
04.04.2019 05:35:12.957   4.99600000   4995.99998   0.46  -36.4   40.4  28.0 15.60  354.2   780.4  354.24   54.22   38.51  1578.6  354.29   61.34   36.79  2365.6  354.42   68.34   34.22    1.2     20112.957     13.50   47.24000   39.71000  "Undefined"       0.0       -0.02  0.00000000
04.04.2019 05:35:23.893   4.99600000   4995.99991   0.29  -41.6   41.4  28.0 19.20  354.9     0.0  354.94    0.00    0.00     0.0  354.94    0.00    0.00     0.0  354.94    0.00    0.00    1.2     20123.893     13.50   47.24000   39.71000  "Undefined"      62.6       -0.09  0.00000000
04.04.2019 05:35:23.893   4.99600000   4995.99991   0.29  -41.6   41.4  28.0 15.00  354.2   807.2  354.26   54.46   38.46  1634.5  354.32   61.84   36.66  2446.1  354.46   69.05   33.91    1.2     20123.893     13.50   47.24000   39.71000  "Undefined"      62.6       -0.09  0.00000000
04.04.2019 05:35:34.886   4.99600000   4996.00003   0.46  -37.8   41.1  28.0 15.60  354.2   783.3  354.22   54.24   38.50  1584.8  354.25   61.39   36.76  2382.3  354.38   68.48   34.11    1.2     20134.886     13.50   47.24000   39.71000  "Undefined"      65.5        0.03  0.00000000
04.04.2019 05:35:45.462   4.99600000   4995.99997   0.11  -41.8   41.2  28.0 13.80  354.2   878.5  354.23   55.09   38.33  1783.1  354.28   63.16   36.21  2684.7  354.47   71.16   32.70    1.2     20145.462     13.50   47.24000   39.71000  "Undefined"       0.0       -0.03  0.00000000
04.04.2019 05:35:55.315   4.99600000   4995.99993   0.29  -42.5   40.5  28.0 19.20  354.9   645.1  354.93   53.02   38.86  1299.7  354.93   58.87   37.73  1954.2  354.98   64.71   36.16    1.2     20155.315     13.50   47.24000   39.71000  "Undefined"      64.0       -0.07  0.00000000
04.04.2019 05:35:55.315   4.99600000   4995.99993   0.29  -42.5   40.5  28.0 15.60  354.2   783.3  354.24   54.24   38.50  1584.9  354.27   61.40   36.77  2382.5  354.40   68.48   34.13    1.2     20155.315     13.50   47.24000   39.71000  "Undefined"      64.0       -0.07  0.00000000
04.04.2019 05:36:05.175   4.99600000   4995.99992   0.29  -41.7   41.3  28.0 12.60  354.2   953.0  354.21   55.76   38.18  1938.4  354.28   64.54   35.73  2920.9  354.54   73.24   31.31    1.2     20165.175     13.50   47.24000   39.71000  "Undefined"      64.4       -0.08  0.00000000
04.04.2019 05:36:05.175   4.99600000   4995.99992   0.29  -41.7   41.3  28.0  9.00  353.5  1246.5  353.55   58.36   37.32  2519.1  353.76   69.64   32.80  3785.5  354.63   80.68   20.84    1.2     20165.175     13.50   47.24000   39.71000  "Undefined"      64.4       -0.08  0.00000000
04.04.2019 05:36:15.021   4.99600000   4995.99949   0.11  -45.4   37.6  28.0 13.80  354.2   878.5  354.21   55.09   38.32  1783.0  354.27   63.16   36.20  2684.5  354.46   71.15   32.68    1.2     20175.021     13.50   47.24000   39.71000  "Undefined"       0.0       -0.51  0.00000000
04.04.2019 05:36:15.021   4.99600000   4995.99949   0.11  -45.4   37.6  28.0 10.80  353.5  1082.8  353.55   56.90   37.71     0.0  353.54    0.00    0.00     0.0  353.54    0.00    0.00    1.2     20175.021     13.50   47.24000   39.71000  "Undefined"       0.0       -0.51  0.00000000
04.04.2019 05:36:25.247   4.99600000   4996.00008   0.46  -34.5   42.3  28.0 14.40  354.2   844.7  354.24   54.79   38.39  1712.5  354.28   62.53   36.42  2576.5  354.44   70.20   33.25    1.2     20185.247     13.50   47.24000   39.71000  "Undefined"       0.0        0.08  0.00000000
04.04.2019 05:36:35.097   4.99600000   4996.00009   0.46  -34.2   42.6  28.0 29.40  356.4     0.0  356.39    0.00    0.00     0.0  356.39    0.00    0.00     0.0  356.39    0.00    0.00    1.2     20195.097     13.50   47.24000   39.71000  "Undefined"       0.0        0.09  0.00000000
04.04.2019 05:36:35.097   4.99600000   4996.00009   0.46  -34.2   42.6  28.0 25.80  355.7     0.0  355.67    0.00    0.00     0.0  355.67    0.00    0.00     0.0  355.67    0.00    0.00    1.2     20195.097     13.50   47.24000   39.71000  "Undefined"       0.0        0.09  0.00000000
04.04.2019 05:36:35.097   4.99600000   4996.00009   0.46  -34.2   42.6  28.0 15.60  354.2   783.3  354.23   54.24   38.50  1584.9  354.27   61.40   36.76  2382.5  354.39   68.48   34.12    1.2     20195.097     13.50   47.24000   39.71000  "Undefined"       0.0        0.09  0.00000000
04.04.2019 05:36:47.099   4.99600000   4996.00008   0.46  -42.3   38.2  28.0 28.80  356.4     0.0  356.40    0.00    0.00     0.0  356.40    0.00    0.00     0.0  356.40    0.00    0.00    1.2     20207.099     13.50   47.24000   39.71000  "Undefined"      70.5        0.08  0.00000000
04.04.2019 05:36:47.099   4.99600000   4996.00008   0.46  -42.3   38.2  28.0 25.80  355.7     0.0  355.68    0.00    0.00     0.0  355.68    0.00    0.00     0.0  355.68    0.00    0.00    1.2     20207.099     13.50   47.24000   39.71000  "Undefined"      70.5        0.08  0.00000000
04.04.2019 05:36:47.099   4.99600000   4996.00008   0.46  -42.3   38.2  28.0 16.20  354.2   755.8  354.21   54.00   38.55  1527.9  354.24   60.89   36.90  2296.2  354.35   67.72   34.46    1.2     20207.099     13.50   47.24000   39.71000  "Undefined"      70.5        0.08  0.00000000
04.04.2019 05:36:47.099   4.99600000   4996.00008   0.46  -42.3   38.2  28.0 12.00  353.5   993.5  353.53   56.11   37.91  2021.1  353.63   65.24   34.97  3040.3  353.97   74.22   29.49    1.2     20207.099     13.50   47.24000   39.71000  "Undefined"      70.5        0.08  0.00000000
04.04.2019 05:36:56.974   4.99600000   4995.99986   0.46  -37.5   40.2  28.0 28.80  356.4     0.0  356.40    0.00    0.00     0.0  356.40    0.00    0.00     0.0  356.40    0.00    0.00    1.2     20216.974     13.50   47.24000   39.71000  "Undefined"      67.8       -0.14  0.00000000
04.04.2019 05:36:56.974   4.99600000   4995.99986   0.46  -37.5   40.2  28.0 25.20  355.7     0.0  355.67    0.00    0.00     0.0  355.67    0.00    0.00     0.0  355.67    0.00    0.00    1.2     20216.974     13.50   47.24000   39.71000  "Undefined"      67.8       -0.14  0.00000000
04.04.2019 05:36:56.974   4.99600000   4995.99986   0.46  -37.5   40.2  28.0 15.00  354.2   813.0  354.22   54.51   38.44  1646.5  354.26   61.94   36.59  2476.3  354.40   69.31   33.70    1.2     20216.974     13.50   47.24000   39.71000  "Undefined"      67.8       -0.14  0.00000000
04.04.2019 05:36:56.974   4.99600000   4995.99986   0.46  -37.5   40.2  28.0 10.80  353.5  1082.8  353.54   56.90   37.71     0.0  353.53    0.00    0.00     0.0  353.53    0.00    0.00    1.1     20216.974     13.50   47.24000   39.71000  "Undefined"      67.8       -0.14  0.00000000
04.04.2019 05:37:06.830   4.99600000   4996.00007   0.53  -30.5   45.7  28.0 28.80  356.4     0.0  356.40    0.00    0.00     0.0  356.40    0.00    0.00     0.0  356.40    0.00    0.00    1.2     20226.830     13.50   47.24000   39.71000  "Undefined"       0.0        0.07  0.00000000
04.04.2019 05:37:06.830   4.99600000   4996.00007   0.53  -30.5   45.7  28.0 25.20  355.7     0.0  355.67    0.00    0.00     0.0  355.67    0.00    0.00     0.0  355.67    0.00    0.00    1.2     20226.830     13.50   47.24000   39.71000  "Undefined"       0.0        0.07  0.00000000
04.04.2019 05:37:06.830   4.99600000   4996.00007   0.53  -30.5   45.7  28.0 15.00  354.2   813.0  354.21   54.51   38.44  1646.5  354.25   61.94   36.59  2476.1  354.39   69.31   33.69    1.2     20226.830     13.50   47.24000   39.71000  "Undefined"       0.0        0.07  0.00000000
04.04.2019 05:37:06.830   4.99600000   4996.00007   0.53  -30.5   45.7  28.0 10.80  353.5  1082.8  353.54   56.90   37.71     0.0  353.53    0.00    0.00     0.0  353.53    0.00    0.00    1.1     20226.830     13.50   47.24000   39.71000  "Undefined"       0.0        0.07  0.00000000
04.04.2019 05:37:17.030   4.99600000   4996.00007   0.53  -30.2   46.0  28.0 30.60  357.1     0.0  357.11    0.00    0.00     0.0  357.11    0.00    0.00     0.0  357.11    0.00    0.00    1.2     20237.030     13.50   47.24000   39.71000  "Undefined"       0.0        0.07  0.00000000
04.04.2019 05:37:17.030   4.99600000   4996.00007   0.53  -30.2   46.0  28.0 28.80  356.4     0.0  356.40    0.00    0.00     0.0  356.40    0.00    0.00     0.0  356.40    0.00    0.00    1.2     20237.030     13.50   47.24000   39.71000  "Undefined"       0.0        0.07  0.00000000
04.04.2019 05:37:17.030   4.99600000   4996.00007   0.53  -30.2   46.0  28.0 25.20  355.7     0.0  355.68    0.00    0.00     0.0  355.68    0.00    0.00     0.0  355.68    0.00    0.00    1.2     20237.030     13.50   47.24000   39.71000  "Undefined"       0.0        0.07  0.00000000
04.04.2019 05:37:17.030   4.99600000   4996.00007   0.53  -30.2   46.0  28.0 14.40  354.2   844.7  354.21   54.79   38.39  1712.5  354.26   62.53   36.41  2576.8  354.42   70.20   33.23    1.2     20237.030     13.50   47.24000   39.71000  "Undefined"       0.0        0.07  0.00000000
04.04.2019 05:37:17.030   4.99600000   4996.00007   0.53  -30.2   46.0  28.0 10.20  353.5  1132.4  353.54   57.34   37.60  2299.7  353.70   67.70   33.84  3458.8  354.26   77.86   25.49    1.2     20237.030     13.50   47.24000   39.71000  "Undefined"       0.0        0.07  0.00000000
04.04.2019 05:37:27.977   4.99600000   4996.00022   0.55  -32.2   44.4  28.0 27.60  356.4     0.0  356.40    0.00    0.00     0.0  356.40    0.00    0.00     0.0  356.40    0.00    0.00    1.2     20247.977     13.50   47.24000   39.71000  "Undefined"      62.7        0.22  0.00000000
04.04.2019 05:37:27.977   4.99600000   4996.00022   0.55  -32.2   44.4  28.0 24.00  355.7     0.0  355.68    0.00    0.00     0.0  355.68    0.00    0.00     0.0  355.68    0.00    0.00    1.2     20247.977     13.50   47.24000   39.71000  "Undefined"      62.7        0.22  0.00000000
04.04.2019 05:37:27.977   4.99600000   4996.00022   0.55  -32.2   44.4  28.0  7.80  353.5  1565.7  353.53   61.20   36.45  2970.0  353.89   73.60   29.96     0.0  353.54    0.00    0.00    1.2     20247.977     13.50   47.24000   39.71000  "Undefined"      62.7        0.22  0.00000000
04.04.2019 05:37:27.977   4.99600000   4996.00022   0.55  -32.2   44.4  28.0 12.60  354.2   953.0  354.22   55.76   38.18  1938.4  354.29   64.54   35.73  2921.0  354.55   73.24   31.32    1.2     20247.977     13.50   47.24000   39.71000  "Undefined"      62.7        0.22  0.00000000
04.04.2019 05:37:39.981   4.99600000   4996.00022   0.55  -32.4   44.3  28.0 30.00  357.1     0.0  357.11    0.00    0.00     0.0  357.11    0.00    0.00     0.0  357.11    0.00    0.00    1.2     20259.981     13.50   47.24000   39.71000  "Undefined"      62.9        0.22  0.00000000
04.04.2019 05:37:39.981   4.99600000   4996.00022   0.55  -32.4   44.3  28.0 25.20  355.7     0.0  355.68    0.00    0.00     0.0  355.68    0.00    0.00     0.0  355.68    0.00    0.00    1.2     20259.981     13.50   47.24000   39.71000  "Undefined"      62.9        0.22  0.00000000
04.04.2019 05:37:39.981   4.99600000   4996.00022   0.55  -32.4   44.3  28.0 28.20  356.4     0.0  356.40    0.00    0.00     0.0  356.40    0.00    0.00     0.0  356.40    0.00    0.00    1.2     20259.981     13.50   47.24000   39.71000  "Undefined"      62.9        0.22  0.00000000
04.04.2019 05:37:39.981   4.99600000   4996.00022   0.55  -32.4   44.3  28.0 21.00  354.9  2924.1  353.65   73.17   29.97     0.0  354.95    0.00    0.00     0.0  354.95    0.00    0.00    1.2     20259.981     13.50   47.24000   39.71000  "Undefined"      62.9        0.22  0.00000000
04.04.2019 05:37:39.981   4.99600000   4996.00022   0.55  -32.4   44.3  28.0 15.60  354.2   783.4  354.21   54.24   38.50  1584.9  354.25   61.39   36.75  2382.5  354.37   68.48   34.10    1.2     20259.981     13.50   47.24000   39.71000  "Undefined"      62.9        0.22  0.00000000
04.04.2019 05:37:39.981   4.99600000   4996.00022   0.55  -32.4   44.3  28.0 10.80  353.5  1082.8  353.53   56.90   37.71  2201.6  353.66   66.84   34.25  3312.5  354.13   76.59   27.06    1.2     20259.981     13.50   47.24000   39.71000  "Undefined"      62.9        0.22  0.00000000
04.04.2019 05:37:49.849   4.99600000   4996.00063   0.07  -72.5   12.7  28.0 31.20  356.4     0.0  356.41    0.00    0.00     0.0  356.41    0.00    0.00     0.0  356.41    0.00    0.00    1.8     20269.849     13.50   47.24000   39.71000  "Undefined"       0.0        0.63  0.00000000
04.04.2019 05:38:00.430   4.99600000   4996.00009   0.11  -67.0   16.0  28.0 25.80  356.4     0.0  356.40    0.00    0.00     0.0  356.40    0.00    0.00     0.0  356.40    0.00    0.00    1.5     20280.430     13.50   47.24000   39.71000  "Undefined"       0.0        0.09  0.00000000
04.04.2019 05:38:10.275   4.99600000   4996.00021   0.07  -70.5   14.7  28.0 33.00  357.8     0.0  357.83    0.00    0.00     0.0  357.83    0.00    0.00     0.0  357.83    0.00    0.00    1.3     20290.275     13.50   47.24000   39.71000  "Undefined"       0.0        0.21  0.00000000
04.04.2019 05:38:20.114   4.99600000   4996.00019   0.07  -67.7   17.5  28.0 19.20  353.5   644.8  353.53   53.00   38.63  1299.2  353.56   58.83   37.20  1953.2  353.64   64.64   35.23    1.3     20300.114     13.50   47.24000   39.71000  "Undefined"       0.0        0.19  0.00000000
04.04.2019 05:38:20.114   4.99600000   4996.00019   0.07  -67.7   17.5  28.0 22.20  354.2     0.0  354.23    0.00    0.00     0.0  354.23    0.00    0.00     0.0  354.23    0.00    0.00    1.3     20300.114     13.50   47.24000   39.71000  "Undefined"       0.0        0.19  0.00000000
04.04.2019 05:38:31.075   4.99600000   4996.00028   0.07  -70.0   15.3  28.0 21.60  354.9  3105.6  353.66   74.74   28.38     0.0  354.95    0.00    0.00     0.0  354.95    0.00    0.00    1.2     20311.075     13.50   47.24000   39.71000  "Undefined"       0.0        0.28  0.00000000
04.04.2019 05:38:31.075   4.99600000   4996.00028   0.07  -70.0   15.3  28.0 25.80  355.7     0.0  355.69    0.00    0.00     0.0  355.69    0.00    0.00     0.0  355.69    0.00    0.00    1.2     20311.075     13.50   47.24000   39.71000  "Undefined"       0.0        0.28  0.00000000
04.04.2019 05:38:31.075   4.99600000   4996.00028   0.07  -70.0   15.3  28.0 30.60  357.1     0.0  357.12    0.00    0.00     0.0  357.12    0.00    0.00     0.0  357.12    0.00    0.00    1.2     20311.075     13.50   47.24000   39.71000  "Undefined"       0.0        0.28  0.00000000
04.04.2019 05:38:31.075   4.99600000   4996.00028   0.07  -70.0   15.3  28.0  6.00  352.8  1671.5  352.88   62.11   35.77  2968.8  353.23   73.51   28.95     0.0  352.82    0.00    0.00    1.2     20311.075     13.50   47.24000   39.71000  "Undefined"       0.0        0.28  0.00000000
04.04.2019 05:38:31.075   4.99600000   4996.00028   0.07  -70.0   15.3  28.0 11.40  353.5  1036.8  353.51   56.49   37.81  2109.5  353.63   66.02   34.62  3174.1  354.03   75.39   28.35    1.2     20311.075     13.50   47.24000   39.71000  "Undefined"       0.0        0.28  0.00000000
04.04.2019 05:38:40.929   4.99600000   4995.99996   0.11  -63.1   19.9  28.0 19.80  354.2   629.2  354.24   52.87   38.77  1265.9  354.25   58.55   37.54  1903.2  354.31   64.23   35.86    1.2     20320.929     13.50   47.24000   39.71000  "Undefined"       0.0       -0.04  0.00000000
04.04.2019 05:38:51.507   4.99600000   4995.99933   0.62  -35.1   40.5  28.0 28.80  357.1     0.0  357.11    0.00    0.00     0.0  357.11    0.00    0.00     0.0  357.11    0.00    0.00    1.2     20331.507     13.50   47.24000   39.71000  "Undefined"       0.0       -0.67  0.00000000
04.04.2019 05:38:51.507   4.99600000   4995.99933   0.62  -35.1   40.5  28.0 27.00  356.4     0.0  356.40    0.00    0.00     0.0  356.40    0.00    0.00     0.0  356.40    0.00    0.00    1.2     20331.507     13.50   47.24000   39.71000  "Undefined"       0.0       -0.67  0.00000000
04.04.2019 05:38:51.507   4.99600000   4995.99933   0.62  -35.1   40.5  28.0 24.60  355.7     0.0  355.68    0.00    0.00     0.0  355.68    0.00    0.00     0.0  355.68    0.00    0.00    1.2     20331.507     13.50   47.24000   39.71000  "Undefined"       0.0       -0.67  0.00000000
04.04.2019 05:38:51.507   4.99600000   4995.99933   0.62  -35.1   40.5  28.0 12.60  353.5   953.0  353.51   55.75   37.99  1937.2  353.60   64.50   35.26  2913.6  353.89   73.11   30.40    1.1     20331.507     13.50   47.24000   39.71000  "Undefined"       0.0       -0.67  0.00000000
04.04.2019 05:38:51.507   4.99600000   4995.99933   0.62  -35.1   40.5  28.0  7.80  352.8  1567.9  352.83   61.19   36.09  2952.7  353.23   73.37   29.09     0.0  352.81    0.00    0.00    1.1     20331.507     13.50   47.24000   39.71000  "Undefined"       0.0       -0.67  0.00000000
04.04.2019 05:39:01.377   4.99600000   4995.99997   0.62  -33.6   42.0  28.0  9.60  352.8  1185.6  352.85   57.80   37.23  2396.1  353.06   68.50   32.75  3582.7  353.78   78.82   22.39    1.1     20341.377     13.50   47.24000   39.71000  "Undefined"       0.0       -0.03  0.00000000
04.04.2019 05:39:01.377   4.99600000   4995.99997   0.62  -33.6   42.0  28.0 12.00  353.5   993.5  353.51   56.11   37.91  2021.1  353.61   65.24   34.96  3040.2  353.95   74.22   29.46    1.1     20341.377     13.50   47.24000   39.71000  "Undefined"       0.0       -0.03  0.00000000
04.04.2019 05:39:11.239   4.99600000   4996.00025   0.62  -28.5   47.0  28.0 21.60  354.9  3105.5  353.66   74.74   28.38     0.0  354.95    0.00    0.00     0.0  354.95    0.00    0.00    1.2     20351.239     13.50   47.24000   39.71000  "Undefined"       0.0        0.25  0.00000000
04.04.2019 05:39:11.239   4.99600000   4996.00025   0.62  -28.5   47.0  28.0 25.80  355.7     0.0  355.69    0.00    0.00     0.0  355.69    0.00    0.00     0.0  355.69    0.00    0.00    1.2     20351.239     13.50   47.24000   39.71000  "Undefined"       0.0        0.25  0.00000000
04.04.2019 05:39:11.239   4.99600000   4996.00025   0.62  -28.5   47.0  28.0 28.20  356.4     0.0  356.41    0.00    0.00     0.0  356.41    0.00    0.00     0.0  356.41    0.00    0.00    1.2     20351.239     13.50   47.24000   39.71000  "Undefined"       0.0        0.25  0.00000000
04.04.2019 05:39:11.239   4.99600000   4996.00025   0.62  -28.5   47.0  28.0 30.00  357.1     0.0  357.12    0.00    0.00     0.0  357.12    0.00    0.00     0.0  357.12    0.00    0.00    1.2     20351.239     13.50   47.24000   39.71000  "Undefined"       0.0        0.25  0.00000000
04.04.2019 05:39:11.239   4.99600000   4996.00025   0.62  -28.5   47.0  28.0 12.60  353.5   952.9  353.51   55.75   37.99  1937.2  353.60   64.50   35.26  2913.6  353.89   73.11   30.40    1.1     20351.239     13.50   47.24000   39.71000  "Undefined"       0.0        0.25  0.00000000
04.04.2019 05:39:11.239   4.99600000   4996.00025   0.62  -28.5   47.0  28.0  8.40  352.8  1314.9  352.84   58.95   36.87  2631.2  353.13   70.57   31.41  3905.9  354.22   81.56   16.47    1.1     20351.239     13.50   47.24000   39.71000  "Undefined"       0.0        0.25  0.00000000
04.04.2019 05:39:21.100   4.99600000   4996.00101   0.44  -36.9   40.1  28.0 24.00  355.7     0.0  355.67    0.00    0.00     0.0  355.67    0.00    0.00     0.0  355.67    0.00    0.00    1.2     20361.100     13.50   47.24000   39.71000  "Undefined"       0.0        1.01  0.00000000
04.04.2019 05:39:21.100   4.99600000   4996.00101   0.44  -36.9   40.1  28.0 27.00  356.4     0.0  356.40    0.00    0.00     0.0  356.40    0.00    0.00     0.0  356.40    0.00    0.00    1.2     20361.100     13.50   47.24000   39.71000  "Undefined"       0.0        1.01  0.00000000
04.04.2019 05:39:21.100   4.99600000   4996.00101   0.44  -36.9   40.1  28.0 30.60  357.8     0.0  357.83    0.00    0.00     0.0  357.83    0.00    0.00     0.0  357.83    0.00    0.00    1.2     20361.100     13.50   47.24000   39.71000  "Undefined"       0.0        1.01  0.00000000
04.04.2019 05:39:21.100   4.99600000   4996.00101   0.44  -36.9   40.1  28.0 29.40  357.1     0.0  357.13    0.00    0.00     0.0  357.13    0.00    0.00     0.0  357.13    0.00    0.00    1.2     20361.100     13.50   47.24000   39.71000  "Undefined"       0.0        1.01  0.00000000
04.04.2019 05:39:21.100   4.99600000   4996.00101   0.44  -36.9   40.1  28.0 12.00  353.5   993.5  353.51   56.11   37.91  2021.0  353.61   65.24   34.96  3040.1  353.95   74.21   29.46    1.1     20361.100     13.50   47.24000   39.71000  "Undefined"       0.0        1.01  0.00000000
04.04.2019 05:39:21.100   4.99600000   4996.00101   0.44  -36.9   40.1  28.0  7.20  352.8  1424.9  352.86   59.92   36.56  3037.5  353.37   74.12   28.55     0.0  352.81    0.00    0.00    1.1     20361.100     13.50   47.24000   39.71000  "Undefined"       0.0        1.01  0.00000000
04.04.2019 05:39:32.055   4.99600000   4996.00032   0.62  -34.3   41.2  28.0 12.00  353.5   993.6  353.51   56.11   37.90  2021.1  353.61   65.24   34.95  3040.2  353.95   74.22   29.45    1.1     20372.055     13.50   47.24000   39.71000  "Undefined"       0.0        0.32  0.00000000
04.04.2019 05:39:32.055   4.99600000   4996.00032   0.62  -34.3   41.2  28.0  9.60  352.8  1185.9  352.84   57.80   37.23  2396.6  353.05   68.51   32.74  3583.1  353.77   78.82   22.36    1.1     20372.055     13.50   47.24000   39.71000  "Undefined"       0.0        0.32  0.00000000
04.04.2019 05:39:41.906   4.99600000   4995.99953   0.58  -34.6   41.3  28.0 25.20  355.7     0.0  355.68    0.00    0.00     0.0  355.68    0.00    0.00     0.0  355.68    0.00    0.00    1.2     20381.906     13.50   47.24000   39.71000  "Undefined"       0.0       -0.47  0.00000000
04.04.2019 05:39:41.906   4.99600000   4995.99953   0.58  -34.6   41.3  28.0 21.60  355.0  3101.5  353.66   74.71   28.42     0.0  354.95    0.00    0.00     0.0  354.95    0.00    0.00    1.2     20381.906     13.50   47.24000   39.71000  "Undefined"       0.0       -0.47  0.00000000
04.04.2019 05:39:41.906   4.99600000   4995.99953   0.58  -34.6   41.3  28.0 28.20  356.4     0.0  356.41    0.00    0.00     0.0  356.41    0.00    0.00     0.0  356.41    0.00    0.00    1.2     20381.906     13.50   47.24000   39.71000  "Undefined"       0.0       -0.47  0.00000000
04.04.2019 05:39:41.906   4.99600000   4995.99953   0.58  -34.6   41.3  28.0 30.00  357.1     0.0  357.12    0.00    0.00     0.0  357.12    0.00    0.00     0.0  357.12    0.00    0.00    1.2     20381.906     13.50   47.24000   39.71000  "Undefined"       0.0       -0.47  0.00000000
04.04.2019 05:39:41.906   4.99600000   4995.99953   0.58  -34.6   41.3  28.0 16.80  354.2   729.9  354.22   53.77   38.59  1474.6  354.24   60.41   37.04  2215.9  354.33   67.00   34.77    1.2     20381.906     13.50   47.24000   39.71000  "Undefined"       0.0       -0.47  0.00000000
04.04.2019 05:39:41.906   4.99600000   4995.99953   0.58  -34.6   41.3  28.0  8.40  352.8  1315.1  352.86   58.95   36.88  2631.8  353.14   70.57   31.42  3907.9  354.24   81.58   16.46    1.2     20381.906     13.50   47.24000   39.71000  "Undefined"       0.0       -0.47  0.00000000
04.04.2019 05:39:41.906   4.99600000   4995.99953   0.58  -34.6   41.3  28.0 12.60  353.5   952.9  353.52   55.75   38.00  1937.2  353.61   64.50   35.27  2913.7  353.90   73.11   30.42    1.1     20381.906     13.50   47.24000   39.71000  "Undefined"       0.0       -0.47  0.00000000
04.04.2019 05:39:52.507   4.99600000   4995.99998   0.62  -40.6   34.9  28.0  9.60  352.8  1185.9  352.84   57.80   37.23  2396.7  353.05   68.51   32.74  3583.3  353.77   78.82   22.35    1.2     20392.507     13.50   47.24000   39.71000  "Undefined"       0.0       -0.02  0.00000000
04.04.2019 05:40:02.380   4.99600000   4995.99972   0.58  -41.0   34.8  28.0 24.00  354.2     0.0  354.24    0.00    0.00     0.0  354.24    0.00    0.00     0.0  354.24    0.00    0.00    1.3     20402.380     13.50   47.24000   39.71000  "Undefined"       0.0       -0.28  0.00000000
04.04.2019 05:40:13.301   4.99600000   4996.00068   0.58  -43.7   32.1  28.0 28.20  357.1     0.0  357.12    0.00    0.00     0.0  357.12    0.00    0.00     0.0  357.12    0.00    0.00    1.4     20413.301     13.50   47.24000   39.71000  "Undefined"       0.0        0.68  0.00000000
04.04.2019 05:40:23.132   4.99600000   4996.00147   0.62  -45.4   30.1  28.0 12.60  354.2   953.0  354.20   55.76   38.18  1938.3  354.27   64.54   35.72  2920.9  354.53   73.24   31.30    1.2     20423.132     13.50   47.24000   39.71000  "Undefined"       0.0        1.47  0.00000000
04.04.2019 05:40:23.132   4.99600000   4996.00147   0.62  -45.4   30.1  28.0 10.80  353.5  1082.8  353.56   56.90   37.72     0.0  353.55    0.00    0.00     0.0  353.55    0.00    0.00    1.2     20423.132     13.50   47.24000   39.71000  "Undefined"       0.0        1.47  0.00000000
04.04.2019 05:40:33.020   4.99600000   4996.00048   0.11  -68.2   14.8  28.0 25.20  356.4     0.0  356.40    0.00    0.00     0.0  356.40    0.00    0.00     0.0  356.40    0.00    0.00    1.4     20433.020     13.50   47.24000   39.71000  "Undefined"       0.0        0.48  0.00000000
04.04.2019 05:40:43.930   4.99600000   4996.00087   0.11  -67.5   15.5  28.0 25.80  354.9     0.0  354.95    0.00    0.00     0.0  354.95    0.00    0.00     0.0  354.95    0.00    0.00    1.3     20443.930     13.50   47.24000   39.71000  "Undefined"       0.0        0.87  0.00000000
04.04.2019 05:40:54.503   4.99600000   4996.00017   0.62  -43.2   32.4  28.0 23.40  354.2     0.0  354.24    0.00    0.00     0.0  354.24    0.00    0.00     0.0  354.24    0.00    0.00    1.3     20454.503     13.50   47.24000   39.71000  "Undefined"       0.0        0.17  0.00000000
04.04.2019 05:40:54.503   4.99600000   4996.00017   0.62  -43.2   32.4  28.0 31.20  356.4     0.0  356.39    0.00    0.00     0.0  356.39    0.00    0.00     0.0  356.39    0.00    0.00    1.3     20454.503     13.50   47.24000   39.71000  "Undefined"       0.0        0.17  0.00000000
04.04.2019 05:40:54.503   4.99600000   4996.00017   0.62  -43.2   32.4  28.0  8.40  352.8  1314.9  352.81   58.94   36.86  2630.5  353.10   70.56   31.38  3903.2  354.19   81.53   16.43    1.2     20454.503     13.50   47.24000   39.71000  "Undefined"       0.0        0.17  0.00000000
04.04.2019 05:41:05.444   4.99600000   4996.00203   0.62  -39.7   35.8  28.0 23.40  354.2     0.0  354.23    0.00    0.00     0.0  354.23    0.00    0.00     0.0  354.23    0.00    0.00    1.2     20465.444     13.50   47.24000   39.71000  "Undefined"       0.0        2.03  0.00000000
04.04.2019 05:41:05.444   4.99600000   4996.00203   0.62  -39.7   35.8  28.0 33.00  356.4     0.0  356.39    0.00    0.00     0.0  356.39    0.00    0.00     0.0  356.39    0.00    0.00    1.2     20465.444     13.50   47.24000   39.71000  "Undefined"       0.0        2.03  0.00000000
04.04.2019 05:41:05.444   4.99600000   4996.00203   0.62  -39.7   35.8  28.0 31.20  355.7     0.0  355.69    0.00    0.00     0.0  355.69    0.00    0.00     0.0  355.69    0.00    0.00    1.2     20465.444     13.50   47.24000   39.71000  "Undefined"       0.0        2.03  0.00000000
04.04.2019 05:41:05.444   4.99600000   4996.00203   0.62  -39.7   35.8  28.0 12.00  352.8   993.4  352.82   56.09   37.71  2019.5  352.94   65.19   34.47  3032.8  353.31   74.07   28.50    1.2     20465.444     13.50   47.24000   39.71000  "Undefined"       0.0        2.03  0.00000000
04.04.2019 05:41:15.303   4.99600000   4996.00071   0.62  -40.5   35.1  28.0 36.60  355.0     0.0  354.96    0.00    0.00     0.0  354.96    0.00    0.00     0.0  354.96    0.00    0.00    1.4     20475.303     13.50   47.24000   39.71000  "Undefined"       0.0        0.71  0.00000000
04.04.2019 05:41:15.303   4.99600000   4996.00071   0.62  -40.5   35.1  28.0  5.40  352.8  1977.6  352.88   64.81   34.60  3248.5  353.31   75.92   26.19     0.0  352.78    0.00    0.00    1.2     20475.303     13.50   47.24000   39.71000  "Undefined"       0.0        0.71  0.00000000
04.04.2019 05:41:25.142   4.99600000   4996.00023   0.62  -37.4   38.1  28.0 32.40  353.5     0.0  353.53    0.00    0.00     0.0  353.53    0.00    0.00     0.0  353.53    0.00    0.00    1.2     20485.142     13.50   47.24000   39.71000  "Undefined"       0.0        0.23  0.00000000
04.04.2019 05:41:34.984   4.99600000   4996.00060   0.07  -69.6   15.7  28.0 38.40  351.3     0.0  351.35    0.00    0.00     0.0  351.35    0.00    0.00     0.0  351.35    0.00    0.00    1.3     20494.984     13.50   47.24000   39.71000  "Undefined"       0.0        0.60  0.00000000
04.04.2019 05:41:44.842   4.99600000   4996.00068   0.11  -48.5   34.5  28.0 37.80  350.6     0.0  350.63    0.00    0.00     0.0  350.63    0.00    0.00     0.0  350.63    0.00    0.00    1.3     20504.842     13.50   47.24000   39.71000  "Undefined"       0.0        0.68  0.00000000
04.04.2019 05:41:44.842   4.99600000   4996.00068   0.11  -48.5   34.5  28.0 12.00  354.2   993.5  354.24   56.12   38.11  2022.7  354.32   65.29   35.47  3049.8  354.62   74.38   30.48    1.2     20504.842     13.50   47.24000   39.71000  "Undefined"       0.0        0.68  0.00000000
04.04.2019 05:41:55.454   4.99600000   4996.00030   0.53  -48.1   28.1  28.0 35.40  352.1     0.0  352.07    0.00    0.00     0.0  352.07    0.00    0.00     0.0  352.07    0.00    0.00    1.3     20515.454     13.50   47.24000   39.71000  "Undefined"       0.0        0.30  0.00000000
04.04.2019 05:42:16.223   4.99600000   4996.00147   0.62  -47.8   27.7  28.0 40.80  347.8     0.0  347.76    0.00    0.00     0.0  347.76    0.00    0.00     0.0  347.76    0.00    0.00    1.6     20536.223     13.50   47.24000   39.71000  "Undefined"       0.0        1.47  0.00000000
04.04.2019 05:42:16.223   4.99600000   4996.00147   0.62  -47.8   27.7  28.0 18.60  355.0   663.3  354.95   53.18   38.84  1337.6  354.96   59.21   37.66  2011.0  355.00   65.22   36.01    1.4     20536.223     13.50   47.24000   39.71000  "Undefined"       0.0        1.47  0.00000000
04.04.2019 05:42:35.925   4.99600000   4996.00047   0.07  -74.3   10.9  28.0 26.40  354.2     0.0  354.24    0.00    0.00     0.0  354.24    0.00    0.00     0.0  354.24    0.00    0.00    1.3     20555.925     13.50   47.24000   39.71000  "Undefined"       0.0        0.47  0.00000000
04.04.2019 05:42:56.319   4.99600000   4995.99965   0.62  -46.7   28.8  28.0 24.00  355.7     0.0  355.68    0.00    0.00     0.0  355.68    0.00    0.00     0.0  355.68    0.00    0.00    1.5     20576.319     13.50   47.24000   39.71000  "Undefined"       0.0       -0.35  0.00000000
04.04.2019 05:43:06.174   4.99600000   4996.00083   0.62  -44.4   31.1  28.0 29.39  355.0     0.0  354.96    0.00    0.00     0.0  354.96    0.00    0.00     0.0  354.96    0.00    0.00    1.2     20586.174     13.50   47.24000   39.71000  "Undefined"       0.0        0.83  0.00000000
04.04.2019 05:43:16.008   4.99600000   4996.00091   0.07  -75.6    9.7  28.0 30.60  355.0     0.0  354.96    0.00    0.00     0.0  354.96    0.00    0.00     0.0  354.96    0.00    0.00    1.3     20596.008     13.50   47.24000   39.71000  "Undefined"       0.0        0.91  0.00000000
04.04.2019 05:43:36.764   4.99600000   4995.99894   0.60  -43.7   31.9  28.0 13.80  354.2   878.5  354.23   55.09   38.32  1783.1  354.28   63.16   36.21  2684.7  354.47   71.16   32.70    1.2     20616.764     13.50   47.24000   39.71000  "Undefined"       0.0       -1.06  0.00000000
04.04.2019 05:43:57.185   4.99600000   4995.99887   0.62  -45.5   30.1  28.0 10.80  353.5  1082.8  353.54   56.90   37.71     0.0  353.54    0.00    0.00     0.0  353.54    0.00    0.00    1.3     20637.185     13.50   47.24000   39.71000  "Undefined"       0.0       -1.13  0.00000000
04.04.2019 05:43:57.185   4.99600000   4995.99887   0.62  -45.5   30.1  28.0 33.60  353.5     0.0  353.53    0.00    0.00     0.0  353.53    0.00    0.00     0.0  353.53    0.00    0.00    1.3     20637.185     13.50   47.24000   39.71000  "Undefined"       0.0       -1.13  0.00000000
04.04.2019 05:44:07.036   4.99600000   4996.00055   0.07  -72.7   12.5  28.0 13.80  353.5   878.4  353.52   55.08   38.16  1782.3  353.59   63.12   35.80  2680.2  353.81   71.06   31.91    1.2     20647.036     13.50   47.24000   39.71000  "Undefined"       0.0        0.55  0.00000000
04.04.2019 05:44:16.899   4.99600000   4995.99986   0.07  -71.5   13.8  28.0 14.40  353.5   844.6  353.54   54.78   38.23  1711.8  353.60   62.50   36.04  2573.9  353.79   70.13   32.53    1.3     20656.899     13.50   47.24000   39.71000  "Undefined"       0.0       -0.14  0.00000000
04.04.2019 05:44:38.364   4.99600000   4996.00085   0.62  -41.9   33.6  28.0 39.00  350.6     0.0  350.64    0.00    0.00     0.0  350.64    0.00    0.00     0.0  350.64    0.00    0.00    1.6     20678.364     13.50   47.24000   39.71000  "Undefined"       0.0        0.85  0.00000000
04.04.2019 05:44:38.364   4.99600000   4996.00085   0.62  -41.9   33.6  28.0 18.00  353.5   683.7  353.55   53.34   38.55  1379.5  353.58   59.54   36.99  2073.0  353.67   65.70   34.79    1.2     20678.364     13.50   47.24000   39.71000  "Undefined"       0.0        0.85  0.00000000
04.04.2019 05:44:48.288   4.99600000   4996.00112   0.09  -71.3   12.6  28.0 31.20  353.5     0.0  353.53    0.00    0.00     0.0  353.53    0.00    0.00     0.0  353.53    0.00    0.00    1.3     20688.288     13.50   47.24000   39.71000  "Undefined"       0.0        1.12  0.00000000
04.04.2019 05:44:59.197   4.99600000   4996.00019   0.24  -45.0   34.6  28.0 34.20  354.2     0.0  354.23    0.00    0.00     0.0  354.23    0.00    0.00     0.0  354.23    0.00    0.00    1.3     20699.197     13.50   47.24000   39.71000  "Undefined"       0.0        0.19  0.00000000
04.04.2019 05:45:18.864   4.99600000   4996.00391   0.62  -60.0   15.5  28.0 18.00  356.4   684.1  356.36   53.38   39.06  1380.6  356.35   59.62   38.16  2076.1  356.37   65.85   36.87    2.0     20718.864     13.50   47.24000   39.71000  "Undefined"       0.0        3.91  0.00000000
04.04.2019 05:45:29.792   4.99600000   4996.00062   0.11  -45.8   37.2  28.0 28.20  355.7     0.0  355.70    0.00    0.00     0.0  355.70    0.00    0.00     0.0  355.70    0.00    0.00    1.2     20729.792     13.50   47.24000   39.71000  "Undefined"       0.0        0.62  0.00000000
04.04.2019 05:45:29.792   4.99600000   4996.00062   0.11  -45.8   37.2  28.0 26.40  356.4     0.0  356.39    0.00    0.00     0.0  356.39    0.00    0.00     0.0  356.39    0.00    0.00    1.2     20729.792     13.50   47.24000   39.71000  "Undefined"       0.0        0.62  0.00000000
04.04.2019 05:45:40.359   4.99600000   4996.00153   0.62  -45.9   29.6  28.0 32.40  354.2     0.0  354.24    0.00    0.00     0.0  354.24    0.00    0.00     0.0  354.24    0.00    0.00    1.2     20740.359     13.50   47.24000   39.71000  "Undefined"       0.0        1.53  0.00000000
04.04.2019 05:45:50.204   4.99600000   4996.00059   0.38  -46.0   31.7  28.0 33.00  354.2     0.0  354.24    0.00    0.00     0.0  354.24    0.00    0.00     0.0  354.24    0.00    0.00    1.4     20750.204     13.50   47.24000   39.71000  "Undefined"       0.0        0.59  0.00000000
04.04.2019 05:46:01.136   4.99600000   4996.00009   0.62  -42.3   33.2  28.0 16.20  354.9   755.9  354.93   54.01   38.69  1528.5  354.95   60.91   37.24  2298.0  355.03   67.77   35.07    1.3     20761.136     13.50   47.24000   39.71000  "Undefined"       0.0        0.09  0.00000000
04.04.2019 05:46:12.067   4.99600000   4995.97729   0.49  -71.6    4.9  28.0 13.20  352.8   914.6  352.81   55.39   37.90  1856.9  352.91   63.75   35.11  2788.8  353.19   71.94   30.38    1.7     20772.067     13.50   47.24000   39.71000  "Undefined"       0.0      -22.71  0.00000000
04.04.2019 05:46:21.921   4.99600000   4996.00009   0.07  -72.7   12.5  28.0 28.80  353.5     0.0  353.54    0.00    0.00     0.0  353.54    0.00    0.00     0.0  353.54    0.00    0.00    1.3     20781.921     13.50   47.24000   39.71000  "Undefined"       0.0        0.09  0.00000000
04.04.2019 05:46:21.921   4.99600000   4996.00009   0.07  -72.7   12.5  28.0 31.20  354.2     0.0  354.23    0.00    0.00     0.0  354.23    0.00    0.00     0.0  354.23    0.00    0.00    1.3     20781.921     13.50   47.24000   39.71000  "Undefined"       0.0        0.09  0.00000000
04.04.2019 05:46:21.921   4.99600000   4996.00009   0.07  -72.7   12.5  28.0  7.20  352.8  1424.8  352.82   59.92   36.54  3031.1  353.33   74.06   28.54     0.0  352.77    0.00    0.00    1.2     20781.921     13.50   47.24000   39.71000  "Undefined"       0.0        0.09  0.00000000
04.04.2019 05:46:32.889   4.99600000   4996.00008   0.07  -69.9   15.4  28.0 12.60  354.2   952.9  354.22   55.76   38.18  1938.3  354.29   64.54   35.74  2920.9  354.55   73.24   31.32    1.3     20792.889     13.50   47.24000   39.71000  "Undefined"       0.0        0.08  0.00000000
04.04.2019 05:46:44.533   4.99600000   4996.00091   0.62  -43.7   31.9  28.0 17.40  353.5   705.8  353.54   53.54   38.51  1425.0  353.58   59.95   36.87  2141.1  353.67   66.30   34.52    1.2     20804.533     13.50   47.24000   39.71000  "Undefined"       0.0        0.91  0.00000000
04.04.2019 05:46:55.442   4.99600000   4996.00038   0.44  -50.0   27.0  28.0 33.60  354.2     0.0  354.22    0.00    0.00     0.0  354.22    0.00    0.00     0.0  354.22    0.00    0.00    1.3     20815.442     13.50   47.24000   39.71000  "Undefined"       0.0        0.38  0.00000000
04.04.2019 05:47:06.367   4.99600000   4996.00005   0.62  -47.4   28.1  28.0 25.80  355.0     0.0  354.96    0.00    0.00     0.0  354.96    0.00    0.00     0.0  354.96    0.00    0.00    1.3     20826.367     13.50   47.24000   39.71000  "Undefined"       0.0        0.05  0.00000000
04.04.2019 05:47:17.288   4.99600000   4996.00027   0.11  -52.5   30.5  28.0 29.40  358.6     0.0  358.56    0.00    0.00     0.0  358.56    0.00    0.00     0.0  358.56    0.00    0.00    1.9     20837.288     13.50   47.24000   39.71000  "Undefined"       0.0        0.27  0.00000000
04.04.2019 05:47:27.142   4.99600000   4995.99998   0.13  -51.1   31.1  28.0 28.80  355.7     0.0  355.69    0.00    0.00     0.0  355.69    0.00    0.00     0.0  355.69    0.00    0.00    1.3     20847.142     13.50   47.24000   39.71000  "Undefined"       0.0       -0.02  0.00000000
04.04.2019 05:47:38.061   4.99600000   4995.99972   0.07  -77.4    7.8  28.0 25.20  356.4     0.0  356.39    0.00    0.00     0.0  356.39    0.00    0.00     0.0  356.39    0.00    0.00    1.7     20858.061     13.50   47.24000   39.71000  "Undefined"       0.0       -0.28  0.00000000
04.04.2019 05:47:58.496   4.99600000   4995.99895   0.62  -47.0   26.5  28.0 19.20  353.5   644.8  353.54   53.00   38.63  1299.3  353.56   58.83   37.20  1953.2  353.64   64.64   35.23    1.4     20878.496     13.50   47.24000   39.71000  "Undefined"       0.0       -1.05  0.00000000
04.04.2019 05:48:08.343   4.99600000   4996.00025   0.62  -48.5   27.0  28.0 19.20  354.2   644.9  354.23   53.01   38.74  1299.4  354.24   58.85   37.46  1953.6  354.30   64.68   35.69    1.4     20888.343     13.50   47.24000   39.71000  "Undefined"       0.0        0.25  0.00000000
04.04.2019 05:48:18.203   4.99600000   4996.00043   0.46  -49.6   27.2  28.0 21.00  355.7  2908.9  354.23   73.10   30.93     0.0  355.67    0.00    0.00     0.0  355.67    0.00    0.00    1.2     20898.203     13.50   47.24000   39.71000  "Undefined"       0.0        0.43  0.00000000
04.04.2019 05:48:28.055   4.99600000   4996.00168   0.07  -80.5    4.7  28.0 23.40  354.2     0.0  354.25    0.00    0.00     0.0  354.25    0.00    0.00     0.0  354.25    0.00    0.00    1.3     20908.055     13.50   47.24000   39.71000  "Undefined"       0.0        1.68  0.00000000
04.04.2019 05:48:38.642   4.99600000   4995.99908   0.62  -51.2   24.3  28.0 28.20  353.5     0.0  353.52    0.00    0.00     0.0  353.52    0.00    0.00     0.0  353.52    0.00    0.00    1.6     20918.642     13.50   47.24000   39.71000  "Undefined"       0.0       -0.92  0.00000000
04.04.2019 05:48:49.223   4.99600000   4996.00059   0.62  -46.7   28.9  28.0 19.80  354.2   629.2  354.24   52.87   38.77  1265.9  354.26   58.55   37.54  1903.3  354.31   64.23   35.86    1.2     20929.223     13.50   47.24000   39.71000  "Undefined"       0.0        0.59  0.00000000
04.04.2019 05:48:59.078   4.99600000   4995.99535   0.62  -56.4   19.1  28.0 19.20  353.5   644.8  353.53   53.00   38.63  1299.3  353.56   58.83   37.19  1953.2  353.63   64.64   35.23    1.7     20939.078     13.50   47.24000   39.71000  "Undefined"       0.0       -4.65  0.00000000
04.04.2019 05:49:30.425   4.99600000   4996.00028   0.24  -47.9   31.7  28.0 19.80  353.5   629.1  353.54   52.86   38.66  1265.6  353.56   58.53   37.28  1902.7  353.63   64.19   35.41    1.2     20970.425     13.50   47.24000   39.71000  "Undefined"       0.0        0.28  0.00000000
04.04.2019 05:49:40.335   4.99600000   4996.00016   0.27  -49.0   30.3  28.0 12.60  353.5   952.9  353.52   55.75   38.00  1937.2  353.61   64.50   35.27  2913.7  353.90   73.11   30.41    1.4     20980.335     13.50   47.24000   39.71000  "Undefined"       0.0        0.16  0.00000000
04.04.2019 05:49:51.231   4.99600000   4996.00003   0.27  -40.2   39.0  28.0 16.80  353.5   729.7  353.50   53.76   38.46  1474.1  353.54   60.38   36.72  2214.5  353.65   66.95   34.19    1.2     20991.231     13.50   47.24000   39.71000  "Undefined"       0.0        0.03  0.00000000
04.04.2019 05:50:01.082   4.99600000   4996.00208   0.62  -33.8   33.8  28.0 10.20  352.8  1132.2  352.84   57.32   37.37  2295.0  353.02   67.61   33.25  3438.3  353.63   77.58   24.33    1.2     21001.082     13.50   47.24000   39.71000  "Undefined"       0.0        2.08  0.00000000
04.04.2019 05:50:10.938   4.99600000   4996.00032   0.62  -32.4   35.2  28.0 30.00  352.8     0.0  352.80    0.00    0.00     0.0  352.80    0.00    0.00     0.0  352.80    0.00    0.00    1.2     21010.938     13.50   47.24000   39.71000  "Undefined"       0.0        0.32  0.00000000
04.04.2019 05:50:21.510   4.99600000   4996.00406   0.62  -44.2   29.3  28.0  7.20  353.5  1428.2  353.52   59.98   36.84  3199.6  354.11   75.62   28.24     0.0  353.50    0.00    0.00    1.2     21021.510     13.50   47.24000   39.71000  "Undefined"       0.0        4.06  0.00000000
04.04.2019 05:50:31.379   4.99600000   4996.00089   0.62  -30.3   37.2  28.0 26.40  353.5  1722.7  352.14   62.52   35.17     0.0  353.50    0.00    0.00     0.0  353.50    0.00    0.00    1.2     21031.379     13.50   47.24000   39.71000  "Undefined"       0.0        0.89  0.00000000
04.04.2019 05:50:41.246   4.99600000   4996.00138   0.62  -35.8   35.8  28.0 19.80  354.2   631.1  354.20   52.88   38.76  1272.3  354.20   58.61   37.50  1913.9  354.24   64.32   35.78    1.1     21041.246     13.50   47.24000   39.71000  "Undefined"       0.0        1.38  0.00000000
04.04.2019 05:50:51.091   4.99600000   4996.00173   0.62  -32.1   43.5  28.0 20.40  353.5   613.9  353.49   52.72   38.68  1236.3  353.50   58.27   37.33  1860.0  353.55   63.81   35.51    1.2     21051.091     13.50   47.24000   39.71000  "Undefined"       0.0        1.73  0.00000000
04.04.2019 05:50:51.091   4.99600000   4996.00173   0.62  -32.1   43.5  28.0 28.80  353.5     0.0  353.50    0.00    0.00     0.0  353.50    0.00    0.00     0.0  353.50    0.00    0.00    1.2     21051.091     13.50   47.24000   39.71000  "Undefined"       0.0        1.73  0.00000000
04.04.2019 05:51:00.948   4.99600000   4996.00173   0.62  -36.2   39.4  28.0 30.00  352.8     0.0  352.79    0.00    0.00     0.0  352.79    0.00    0.00     0.0  352.79    0.00    0.00    1.2     21060.948     13.50   47.24000   39.71000  "Undefined"       0.0        1.73  0.00000000
04.04.2019 05:51:00.948   4.99600000   4996.00173   0.62  -36.2   39.4  28.0 13.20  353.5   953.6  353.48   55.75   37.99  1940.2  353.54   64.52   35.21  2914.2  353.82   73.10   30.29    1.2     21060.948     13.50   47.24000   39.71000  "Undefined"       0.0        1.73  0.00000000
04.04.2019 05:51:11.529   4.99600000   4996.00236   0.62  -39.2   34.3  28.0 28.80  353.5     0.0  353.53    0.00    0.00     0.0  353.53    0.00    0.00     0.0  353.53    0.00    0.00    1.3     21071.529     13.50   47.24000   39.71000  "Undefined"       0.0        2.36  0.00000000
04.04.2019 05:51:21.373   4.99600000   4995.99973   0.62  -35.6   35.9  28.0 32.40  351.4     0.0  351.37    0.00    0.00     0.0  351.37    0.00    0.00     0.0  351.37    0.00    0.00    1.3     21081.373     13.50   47.24000   39.71000  "Undefined"       0.0       -0.27  0.00000000
04.04.2019 05:51:31.224   4.99600000   4996.00162   0.62  -30.3   43.2  28.0 25.20  352.8  1478.8  351.63   60.35   35.83     0.0  352.80    0.00    0.00     0.0  352.80    0.00    0.00    1.2     21091.224     13.50   47.24000   39.71000  "Undefined"       0.0        1.62  0.00000000
04.04.2019 05:51:31.224   4.99600000   4996.00162   0.62  -30.3   43.2  28.0 30.00  352.1     0.0  352.08    0.00    0.00     0.0  352.08    0.00    0.00     0.0  352.08    0.00    0.00    1.2     21091.224     13.50   47.24000   39.71000  "Undefined"       0.0        1.62  0.00000000
04.04.2019 05:51:31.224   4.99600000   4996.00162   0.62  -30.3   43.2  28.0 13.80  354.2   911.2  354.16   55.39   38.25  1853.7  354.20   63.78   35.94  2790.7  354.40   72.08   31.98    1.2     21091.224     13.50   47.24000   39.71000  "Undefined"       0.0        1.62  0.00000000
04.04.2019 05:51:31.224   4.99600000   4996.00162   0.62  -30.3   43.2  28.0 17.40  353.5   716.9  353.51   53.64   38.48  1447.8  353.52   60.15   36.78  2175.2  353.61   66.60   34.33    1.2     21091.224     13.50   47.24000   39.71000  "Undefined"       0.0        1.62  0.00000000
04.04.2019 05:51:42.162   4.99600000   4996.00002   0.62  -36.0   31.5  28.0 18.60  353.5   670.3  353.49   53.23   38.57  1352.5  353.50   59.30   37.03  2033.2  353.57   65.34   34.88    1.4     21102.162     13.50   47.24000   39.71000  "Undefined"       0.0        0.02  0.00000000
04.04.2019 05:51:42.162   4.99600000   4996.00002   0.62  -36.0   31.5  28.0 34.20  350.6     0.0  350.64    0.00    0.00     0.0  350.64    0.00    0.00     0.0  350.64    0.00    0.00    1.2     21102.162     13.50   47.24000   39.71000  "Undefined"       0.0        0.02  0.00000000
04.04.2019 05:51:53.093   4.99600000   4996.00207   0.62  -37.2   38.3  28.0 33.00  352.1     0.0  352.09    0.00    0.00     0.0  352.09    0.00    0.00     0.0  352.09    0.00    0.00    1.2     21113.093     13.50   47.24000   39.71000  "Undefined"       0.0        2.07  0.00000000
04.04.2019 05:52:04.061   4.99600000   4996.00261   0.62  -37.8   35.7  28.0 10.20  352.8     0.0  352.78    0.00    0.00     0.0  352.78    0.00    0.00     0.0  352.78    0.00    0.00    1.2     21124.061     13.50   47.24000   39.71000  "Undefined"       0.0        2.61  0.00000000
04.04.2019 05:52:04.061   4.99600000   4996.00261   0.62  -37.8   35.7  28.0 31.20  352.8     0.0  352.80    0.00    0.00     0.0  352.80    0.00    0.00     0.0  352.80    0.00    0.00    1.1     21124.061     13.50   47.24000   39.71000  "Undefined"       0.0        2.61  0.00000000
04.04.2019 05:52:15.005   4.99600000   4995.99985   0.55  -47.4   26.6  28.0 12.60  354.2  1001.6  354.17   56.19   38.07  2045.4  354.22   65.49   35.32  3081.4  354.53   74.64   30.07    1.5     21135.005     13.50   47.24000   39.71000  "Undefined"       0.0       -0.15  0.00000000
04.04.2019 05:52:24.858   4.99600000   4996.00352   0.62  -34.3   39.3  28.0 29.40  353.5     0.0  353.51    0.00    0.00     0.0  353.51    0.00    0.00     0.0  353.51    0.00    0.00    1.1     21144.858     13.50   47.24000   39.71000  "Undefined"       0.0        3.52  0.00000000
04.04.2019 05:52:35.461   4.99600000   4996.00032   0.62  -34.2   41.3  28.0 27.60  353.5     0.0  353.51    0.00    0.00     0.0  353.51    0.00    0.00     0.0  353.51    0.00    0.00    1.2     21155.461     13.50   47.24000   39.71000  "Undefined"       0.0        0.32  0.00000000
04.04.2019 05:52:35.461   4.99600000   4996.00032   0.62  -34.2   41.3  28.0 30.60  352.8     0.0  352.82    0.00    0.00     0.0  352.82    0.00    0.00     0.0  352.82    0.00    0.00    1.2     21155.461     13.50   47.24000   39.71000  "Undefined"       0.0        0.32  0.00000000
04.04.2019 05:52:35.461   4.99600000   4996.00032   0.62  -34.2   41.3  28.0 13.20  354.2   954.0  354.17   55.77   38.17  1942.7  354.21   64.57   35.66  2923.5  354.45   73.25   31.16    1.2     21155.461     13.50   47.24000   39.71000  "Undefined"       0.0        0.32  0.00000000
04.04.2019 05:52:46.398   4.99600000   4995.99966   0.62  -37.1   38.4  28.0 18.00  353.5   692.8  353.50   53.43   38.53  1398.3  353.52   59.71   36.92  2101.0  353.60   65.94   34.63    1.2     21166.398     13.50   47.24000   39.71000  "Undefined"       0.0       -0.34  0.00000000
04.04.2019 05:52:56.256   4.99600000   4996.00377   0.62  -36.8   34.7  28.0 28.20  355.0     0.0  354.96    0.00    0.00     0.0  354.96    0.00    0.00     0.0  354.96    0.00    0.00    1.2     21176.256     13.50   47.24000   39.71000  "Undefined"       0.0        3.77  0.00000000
04.04.2019 05:53:06.103   4.99600000   4996.00138   0.62  -35.0   40.6  28.0 16.80  353.5   742.9  353.52   53.87   38.43  1501.1  353.54   60.62   36.64  2255.2  353.64   67.31   34.00    1.2     21186.103     13.50   47.24000   39.71000  "Undefined"       0.0        1.38  0.00000000
04.04.2019 05:53:15.976   4.99600000   4995.99856   0.62  -37.5   36.0  28.0 12.00  352.8  1052.3  352.79   56.61   37.56  2141.6  352.90   66.26   33.90  3206.2  353.36   75.56   26.78    1.3     21195.976     13.50   47.24000   39.71000  "Undefined"       0.0       -1.44  0.00000000
04.04.2019 05:53:15.976   4.99600000   4995.99856   0.62  -37.5   36.0  28.0 27.00  353.5     0.0  353.54    0.00    0.00     0.0  353.54    0.00    0.00     0.0  353.54    0.00    0.00    1.3     21195.976     13.50   47.24000   39.71000  "Undefined"       0.0       -1.44  0.00000000
04.04.2019 05:53:15.976   4.99600000   4995.99856   0.62  -37.5   36.0  28.0 29.40  354.2     0.0  354.23    0.00    0.00     0.0  354.23    0.00    0.00     0.0  354.23    0.00    0.00    1.3     21195.976     13.50   47.24000   39.71000  "Undefined"       0.0       -1.44  0.00000000
04.04.2019 05:53:25.833   4.99600000   4996.00260   0.62  -34.7   40.8  28.0 16.80  354.2   743.1  354.21   53.88   38.57  1501.8  354.22   60.65   36.96  2257.2  354.30   67.37   34.57    1.2     21205.833     13.50   47.24000   39.71000  "Undefined"       0.0        2.60  0.00000000
04.04.2019 05:53:37.497   4.99600000   4996.00192   0.62  -40.1   35.5  28.0 27.60  353.5     0.0  353.54    0.00    0.00     0.0  353.54    0.00    0.00     0.0  353.54    0.00    0.00    1.2     21217.497     13.50   47.24000   39.71000  "Undefined"       0.0        1.92  0.00000000
04.04.2019 05:53:47.343   4.99600000   4996.00125   0.62  -37.6   37.9  28.0 29.40  353.5     0.0  353.50    0.00    0.00     0.0  353.50    0.00    0.00     0.0  353.50    0.00    0.00    1.2     21227.343     13.50   47.24000   39.71000  "Undefined"       0.0        1.25  0.00000000
04.04.2019 05:53:47.343   4.99600000   4996.00125   0.62  -37.6   37.9  28.0 32.40  352.8     0.0  352.82    0.00    0.00     0.0  352.82    0.00    0.00     0.0  352.82    0.00    0.00    1.2     21227.343     13.50   47.24000   39.71000  "Undefined"       0.0        1.25  0.00000000
04.04.2019 05:53:47.343   4.99600000   4996.00125   0.62  -37.6   37.9  28.0 15.60  354.2   801.9  354.18   54.41   38.46  1623.7  354.20   61.74   36.62  2441.9  354.32   69.00   33.78    1.2     21227.343     13.50   47.24000   39.71000  "Undefined"       0.0        1.25  0.00000000
04.04.2019 05:53:58.279   4.99600000   4996.00061   0.62  -33.9   41.6  28.0 16.80  353.5   742.9  353.52   53.87   38.43  1501.1  353.54   60.62   36.64  2255.2  353.64   67.31   34.00    1.2     21238.279     13.50   47.24000   39.71000  "Undefined"       0.0        0.61  0.00000000
04.04.2019 05:53:58.279   4.99600000   4996.00061   0.62  -33.9   41.6  28.0 31.20  353.5     0.0  353.52    0.00    0.00     0.0  353.52    0.00    0.00     0.0  353.52    0.00    0.00    1.2     21238.279     13.50   47.24000   39.71000  "Undefined"       0.0        0.61  0.00000000
04.04.2019 05:54:08.140   4.99600000   4996.00389   0.62  -40.1   35.4  28.0 28.80  354.2     0.0  354.22    0.00    0.00     0.0  354.22    0.00    0.00     0.0  354.22    0.00    0.00    1.1     21248.140     13.50   47.24000   39.71000  "Undefined"       0.0        3.89  0.00000000
04.04.2019 05:54:17.994   4.99600000   4995.99902   0.62  -38.7   36.8  28.0 28.80  353.5     0.0  353.52    0.00    0.00     0.0  353.52    0.00    0.00     0.0  353.52    0.00    0.00    1.2     21257.994     13.50   47.24000   39.71000  "Undefined"       0.0       -0.98  0.00000000
04.04.2019 05:54:17.994   4.99600000   4995.99902   0.62  -38.7   36.8  28.0 10.80  353.5  1183.5  353.45   57.80   37.45  2395.1  353.59   68.54   33.28  3569.7  354.26   78.80   23.82    1.1     21257.994     13.50   47.24000   39.71000  "Undefined"       0.0       -0.98  0.00000000
04.04.2019 05:54:27.852   4.99600000   4996.00640   0.62  -44.1   31.5  28.0 32.40  354.2     0.0  354.23    0.00    0.00     0.0  354.23    0.00    0.00     0.0  354.23    0.00    0.00    1.2     21267.852     13.50   47.24000   39.71000  "Undefined"       0.0        6.40  0.00000000
04.04.2019 05:54:27.852   4.99600000   4996.00640   0.62  -44.1   31.5  28.0 11.40  354.2  1114.5  354.15   57.20   37.83  2283.1  354.24   67.59   34.41  3442.5  354.75   77.80   26.83    1.2     21267.852     13.50   47.24000   39.71000  "Undefined"       0.0        6.40  0.00000000
04.04.2019 05:54:38.424   4.99600000   4996.00097   0.62  -36.6   37.0  28.0 30.60  353.5     0.0  353.53    0.00    0.00     0.0  353.53    0.00    0.00     0.0  353.53    0.00    0.00    1.1     21278.424     13.50   47.24000   39.71000  "Undefined"       0.0        0.97  0.00000000
04.04.2019 05:54:48.284   4.99600000   4996.00048   0.09  -67.5   16.5  28.0 25.20  354.2  1468.5  352.99   60.31   36.48     0.0  354.24    0.00    0.00     0.0  354.24    0.00    0.00    1.3     21288.284     13.50   47.24000   39.71000  "Undefined"       0.0        0.48  0.00000000
04.04.2019 05:54:58.139   4.99600000   4996.00206   0.62  -43.9   31.6  28.0 15.00  352.1   834.1  352.08   54.66   37.93  1688.4  352.15   62.22   35.30  2532.8  352.36   69.63   31.21    1.3     21298.139     13.50   47.24000   39.71000  "Undefined"       0.0        2.06  0.00000000
04.04.2019 05:54:58.139   4.99600000   4996.00206   0.62  -43.9   31.6  28.0 30.00  354.2     0.0  354.23    0.00    0.00     0.0  354.23    0.00    0.00     0.0  354.23    0.00    0.00    1.2     21298.139     13.50   47.24000   39.71000  "Undefined"       0.0        2.06  0.00000000
04.04.2019 05:55:09.440   4.99600000   4996.00389   0.62  -42.6   32.9  28.0 24.00  355.7  1436.2  354.45   60.08   37.23     0.0  355.68    0.00    0.00     0.0  355.68    0.00    0.00    1.2     21309.440     13.50   47.24000   39.71000  "Undefined"       0.0        3.89  0.00000000
04.04.2019 05:55:20.376   4.99600000   4995.99862   0.62  -39.0   36.5  28.0 21.60  353.5   594.7  353.51   52.55   38.72  1188.4  353.51   57.84   37.45  1785.1  353.55   63.15   35.77    1.2     21320.376     13.50   47.24000   39.71000  "Undefined"       0.0       -1.38  0.00000000
04.04.2019 05:55:30.229   4.99600000   4996.00065   0.62  -41.2   34.3  28.0 24.60  354.2  1445.4  353.04   60.11   36.58     0.0  354.24    0.00    0.00     0.0  354.24    0.00    0.00    1.2     21330.229     13.50   47.24000   39.71000  "Undefined"       0.0        0.65  0.00000000
04.04.2019 05:55:40.073   4.99600000   4996.00176   0.62  -39.7   35.8  28.0 30.60  354.2     0.0  354.22    0.00    0.00     0.0  354.22    0.00    0.00     0.0  354.22    0.00    0.00    1.2     21340.073     13.50   47.24000   39.71000  "Undefined"       0.0        1.76  0.00000000
04.04.2019 05:55:49.921   4.99600000   4996.00196   0.62  -39.5   36.1  28.0 27.00  354.2     0.0  354.25    0.00    0.00     0.0  354.25    0.00    0.00     0.0  354.25    0.00    0.00    1.1     21349.921     13.50   47.24000   39.71000  "Undefined"       0.0        1.96  0.00000000
04.04.2019 05:56:00.494   4.99600000   4995.99955   0.62  -41.7   33.9  28.0 24.60  353.5  1451.4  352.37   60.14   36.26     0.0  353.53    0.00    0.00     0.0  353.53    0.00    0.00    1.2     21360.494     13.50   47.24000   39.71000  "Undefined"       0.0       -0.45  0.00000000
04.04.2019 05:56:00.494   4.99600000   4995.99955   0.62  -41.7   33.9  28.0 25.80  354.2  1522.4  352.90   60.79   36.27     0.0  354.23    0.00    0.00     0.0  354.23    0.00    0.00    1.2     21360.494     13.50   47.24000   39.71000  "Undefined"       0.0       -0.45  0.00000000
04.04.2019 05:56:10.349   4.99600000   4996.00041   0.62  -41.5   34.0  28.0 17.40  353.5   716.9  353.48   53.64   38.48  1447.7  353.50   60.15   36.77  2175.0  353.59   66.60   34.31    1.2     21370.349     13.50   47.24000   39.71000  "Undefined"       0.0        0.41  0.00000000
04.04.2019 05:56:21.332   4.99600000   4996.00124   0.62  -38.3   37.2  28.0 30.60  354.2     0.0  354.24    0.00    0.00     0.0  354.24    0.00    0.00     0.0  354.24    0.00    0.00    1.2     21381.332     13.50   47.24000   39.71000  "Undefined"       0.0        1.24  0.00000000
04.04.2019 05:56:31.165   4.99600000   4996.00225   0.62  -39.4   36.2  28.0  7.80  351.4  1212.4  351.48   57.99   36.68  2392.8  351.74   68.36   31.49  3531.3  352.41   78.10   20.00    1.2     21391.165     13.50   47.24000   39.71000  "Undefined"       0.0        2.25  0.00000000
04.04.2019 05:56:31.165   4.99600000   4996.00225   0.62  -39.4   36.2  28.0 13.80  352.1   909.9  352.08   55.33   37.73  1846.0  352.17   63.61   34.68  2765.5  352.46   71.66   29.60    1.2     21391.165     13.50   47.24000   39.71000  "Undefined"       0.0        2.25  0.00000000
04.04.2019 05:56:31.165   4.99600000   4996.00225   0.62  -39.4   36.2  28.0 18.60  352.8   670.1  352.79   53.21   38.45  1351.8  352.81   59.27   36.75  2031.6  352.89   65.29   34.39    1.2     21391.165     13.50   47.24000   39.71000  "Undefined"       0.0        2.25  0.00000000
04.04.2019 05:56:31.165   4.99600000   4996.00225   0.62  -39.4   36.2  28.0 22.80  353.5  2591.1  351.92   70.09   30.31     0.0  353.53    0.00    0.00     0.0  353.53    0.00    0.00    1.2     21391.165     13.50   47.24000   39.71000  "Undefined"       0.0        2.25  0.00000000
04.04.2019 05:56:31.165   4.99600000   4996.00225   0.62  -39.4   36.2  28.0 25.20  354.2  1468.6  352.99   60.32   36.48     0.0  354.24    0.00    0.00     0.0  354.24    0.00    0.00    1.2     21391.165     13.50   47.24000   39.71000  "Undefined"       0.0        2.25  0.00000000
04.04.2019 05:56:31.165   4.99600000   4996.00225   0.62  -39.4   36.2  28.0 27.60  355.0     0.0  354.96    0.00    0.00     0.0  354.96    0.00    0.00     0.0  354.96    0.00    0.00    1.2     21391.165     13.50   47.24000   39.71000  "Undefined"       0.0        2.25  0.00000000
04.04.2019 05:56:42.121   4.99600000   4996.00152   0.62  -39.3   36.2  28.0 26.40  354.2  1665.2  352.77   62.05   35.73     0.0  354.23    0.00    0.00     0.0  354.23    0.00    0.00    1.2     21402.121     13.50   47.24000   39.71000  "Undefined"       0.0        1.52  0.00000000
04.04.2019 05:56:42.121   4.99600000   4996.00152   0.62  -39.3   36.2  28.0 19.80  353.5   631.0  353.50   52.87   38.65  1271.9  353.50   58.59   37.24  1913.1  353.56   64.28   35.32    1.2     21402.121     13.50   47.24000   39.71000  "Undefined"       0.0        1.52  0.00000000
04.04.2019 05:56:53.043   4.99600000   4996.00009   0.62  -42.7   32.9  28.0  7.20  352.1  1228.6  352.20   58.16   36.88  2424.4  352.45   68.70   31.98  3578.8  353.07   78.64   20.68    1.3     21413.043     13.50   47.24000   39.71000  "Undefined"       0.0        0.09  0.00000000
04.04.2019 05:56:53.043   4.99600000   4996.00009   0.62  -42.7   32.9  28.0 14.40  352.8   870.9  352.78   55.00   38.00  1765.9  352.84   62.94   35.41  2650.0  353.07   70.72   31.21    1.2     21413.043     13.50   47.24000   39.71000  "Undefined"       0.0        0.09  0.00000000
04.04.2019 05:56:53.043   4.99600000   4996.00009   0.62  -42.7   32.9  28.0 20.40  353.5   613.9  353.50   52.72   38.68  1236.3  353.50   58.27   37.33  1860.0  353.55   63.81   35.51    1.2     21413.043     13.50   47.24000   39.71000  "Undefined"       0.0        0.09  0.00000000
04.04.2019 05:56:53.043   4.99600000   4996.00009   0.62  -42.7   32.9  28.0 24.60  354.2  1445.3  353.04   60.11   36.57     0.0  354.24    0.00    0.00     0.0  354.24    0.00    0.00    1.2     21413.043     13.50   47.24000   39.71000  "Undefined"       0.0        0.09  0.00000000
04.04.2019 05:57:02.903   4.99600000   4995.99919   0.62  -41.6   33.9  28.0  6.60  352.8  1263.5  352.92   58.49   37.05  2492.4  353.16   69.36   32.31  3678.8  353.79   79.61   20.58    1.1     21422.903     13.50   47.24000   39.71000  "Undefined"       0.0       -0.81  0.00000000
04.04.2019 05:57:14.546   4.99600000   4996.00328   0.62  -40.8   34.8  28.0  6.00  352.1  1314.8  352.22   58.92   36.63  2597.6  352.51   70.21   30.93  3829.7  353.29   80.70   15.56    1.2     21434.546     13.50   47.24000   39.71000  "Undefined"       0.0        3.28  0.00000000
04.04.2019 05:57:14.546   4.99600000   4996.00328   0.62  -40.8   34.8  28.0 21.60  352.8   594.1  352.82   52.54   38.61  1187.4  352.83   57.81   37.22  1783.5  352.89   63.10   35.37    1.2     21434.546     13.50   47.24000   39.71000  "Undefined"       0.0        3.28  0.00000000
04.04.2019 05:57:14.546   4.99600000   4996.00328   0.62  -40.8   34.8  28.0 27.00  353.5     0.0  353.53    0.00    0.00     0.0  353.53    0.00    0.00     0.0  353.53    0.00    0.00    1.2     21434.546     13.50   47.24000   39.71000  "Undefined"       0.0        3.28  0.00000000
04.04.2019 05:57:24.404   4.99600000   4996.00118   0.62  -37.2   36.4  28.0 26.40  354.9  1659.2  353.43   62.02   36.11     0.0  354.94    0.00    0.00     0.0  354.94    0.00    0.00    1.2     21444.404     13.50   47.24000   39.71000  "Undefined"       0.0        1.18  0.00000000
04.04.2019 05:57:24.404   4.99600000   4996.00118   0.62  -37.2   36.4  28.0 22.80  354.2  2576.9  352.53   70.03   31.09     0.0  354.24    0.00    0.00     0.0  354.24    0.00    0.00    1.2     21444.404     13.50   47.24000   39.71000  "Undefined"       0.0        1.18  0.00000000
04.04.2019 05:57:35.362   4.99600000   4996.00220   0.62  -32.9   42.6  28.0 25.80  353.5  1527.1  352.25   60.80   35.94     0.0  353.53    0.00    0.00     0.0  353.53    0.00    0.00    1.2     21455.362     13.50   47.24000   39.71000  "Undefined"       0.0        2.20  0.00000000
04.04.2019 05:57:45.201   4.99600000   4996.00347   0.62  -34.7   36.9  28.0 21.00  354.2   599.8  354.19   52.60   38.81  1205.8  354.19   58.01   37.65  1814.3  354.22   63.43   36.08    1.1     21465.201     13.50   47.24000   39.71000  "Undefined"       0.0        3.47  0.00000000
04.04.2019 05:57:55.042   4.99600000   4995.99993   0.62  -37.3   36.2  28.0 18.00  353.5   692.8  353.50   53.43   38.53  1398.3  353.51   59.71   36.91  2101.0  353.59   65.94   34.62    1.1     21475.042     13.50   47.24000   39.71000  "Undefined"       0.0       -0.07  0.00000000
04.04.2019 05:58:06.008   4.99600000   4996.00190   0.62  -35.4   36.1  28.0 18.60  354.2   670.5  354.19   53.24   38.69  1352.9  354.19   59.33   37.31  2034.2  354.24   65.39   35.37    1.2     21486.008     13.50   47.24000   39.71000  "Undefined"       0.0        1.90  0.00000000
04.04.2019 05:58:15.849   4.99600000   4996.00195   0.62  -39.6   35.9  28.0 27.60  354.9     0.0  354.95    0.00    0.00     0.0  354.95    0.00    0.00     0.0  354.95    0.00    0.00    1.2     21495.849     13.50   47.24000   39.71000  "Undefined"       0.0        1.95  0.00000000
04.04.2019 05:58:27.493   4.99600000   4996.00064   0.62  -33.7   41.9  28.0 22.80  354.2  2576.9  352.53   70.03   31.10     0.0  354.25    0.00    0.00     0.0  354.25    0.00    0.00    1.2     21507.493     13.50   47.24000   39.71000  "Undefined"       0.0        0.64  0.00000000
04.04.2019 05:58:37.373   4.99600000   4996.00099   0.62  -38.3   39.3  28.0  5.40  352.8  1368.2  352.89   59.42   36.74  2700.0  353.18   71.17   31.01  3976.3  354.01   82.05   13.54    1.2     21517.373     13.50   47.24000   39.71000  "Undefined"       0.0        0.99  0.00000000
04.04.2019 05:58:48.287   4.99600000   4996.00021   0.62  -33.6   35.9  28.0 21.00  353.5   599.6  353.51   52.59   38.71  1205.4  353.51   57.99   37.41  1813.4  353.55   63.40   35.67    1.2     21528.287     13.50   47.24000   39.71000  "Undefined"       0.0        0.21  0.00000000
04.04.2019 05:58:58.499   4.99600000   4996.00220   0.62  -36.3   37.3  28.0 16.80  353.5   742.9  353.49   53.87   38.43  1501.0  353.51   60.62   36.62  2255.2  353.61   67.31   33.97    1.2     21538.499     13.50   47.24000   39.71000  "Undefined"       0.0        2.20  0.00000000
04.04.2019 05:59:09.423   4.99600000   4996.00230   0.62  -33.4   36.2  28.0 21.00  353.5   599.5  353.51   52.59   38.71  1205.4  353.51   57.99   37.41  1813.3  353.55   63.40   35.67    1.2     21549.423     13.50   47.24000   39.71000  "Undefined"       0.0        2.30  0.00000000
04.04.2019 05:59:20.386   4.99600000   4996.00099   0.62  -37.1   34.4  28.0 15.00  353.5   834.9  353.47   54.69   38.24  1691.7  353.50   62.31   36.05  2542.5  353.67   69.84   32.57    1.2     21560.386     13.50   47.24000   39.71000  "Undefined"       0.0        0.99  0.00000000
04.04.2019 05:59:20.386   4.99600000   4996.00099   0.62  -37.1   34.4  28.0 18.00  352.8   692.6  352.80   53.41   38.40  1397.7  352.82   59.68   36.62  2099.8  352.92   65.89   34.10    1.2     21560.386     13.50   47.24000   39.71000  "Undefined"       0.0        0.99  0.00000000
04.04.2019 05:59:31.307   4.99600000   4996.00057   0.62  -34.6   40.9  28.0 15.00  353.5   834.9  353.50   54.69   38.24  1691.6  353.53   62.32   36.06  2542.5  353.70   69.84   32.60    1.2     21571.307     13.50   47.24000   39.71000  "Undefined"       0.0        0.57  0.00000000
04.04.2019 05:59:41.527   4.99600000   4996.00137   0.62  -36.1   37.4  28.0 15.00  352.8   834.6  352.80   54.68   38.09  1690.4  352.85   62.27   35.69  2538.2  353.04   69.75   31.91    1.2     21581.527     13.50   47.24000   39.71000  "Undefined"       0.0        1.37  0.00000000
04.04.2019 05:59:52.443   4.99600000   4996.00032   0.62  -32.6   54.9  28.0 22.80  352.8  2607.3  351.30   70.16   29.49     0.0  352.80    0.00    0.00     0.0  352.80    0.00    0.00    1.2     21592.443     13.50   47.24000   39.71000  "Undefined"       0.0        0.32  0.00000000
