
[strDate]   [strTime]   [Frq_rpu]    [Frq_meg]    [Band]  [E]   [S_N] [Att]  [B]     [A]    [S0]  [aIRI0]   [Lat0]  [Lon0]   [S1]  [aIRI1]  [Lat1]  [Lon1]   [S2]  [aIRI2]  [Lat2]  [Lon2] [Sigm] [Time_sec]  [Cource]  [BaseLat]  [BaseLon]  [TypeSignalName]  [DispApd]  [Dopler]  [Delay]
04.04.2019 01:00:04.495   4.99600000   4995.99996   0.27  -42.2   39.1  28.0 28.80  355.7     0.0  355.69    0.00    0.00     0.0  355.69    0.00    0.00     0.0  355.69    0.00    0.00    1.3      3604.495     13.50   47.24000   39.71000  "Undefined"       0.0       -0.04  0.00000000
04.04.2019 01:00:15.023   4.99600000   4995.99996   0.24  -41.2   38.4  28.0 28.20  355.7     0.0  355.70    0.00    0.00     0.0  355.70    0.00    0.00     0.0  355.70    0.00    0.00    1.2      3615.023     13.50   47.24000   39.71000  "Undefined"       0.0       -0.04  0.00000000
04.04.2019 01:00:25.974   4.99600000   4996.00001   0.11  -44.2   38.8  28.0 27.60  355.7     0.0  355.67    0.00    0.00     0.0  355.67    0.00    0.00     0.0  355.67    0.00    0.00    1.3      3625.974     13.50   47.24000   39.71000  "Undefined"       0.0        0.01  0.00000000
04.04.2019 01:00:36.148   4.99600000   4995.99998   0.11  -45.2   37.9  28.0 27.60  355.7     0.0  355.69    0.00    0.00     0.0  355.69    0.00    0.00     0.0  355.69    0.00    0.00    1.3      3636.148     13.50   47.24000   39.71000  "Undefined"       0.0       -0.02  0.00000000
04.04.2019 01:00:46.325   4.99600000   4995.85283   0.24  -78.9    2.7  28.0 27.60  355.7     0.0  355.68    0.00    0.00     0.0  355.68    0.00    0.00     0.0  355.68    0.00    0.00    1.5      3646.325     13.50   47.24000   39.71000  "Undefined"       0.0     -147.17  0.00000000
04.04.2019 01:00:46.325   4.99600000   4995.99995   0.20  -43.4   41.6  28.0 26.40  355.7     0.0  355.69    0.00    0.00     0.0  355.69    0.00    0.00     0.0  355.69    0.00    0.00    1.2      3646.325     13.50   47.24000   39.71000  "Undefined"      62.7       -0.05  0.00000000
04.04.2019 01:00:58.300   4.99600000   4996.00004   0.18  -45.1   35.9  28.0 27.00  355.7     0.0  355.70    0.00    0.00     0.0  355.70    0.00    0.00     0.0  355.70    0.00    0.00    1.3      3658.300     13.50   47.24000   39.71000  "Undefined"       0.0        0.04  0.00000000
04.04.2019 01:01:08.479   4.99600000   4995.99995   0.11  -43.5   39.5  28.0 27.60  355.7     0.0  355.68    0.00    0.00     0.0  355.68    0.00    0.00     0.0  355.68    0.00    0.00    1.3      3668.479     13.50   47.24000   39.71000  "Undefined"       0.0       -0.05  0.00000000
04.04.2019 01:01:20.456   4.99600000   4995.99994   0.11  -45.3   37.7  28.0 28.80  355.7     0.0  355.67    0.00    0.00     0.0  355.67    0.00    0.00     0.0  355.67    0.00    0.00    1.3      3680.456     13.50   47.24000   39.71000  "Undefined"       0.0       -0.06  0.00000000
04.04.2019 01:01:31.517   4.99600000   4995.99989   0.11  -45.4   35.6  28.0 28.20  355.0     0.0  354.97    0.00    0.00     0.0  354.97    0.00    0.00     0.0  354.97    0.00    0.00    1.3      3691.517     13.50   47.24000   39.71000  "Undefined"       0.0       -0.11  0.00000000
04.04.2019 01:01:42.433   4.99600000   4995.99989   0.11  -48.4   34.6  28.0 28.20  355.0     0.0  354.98    0.00    0.00     0.0  354.98    0.00    0.00     0.0  354.98    0.00    0.00    1.2      3702.433     13.50   47.24000   39.71000  "Undefined"       0.0       -0.11  0.00000000
04.04.2019 01:01:52.260   4.99600000   4995.99980   0.11  -45.3   39.7  28.0 31.20  355.0     0.0  354.96    0.00    0.00     0.0  354.96    0.00    0.00     0.0  354.96    0.00    0.00    1.3      3712.260     13.50   47.24000   39.71000  "Undefined"       0.0       -0.20  0.00000000
04.04.2019 01:02:02.094   4.99600000   4996.00004   0.11  -50.3   32.7  28.0 33.00  355.0     0.0  354.95    0.00    0.00     0.0  354.95    0.00    0.00     0.0  354.95    0.00    0.00    1.3      3722.094     13.50   47.24000   39.71000  "Undefined"       0.0        0.04  0.00000000
04.04.2019 01:02:11.928   4.99600000   4995.99983   0.11  -44.4   40.6  28.0 31.20  355.0     0.0  354.95    0.00    0.00     0.0  354.95    0.00    0.00     0.0  354.95    0.00    0.00    1.3      3731.928     13.50   47.24000   39.71000  "Undefined"       0.0       -0.17  0.00000000
04.04.2019 01:02:22.095   4.99600000   4995.99991   0.11  -43.0   42.1  28.0 31.80  355.0     0.0  354.96    0.00    0.00     0.0  354.96    0.00    0.00     0.0  354.96    0.00    0.00    1.2      3742.095     13.50   47.24000   39.71000  "Undefined"       0.0       -0.09  0.00000000
04.04.2019 01:02:32.993   4.99600000   4995.99987   0.18  -43.2   37.8  28.0 29.40  354.2     0.0  354.25    0.00    0.00     0.0  354.25    0.00    0.00     0.0  354.25    0.00    0.00    1.2      3752.993     13.50   47.24000   39.71000  "Undefined"       0.0       -0.13  0.00000000
04.04.2019 01:02:42.829   4.99600000   4995.99979   0.11  -43.3   37.8  28.0 27.60  355.0     0.0  354.95    0.00    0.00     0.0  354.95    0.00    0.00     0.0  354.95    0.00    0.00    1.2      3762.829     13.50   47.24000   39.71000  "Undefined"       0.0       -0.21  0.00000000
04.04.2019 01:02:54.488   4.99600000   4995.99995   0.11  -48.7   34.3  28.0 28.20  354.9     0.0  354.95    0.00    0.00     0.0  354.95    0.00    0.00     0.0  354.95    0.00    0.00    1.3      3774.488     13.50   47.24000   39.71000  "Undefined"       0.0       -0.05  0.00000000
04.04.2019 01:03:05.417   4.99600000   4995.99975   0.11  -45.2   37.8  28.0 28.20  354.9     0.0  354.95    0.00    0.00     0.0  354.95    0.00    0.00     0.0  354.95    0.00    0.00    1.2      3785.417     13.50   47.24000   39.71000  "Undefined"       0.0       -0.25  0.00000000
04.04.2019 01:03:16.329   4.99600000   4995.99987   0.11  -47.3   35.7  28.0 27.60  354.3     0.0  354.25    0.00    0.00     0.0  354.25    0.00    0.00     0.0  354.25    0.00    0.00    1.2      3796.329     13.50   47.24000   39.71000  "Undefined"       0.0       -0.13  0.00000000
04.04.2019 01:03:26.166   4.99600000   4995.99988   0.11  -45.0   38.0  28.0 27.00  355.0     0.0  354.98    0.00    0.00     0.0  354.98    0.00    0.00     0.0  354.98    0.00    0.00    1.2      3806.166     13.50   47.24000   39.71000  "Undefined"       0.0       -0.12  0.00000000
04.04.2019 01:03:35.998   4.99600000   4995.99982   0.18  -44.4   36.6  28.0 29.40  354.9     0.0  354.95    0.00    0.00     0.0  354.95    0.00    0.00     0.0  354.95    0.00    0.00    1.2      3815.998     13.50   47.24000   39.71000  "Undefined"       0.0       -0.18  0.00000000
04.04.2019 01:03:46.176   4.99600000   4995.99992   0.11  -49.2   33.8  28.0 24.00  355.7     0.0  355.69    0.00    0.00     0.0  355.69    0.00    0.00     0.0  355.69    0.00    0.00    1.2      3826.176     13.50   47.24000   39.71000  "Undefined"       0.0       -0.08  0.00000000
04.04.2019 01:03:46.176   4.99600000   4995.99992   0.11  -49.2   33.8  28.0 22.20  356.4  1886.1  356.93   64.17   37.65  2519.8  357.13   69.85   36.50  3152.6  357.35   75.52   34.67    1.2      3826.176     13.50   47.24000   39.71000  "Undefined"       0.0       -0.08  0.00000000
04.04.2019 01:03:57.473   4.99600000   4995.99980   0.11  -47.9   35.1  28.0 31.80  353.5     0.0  353.53    0.00    0.00     0.0  353.53    0.00    0.00     0.0  353.53    0.00    0.00    1.4      3837.473     13.50   47.24000   39.71000  "Undefined"       0.0       -0.20  0.00000000
04.04.2019 01:03:57.473   4.99600000   4995.99980   0.11  -47.9   35.1  28.0 29.40  354.2     0.0  354.23    0.00    0.00     0.0  354.23    0.00    0.00     0.0  354.23    0.00    0.00    1.4      3837.473     13.50   47.24000   39.71000  "Undefined"       0.0       -0.20  0.00000000
04.04.2019 01:04:08.377   4.99600000   4995.99976   0.11  -46.3   36.7  28.0 30.00  355.7     0.0  355.66    0.00    0.00     0.0  355.66    0.00    0.00     0.0  355.66    0.00    0.00    1.2      3848.377     13.50   47.24000   39.71000  "Undefined"       0.0       -0.24  0.00000000
04.04.2019 01:04:19.277   4.99600000   4995.99971   0.11  -45.8   37.2  28.0 28.80  354.2     0.0  354.25    0.00    0.00     0.0  354.25    0.00    0.00     0.0  354.25    0.00    0.00    1.3      3859.277     13.50   47.24000   39.71000  "Undefined"       0.0       -0.29  0.00000000
04.04.2019 01:04:29.118   4.99600000   4995.99996   0.11  -53.0   30.0  28.0 33.60  354.2     0.0  354.25    0.00    0.00     0.0  354.25    0.00    0.00     0.0  354.25    0.00    0.00    1.2      3869.118     13.50   47.24000   39.71000  "Undefined"       0.0       -0.04  0.00000000
04.04.2019 01:04:29.118   4.99600000   4995.99996   0.11  -53.0   30.0  28.0 28.20  355.0     0.0  354.97    0.00    0.00     0.0  354.97    0.00    0.00     0.0  354.97    0.00    0.00    1.2      3869.118     13.50   47.24000   39.71000  "Undefined"       0.0       -0.04  0.00000000
04.04.2019 01:04:40.021   4.99600000   4995.99981   0.11  -46.3   36.7  28.0 34.20  353.5     0.0  353.53    0.00    0.00     0.0  353.53    0.00    0.00     0.0  353.53    0.00    0.00    1.2      3880.021     13.50   47.24000   39.71000  "Undefined"       0.0       -0.19  0.00000000
04.04.2019 01:04:40.021   4.99600000   4995.99981   0.11  -46.3   36.7  28.0 32.40  354.2     0.0  354.23    0.00    0.00     0.0  354.23    0.00    0.00     0.0  354.23    0.00    0.00    1.2      3880.021     13.50   47.24000   39.71000  "Undefined"       0.0       -0.19  0.00000000
04.04.2019 01:04:50.201   4.99600000   4995.99984   0.11  -48.6   32.4  28.0 26.40  355.0     0.0  354.96    0.00    0.00     0.0  354.96    0.00    0.00     0.0  354.96    0.00    0.00    1.4      3890.201     13.50   47.24000   39.71000  "Undefined"       0.0       -0.16  0.00000000
04.04.2019 01:05:01.120   4.99600000   4995.99985   0.11  -51.2   31.8  28.0 24.60  355.0     0.0  354.95    0.00    0.00     0.0  354.95    0.00    0.00     0.0  354.95    0.00    0.00    1.2      3901.120     13.50   47.24000   39.71000  "Undefined"       0.0       -0.15  0.00000000
04.04.2019 01:05:10.964   4.99600000   4995.99980   0.11  -52.8   30.2  28.0 24.00  354.2     0.0  354.25    0.00    0.00     0.0  354.25    0.00    0.00     0.0  354.25    0.00    0.00    1.3      3910.964     13.50   47.24000   39.71000  "Undefined"       0.0       -0.20  0.00000000
04.04.2019 01:05:21.149   4.99600000   4995.99982   0.11  -52.4   32.6  28.0 25.20  354.2     0.0  354.25    0.00    0.00     0.0  354.25    0.00    0.00     0.0  354.25    0.00    0.00    1.3      3921.149     13.50   47.24000   39.71000  "Undefined"       0.0       -0.18  0.00000000
04.04.2019 01:05:33.253   4.99600000   4995.99969   0.11  -47.5   35.6  28.0 29.40  352.8     0.0  352.80    0.00    0.00     0.0  352.80    0.00    0.00     0.0  352.80    0.00    0.00    1.2      3933.253     13.50   47.24000   39.71000  "Undefined"       0.0       -0.31  0.00000000
04.04.2019 01:05:43.432   4.99600000   4995.99976   0.11  -48.5   34.6  28.0 32.40  353.5     0.0  353.50    0.00    0.00     0.0  353.50    0.00    0.00     0.0  353.50    0.00    0.00    1.3      3943.432     13.50   47.24000   39.71000  "Undefined"       0.0       -0.24  0.00000000
04.04.2019 01:05:53.261   4.99600000   4995.99972   0.11  -46.7   36.3  28.0 33.00  352.8     0.0  352.82    0.00    0.00     0.0  352.82    0.00    0.00     0.0  352.82    0.00    0.00    1.2      3953.261     13.50   47.24000   39.71000  "Undefined"       0.0       -0.28  0.00000000
04.04.2019 01:06:03.094   4.99600000   4995.99974   0.11  -48.3   34.7  28.0 32.40  353.5     0.0  353.53    0.00    0.00     0.0  353.53    0.00    0.00     0.0  353.53    0.00    0.00    1.4      3963.094     13.50   47.24000   39.71000  "Undefined"       0.0       -0.26  0.00000000
04.04.2019 01:06:14.008   4.99600000   4995.99972   0.11  -48.9   34.1  28.0 28.80  352.8     0.0  352.82    0.00    0.00     0.0  352.82    0.00    0.00     0.0  352.82    0.00    0.00    1.3      3974.008     13.50   47.24000   39.71000  "Undefined"      -0.0       -0.28  0.00000000
04.04.2019 01:06:24.235   4.99600000   4995.99980   0.11  -52.3   30.7  28.0 25.20  355.0     0.0  354.97    0.00    0.00     0.0  354.97    0.00    0.00     0.0  354.97    0.00    0.00    1.3      3984.235     13.50   47.24000   39.71000  "Undefined"       0.0       -0.20  0.00000000
04.04.2019 01:06:34.062   4.99600000   4995.99979   0.11  -45.5   37.5  28.0 29.40  353.5     0.0  353.51    0.00    0.00     0.0  353.51    0.00    0.00     0.0  353.51    0.00    0.00    1.3      3994.062     13.50   47.24000   39.71000  "Undefined"       0.0       -0.21  0.00000000
04.04.2019 01:06:44.237   4.99600000   4995.99977   0.11  -46.0   37.1  28.0 29.40  353.5     0.0  353.53    0.00    0.00     0.0  353.53    0.00    0.00     0.0  353.53    0.00    0.00    1.3      4004.237     13.50   47.24000   39.71000  "Undefined"       0.0       -0.23  0.00000000
04.04.2019 01:06:44.237   4.99600000   4995.99977   0.11  -46.0   37.1  28.0 28.20  354.2     0.0  354.22    0.00    0.00     0.0  354.22    0.00    0.00     0.0  354.22    0.00    0.00    1.3      4004.237     13.50   47.24000   39.71000  "Undefined"       0.0       -0.23  0.00000000
04.04.2019 01:06:54.448   4.99600000   4995.99975   0.11  -51.7   31.4  28.0 24.00  354.2     0.0  354.24    0.00    0.00     0.0  354.24    0.00    0.00     0.0  354.24    0.00    0.00    1.4      4014.448     13.50   47.24000   39.71000  "Undefined"       0.0       -0.25  0.00000000
04.04.2019 01:07:04.277   4.99600000   4995.99980   0.11  -46.5   36.6  28.0 30.60  352.8     0.0  352.81    0.00    0.00     0.0  352.81    0.00    0.00     0.0  352.81    0.00    0.00    1.3      4024.277     13.50   47.24000   39.71000  "Undefined"       0.0       -0.20  0.00000000
04.04.2019 01:07:14.115   4.99600000   4995.99977   0.11  -46.5   36.5  28.0 27.00  354.2     0.0  354.23    0.00    0.00     0.0  354.23    0.00    0.00     0.0  354.23    0.00    0.00    1.2      4034.115     13.50   47.24000   39.71000  "Undefined"       0.0       -0.23  0.00000000
04.04.2019 01:07:14.115   4.99600000   4995.99977   0.11  -46.5   36.5  28.0 29.40  353.5     0.0  353.53    0.00    0.00     0.0  353.53    0.00    0.00     0.0  353.53    0.00    0.00    1.2      4034.115     13.50   47.24000   39.71000  "Undefined"       0.0       -0.23  0.00000000
04.04.2019 01:07:23.958   4.99600000   4995.99970   0.11  -51.4   31.6  28.0 27.60  354.2     0.0  354.25    0.00    0.00     0.0  354.25    0.00    0.00     0.0  354.25    0.00    0.00    1.3      4043.958     13.50   47.24000   39.71000  "Undefined"       0.0       -0.30  0.00000000
04.04.2019 01:07:34.530   4.99600000   4995.99974   0.11  -45.6   37.4  28.0 30.60  353.5     0.0  353.52    0.00    0.00     0.0  353.52    0.00    0.00     0.0  353.52    0.00    0.00    1.3      4054.530     13.50   47.24000   39.71000  "Undefined"       0.0       -0.26  0.00000000
04.04.2019 01:07:44.370   4.99600000   4995.99978   0.11  -50.3   32.7  28.0 27.00  353.5     0.0  353.51    0.00    0.00     0.0  353.51    0.00    0.00     0.0  353.51    0.00    0.00    1.4      4064.370     13.50   47.24000   39.71000  "Undefined"       0.0       -0.22  0.00000000
04.04.2019 01:07:44.370   4.99600000   4995.99978   0.11  -50.3   32.7  28.0 29.40  352.8     0.0  352.81    0.00    0.00     0.0  352.81    0.00    0.00     0.0  352.81    0.00    0.00    1.4      4064.370     13.50   47.24000   39.71000  "Undefined"       0.0       -0.22  0.00000000
04.04.2019 01:08:37.196   4.99600000   4995.99970   0.07  -80.8    4.4  28.0 29.40  354.2     0.0  354.23    0.00    0.00     0.0  354.23    0.00    0.00     0.0  354.23    0.00    0.00    1.4      4117.196     13.50   47.24000   39.71000  "Undefined"       0.0       -0.30  0.00000000
04.04.2019 01:08:58.336   4.99600000   4995.99997   0.62  -44.5   31.1  28.0 30.00  353.5     0.0  353.52    0.00    0.00     0.0  353.52    0.00    0.00     0.0  353.52    0.00    0.00    1.2      4138.336     13.50   47.24000   39.71000  "Undefined"       0.0       -0.03  0.00000000
04.04.2019 01:09:08.516   4.99600000   4995.99979   0.51  -48.9   27.4  28.0 24.60  355.0     0.0  354.97    0.00    0.00     0.0  354.97    0.00    0.00     0.0  354.97    0.00    0.00    1.3      4148.516     13.50   47.24000   39.71000  "Undefined"       0.0       -0.21  0.00000000
04.04.2019 01:09:20.493   4.99600000   4995.99960   0.11  -48.0   35.0  28.0 30.60  352.8     0.0  352.82    0.00    0.00     0.0  352.82    0.00    0.00     0.0  352.82    0.00    0.00    1.2      4160.493     13.50   47.24000   39.71000  "Undefined"       0.0       -0.40  0.00000000
04.04.2019 01:09:31.399   4.99600000   4995.99970   0.31  -53.8   24.8  28.0 23.40  355.0     0.0  354.96    0.00    0.00     0.0  354.96    0.00    0.00     0.0  354.96    0.00    0.00    1.9      4171.399     13.50   47.24000   39.71000  "Undefined"       0.0       -0.30  0.00000000
04.04.2019 01:09:42.307   4.99600000   4995.99943   0.62  -45.7   29.9  28.0 30.00  352.8     0.0  352.81    0.00    0.00     0.0  352.81    0.00    0.00     0.0  352.81    0.00    0.00    1.4      4182.307     13.50   47.24000   39.71000  "Undefined"       0.0       -0.57  0.00000000
04.04.2019 01:09:52.536   4.99600000   4996.00051   0.62  -50.7   24.8  28.0 25.80  354.2     0.0  354.24    0.00    0.00     0.0  354.24    0.00    0.00     0.0  354.24    0.00    0.00    1.4      4192.536     13.50   47.24000   39.71000  "Undefined"       0.0        0.51  0.00000000
04.04.2019 01:10:06.045   4.99600000   4996.00126   0.58  -51.8   24.1  28.0 24.60  355.0     0.0  354.96    0.00    0.00     0.0  354.96    0.00    0.00     0.0  354.96    0.00    0.00    1.8      4206.045     13.50   47.24000   39.71000  "Undefined"       0.0        1.26  0.00000000
04.04.2019 01:10:16.216   4.99600000   4995.99959   0.07  -77.3    8.0  28.0 30.60  354.2     0.0  354.24    0.00    0.00     0.0  354.24    0.00    0.00     0.0  354.24    0.00    0.00    1.3      4216.216     13.50   47.24000   39.71000  "Undefined"       0.0       -0.41  0.00000000
04.04.2019 01:10:37.336   4.99600000   4995.99596   0.62  -63.4   14.1  28.0 33.60  352.8     0.0  352.82    0.00    0.00     0.0  352.82    0.00    0.00     0.0  352.82    0.00    0.00    1.2      4237.336     13.50   47.24000   39.71000  "Undefined"       0.0       -4.04  0.00000000
04.04.2019 01:10:47.534   4.99600000   4995.99918   0.58  -50.6   25.3  28.0 39.00  351.4     0.0  351.36    0.00    0.00     0.0  351.36    0.00    0.00     0.0  351.36    0.00    0.00    1.9      4247.534     13.50   47.24000   39.71000  "Undefined"       0.0       -0.82  0.00000000
04.04.2019 01:11:07.967   4.99600000   4996.00009   0.35  -51.0   27.0  28.0 30.00  354.2     0.0  354.24    0.00    0.00     0.0  354.24    0.00    0.00     0.0  354.24    0.00    0.00    1.6      4267.967     13.50   47.24000   39.71000  "Undefined"       0.0        0.09  0.00000000
04.04.2019 01:11:18.532   4.99600000   4996.00015   0.62  -50.9   24.6  28.0 29.40  354.2     0.0  354.25    0.00    0.00     0.0  354.25    0.00    0.00     0.0  354.25    0.00    0.00    1.2      4278.532     13.50   47.24000   39.71000  "Undefined"       0.0        0.15  0.00000000
04.04.2019 01:11:28.375   4.99600000   4995.99962   0.11  -55.1   27.9  28.0 30.00  355.0     0.0  354.96    0.00    0.00     0.0  354.96    0.00    0.00     0.0  354.96    0.00    0.00    1.3      4288.375     13.50   47.24000   39.71000  "Undefined"      -0.0       -0.38  0.00000000
04.04.2019 01:11:39.291   4.99600000   4995.99931   0.07  -78.9    6.4  28.0 31.80  353.5     0.0  353.52    0.00    0.00     0.0  353.52    0.00    0.00     0.0  353.52    0.00    0.00    1.5      4299.291     13.50   47.24000   39.71000  "Undefined"       0.0       -0.69  0.00000000
04.04.2019 01:11:49.135   4.99600000   4996.01879   0.62  -73.3    2.3  28.0 32.40  354.2     0.0  354.23    0.00    0.00     0.0  354.23    0.00    0.00     0.0  354.23    0.00    0.00    1.7      4309.135     13.50   47.24000   39.71000  "Undefined"       0.0       18.79  0.00000000
04.04.2019 01:12:08.873   4.99600000   4996.00001   0.20  -52.7   27.8  28.0 29.40  353.5     0.0  353.52    0.00    0.00     0.0  353.52    0.00    0.00     0.0  353.52    0.00    0.00    1.6      4328.873     13.50   47.24000   39.71000  "Undefined"       0.0        0.01  0.00000000
04.04.2019 01:12:23.035   4.99600000   4995.99905   0.62  -49.8   25.7  28.0 28.80  355.0     0.0  354.97    0.00    0.00     0.0  354.97    0.00    0.00     0.0  354.97    0.00    0.00    1.7      4343.035     13.50   47.24000   39.71000  "Undefined"       0.0       -0.95  0.00000000
04.04.2019 01:12:33.942   4.99600000   4995.99963   0.62  -49.2   26.3  28.0 31.21  354.2     0.0  354.24    0.00    0.00     0.0  354.24    0.00    0.00     0.0  354.24    0.00    0.00    1.2      4353.942     13.50   47.24000   39.71000  "Undefined"       0.0       -0.37  0.00000000
04.04.2019 01:12:45.240   4.99600000   4996.00075   0.07  -78.4    6.8  28.0 30.60  353.5     0.0  353.52    0.00    0.00     0.0  353.52    0.00    0.00     0.0  353.52    0.00    0.00    1.4      4365.240     13.50   47.24000   39.71000  "Undefined"       0.0        0.75  0.00000000
04.04.2019 01:12:56.134   4.99600000   4995.97287   0.51  -73.1    3.3  28.0 30.00  355.0     0.0  354.96    0.00    0.00     0.0  354.96    0.00    0.00     0.0  354.96    0.00    0.00    1.5      4376.134     13.50   47.24000   39.71000  "Undefined"       0.0      -27.13  0.00000000
04.04.2019 01:13:05.969   4.99600000   4996.00049   0.60  -50.2   25.5  28.0 30.00  354.2     0.0  354.25    0.00    0.00     0.0  354.25    0.00    0.00     0.0  354.25    0.00    0.00    1.5      4385.969     13.50   47.24000   39.71000  "Undefined"       0.0        0.49  0.00000000
04.04.2019 01:13:16.528   4.99600000   4996.00016   0.62  -47.2   28.4  28.0 31.20  353.5     0.0  353.53    0.00    0.00     0.0  353.53    0.00    0.00     0.0  353.53    0.00    0.00    1.2      4396.528     13.50   47.24000   39.71000  "Undefined"       0.0        0.16  0.00000000
04.04.2019 01:13:26.354   4.99600000   4996.00016   0.42  -51.9   25.3  28.0 31.80  353.5     0.0  353.53    0.00    0.00     0.0  353.53    0.00    0.00     0.0  353.53    0.00    0.00    1.2      4406.354     13.50   47.24000   39.71000  "Undefined"       0.0        0.16  0.00000000
04.04.2019 01:13:36.181   4.99600000   4995.99849   0.07  -76.4    8.8  28.0 32.40  354.2     0.0  354.24    0.00    0.00     0.0  354.24    0.00    0.00     0.0  354.24    0.00    0.00    1.6      4416.181     13.50   47.24000   39.71000  "Undefined"       0.0       -1.51  0.00000000
04.04.2019 01:13:57.277   4.99600000   4996.00080   0.07  -78.4    6.8  28.0 34.20  353.5     0.0  353.52    0.00    0.00     0.0  353.52    0.00    0.00     0.0  353.52    0.00    0.00    1.5      4437.277     13.50   47.24000   39.71000  "Undefined"       0.0        0.80  0.00000000
04.04.2019 01:14:07.495   4.99600000   4995.99925   0.62  -46.4   29.1  28.0 33.00  353.5     0.0  353.52    0.00    0.00     0.0  353.52    0.00    0.00     0.0  353.52    0.00    0.00    1.2      4447.495     13.50   47.24000   39.71000  "Undefined"       0.0       -0.75  0.00000000
04.04.2019 01:14:17.333   4.99600000   4996.01639   0.55  -65.7   10.3  28.0 34.80  353.5     0.0  353.53    0.00    0.00     0.0  353.53    0.00    0.00     0.0  353.53    0.00    0.00    1.6      4457.333     13.50   47.24000   39.71000  "Undefined"       0.0       16.39  0.00000000
04.04.2019 01:14:27.558   4.99600000   4995.99963   0.33  -53.8   24.5  28.0 39.00  353.5     0.0  353.52    0.00    0.00     0.0  353.52    0.00    0.00     0.0  353.52    0.00    0.00    1.8      4467.558     13.50   47.24000   39.71000  "Undefined"       0.0       -0.37  0.00000000
04.04.2019 01:14:37.394   4.99600000   4996.00014   0.62  -47.3   28.3  28.0 31.20  354.2     0.0  354.23    0.00    0.00     0.0  354.23    0.00    0.00     0.0  354.23    0.00    0.00    1.2      4477.394     13.50   47.24000   39.71000  "Undefined"       0.0        0.14  0.00000000
04.04.2019 01:14:57.419   4.99600000   4995.99978   0.35  -47.8   30.2  28.0 31.80  353.5     0.0  353.52    0.00    0.00     0.0  353.52    0.00    0.00     0.0  353.52    0.00    0.00    1.4      4497.419     13.50   47.24000   39.71000  "Undefined"       0.0       -0.22  0.00000000
04.04.2019 01:15:07.242   4.99600000   4996.00023   0.07  -77.8    7.4  28.0 31.20  354.2     0.0  354.24    0.00    0.00     0.0  354.24    0.00    0.00     0.0  354.24    0.00    0.00    1.9      4507.242     13.50   47.24000   39.71000  "Undefined"       0.0        0.23  0.00000000
04.04.2019 01:15:17.075   4.99600000   4995.99784   0.62  -52.3   23.2  28.0 33.00  352.8     0.0  352.80    0.00    0.00     0.0  352.80    0.00    0.00     0.0  352.80    0.00    0.00    1.4      4517.075     13.50   47.24000   39.71000  "Undefined"       0.0       -2.16  0.00000000
04.04.2019 01:15:28.015   4.99600000   4996.00062   0.62  -47.3   28.2  28.0 30.60  354.2     0.0  354.24    0.00    0.00     0.0  354.24    0.00    0.00     0.0  354.24    0.00    0.00    1.3      4528.015     13.50   47.24000   39.71000  "Undefined"       0.0        0.62  0.00000000
04.04.2019 01:15:48.408   4.99600000   4995.99934   0.18  -48.1   32.9  28.0 31.20  354.2     0.0  354.23    0.00    0.00     0.0  354.23    0.00    0.00     0.0  354.23    0.00    0.00    1.2      4548.408     13.50   47.24000   39.71000  "Undefined"       0.0       -0.66  0.00000000
04.04.2019 01:16:09.519   4.99600000   4995.99973   0.62  -46.2   29.3  28.0 32.40  354.2     0.0  354.23    0.00    0.00     0.0  354.23    0.00    0.00     0.0  354.23    0.00    0.00    1.2      4569.519     13.50   47.24000   39.71000  "Undefined"       0.0       -0.27  0.00000000
04.04.2019 01:16:19.375   4.99600000   4996.00027   0.33  -55.3   23.0  28.0 37.80  355.7     0.0  355.68    0.00    0.00     0.0  355.68    0.00    0.00     0.0  355.68    0.00    0.00    2.0      4579.375     13.50   47.24000   39.71000  "Undefined"       0.0        0.27  0.00000000
04.04.2019 01:16:29.215   4.99600000   4995.99925   0.07  -74.4   12.8  28.0 31.80  354.2     0.0  354.24    0.00    0.00     0.0  354.24    0.00    0.00     0.0  354.24    0.00    0.00    1.3      4589.215     13.50   47.24000   39.71000  "Undefined"       0.0       -0.75  0.00000000
04.04.2019 01:16:41.015   4.99600000   4995.99977   0.11  -54.0   29.0  28.0 31.20  352.1     0.0  352.08    0.00    0.00     0.0  352.08    0.00    0.00     0.0  352.08    0.00    0.00    2.0      4601.015     13.50   47.24000   39.71000  "Undefined"       0.0       -0.23  0.00000000
04.04.2019 01:16:50.844   4.99600000   4996.00094   0.62  -48.5   27.0  28.0 28.20  354.2     0.0  354.25    0.00    0.00     0.0  354.25    0.00    0.00     0.0  354.25    0.00    0.00    1.4      4610.844     13.50   47.24000   39.71000  "Undefined"       0.0        0.94  0.00000000
04.04.2019 01:17:02.494   4.99600000   4995.99906   0.51  -49.4   27.0  28.0 30.00  353.5     0.0  353.52    0.00    0.00     0.0  353.52    0.00    0.00     0.0  353.52    0.00    0.00    1.3      4622.494     13.50   47.24000   39.71000  "Undefined"       0.0       -0.94  0.00000000
04.04.2019 01:17:12.329   4.99600000   4996.01579   0.53  -70.3    5.9  28.0 25.20  353.5     0.0  353.52    0.00    0.00     0.0  353.52    0.00    0.00     0.0  353.52    0.00    0.00    1.6      4632.329     13.50   47.24000   39.71000  "Undefined"       0.0       15.79  0.00000000
04.04.2019 01:17:22.188   4.99600000   4995.99963   0.07  -75.3    9.9  28.0 30.00  353.5     0.0  353.51    0.00    0.00     0.0  353.51    0.00    0.00     0.0  353.51    0.00    0.00    1.2      4642.188     13.50   47.24000   39.71000  "Undefined"       0.0       -0.37  0.00000000
04.04.2019 01:17:32.028   4.99600000   4996.00032   0.62  -50.1   25.4  28.0 24.60  353.5     0.0  353.51    0.00    0.00     0.0  353.51    0.00    0.00     0.0  353.51    0.00    0.00    1.4      4652.028     13.50   47.24000   39.71000  "Undefined"       0.0        0.32  0.00000000
04.04.2019 01:17:41.873   4.99600000   4995.99994   0.62  -46.8   28.7  28.0 30.00  353.5     0.0  353.51    0.00    0.00     0.0  353.51    0.00    0.00     0.0  353.51    0.00    0.00    1.2      4661.873     13.50   47.24000   39.71000  "Undefined"       0.0       -0.06  0.00000000
04.04.2019 01:17:52.433   4.99600000   4996.00028   0.62  -45.0   30.6  28.0 27.60  354.2     0.0  354.23    0.00    0.00     0.0  354.23    0.00    0.00     0.0  354.23    0.00    0.00    1.3      4672.433     13.50   47.24000   39.71000  "Undefined"       0.0        0.28  0.00000000
04.04.2019 01:18:02.276   4.99600000   4996.00237   0.07  -80.6    4.6  28.0 28.20  353.5     0.0  353.52    0.00    0.00     0.0  353.52    0.00    0.00     0.0  353.52    0.00    0.00    1.4      4682.276     13.50   47.24000   39.71000  "Undefined"       0.0        2.37  0.00000000
04.04.2019 01:18:12.131   4.99600000   4996.01639   0.31  -75.1    3.4  28.0 29.40  354.2     0.0  354.24    0.00    0.00     0.0  354.24    0.00    0.00     0.0  354.24    0.00    0.00    1.4      4692.131     13.50   47.24000   39.71000  "Undefined"       0.0       16.39  0.00000000
04.04.2019 01:18:21.955   4.99600000   4995.99976   0.11  -52.1   30.9  28.0 25.20  352.8     0.0  352.79    0.00    0.00     0.0  352.79    0.00    0.00     0.0  352.79    0.00    0.00    1.4      4701.955     13.50   47.24000   39.71000  "Undefined"       0.0       -0.24  0.00000000
04.04.2019 01:18:32.519   4.99600000   4995.99842   0.55  -52.4   23.7  28.0 30.60  352.1     0.0  352.08    0.00    0.00     0.0  352.08    0.00    0.00     0.0  352.08    0.00    0.00    1.8      4712.519     13.50   47.24000   39.71000  "Undefined"       0.0       -1.58  0.00000000
04.04.2019 01:18:42.365   4.99600000   4995.99945   0.18  -48.6   32.4  28.0 30.00  353.5     0.0  353.53    0.00    0.00     0.0  353.53    0.00    0.00     0.0  353.53    0.00    0.00    1.2      4722.365     13.50   47.24000   39.71000  "Undefined"       0.0       -0.55  0.00000000
04.04.2019 01:18:52.219   4.99600000   4995.99971   0.11  -50.7   32.3  28.0 25.20  351.4     0.0  351.36    0.00    0.00     0.0  351.36    0.00    0.00     0.0  351.36    0.00    0.00    1.7      4732.219     13.50   47.24000   39.71000  "Undefined"       0.0       -0.29  0.00000000
04.04.2019 01:19:02.046   4.99600000   4995.99976   0.11  -47.6   35.4  28.0 30.00  353.5     0.0  353.51    0.00    0.00     0.0  353.51    0.00    0.00     0.0  353.51    0.00    0.00    1.2      4742.046     13.50   47.24000   39.71000  "Undefined"       0.0       -0.24  0.00000000
04.04.2019 01:19:11.885   4.99600000   4996.00046   0.62  -47.9   27.7  28.0 27.00  352.1     0.0  352.09    0.00    0.00     0.0  352.09    0.00    0.00     0.0  352.09    0.00    0.00    1.3      4751.885     13.50   47.24000   39.71000  "Undefined"       0.0        0.46  0.00000000
04.04.2019 01:19:22.488   4.99600000   4995.99896   0.62  -44.8   30.7  28.0 29.41  353.5     0.0  353.51    0.00    0.00     0.0  353.51    0.00    0.00     0.0  353.51    0.00    0.00    1.2      4762.488     13.50   47.24000   39.71000  "Undefined"       0.0       -1.04  0.00000000
04.04.2019 01:19:32.330   4.99600000   4996.01198   0.62  -60.0   15.6  28.0 28.20  352.8     0.0  352.81    0.00    0.00     0.0  352.81    0.00    0.00     0.0  352.81    0.00    0.00    1.4      4772.330     13.50   47.24000   39.71000  "Undefined"       0.0       11.98  0.00000000
04.04.2019 01:19:42.178   4.99600000   4995.99922   0.07  -73.0   12.2  28.0 30.60  353.5     0.0  353.51    0.00    0.00     0.0  353.51    0.00    0.00     0.0  353.51    0.00    0.00    1.2      4782.178     13.50   47.24000   39.71000  "Undefined"       0.0       -0.78  0.00000000
04.04.2019 01:19:54.167   4.99600000   4996.00241   0.62  -43.6   31.9  28.0 31.20  354.2     0.0  354.23    0.00    0.00     0.0  354.23    0.00    0.00     0.0  354.23    0.00    0.00    1.3      4794.167     13.50   47.24000   39.71000  "Undefined"       0.0        2.41  0.00000000
04.04.2019 01:20:04.005   4.99600000   4995.99421   0.58  -50.6   23.3  28.0 31.80  353.5     0.0  353.51    0.00    0.00     0.0  353.51    0.00    0.00     0.0  353.51    0.00    0.00    1.8      4804.005     13.50   47.24000   39.71000  "Undefined"       0.0       -5.79  0.00000000
04.04.2019 01:20:13.841   4.99600000   4996.00174   0.62  -40.1   35.4  28.0 31.20  353.5     0.0  353.54    0.00    0.00     0.0  353.54    0.00    0.00     0.0  353.54    0.00    0.00    1.3      4813.841     13.50   47.24000   39.71000  "Undefined"       0.0        1.74  0.00000000
04.04.2019 01:20:24.396   4.99600000   4995.99818   0.62  -47.7   27.8  28.0 34.80  354.2     0.0  354.24    0.00    0.00     0.0  354.24    0.00    0.00     0.0  354.24    0.00    0.00    1.5      4824.396     13.50   47.24000   39.71000  "Undefined"       0.0       -1.82  0.00000000
04.04.2019 01:20:34.242   4.99600000   4996.00191   0.62  -40.2   35.3  28.0 31.80  353.5     0.0  353.52    0.00    0.00     0.0  353.52    0.00    0.00     0.0  353.52    0.00    0.00    1.2      4834.242     13.50   47.24000   39.71000  "Undefined"       0.0        1.91  0.00000000
04.04.2019 01:20:44.073   4.99600000   4995.99484   0.60  -49.1   24.6  28.0 31.20  352.8     0.0  352.80    0.00    0.00     0.0  352.80    0.00    0.00     0.0  352.80    0.00    0.00    1.4      4844.073     13.50   47.24000   39.71000  "Undefined"       0.0       -5.16  0.00000000
04.04.2019 01:20:53.898   4.99600000   4996.00068   0.62  -40.2   35.4  28.0 31.20  354.2     0.0  354.23    0.00    0.00     0.0  354.23    0.00    0.00     0.0  354.23    0.00    0.00    1.2      4853.898     13.50   47.24000   39.71000  "Undefined"       0.0        0.68  0.00000000
04.04.2019 01:21:04.456   4.99600000   4995.99425   0.60  -51.1   24.6  28.0 31.20  352.1     0.0  352.09    0.00    0.00     0.0  352.09    0.00    0.00     0.0  352.09    0.00    0.00    1.5      4864.456     13.50   47.24000   39.71000  "Undefined"       0.0       -5.75  0.00000000
04.04.2019 01:21:14.292   4.99600000   4996.00090   0.62  -41.5   34.0  28.0 31.20  353.5     0.0  353.53    0.00    0.00     0.0  353.53    0.00    0.00     0.0  353.53    0.00    0.00    1.2      4874.292     13.50   47.24000   39.71000  "Undefined"       0.0        0.90  0.00000000
04.04.2019 01:21:24.177   4.99600000   4995.99874   0.62  -47.8   27.7  28.0 28.20  352.8     0.0  352.79    0.00    0.00     0.0  352.79    0.00    0.00     0.0  352.79    0.00    0.00    1.5      4884.177     13.50   47.24000   39.71000  "Undefined"       0.0       -1.26  0.00000000
04.04.2019 01:21:34.035   4.99600000   4996.00155   0.62  -42.3   33.2  28.0 30.00  354.2     0.0  354.23    0.00    0.00     0.0  354.23    0.00    0.00     0.0  354.23    0.00    0.00    1.3      4894.035     13.50   47.24000   39.71000  "Undefined"       0.0        1.55  0.00000000
04.04.2019 01:21:43.875   4.99600000   4995.99940   0.62  -43.4   32.1  28.0 31.20  353.5     0.0  353.51    0.00    0.00     0.0  353.51    0.00    0.00     0.0  353.51    0.00    0.00    1.3      4903.875     13.50   47.24000   39.71000  "Undefined"       0.0       -0.60  0.00000000
04.04.2019 01:21:54.434   4.99600000   4996.00411   0.62  -45.3   30.2  28.0 28.80  354.2     0.0  354.24    0.00    0.00     0.0  354.24    0.00    0.00     0.0  354.24    0.00    0.00    1.5      4914.434     13.50   47.24000   39.71000  "Undefined"       0.0        4.11  0.00000000
04.04.2019 01:22:04.317   4.99600000   4996.00161   0.62  -39.6   35.9  28.0 31.20  353.5     0.0  353.52    0.00    0.00     0.0  353.52    0.00    0.00     0.0  353.52    0.00    0.00    1.2      4924.317     13.50   47.24000   39.71000  "Undefined"       0.0        1.61  0.00000000
04.04.2019 01:22:14.180   4.99600000   4995.99936   0.62  -44.8   26.7  28.0 28.80  353.5     0.0  353.52    0.00    0.00     0.0  353.52    0.00    0.00     0.0  353.52    0.00    0.00    1.3      4934.180     13.50   47.24000   39.71000  "Undefined"       0.0       -0.64  0.00000000
04.04.2019 01:22:25.100   4.99600000   4996.00075   0.62  -38.3   37.2  28.0 31.19  354.2     0.0  354.24    0.00    0.00     0.0  354.24    0.00    0.00     0.0  354.24    0.00    0.00    1.2      4945.100     13.50   47.24000   39.71000  "Undefined"       0.0        0.75  0.00000000
04.04.2019 01:22:34.941   4.99600000   4995.99978   0.62  -39.8   31.7  28.0 29.40  353.5     0.0  353.52    0.00    0.00     0.0  353.52    0.00    0.00     0.0  353.52    0.00    0.00    1.3      4954.941     13.50   47.24000   39.71000  "Undefined"       0.0       -0.22  0.00000000
04.04.2019 01:22:45.521   4.99600000   4996.00183   0.62  -35.7   39.8  28.0 30.60  354.2     0.0  354.22    0.00    0.00     0.0  354.22    0.00    0.00     0.0  354.22    0.00    0.00    1.2      4965.521     13.50   47.24000   39.71000  "Undefined"       0.0        1.83  0.00000000
04.04.2019 01:22:55.353   4.99600000   4995.99982   0.62  -38.5   37.0  28.0 30.60  354.2     0.0  354.23    0.00    0.00     0.0  354.23    0.00    0.00     0.0  354.23    0.00    0.00    1.3      4975.353     13.50   47.24000   39.71000  "Undefined"       0.0       -0.18  0.00000000
04.04.2019 01:23:05.173   4.99600000   4996.00194   0.62  -39.6   35.9  28.0 30.00  354.2     0.0  354.24    0.00    0.00     0.0  354.24    0.00    0.00     0.0  354.24    0.00    0.00    1.2      4985.173     13.50   47.24000   39.71000  "Undefined"       0.0        1.94  0.00000000
04.04.2019 01:23:14.999   4.99600000   4995.99995   0.62  -37.7   37.8  28.0 31.80  354.2     0.0  354.24    0.00    0.00     0.0  354.24    0.00    0.00     0.0  354.24    0.00    0.00    1.2      4994.999     13.50   47.24000   39.71000  "Undefined"       0.0       -0.05  0.00000000
04.04.2019 01:23:25.893   4.99600000   4996.00127   0.62  -41.4   34.1  28.0 30.00  354.2     0.0  354.23    0.00    0.00     0.0  354.23    0.00    0.00     0.0  354.23    0.00    0.00    1.2      5005.893     13.50   47.24000   39.71000  "Undefined"       0.0        1.27  0.00000000
04.04.2019 01:23:36.456   4.99600000   4996.00024   0.62  -38.1   39.4  28.0 31.80  354.2     0.0  354.25    0.00    0.00     0.0  354.25    0.00    0.00     0.0  354.25    0.00    0.00    1.2      5016.456     13.50   47.24000   39.71000  "Undefined"       0.0        0.24  0.00000000
04.04.2019 01:23:46.316   4.99600000   4996.00012   0.62  -47.8   27.7  28.0 30.60  353.5     0.0  353.52    0.00    0.00     0.0  353.52    0.00    0.00     0.0  353.52    0.00    0.00    1.5      5026.316     13.50   47.24000   39.71000  "Undefined"       0.0        0.12  0.00000000
04.04.2019 01:23:57.215   4.99600000   4996.00205   0.62  -38.6   37.0  28.0 31.20  354.2     0.0  354.23    0.00    0.00     0.0  354.23    0.00    0.00     0.0  354.23    0.00    0.00    1.2      5037.215     13.50   47.24000   39.71000  "Undefined"       0.0        2.05  0.00000000
04.04.2019 01:24:07.061   4.99600000   4996.00103   0.62  -39.6   35.9  28.0 31.20  354.2     0.0  354.24    0.00    0.00     0.0  354.24    0.00    0.00     0.0  354.24    0.00    0.00    1.2      5047.061     13.50   47.24000   39.71000  "Undefined"       0.0        1.03  0.00000000
04.04.2019 01:24:16.893   4.99600000   4995.99999   0.62  -44.4   31.1  28.0 30.60  353.5     0.0  353.53    0.00    0.00     0.0  353.53    0.00    0.00     0.0  353.53    0.00    0.00    1.3      5056.893     13.50   47.24000   39.71000  "Undefined"       0.0       -0.01  0.00000000
04.04.2019 01:24:27.806   4.99600000   4996.00117   0.62  -39.5   36.0  28.0 30.61  354.2     0.0  354.25    0.00    0.00     0.0  354.25    0.00    0.00     0.0  354.25    0.00    0.00    1.2      5067.806     13.50   47.24000   39.71000  "Undefined"       0.0        1.17  0.00000000
04.04.2019 01:24:38.377   4.99600000   4996.00121   0.62  -36.8   38.8  28.0 31.20  354.2     0.0  354.23    0.00    0.00     0.0  354.23    0.00    0.00     0.0  354.23    0.00    0.00    1.2      5078.377     13.50   47.24000   39.71000  "Undefined"       0.0        1.21  0.00000000
04.04.2019 01:24:48.213   4.99600000   4995.99976   0.11  -67.8   15.2  28.0 31.20  355.0     0.0  354.95    0.00    0.00     0.0  354.95    0.00    0.00     0.0  354.95    0.00    0.00    1.2      5088.213     13.50   47.24000   39.71000  "Undefined"       0.0       -0.24  0.00000000
04.04.2019 01:24:58.042   4.99600000   4995.99991   0.62  -37.0   38.6  28.0 31.80  354.3     0.0  354.26    0.00    0.00     0.0  354.26    0.00    0.00     0.0  354.26    0.00    0.00    1.2      5098.042     13.50   47.24000   39.71000  "Undefined"       0.0       -0.09  0.00000000
04.04.2019 01:25:07.867   4.99600000   4995.99990   0.62  -41.1   34.4  28.0 32.40  354.3     0.0  354.25    0.00    0.00     0.0  354.25    0.00    0.00     0.0  354.25    0.00    0.00    1.2      5107.867     13.50   47.24000   39.71000  "Undefined"       0.0       -0.10  0.00000000
04.04.2019 01:25:18.434   4.99600000   4996.00094   0.62  -44.3   29.2  28.0 32.40  355.0     0.0  354.95    0.00    0.00     0.0  354.95    0.00    0.00     0.0  354.95    0.00    0.00    1.3      5118.434     13.50   47.24000   39.71000  "Undefined"       0.0        0.94  0.00000000
04.04.2019 01:25:28.273   4.99600000   4996.00094   0.62  -46.3   29.2  28.0 33.00  355.0     0.0  354.96    0.00    0.00     0.0  354.96    0.00    0.00     0.0  354.96    0.00    0.00    1.3      5128.273     13.50   47.24000   39.71000  "Undefined"       0.0        0.94  0.00000000
04.04.2019 01:25:38.098   4.99600000   4995.99991   0.62  -53.2   22.3  28.0 33.00  354.2     0.0  354.25    0.00    0.00     0.0  354.25    0.00    0.00     0.0  354.25    0.00    0.00    1.3      5138.098     13.50   47.24000   39.71000  "Undefined"       0.0       -0.09  0.00000000
04.04.2019 01:25:47.923   4.99600000   4996.00039   0.22  -66.4   13.6  28.0 24.00  353.5     0.0  353.52    0.00    0.00     0.0  353.52    0.00    0.00     0.0  353.52    0.00    0.00    1.9      5147.923     13.50   47.24000   39.71000  "Undefined"       0.0        0.39  0.00000000
04.04.2019 01:25:58.823   4.99600000   4995.99806   0.60  -58.4   17.3  28.0 31.20  356.4     0.0  356.40    0.00    0.00     0.0  356.40    0.00    0.00     0.0  356.40    0.00    0.00    1.3      5158.823     13.50   47.24000   39.71000  "Undefined"       0.0       -1.94  0.00000000
04.04.2019 01:26:38.828   4.99600000   4996.00452   0.22  -67.2   12.8  28.0 39.00  357.1     0.0  357.12    0.00    0.00     0.0  357.12    0.00    0.00     0.0  357.12    0.00    0.00    2.0      5198.828     13.50   47.24000   39.71000  "Undefined"       0.0        4.52  0.00000000
04.04.2019 01:26:59.567   4.99600000   4996.00340   0.27  -66.0   13.2  28.0 38.40  356.4     0.0  356.40    0.00    0.00     0.0  356.40    0.00    0.00     0.0  356.40    0.00    0.00    1.9      5219.567     13.50   47.24000   39.71000  "Undefined"       0.0        3.40  0.00000000
04.04.2019 01:27:09.432   4.99600000   4996.00427   0.33  -62.5   15.7  28.0 19.80  355.7     0.0  355.69    0.00    0.00     0.0  355.69    0.00    0.00     0.0  355.69    0.00    0.00    1.6      5229.432     13.50   47.24000   39.71000  "Undefined"       0.0        4.27  0.00000000
04.04.2019 01:27:19.267   4.99600000   4995.99416   0.13  -71.8   10.4  28.0 33.60  352.1     0.0  352.08    0.00    0.00     0.0  352.08    0.00    0.00     0.0  352.08    0.00    0.00    2.0      5239.267     13.50   47.24000   39.71000  "Undefined"       0.0       -5.84  0.00000000
04.04.2019 01:27:29.471   4.99600000   4995.99959   0.11  -70.3   12.7  28.0 14.40  352.1   822.4  352.18   54.56   37.98  1651.3  352.35   61.90   35.55     0.0  352.07    0.00    0.00    1.5      5249.471     13.50   47.24000   39.71000  "Undefined"       0.0       -0.41  0.00000000
04.04.2019 01:28:40.401   4.99600000   4995.99935   0.29  -64.6   14.2  28.0 24.00  355.0     0.0  354.96    0.00    0.00     0.0  354.96    0.00    0.00     0.0  354.96    0.00    0.00    1.4      5320.401     13.50   47.24000   39.71000  "Undefined"       0.0       -0.65  0.00000000
04.04.2019 01:29:00.446   4.99600000   4996.00010   0.18  -65.7   15.2  28.0 22.20  354.2     0.0  354.24    0.00    0.00     0.0  354.24    0.00    0.00     0.0  354.24    0.00    0.00    1.6      5340.446     13.50   47.24000   39.71000  "Undefined"       0.0        0.10  0.00000000
04.04.2019 01:29:11.362   4.99600000   4996.00276   0.33  -65.3   12.9  28.0 16.20  355.7     0.0  355.69    0.00    0.00     0.0  355.69    0.00    0.00     0.0  355.69    0.00    0.00    1.5      5351.362     13.50   47.24000   39.71000  "Undefined"       0.0        2.76  0.00000000
04.04.2019 01:29:31.025   4.99600000   4996.00136   0.24  -67.6   12.0  28.0 24.00  355.0     0.0  354.96    0.00    0.00     0.0  354.96    0.00    0.00     0.0  354.96    0.00    0.00    1.6      5371.025     13.50   47.24000   39.71000  "Undefined"       0.0        1.36  0.00000000
04.04.2019 01:29:40.860   4.99600000   4995.99837   0.27  -65.5   13.7  28.0 17.40  354.2     0.0  354.23    0.00    0.00     0.0  354.23    0.00    0.00     0.0  354.23    0.00    0.00    1.9      5380.860     13.50   47.24000   39.71000  "Undefined"       0.0       -1.63  0.00000000
04.04.2019 01:30:02.320   4.99600000   4995.99982   0.11  -59.5   23.6  28.0 13.20  355.0   879.9  355.04   55.12   38.52  1775.9  355.16   63.13   36.77  2654.0  355.37   70.95   33.96    1.9      5402.320     13.50   47.24000   39.71000  "Undefined"       0.0       -0.18  0.00000000
04.04.2019 01:30:12.537   4.99600000   4995.99979   0.11  -59.4   23.6  28.0 13.80  351.4   849.9  351.49   54.79   37.75  1711.1  351.68   62.40   34.96  2552.5  351.99   69.77   30.67    2.0      5412.537     13.50   47.24000   39.71000  "Undefined"       0.0       -0.21  0.00000000
04.04.2019 01:30:34.359   4.99600000   4995.99997   0.11  -56.7   26.4  28.0  7.20  354.2  1307.2  354.39   58.92   37.50  2567.6  354.65   70.14   33.53  3729.9  355.28   80.34   23.98    1.5      5434.359     13.50   47.24000   39.71000  "Undefined"       0.0       -0.03  0.00000000
04.04.2019 01:31:17.371   4.99600000   4995.99991   0.11  -58.8   24.2  28.0 13.80  353.5   850.1  353.61   54.83   38.24  1712.5  353.76   62.51   36.12  2556.2  354.00   69.99   32.86    1.4      5477.371     13.50   47.24000   39.71000  "Undefined"       0.0       -0.09  0.00000000
04.04.2019 01:31:38.507   4.99600000   4995.99990   0.11  -54.3   28.7  28.0  7.20  353.5  1307.2  353.69   58.90   37.22  2566.6  353.98   70.08   32.78  3725.1  354.67   80.19   22.21    1.3      5498.507     13.50   47.24000   39.71000  "Undefined"       0.0       -0.10  0.00000000
04.04.2019 01:31:49.421   4.99600000   4995.99984   0.11  -54.4   28.6  28.0  8.40  353.5  1199.6  353.67   57.95   37.48  2382.6  353.92   68.45   33.66  3495.0  354.48   78.21   25.50    1.4      5509.421     13.50   47.24000   39.71000  "Undefined"       0.0       -0.16  0.00000000
04.04.2019 01:32:10.188   4.99600000   4995.99998   0.11  -56.9   26.1  28.0 12.60  353.5   911.4  353.61   55.38   38.11  1840.4  353.77   63.65   35.72  2751.2  354.06   71.71   31.78    1.5      5530.188     13.50   47.24000   39.71000  "Undefined"       0.0       -0.02  0.00000000
04.04.2019 01:32:20.354   4.99600000   4995.99992   0.11  -53.6   29.4  28.0 10.20  354.2  1060.7  354.35   56.72   38.00  2135.9  354.54   66.31   35.24  3183.4  354.92   75.58   29.90    1.3      5540.354     13.50   47.24000   39.71000  "Undefined"       0.0       -0.08  0.00000000
04.04.2019 01:32:31.280   4.99600000   4995.99989   0.11  -50.5   32.5  28.0 10.80  353.5  1019.8  353.65   56.34   37.89  2056.8  353.85   65.57   35.00  3070.4  354.23   74.51   29.66    1.2      5551.280     13.50   47.24000   39.71000  "Undefined"       0.0       -0.11  0.00000000
04.04.2019 01:32:41.476   4.99600000   4995.99990   0.11  -51.3   31.8  28.0  9.60  353.5  1104.1  353.63   57.09   37.69  2216.6  353.86   66.98   34.36  3292.1  354.33   76.44   27.69    1.2      5561.476     13.50   47.24000   39.71000  "Undefined"       0.0       -0.10  0.00000000
04.04.2019 01:32:52.401   4.99600000   4995.99991   0.11  -52.0   31.0  28.0  7.20  353.5  1307.2  353.65   58.90   37.21  2566.6  353.95   70.07   32.74  3724.9  354.64   80.18   22.13    1.2      5572.401     13.50   47.24000   39.71000  "Undefined"       0.0       -0.09  0.00000000
04.04.2019 01:33:03.308   4.99600000   4995.99991   0.11  -53.7   31.3  28.0 13.80  353.5   850.1  353.61   54.83   38.24  1712.6  353.76   62.51   36.12  2556.3  353.99   69.99   32.85    1.3      5583.308     13.50   47.24000   39.71000  "Undefined"       0.0       -0.09  0.00000000
04.04.2019 01:33:14.308   4.99600000   4995.99992   0.11  -58.4   24.6  28.0 10.80  353.5  1019.7  353.66   56.34   37.89  2056.8  353.85   65.57   35.00  3070.4  354.24   74.51   29.67    1.5      5594.308     13.50   47.24000   39.71000  "Undefined"       0.0       -0.08  0.00000000
04.04.2019 01:34:16.171   4.99600000   4995.99884   0.11  -64.5   18.5  28.0 15.00  354.2   798.6  354.32   54.38   38.49  1593.8  354.43   61.48   36.83     0.0  354.25    0.00    0.00    1.8      5656.171     13.50   47.24000   39.71000  "Undefined"       0.0       -1.16  0.00000000
04.04.2019 01:35:51.455   4.99600000   4995.99977   0.11  -61.1   21.9  28.0 31.80  352.8     0.0  352.80    0.00    0.00     0.0  352.80    0.00    0.00     0.0  352.80    0.00    0.00    1.7      5751.455     13.50   47.24000   39.71000  "Undefined"       0.0       -0.23  0.00000000
04.04.2019 01:36:13.308   4.99600000   4995.99972   0.11  -64.1   18.9  28.0 24.00  354.2     0.0  354.24    0.00    0.00     0.0  354.24    0.00    0.00     0.0  354.24    0.00    0.00    1.9      5773.308     13.50   47.24000   39.71000  "Undefined"       0.0       -0.28  0.00000000
04.04.2019 01:36:45.358   4.99600000   4995.99995   0.11  -61.0   20.0  28.0  9.60  351.4  1106.0  351.53   57.05   37.03  2230.0  351.83   66.95   32.56  3326.2  352.45   76.42   23.51    1.9      5805.358     13.50   47.24000   39.71000  "Undefined"       0.0       -0.05  0.00000000
04.04.2019 01:37:05.376   4.99600000   4995.99984   0.11  -54.6   28.4  28.0 22.80  354.2     0.0  354.24    0.00    0.00     0.0  354.24    0.00    0.00     0.0  354.24    0.00    0.00    1.9      5825.376     13.50   47.24000   39.71000  "Undefined"       0.0       -0.16  0.00000000
04.04.2019 01:37:16.278   4.99600000   4996.00027   0.11  -66.5   16.5  28.0 23.40  355.7     0.0  355.68    0.00    0.00     0.0  355.68    0.00    0.00     0.0  355.68    0.00    0.00    1.8      5836.278     13.50   47.24000   39.71000  "Undefined"       0.0        0.27  0.00000000
04.04.2019 01:37:46.448   4.99600000   4995.99939   0.11  -58.9   26.1  28.0 28.20  354.2     0.0  354.24    0.00    0.00     0.0  354.24    0.00    0.00     0.0  354.24    0.00    0.00    2.0      5866.448     13.50   47.24000   39.71000  "Undefined"       0.0       -0.61  0.00000000
04.04.2019 01:38:59.293   4.99600000   4995.99972   0.62  -48.9   26.7  28.0 34.80  354.2     0.0  354.24    0.00    0.00     0.0  354.24    0.00    0.00     0.0  354.24    0.00    0.00    1.4      5939.293     13.50   47.24000   39.71000  "Undefined"       0.0       -0.28  0.00000000
04.04.2019 01:39:09.128   4.99600000   4995.99979   0.62  -36.1   39.5  28.0 34.80  354.2     0.0  354.25    0.00    0.00     0.0  354.25    0.00    0.00     0.0  354.25    0.00    0.00    1.4      5949.128     13.50   47.24000   39.71000  "Undefined"       0.0       -0.21  0.00000000
04.04.2019 01:39:18.953   4.99600000   4995.99974   0.62  -30.8   44.7  28.0 35.40  354.2     0.0  354.24    0.00    0.00     0.0  354.24    0.00    0.00     0.0  354.24    0.00    0.00    1.3      5958.953     13.50   47.24000   39.71000  "Undefined"       0.0       -0.26  0.00000000
04.04.2019 01:39:29.867   4.99600000   4995.99978   0.62  -25.6   50.0  28.0 34.80  354.3     0.0  354.25    0.00    0.00     0.0  354.25    0.00    0.00     0.0  354.25    0.00    0.00    1.2      5969.867     13.50   47.24000   39.71000  "Undefined"       0.0       -0.22  0.00000000
04.04.2019 01:39:40.056   4.99600000   4995.99984   0.62  -26.5   49.0  28.0 34.80  354.9     0.0  354.95    0.00    0.00     0.0  354.95    0.00    0.00     0.0  354.95    0.00    0.00    1.2      5980.056     13.50   47.24000   39.71000  "Undefined"       0.0       -0.16  0.00000000
04.04.2019 01:39:49.898   4.99600000   4995.99990   0.11  -63.8   19.2  28.0 34.80  355.0     0.0  354.95    0.00    0.00     0.0  354.95    0.00    0.00     0.0  354.95    0.00    0.00    1.2      5989.898     13.50   47.24000   39.71000  "Undefined"       0.0       -0.10  0.00000000
04.04.2019 01:40:00.085   4.99600000   4995.99957   0.60  -48.7   27.0  28.0 28.80  355.7     0.0  355.68    0.00    0.00     0.0  355.68    0.00    0.00     0.0  355.68    0.00    0.00    1.9      6000.085     13.50   47.24000   39.71000  "Undefined"       0.0       -0.43  0.00000000
04.04.2019 01:40:09.920   4.99600000   4995.99959   0.62  -34.4   41.1  28.0 35.40  354.3     0.0  354.25    0.00    0.00     0.0  354.25    0.00    0.00     0.0  354.25    0.00    0.00    1.2      6009.920     13.50   47.24000   39.71000  "Undefined"       0.0       -0.41  0.00000000
04.04.2019 01:40:20.488   4.99600000   4996.00039   0.62  -40.7   34.8  28.0 35.40  355.7     0.0  355.67    0.00    0.00     0.0  355.67    0.00    0.00     0.0  355.67    0.00    0.00    1.4      6020.488     13.50   47.24000   39.71000  "Undefined"       0.0        0.39  0.00000000
04.04.2019 01:40:31.416   4.99600000   4995.99943   0.62  -38.8   36.7  28.0 35.40  354.3     0.0  354.25    0.00    0.00     0.0  354.25    0.00    0.00     0.0  354.25    0.00    0.00    1.2      6031.416     13.50   47.24000   39.71000  "Undefined"       0.0       -0.57  0.00000000
04.04.2019 01:40:41.245   4.99600000   4996.00029   0.09  -68.3   15.7  28.0 36.00  355.0     0.0  354.96    0.00    0.00     0.0  354.96    0.00    0.00     0.0  354.96    0.00    0.00    1.2      6041.245     13.50   47.24000   39.71000  "Undefined"       0.0        0.29  0.00000000
04.04.2019 01:41:01.261   4.99600000   4995.99991   0.62  -42.5   33.1  28.0 35.41  355.0     0.0  354.95    0.00    0.00     0.0  354.95    0.00    0.00     0.0  354.95    0.00    0.00    1.2      6061.261     13.50   47.24000   39.71000  "Undefined"       0.0       -0.09  0.00000000
04.04.2019 01:41:11.094   4.99600000   4996.00463   0.62  -56.0   19.6  28.0 25.80  356.4     0.0  356.40    0.00    0.00     0.0  356.40    0.00    0.00     0.0  356.40    0.00    0.00    1.9      6071.094     13.50   47.24000   39.71000  "Undefined"       0.0        4.63  0.00000000
04.04.2019 01:41:22.015   4.99600000   4995.99948   0.62  -39.9   35.7  28.0 34.80  355.0     0.0  354.95    0.00    0.00     0.0  354.95    0.00    0.00     0.0  354.95    0.00    0.00    1.2      6082.015     13.50   47.24000   39.71000  "Undefined"       0.0       -0.52  0.00000000
04.04.2019 01:41:31.860   4.99600000   4996.00125   0.62  -48.5   27.1  28.0 29.40  355.7     0.0  355.68    0.00    0.00     0.0  355.68    0.00    0.00     0.0  355.68    0.00    0.00    1.6      6091.860     13.50   47.24000   39.71000  "Undefined"       0.0        1.25  0.00000000
04.04.2019 01:41:42.481   4.99600000   4995.99988   0.35  -40.6   35.4  28.0 35.40  354.3     0.0  354.25    0.00    0.00     0.0  354.25    0.00    0.00     0.0  354.25    0.00    0.00    1.2      6102.481     13.50   47.24000   39.71000  "Undefined"       0.0       -0.12  0.00000000
04.04.2019 01:41:52.338   4.99600000   4995.99969   0.11  -45.8   37.2  28.0 33.00  353.5     0.0  353.53    0.00    0.00     0.0  353.53    0.00    0.00     0.0  353.53    0.00    0.00    1.4      6112.338     13.50   47.24000   39.71000  "Undefined"       0.0       -0.31  0.00000000
04.04.2019 01:42:02.526   4.99600000   4995.99983   0.38  -41.0   36.7  28.0 34.20  354.2     0.0  354.25    0.00    0.00     0.0  354.25    0.00    0.00     0.0  354.25    0.00    0.00    1.2      6122.526     13.50   47.24000   39.71000  "Undefined"       0.0       -0.17  0.00000000
04.04.2019 01:42:12.403   4.99600000   4996.00025   0.62  -48.8   26.7  28.0 27.00  355.0     0.0  354.95    0.00    0.00     0.0  354.95    0.00    0.00     0.0  354.95    0.00    0.00    1.4      6132.403     13.50   47.24000   39.71000  "Undefined"       0.0        0.25  0.00000000
04.04.2019 01:42:22.257   4.99600000   4995.99977   0.11  -68.2   14.9  28.0 34.19  354.3     0.0  354.25    0.00    0.00     0.0  354.25    0.00    0.00     0.0  354.25    0.00    0.00    1.2      6142.257     13.50   47.24000   39.71000  "Undefined"       0.0       -0.23  0.00000000
04.04.2019 01:42:32.461   4.99600000   4995.99916   0.62  -45.2   30.3  28.0 30.00  355.0     0.0  354.95    0.00    0.00     0.0  354.95    0.00    0.00     0.0  354.95    0.00    0.00    1.4      6152.461     13.50   47.24000   39.71000  "Undefined"       0.0       -0.84  0.00000000
04.04.2019 01:42:42.301   4.99600000   4996.00656   0.62  -63.7   11.8  28.0 33.60  354.3     0.0  354.25    0.00    0.00     0.0  354.25    0.00    0.00     0.0  354.25    0.00    0.00    1.2      6162.301     13.50   47.24000   39.71000  "Undefined"       0.0        6.56  0.00000000
04.04.2019 01:42:52.156   4.99600000   4995.99980   0.20  -38.6   41.8  28.0 32.40  354.2     0.0  354.22    0.00    0.00     0.0  354.22    0.00    0.00     0.0  354.22    0.00    0.00    1.3      6172.156     13.50   47.24000   39.71000  "Undefined"       0.0       -0.20  0.00000000
04.04.2019 01:43:03.074   4.99600000   4996.00003   0.11  -45.7   35.3  28.0 33.00  354.2     0.0  354.25    0.00    0.00     0.0  354.25    0.00    0.00     0.0  354.25    0.00    0.00    1.3      6183.074     13.50   47.24000   39.71000  "Undefined"       0.0        0.03  0.00000000
04.04.2019 01:43:13.273   4.99600000   4996.00005   0.07  -69.7   15.5  28.0 33.60  354.2     0.0  354.25    0.00    0.00     0.0  354.25    0.00    0.00     0.0  354.25    0.00    0.00    1.3      6193.273     13.50   47.24000   39.71000  "Undefined"       0.0        0.05  0.00000000
04.04.2019 01:43:23.473   4.99600000   4995.99961   0.29  -45.2   33.7  28.0 27.00  355.0     0.0  354.95    0.00    0.00     0.0  354.95    0.00    0.00     0.0  354.95    0.00    0.00    1.5      6203.473     13.50   47.24000   39.71000  "Undefined"       0.0       -0.39  0.00000000
04.04.2019 01:43:34.407   4.99600000   4996.00070   0.62  -38.4   37.1  28.0 33.00  354.3     0.0  354.25    0.00    0.00     0.0  354.25    0.00    0.00     0.0  354.25    0.00    0.00    1.2      6214.407     13.50   47.24000   39.71000  "Undefined"       0.0        0.70  0.00000000
04.04.2019 01:43:44.251   4.99600000   4995.99957   0.07  -73.1   12.1  28.0 28.80  353.5     0.0  353.53    0.00    0.00     0.0  353.53    0.00    0.00     0.0  353.53    0.00    0.00    1.7      6224.251     13.50   47.24000   39.71000  "Undefined"       0.0       -0.43  0.00000000
04.04.2019 01:43:54.455   4.99600000   4996.00152   0.62  -39.8   35.7  28.0 33.00  354.2     0.0  354.25    0.00    0.00     0.0  354.25    0.00    0.00     0.0  354.25    0.00    0.00    1.4      6234.455     13.50   47.24000   39.71000  "Undefined"       0.0        1.52  0.00000000
04.04.2019 01:44:04.293   4.99600000   4995.99942   0.09  -69.8   14.2  28.0 33.00  354.2     0.0  354.24    0.00    0.00     0.0  354.24    0.00    0.00     0.0  354.24    0.00    0.00    1.3      6244.293     13.50   47.24000   39.71000  "Undefined"       0.0       -0.58  0.00000000
04.04.2019 01:44:14.144   4.99600000   4995.99943   0.07  -72.4   12.8  28.0 30.60  355.0     0.0  354.96    0.00    0.00     0.0  354.96    0.00    0.00     0.0  354.96    0.00    0.00    1.6      6254.144     13.50   47.24000   39.71000  "Undefined"       0.0       -0.57  0.00000000
04.04.2019 01:44:23.973   4.99600000   4995.99965   0.27  -41.1   38.1  28.0 32.41  354.2     0.0  354.25    0.00    0.00     0.0  354.25    0.00    0.00     0.0  354.25    0.00    0.00    1.2      6263.973     13.50   47.24000   39.71000  "Undefined"       0.0       -0.35  0.00000000
04.04.2019 01:44:34.538   4.99600000   4995.99990   0.62  -43.1   32.4  28.0 28.20  354.2     0.0  354.23    0.00    0.00     0.0  354.23    0.00    0.00     0.0  354.23    0.00    0.00    1.4      6274.538     13.50   47.24000   39.71000  "Undefined"       0.0       -0.10  0.00000000
04.04.2019 01:44:44.388   4.99600000   4995.99992   0.40  -42.5   34.9  28.0 29.40  354.2     0.0  354.24    0.00    0.00     0.0  354.24    0.00    0.00     0.0  354.24    0.00    0.00    1.3      6284.388     13.50   47.24000   39.71000  "Undefined"       0.0       -0.08  0.00000000
04.04.2019 01:44:55.308   4.99600000   4995.99902   0.62  -53.4   22.1  28.0 31.80  353.5     0.0  353.52    0.00    0.00     0.0  353.52    0.00    0.00     0.0  353.52    0.00    0.00    1.4      6295.308     13.50   47.24000   39.71000  "Undefined"       0.0       -0.98  0.00000000
04.04.2019 01:45:05.155   4.99600000   4996.00057   0.07  -73.4   11.8  28.0 30.00  354.2     0.0  354.24    0.00    0.00     0.0  354.24    0.00    0.00     0.0  354.24    0.00    0.00    1.8      6305.155     13.50   47.24000   39.71000  "Undefined"       0.0        0.57  0.00000000
04.04.2019 01:45:15.030   4.99600000   4996.00020   0.40  -42.7   34.7  28.0 30.00  354.3     0.0  354.25    0.00    0.00     0.0  354.25    0.00    0.00     0.0  354.25    0.00    0.00    1.3      6315.030     13.50   47.24000   39.71000  "Undefined"       0.0        0.20  0.00000000
04.04.2019 01:45:25.474   4.99600000   4995.99968   0.27  -42.0   37.2  28.0 31.80  354.2     0.0  354.25    0.00    0.00     0.0  354.25    0.00    0.00     0.0  354.25    0.00    0.00    1.2      6325.474     13.50   47.24000   39.71000  "Undefined"       0.0       -0.32  0.00000000
04.04.2019 01:45:35.334   4.99600000   4995.99913   0.11  -50.2   32.8  28.0 25.20  355.0     0.0  354.97    0.00    0.00     0.0  354.97    0.00    0.00     0.0  354.97    0.00    0.00    1.4      6335.334     13.50   47.24000   39.71000  "Undefined"       0.0       -0.87  0.00000000
04.04.2019 01:45:45.173   4.99600000   4996.00000   0.07  -70.9   14.3  28.0 36.60  355.0     0.0  354.96    0.00    0.00     0.0  354.96    0.00    0.00     0.0  354.96    0.00    0.00    1.5      6345.173     13.50   47.24000   39.71000  "Undefined"       0.0       -0.00  0.00000000
04.04.2019 01:46:04.861   4.99600000   4996.00163   0.62  -41.6   33.9  28.0 16.20  352.8     0.0  352.81    0.00    0.00     0.0  352.81    0.00    0.00     0.0  352.81    0.00    0.00    1.3      6364.861     13.50   47.24000   39.71000  "Undefined"       0.0        1.63  0.00000000
04.04.2019 01:46:04.861   4.99600000   4996.00163   0.62  -41.6   33.9  28.0 19.20  353.5     0.0  353.51    0.00    0.00     0.0  353.51    0.00    0.00     0.0  353.51    0.00    0.00    1.3      6364.861     13.50   47.24000   39.71000  "Undefined"       0.0        1.63  0.00000000
04.04.2019 01:46:15.439   4.99600000   4996.00085   0.60  -44.9   30.8  28.0 33.60  354.2     0.0  354.25    0.00    0.00     0.0  354.25    0.00    0.00     0.0  354.25    0.00    0.00    1.3      6375.439     13.50   47.24000   39.71000  "Undefined"       0.0        0.85  0.00000000
04.04.2019 01:46:25.292   4.99600000   4995.99927   0.07  -73.0   12.2  28.0 36.00  354.2     0.0  354.23    0.00    0.00     0.0  354.23    0.00    0.00     0.0  354.23    0.00    0.00    1.6      6385.292     13.50   47.24000   39.71000  "Undefined"       0.0       -0.73  0.00000000
04.04.2019 01:46:35.134   4.99600000   4995.99963   0.07  -72.1   13.1  28.0 24.00  353.5     0.0  353.52    0.00    0.00     0.0  353.52    0.00    0.00     0.0  353.52    0.00    0.00    1.7      6395.134     13.50   47.24000   39.71000  "Undefined"       0.0       -0.37  0.00000000
04.04.2019 01:46:44.995   4.99600000   4996.00177   0.62  -42.8   32.7  28.0 13.80  352.8   850.7  352.91   54.82   38.08  1715.6  353.08   62.51   35.73  2579.6  353.36   70.14   32.00    1.3      6404.995     13.50   47.24000   39.71000  "Undefined"       0.0        1.77  0.00000000
04.04.2019 01:46:54.848   4.99600000   4995.99943   0.62  -43.1   32.4  28.0 28.80  352.8     0.0  352.81    0.00    0.00     0.0  352.81    0.00    0.00     0.0  352.81    0.00    0.00    1.5      6414.848     13.50   47.24000   39.71000  "Undefined"       0.0       -0.57  0.00000000
04.04.2019 01:47:05.412   4.99600000   4995.99985   0.62  -43.4   32.1  28.0 21.60  354.2     0.0  354.23    0.00    0.00     0.0  354.23    0.00    0.00     0.0  354.23    0.00    0.00    1.3      6425.412     13.50   47.24000   39.71000  "Undefined"       0.0       -0.15  0.00000000
04.04.2019 01:47:15.260   4.99600000   4995.99966   0.07  -74.9   10.3  28.0 37.80  355.0     0.0  354.96    0.00    0.00     0.0  354.96    0.00    0.00     0.0  354.96    0.00    0.00    1.5      6435.260     13.50   47.24000   39.71000  "Undefined"       0.0       -0.34  0.00000000
04.04.2019 01:47:34.988   4.99600000   4996.00151   0.62  -44.9   30.7  28.0 24.00  355.0     0.0  354.95    0.00    0.00     0.0  354.95    0.00    0.00     0.0  354.95    0.00    0.00    1.5      6454.988     13.50   47.24000   39.71000  "Undefined"       0.0        1.51  0.00000000
04.04.2019 01:47:45.543   4.99600000   4996.00234   0.55  -48.1   27.9  28.0 28.80  354.9     0.0  354.95    0.00    0.00     0.0  354.95    0.00    0.00     0.0  354.95    0.00    0.00    1.3      6465.543     13.50   47.24000   39.71000  "Undefined"       0.0        2.34  0.00000000
04.04.2019 01:47:45.543   4.99600000   4996.00234   0.55  -48.1   27.9  28.0 15.60  354.2     0.0  354.24    0.00    0.00     0.0  354.24    0.00    0.00     0.0  354.24    0.00    0.00    1.3      6465.543     13.50   47.24000   39.71000  "Undefined"       0.0        2.34  0.00000000
04.04.2019 01:47:55.415   4.99600000   4995.99835   0.49  -50.1   26.4  28.0 23.40  353.5     0.0  353.51    0.00    0.00     0.0  353.51    0.00    0.00     0.0  353.51    0.00    0.00    1.9      6475.415     13.50   47.24000   39.71000  "Undefined"       0.0       -1.65  0.00000000
04.04.2019 01:48:05.274   4.99600000   4995.99945   0.07  -74.1   11.2  28.0 26.40  354.2     0.0  354.24    0.00    0.00     0.0  354.24    0.00    0.00     0.0  354.24    0.00    0.00    1.3      6485.274     13.50   47.24000   39.71000  "Undefined"       0.0       -0.55  0.00000000
04.04.2019 01:48:15.117   4.99600000   4995.99921   0.07  -79.3    5.9  28.0 30.00  355.0     0.0  354.95    0.00    0.00     0.0  354.95    0.00    0.00     0.0  354.95    0.00    0.00    1.5      6495.117     13.50   47.24000   39.71000  "Undefined"       0.0       -0.79  0.00000000
04.04.2019 01:48:24.958   4.99600000   4995.99951   0.62  -48.9   26.6  28.0 31.20  353.5     0.0  353.53    0.00    0.00     0.0  353.53    0.00    0.00     0.0  353.53    0.00    0.00    1.5      6504.958     13.50   47.24000   39.71000  "Undefined"       0.0       -0.49  0.00000000
04.04.2019 01:48:34.834   4.99600000   4995.99984   0.18  -46.4   34.6  28.0 27.00  354.2     0.0  354.24    0.00    0.00     0.0  354.24    0.00    0.00     0.0  354.24    0.00    0.00    1.3      6514.834     13.50   47.24000   39.71000  "Undefined"       0.0       -0.16  0.00000000
04.04.2019 01:48:45.395   4.99600000   4996.00111   0.62  -48.5   27.0  28.0 24.00  355.0     0.0  354.97    0.00    0.00     0.0  354.97    0.00    0.00     0.0  354.97    0.00    0.00    1.4      6525.395     13.50   47.24000   39.71000  "Undefined"       0.0        1.11  0.00000000
04.04.2019 01:48:55.237   4.99600000   4995.99898   0.07  -75.6    9.6  28.0 33.60  354.2     0.0  354.23    0.00    0.00     0.0  354.23    0.00    0.00     0.0  354.23    0.00    0.00    1.3      6535.237     13.50   47.24000   39.71000  "Undefined"       0.0       -1.02  0.00000000
04.04.2019 01:49:05.429   4.99600000   4995.99981   0.15  -49.0   32.6  28.0 31.20  354.2     0.0  354.25    0.00    0.00     0.0  354.25    0.00    0.00     0.0  354.25    0.00    0.00    1.3      6545.429     13.50   47.24000   39.71000  "Undefined"       0.0       -0.19  0.00000000
04.04.2019 01:49:15.274   4.99600000   4995.99835   0.07  -76.6    8.6  28.0 30.00  355.0     0.0  354.96    0.00    0.00     0.0  354.96    0.00    0.00     0.0  354.96    0.00    0.00    1.3      6555.274     13.50   47.24000   39.71000  "Undefined"       0.0       -1.65  0.00000000
04.04.2019 01:49:25.450   4.99600000   4995.99983   0.62  -45.3   30.3  28.0 31.80  354.2     0.0  354.23    0.00    0.00     0.0  354.23    0.00    0.00     0.0  354.23    0.00    0.00    1.3      6565.450     13.50   47.24000   39.71000  "Undefined"       0.0       -0.17  0.00000000
04.04.2019 01:49:35.295   4.99600000   4995.96530   0.42  -74.1    3.1  28.0 22.20  355.0     0.0  354.96    0.00    0.00     0.0  354.96    0.00    0.00     0.0  354.96    0.00    0.00    1.5      6575.295     13.50   47.24000   39.71000  "Undefined"       0.0      -34.70  0.00000000
04.04.2019 01:49:45.147   4.99600000   4995.99940   0.07  -73.6   11.7  28.0 29.40  354.2     0.0  354.24    0.00    0.00     0.0  354.24    0.00    0.00     0.0  354.24    0.00    0.00    1.5      6585.147     13.50   47.24000   39.71000  "Undefined"       0.0       -0.60  0.00000000
04.04.2019 01:49:54.994   4.99600000   4996.00196   0.62  -45.5   30.0  28.0 19.80  354.2     0.0  354.21    0.00    0.00     0.0  354.21    0.00    0.00     0.0  354.21    0.00    0.00    1.2      6594.994     13.50   47.24000   39.71000  "Undefined"       0.0        1.96  0.00000000
04.04.2019 01:50:16.834   4.99600000   4996.00042   0.62  -42.5   33.0  28.0 10.80  353.5  1021.0  353.65   56.35   37.89  2064.0  353.85   65.63   34.97  3099.4  354.27   74.77   29.47    1.3      6616.834     13.50   47.24000   39.71000  "Undefined"       0.0        0.42  0.00000000
04.04.2019 01:50:16.834   4.99600000   4996.00042   0.62  -42.5   33.0  28.0 33.60  353.5     0.0  353.52    0.00    0.00     0.0  353.52    0.00    0.00     0.0  353.52    0.00    0.00    1.2      6616.834     13.50   47.24000   39.71000  "Undefined"       0.0        0.42  0.00000000
04.04.2019 01:50:27.442   4.99600000   4996.00200   0.62  -48.1   27.4  28.0 30.00  354.2     0.0  354.24    0.00    0.00     0.0  354.24    0.00    0.00     0.0  354.24    0.00    0.00    1.2      6627.442     13.50   47.24000   39.71000  "Undefined"       0.0        2.00  0.00000000
04.04.2019 01:50:37.319   4.99600000   4996.00153   0.62  -46.5   29.0  28.0 12.60  354.3   909.6  354.35   55.37   38.30  1835.8  354.50   63.64   36.19  2761.9  354.78   71.86   32.65    1.5      6637.319     13.50   47.24000   39.71000  "Undefined"       0.0        1.53  0.00000000
04.04.2019 01:50:37.319   4.99600000   4996.00153   0.62  -46.5   29.0  28.0 36.00  353.5     0.0  353.52    0.00    0.00     0.0  353.52    0.00    0.00     0.0  353.52    0.00    0.00    1.5      6637.319     13.50   47.24000   39.71000  "Undefined"       0.0        1.53  0.00000000
04.04.2019 01:50:47.157   4.99600000   4996.00120   0.62  -41.0   34.5  28.0 18.60  353.5     0.0  353.54    0.00    0.00     0.0  353.54    0.00    0.00     0.0  353.54    0.00    0.00    1.2      6647.157     13.50   47.24000   39.71000  "Undefined"       0.0        1.20  0.00000000
04.04.2019 01:50:47.157   4.99600000   4996.00120   0.62  -41.0   34.5  28.0 36.00  353.5     0.0  353.54    0.00    0.00     0.0  353.54    0.00    0.00     0.0  353.54    0.00    0.00    1.2      6647.157     13.50   47.24000   39.71000  "Undefined"       0.0        1.20  0.00000000
04.04.2019 01:50:57.009   4.99600000   4996.00188   0.62  -47.8   27.7  28.0 33.00  353.5     0.0  353.50    0.00    0.00     0.0  353.50    0.00    0.00     0.0  353.50    0.00    0.00    1.2      6657.009     13.50   47.24000   39.71000  "Undefined"       0.0        1.88  0.00000000
04.04.2019 01:50:57.009   4.99600000   4996.00188   0.62  -47.8   27.7  28.0 34.80  352.8     0.0  352.80    0.00    0.00     0.0  352.80    0.00    0.00     0.0  352.80    0.00    0.00    1.2      6657.009     13.50   47.24000   39.71000  "Undefined"       0.0        1.88  0.00000000
04.04.2019 01:51:07.933   4.99600000   4996.00250   0.62  -43.9   31.6  28.0 18.60  355.0     0.0  354.95    0.00    0.00     0.0  354.95    0.00    0.00     0.0  354.95    0.00    0.00    1.4      6667.933     13.50   47.24000   39.71000  "Undefined"       0.0        2.50  0.00000000
04.04.2019 01:51:07.933   4.99600000   4996.00250   0.62  -43.9   31.6  28.0 37.20  353.5     0.0  353.52    0.00    0.00     0.0  353.52    0.00    0.00     0.0  353.52    0.00    0.00    1.3      6667.933     13.50   47.24000   39.71000  "Undefined"       0.0        2.50  0.00000000
04.04.2019 01:51:20.269   4.99600000   4996.00100   0.62  -41.6   33.9  28.0 33.00  353.5     0.0  353.52    0.00    0.00     0.0  353.52    0.00    0.00     0.0  353.52    0.00    0.00    1.2      6680.269     13.50   47.24000   39.71000  "Undefined"       0.0        1.00  0.00000000
04.04.2019 01:51:30.481   4.99600000   4995.99976   0.62  -40.7   32.8  28.0 27.60  354.2     0.0  354.23    0.00    0.00     0.0  354.23    0.00    0.00     0.0  354.23    0.00    0.00    1.2      6690.481     13.50   47.24000   39.71000  "Undefined"       0.0       -0.24  0.00000000
04.04.2019 01:51:30.481   4.99600000   4995.99976   0.62  -40.7   32.8  28.0 31.80  353.5     0.0  353.51    0.00    0.00     0.0  353.51    0.00    0.00     0.0  353.51    0.00    0.00    1.2      6690.481     13.50   47.24000   39.71000  "Undefined"       0.0       -0.24  0.00000000
04.04.2019 01:51:30.481   4.99600000   4995.99976   0.62  -40.7   32.8  28.0 34.20  352.8     0.0  352.81    0.00    0.00     0.0  352.81    0.00    0.00     0.0  352.81    0.00    0.00    1.2      6690.481     13.50   47.24000   39.71000  "Undefined"       0.0       -0.24  0.00000000
04.04.2019 01:51:41.411   4.99600000   4995.99939   0.62  -42.7   32.8  28.0 31.20  353.5     0.0  353.52    0.00    0.00     0.0  353.52    0.00    0.00     0.0  353.52    0.00    0.00    1.2      6701.411     13.50   47.24000   39.71000  "Undefined"       0.0       -0.61  0.00000000
04.04.2019 01:51:52.325   4.99600000   4996.00061   0.62  -39.8   35.7  28.0 25.20  354.3     0.0  354.26    0.00    0.00     0.0  354.26    0.00    0.00     0.0  354.26    0.00    0.00    1.2      6712.325     13.50   47.24000   39.71000  "Undefined"       0.0        0.61  0.00000000
04.04.2019 01:51:52.325   4.99600000   4996.00061   0.62  -39.8   35.7  28.0 24.00  354.9     0.0  354.94    0.00    0.00     0.0  354.94    0.00    0.00     0.0  354.94    0.00    0.00    1.2      6712.325     13.50   47.24000   39.71000  "Undefined"       0.0        0.61  0.00000000
04.04.2019 01:52:03.238   4.99600000   4996.00436   0.62  -43.6   31.9  28.0 31.20  354.2     0.0  354.23    0.00    0.00     0.0  354.23    0.00    0.00     0.0  354.23    0.00    0.00    1.3      6723.238     13.50   47.24000   39.71000  "Undefined"       0.0        4.36  0.00000000
04.04.2019 01:52:03.238   4.99600000   4996.00436   0.62  -43.6   31.9  28.0 32.40  353.5     0.0  353.54    0.00    0.00     0.0  353.54    0.00    0.00     0.0  353.54    0.00    0.00    1.3      6723.238     13.50   47.24000   39.71000  "Undefined"       0.0        4.36  0.00000000
04.04.2019 01:52:16.323   4.99600000   4996.00142   0.62  -44.4   31.1  28.0 35.40  353.5     0.0  353.51    0.00    0.00     0.0  353.51    0.00    0.00     0.0  353.51    0.00    0.00    1.3      6736.323     13.50   47.24000   39.71000  "Undefined"       0.0        1.42  0.00000000
04.04.2019 01:52:26.156   4.99600000   4996.00340   0.62  -38.9   36.6  28.0 34.20  353.5     0.0  353.50    0.00    0.00     0.0  353.50    0.00    0.00     0.0  353.50    0.00    0.00    1.3      6746.156     13.50   47.24000   39.71000  "Undefined"       0.0        3.40  0.00000000
04.04.2019 01:52:26.156   4.99600000   4996.00340   0.62  -38.9   36.6  28.0 19.20  353.5     0.0  353.54    0.00    0.00     0.0  353.54    0.00    0.00     0.0  353.54    0.00    0.00    1.2      6746.156     13.50   47.24000   39.71000  "Undefined"       0.0        3.40  0.00000000
04.04.2019 01:52:35.998   4.99600000   4995.99841   0.62  -39.1   36.4  28.0  9.00  353.5  1150.2  353.64   57.51   37.59  2313.3  353.89   67.84   33.96  3451.4  354.45   77.83   26.02    1.2      6755.998     13.50   47.24000   39.71000  "Undefined"       0.0       -1.59  0.00000000
04.04.2019 01:52:35.998   4.99600000   4995.99841   0.62  -39.1   36.4  28.0 33.60  352.8     0.0  352.81    0.00    0.00     0.0  352.81    0.00    0.00     0.0  352.81    0.00    0.00    1.2      6755.998     13.50   47.24000   39.71000  "Undefined"       0.0       -1.59  0.00000000
04.04.2019 01:52:45.848   4.99600000   4996.00247   0.62  -42.0   33.5  28.0 17.40  354.2     0.0  354.22    0.00    0.00     0.0  354.22    0.00    0.00     0.0  354.22    0.00    0.00    1.2      6765.848     13.50   47.24000   39.71000  "Undefined"       0.0        2.47  0.00000000
04.04.2019 01:52:56.409   4.99600000   4995.99923   0.62  -40.1   35.4  28.0 32.40  352.1     0.0  352.09    0.00    0.00     0.0  352.09    0.00    0.00     0.0  352.09    0.00    0.00    1.3      6776.409     13.50   47.24000   39.71000  "Undefined"       0.0       -0.77  0.00000000
04.04.2019 01:52:56.409   4.99600000   4995.99923   0.62  -40.1   35.4  28.0 19.80  353.5     0.0  353.55    0.00    0.00     0.0  353.55    0.00    0.00     0.0  353.55    0.00    0.00    1.2      6776.409     13.50   47.24000   39.71000  "Undefined"       0.0       -0.77  0.00000000
04.04.2019 01:52:56.409   4.99600000   4995.99923   0.62  -40.1   35.4  28.0 18.00  354.2     0.0  354.22    0.00    0.00     0.0  354.22    0.00    0.00     0.0  354.22    0.00    0.00    1.2      6776.409     13.50   47.24000   39.71000  "Undefined"       0.0       -0.77  0.00000000
04.04.2019 01:53:06.249   4.99600000   4995.99960   0.62  -42.0   33.5  28.0 39.00  350.6     0.0  350.64    0.00    0.00     0.0  350.64    0.00    0.00     0.0  350.64    0.00    0.00    1.5      6786.249     13.50   47.24000   39.71000  "Undefined"       0.0       -0.40  0.00000000
04.04.2019 01:53:06.249   4.99600000   4995.99960   0.62  -42.0   33.5  28.0 17.40  354.2     0.0  354.22    0.00    0.00     0.0  354.22    0.00    0.00     0.0  354.22    0.00    0.00    1.3      6786.249     13.50   47.24000   39.71000  "Undefined"       0.0       -0.40  0.00000000
04.04.2019 01:53:16.100   4.99600000   4996.00094   0.62  -40.7   32.8  28.0 38.40  352.1     0.0  352.08    0.00    0.00     0.0  352.08    0.00    0.00     0.0  352.08    0.00    0.00    1.4      6796.100     13.50   47.24000   39.71000  "Undefined"       0.0        0.94  0.00000000
04.04.2019 01:53:16.100   4.99600000   4996.00094   0.62  -40.7   32.8  28.0 16.20  354.2     0.0  354.21    0.00    0.00     0.0  354.21    0.00    0.00     0.0  354.21    0.00    0.00    1.2      6796.100     13.50   47.24000   39.71000  "Undefined"       0.0        0.94  0.00000000
04.04.2019 01:53:26.297   4.99600000   4996.00085   0.62  -40.4   35.1  28.0 36.00  352.8     0.0  352.79    0.00    0.00     0.0  352.79    0.00    0.00     0.0  352.79    0.00    0.00    1.3      6806.297     13.50   47.24000   39.71000  "Undefined"       0.0        0.85  0.00000000
04.04.2019 01:53:26.297   4.99600000   4996.00085   0.62  -40.4   35.1  28.0 15.00  353.5   796.2  353.64   54.35   38.35  1595.2  353.78   61.47   36.48  2391.1  353.99   68.53   33.69    1.2      6806.297     13.50   47.24000   39.71000  "Undefined"       0.0        0.85  0.00000000
04.04.2019 01:53:36.496   4.99600000   4996.00191   0.62  -42.2   33.3  28.0 36.00  352.8     0.0  352.81    0.00    0.00     0.0  352.81    0.00    0.00     0.0  352.81    0.00    0.00    1.3      6816.496     13.50   47.24000   39.71000  "Undefined"       0.0        1.91  0.00000000
04.04.2019 01:53:48.526   4.99600000   4996.00561   0.62  -42.0   33.5  28.0 23.40  353.5     0.0  353.53    0.00    0.00     0.0  353.53    0.00    0.00     0.0  353.53    0.00    0.00    1.2      6828.526     13.50   47.24000   39.71000  "Undefined"       0.0        5.61  0.00000000
04.04.2019 01:53:59.447   4.99600000   4996.00308   0.62  -41.0   34.5  28.0 38.40  351.4     0.0  351.36    0.00    0.00     0.0  351.36    0.00    0.00     0.0  351.36    0.00    0.00    1.3      6839.447     13.50   47.24000   39.71000  "Undefined"       0.0        3.08  0.00000000
04.04.2019 01:53:59.447   4.99600000   4996.00308   0.62  -41.0   34.5  28.0 22.20  353.5     0.0  353.53    0.00    0.00     0.0  353.53    0.00    0.00     0.0  353.53    0.00    0.00    1.2      6839.447     13.50   47.24000   39.71000  "Undefined"       0.0        3.08  0.00000000
04.04.2019 01:54:10.374   4.99600000   4996.00222   0.62  -42.9   32.6  28.0 22.80  353.5     0.0  353.52    0.00    0.00     0.0  353.52    0.00    0.00     0.0  353.52    0.00    0.00    1.2      6850.374     13.50   47.24000   39.71000  "Undefined"       0.0        2.22  0.00000000
04.04.2019 01:54:21.315   4.99600000   4996.00232   0.62  -45.5   30.0  28.0 26.40  353.5     0.0  353.54    0.00    0.00     0.0  353.54    0.00    0.00     0.0  353.54    0.00    0.00    1.3      6861.315     13.50   47.24000   39.71000  "Undefined"       0.0        2.32  0.00000000
04.04.2019 01:54:21.315   4.99600000   4996.00232   0.62  -45.5   30.0  28.0 22.80  354.2     0.0  354.24    0.00    0.00     0.0  354.24    0.00    0.00     0.0  354.24    0.00    0.00    1.3      6861.315     13.50   47.24000   39.71000  "Undefined"       0.0        2.32  0.00000000
04.04.2019 01:54:21.315   4.99600000   4996.00232   0.62  -45.5   30.0  28.0 38.40  351.4     0.0  351.36    0.00    0.00     0.0  351.36    0.00    0.00     0.0  351.36    0.00    0.00    1.2      6861.315     13.50   47.24000   39.71000  "Undefined"       0.0        2.32  0.00000000
04.04.2019 01:54:31.520   4.99600000   4996.00016   0.62  -45.9   29.7  28.0 19.20  354.2     0.0  354.24    0.00    0.00     0.0  354.24    0.00    0.00     0.0  354.24    0.00    0.00    1.4      6871.520     13.50   47.24000   39.71000  "Undefined"       0.0        0.16  0.00000000
04.04.2019 01:54:31.520   4.99600000   4996.00016   0.62  -45.9   29.7  28.0 38.40  351.4     0.0  351.37    0.00    0.00     0.0  351.37    0.00    0.00     0.0  351.37    0.00    0.00    1.3      6871.520     13.50   47.24000   39.71000  "Undefined"       0.0        0.16  0.00000000
04.04.2019 01:54:42.452   4.99600000   4995.99644   0.51  -49.9   26.5  28.0 27.00  354.2     0.0  354.23    0.00    0.00     0.0  354.23    0.00    0.00     0.0  354.23    0.00    0.00    1.5      6882.452     13.50   47.24000   39.71000  "Undefined"       0.0       -3.56  0.00000000
04.04.2019 01:54:42.452   4.99600000   4995.99644   0.51  -49.9   26.5  28.0 40.20  351.3     0.0  351.35    0.00    0.00     0.0  351.35    0.00    0.00     0.0  351.35    0.00    0.00    1.3      6882.452     13.50   47.24000   39.71000  "Undefined"       0.0       -3.56  0.00000000
04.04.2019 01:54:54.446   4.99600000   4995.99797   0.62  -43.4   30.1  28.0 27.60  353.5     0.0  353.52    0.00    0.00     0.0  353.52    0.00    0.00     0.0  353.52    0.00    0.00    1.3      6894.446     13.50   47.24000   39.71000  "Undefined"       0.0       -2.03  0.00000000
04.04.2019 01:54:54.446   4.99600000   4995.99797   0.62  -43.4   30.1  28.0 32.40  352.8     0.0  352.79    0.00    0.00     0.0  352.79    0.00    0.00     0.0  352.79    0.00    0.00    1.3      6894.446     13.50   47.24000   39.71000  "Undefined"       0.0       -2.03  0.00000000
04.04.2019 01:54:54.446   4.99600000   4995.99797   0.62  -43.4   30.1  28.0 37.80  351.4     0.0  351.36    0.00    0.00     0.0  351.36    0.00    0.00     0.0  351.36    0.00    0.00    1.2      6894.446     13.50   47.24000   39.71000  "Undefined"       0.0       -2.03  0.00000000
04.04.2019 01:55:04.293   4.99600000   4996.00077   0.62  -42.6   32.9  28.0 32.40  352.8     0.0  352.81    0.00    0.00     0.0  352.81    0.00    0.00     0.0  352.81    0.00    0.00    1.2      6904.293     13.50   47.24000   39.71000  "Undefined"       0.0        0.77  0.00000000
04.04.2019 01:55:04.293   4.99600000   4996.00077   0.62  -42.6   32.9  28.0 31.20  353.5     0.0  353.51    0.00    0.00     0.0  353.51    0.00    0.00     0.0  353.51    0.00    0.00    1.2      6904.293     13.50   47.24000   39.71000  "Undefined"       0.0        0.77  0.00000000
04.04.2019 01:55:14.136   4.99600000   4996.00089   0.62  -43.9   31.7  28.0 36.00  352.1     0.0  352.08    0.00    0.00     0.0  352.08    0.00    0.00     0.0  352.08    0.00    0.00    1.2      6914.136     13.50   47.24000   39.71000  "Undefined"       0.0        0.89  0.00000000
04.04.2019 01:55:23.981   4.99600000   4996.00243   0.62  -43.1   32.4  28.0 37.80  351.4     0.0  351.37    0.00    0.00     0.0  351.37    0.00    0.00     0.0  351.37    0.00    0.00    1.3      6923.981     13.50   47.24000   39.71000  "Undefined"       0.0        2.43  0.00000000
04.04.2019 01:55:23.981   4.99600000   4996.00243   0.62  -43.1   32.4  28.0 18.60  354.2     0.0  354.23    0.00    0.00     0.0  354.23    0.00    0.00     0.0  354.23    0.00    0.00    1.2      6923.981     13.50   47.24000   39.71000  "Undefined"       0.0        2.43  0.00000000
04.04.2019 01:55:34.182   4.99600000   4996.00253   0.62  -46.9   24.7  28.0 39.00  350.6     0.0  350.63    0.00    0.00     0.0  350.63    0.00    0.00     0.0  350.63    0.00    0.00    1.3      6934.182     13.50   47.24000   39.71000  "Undefined"       0.0        2.53  0.00000000
04.04.2019 01:55:34.182   4.99600000   4996.00253   0.62  -46.9   24.7  28.0 21.60  353.5     0.0  353.54    0.00    0.00     0.0  353.54    0.00    0.00     0.0  353.54    0.00    0.00    1.2      6934.182     13.50   47.24000   39.71000  "Undefined"       0.0        2.53  0.00000000
04.04.2019 01:55:44.379   4.99600000   4995.99976   0.62  -43.2   28.3  28.0 29.40  352.8     0.0  352.81    0.00    0.00     0.0  352.81    0.00    0.00     0.0  352.81    0.00    0.00    1.2      6944.379     13.50   47.24000   39.71000  "Undefined"       0.0       -0.24  0.00000000
04.04.2019 01:55:44.379   4.99600000   4995.99976   0.62  -43.2   28.3  28.0 26.40  353.5     0.0  353.52    0.00    0.00     0.0  353.52    0.00    0.00     0.0  353.52    0.00    0.00    1.2      6944.379     13.50   47.24000   39.71000  "Undefined"       0.0       -0.24  0.00000000
04.04.2019 01:55:54.217   4.99600000   4996.00142   0.62  -43.5   32.0  28.0 36.60  351.4     0.0  351.36    0.00    0.00     0.0  351.36    0.00    0.00     0.0  351.36    0.00    0.00    1.2      6954.217     13.50   47.24000   39.71000  "Undefined"       0.0        1.42  0.00000000
04.04.2019 01:56:04.056   4.99600000   4996.00313   0.62  -45.0   30.5  28.0 40.20  350.6     0.0  350.64    0.00    0.00     0.0  350.64    0.00    0.00     0.0  350.64    0.00    0.00    1.4      6964.056     13.50   47.24000   39.71000  "Undefined"       0.0        3.13  0.00000000
04.04.2019 01:56:04.056   4.99600000   4996.00313   0.62  -45.0   30.5  28.0 21.00  354.2     0.0  354.22    0.00    0.00     0.0  354.22    0.00    0.00     0.0  354.22    0.00    0.00    1.2      6964.056     13.50   47.24000   39.71000  "Undefined"       0.0        3.13  0.00000000
04.04.2019 01:56:13.888   4.99600000   4995.99828   0.62  -46.2   29.4  28.0 29.40  354.2     0.0  354.25    0.00    0.00     0.0  354.25    0.00    0.00     0.0  354.25    0.00    0.00    1.2      6973.888     13.50   47.24000   39.71000  "Undefined"       0.0       -1.72  0.00000000
04.04.2019 01:56:24.453   4.99600000   4996.00142   0.62  -42.7   32.8  28.0 26.40  353.5     0.0  353.51    0.00    0.00     0.0  353.51    0.00    0.00     0.0  353.51    0.00    0.00    1.2      6984.453     13.50   47.24000   39.71000  "Undefined"       0.0        1.42  0.00000000
04.04.2019 01:56:24.453   4.99600000   4996.00142   0.62  -42.7   32.8  28.0 34.80  352.1     0.0  352.07    0.00    0.00     0.0  352.07    0.00    0.00     0.0  352.07    0.00    0.00    1.2      6984.453     13.50   47.24000   39.71000  "Undefined"       0.0        1.42  0.00000000
04.04.2019 01:56:24.453   4.99600000   4996.00142   0.62  -42.7   32.8  28.0 36.00  351.4     0.0  351.37    0.00    0.00     0.0  351.37    0.00    0.00     0.0  351.37    0.00    0.00    1.2      6984.453     13.50   47.24000   39.71000  "Undefined"       0.0        1.42  0.00000000
04.04.2019 01:56:34.293   4.99600000   4995.99892   0.62  -46.7   28.8  28.0 23.40  353.5     0.0  353.52    0.00    0.00     0.0  353.52    0.00    0.00     0.0  353.52    0.00    0.00    1.3      6994.293     13.50   47.24000   39.71000  "Undefined"       0.0       -1.08  0.00000000
04.04.2019 01:56:44.152   4.99600000   4996.00119   0.62  -41.9   33.7  28.0 33.60  352.1     0.0  352.07    0.00    0.00     0.0  352.07    0.00    0.00     0.0  352.07    0.00    0.00    1.2      7004.152     13.50   47.24000   39.71000  "Undefined"       0.0        1.19  0.00000000
04.04.2019 01:56:44.152   4.99600000   4996.00119   0.62  -41.9   33.7  28.0 16.20  353.5     0.0  353.50    0.00    0.00     0.0  353.50    0.00    0.00     0.0  353.50    0.00    0.00    1.2      7004.152     13.50   47.24000   39.71000  "Undefined"       0.0        1.19  0.00000000
04.04.2019 01:56:54.016   4.99600000   4995.74813   0.09  -73.6   10.4  28.0 28.20  352.1     0.0  352.08    0.00    0.00     0.0  352.08    0.00    0.00     0.0  352.08    0.00    0.00    1.9      7014.016     13.50   47.24000   39.71000  "Undefined"       0.0     -251.87  0.00000000
04.04.2019 01:57:06.014   4.99600000   4996.00391   0.62  -41.4   34.1  28.0 34.20  352.1     0.0  352.09    0.00    0.00     0.0  352.09    0.00    0.00     0.0  352.09    0.00    0.00    1.2      7026.014     13.50   47.24000   39.71000  "Undefined"       0.0        3.91  0.00000000
04.04.2019 01:57:06.014   4.99600000   4996.00391   0.62  -41.4   34.1  28.0 18.00  352.8     0.0  352.81    0.00    0.00     0.0  352.81    0.00    0.00     0.0  352.81    0.00    0.00    1.2      7026.014     13.50   47.24000   39.71000  "Undefined"       0.0        3.91  0.00000000
04.04.2019 01:57:15.849   4.99600000   4996.00011   0.62  -41.4   34.2  28.0 19.80  352.8     0.0  352.82    0.00    0.00     0.0  352.82    0.00    0.00     0.0  352.82    0.00    0.00    1.2      7035.849     13.50   47.24000   39.71000  "Undefined"       0.0        0.11  0.00000000
04.04.2019 01:57:27.474   4.99600000   4995.99642   0.62  -45.1   30.4  28.0 12.00  352.8   943.8  352.92   55.65   37.86  1905.9  353.12   64.19   35.06  2859.8  353.48   72.59   30.23    1.2      7047.474     13.50   47.24000   39.71000  "Undefined"       0.0       -3.58  0.00000000
04.04.2019 01:57:37.314   4.99600000   4996.00301   0.62  -46.3   29.2  28.0 18.00  353.5     0.0  353.52    0.00    0.00     0.0  353.52    0.00    0.00     0.0  353.52    0.00    0.00    1.2      7057.314     13.50   47.24000   39.71000  "Undefined"       0.0        3.01  0.00000000
04.04.2019 01:57:47.157   4.99600000   4996.00085   0.62  -43.3   32.2  28.0 24.60  353.5     0.0  353.51    0.00    0.00     0.0  353.51    0.00    0.00     0.0  353.51    0.00    0.00    1.3      7067.157     13.50   47.24000   39.71000  "Undefined"       0.0        0.85  0.00000000
04.04.2019 01:57:56.997   4.99600000   4996.00026   0.62  -43.3   32.2  28.0 27.60  352.8     0.0  352.80    0.00    0.00     0.0  352.80    0.00    0.00     0.0  352.80    0.00    0.00    1.3      7076.997     13.50   47.24000   39.71000  "Undefined"       0.0        0.26  0.00000000
04.04.2019 01:58:07.220   4.99600000   4996.00279   0.62  -44.8   30.7  28.0 27.60  353.5     0.0  353.51    0.00    0.00     0.0  353.51    0.00    0.00     0.0  353.51    0.00    0.00    1.3      7087.220     13.50   47.24000   39.71000  "Undefined"       0.0        2.79  0.00000000
04.04.2019 01:58:17.069   4.99600000   4996.00020   0.62  -44.4   31.1  28.0 25.20  352.8     0.0  352.81    0.00    0.00     0.0  352.81    0.00    0.00     0.0  352.81    0.00    0.00    1.3      7097.069     13.50   47.24000   39.71000  "Undefined"       0.0        0.20  0.00000000
04.04.2019 01:58:26.938   4.99600000   4996.00041   0.62  -42.0   35.5  28.0 31.20  352.8     0.0  352.81    0.00    0.00     0.0  352.81    0.00    0.00     0.0  352.81    0.00    0.00    1.2      7106.938     13.50   47.24000   39.71000  "Undefined"       0.0        0.41  0.00000000
04.04.2019 01:58:37.495   4.99600000   4995.99963   0.62  -42.2   33.3  28.0 26.40  353.5     0.0  353.52    0.00    0.00     0.0  353.52    0.00    0.00     0.0  353.52    0.00    0.00    1.4      7117.495     13.50   47.24000   39.71000  "Undefined"       0.0       -0.37  0.00000000
04.04.2019 01:58:47.328   4.99600000   4996.00090   0.62  -42.4   33.1  28.0 30.60  352.8     0.0  352.80    0.00    0.00     0.0  352.80    0.00    0.00     0.0  352.80    0.00    0.00    1.3      7127.328     13.50   47.24000   39.71000  "Undefined"       0.0        0.90  0.00000000
04.04.2019 01:58:57.148   4.99600000   4996.00322   0.62  -41.4   34.1  28.0 27.60  353.5     0.0  353.53    0.00    0.00     0.0  353.53    0.00    0.00     0.0  353.53    0.00    0.00    1.3      7137.148     13.50   47.24000   39.71000  "Undefined"       0.0        3.22  0.00000000
04.04.2019 01:59:06.993   4.99600000   4996.00091   0.62  -39.0   36.6  28.0 27.60  352.8     0.0  352.79    0.00    0.00     0.0  352.79    0.00    0.00     0.0  352.79    0.00    0.00    1.2      7146.993     13.50   47.24000   39.71000  "Undefined"       0.0        0.91  0.00000000
04.04.2019 01:59:16.847   4.99600000   4996.00080   0.62  -39.2   36.3  28.0 28.80  352.8     0.0  352.79    0.00    0.00     0.0  352.79    0.00    0.00     0.0  352.79    0.00    0.00    1.3      7156.847     13.50   47.24000   39.71000  "Undefined"       0.0        0.80  0.00000000
04.04.2019 01:59:27.408   4.99600000   4996.00077   0.62  -38.9   36.6  28.0 25.20  352.8     0.0  352.79    0.00    0.00     0.0  352.79    0.00    0.00     0.0  352.79    0.00    0.00    1.2      7167.408     13.50   47.24000   39.71000  "Undefined"       0.0        0.77  0.00000000
04.04.2019 01:59:37.238   4.99600000   4996.00101   0.62  -40.3   35.3  28.0 26.40  352.8     0.0  352.80    0.00    0.00     0.0  352.80    0.00    0.00     0.0  352.80    0.00    0.00    1.2      7177.238     13.50   47.24000   39.71000  "Undefined"       0.0        1.01  0.00000000
04.04.2019 01:59:47.078   4.99600000   4996.00147   0.62  -41.4   32.1  28.0 26.40  352.8     0.0  352.78    0.00    0.00     0.0  352.78    0.00    0.00     0.0  352.78    0.00    0.00    1.2      7187.078     13.50   47.24000   39.71000  "Undefined"       0.0        1.47  0.00000000
04.04.2019 01:59:56.918   4.99600000   4996.00002   0.46  -33.6   43.2  28.0 27.00  352.8     0.0  352.79    0.00    0.00     0.0  352.79    0.00    0.00     0.0  352.79    0.00    0.00    1.2      7196.918     13.50   47.24000   39.71000  "Undefined"       0.0        0.02  0.00000000
