
[strDate]   [strTime]   [Frq_rpu]    [Frq_meg]    [Band]  [E]   [S_N] [Att]  [B]     [A]    [S0]  [aIRI0]   [Lat0]  [Lon0]   [S1]  [aIRI1]  [Lat1]  [Lon1]   [S2]  [aIRI2]  [Lat2]  [Lon2] [Sigm] [Time_sec]  [Cource]  [BaseLat]  [BaseLon]  [TypeSignalName]  [DispApd]  [Dopler]  [Delay]
04.04.2019 15:59:53.094   5.33300000   5333.48053   2.52  -66.6   13.5  28.0 37.20  213.8   604.4  213.93   42.52   35.69  1172.0  213.83   38.09   32.37  1718.0  213.76   33.74   29.55    1.7     57593.094     13.50   47.10740   39.80800  "Undefined"      82.3      480.53  0.00000000
04.04.2019 16:00:04.955   5.33300000   5332.95567   0.35  -71.4    8.6  28.0 30.00  216.7     0.0  216.71    0.00    0.00     0.0  216.71    0.00    0.00     0.0  216.71    0.00    0.00    1.8     57604.955     13.50   47.10740   39.80800  "Undefined"       0.0      -44.33  0.00000000
04.04.2019 16:00:04.955   5.33300000   5333.65844   1.53  -67.9   10.8  28.0 40.80  209.5   528.9  209.48   42.92   36.61  1062.0  209.19   38.60   33.86  1554.3  208.90   34.54   31.66    1.4     57604.955     13.50   47.10740   39.80800  "Undefined"      68.5      658.44  0.00000000
04.04.2019 16:00:31.083   5.33300000   5333.62415   2.41  -66.8   23.7  28.0 47.40  211.7   439.9  211.65   43.70   36.94   888.2  211.42   40.15   34.37  1337.7  211.16   36.52   32.09    1.7     57631.083     13.50   47.10740   39.80800  "Undefined"      69.3      624.15  0.00000000
04.04.2019 16:00:31.083   5.33300000   5333.62415   2.41  -66.8   23.7  28.0 15.00  216.0   672.6  216.11   42.11   35.01  1340.4  216.21   37.00   30.92  2003.3  216.28   31.80   27.37    1.2     57631.083     13.50   47.10740   39.80800  "Undefined"      69.3      624.15  0.00000000
04.04.2019 16:01:49.914   5.33300000   5332.57353   0.09  -80.2   17.8  28.0 31.20  215.3   761.5  215.52   41.40   34.51  1205.2  215.58   37.98   31.83  1690.6  215.63   34.19   29.16    1.7     57709.914     13.50   47.10740   39.80800  "Undefined"       0.0     -426.47  0.00000000
04.04.2019 16:01:49.914   5.33300000   5333.34112   2.43  -58.3   27.8  28.0 48.60  216.0   425.7  216.00   43.97   36.68   854.2  215.84   40.71   33.88  1283.0  215.67   37.39   31.37    1.2     57709.914     13.50   47.10740   39.80800  "Undefined"      62.6      341.12  0.00000000
04.04.2019 16:02:03.962   5.33300000   5333.73287   2.52  -52.4   19.0  28.0 51.00  214.6   400.6  214.58   44.10   36.96   795.5  214.43   41.07   34.45  1184.1  214.26   38.03   32.22    1.2     57723.962     13.50   47.10740   39.80800  "Undefined"       0.0      732.87  0.00000000
04.04.2019 16:02:03.962   5.33300000   5333.73287   2.52  -52.4   19.0  28.0 49.80  215.3   413.0  215.28   44.03   36.82   824.4  215.13   40.89   34.17  1231.7  214.95   37.72   31.81    1.2     57723.962     13.50   47.10740   39.80800  "Undefined"       0.0      732.87  0.00000000
04.04.2019 16:02:14.710   5.33300000   5333.51039   2.52  -57.8   13.1  28.0 45.60  213.1   459.5  213.10   43.60   36.69   961.4  212.84   39.67   33.73  1457.2  212.54   35.69   31.17    1.2     57734.710     13.50   47.10740   39.80800  "Undefined"      66.2      510.39  0.00000000
04.04.2019 16:02:36.422   5.33300000   5332.74088   1.42  -70.9   10.7  28.0 45.60  208.8   459.5  208.74   43.45   37.07   951.3  208.43   39.45   34.55  1439.1  208.04   35.41   32.38    1.7     57756.422     13.50   47.10740   39.80800  "Undefined"      65.3     -259.12  0.00000000
04.04.2019 16:02:36.422   5.33300000   5333.06523   2.21  -65.1   13.3  28.0 46.20  208.8   452.9  208.75   43.50   37.11   933.6  208.45   39.60   34.63  1422.9  208.11   35.55   32.44    1.2     57756.422     13.50   47.10740   39.80800  "Undefined"      69.7       65.23  0.00000000
04.04.2019 16:02:51.520   5.33300000   5333.20022   2.52  -64.2   16.2  28.0 45.00  213.1   466.9  213.10   43.54   36.65   963.5  212.84   39.65   33.72  1449.1  212.54   35.76   31.21    1.3     57771.520     13.50   47.10740   39.80800  "Undefined"      70.6      200.22  0.00000000
04.04.2019 16:02:51.520   5.33300000   5333.20022   2.52  -64.2   16.2  28.0 41.40  214.6   517.6  214.57   43.21   36.19  1039.2  214.37   39.17   33.02  1519.9  214.17   35.37   30.44    1.3     57771.520     13.50   47.10740   39.80800  "Undefined"      70.6      200.22  0.00000000
04.04.2019 16:02:51.520   5.33300000   5333.20022   2.52  -64.2   16.2  28.0 42.60  213.8   499.1  213.85   43.33   36.37  1012.8  213.61   39.32   33.30  1482.7  213.36   35.57   30.84    1.3     57771.520     13.50   47.10740   39.80800  "Undefined"      70.6      200.22  0.00000000
04.04.2019 16:02:51.520   5.33300000   5333.20022   2.52  -64.2   16.2  28.0 51.60  210.2   394.2  210.23   44.02   37.33   780.2  210.05   40.93   35.16  1157.1  209.81   37.87   33.28    1.3     57771.520     13.50   47.10740   39.80800  "Undefined"      70.6      200.22  0.00000000
04.04.2019 16:02:51.520   5.33300000   5333.20022   2.52  -64.2   16.2  28.0 50.40  211.0   406.3  210.93   43.94   37.20   807.7  210.74   40.75   34.91  1201.9  210.50   37.56   32.91    1.3     57771.520     13.50   47.10740   39.80800  "Undefined"      70.6      200.22  0.00000000
04.04.2019 16:03:02.361   5.33300000   5333.16385   2.52  -62.2   12.1  28.0 22.80  216.0   482.7  216.13   43.54   36.28   960.1  216.21   39.93   33.16  1432.7  216.28   36.29   30.38    1.4     57782.361     13.50   47.10740   39.80800  "Undefined"      68.8      163.85  0.00000000
04.04.2019 16:03:02.361   5.33300000   5333.16385   2.52  -62.2   12.1  28.0 42.60  218.9   498.7  218.92   43.55   35.92  1009.0  218.80   39.78   32.42  1476.4  218.67   36.23   29.56    1.2     57782.361     13.50   47.10740   39.80800  "Undefined"      68.8      163.85  0.00000000
04.04.2019 16:04:12.785   5.33300000   5333.31948   2.52  -64.1   25.9  28.0 36.60  216.0   619.9  216.12   42.51   35.35  1193.5  216.08   38.12   31.79  1749.1  216.06   33.78   28.74    1.4     57852.785     13.50   47.10740   39.80800  "Undefined"      66.1      319.48  0.00000000
04.04.2019 16:04:34.275   5.33300000   5333.76462   2.43  -59.9   22.1  28.0 42.00  216.7   507.7  216.75   43.38   36.05  1023.6  216.59   39.48   32.71  1496.3  216.42   35.81   30.00    1.8     57874.275     13.50   47.10740   39.80800  "Undefined"      62.7      764.62  0.00000000
04.04.2019 16:05:12.139   5.33300000   5333.45699   2.48  -64.5   24.3  28.0 30.00  215.3     0.0  215.27    0.00    0.00     0.0  215.27    0.00    0.00     0.0  215.27    0.00    0.00    1.8     57912.139     13.50   47.10740   39.80800  "Undefined"      72.5      456.99  0.00000000
04.04.2019 16:05:12.139   5.33300000   5333.45699   2.48  -64.5   24.3  28.0 51.00  214.6   400.6  214.57   44.10   36.96   795.5  214.42   41.07   34.45  1184.0  214.24   38.03   32.22    1.6     57912.139     13.50   47.10740   39.80800  "Undefined"      72.5      456.99  0.00000000
04.04.2019 16:05:40.345   5.33300000   5333.92661   2.46  -59.7   21.8  28.0 20.40  216.0   528.8  216.15   43.20   35.96  1053.7  216.24   39.22   32.59  1573.6  216.31   35.19   29.60    1.2     57940.345     13.50   47.10740   39.80800  "Undefined"       0.0      926.61  0.00000000
04.04.2019 16:05:54.381   5.33300000   5333.57750   2.32  -64.8   17.5  28.0 20.40  215.3   528.8  215.41   43.17   36.03  1053.7  215.50   39.15   32.73  1573.7  215.57   35.10   29.80    1.4     57954.381     13.50   47.10740   39.80800  "Undefined"      70.7      577.50  0.00000000
04.04.2019 16:05:54.381   5.33300000   5333.57750   2.32  -64.8   17.5  28.0 50.40  216.0   406.6  216.08   44.11   36.81   802.2  216.09   41.13   34.17  1187.7  216.08   38.17   31.83    1.3     57954.381     13.50   47.10740   39.80800  "Undefined"      70.7      577.50  0.00000000
04.04.2019 16:06:08.477   5.33300000   5333.94152   2.52  -58.5   20.1  28.0 53.40  212.4   376.9  212.52   44.22   37.27   739.0  212.56   41.40   35.04  1088.0  212.60   38.65   33.07    1.3     57968.477     13.50   47.10740   39.80800  "Undefined"      67.8      941.52  0.00000000
04.04.2019 16:06:32.117   5.33300000   5333.15177   0.13  -76.3   21.9  28.0 18.60  217.4   569.0  217.56   42.97   35.55  1134.4  217.66   38.73   31.83  1694.9  217.73   34.42   28.56    1.9     57992.117     13.50   47.10740   39.80800  "Undefined"       0.0      151.77  0.00000000
04.04.2019 16:06:32.117   5.33300000   5332.99459   0.15  -75.3   22.3  28.0 58.80  206.6   329.0  206.85   44.45   37.94   636.0  206.98   41.95   36.32   926.1  207.11   39.58   34.89    1.7     57992.117     13.50   47.10740   39.80800  "Undefined"       0.0       -5.41  0.00000000
04.04.2019 16:06:32.117   5.33300000   5332.77423   0.31  -66.9   27.7  28.0 52.20  209.5   387.9  209.61   44.05   37.41   761.8  209.63   41.06   35.32  1122.6  209.67   38.14   33.47    1.8     57992.117     13.50   47.10740   39.80800  "Undefined"       0.0     -225.77  0.00000000
04.04.2019 16:06:32.117   5.33300000   5333.37663   1.59  -64.8   29.1  28.0 22.80  216.0   486.1  216.13   43.52   36.25   967.1  216.22   39.88   33.12  1442.8  216.29   36.21   30.33    1.5     57992.117     13.50   47.10740   39.80800  "Undefined"      63.2      376.63  0.00000000
04.04.2019 16:06:49.551   5.33300000   5333.33368   2.52  -58.0   30.8  28.0 27.00  216.0   448.5  216.12   43.80   36.51   880.2  216.21   40.54   33.66  1302.2  216.27   37.30   31.12    1.5     58009.551     13.50   47.10740   39.80800  "Undefined"      69.9      333.68  0.00000000
04.04.2019 16:06:49.551   5.33300000   5333.33368   2.52  -58.0   30.8  28.0 48.60  214.6   425.4  214.64   43.92   36.79   841.1  214.64   40.73   34.14  1248.1  214.63   37.56   31.79    1.2     58009.551     13.50   47.10740   39.80800  "Undefined"      69.9      333.68  0.00000000
04.04.2019 16:07:12.064   5.33300000   5333.28521   2.52  -63.7   28.9  28.0 49.80  213.8   412.5  213.91   43.99   36.93   814.3  213.91   40.89   34.41  1205.7  213.91   37.83   32.17    1.4     58032.064     13.50   47.10740   39.80800  "Undefined"      67.1      285.21  0.00000000
04.04.2019 16:07:26.164   5.33300000   5333.47272   2.52  -62.0   26.1  28.0 46.80  214.6   445.5  214.64   43.77   36.65   883.2  214.64   40.41   33.89  1315.0  214.61   37.03   31.42    1.3     58046.164     13.50   47.10740   39.80800  "Undefined"      69.7      472.72  0.00000000
04.04.2019 16:07:26.164   5.33300000   5333.47272   2.52  -62.0   26.1  28.0 14.40  215.3   696.2  215.43   41.89   34.93  1388.9  215.53   36.55   30.80  2075.8  215.61   31.13   27.23    1.2     58046.164     13.50   47.10740   39.80800  "Undefined"      69.7      472.72  0.00000000
04.04.2019 16:07:50.426   5.33300000   5333.75721   2.35  -56.7   25.1  28.0 13.20  215.3   744.3  215.40   41.53   34.63  1484.6  215.50   35.79   30.29  2218.4  215.58   29.98   26.56    1.3     58070.426     13.50   47.10740   39.80800  "Undefined"       0.0      757.21  0.00000000
04.04.2019 16:07:50.426   5.33300000   5333.75721   2.35  -56.7   25.1  28.0 48.00  213.1   431.8  213.19   43.82   36.86   854.2  213.19   40.53   34.28  1268.0  213.18   37.27   31.99    1.3     58070.426     13.50   47.10740   39.80800  "Undefined"       0.0      757.21  0.00000000
04.04.2019 16:08:03.589   5.33300000   5333.29449   2.41  -61.8   27.2  28.0 18.00  215.3   584.0  215.41   42.75   35.67  1164.6  215.50   38.29   32.08  1740.2  215.57   33.79   28.92    1.4     58083.589     13.50   47.10740   39.80800  "Undefined"      69.2      294.49  0.00000000
04.04.2019 16:08:03.589   5.33300000   5333.29449   2.41  -61.8   27.2  28.0 48.01  213.8   431.8  213.91   43.84   36.80   854.3  213.91   40.58   34.17  1268.6  213.89   37.33   31.83    1.3     58083.589     13.50   47.10740   39.80800  "Undefined"      69.2      294.49  0.00000000
04.04.2019 16:08:14.348   5.33300000   5333.50782   2.52  -61.2   26.3  28.0 44.40  213.1   475.1  213.19   43.48   36.59   947.6  213.19   39.80   33.75  1415.3  213.14   36.09   31.23    1.5     58094.348     13.50   47.10740   39.80800  "Undefined"      83.2      507.82  0.00000000
04.04.2019 16:08:14.348   5.33300000   5333.50782   2.52  -61.2   26.3  28.0 18.60  216.0   568.9  216.12   42.90   35.69  1134.4  216.21   38.59   32.11  1694.9  216.28   34.23   28.96    1.2     58094.348     13.50   47.10740   39.80800  "Undefined"      83.2      507.82  0.00000000
04.04.2019 16:08:25.423   5.33300000   5332.76044   2.52  -63.6   21.2  28.0 49.81  215.3   412.6  215.36   44.04   36.82   814.6  215.36   40.99   34.20  1206.8  215.36   37.95   31.86    1.7     58105.423     13.50   47.10740   39.80800  "Undefined"      68.7     -239.56  0.00000000
04.04.2019 16:08:25.423   5.33300000   5332.76044   2.52  -63.6   21.2  28.0  7.20  215.3  1117.5  215.46   38.65   32.36  2227.8  215.57   29.91   26.51  3328.6  215.64   21.03   21.66    1.2     58105.423     13.50   47.10740   39.80800  "Undefined"      68.7     -239.56  0.00000000
04.04.2019 16:09:01.005   5.33300000   5333.20593   1.86  -66.0   14.3  28.0 54.60  218.2   366.8  218.32   44.48   36.94   718.5  218.38   41.91   34.42  1057.7  218.42   39.38   32.17    2.0     58141.005     13.50   47.10740   39.80800  "Undefined"      67.3      205.93  0.00000000
04.04.2019 16:09:12.863   5.33300000   5333.34185   2.52  -64.8   10.8  28.0 54.00  214.6   371.7  214.69   44.33   37.15   728.3  214.74   41.61   34.82  1072.0  214.79   38.95   32.75    1.7     58152.863     13.50   47.10740   39.80800  "Undefined"      71.8      341.85  0.00000000
04.04.2019 16:09:12.863   5.33300000   5333.34185   2.52  -64.8   10.8  28.0 29.40  216.0     0.0  216.01    0.00    0.00     0.0  216.01    0.00    0.00     0.0  216.01    0.00    0.00    1.6     58152.863     13.50   47.10740   39.80800  "Undefined"      71.8      341.85  0.00000000
04.04.2019 16:09:23.558   5.33300000   5332.61680   0.18  -73.3    7.7  28.0 56.99  214.6   345.3  214.77   44.53   37.32   672.2  214.89   42.05   35.15   984.3  214.99   39.65   33.23    1.7     58163.558     13.50   47.10740   39.80800  "Undefined"       0.0     -383.20  0.00000000
04.04.2019 16:09:23.558   5.33300000   5333.32114   1.97  -67.5    9.2  28.0 36.60  214.6   630.1  214.77   42.36   35.44  1297.6  214.78   37.18   31.48  1864.0  214.72   32.69   28.55    1.6     58163.558     13.50   47.10740   39.80800  "Undefined"      82.5      321.14  0.00000000
04.04.2019 16:09:23.558   5.33300000   5333.32114   1.97  -67.5    9.2  28.0 58.80  214.6   330.5  214.85   44.64   37.42   640.3  215.02   42.30   35.34   934.2  215.17   40.05   33.49    1.6     58163.558     13.50   47.10740   39.80800  "Undefined"      82.5      321.14  0.00000000
04.04.2019 16:09:37.652   5.33300000   5333.48047   0.75  -65.3   21.1  28.0 59.10  211.7   327.5  211.96   44.59   37.62   633.5  212.13   42.21   35.72   922.9  212.29   39.93   34.04    1.6     58177.652     13.50   47.10740   39.80800  "Undefined"      66.8      480.47  0.00000000
04.04.2019 16:09:37.652   5.33300000   5333.48047   0.75  -65.3   21.1  28.0 42.60  217.4   500.6  217.52   43.47   36.03  1004.4  217.50   39.70   32.67  1508.6  217.41   35.83   29.68    1.4     58177.652     13.50   47.10740   39.80800  "Undefined"      66.8      480.47  0.00000000
04.04.2019 16:09:50.635   5.33300000   5333.25621   0.22  -74.3   15.7  28.0 48.60  208.1   424.7  208.14   43.71   37.32   838.9  208.15   40.35   35.15  1241.1  208.16   37.06   33.23    1.9     58190.635     13.50   47.10740   39.80800  "Undefined"       0.0      256.21  0.00000000
04.04.2019 16:09:50.635   5.33300000   5333.25621   0.22  -74.3   15.7  28.0 19.20  217.4   554.7  217.57   43.07   35.65  1105.8  217.66   38.94   32.01  1652.0  217.74   34.76   28.80    1.7     58190.635     13.50   47.10740   39.80800  "Undefined"       0.0      256.21  0.00000000
04.04.2019 16:09:50.635   5.33300000   5333.46827   0.24  -72.0   17.6  28.0 55.80  208.1   354.5  208.21   44.28   37.70   691.0  208.28   41.56   35.88  1012.4  208.36   38.95   34.26    1.9     58190.635     13.50   47.10740   39.80800  "Undefined"       0.0      468.27  0.00000000
04.04.2019 16:09:50.635   5.33300000   5332.85846   0.42  -70.7   18.5  28.0 51.00  208.8   399.6  208.88   43.93   37.40   786.5  208.89   40.82   35.30  1160.5  208.92   37.78   33.44    2.0     58190.635     13.50   47.10740   39.80800  "Undefined"      62.2     -141.54  0.00000000
04.04.2019 16:09:50.635   5.33300000   5332.85846   0.42  -70.7   18.5  28.0 13.20  218.2   744.3  218.30   41.71   34.25  1484.8  218.41   36.13   29.57  2218.8  218.48   30.45   25.54    1.9     58190.635     13.50   47.10740   39.80800  "Undefined"      62.2     -141.54  0.00000000
04.04.2019 16:10:07.708   5.33300000   5332.83222   1.53  -64.3   23.7  28.0 46.80  214.6   445.5  214.63   43.76   36.66   883.3  214.62   40.40   33.89  1315.1  214.59   37.03   31.43    1.7     58207.708     13.50   47.10740   39.80800  "Undefined"      68.7     -167.78  0.00000000
04.04.2019 16:10:07.708   5.33300000   5332.83222   1.53  -64.3   23.7  28.0 22.80  214.6   486.1  214.68   43.46   36.38   967.1  214.77   39.77   33.37  1442.9  214.83   36.05   30.68    1.3     58207.708     13.50   47.10740   39.80800  "Undefined"      68.7     -167.78  0.00000000
04.04.2019 16:10:20.708   5.33300000   5332.86737   0.55  -68.0    6.0  28.0 39.00  216.7   567.4  216.86   42.94   35.63  1153.0  216.85   38.51   31.88  1704.0  216.77   34.23   28.78    1.7     58220.708     13.50   47.10740   39.80800  "Undefined"       0.0     -132.63  0.00000000
04.04.2019 16:10:33.625   5.33300000   5332.88589   2.23  -65.2   18.5  28.0 15.00  216.0   674.5  216.12   42.10   34.99  1345.4  216.22   36.96   30.89  2010.6  216.30   31.75   27.33    1.9     58233.625     13.50   47.10740   39.80800  "Undefined"      68.7     -114.11  0.00000000
04.04.2019 16:10:45.568   5.33300000   5333.55836   1.92  -64.7   15.0  28.0 45.00  214.6   467.4  214.63   43.60   36.51   930.9  214.62   40.04   33.60  1391.9  214.57   36.42   31.01    1.7     58245.568     13.50   47.10740   39.80800  "Undefined"      69.0      558.36  0.00000000
04.04.2019 16:10:57.425   5.33300000   5333.59228   2.52  -67.6   17.8  28.0 59.10  211.0   327.4  211.23   44.57   37.66   633.2  211.40   42.17   35.81   922.2  211.56   39.89   34.16    1.4     58257.425     13.50   47.10740   39.80800  "Undefined"      68.9      592.28  0.00000000
04.04.2019 16:10:57.425   5.33300000   5333.59228   2.52  -67.6   17.8  28.0 38.40  216.7   582.2  216.86   42.83   35.53  1186.6  216.85   38.25   31.68  1740.7  216.78   33.94   28.58    1.3     58257.425     13.50   47.10740   39.80800  "Undefined"      68.9      592.28  0.00000000
04.04.2019 16:11:09.316   5.33300000   5332.72160   0.22  -73.8   12.2  28.0 57.00  212.4   344.8  212.59   44.47   37.47   671.0  212.70   41.94   35.43   982.3  212.80   39.50   33.62    1.7     58269.316     13.50   47.10740   39.80800  "Undefined"       0.0     -278.40  0.00000000
04.04.2019 16:11:09.316   5.33300000   5333.13594   1.95  -66.0   15.9  28.0 28.80  217.4   498.1  217.58   43.49   36.04   929.3  217.66   40.28   33.12  1342.5  217.73   37.14   30.57    1.5     58269.316     13.50   47.10740   39.80800  "Undefined"      69.8      135.94  0.00000000
04.04.2019 16:11:23.672   5.33300000   5333.27193   2.23  -67.0   15.2  28.0 57.60  213.8   340.2  214.07   44.55   37.40   661.2  214.20   42.10   35.31   966.9  214.32   39.73   33.44    1.3     58283.672     13.50   47.10740   39.80800  "Undefined"      69.2      271.93  0.00000000
04.04.2019 16:11:34.455   5.33300000   5333.19280   1.46  -65.9   22.4  28.0 55.20  213.8   360.7  214.00   44.39   37.27   705.0  214.07   41.75   35.05  1035.6  214.13   39.18   33.08    1.4     58294.455     13.50   47.10740   39.80800  "Undefined"      66.1      192.80  0.00000000
04.04.2019 16:11:46.449   5.33300000   5333.31379   2.52  -66.4   24.5  28.0 29.40  216.7     0.0  216.71    0.00    0.00     0.0  216.71    0.00    0.00     0.0  216.71    0.00    0.00    1.5     58306.449     13.50   47.10740   39.80800  "Undefined"      82.5      313.79  0.00000000
04.04.2019 16:11:46.449   5.33300000   5333.31379   2.52  -66.4   24.5  28.0 56.40  213.1   350.1  213.31   44.45   37.39   682.3  213.40   41.89   35.27   999.8  213.49   39.41   33.40    1.4     58306.449     13.50   47.10740   39.80800  "Undefined"      82.5      313.79  0.00000000
04.04.2019 16:12:09.097   5.33300000   5333.00359   2.52  -62.6   23.9  28.0 37.20  216.0   613.4  216.20   42.57   35.39  1260.2  216.20   37.62   31.38  1823.6  216.14   33.20   28.33    1.3     58329.097     13.50   47.10740   39.80800  "Undefined"      69.0        3.59  0.00000000
04.04.2019 16:12:09.097   5.33300000   5333.00359   2.52  -62.6   23.9  28.0 55.80  216.0   355.8  216.19   44.49   37.16   695.0  216.28   41.95   34.84  1020.5  216.35   39.48   32.77    1.2     58329.097     13.50   47.10740   39.80800  "Undefined"      69.0        3.59  0.00000000
04.04.2019 16:12:55.490   5.33300000   5332.86763   0.11  -73.2    5.9  28.0  8.40  216.7  1019.2  216.87   39.53   32.69  2032.3  216.98   31.68   27.00  3037.3  217.06   23.68   22.23    2.0     58375.490     13.50   47.10740   39.80800  "Undefined"       0.0     -132.37  0.00000000
04.04.2019 16:12:55.490   5.33300000   5332.86763   0.11  -73.2    5.9  28.0 55.80  216.7   355.9  216.91   44.51   37.11   695.3  216.99   41.99   34.75  1021.0  217.06   39.54   32.64    1.9     58375.490     13.50   47.10740   39.80800  "Undefined"       0.0     -132.37  0.00000000
04.04.2019 16:12:55.490   5.33300000   5333.07760   2.12  -65.4    9.4  28.0 21.60  216.0   506.0  216.12   43.37   36.12  1007.6  216.21   39.57   32.87  1504.1  216.29   35.73   29.99    1.7     58375.490     13.50   47.10740   39.80800  "Undefined"      68.4       77.60  0.00000000
04.04.2019 16:12:55.490   5.33300000   5333.07760   2.12  -65.4    9.4  28.0 55.80  213.1   355.3  213.28   44.41   37.35   693.5  213.36   41.80   35.21  1017.4  213.44   39.27   33.31    1.4     58375.490     13.50   47.10740   39.80800  "Undefined"      68.4       77.60  0.00000000
04.04.2019 16:13:09.614   5.33300000   5333.80802   2.52  -54.3   17.1  28.0 37.80  216.7   597.7  216.88   42.72   35.42  1222.9  216.88   37.97   31.46  1781.5  216.81   33.62   28.35    1.7     58389.614     13.50   47.10740   39.80800  "Undefined"       0.0      808.02  0.00000000
04.04.2019 16:13:20.261   5.33300000   5333.74246   2.52  -52.4   15.0  28.0 58.81  214.6   330.4  214.85   44.64   37.42   640.2  215.02   42.30   35.34   933.9  215.17   40.05   33.50    1.2     58400.261     13.50   47.10740   39.80800  "Undefined"       0.0      742.46  0.00000000
04.04.2019 16:13:32.046   5.33300000   5333.29753   2.35  -61.8   14.5  28.0 36.00  216.0   648.4  216.20   42.30   35.15  1331.0  216.22   37.07   30.97  1896.3  216.17   32.63   27.95    1.6     58412.046     13.50   47.10740   39.80800  "Undefined"      82.6      297.53  0.00000000
04.04.2019 16:13:32.046   5.33300000   5333.29753   2.35  -61.8   14.5  28.0 51.60  215.3   394.5  215.37   44.18   36.94   776.6  215.38   41.28   34.43  1147.4  215.39   38.42   32.20    1.3     58412.046     13.50   47.10740   39.80800  "Undefined"      82.6      297.53  0.00000000
04.04.2019 16:13:42.794   5.33300000   5333.82375   2.52  -50.8   34.6  28.0 48.60  213.8   425.3  213.90   43.89   36.85   840.9  213.90   40.69   34.25  1247.4  213.89   37.50   31.95    1.3     58422.794     13.50   47.10740   39.80800  "Undefined"       0.0      823.75  0.00000000
04.04.2019 16:13:42.794   5.33300000   5333.82375   2.52  -50.8   34.6  28.0 59.10  215.3   328.3  215.59   44.68   37.39   635.7  215.78   42.37   35.29   927.0  215.94   40.16   33.41    1.2     58422.794     13.50   47.10740   39.80800  "Undefined"       0.0      823.75  0.00000000
04.04.2019 16:13:53.534   5.33300000   5332.63127   2.52  -71.3   24.7  28.0 57.60  215.3   340.4  215.52   44.59   37.31   661.9  215.65   42.17   35.13   968.3  215.77   39.83   33.19    1.8     58433.534     13.50   47.10740   39.80800  "Undefined"      82.0     -368.73  0.00000000
04.04.2019 16:13:53.534   5.33300000   5333.06040   2.04  -63.3   30.6  28.0 13.20  216.0   744.3  216.15   41.57   34.53  1484.6  216.25   35.88   30.10  2218.5  216.33   30.10   26.29    1.5     58433.534     13.50   47.10740   39.80800  "Undefined"      68.4       60.40  0.00000000
04.04.2019 16:13:53.534   5.33300000   5333.06040   2.04  -63.3   30.6  28.0 48.00  215.3   432.0  215.36   43.89   36.69   854.9  215.35   40.67   33.95  1270.6  215.32   37.45   31.51    1.4     58433.534     13.50   47.10740   39.80800  "Undefined"      68.4       60.40  0.00000000
04.04.2019 16:14:40.157   5.33300000   5332.84335   2.52  -63.3   24.3  28.0 45.00  209.5   467.2  209.60   43.42   36.95   929.4  209.60   39.70   34.45  1382.6  209.59   36.01   32.25    1.5     58480.157     13.50   47.10740   39.80800  "Undefined"      83.0     -156.65  0.00000000
04.04.2019 16:14:40.157   5.33300000   5332.84335   2.52  -63.3   24.3  28.0 10.80  215.3   861.9  215.45   40.63   33.89  1718.9  215.55   33.95   29.04  2568.6  215.63   27.18   24.92    1.3     58480.157     13.50   47.10740   39.80800  "Undefined"      83.0     -156.65  0.00000000
04.04.2019 16:14:50.931   5.33300000   5332.97088   2.52  -66.5   16.4  28.0  6.60  216.0  1173.0  216.17   38.29   31.89  2338.2  216.28   29.14   25.74  3493.3  216.35   19.84   20.63    1.8     58490.931     13.50   47.10740   39.80800  "Undefined"      71.1      -29.12  0.00000000
04.04.2019 16:15:02.879   5.33300000   5333.33227   1.90  -61.4   27.8  28.0 39.00  216.0   567.5  216.13   42.91   35.70  1152.9  216.13   38.44   32.02  1705.8  216.05   34.12   28.97    1.3     58502.879     13.50   47.10740   39.80800  "Undefined"      63.0      332.27  0.00000000
04.04.2019 16:15:02.879   5.33300000   5333.33227   1.90  -61.4   27.8  28.0 16.20  215.3   634.9  215.41   42.36   35.33  1266.5  215.51   37.50   31.49  1892.5  215.58   32.58   28.15    1.2     58502.879     13.50   47.10740   39.80800  "Undefined"      63.0      332.27  0.00000000
04.04.2019 16:15:17.053   5.33300000   5332.82740   2.43  -64.8   28.4  28.0 51.00  216.0   400.5  216.10   44.16   36.85   789.4  216.10   41.23   34.25  1167.7  216.10   38.32   31.94    1.7     58517.053     13.50   47.10740   39.80800  "Undefined"      68.8     -172.60  0.00000000
04.04.2019 16:15:17.053   5.33300000   5332.82740   2.43  -64.8   28.4  28.0 14.40  215.3   696.2  215.41   41.89   34.94  1389.0  215.51   36.54   30.81  2075.8  215.59   31.12   27.24    1.3     58517.053     13.50   47.10740   39.80800  "Undefined"      68.8     -172.60  0.00000000
04.04.2019 16:15:30.019   5.33300000   5332.55390   0.07  -79.4   11.8  28.0 59.10  213.1   327.7  213.41   44.62   37.53   634.2  213.59   42.27   35.55   924.2  213.75   40.02   33.79    1.7     58530.019     13.50   47.10740   39.80800  "Undefined"       0.0     -446.10  0.00000000
04.04.2019 16:15:30.019   5.33300000   5333.32464   2.46  -65.3   20.7  28.0 57.61  213.8   340.1  214.07   44.55   37.40   661.0  214.20   42.10   35.31   966.5  214.31   39.74   33.45    1.3     58530.019     13.50   47.10740   39.80800  "Undefined"      71.3      324.64  0.00000000
04.04.2019 16:15:56.030   5.33300000   5333.55076   2.28  -58.3   34.5  28.0 46.20  215.3   452.7  215.36   43.74   36.55   898.6  215.34   40.34   33.68  1340.2  215.30   36.90   31.13    1.2     58556.030     13.50   47.10740   39.80800  "Undefined"      67.7      550.76  0.00000000
04.04.2019 16:16:08.034   5.33300000   5332.57008   0.09  -82.8   17.2  28.0 22.20  215.3   495.7  215.39   43.42   36.25   986.5  215.48   39.67   33.13  1472.3  215.55   35.89   30.34    1.6     58568.034     13.50   47.10740   39.80800  "Undefined"       0.0     -429.92  0.00000000
04.04.2019 16:16:08.034   5.33300000   5332.57008   0.09  -82.8   17.2  28.0 58.20  217.4   335.9  217.72   44.69   37.21   652.5  217.88   42.37   34.93   954.0  218.01   40.12   32.91    1.6     58568.034     13.50   47.10740   39.80800  "Undefined"       0.0     -429.92  0.00000000
04.04.2019 16:16:52.657   5.33300000   5333.08931   2.52  -62.9   28.0  28.0 48.60  216.7   425.5  216.81   44.00   36.62   841.7  216.80   40.88   33.82  1250.6  216.77   37.75   31.32    1.4     58612.657     13.50   47.10740   39.80800  "Undefined"      68.0       89.31  0.00000000
04.04.2019 16:16:52.657   5.33300000   5333.08931   2.52  -62.9   28.0  28.0 28.80  215.3   497.1  215.44   43.41   36.24   929.2  215.53   40.12   33.47  1343.4  215.59   36.91   31.04    1.3     58612.657     13.50   47.10740   39.80800  "Undefined"      68.0       89.31  0.00000000
04.04.2019 16:17:04.496   5.33300000   5333.80336   2.50  -54.7   30.8  28.0 22.80  214.6   486.1  214.67   43.46   36.38   967.1  214.76   39.77   33.37  1442.8  214.83   36.05   30.68    1.6     58624.496     13.50   47.10740   39.80800  "Undefined"       0.0      803.36  0.00000000
04.04.2019 16:17:04.496   5.33300000   5333.80336   2.50  -54.7   30.8  28.0 50.40  216.0   406.6  216.08   44.11   36.81   802.2  216.09   41.13   34.17  1187.7  216.08   38.17   31.83    1.3     58624.496     13.50   47.10740   39.80800  "Undefined"       0.0      803.36  0.00000000
04.04.2019 16:17:15.355   5.33300000   5333.77947   2.52  -51.0   34.4  28.0 47.40  214.6   438.6  214.62   43.82   36.70   868.6  214.62   40.52   33.98  1291.7  214.59   37.21   31.55    1.3     58635.355     13.50   47.10740   39.80800  "Undefined"       0.0      779.47  0.00000000
04.04.2019 16:17:15.355   5.33300000   5333.77947   2.52  -51.0   34.4  28.0 28.80  214.6   496.5  214.71   43.38   36.31   929.1  214.79   40.06   33.59  1343.7  214.85   36.83   31.21    1.3     58635.355     13.50   47.10740   39.80800  "Undefined"       0.0      779.47  0.00000000
04.04.2019 16:17:29.376   5.33300000   5333.16938   2.26  -57.2   33.9  28.0 23.40  216.0   477.3  216.11   43.58   36.32   948.9  216.19   40.02   33.24  1415.1  216.26   36.42   30.49    1.4     58649.376     13.50   47.10740   39.80800  "Undefined"      62.0      169.38  0.00000000
04.04.2019 16:17:29.376   5.33300000   5333.16938   2.26  -57.2   33.9  28.0 46.20  215.3   452.7  215.36   43.74   36.55   898.7  215.35   40.34   33.68  1340.4  215.31   36.90   31.13    1.2     58649.376     13.50   47.10740   39.80800  "Undefined"      62.0      169.38  0.00000000
04.04.2019 16:17:42.273   5.33300000   5333.77116   2.50  -52.7   28.8  28.0 21.60  217.4   506.0  217.56   43.43   35.99  1007.5  217.65   39.69   32.63  1504.0  217.72   35.90   29.63    1.8     58662.273     13.50   47.10740   39.80800  "Undefined"       0.0      771.16  0.00000000
04.04.2019 16:17:42.273   5.33300000   5333.77116   2.50  -52.7   28.8  28.0 48.60  215.3   425.5  215.35   43.94   36.73   841.3  215.34   40.78   34.03  1249.0  215.32   37.62   31.63    1.5     58662.273     13.50   47.10740   39.80800  "Undefined"       0.0      771.16  0.00000000
04.04.2019 16:17:52.907   5.33300000   5333.79125   2.52  -48.1   37.3  28.0 16.20  216.0   635.0  216.12   42.40   35.25  1266.6  216.22   37.57   31.34  1892.5  216.29   32.68   27.93    1.3     58672.907     13.50   47.10740   39.80800  "Undefined"       0.0      791.25  0.00000000
04.04.2019 16:17:52.907   5.33300000   5333.79125   2.52  -48.1   37.3  28.0 48.59  215.3   425.5  215.36   43.94   36.73   841.4  215.35   40.78   34.03  1249.1  215.34   37.62   31.63    1.2     58672.907     13.50   47.10740   39.80800  "Undefined"       0.0      791.25  0.00000000
04.04.2019 16:18:04.703   5.33300000   5333.77393   2.52  -47.3   30.1  28.0 48.60  214.6   425.4  214.63   43.92   36.79   841.2  214.63   40.73   34.14  1248.3  214.61   37.56   31.79    1.3     58684.703     13.50   47.10740   39.80800  "Undefined"       0.0      773.93  0.00000000
04.04.2019 16:18:16.659   5.33300000   5333.76462   2.52  -44.1   41.4  28.0 25.20  216.0   456.0  216.10   43.74   36.46   903.5  216.19   40.36   33.52  1344.5  216.25   36.97   30.89    1.5     58696.659     13.50   47.10740   39.80800  "Undefined"       0.0      764.62  0.00000000
04.04.2019 16:18:16.659   5.33300000   5333.76462   2.52  -44.1   41.4  28.0 49.19  214.6   418.9  214.64   43.97   36.83   827.8  214.64   40.84   34.22  1227.1  214.63   37.72   31.90    1.2     58696.659     13.50   47.10740   39.80800  "Undefined"       0.0      764.62  0.00000000
04.04.2019 16:18:28.453   5.33300000   5333.71293   2.52  -49.2   36.3  28.0 46.20  213.8   452.6  213.92   43.68   36.67   898.2  213.91   40.24   33.91  1338.3  213.88   36.78   31.46    1.3     58708.453     13.50   47.10740   39.80800  "Undefined"       0.0      712.93  0.00000000
04.04.2019 16:18:41.353   5.33300000   5333.82488   2.52  -50.7   26.7  28.0 48.59  213.9   425.4  213.93   43.89   36.85   841.0  213.93   40.69   34.25  1247.5  213.92   37.50   31.94    1.3     58721.353     13.50   47.10740   39.80800  "Undefined"       0.0      824.88  0.00000000
04.04.2019 16:18:41.353   5.33300000   5333.82488   2.52  -50.7   26.7  28.0 17.40  216.0   600.1  216.14   42.66   35.48  1196.8  216.24   38.11   31.74  1788.3  216.31   33.50   28.46    1.2     58721.353     13.50   47.10740   39.80800  "Undefined"       0.0      824.88  0.00000000
04.04.2019 16:18:53.185   5.33300000   5333.77487   2.52  -52.7   18.7  28.0 19.80  215.3   541.4  215.39   43.07   35.95  1078.8  215.48   38.96   32.58  1611.5  215.56   34.80   29.60    1.4     58733.185     13.50   47.10740   39.80800  "Undefined"       0.0      774.87  0.00000000
04.04.2019 16:18:53.185   5.33300000   5333.77487   2.52  -52.7   18.7  28.0 46.80  217.4   445.8  217.50   43.87   36.42   884.2  217.48   40.61   33.44  1319.3  217.43   37.29   30.77    1.2     58733.185     13.50   47.10740   39.80800  "Undefined"       0.0      774.87  0.00000000
04.04.2019 16:19:03.925   5.33300000   5333.69234   2.48  -52.2   21.3  28.0 46.20  216.0   452.7  216.07   43.77   36.49   898.8  216.06   40.39   33.57  1341.4  216.01   36.97   30.96    1.2     58743.925     13.50   47.10740   39.80800  "Undefined"       0.0      692.34  0.00000000
04.04.2019 16:19:18.039   5.33300000   5332.60708   0.15  -68.4   29.1  28.0 12.00  216.0   799.1  216.13   41.15   34.19  1593.9  216.24   35.02   29.51  2382.3  216.31   28.79   25.52    1.7     58758.039     13.50   47.10740   39.80800  "Undefined"       0.0     -392.92  0.00000000
04.04.2019 16:19:18.039   5.33300000   5333.28064   2.37  -52.7   36.3  28.0 20.40  217.4   528.8  217.57   43.26   35.83  1053.7  217.67   39.34   32.33  1573.6  217.74   35.36   29.23    1.5     58758.039     13.50   47.10740   39.80800  "Undefined"      62.7      280.64  0.00000000
04.04.2019 16:19:18.039   5.33300000   5333.28064   2.37  -52.7   36.3  28.0 45.00  217.4   467.5  217.50   43.71   36.27   931.7  217.48   40.25   33.14  1398.2  217.41   36.68   30.31    1.2     58758.039     13.50   47.10740   39.80800  "Undefined"      62.7      280.64  0.00000000
04.04.2019 16:19:32.023   5.33300000   5333.29565   1.00  -60.6   19.6  28.0 46.80  220.3   446.0  220.37   43.99   36.20   885.2  220.34   40.82   33.00  1324.1  220.26   37.57   30.12    1.2     58772.023     13.50   47.10740   39.80800  "Undefined"      63.6      295.65  0.00000000
04.04.2019 16:19:43.902   5.33300000   5333.31863   1.95  -65.1   20.4  28.0 31.20  219.6   838.7  219.91   41.13   33.39  1315.2  220.00   37.60   30.23  1821.1  220.05   33.78   27.20    1.8     58783.902     13.50   47.10740   39.80800  "Undefined"      64.0      318.63  0.00000000
04.04.2019 16:19:54.697   5.33300000   5332.80974   1.59  -64.0   24.8  28.0 35.40  218.9   668.8  219.10   42.32   34.68  1357.5  219.12   37.18   30.17  1928.1  219.10   32.81   26.88    1.4     58794.697     13.50   47.10740   39.80800  "Undefined"      62.9     -190.26  0.00000000
04.04.2019 16:19:54.697   5.33300000   5333.38342   2.06  -58.8   26.8  28.0 34.80  221.0   691.5  221.29   42.29   34.26  1388.1  221.33   37.21   29.48  2158.9  221.34   31.40   24.90    1.6     58794.697     13.50   47.10740   39.80800  "Undefined"      62.4      383.42  0.00000000
04.04.2019 16:20:17.477   5.33300000   5333.32439   2.19  -61.2   24.3  28.0 54.60  216.7   366.6  216.87   44.44   37.04   717.8  216.93   41.82   34.61  1056.2  216.98   39.26   32.44    1.3     58817.477     13.50   47.10740   39.80800  "Undefined"      68.2      324.39  0.00000000
04.04.2019 16:20:46.798   5.33300000   5332.77117   1.59  -64.4   22.6  28.0 10.80  216.0   862.6  216.14   40.67   33.78  1722.0  216.25   34.02   28.83  2574.2  216.32   27.26   24.62    1.2     58846.798     13.50   47.10740   39.80800  "Undefined"      62.9     -228.83  0.00000000
04.04.2019 16:20:46.798   5.33300000   5333.40791   0.89  -60.6   23.4  28.0 43.80  222.5   485.1  222.47   43.81   35.73   964.6  222.37   40.42   32.13  1458.9  222.21   36.80   28.83    1.8     58846.798     13.50   47.10740   39.80800  "Undefined"       0.0      407.91  0.00000000
04.04.2019 16:20:46.798   5.33300000   5333.40791   0.89  -60.6   23.4  28.0 24.00  216.0   474.7  216.13   43.60   36.33   941.1  216.21   40.08   33.28  1401.5  216.28   36.53   30.56    1.3     58846.798     13.50   47.10740   39.80800  "Undefined"       0.0      407.91  0.00000000
04.04.2019 16:21:01.952   5.33300000   5333.30902   2.15  -63.0   24.7  28.0 50.40  215.3   406.4  215.31   44.09   36.87   799.2  215.27   41.10   34.31  1179.5  215.25   38.15   32.04    1.4     58861.952     13.50   47.10740   39.80800  "Undefined"      67.5      309.02  0.00000000
04.04.2019 16:21:01.952   5.33300000   5333.30902   2.15  -63.0   24.7  28.0 19.80  216.7   543.9  216.83   43.12   35.79  1083.8  216.92   39.04   32.28  1619.5  216.99   34.92   29.17    1.3     58861.952     13.50   47.10740   39.80800  "Undefined"      67.5      309.02  0.00000000
04.04.2019 16:21:01.952   5.33300000   5333.79147   1.53  -61.7   24.3  28.0 46.20  215.3   452.9  215.29   43.73   36.55   895.3  215.23   40.35   33.72  1330.2  215.16   36.97   31.21    1.5     58861.952     13.50   47.10740   39.80800  "Undefined"      63.2      791.47  0.00000000
04.04.2019 16:21:01.952   5.33300000   5333.79147   1.53  -61.7   24.3  28.0 10.20  215.3   897.7  215.45   40.35   33.67  1792.0  215.56   33.38   28.66  2678.9  215.63   26.29   24.42    1.4     58861.952     13.50   47.10740   39.80800  "Undefined"      63.2      791.47  0.00000000
04.04.2019 16:21:13.783   5.33300000   5332.65562   1.39  -68.0   15.2  28.0 55.80  216.0   355.1  216.12   44.50   37.17   692.0  216.16   41.97   34.87  1013.7  216.22   39.52   32.84    1.3     58873.783     13.50   47.10740   39.80800  "Undefined"      63.8     -344.38  0.00000000
04.04.2019 16:21:36.513   5.33300000   5333.31491   1.55  -59.7   27.1  28.0 57.00  213.1   344.2  213.27   44.49   37.43   668.5  213.34   41.99   35.37   976.4  213.42   39.59   33.54    1.5     58896.513     13.50   47.10740   39.80800  "Undefined"      64.6      314.91  0.00000000
04.04.2019 16:22:02.373   5.33300000   5332.65199   0.22  -71.3    8.7  28.0 59.10  213.8   326.9  214.07   44.65   37.49   631.6  214.21   42.32   35.49   919.0  214.35   40.11   33.72    1.8     58922.373     13.50   47.10740   39.80800  "Undefined"       0.0     -348.01  0.00000000
04.04.2019 16:22:14.271   5.33300000   5333.86486   2.52  -50.8   24.6  28.0 46.80  216.7   446.1  216.72   43.84   36.48   881.3  216.66   40.57   33.59  1309.4  216.59   37.28   31.01    1.3     58934.271     13.50   47.10740   39.80800  "Undefined"       0.0      864.86  0.00000000
04.04.2019 16:22:25.158   5.33300000   5333.36682   2.52  -60.3   15.7  28.0 41.40  216.0   520.3  216.01   43.26   36.03  1039.0  215.93   39.30   32.73  1556.4  215.80   35.26   29.83    1.9     58945.158     13.50   47.10740   39.80800  "Undefined"      69.6      366.82  0.00000000
04.04.2019 16:22:25.158   5.33300000   5333.36682   2.52  -60.3   15.7  28.0 12.00  216.7   800.1  216.85   41.20   34.08  1597.4  216.96   35.08   29.30  2388.2  217.03   28.87   25.22    1.5     58945.158     13.50   47.10740   39.80800  "Undefined"      69.6      366.82  0.00000000
04.04.2019 16:22:37.057   5.33300000   5332.73967   0.44  -66.5    4.5  28.0 10.20  216.0   897.7  216.13   40.40   33.56  1792.0  216.24   33.47   28.46  2679.0  216.32   26.42   24.14    1.3     58957.057     13.50   47.10740   39.80800  "Undefined"       0.0     -260.33  0.00000000
04.04.2019 16:23:00.681   5.33300000   5333.26781   2.52  -58.6   24.0  28.0 43.20  218.9   493.2  218.86   43.59   35.97   981.2  218.78   39.98   32.60  1471.1  218.64   36.26   29.60    1.3     58980.681     13.50   47.10740   39.80800  "Undefined"      70.7      267.81  0.00000000
04.04.2019 16:23:00.681   5.33300000   5333.26781   2.52  -58.6   24.0  28.0  9.00  215.3   975.8  215.45   39.75   33.20  1947.3  215.56   32.14   27.88  2910.4  215.63   24.42   23.41    1.2     58980.681     13.50   47.10740   39.80800  "Undefined"      70.7      267.81  0.00000000
04.04.2019 16:23:14.830   5.33300000   5333.54189   2.52  -57.4   18.6  28.0 12.60  215.3   771.7  215.44   41.32   34.45  1540.7  215.54   35.36   29.98  2303.8  215.62   29.31   26.14    1.2     58994.830     13.50   47.10740   39.80800  "Undefined"      69.3      541.89  0.00000000
04.04.2019 16:23:14.830   5.33300000   5333.54189   2.52  -57.4   18.6  28.0 43.81  215.3   484.3  215.27   43.50   36.34   961.4  215.21   39.84   33.33  1435.8  215.11   36.13   30.65    1.2     58994.830     13.50   47.10740   39.80800  "Undefined"      69.3      541.89  0.00000000
04.04.2019 16:23:34.373   5.33300000   5333.72447   2.52  -51.1   34.3  28.0 25.80  216.0   462.1  216.10   43.70   36.42   909.0  216.18   40.32   33.49  1347.2  216.25   36.95   30.87    1.4     59014.373     13.50   47.10740   39.80800  "Undefined"       0.0      724.47  0.00000000
04.04.2019 16:23:34.373   5.33300000   5333.72447   2.52  -51.1   34.3  28.0 45.60  216.0   460.4  216.00   43.71   36.44   911.1  215.93   40.29   33.51  1356.0  215.85   36.84   30.91    1.2     59014.373     13.50   47.10740   39.80800  "Undefined"       0.0      724.47  0.00000000
04.04.2019 16:23:46.308   5.33300000   5332.76634   0.35  -62.9   23.1  28.0 30.60  215.3   843.3  215.47   40.77   34.00  1279.3  215.50   37.40   31.42  1747.8  215.52   33.72   28.90    1.9     59026.308     13.50   47.10740   39.80800  "Undefined"       0.0     -233.66  0.00000000
04.04.2019 16:23:46.308   5.33300000   5332.76634   0.35  -62.9   23.1  28.0 47.40  216.7   439.1  216.73   43.89   36.53   866.9  216.67   40.68   33.67  1286.5  216.61   37.46   31.14    1.4     59026.308     13.50   47.10740   39.80800  "Undefined"       0.0     -233.66  0.00000000
04.04.2019 16:23:46.308   5.33300000   5333.84885   2.15  -53.0   25.1  28.0 47.40  215.3   439.0  215.29   43.84   36.65   866.5  215.23   40.58   33.90  1284.7  215.18   37.33   31.46    1.3     59026.308     13.50   47.10740   39.80800  "Undefined"       0.0      848.85  0.00000000
04.04.2019 16:24:13.271   5.33300000   5332.62761   1.44  -68.5   14.5  28.0 34.80  216.0   685.1  216.08   42.02   34.93  1381.4  216.00   36.65   30.74  1953.6  215.91   32.14   27.74    1.7     59053.271     13.50   47.10740   39.80800  "Undefined"      62.6     -372.39  0.00000000
04.04.2019 16:24:13.271   5.33300000   5332.85295   2.35  -63.6   16.6  28.0 37.20  217.4   609.2  217.47   42.66   35.28  1236.5  217.37   37.92   31.27  1798.1  217.25   33.55   28.14    1.7     59053.271     13.50   47.10740   39.80800  "Undefined"      70.1     -147.05  0.00000000
04.04.2019 16:24:38.169   5.33300000   5333.75888   2.52  -55.7   16.5  28.0 46.20  215.3   452.9  215.29   43.73   36.55   895.3  215.23   40.36   33.72  1330.2  215.16   36.97   31.21    1.5     59078.169     13.50   47.10740   39.80800  "Undefined"      68.7      758.88  0.00000000
04.04.2019 16:24:38.169   5.33300000   5333.75888   2.52  -55.7   16.5  28.0 22.20  216.7   499.3  216.81   43.45   36.10   992.8  216.90   39.74   32.85  1481.8  216.97   35.98   29.94    1.2     59078.169     13.50   47.10740   39.80800  "Undefined"      68.7      758.88  0.00000000
04.04.2019 16:25:01.815   5.33300000   5333.70605   2.48  -51.9   33.6  28.0 46.79  216.7   446.1  216.71   43.84   36.48   881.4  216.65   40.56   33.59  1309.6  216.58   37.27   31.01    1.3     59101.815     13.50   47.10740   39.80800  "Undefined"       0.0      706.05  0.00000000
04.04.2019 16:25:01.815   5.33300000   5333.70605   2.48  -51.9   33.6  28.0 17.40  216.0   601.8  216.16   42.65   35.47  1200.2  216.26   38.09   31.72  1794.6  216.33   33.46   28.42    1.2     59101.815     13.50   47.10740   39.80800  "Undefined"       0.0      706.05  0.00000000
04.04.2019 16:25:13.352   5.33300000   5333.81543   2.52  -51.4   20.0  28.0 15.00  215.3   675.9  215.40   42.05   35.07  1348.9  215.50   36.86   31.03  2017.4  215.57   31.59   27.53    1.3     59113.352     13.50   47.10740   39.80800  "Undefined"       0.0      815.43  0.00000000
04.04.2019 16:25:13.352   5.33300000   5333.81543   2.52  -51.4   20.0  28.0 47.99  214.6   432.2  214.56   43.86   36.75   852.6  214.51   40.63   34.09  1262.1  214.47   37.43   31.74    1.2     59113.352     13.50   47.10740   39.80800  "Undefined"       0.0      815.43  0.00000000
04.04.2019 16:25:26.381   5.33300000   5332.83663   2.46  -61.4   15.1  28.0 14.40  216.0   697.5  216.11   41.92   34.84  1392.2  216.21   36.59   30.63  2081.9  216.29   31.18   26.98    1.4     59126.381     13.50   47.10740   39.80800  "Undefined"      62.6     -163.37  0.00000000
04.04.2019 16:25:26.381   5.33300000   5332.83663   2.46  -61.4   15.1  28.0 47.40  213.8   438.7  213.85   43.79   36.76   865.7  213.80   40.48   34.12  1282.2  213.75   37.21   31.79    1.2     59126.381     13.50   47.10740   39.80800  "Undefined"      62.6     -163.37  0.00000000
04.04.2019 16:25:49.060   5.33300000   5332.89175   1.50  -65.5   11.7  28.0 55.20  220.3   361.2  220.46   44.60   36.85   705.6  220.50   42.14   34.25  1035.8  220.53   39.73   31.95    1.6     59149.060     13.50   47.10740   39.80800  "Undefined"      66.6     -108.25  0.00000000
04.04.2019 16:26:12.719   5.33300000   5333.14391   2.52  -58.4   12.3  28.0 18.00  216.0   585.8  216.11   42.77   35.58  1168.2  216.20   38.33   31.92  1746.5  216.28   33.83   28.69    1.3     59172.719     13.50   47.10740   39.80800  "Undefined"      70.7      143.91  0.00000000
04.04.2019 16:26:12.719   5.33300000   5333.14391   2.52  -58.4   12.3  28.0 48.00  216.7   432.3  216.72   43.94   36.58   853.3  216.66   40.78   33.76  1264.6  216.60   37.62   31.27    1.2     59172.719     13.50   47.10740   39.80800  "Undefined"      70.7      143.91  0.00000000
04.04.2019 16:27:10.497   5.33300000   5333.63126   2.52  -62.3   17.1  28.0 46.80  215.3   445.8  215.28   43.79   36.60   880.6  215.22   40.47   33.81  1307.1  215.16   37.15   31.34    1.3     59230.497     13.50   47.10740   39.80800  "Undefined"      82.8      631.26  0.00000000
04.04.2019 16:27:10.497   5.33300000   5333.63126   2.52  -62.3   17.1  28.0 15.00  216.0   675.9  216.13   42.09   34.98  1349.0  216.23   36.93   30.87  2017.4  216.31   31.69   27.29    1.2     59230.497     13.50   47.10740   39.80800  "Undefined"      82.8      631.26  0.00000000
04.04.2019 16:27:36.583   5.33300000   5333.25534   2.21  -64.7   15.8  28.0 46.20  213.8   452.8  213.83   43.68   36.67   894.7  213.78   40.26   33.95  1327.9  213.72   36.84   31.55    1.4     59256.583     13.50   47.10740   39.80800  "Undefined"      68.9      255.34  0.00000000
04.04.2019 16:27:36.583   5.33300000   5333.25534   2.21  -64.7   15.8  28.0 12.00  215.3   800.1  215.46   41.10   34.27  1597.3  215.56   34.91   29.67  2388.3  215.64   28.63   25.74    1.2     59256.583     13.50   47.10740   39.80800  "Undefined"      68.9      255.34  0.00000000
04.04.2019 16:27:47.329   5.33300000   5333.04839   2.52  -61.9   18.4  28.0 47.40  213.8   438.8  213.85   43.79   36.76   865.9  213.79   40.48   34.12  1282.6  213.75   37.20   31.79    1.4     59267.329     13.50   47.10740   39.80800  "Undefined"      70.3       48.39  0.00000000
04.04.2019 16:27:47.329   5.33300000   5333.04839   2.52  -61.9   18.4  28.0  9.60  216.0   935.1  216.12   40.12   33.33  1866.3  216.23   32.88   28.08  2789.6  216.30   25.52   23.66    1.2     59267.329     13.50   47.10740   39.80800  "Undefined"      70.3       48.39  0.00000000
04.04.2019 16:28:12.055   5.33300000   5333.57838   2.10  -54.4    3.8  28.0 13.80  215.3   720.6  215.44   41.71   34.78  1438.5  215.54   36.16   30.53  2151.2  215.62   30.53   26.86    1.2     59292.055     13.50   47.10740   39.80800  "Undefined"       0.0      578.38  0.00000000
04.04.2019 16:28:24.964   5.33300000   5333.35149   2.52  -63.8   19.8  28.0 12.00  215.3   800.1  215.46   41.10   34.27  1597.3  215.56   34.91   29.67  2388.3  215.64   28.63   25.74    1.3     59304.964     13.50   47.10740   39.80800  "Undefined"      69.6      351.49  0.00000000
04.04.2019 16:28:24.964   5.33300000   5333.35149   2.52  -63.8   19.8  28.0 56.99  221.8   346.0  221.97   44.75   36.88   673.9  222.06   42.47   34.30   986.8  222.14   40.24   32.01    1.2     59304.964     13.50   47.10740   39.80800  "Undefined"      69.6      351.49  0.00000000
04.04.2019 16:28:36.917   5.33300000   5333.64411   2.52  -60.6   24.9  28.0 31.80  215.3   799.5  215.42   41.11   34.28  1568.1  215.42   35.13   29.86  1979.0  215.38   31.87   27.78    1.8     59316.917     13.50   47.10740   39.80800  "Undefined"      70.5      644.11  0.00000000
04.04.2019 16:28:36.917   5.33300000   5333.64411   2.52  -60.6   24.9  28.0 50.40  217.5   406.7  217.48   44.16   36.71   800.2  217.44   41.23   33.99  1182.1  217.41   38.34   31.59    1.3     59316.917     13.50   47.10740   39.80800  "Undefined"      70.5      644.11  0.00000000
04.04.2019 16:28:47.679   5.33300000   5333.79156   2.52  -52.5   24.9  28.0 15.00  216.0   675.9  216.13   42.09   34.98  1349.0  216.23   36.93   30.87  2017.3  216.30   31.69   27.29    1.4     59327.679     13.50   47.10740   39.80800  "Undefined"       0.0      791.56  0.00000000
04.04.2019 16:28:47.679   5.33300000   5333.79156   2.52  -52.5   24.9  28.0 47.40  216.0   439.1  216.01   43.87   36.59   866.8  215.95   40.63   33.78  1285.7  215.89   37.39   31.30    1.3     59327.679     13.50   47.10740   39.80800  "Undefined"       0.0      791.56  0.00000000
04.04.2019 16:29:36.355   5.33300000   5333.33888   2.37  -62.4   28.8  28.0 45.00  216.7   468.3  216.72   43.68   36.33   927.8  216.65   40.21   33.29  1384.1  216.56   36.69   30.59    1.4     59376.355     13.50   47.10740   39.80800  "Undefined"      68.6      338.88  0.00000000
04.04.2019 16:29:36.355   5.33300000   5333.33888   2.37  -62.4   28.8  28.0  9.00  215.3   975.8  215.46   39.75   33.20  1947.3  215.57   32.14   27.87  2910.4  215.64   24.42   23.41    1.3     59376.355     13.50   47.10740   39.80800  "Undefined"      68.6      338.88  0.00000000
04.04.2019 16:29:49.366   5.33300000   5333.70644   2.17  -63.6   20.0  28.0 55.20  216.7   360.6  216.83   44.48   37.08   703.7  216.86   41.92   34.71  1032.0  216.91   39.44   32.60    1.3     59389.366     13.50   47.10740   39.80800  "Undefined"      67.8      706.44  0.00000000
04.04.2019 16:30:01.239   5.33300000   5332.96579   2.32  -59.8   17.0  28.0 55.80  218.9   355.6  219.03   44.59   36.98   693.5  219.08   42.14   34.51  1016.7  219.13   39.75   32.31    1.2     59401.239     13.50   47.10740   39.80800  "Undefined"      68.1      -34.21  0.00000000
04.04.2019 16:30:13.097   5.33300000   5333.81239   2.52  -53.1   20.4  28.0 44.40  215.3   476.1  215.27   43.56   36.40   944.3  215.21   39.98   33.43  1409.4  215.12   36.34   30.79    1.3     59413.097     13.50   47.10740   39.80800  "Undefined"       0.0      812.39  0.00000000
04.04.2019 16:30:13.097   5.33300000   5333.81239   2.52  -53.1   20.4  28.0 57.60  217.4   340.1  217.65   44.65   37.18   660.3  217.75   42.30   34.89   964.5  217.85   40.03   32.87    1.3     59413.097     13.50   47.10740   39.80800  "Undefined"       0.0      812.39  0.00000000
04.04.2019 16:30:25.004   5.33300000   5333.54834   2.52  -53.9   32.7  28.0 53.40  221.8   378.0  221.85   44.53   36.63   741.0  221.84   41.98   33.83  1091.4  221.83   39.45   31.34    1.2     59425.004     13.50   47.10740   39.80800  "Undefined"      62.3      548.34  0.00000000
04.04.2019 16:30:25.004   5.33300000   5333.54834   2.52  -53.9   32.7  28.0 51.60  221.0   395.1  221.09   44.38   36.54   776.7  221.06   41.66   33.67  1147.0  221.02   38.96   31.11    1.2     59425.004     13.50   47.10740   39.80800  "Undefined"      62.3      548.34  0.00000000
04.04.2019 16:30:25.004   5.33300000   5333.54834   2.52  -53.9   32.7  28.0 45.60  218.9   460.7  218.89   43.82   36.20   912.2  218.81   40.50   33.05  1361.3  218.71   37.11   30.23    1.2     59425.004     13.50   47.10740   39.80800  "Undefined"      62.3      548.34  0.00000000
04.04.2019 16:30:25.004   5.33300000   5333.54834   2.52  -53.9   32.7  28.0 46.80  219.6   446.4  219.59   43.96   36.25   882.5  219.52   40.78   33.14  1314.3  219.43   37.55   30.36    1.2     59425.004     13.50   47.10740   39.80800  "Undefined"      62.3      548.34  0.00000000
04.04.2019 16:30:36.956   5.33300000   5333.30509   2.52  -62.9   17.3  28.0 36.00  216.0   643.8  216.06   42.33   35.20  1312.8  215.96   37.18   31.13  1883.8  215.85   32.69   28.11    1.7     59436.956     13.50   47.10740   39.80800  "Undefined"      70.8      305.09  0.00000000
04.04.2019 16:30:36.956   5.33300000   5333.30509   2.52  -62.9   17.3  28.0 56.40  218.9   350.5  219.04   44.62   37.02   682.7  219.11   42.22   34.58   999.8  219.18   39.88   32.42    1.4     59436.956     13.50   47.10740   39.80800  "Undefined"      70.8      305.09  0.00000000
04.04.2019 16:30:58.381   5.33300000   5333.74493   2.52  -50.3   33.1  28.0 46.80  218.2   446.2  218.17   43.90   36.37   881.8  218.10   40.67   33.36  1311.6  218.02   37.41   30.69    1.2     59458.381     13.50   47.10740   39.80800  "Undefined"       0.0      744.93  0.00000000
04.04.2019 16:31:10.243   5.33300000   5333.07599   2.26  -59.1   31.3  28.0 55.80  218.9   355.6  219.02   44.59   36.98   693.7  219.07   42.13   34.51  1016.9  219.12   39.74   32.31    1.2     59470.243     13.50   47.10740   39.80800  "Undefined"      71.4       75.99  0.00000000
04.04.2019 16:31:27.393   5.33300000   5333.64932   2.48  -60.1   29.4  28.0 52.20  218.9   388.9  218.94   44.34   36.73   763.4  218.92   41.61   34.04  1125.4  218.91   38.91   31.65    1.4     59487.393     13.50   47.10740   39.80800  "Undefined"      70.2      649.32  0.00000000
04.04.2019 16:31:49.842   5.33300000   5333.39128   2.48  -53.7   27.3  28.0 50.40  219.6   407.0  219.63   44.24   36.55   801.1  219.58   41.38   33.69  1184.4  219.54   38.53   31.16    1.1     59509.842     13.50   47.10740   39.80800  "Undefined"      67.1      391.28  0.00000000
04.04.2019 16:32:03.846   5.33300000   5333.46999   2.32  -62.6   27.4  28.0 47.40  217.5   439.2  217.45   43.92   36.47   867.4  217.39   40.73   33.56  1287.9  217.33   37.52   30.98    1.3     59523.846     13.50   47.10740   39.80800  "Undefined"      67.8      469.99  0.00000000
04.04.2019 16:32:17.830   5.33300000   5333.16942   2.28  -60.6   32.4  28.0 49.80  221.0   413.3  221.05   44.25   36.40   814.6  221.00   41.39   33.40  1206.4  220.94   38.52   30.74    1.2     59537.830     13.50   47.10740   39.80800  "Undefined"      68.5      169.42  0.00000000
04.04.2019 16:33:00.915   5.33300000   5333.29726   2.17  -62.2   12.5  28.0 45.60  219.6   460.8  219.60   43.85   36.15   912.6  219.52   40.55   32.94  1362.8  219.42   37.18   30.07    1.7     59580.915     13.50   47.10740   39.80800  "Undefined"      67.6      297.26  0.00000000
04.04.2019 16:33:30.025   5.33300000   5333.14610   2.52  -65.7   20.8  28.0 58.21  222.5   336.1  222.75   44.85   36.91   652.8  222.89   42.67   34.37   953.9  223.01   40.56   32.11    1.6     59610.025     13.50   47.10740   39.80800  "Undefined"      83.0      146.10  0.00000000
04.04.2019 16:33:30.025   5.33300000   5333.14610   2.52  -65.7   20.8  28.0 10.20  215.3   897.7  215.45   40.35   33.67  1792.0  215.55   33.37   28.66  2679.0  215.63   26.29   24.43    1.2     59610.025     13.50   47.10740   39.80800  "Undefined"      83.0      146.10  0.00000000
04.04.2019 16:33:41.845   5.33300000   5332.65491   0.24  -72.4   15.2  28.0 53.40  216.7   377.0  216.79   44.36   36.97   738.2  216.79   41.66   34.49  1085.5  216.80   39.02   32.30    1.6     59621.845     13.50   47.10740   39.80800  "Undefined"       0.0     -345.09  0.00000000
04.04.2019 16:33:41.845   5.33300000   5333.24284   1.62  -66.4   20.2  28.0 53.40  214.6   376.7  214.63   44.29   37.12   737.2  214.62   41.53   34.78  1083.3  214.64   38.85   32.71    1.5     59621.845     13.50   47.10740   39.80800  "Undefined"      64.7      242.84  0.00000000
04.04.2019 16:33:59.234   5.33300000   5333.35583   1.70  -67.6   17.3  28.0 54.00  213.1   370.9  213.19   44.29   37.26   724.8  213.20   41.55   35.04  1063.8  213.23   38.89   33.09    1.7     59639.234     13.50   47.10740   39.80800  "Undefined"      67.3      355.83  0.00000000
04.04.2019 16:34:15.574   5.33300000   5333.84118   2.52  -54.8   20.7  28.0 28.80  216.0     0.0  216.00    0.00    0.00     0.0  216.00    0.00    0.00     0.0  216.00    0.00    0.00    1.5     59655.574     13.50   47.10740   39.80800  "Undefined"       0.0      841.18  0.00000000
04.04.2019 16:34:15.574   5.33300000   5333.84118   2.52  -54.8   20.7  28.0 45.00  218.2   468.3  218.17   43.74   36.21   928.1  218.09   40.32   33.06  1386.7  217.99   36.83   30.25    1.2     59655.574     13.50   47.10740   39.80800  "Undefined"       0.0      841.18  0.00000000
04.04.2019 16:34:28.507   5.33300000   5333.69109   1.39  -63.1    2.4  28.0 46.20  215.3   452.9  215.28   43.73   36.55   895.3  215.22   40.35   33.72  1330.2  215.16   36.97   31.22    1.5     59668.507     13.50   47.10740   39.80800  "Undefined"      63.4      691.09  0.00000000
04.04.2019 16:34:28.507   5.33300000   5333.69109   1.39  -63.1    2.4  28.0 24.60  216.0   468.7  216.11   43.65   36.38   927.6  216.19   40.18   33.37  1379.9  216.26   36.69   30.69    1.4     59668.507     13.50   47.10740   39.80800  "Undefined"      63.4      691.09  0.00000000
04.04.2019 16:35:03.317   5.33300000   5333.01799   2.52  -61.5   16.4  28.0 46.80  217.4   446.1  217.44   43.87   36.43   881.5  217.38   40.62   33.47  1310.5  217.30   37.34   30.85    1.2     59703.317     13.50   47.10740   39.80800  "Undefined"      69.2       17.99  0.00000000
04.04.2019 16:35:15.261   5.33300000   5333.73798   2.52  -54.7   18.7  28.0 43.80  217.4   484.8  217.43   43.58   36.15   962.9  217.36   40.00   32.96  1442.7  217.24   36.32   30.10    1.2     59715.261     13.50   47.10740   39.80800  "Undefined"       0.0      737.98  0.00000000
04.04.2019 16:35:30.389   5.33300000   5333.29015   2.10  -66.0   17.7  28.0 17.40  215.3   601.7  215.40   42.61   35.55  1200.2  215.49   38.02   31.87  1796.9  215.57   33.34   28.63    1.6     59730.389     13.50   47.10740   39.80800  "Undefined"      66.7      290.15  0.00000000
04.04.2019 16:35:30.389   5.33300000   5333.88183   1.53  -65.2   15.8  28.0 43.80  218.9   484.8  218.87   43.65   36.03   963.2  218.78   40.12   32.72  1446.7  218.66   36.45   29.74    1.5     59730.389     13.50   47.10740   39.80800  "Undefined"      66.6      881.83  0.00000000
04.04.2019 16:35:43.374   5.33300000   5332.67014   0.11  -76.3   14.7  28.0  8.40  214.6  1021.6  214.71   39.34   33.06  2042.0  214.82   31.28   27.65  3054.6  214.89   23.11   23.13    1.8     59743.374     13.50   47.10740   39.80800  "Undefined"       0.0     -329.86  0.00000000
04.04.2019 16:35:43.374   5.33300000   5333.03513   1.90  -62.1   21.6  28.0 23.40  216.0   488.7  216.11   43.50   36.24   967.6  216.20   39.87   33.12  1440.3  216.27   36.22   30.35    1.3     59743.374     13.50   47.10740   39.80800  "Undefined"      67.6       35.13  0.00000000
04.04.2019 16:35:57.445   5.33300000   5333.45279   2.52  -58.4   14.5  28.0 46.21  216.7   453.1  216.71   43.79   36.43   895.8  216.68   40.46   33.49  1323.3  216.76   37.19   30.89    1.2     59757.445     13.50   47.10740   39.80800  "Undefined"      69.1      452.79  0.00000000
04.04.2019 16:35:57.445   5.33300000   5333.45279   2.52  -58.4   14.5  28.0 12.00  215.3   801.1  215.46   41.09   34.27  1599.8  215.57   34.89   29.66  2394.1  215.64   28.59   25.71    1.2     59757.445     13.50   47.10740   39.80800  "Undefined"      69.1      452.79  0.00000000
04.04.2019 16:36:36.240   5.33300000   5333.45883   2.17  -66.5   15.1  28.0 45.60  213.8   460.2  213.82   43.62   36.63   909.9  213.79   40.14   33.86  1343.4  213.86   36.73   31.44    1.4     59796.240     13.50   47.10740   39.80800  "Undefined"      67.6      458.83  0.00000000
04.04.2019 16:36:36.240   5.33300000   5333.45883   2.17  -66.5   15.1  28.0 15.60  216.0   657.3  216.16   42.23   35.10  1311.3  216.26   37.23   31.07  1962.1  216.34   32.14   27.56    1.4     59796.240     13.50   47.10740   39.80800  "Undefined"      67.6      458.83  0.00000000
04.04.2019 16:36:50.215   5.33300000   5332.99814   2.43  -64.2   20.5  28.0 36.60  216.7   614.6  216.75   42.59   35.32  1248.3  216.81   37.77   31.32  1850.6  216.95   33.10   27.94    1.4     59810.215     13.50   47.10740   39.80800  "Undefined"      68.7       -1.86  0.00000000
04.04.2019 16:37:04.236   5.33300000   5333.30275   1.68  -66.6   14.0  28.0 51.00  216.0   400.0  216.04   44.16   36.86   784.5  216.03   41.26   34.29  1153.8  216.11   38.43   32.02    1.7     59824.236     13.50   47.10740   39.80800  "Undefined"      71.8      302.75  0.00000000
04.04.2019 16:37:04.236   5.33300000   5333.30275   1.68  -66.6   14.0  28.0 30.60  216.7   821.5  216.86   41.03   33.94  1649.8  216.95   34.67   29.02  2074.4  216.97   31.34   26.79    1.5     59824.236     13.50   47.10740   39.80800  "Undefined"      71.8      302.75  0.00000000
04.04.2019 16:37:21.184   5.33300000   5333.31181   2.52  -63.9   18.8  28.0 46.80  214.6   445.7  214.56   43.76   36.66   879.7  214.52   40.43   33.93  1298.0  214.59   37.16   31.52    1.5     59841.184     13.50   47.10740   39.80800  "Undefined"      70.2      311.81  0.00000000
04.04.2019 16:37:21.184   5.33300000   5333.31181   2.52  -63.9   18.8  28.0 27.00  214.5   534.2  214.67   43.09   36.07   993.0  214.74   39.56   33.22  1429.3  214.80   36.15   30.76    1.3     59841.184     13.50   47.10740   39.80800  "Undefined"      70.2      311.81  0.00000000
04.04.2019 16:37:32.982   5.33300000   5333.74834   2.52  -50.4   27.1  28.0 28.80  214.6  1711.6  214.79   33.91   29.29  2160.9  214.79   30.32   27.10  2627.6  214.80   26.56   24.99    1.8     59852.982     13.50   47.10740   39.80800  "Undefined"       0.0      748.34  0.00000000
04.04.2019 16:37:32.982   5.33300000   5333.74834   2.52  -50.4   27.1  28.0 46.20  215.3   453.1  215.29   43.73   36.55   895.5  215.26   40.36   33.72  1322.2  215.33   37.05   31.22    1.2     59852.982     13.50   47.10740   39.80800  "Undefined"       0.0      748.34  0.00000000
04.04.2019 16:37:43.702   5.33300000   5333.81160   2.52  -56.3   19.3  28.0 17.40  216.7   604.1  216.83   42.67   35.38  1204.3  216.93   38.12   31.56  1801.5  217.00   33.49   28.19    1.5     59863.702     13.50   47.10740   39.80800  "Undefined"      63.5      811.60  0.00000000
04.04.2019 16:37:43.702   5.33300000   5333.81160   2.52  -56.3   19.3  28.0 45.60  214.6   460.3  214.54   43.65   36.56   910.4  214.51   40.19   33.74  1344.4  214.58   36.80   31.27    1.5     59863.702     13.50   47.10740   39.80800  "Undefined"      63.5      811.60  0.00000000
04.04.2019 16:37:55.644   5.33300000   5333.30373   2.52  -60.6   28.9  28.0 15.60  216.0   657.3  216.10   42.23   35.11  1311.3  216.20   37.22   31.09  1962.1  216.28   32.13   27.58    1.3     59875.644     13.50   47.10740   39.80800  "Undefined"      68.0      303.73  0.00000000
04.04.2019 16:37:55.644   5.33300000   5333.30373   2.52  -60.6   28.9  28.0 44.40  215.3   475.8  215.29   43.56   36.40   942.9  215.26   39.99   33.43  1394.0  215.34   36.49   30.82    1.3     59875.644     13.50   47.10740   39.80800  "Undefined"      68.0      303.73  0.00000000
04.04.2019 16:38:23.841   5.33300000   5333.71385   2.52  -56.3   27.4  28.0 46.20  212.4   452.8  212.39   43.63   36.80   894.3  212.34   40.16   34.19  1319.1  212.40   36.79   31.90    1.5     59903.841     13.50   47.10740   39.80800  "Undefined"      62.4      713.85  0.00000000
04.04.2019 16:38:23.841   5.33300000   5333.71385   2.52  -56.3   27.4  28.0 22.80  216.0   496.0  216.12   43.44   36.19   983.4  216.20   39.75   33.02  1465.2  216.27   36.03   30.21    1.5     59903.841     13.50   47.10740   39.80800  "Undefined"      62.4      713.85  0.00000000
04.04.2019 16:38:37.467   5.33300000   5332.85151   2.39  -63.9    7.8  28.0 49.20  214.6   418.6  214.57   43.97   36.84   823.1  214.54   40.86   34.26  1212.2  214.61   37.84   31.99    1.7     59917.467     13.50   47.10740   39.80800  "Undefined"      68.4     -148.49  0.00000000
04.04.2019 16:39:03.168   5.33300000   5333.84937   1.75  -60.4   18.7  28.0 28.80  215.3     0.0  215.27    0.00    0.00     0.0  215.27    0.00    0.00     0.0  215.27    0.00    0.00    1.2     59943.168     13.50   47.10740   39.80800  "Undefined"      62.8      849.37  0.00000000
04.04.2019 16:39:29.156   5.33300000   5333.74358   2.52  -50.7   14.7  28.0 25.20  216.0   478.7  216.12   43.57   36.31   937.9  216.20   40.10   33.30  1387.5  216.27   36.64   30.64    1.3     59969.156     13.50   47.10740   39.80800  "Undefined"       0.0      743.58  0.00000000
04.04.2019 16:39:29.156   5.33300000   5333.74358   2.52  -50.7   14.7  28.0 47.40  216.7   439.0  216.73   43.89   36.53   866.0  216.70   40.69   33.68  1278.0  216.78   37.54   31.15    1.2     59969.156     13.50   47.10740   39.80800  "Undefined"       0.0      743.58  0.00000000
04.04.2019 16:39:40.667   5.33300000   5333.90900   2.52  -52.5   19.0  28.0 25.20  216.0   478.7  216.12   43.57   36.31   938.0  216.20   40.10   33.30  1387.6  216.27   36.64   30.64    1.5     59980.667     13.50   47.10740   39.80800  "Undefined"       0.0      909.00  0.00000000
04.04.2019 16:39:40.667   5.33300000   5333.90900   2.52  -52.5   19.0  28.0 48.00  213.8   431.8  213.83   43.84   36.81   850.3  213.79   40.60   34.21  1253.3  213.86   37.45   31.92    1.3     59980.667     13.50   47.10740   39.80800  "Undefined"       0.0      909.00  0.00000000
04.04.2019 16:39:52.456   5.33300000   5333.74518   2.52  -49.8   25.6  28.0 48.60  216.0   425.4  216.00   43.97   36.68   837.5  215.98   40.85   33.96  1234.6  216.05   37.80   31.56    1.2     59992.456     13.50   47.10740   39.80800  "Undefined"       0.0      745.18  0.00000000
04.04.2019 16:40:06.898   5.33300000   5333.74028   2.52  -50.3   19.1  28.0 22.20  216.0   504.3  216.10   43.38   36.13  1001.1  216.19   39.62   32.92  1492.7  216.26   35.82   30.06    1.3     60006.898     13.50   47.10740   39.80800  "Undefined"       0.0      740.28  0.00000000
04.04.2019 16:40:06.898   5.33300000   5333.74028   2.52  -50.3   19.1  28.0 46.80  213.1   445.5  213.13   43.71   36.78   879.0  213.09   40.33   34.15  1296.3  213.15   37.04   31.85    1.2     60006.898     13.50   47.10740   39.80800  "Undefined"       0.0      740.28  0.00000000
04.04.2019 16:40:17.655   5.33300000   5333.15598   2.39  -55.6   24.1  28.0 53.40  213.8   376.1  213.90   44.27   37.17   734.3  213.91   41.51   34.89  1075.9  213.99   38.85   32.88    1.3     60017.655     13.50   47.10740   39.80800  "Undefined"      69.3      155.98  0.00000000
04.04.2019 16:40:29.450   5.33300000   5333.80577   2.52  -49.1   24.4  28.0 48.60  218.1   425.7  218.17   44.05   36.52   838.4  218.15   41.00   33.64  1236.9  218.23   38.00   31.09    1.3     60029.450     13.50   47.10740   39.80800  "Undefined"       0.0      805.77  0.00000000
04.04.2019 16:41:03.228   5.33300000   5332.91436   2.43  -60.8   27.1  28.0 37.20  216.0   598.4  216.01   42.67   35.51  1210.6  216.05   37.99   31.70  1801.1  216.19   33.39   28.43    1.4     60063.228     13.50   47.10740   39.80800  "Undefined"      67.6      -85.64  0.00000000
04.04.2019 16:41:03.228   5.33300000   5332.91436   2.43  -60.8   27.1  28.0 48.60  217.4   425.6  217.45   44.02   36.57   838.2  217.43   40.95   33.75  1236.3  217.51   37.93   31.25    1.3     60063.228     13.50   47.10740   39.80800  "Undefined"      67.6      -85.64  0.00000000
04.04.2019 16:41:13.977   5.33300000   5332.56969   0.09  -73.7   24.3  28.0 31.20  216.0   801.7  216.15   41.14   34.17  1596.4  216.23   35.00   29.50  2011.2  216.26   31.74   27.34    1.7     60073.977     13.50   47.10740   39.80800  "Undefined"       0.0     -430.31  0.00000000
04.04.2019 16:41:28.071   5.33300000   5332.87162   2.46  -61.5   22.0  28.0 52.80  217.4   382.4  217.51   44.34   36.88   748.1  217.52   41.63   34.33  1098.4  217.62   39.00   32.06    1.4     60088.071     13.50   47.10740   39.80800  "Undefined"      69.9     -128.38  0.00000000
04.04.2019 16:41:38.771   5.33300000   5332.81526   2.10  -63.9   22.6  28.0 19.80  216.7   547.0  216.83   43.09   35.77  1088.8  216.92   39.01   32.25  1626.8  216.99   34.86   29.13    1.4     60098.771     13.50   47.10740   39.80800  "Undefined"      68.9     -184.74  0.00000000
04.04.2019 16:41:50.565   5.33300000   5332.54608   0.04  -81.8   11.2  28.0 55.20  225.4   361.6  225.54   44.78   36.54   706.2  225.64   42.49   33.65  1036.3  225.79   40.25   31.06    1.9     60110.565     13.50   47.10740   39.80800  "Undefined"       0.0     -453.92  0.00000000
04.04.2019 16:41:50.565   5.33300000   5332.54608   0.04  -81.8   11.2  28.0 12.60  215.3   772.9  215.43   41.31   34.45  1543.1  215.54   35.34   29.97  2309.4  215.61   29.26   26.11    1.8     60110.565     13.50   47.10740   39.80800  "Undefined"       0.0     -453.92  0.00000000
04.04.2019 16:42:04.490   5.33300000   5333.27785   2.37  -57.4   28.8  28.0 55.19  216.0   360.0  216.11   44.46   37.13   700.7  216.16   41.90   34.81  1024.9  216.28   39.44   32.76    1.2     60124.490     13.50   47.10740   39.80800  "Undefined"      68.8      277.85  0.00000000
04.04.2019 16:42:16.456   5.33300000   5332.89572   0.53  -62.0   18.2  28.0 12.60  214.5   772.9  214.68   41.26   34.55  1543.1  214.78   35.25   30.16  2309.5  214.86   29.14   26.39    1.3     60136.456     13.50   47.10740   39.80800  "Undefined"       0.0     -104.28  0.00000000
04.04.2019 16:42:29.366   5.33300000   5332.56450   0.07  -75.3   23.9  28.0 52.80  216.7   382.3  216.79   44.32   36.93   747.8  216.81   41.59   34.42  1097.7  216.90   38.94   32.20    1.9     60149.366     13.50   47.10740   39.80800  "Undefined"       0.0     -435.50  0.00000000
04.04.2019 16:42:29.366   5.33300000   5333.28335   2.26  -60.1   30.7  28.0 56.40  215.3   349.2  215.44   44.52   37.25   677.9  215.51   42.04   35.04   989.4  215.64   39.66   33.08    1.3     60149.366     13.50   47.10740   39.80800  "Undefined"      70.3      283.35  0.00000000
04.04.2019 16:42:42.317   5.33300000   5333.42433   2.52  -55.5   36.5  28.0 33.60  216.0   713.9  216.10   41.80   34.74  1446.4  216.20   36.17   30.33  2081.5  216.31   31.19   26.97    1.5     60162.317     13.50   47.10740   39.80800  "Undefined"      69.3      424.33  0.00000000
04.04.2019 16:42:42.317   5.33300000   5333.42433   2.52  -55.5   36.5  28.0 53.40  216.7   376.7  216.79   44.36   36.97   735.8  216.82   41.68   34.50  1079.2  216.91   39.08   32.31    1.2     60162.317     13.50   47.10740   39.80800  "Undefined"      69.3      424.33  0.00000000
04.04.2019 16:43:20.083   5.33300000   5333.21443   2.52  -55.5   25.8  28.0 39.00  215.3   559.9  215.28   42.92   35.84  1122.1  215.29   38.60   32.36  1674.6  215.42   34.29   29.30    1.4     60200.083     13.50   47.10740   39.80800  "Undefined"      69.4      214.43  0.00000000
04.04.2019 16:43:20.083   5.33300000   5333.21443   2.52  -55.5   25.8  28.0 56.39  218.2   349.8  218.32   44.61   37.07   679.7  218.42   42.20   34.68   992.9  218.57   39.88   32.56    1.2     60200.083     13.50   47.10740   39.80800  "Undefined"      69.4      214.43  0.00000000
04.04.2019 16:43:31.930   5.33300000   5333.33463   2.52  -55.5   34.5  28.0 39.60  216.7   548.8  216.72   43.08   35.77  1098.4  216.72   38.92   32.23  1637.0  216.85   34.76   29.11    1.2     60211.930     13.50   47.10740   39.80800  "Undefined"      67.5      334.63  0.00000000
04.04.2019 16:43:31.930   5.33300000   5333.33463   2.52  -55.5   34.5  28.0 54.00  218.2   371.3  218.26   44.45   36.91   724.8  218.30   41.85   34.39  1062.7  218.41   39.34   32.14    1.2     60211.930     13.50   47.10740   39.80800  "Undefined"      67.5      334.63  0.00000000
04.04.2019 16:43:43.776   5.33300000   5332.61581   0.15  -77.6   15.9  28.0 42.00  216.7   509.7  216.72   43.37   36.04  1014.3  216.70   39.56   32.75  1503.0  216.80   35.80   29.87    1.7     60223.776     13.50   47.10740   39.80800  "Undefined"       0.0     -384.19  0.00000000
04.04.2019 16:43:43.776   5.33300000   5332.89479   2.37  -65.0   24.4  28.0 13.20  214.6   746.7  214.69   41.46   34.71  1490.9  214.79   35.66   30.43  2231.5  214.87   29.77   26.74    1.9     60223.776     13.50   47.10740   39.80800  "Undefined"      68.9     -105.21  0.00000000
04.04.2019 16:43:43.776   5.33300000   5332.89479   2.37  -65.0   24.4  28.0 49.19  219.6   419.4  219.63   44.15   36.46   825.6  219.61   41.20   33.52  1217.9  219.70   38.30   30.91    1.6     60223.776     13.50   47.10740   39.80800  "Undefined"      68.9     -105.21  0.00000000
04.04.2019 16:43:56.804   5.33300000   5333.72820   2.52  -51.6   27.8  28.0 46.20  216.7   453.2  216.72   43.79   36.43   895.9  216.69   40.46   33.49  1323.3  216.77   37.19   30.89    1.3     60236.804     13.50   47.10740   39.80800  "Undefined"       0.0      728.20  0.00000000
04.04.2019 16:44:08.694   5.33300000   5332.62163   0.15  -70.2   21.3  28.0 19.80  213.1   547.1  213.25   42.93   36.13  1089.0  213.34   38.70   32.93  1627.4  213.41   34.42   30.10    1.6     60248.694     13.50   47.10740   39.80800  "Undefined"       0.0     -378.37  0.00000000
04.04.2019 16:44:08.694   5.33300000   5332.62163   0.15  -70.2   21.3  28.0 54.59  216.7   365.5  216.83   44.44   37.05   712.6  216.87   41.86   34.65  1043.4  216.98   39.36   32.52    1.5     60248.694     13.50   47.10740   39.80800  "Undefined"       0.0     -378.37  0.00000000
04.04.2019 16:44:23.809   5.33300000   5332.59047   0.11  -73.9   13.1  28.0 22.20  214.6   504.4  214.68   43.32   36.26  1001.2  214.77   39.50   33.17  1493.0  214.83   35.65   30.41    1.8     60263.809     13.50   47.10740   39.80800  "Undefined"       0.0     -409.53  0.00000000
04.04.2019 16:44:23.809   5.33300000   5332.59047   0.11  -73.9   13.1  28.0 56.40  220.3   350.1  220.51   44.68   36.93   680.8  220.61   42.32   34.42   995.3  220.78   40.05   32.18    1.7     60263.809     13.50   47.10740   39.80800  "Undefined"       0.0     -409.53  0.00000000
04.04.2019 16:44:23.809   5.33300000   5332.80280   1.53  -61.4   20.6  28.0 54.00  222.5   372.0  222.61   44.60   36.63   727.3  222.67   42.13   33.83  1067.9  222.80   39.72   31.33    1.9     60263.809     13.50   47.10740   39.80800  "Undefined"      64.3     -197.20  0.00000000
04.04.2019 16:44:23.809   5.33300000   5332.80280   1.53  -61.4   20.6  28.0  9.60  214.6   936.2  214.71   40.00   33.56  1870.1  214.82   32.65   28.49  2797.8  214.89   25.19   24.22    1.6     60263.809     13.50   47.10740   39.80800  "Undefined"      64.3     -197.20  0.00000000
04.04.2019 16:44:48.628   5.33300000   5333.30204   2.48  -59.6   31.6  28.0 49.80  218.9   412.9  218.90   44.17   36.56   811.9  218.89   41.25   33.71  1196.6  218.98   38.38   31.19    1.4     60288.628     13.50   47.10740   39.80800  "Undefined"      68.4      302.04  0.00000000
04.04.2019 16:45:14.480   5.33300000   5333.11100   2.52  -56.3   24.4  28.0 52.80  220.3   382.9  220.41   44.44   36.68   749.6  220.44   41.82   33.94  1101.6  220.55   39.25   31.50    1.2     60314.480     13.50   47.10740   39.80800  "Undefined"      72.7      111.00  0.00000000
04.04.2019 16:45:50.047   5.33300000   5332.83682   2.39  -63.4   11.2  28.0 42.00  218.9   509.8  218.89   43.47   35.84  1014.9  218.88   39.74   32.37  1505.2  218.98   36.04   29.31    1.8     60350.047     13.50   47.10740   39.80800  "Undefined"      71.5     -163.18  0.00000000
04.04.2019 16:45:50.047   5.33300000   5332.83682   2.39  -63.4   11.2  28.0 10.80  216.0   863.8  216.15   40.66   33.77  1725.2  216.26   33.99   28.81  2581.3  216.34   27.20   24.58    1.3     60350.047     13.50   47.10740   39.80800  "Undefined"      71.5     -163.18  0.00000000
04.04.2019 16:46:36.381   5.33300000   5333.19088   2.21  -62.2   31.5  28.0 15.00  216.0   677.6  216.13   42.08   34.97  1352.2  216.24   36.91   30.85  2023.5  216.31   31.65   27.26    1.8     60396.381     13.50   47.10740   39.80800  "Undefined"      70.7      190.88  0.00000000
04.04.2019 16:46:36.381   5.33300000   5333.19088   2.21  -62.2   31.5  28.0 48.60  217.4   425.5  217.46   44.02   36.57   838.1  217.44   40.95   33.75  1236.1  217.52   37.94   31.24    1.4     60396.381     13.50   47.10740   39.80800  "Undefined"      70.7      190.88  0.00000000
04.04.2019 16:47:11.888   5.33300000   5333.34238   1.73  -62.4   17.3  28.0 40.80  214.6   528.1  214.56   43.13   36.12  1053.1  214.54   39.08   32.90  1562.2  214.65   35.08   30.10    2.0     60431.888     13.50   47.10740   39.80800  "Undefined"      62.9      342.38  0.00000000
04.04.2019 16:47:22.624   5.33300000   5333.15204   2.37  -56.3   14.8  28.0 48.60  219.6   425.9  219.63   44.10   36.41   839.2  219.61   41.10   33.43  1238.6  219.70   38.14   30.78    1.2     60442.624     13.50   47.10740   39.80800  "Undefined"      65.5      152.04  0.00000000
04.04.2019 16:47:34.413   5.33300000   5332.74053   2.35  -67.9   21.5  28.0 57.00  216.7   344.2  216.90   44.60   37.20   667.7  217.00   42.20   34.93   973.8  217.15   39.90   32.92    1.7     60454.413     13.50   47.10740   39.80800  "Undefined"      70.8     -259.47  0.00000000
04.04.2019 16:47:57.093   5.33300000   5333.21310   2.48  -61.6   25.2  28.0 49.20  218.9   419.2  218.90   44.12   36.51   825.2  218.89   41.15   33.62  1217.0  218.97   38.23   31.06    1.5     60477.093     13.50   47.10740   39.80800  "Undefined"      69.8      213.10  0.00000000
04.04.2019 16:47:57.093   5.33300000   5333.21310   2.48  -61.6   25.2  28.0 19.20  216.0     0.0  216.00    0.00    0.00     0.0  216.00    0.00    0.00     0.0  216.00    0.00    0.00    1.3     60477.093     13.50   47.10740   39.80800  "Undefined"      69.8      213.10  0.00000000
04.04.2019 16:48:07.822   5.33300000   5333.02514   0.20  -69.5   10.9  28.0 46.80  211.7   445.3  211.66   43.66   36.90   878.3  211.61   40.24   34.39  1294.6  211.66   36.91   32.19    1.8     60487.822     13.50   47.10740   39.80800  "Undefined"       0.0       25.14  0.00000000
04.04.2019 16:48:07.822   5.33300000   5332.77478   0.31  -67.2   11.4  28.0 52.20  211.7   387.4  211.71   44.11   37.26   757.4  211.69   41.20   35.06  1110.7  211.75   38.40   33.12    1.8     60487.822     13.50   47.10740   39.80800  "Undefined"       0.0     -225.22  0.00000000
04.04.2019 16:48:20.804   5.33300000   5332.71613   2.52  -63.1   10.6  28.0 49.80  217.4   412.6  217.46   44.12   36.66   811.1  217.45   41.15   33.92  1194.9  217.53   38.25   31.49    1.4     60500.804     13.50   47.10740   39.80800  "Undefined"      67.8     -283.87  0.00000000
04.04.2019 16:48:20.804   5.33300000   5332.71613   2.52  -63.1   10.6  28.0 37.80  220.3   584.2  220.35   43.00   35.16  1179.7  220.39   38.66   31.02  1768.5  220.55   34.25   27.36    1.4     60500.804     13.50   47.10740   39.80800  "Undefined"      67.8     -283.87  0.00000000
04.04.2019 16:48:20.804   5.33300000   5333.21629   1.88  -60.5   11.5  28.0 49.20  219.6   419.3  219.63   44.15   36.46   825.5  219.62   41.20   33.52  1217.7  219.70   38.30   30.91    1.7     60500.804     13.50   47.10740   39.80800  "Undefined"      62.1      216.29  0.00000000
04.04.2019 16:48:44.529   5.33300000   5332.67075   0.29  -65.2   23.6  28.0 39.00  208.8   559.5  208.78   42.65   36.52  1118.6  208.75   38.11   33.68  1660.9  208.82   33.65   31.22    1.8     60524.529     13.50   47.10740   39.80800  "Undefined"       0.0     -329.25  0.00000000
04.04.2019 16:48:44.529   5.33300000   5332.67075   0.29  -65.2   23.6  28.0 54.60  217.4   365.6  217.55   44.46   37.00   712.9  217.60   41.90   34.56  1044.1  217.71   39.42   32.38    1.6     60524.529     13.50   47.10740   39.80800  "Undefined"       0.0     -329.25  0.00000000
04.04.2019 16:49:38.558   5.33300000   5333.89648   2.52  -55.1   23.3  28.0 31.80  215.3   781.5  215.42   41.24   34.40  1557.0  215.51   35.22   29.90     0.0  215.30    0.00    0.00    1.2     60578.558     13.50   47.10740   39.80800  "Undefined"      67.4      896.48  0.00000000
04.04.2019 16:49:49.298   5.33300000   5332.66137   0.24  -70.0   13.6  28.0 42.00  224.6   510.3  224.65   43.75   35.34  1017.2  224.65   40.26   31.39  1512.9  224.75   36.75   27.88    2.0     60589.298     13.50   47.10740   39.80800  "Undefined"       0.0     -338.63  0.00000000
04.04.2019 16:49:49.298   5.33300000   5332.93127   0.27  -67.1   16.1  28.0 51.60  213.8   393.6  213.88   44.13   37.06   770.8  213.86   41.23   34.68  1132.0  213.93   38.41   32.57    2.0     60589.298     13.50   47.10740   39.80800  "Undefined"       0.0      -68.73  0.00000000
04.04.2019 16:50:03.722   5.33300000   5333.04231   2.52  -58.6   11.2  28.0 53.99  216.7   371.1  216.82   44.40   37.01   724.2  216.85   41.77   34.57  1061.3  216.96   39.22   32.41    1.3     60603.722     13.50   47.10740   39.80800  "Undefined"      62.1       42.31  0.00000000
04.04.2019 16:50:26.375   5.33300000   5333.30973   2.52  -56.9   14.8  28.0 54.00  215.3   370.8  215.36   44.35   37.11   723.3  215.38   41.69   34.77  1059.5  215.48   39.11   32.69    1.1     60626.375     13.50   47.10740   39.80800  "Undefined"      67.5      309.73  0.00000000
04.04.2019 16:50:59.760   5.33300000   5333.16132   2.52  -58.2   12.6  28.0 55.20  213.8   359.5  213.95   44.40   37.28   697.4  214.00   41.80   35.11  1016.2  214.11   39.33   33.19    1.3     60659.760     13.50   47.10740   39.80800  "Undefined"      71.8      161.32  0.00000000
04.04.2019 16:50:59.760   5.33300000   5333.16132   2.52  -58.2   12.6  28.0 34.20  215.3     0.0  215.25    0.00    0.00     0.0  215.25    0.00    0.00     0.0  215.25    0.00    0.00    1.2     60659.760     13.50   47.10740   39.80800  "Undefined"      71.8      161.32  0.00000000
04.04.2019 16:51:35.405   5.33300000   5333.20120   2.52  -52.3   24.3  28.0 41.40  218.1   518.2  218.17   43.37   35.85  1027.7  218.15   39.58   32.41  1521.2  218.22   35.83   29.41    1.1     60695.405     13.50   47.10740   39.80800  "Undefined"      62.9      201.20  0.00000000
04.04.2019 16:52:00.214   5.33300000   5332.78172   0.44  -61.3   11.7  28.0 12.00  215.3   803.0  215.43   41.08   34.26  1603.2  215.53   34.86   29.65  2400.3  215.61   28.53   25.69    1.2     60720.214     13.50   47.10740   39.80800  "Undefined"       0.0     -218.28  0.00000000
04.04.2019 16:52:00.214   5.33300000   5333.29439   1.95  -58.6   13.2  28.0 43.20  220.3   492.3  220.34   43.66   35.85   974.2  220.33   40.17   32.39  1441.5  220.39   36.70   29.36    1.3     60720.214     13.50   47.10740   39.80800  "Undefined"      67.6      294.39  0.00000000
04.04.2019 16:52:00.214   5.33300000   5333.29439   1.95  -58.6   13.2  28.0 11.40  215.3   833.3  215.43   40.85   34.07  1664.1  215.54   34.38   29.33  2491.3  215.62   27.80   25.27    1.2     60720.214     13.50   47.10740   39.80800  "Undefined"      67.6      294.39  0.00000000
04.04.2019 16:52:26.141   5.33300000   5333.20396   2.32  -57.3   19.8  28.0 45.00  219.6   468.5  219.62   43.80   36.09   924.3  219.60   40.47   32.85  1365.0  219.67   37.19   30.00    1.4     60746.141     13.50   47.10740   39.80800  "Undefined"      68.6      203.96  0.00000000
04.04.2019 16:52:26.141   5.33300000   5333.20396   2.32  -57.3   19.8  28.0 12.60  216.0   774.9  216.11   41.34   34.34  1546.7  216.22   35.39   29.77  2315.6  216.30   29.32   25.84    1.3     60746.141     13.50   47.10740   39.80800  "Undefined"      68.6      203.96  0.00000000
04.04.2019 16:52:37.992   5.33300000   5333.24134   2.08  -59.2   23.4  28.0 42.00  214.6   508.9  214.57   43.28   36.24  1007.4  214.55   39.44   33.17  1487.3  214.61   35.67   30.50    1.3     60757.992     13.50   47.10740   39.80800  "Undefined"      70.0      241.34  0.00000000
04.04.2019 16:52:37.992   5.33300000   5333.24134   2.08  -59.2   23.4  28.0 13.20  216.0   748.7  216.15   41.54   34.50  1494.1  216.26   35.80   30.05  2236.5  216.33   29.96   26.20    1.2     60757.992     13.50   47.10740   39.80800  "Undefined"      70.0      241.34  0.00000000
04.04.2019 16:52:51.976   5.33300000   5333.53132   1.50  -56.4   23.3  28.0 44.40  217.4   475.9  217.47   43.65   36.21   939.3  217.45   40.19   33.09  1386.3  217.51   36.78   30.36    1.6     60771.976     13.50   47.10740   39.80800  "Undefined"      63.5      531.32  0.00000000
04.04.2019 16:52:51.976   5.33300000   5333.53132   1.50  -56.4   23.3  28.0 18.60  215.3   577.4  215.43   42.80   35.71  1149.1  215.52   38.42   32.16  1716.9  215.59   33.97   29.04    1.4     60771.976     13.50   47.10740   39.80800  "Undefined"      63.5      531.32  0.00000000
04.04.2019 16:53:17.910   5.33300000   5333.74731   2.30  -60.8   20.8  28.0 46.20  216.0   453.3  216.01   43.76   36.49   892.1  215.99   40.43   33.62  1314.0  216.04   37.18   31.11    1.5     60797.910     13.50   47.10740   39.80800  "Undefined"      69.6      747.31  0.00000000
04.04.2019 16:53:17.910   5.33300000   5333.74731   2.30  -60.8   20.8  28.0 18.60  215.3   577.4  215.40   42.80   35.71  1149.1  215.49   38.41   32.17  1716.9  215.56   33.97   29.05    1.2     60797.910     13.50   47.10740   39.80800  "Undefined"      69.6      747.31  0.00000000
04.04.2019 16:53:58.909   5.33300000   5333.30916   1.73  -60.5    9.9  28.0 43.20  213.9   491.6  213.86   43.38   36.42   971.3  213.83   39.66   33.50  1432.4  213.88   36.03   30.97    1.3     60838.909     13.50   47.10740   39.80800  "Undefined"      68.7      309.16  0.00000000
04.04.2019 16:53:58.909   5.33300000   5333.30916   1.73  -60.5    9.9  28.0 18.00  216.0   591.7  216.13   42.72   35.54  1178.3  216.22   38.25   31.85  1761.2  216.30   33.71   28.61    1.3     60838.909     13.50   47.10740   39.80800  "Undefined"      68.7      309.16  0.00000000
04.04.2019 16:54:09.639   5.33300000   5332.76692   2.37  -62.2   20.5  28.0 42.60  217.4   500.4  217.45   43.47   36.04   990.3  217.43   39.80   32.77  1463.7  217.49   36.18   29.92    1.6     60849.639     13.50   47.10740   39.80800  "Undefined"      68.0     -233.08  0.00000000
04.04.2019 16:54:09.639   5.33300000   5332.76692   2.37  -62.2   20.5  28.0  9.00  215.3   978.1  215.44   39.73   33.18  1953.9  215.56   32.09   27.85  2924.0  215.63   24.31   23.36    1.4     60849.639     13.50   47.10740   39.80800  "Undefined"      68.0     -233.08  0.00000000
04.04.2019 16:54:09.639   5.33300000   5333.24850   1.64  -61.4   20.6  28.0 47.40  213.8   438.9  213.85   43.79   36.76   861.8  213.82   40.52   34.14  1266.8  213.87   37.34   31.85    1.9     60849.639     13.50   47.10740   39.80800  "Undefined"      65.2      248.50  0.00000000
04.04.2019 16:54:51.710   5.33300000   5333.23839   2.23  -56.6   16.1  28.0 40.20  218.2   537.3  218.18   43.23   35.71  1067.9  218.17   39.28   32.15  1583.0  218.25   35.36   29.05    1.3     60891.710     13.50   47.10740   39.80800  "Undefined"      69.0      238.39  0.00000000
04.04.2019 16:54:51.710   5.33300000   5333.23839   2.23  -56.6   16.1  28.0 13.80  215.3   724.3  215.43   41.68   34.76  1445.2  215.54   36.11   30.50  2163.1  215.61   30.43   26.81    1.2     60891.710     13.50   47.10740   39.80800  "Undefined"      69.0      238.39  0.00000000
04.04.2019 16:55:06.933   5.33300000   5333.88776   2.52  -48.1   21.3  28.0 13.80  216.0   724.3  216.17   41.73   34.66  1445.2  216.28   36.19   30.32  2163.2  216.35   30.54   26.55    1.2     60906.933     13.50   47.10740   39.80800  "Undefined"       0.0      887.76  0.00000000
04.04.2019 16:55:06.933   5.33300000   5333.88776   2.52  -48.1   21.3  28.0 45.59  216.0   460.7  216.01   43.70   36.44   907.4  215.99   40.32   33.53  1337.2  216.05   37.00   30.98    1.1     60906.933     13.50   47.10740   39.80800  "Undefined"       0.0      887.76  0.00000000
04.04.2019 16:55:28.431   5.33300000   5333.82796   2.52  -50.8   24.6  28.0 16.80  216.0   623.6  216.14   42.48   35.32  1242.8  216.23   37.76   31.47  1858.7  216.31   32.95   28.10    1.2     60928.431     13.50   47.10740   39.80800  "Undefined"       0.0      827.96  0.00000000
04.04.2019 16:55:28.431   5.33300000   5333.82796   2.52  -50.8   24.6  28.0 47.40  215.3   439.2  215.31   43.84   36.64   862.8  215.29   40.61   33.91  1269.1  215.34   37.46   31.52    1.2     60928.431     13.50   47.10740   39.80800  "Undefined"       0.0      827.96  0.00000000
04.04.2019 16:55:52.020   5.33300000   5333.75513   2.52  -49.6   35.9  28.0 47.41  215.3   439.1  215.30   43.84   36.64   862.6  215.28   40.61   33.91  1268.7  215.34   37.47   31.52    1.3     60952.020     13.50   47.10740   39.80800  "Undefined"       0.0      755.13  0.00000000
04.04.2019 16:55:52.020   5.33300000   5333.75513   2.52  -49.6   35.9  28.0 21.00  216.7   529.4  216.81   43.23   35.89  1050.7  216.90   39.30   32.49  1566.6  216.97   35.32   29.47    1.2     60952.020     13.50   47.10740   39.80800  "Undefined"       0.0      755.13  0.00000000
04.04.2019 16:56:06.199   5.33300000   5333.79100   2.52  -51.5   24.0  28.0 27.00  216.7     0.0  216.71    0.00    0.00     0.0  216.71    0.00    0.00     0.0  216.71    0.00    0.00    1.4     60966.199     13.50   47.10740   39.80800  "Undefined"       0.0      791.00  0.00000000
04.04.2019 16:56:06.199   5.33300000   5333.79100   2.52  -51.5   24.0  28.0 47.40  215.3   439.1  215.29   43.84   36.65   862.7  215.27   40.61   33.91  1268.9  215.32   37.46   31.52    1.2     60966.199     13.50   47.10740   39.80800  "Undefined"       0.0      791.00  0.00000000
04.04.2019 16:56:18.053   5.33300000   5333.80119   2.52  -50.1   29.4  28.0 48.60  214.6   425.6  214.59   43.91   36.79   834.6  214.57   40.78   34.19  1226.1  214.62   37.73   31.91    1.4     60978.053     13.50   47.10740   39.80800  "Undefined"       0.0      801.19  0.00000000
04.04.2019 16:56:18.053   5.33300000   5333.80119   2.52  -50.1   29.4  28.0 15.60  216.0   659.9  216.13   42.21   35.09  1315.8  216.23   37.19   31.06  1968.5  216.31   32.08   27.54    1.2     60978.053     13.50   47.10740   39.80800  "Undefined"       0.0      801.19  0.00000000
04.04.2019 16:56:29.906   5.33300000   5333.74166   2.52  -47.8   21.7  28.0 47.40  215.3   439.2  215.29   43.84   36.65   862.7  215.27   40.61   33.91  1268.9  215.32   37.46   31.52    1.2     60989.906     13.50   47.10740   39.80800  "Undefined"       0.0      741.66  0.00000000
04.04.2019 16:56:29.906   5.33300000   5333.74166   2.52  -47.8   21.7  28.0 13.80  216.0   724.3  216.16   41.72   34.66  1445.3  216.26   36.19   30.32  2163.3  216.34   30.54   26.56    1.2     60989.906     13.50   47.10740   39.80800  "Undefined"       0.0      741.66  0.00000000
04.04.2019 16:56:55.881   5.33300000   5333.27561   1.02  -58.2   17.9  28.0 13.20  216.0   748.8  216.12   41.54   34.51  1494.2  216.23   35.80   30.06  2236.6  216.30   29.95   26.21    1.2     61015.881     13.50   47.10740   39.80800  "Undefined"      63.1      275.61  0.00000000
04.04.2019 16:57:10.170   5.33300000   5333.03553   2.15  -56.8   30.7  28.0 50.40  214.6   406.2  214.59   44.06   36.92   794.5  214.59   41.09   34.43  1165.1  214.65   38.21   32.24    1.2     61030.170     13.50   47.10740   39.80800  "Undefined"      68.2       35.53  0.00000000
04.04.2019 16:57:24.052   5.33300000   5332.79101   2.52  -56.4   21.3  28.0 18.00  216.7   591.7  216.84   42.76   35.46  1178.2  216.94   38.32   31.71  1761.1  217.01   33.81   28.40    1.3     61044.052     13.50   47.10740   39.80800  "Undefined"      69.6     -208.99  0.00000000
04.04.2019 16:57:24.052   5.33300000   5332.79101   2.52  -56.4   21.3  28.0 45.00  216.7   468.1  216.75   43.68   36.33   922.9  216.73   40.26   33.31  1361.1  216.78   36.90   30.67    1.2     61044.052     13.50   47.10740   39.80800  "Undefined"      69.6     -208.99  0.00000000
04.04.2019 16:57:34.788   5.33300000   5333.59700   2.35  -52.1   27.1  28.0 46.80  215.3   446.1  215.31   43.79   36.60   876.9  215.28   40.50   33.82  1290.4  215.34   37.30   31.40    1.4     61054.788     13.50   47.10740   39.80800  "Undefined"      63.7      597.00  0.00000000
04.04.2019 16:57:34.788   5.33300000   5333.59700   2.35  -52.1   27.1  28.0 33.60  218.1   699.0  218.23   42.04   34.57  1419.4  218.29   36.62   29.99  2052.8  218.37   31.73   26.44    1.4     61054.788     13.50   47.10740   39.80800  "Undefined"      63.7      597.00  0.00000000
04.04.2019 16:58:14.791   5.33300000   5332.82800   0.13  -71.7   18.5  28.0 50.40  219.6   406.9  219.67   44.24   36.55   796.8  219.68   41.42   33.71  1170.6  219.76   38.66   31.20    2.0     61094.791     13.50   47.10740   39.80800  "Undefined"       0.0     -172.00  0.00000000
04.04.2019 16:58:14.791   5.33300000   5332.82800   0.13  -71.7   18.5  28.0 10.20  216.7   900.3  216.88   40.44   33.43  1798.2  216.99   33.52   28.21  2691.7  217.07   26.45   23.78    1.9     61094.791     13.50   47.10740   39.80800  "Undefined"       0.0     -172.00  0.00000000
04.04.2019 16:58:29.987   5.33300000   5333.39748   0.93  -63.5   19.4  28.0 19.20  216.7   563.8  216.84   42.97   35.65  1121.5  216.93   38.76   32.05  1674.8  217.01   34.48   28.87    1.4     61109.987     13.50   47.10740   39.80800  "Undefined"      62.5      397.48  0.00000000
04.04.2019 16:58:45.028   5.33300000   5333.23852   1.53  -59.7   14.7  28.0 10.80  216.0   865.5  216.14   40.65   33.76  1728.5  216.25   33.97   28.79  2587.5  216.32   27.15   24.56    1.2     61125.028     13.50   47.10740   39.80800  "Undefined"      68.3      238.52  0.00000000
04.04.2019 16:58:58.003   5.33300000   5333.30785   2.15  -61.2    9.5  28.0 51.00  216.0   400.3  216.06   44.16   36.85   782.5  216.06   41.28   34.30  1147.5  216.13   38.48   32.05    1.8     61138.003     13.50   47.10740   39.80800  "Undefined"      70.6      307.85  0.00000000
04.04.2019 16:58:58.003   5.33300000   5333.30785   2.15  -61.2    9.5  28.0 18.00  215.3   591.8  215.38   42.69   35.62  1178.4  215.48   38.18   32.00  1761.3  215.55   33.62   28.82    1.5     61138.003     13.50   47.10740   39.80800  "Undefined"      70.6      307.85  0.00000000
04.04.2019 16:59:09.852   5.33300000   5333.44747   2.52  -55.1   23.6  28.0 25.20  216.7   509.3  216.85   43.38   36.03   980.4  216.93   39.83   32.92  1435.7  216.99   36.34   30.20    1.5     61149.852     13.50   47.10740   39.80800  "Undefined"      66.9      447.47  0.00000000
04.04.2019 16:59:09.852   5.33300000   5333.44747   2.52  -55.1   23.6  28.0 45.60  216.0   460.6  216.01   43.70   36.44   907.2  215.99   40.32   33.53  1336.9  216.05   37.01   30.98    1.5     61149.852     13.50   47.10740   39.80800  "Undefined"      66.9      447.47  0.00000000
04.04.2019 16:59:36.845   5.33300000   5333.32648   2.52  -59.7   20.9  28.0 42.00  215.3   508.9  215.29   43.31   36.17  1007.6  215.27   39.49   33.04  1488.3  215.33   35.74   30.31    1.6     61176.845     13.50   47.10740   39.80800  "Undefined"      69.0      326.48  0.00000000
