
[strDate]   [strTime]   [Frq_rpu]    [Frq_meg]    [Band]  [E]   [S_N] [Att]  [B]     [A]    [S0]  [aIRI0]   [Lat0]  [Lon0]   [S1]  [aIRI1]  [Lat1]  [Lon1]   [S2]  [aIRI2]  [Lat2]  [Lon2] [Sigm] [Time_sec]  [Cource]  [BaseLat]  [BaseLon]  [TypeSignalName]  [DispApd]  [Dopler]  [Delay]
04.04.2019 05:00:43.747   5.33300000   5333.08477   2.52  -67.1    9.1  28.0 16.20  216.0  1689.4  217.06   34.51   28.66  2402.1  217.32   28.93   24.93  3129.2  217.50   23.16   21.51    1.4     18043.747     13.50   47.24000   39.71000  "Undefined"      62.7       84.77  0.00000000
04.04.2019 05:01:23.842   5.33300000   5333.18006   2.52  -63.1   12.3  28.0 13.20  216.0   821.7  216.19   41.12   33.92     0.0  215.97    0.00    0.00     0.0  215.97    0.00    0.00    1.2     18083.842     13.50   47.24000   39.71000  "Undefined"      65.8      180.06  0.00000000
04.04.2019 05:01:55.237   5.33300000   5333.41189   2.52  -67.9   18.1  28.0 15.00  215.3  1750.9  216.29   33.92   28.55  2518.1  216.56   27.88   24.67  3302.6  216.74   21.60   21.12    1.2     18115.237     13.50   47.24000   39.71000  "Undefined"      69.0      411.89  0.00000000
04.04.2019 05:02:05.083   5.33300000   5333.57241   2.52  -56.8   16.0  28.0 23.40  218.9     0.0  218.88    0.00    0.00     0.0  218.88    0.00    0.00     0.0  218.88    0.00    0.00    1.2     18125.083     13.50   47.24000   39.71000  "Undefined"      62.3      572.41  0.00000000
04.04.2019 05:02:05.083   5.33300000   5333.57241   2.52  -56.8   16.0  28.0 16.20  216.0  1689.4  217.04   34.51   28.66  2402.1  217.31   28.93   24.94  3129.1  217.49   23.16   21.52    1.2     18125.083     13.50   47.24000   39.71000  "Undefined"      62.3      572.41  0.00000000
04.04.2019 05:02:05.083   5.33300000   5333.57241   2.52  -56.8   16.0  28.0 12.00  214.6   883.8  214.78   40.54   33.75  1809.5  214.95   33.29   28.64  2777.9  215.08   25.52   24.11    1.2     18125.083     13.50   47.24000   39.71000  "Undefined"      62.3      572.41  0.00000000
04.04.2019 05:02:05.083   5.33300000   5333.57241   2.52  -56.8   16.0  28.0 13.80  215.3   795.4  215.51   41.27   34.19     0.0  215.27    0.00    0.00     0.0  215.27    0.00    0.00    1.2     18125.083     13.50   47.24000   39.71000  "Undefined"      62.3      572.41  0.00000000
04.04.2019 05:02:14.942   5.33300000   5332.90579   2.52  -63.4   12.8  28.0 15.00  214.6  1748.5  215.59   33.85   28.76  2508.9  215.86   27.83   24.99  3290.7  216.03   21.54   21.51    1.2     18134.942     13.50   47.24000   39.71000  "Undefined"      67.4      -94.21  0.00000000
04.04.2019 05:02:14.942   5.33300000   5332.90579   2.52  -63.4   12.8  28.0 16.80  215.3  1659.9  216.34   34.65   29.02  2344.6  216.60   29.27   25.47  3048.4  216.78   23.66   22.19    1.2     18134.942     13.50   47.24000   39.71000  "Undefined"      67.4      -94.21  0.00000000
04.04.2019 05:02:35.355   5.33300000   5333.41416   2.52  -57.6   15.2  28.0 15.00  215.3  1751.0  216.30   33.93   28.54  2518.3  216.57   27.88   24.67  3302.7  216.75   21.60   21.11    1.2     18155.355     13.50   47.24000   39.71000  "Undefined"      62.4      414.16  0.00000000
04.04.2019 05:02:45.182   5.33300000   5333.76255   2.52  -57.3   14.2  28.0 16.20  216.0  1689.6  217.03   34.50   28.67  2402.6  217.30   28.93   24.94  3129.9  217.48   23.15   21.52    1.2     18165.182     13.50   47.24000   39.71000  "Undefined"       0.0      762.55  0.00000000
04.04.2019 05:03:26.348   5.33300000   5333.50914   2.19  -54.8   19.3  28.0 21.60  216.7  1599.8  218.07   35.33   28.88     0.0  216.70    0.00    0.00     0.0  216.70    0.00    0.00    1.2     18206.348     13.50   47.24000   39.71000  "Undefined"      62.4      509.14  0.00000000
04.04.2019 05:03:26.348   5.33300000   5333.50914   2.19  -54.8   19.3  28.0 18.00  216.0  1615.8  217.10   35.09   29.05  2258.8  217.37   30.08   25.62     0.0  215.99    0.00    0.00    1.2     18206.348     13.50   47.24000   39.71000  "Undefined"      62.4      509.14  0.00000000
04.04.2019 05:03:26.348   5.33300000   5333.50914   2.19  -54.8   19.3  28.0 14.40  215.3  1784.3  216.31   33.66   28.37  2584.0  216.59   27.35   24.35  3399.9  216.77   20.82   20.69    1.2     18206.348     13.50   47.24000   39.71000  "Undefined"      62.4      509.14  0.00000000
04.04.2019 05:03:46.063   5.33300000   5333.66832   2.52  -59.3   15.7  28.0 13.80  215.3   795.5  215.52   41.27   34.19     0.0  215.28    0.00    0.00     0.0  215.28    0.00    0.00    1.2     18226.063     13.50   47.24000   39.71000  "Undefined"      71.0      668.32  0.00000000
04.04.2019 05:04:16.306   5.33300000   5332.88058   1.84  -65.9   10.3  28.0 27.00  217.4     0.0  217.45    0.00    0.00     0.0  217.45    0.00    0.00     0.0  217.45    0.00    0.00    1.5     18256.306     13.50   47.24000   39.71000  "Undefined"      67.2     -119.42  0.00000000
04.04.2019 05:04:37.020   5.33300000   5333.40658   2.52  -65.4    7.5  28.0 25.20  218.9     0.0  218.87    0.00    0.00     0.0  218.87    0.00    0.00     0.0  218.87    0.00    0.00    1.4     18277.020     13.50   47.24000   39.71000  "Undefined"      62.1      406.58  0.00000000
04.04.2019 05:04:58.474   5.33300000   5333.01947   2.52  -66.4    9.9  28.0 21.60  218.9  1610.7  220.25   35.54   28.25     0.0  218.86    0.00    0.00     0.0  218.86    0.00    0.00    1.3     18298.474     13.50   47.24000   39.71000  "Undefined"      68.0       19.47  0.00000000
04.04.2019 05:05:30.107   5.33300000   5333.19677   2.52  -62.0   13.9  28.0 25.80  218.9     0.0  218.88    0.00    0.00     0.0  218.88    0.00    0.00     0.0  218.88    0.00    0.00    1.3     18330.107     13.50   47.24000   39.71000  "Undefined"      67.9      196.77  0.00000000
04.04.2019 05:05:41.057   5.33300000   5333.52470   1.28  -55.3   23.5  28.0 13.20  215.3   821.6  215.48   41.07   34.03  1662.8  215.61   34.53   29.20  2536.3  215.70   27.58   24.92    1.3     18341.057     13.50   47.24000   39.71000  "Undefined"      63.4      524.70  0.00000000
04.04.2019 05:06:12.718   5.33300000   5333.16895   2.28  -61.2   16.6  28.0 16.80  215.3  3734.7  217.45   18.26   18.96     0.0  215.29    0.00    0.00     0.0  215.29    0.00    0.00    1.2     18372.718     13.50   47.24000   39.71000  "Undefined"      66.7      168.95  0.00000000
04.04.2019 05:06:35.280   5.33300000   5333.74255   2.52  -55.1   16.3  28.0 15.60  216.0  3796.9  218.09   17.91   18.37     0.0  216.00    0.00    0.00     0.0  216.00    0.00    0.00    1.3     18395.280     13.50   47.24000   39.71000  "Undefined"       0.0      742.55  0.00000000
04.04.2019 05:06:46.205   5.33300000   5332.69065   0.35  -72.5    7.4  28.0 13.20  215.3   821.6  215.49   41.07   34.03  1662.8  215.63   34.53   29.20  2536.2  215.71   27.58   24.92    1.5     18406.205     13.50   47.24000   39.71000  "Undefined"       0.0     -309.35  0.00000000
04.04.2019 05:06:46.205   5.33300000   5333.57415   2.17  -58.0   15.7  28.0 18.60  217.4  2477.3  219.31   28.70   23.82     0.0  217.42    0.00    0.00     0.0  217.42    0.00    0.00    1.3     18406.205     13.50   47.24000   39.71000  "Undefined"      62.6      574.15  0.00000000
04.04.2019 05:06:58.184   5.33300000   5332.85929   2.50  -55.4   21.0  28.0 21.00  216.7  1539.1  218.06   35.80   29.23  3122.4  218.73   23.48   20.98     0.0  216.71    0.00    0.00    1.2     18418.184     13.50   47.24000   39.71000  "Undefined"      61.9     -140.71  0.00000000
04.04.2019 05:07:08.047   5.33300000   5333.13897   2.46  -64.3   12.3  28.0 24.60  217.4     0.0  217.43    0.00    0.00     0.0  217.43    0.00    0.00     0.0  217.43    0.00    0.00    1.3     18428.047     13.50   47.24000   39.71000  "Undefined"      67.2      138.97  0.00000000
04.04.2019 05:07:08.047   5.33300000   5333.13897   2.46  -64.3   12.3  28.0 22.20  216.7  1567.4  218.19   35.60   29.04     0.0  216.71    0.00    0.00     0.0  216.71    0.00    0.00    1.3     18428.047     13.50   47.24000   39.71000  "Undefined"      67.2      138.97  0.00000000
04.04.2019 05:07:08.047   5.33300000   5333.13897   2.46  -64.3   12.3  28.0 19.20  216.0  2454.4  217.93   28.63   24.45  3075.3  218.22   23.74   21.42     0.0  215.99    0.00    0.00    1.3     18428.047     13.50   47.24000   39.71000  "Undefined"      67.2      138.97  0.00000000
04.04.2019 05:07:08.047   5.33300000   5333.13897   2.46  -64.3   12.3  28.0 12.60  214.6   852.6  214.78   40.79   33.94  1725.9  214.92   33.95   29.07  2628.3  215.00   26.72   24.79    1.3     18428.047     13.50   47.24000   39.71000  "Undefined"      67.2      138.97  0.00000000
04.04.2019 05:07:08.047   5.33300000   5333.13897   2.46  -64.3   12.3  28.0 16.20  215.3  3770.6  217.40   17.96   18.84     0.0  215.28    0.00    0.00     0.0  215.28    0.00    0.00    1.3     18428.047     13.50   47.24000   39.71000  "Undefined"      67.2      138.97  0.00000000
04.04.2019 05:07:17.919   5.33300000   5333.10547   2.52  -54.7   20.9  28.0 18.00  216.0  3764.0  218.24   18.22   18.43     0.0  216.01    0.00    0.00     0.0  216.01    0.00    0.00    1.2     18437.919     13.50   47.24000   39.71000  "Undefined"      62.0      105.47  0.00000000
04.04.2019 05:07:28.528   5.33300000   5332.75766   1.84  -66.3   13.2  28.0 12.60  216.0   852.9  216.22   40.88   33.72  1727.0  216.36   34.12   28.65  2631.5  216.44   26.95   24.19    1.2     18448.528     13.50   47.24000   39.71000  "Undefined"      64.4     -242.34  0.00000000
04.04.2019 05:07:28.528   5.33300000   5333.56698   2.12  -54.6   19.5  28.0 20.40  216.7  1544.3  217.99   35.75   29.22     0.0  216.69    0.00    0.00     0.0  216.69    0.00    0.00    1.2     18448.528     13.50   47.24000   39.71000  "Undefined"      62.8      566.98  0.00000000
04.04.2019 05:07:39.844   5.33300000   5333.34264   2.52  -51.6   21.8  28.0 18.00  216.7  3682.5  218.94   19.05   18.40     0.0  216.69    0.00    0.00     0.0  216.69    0.00    0.00    1.2     18459.844     13.50   47.24000   39.71000  "Undefined"      62.7      342.64  0.00000000
04.04.2019 05:07:50.449   5.33300000   5332.70113   0.38  -64.2   15.5  28.0  5.40  215.3  1466.6  215.54   36.07   30.27  3001.4  215.68   23.82   22.89     0.0  215.30    0.00    0.00    1.3     18470.449     13.50   47.24000   39.71000  "Undefined"       0.0     -298.87  0.00000000
04.04.2019 05:07:50.449   5.33300000   5332.70113   0.38  -64.2   15.5  28.0 18.00  216.7  3718.3  218.96   18.76   18.24     0.0  216.72    0.00    0.00     0.0  216.72    0.00    0.00    1.3     18470.449     13.50   47.24000   39.71000  "Undefined"       0.0     -298.87  0.00000000
04.04.2019 05:07:50.449   5.33300000   5332.70113   0.38  -64.2   15.5  28.0 12.00  216.0   886.2  216.21   40.63   33.51  1795.1  216.35   33.59   28.30  2732.8  216.44   26.13   23.74    1.3     18470.449     13.50   47.24000   39.71000  "Undefined"       0.0     -298.87  0.00000000
04.04.2019 05:07:50.449   5.33300000   5332.70113   0.38  -64.2   15.5  28.0 25.80  218.2     0.0  218.18    0.00    0.00     0.0  218.18    0.00    0.00     0.0  218.18    0.00    0.00    1.2     18470.449     13.50   47.24000   39.71000  "Undefined"       0.0     -298.87  0.00000000
04.04.2019 05:07:50.449   5.33300000   5332.70113   0.38  -64.2   15.5  28.0 27.60  218.9     0.0  218.88    0.00    0.00     0.0  218.88    0.00    0.00     0.0  218.88    0.00    0.00    1.2     18470.449     13.50   47.24000   39.71000  "Undefined"       0.0     -298.87  0.00000000
04.04.2019 05:07:50.449   5.33300000   5333.61345   2.15  -53.5   20.2  28.0 17.40  216.0  3712.3  218.21   18.63   18.66     0.0  216.02    0.00    0.00     0.0  216.02    0.00    0.00    1.2     18470.449     13.50   47.24000   39.71000  "Undefined"      62.0      613.45  0.00000000
04.04.2019 05:08:14.469   5.33300000   5333.44178   2.39  -55.2   17.9  28.0 16.80  216.0  3720.0  218.15   18.55   18.66     0.0  215.99    0.00    0.00     0.0  215.99    0.00    0.00    1.2     18494.469     13.50   47.24000   39.71000  "Undefined"      62.6      441.78  0.00000000
04.04.2019 05:08:26.535   5.33300000   5332.91952   2.52  -55.3   20.8  28.0 20.40  216.0  1541.4  217.33   35.69   29.40     0.0  216.03    0.00    0.00     0.0  216.03    0.00    0.00    1.3     18506.535     13.50   47.24000   39.71000  "Undefined"      62.2      -80.48  0.00000000
04.04.2019 05:08:37.466   5.33300000   5332.60779   0.13  -75.2    7.1  28.0 33.00  221.0     0.0  221.04    0.00    0.00     0.0  221.04    0.00    0.00     0.0  221.04    0.00    0.00    1.9     18517.466     13.50   47.24000   39.71000  "Undefined"       0.0     -392.21  0.00000000
04.04.2019 05:08:49.466   5.33300000   5333.55797   2.52  -55.9   16.5  28.0 21.00  217.4  1543.9  218.77   35.85   29.02  3105.4  219.44   23.77   20.73     0.0  217.42    0.00    0.00    1.4     18529.466     13.50   47.24000   39.71000  "Undefined"      63.4      557.97  0.00000000
04.04.2019 05:08:49.466   5.33300000   5333.55797   2.52  -55.9   16.5  28.0 19.20  216.7  1573.4  217.99   35.53   29.05     0.0  216.74    0.00    0.00     0.0  216.74    0.00    0.00    1.4     18529.466     13.50   47.24000   39.71000  "Undefined"      63.4      557.97  0.00000000
04.04.2019 05:08:59.309   5.33300000   5333.70031   2.52  -56.0   18.0  28.0 24.00  217.4     0.0  217.43    0.00    0.00     0.0  217.43    0.00    0.00     0.0  217.43    0.00    0.00    1.3     18539.309     13.50   47.24000   39.71000  "Undefined"      67.7      700.31  0.00000000
04.04.2019 05:09:18.959   5.33300000   5333.05023   2.52  -53.3   22.1  28.0 17.40  215.3  3744.1  217.50   18.20   18.90     0.0  215.31    0.00    0.00     0.0  215.31    0.00    0.00    1.2     18558.959     13.50   47.24000   39.71000  "Undefined"      69.6       50.23  0.00000000
04.04.2019 05:09:29.526   5.33300000   5333.34162   2.43  -53.8   20.0  28.0 21.60  216.7  1546.5  218.10   35.75   29.18  3191.4  218.75   22.93   20.66     0.0  216.69    0.00    0.00    1.2     18569.526     13.50   47.24000   39.71000  "Undefined"      62.1      341.62  0.00000000
04.04.2019 05:09:39.397   5.33300000   5333.75011   2.52  -49.3   22.1  28.0 27.00  218.2     0.0  218.17    0.00    0.00     0.0  218.17    0.00    0.00     0.0  218.17    0.00    0.00    1.2     18579.397     13.50   47.24000   39.71000  "Undefined"       0.0      750.11  0.00000000
04.04.2019 05:09:49.234   5.33300000   5332.67790   1.84  -66.9   14.7  28.0 28.20  217.4     0.0  217.43    0.00    0.00     0.0  217.43    0.00    0.00     0.0  217.43    0.00    0.00    1.4     18589.234     13.50   47.24000   39.71000  "Undefined"      63.6     -322.10  0.00000000
04.04.2019 05:09:49.234   5.33300000   5332.67790   1.84  -66.9   14.7  28.0 24.00  216.7     0.0  216.71    0.00    0.00     0.0  216.71    0.00    0.00     0.0  216.71    0.00    0.00    1.4     18589.234     13.50   47.24000   39.71000  "Undefined"      63.6     -322.10  0.00000000
04.04.2019 05:09:49.234   5.33300000   5332.67790   1.84  -66.9   14.7  28.0  8.40  215.3  1144.1  215.49   38.58   32.09  2332.8  215.64   29.20   25.88  3566.2  215.73   19.23   20.54    1.3     18589.234     13.50   47.24000   39.71000  "Undefined"      63.6     -322.10  0.00000000
04.04.2019 05:09:49.234   5.33300000   5333.49038   2.28  -49.6   24.2  28.0 24.00  217.4     0.0  217.42    0.00    0.00     0.0  217.42    0.00    0.00     0.0  217.42    0.00    0.00    1.2     18589.234     13.50   47.24000   39.71000  "Undefined"      63.0      490.38  0.00000000
04.04.2019 05:09:49.234   5.33300000   5333.49038   2.28  -49.6   24.2  28.0 21.60  216.7  1546.7  218.14   35.75   29.17  3189.9  218.78   22.95   20.65     0.0  216.73    0.00    0.00    1.2     18589.234     13.50   47.24000   39.71000  "Undefined"      63.0      490.38  0.00000000
04.04.2019 05:10:00.169   5.33300000   5333.61703   2.52  -51.3   20.2  28.0 15.00  216.7   743.6  216.99   41.76   34.32  1498.6  217.14   36.00   29.69     0.0  216.73    0.00    0.00    1.3     18600.169     13.50   47.24000   39.71000  "Undefined"       0.0      617.03  0.00000000
04.04.2019 05:10:00.169   5.33300000   5333.61703   2.52  -51.3   20.2  28.0 27.00  216.7     0.0  216.74    0.00    0.00     0.0  216.74    0.00    0.00     0.0  216.74    0.00    0.00    1.3     18600.169     13.50   47.24000   39.71000  "Undefined"       0.0      617.03  0.00000000
04.04.2019 05:10:11.448   5.33300000   5333.49008   2.35  -47.6   25.9  28.0 25.20  217.4     0.0  217.42    0.00    0.00     0.0  217.42    0.00    0.00     0.0  217.42    0.00    0.00    1.2     18611.448     13.50   47.24000   39.71000  "Undefined"      62.7      490.08  0.00000000
04.04.2019 05:10:11.448   5.33300000   5333.49008   2.35  -47.6   25.9  28.0 21.60  216.7  1546.7  218.12   35.75   29.17  3191.5  218.77   22.94   20.65     0.0  216.71    0.00    0.00    1.2     18611.448     13.50   47.24000   39.71000  "Undefined"      62.7      490.08  0.00000000
04.04.2019 05:10:11.448   5.33300000   5333.49008   2.35  -47.6   25.9  28.0 16.80  216.0  3719.5  218.16   18.56   18.65     0.0  216.00    0.00    0.00     0.0  216.00    0.00    0.00    1.2     18611.448     13.50   47.24000   39.71000  "Undefined"      62.7      490.08  0.00000000
04.04.2019 05:10:21.297   5.33300000   5333.35039   2.52  -54.0   18.8  28.0 27.00  216.7     0.0  216.71    0.00    0.00     0.0  216.71    0.00    0.00     0.0  216.71    0.00    0.00    1.2     18621.297     13.50   47.24000   39.71000  "Undefined"      62.2      350.39  0.00000000
04.04.2019 05:10:31.120   5.33300000   5333.42600   2.52  -49.7   23.3  28.0 15.60  216.0  3794.9  218.07   17.93   18.38     0.0  215.98    0.00    0.00     0.0  215.98    0.00    0.00    1.2     18631.120     13.50   47.24000   39.71000  "Undefined"      62.4      426.00  0.00000000
04.04.2019 05:10:42.442   5.33300000   5332.99827   2.52  -60.2   15.7  28.0 24.00  216.0     0.0  216.01    0.00    0.00     0.0  216.01    0.00    0.00     0.0  216.01    0.00    0.00    1.3     18642.442     13.50   47.24000   39.71000  "Undefined"      62.3       -1.73  0.00000000
04.04.2019 05:11:02.128   5.33300000   5333.70802   2.52  -51.7   21.5  28.0 28.80  218.2     0.0  218.15    0.00    0.00     0.0  218.15    0.00    0.00     0.0  218.15    0.00    0.00    1.3     18662.128     13.50   47.24000   39.71000  "Undefined"      66.1      708.02  0.00000000
04.04.2019 05:11:02.128   5.33300000   5333.70802   2.52  -51.7   21.5  28.0 25.20  217.4     0.0  217.43    0.00    0.00     0.0  217.43    0.00    0.00     0.0  217.43    0.00    0.00    1.2     18662.128     13.50   47.24000   39.71000  "Undefined"      66.1      708.02  0.00000000
04.04.2019 05:11:02.128   5.33300000   5333.70802   2.52  -51.7   21.5  28.0 20.40  216.7  1544.5  218.01   35.75   29.21     0.0  216.71    0.00    0.00     0.0  216.71    0.00    0.00    1.2     18662.128     13.50   47.24000   39.71000  "Undefined"      66.1      708.02  0.00000000
04.04.2019 05:11:02.128   5.33300000   5333.70802   2.52  -51.7   21.5  28.0 15.60  216.0  3797.6  218.09   17.91   18.36     0.0  216.00    0.00    0.00     0.0  216.00    0.00    0.00    1.2     18662.128     13.50   47.24000   39.71000  "Undefined"      66.1      708.02  0.00000000
04.04.2019 05:11:13.421   5.33300000   5333.68230   2.52  -50.0   21.4  28.0 25.80  217.4     0.0  217.45    0.00    0.00     0.0  217.45    0.00    0.00     0.0  217.45    0.00    0.00    1.2     18673.421     13.50   47.24000   39.71000  "Undefined"       0.0      682.30  0.00000000
04.04.2019 05:11:23.257   5.33300000   5333.85448   2.43  -53.5   18.1  28.0 27.60  218.9     0.0  218.86    0.00    0.00     0.0  218.86    0.00    0.00     0.0  218.86    0.00    0.00    1.2     18683.257     13.50   47.24000   39.71000  "Undefined"       0.0      854.48  0.00000000
04.04.2019 05:11:23.257   5.33300000   5333.85448   2.43  -53.5   18.1  28.0 19.80  216.7  1554.6  218.00   35.67   29.16     0.0  216.74    0.00    0.00     0.0  216.74    0.00    0.00    1.2     18683.257     13.50   47.24000   39.71000  "Undefined"       0.0      854.48  0.00000000
04.04.2019 05:11:23.257   5.33300000   5333.85448   2.43  -53.5   18.1  28.0 25.20  218.2     0.0  218.15    0.00    0.00     0.0  218.15    0.00    0.00     0.0  218.15    0.00    0.00    1.2     18683.257     13.50   47.24000   39.71000  "Undefined"       0.0      854.48  0.00000000
04.04.2019 05:11:23.257   5.33300000   5333.85448   2.43  -53.5   18.1  28.0 22.80  217.4  1632.7  219.05   35.21   28.44     0.0  217.45    0.00    0.00     0.0  217.45    0.00    0.00    1.2     18683.257     13.50   47.24000   39.71000  "Undefined"       0.0      854.48  0.00000000
04.04.2019 05:11:56.334   5.33300000   5333.52755   2.52  -59.6   13.2  28.0 27.60  220.3     0.0  220.32    0.00    0.00     0.0  220.32    0.00    0.00     0.0  220.32    0.00    0.00    1.3     18716.334     13.50   47.24000   39.71000  "Undefined"      63.7      527.55  0.00000000
04.04.2019 05:12:06.176   5.33300000   5333.26759   2.52  -56.4   17.1  28.0 24.60  216.7     0.0  216.74    0.00    0.00     0.0  216.74    0.00    0.00     0.0  216.74    0.00    0.00    1.3     18726.176     13.50   47.24000   39.71000  "Undefined"      62.1      267.59  0.00000000
04.04.2019 05:12:27.295   5.33300000   5333.37690   2.52  -52.8   20.2  28.0 22.20  216.0  1563.8  217.47   35.54   29.24     0.0  216.00    0.00    0.00     0.0  216.00    0.00    0.00    1.2     18747.295     13.50   47.24000   39.71000  "Undefined"      62.2      376.90  0.00000000
04.04.2019 05:12:37.139   5.33300000   5333.61692   2.52  -47.1   24.4  28.0 24.60  217.4     0.0  217.44    0.00    0.00     0.0  217.44    0.00    0.00     0.0  217.44    0.00    0.00    1.2     18757.139     13.50   47.24000   39.71000  "Undefined"       0.0      616.92  0.00000000
04.04.2019 05:12:48.416   5.33300000   5333.76305   2.52  -46.9   24.5  28.0 22.20  216.7  1567.7  218.18   35.60   29.04     0.0  216.70    0.00    0.00     0.0  216.70    0.00    0.00    1.2     18768.416     13.50   47.24000   39.71000  "Undefined"       0.0      763.05  0.00000000
04.04.2019 05:12:48.416   5.33300000   5333.76305   2.52  -46.9   24.5  28.0 19.20  216.0  2455.2  217.95   28.62   24.44  3078.1  218.24   23.73   21.40     0.0  216.01    0.00    0.00    1.2     18768.416     13.50   47.24000   39.71000  "Undefined"       0.0      763.05  0.00000000
04.04.2019 05:12:58.266   5.33300000   5333.79757   2.52  -45.4   26.0  28.0 26.40  217.5     0.0  217.46    0.00    0.00     0.0  217.46    0.00    0.00     0.0  217.46    0.00    0.00    1.2     18778.266     13.50   47.24000   39.71000  "Undefined"       0.0      797.57  0.00000000
04.04.2019 05:13:08.115   5.33300000   5333.79870   2.52  -49.9   21.6  28.0 27.00  217.4     0.0  217.43    0.00    0.00     0.0  217.43    0.00    0.00     0.0  217.43    0.00    0.00    1.2     18788.115     13.50   47.24000   39.71000  "Undefined"       0.0      798.70  0.00000000
04.04.2019 05:13:19.386   5.33300000   5333.71394   2.52  -45.0   26.4  28.0 27.60  218.1     0.0  218.15    0.00    0.00     0.0  218.15    0.00    0.00     0.0  218.15    0.00    0.00    1.2     18799.386     13.50   47.24000   39.71000  "Undefined"       0.0      713.94  0.00000000
04.04.2019 05:13:29.226   5.33300000   5333.80890   2.52  -45.4   26.0  28.0 27.00  217.5     0.0  217.46    0.00    0.00     0.0  217.46    0.00    0.00     0.0  217.46    0.00    0.00    1.2     18809.226     13.50   47.24000   39.71000  "Undefined"       0.0      808.90  0.00000000
04.04.2019 05:13:40.520   5.33300000   5333.83368   2.52  -45.2   26.3  28.0 27.00  217.4     0.0  217.44    0.00    0.00     0.0  217.44    0.00    0.00     0.0  217.44    0.00    0.00    1.3     18820.520     13.50   47.24000   39.71000  "Undefined"       0.0      833.68  0.00000000
04.04.2019 05:13:50.352   5.33300000   5333.80898   2.52  -43.2   28.3  28.0 27.60  216.7     0.0  216.72    0.00    0.00     0.0  216.72    0.00    0.00     0.0  216.72    0.00    0.00    1.2     18830.352     13.50   47.24000   39.71000  "Undefined"       0.0      808.98  0.00000000
04.04.2019 05:14:00.193   5.33300000   5333.59289   2.52  -40.9   30.5  28.0 27.00  216.7     0.0  216.71    0.00    0.00     0.0  216.71    0.00    0.00     0.0  216.71    0.00    0.00    1.2     18840.193     13.50   47.24000   39.71000  "Undefined"       0.0      592.89  0.00000000
04.04.2019 05:14:10.399   5.33300000   5333.67027   2.52  -37.9   33.5  28.0 27.60  216.7     0.0  216.73    0.00    0.00     0.0  216.73    0.00    0.00     0.0  216.73    0.00    0.00    1.2     18850.399     13.50   47.24000   39.71000  "Undefined"       0.0      670.27  0.00000000
04.04.2019 05:14:20.240   5.33300000   5333.69160   2.52  -36.1   35.3  28.0 27.60  217.4     0.0  217.43    0.00    0.00     0.0  217.43    0.00    0.00     0.0  217.43    0.00    0.00    1.2     18860.240     13.50   47.24000   39.71000  "Undefined"       0.0      691.60  0.00000000
04.04.2019 05:14:20.240   5.33300000   5333.69160   2.52  -36.1   35.3  28.0 26.40  216.7     0.0  216.73    0.00    0.00     0.0  216.73    0.00    0.00     0.0  216.73    0.00    0.00    1.2     18860.240     13.50   47.24000   39.71000  "Undefined"       0.0      691.60  0.00000000
04.04.2019 05:14:30.085   5.33300000   5333.74698   2.52  -35.2   36.2  28.0 26.40  217.4     0.0  217.41    0.00    0.00     0.0  217.41    0.00    0.00     0.0  217.41    0.00    0.00    1.2     18870.085     13.50   47.24000   39.71000  "Undefined"       0.0      746.98  0.00000000
04.04.2019 05:14:41.356   5.33300000   5333.87686   2.52  -35.3   36.2  28.0 27.00  217.4     0.0  217.44    0.00    0.00     0.0  217.44    0.00    0.00     0.0  217.44    0.00    0.00    1.2     18881.356     13.50   47.24000   39.71000  "Undefined"       0.0      876.86  0.00000000
04.04.2019 05:15:02.470   5.33300000   5333.65370   2.52  -43.0   28.5  28.0 25.80  216.7     0.0  216.71    0.00    0.00     0.0  216.71    0.00    0.00     0.0  216.71    0.00    0.00    1.3     18902.470     13.50   47.24000   39.71000  "Undefined"       0.0      653.70  0.00000000
04.04.2019 05:15:12.296   5.33300000   5333.80855   2.52  -39.0   32.4  28.0 26.40  217.4     0.0  217.45    0.00    0.00     0.0  217.45    0.00    0.00     0.0  217.45    0.00    0.00    1.2     18912.296     13.50   47.24000   39.71000  "Undefined"       0.0      808.55  0.00000000
04.04.2019 05:15:22.135   5.33300000   5333.95511   2.52  -41.1   30.4  28.0 25.80  217.4     0.0  217.42    0.00    0.00     0.0  217.42    0.00    0.00     0.0  217.42    0.00    0.00    1.2     18922.135     13.50   47.24000   39.71000  "Undefined"       0.0      955.11  0.00000000
04.04.2019 05:15:33.452   5.33300000   5333.92937   2.52  -45.8   25.6  28.0 24.60  216.7     0.0  216.73    0.00    0.00     0.0  216.73    0.00    0.00     0.0  216.73    0.00    0.00    1.2     18933.452     13.50   47.24000   39.71000  "Undefined"       0.0      929.37  0.00000000
04.04.2019 05:15:43.299   5.33300000   5333.81334   2.52  -48.4   23.1  28.0 24.60  216.7     0.0  216.74    0.00    0.00     0.0  216.74    0.00    0.00     0.0  216.74    0.00    0.00    1.2     18943.299     13.50   47.24000   39.71000  "Undefined"       0.0      813.34  0.00000000
04.04.2019 05:16:04.412   5.33300000   5333.24361   2.52  -52.5   20.2  28.0 30.00  217.4     0.0  217.44    0.00    0.00     0.0  217.44    0.00    0.00     0.0  217.44    0.00    0.00    1.5     18964.412     13.50   47.24000   39.71000  "Undefined"      62.5      243.61  0.00000000
04.04.2019 05:16:14.261   5.33300000   5333.60389   2.52  -46.4   25.0  28.0 27.60  218.9     0.0  218.86    0.00    0.00     0.0  218.86    0.00    0.00     0.0  218.86    0.00    0.00    1.3     18974.261     13.50   47.24000   39.71000  "Undefined"       0.0      603.89  0.00000000
04.04.2019 05:16:34.301   5.33300000   5333.65016   2.52  -46.0   25.4  28.0 28.20  218.9     0.0  218.86    0.00    0.00     0.0  218.86    0.00    0.00     0.0  218.86    0.00    0.00    1.2     18994.301     13.50   47.24000   39.71000  "Undefined"       0.0      650.16  0.00000000
04.04.2019 05:16:34.301   5.33300000   5333.65016   2.52  -46.0   25.4  28.0 26.40  218.2     0.0  218.17    0.00    0.00     0.0  218.17    0.00    0.00     0.0  218.17    0.00    0.00    1.2     18994.301     13.50   47.24000   39.71000  "Undefined"       0.0      650.16  0.00000000
04.04.2019 05:16:44.156   5.33300000   5333.47092   2.52  -40.7   30.8  28.0 27.60  218.2     0.0  218.16    0.00    0.00     0.0  218.16    0.00    0.00     0.0  218.16    0.00    0.00    1.2     19004.156     13.50   47.24000   39.71000  "Undefined"       0.0      470.92  0.00000000
04.04.2019 05:16:55.419   5.33300000   5333.73285   2.52  -37.3   34.2  28.0 27.00  218.2     0.0  218.16    0.00    0.00     0.0  218.16    0.00    0.00     0.0  218.16    0.00    0.00    1.2     19015.419     13.50   47.24000   39.71000  "Undefined"       0.0      732.85  0.00000000
04.04.2019 05:17:05.249   5.33300000   5333.91367   2.52  -38.8   32.6  28.0 26.40  218.2     0.0  218.16    0.00    0.00     0.0  218.16    0.00    0.00     0.0  218.16    0.00    0.00    1.2     19025.249     13.50   47.24000   39.71000  "Undefined"       0.0      913.67  0.00000000
04.04.2019 05:17:16.528   5.33300000   5333.92081   2.52  -43.1   28.3  28.0 26.40  218.2     0.0  218.16    0.00    0.00     0.0  218.16    0.00    0.00     0.0  218.16    0.00    0.00    1.2     19036.528     13.50   47.24000   39.71000  "Undefined"       0.0      920.81  0.00000000
04.04.2019 05:17:26.345   5.33300000   5333.71471   2.52  -40.3   31.1  28.0 25.80  218.2     0.0  218.16    0.00    0.00     0.0  218.16    0.00    0.00     0.0  218.16    0.00    0.00    1.2     19046.345     13.50   47.24000   39.71000  "Undefined"       0.0      714.71  0.00000000
04.04.2019 05:17:36.165   5.33300000   5333.73473   2.52  -38.2   33.2  28.0 26.40  218.2     0.0  218.16    0.00    0.00     0.0  218.16    0.00    0.00     0.0  218.16    0.00    0.00    1.3     19056.165     13.50   47.24000   39.71000  "Undefined"       0.0      734.73  0.00000000
04.04.2019 05:17:47.432   5.33300000   5333.76096   2.52  -38.2   33.3  28.0 25.80  218.2     0.0  218.16    0.00    0.00     0.0  218.16    0.00    0.00     0.0  218.16    0.00    0.00    1.2     19067.432     13.50   47.24000   39.71000  "Undefined"       0.0      760.96  0.00000000
04.04.2019 05:17:57.254   5.33300000   5333.77018   2.52  -38.0   33.5  28.0 25.80  217.5     0.0  217.47    0.00    0.00     0.0  217.47    0.00    0.00     0.0  217.47    0.00    0.00    1.2     19077.254     13.50   47.24000   39.71000  "Undefined"       0.0      770.18  0.00000000
04.04.2019 05:18:07.070   5.33300000   5333.78950   2.52  -38.1   33.3  28.0 25.20  218.1     0.0  218.14    0.00    0.00     0.0  218.14    0.00    0.00     0.0  218.14    0.00    0.00    1.2     19087.070     13.50   47.24000   39.71000  "Undefined"       0.0      789.50  0.00000000
04.04.2019 05:18:18.357   5.33300000   5333.78416   2.52  -37.9   33.5  28.0 25.20  217.5     0.0  217.46    0.00    0.00     0.0  217.46    0.00    0.00     0.0  217.46    0.00    0.00    1.2     19098.357     13.50   47.24000   39.71000  "Undefined"       0.0      784.16  0.00000000
04.04.2019 05:18:28.196   5.33300000   5333.81677   2.52  -37.0   34.5  28.0 25.20  218.1     0.0  218.14    0.00    0.00     0.0  218.14    0.00    0.00     0.0  218.14    0.00    0.00    1.2     19108.196     13.50   47.24000   39.71000  "Undefined"       0.0      816.77  0.00000000
04.04.2019 05:18:38.033   5.33300000   5333.80996   2.52  -36.4   35.0  28.0 25.20  218.2     0.0  218.16    0.00    0.00     0.0  218.16    0.00    0.00     0.0  218.16    0.00    0.00    1.2     19118.033     13.50   47.24000   39.71000  "Undefined"       0.0      809.96  0.00000000
04.04.2019 05:18:49.347   5.33300000   5333.83318   2.52  -35.4   36.0  28.0 25.20  218.2     0.0  218.17    0.00    0.00     0.0  218.17    0.00    0.00     0.0  218.17    0.00    0.00    1.2     19129.347     13.50   47.24000   39.71000  "Undefined"       0.0      833.18  0.00000000
04.04.2019 05:18:59.189   5.33300000   5333.79259   2.52  -34.5   37.0  28.0 25.80  219.6     0.0  219.59    0.00    0.00     0.0  219.59    0.00    0.00     0.0  219.59    0.00    0.00    1.2     19139.189     13.50   47.24000   39.71000  "Undefined"       0.0      792.59  0.00000000
04.04.2019 05:19:10.471   5.33300000   5333.72100   2.52  -34.6   36.8  28.0 25.80  218.2     0.0  218.17    0.00    0.00     0.0  218.17    0.00    0.00     0.0  218.17    0.00    0.00    1.2     19150.471     13.50   47.24000   39.71000  "Undefined"       0.0      721.00  0.00000000
04.04.2019 05:19:20.290   5.33300000   5333.58106   2.52  -36.4   35.0  28.0 26.40  218.9     0.0  218.88    0.00    0.00     0.0  218.88    0.00    0.00     0.0  218.88    0.00    0.00    1.2     19160.290     13.50   47.24000   39.71000  "Undefined"       0.0      581.06  0.00000000
04.04.2019 05:19:30.116   5.33300000   5333.38484   2.52  -41.7   29.8  28.0 27.00  218.9     0.0  218.90    0.00    0.00     0.0  218.90    0.00    0.00     0.0  218.90    0.00    0.00    1.2     19170.116     13.50   47.24000   39.71000  "Undefined"       0.0      384.84  0.00000000
04.04.2019 05:19:40.316   5.33300000   5332.86623   0.77  -56.4   20.2  28.0 27.00  218.9     0.0  218.89    0.00    0.00     0.0  218.89    0.00    0.00     0.0  218.89    0.00    0.00    1.3     19180.316     13.50   47.24000   39.71000  "Undefined"       0.0     -133.77  0.00000000
04.04.2019 05:19:51.226   5.33300000   5333.90099   2.52  -44.1   27.3  28.0 28.20  220.3     0.0  220.33    0.00    0.00     0.0  220.33    0.00    0.00     0.0  220.33    0.00    0.00    1.3     19191.226     13.50   47.24000   39.71000  "Undefined"       0.0      900.99  0.00000000
04.04.2019 05:20:01.062   5.33300000   5333.92925   2.52  -46.4   25.1  28.0 28.20  220.3     0.0  220.31    0.00    0.00     0.0  220.31    0.00    0.00     0.0  220.31    0.00    0.00    1.2     19201.062     13.50   47.24000   39.71000  "Undefined"       0.0      929.25  0.00000000
04.04.2019 05:20:21.457   5.33300000   5333.90268   2.52  -35.2   36.2  28.0 27.00  218.9     0.0  218.87    0.00    0.00     0.0  218.87    0.00    0.00     0.0  218.87    0.00    0.00    1.2     19221.457     13.50   47.24000   39.71000  "Undefined"       0.0      902.68  0.00000000
04.04.2019 05:20:31.300   5.33300000   5333.73460   2.52  -34.5   37.0  28.0 27.60  218.9     0.0  218.88    0.00    0.00     0.0  218.88    0.00    0.00     0.0  218.88    0.00    0.00    1.2     19231.300     13.50   47.24000   39.71000  "Undefined"       0.0      734.60  0.00000000
04.04.2019 05:20:41.132   5.33300000   5333.59829   2.52  -37.8   33.7  28.0 28.80  218.9     0.0  218.88    0.00    0.00     0.0  218.88    0.00    0.00     0.0  218.88    0.00    0.00    1.2     19241.132     13.50   47.24000   39.71000  "Undefined"       0.0      598.29  0.00000000
04.04.2019 05:20:50.961   5.33300000   5333.73573   2.52  -43.9   27.5  28.0 26.40  219.6     0.0  219.58    0.00    0.00     0.0  219.58    0.00    0.00     0.0  219.58    0.00    0.00    1.2     19250.961     13.50   47.24000   39.71000  "Undefined"       0.0      735.73  0.00000000
04.04.2019 05:20:50.961   5.33300000   5333.73573   2.52  -43.9   27.5  28.0 28.20  218.9     0.0  218.89    0.00    0.00     0.0  218.89    0.00    0.00     0.0  218.89    0.00    0.00    1.2     19250.961     13.50   47.24000   39.71000  "Undefined"       0.0      735.73  0.00000000
04.04.2019 05:21:00.821   5.33300000   5333.91767   2.52  -37.8   33.6  28.0 27.60  219.6     0.0  219.58    0.00    0.00     0.0  219.58    0.00    0.00     0.0  219.58    0.00    0.00    1.3     19260.821     13.50   47.24000   39.71000  "Undefined"       0.0      917.67  0.00000000
04.04.2019 05:21:11.396   5.33300000   5333.77797   2.52  -36.0   35.4  28.0 26.40  218.9     0.0  218.89    0.00    0.00     0.0  218.89    0.00    0.00     0.0  218.89    0.00    0.00    1.2     19271.396     13.50   47.24000   39.71000  "Undefined"       0.0      777.97  0.00000000
04.04.2019 05:21:11.396   5.33300000   5333.77797   2.52  -36.0   35.4  28.0 27.60  219.6     0.0  219.59    0.00    0.00     0.0  219.59    0.00    0.00     0.0  219.59    0.00    0.00    1.2     19271.396     13.50   47.24000   39.71000  "Undefined"       0.0      777.97  0.00000000
04.04.2019 05:21:21.237   5.33300000   5333.63566   2.52  -38.5   32.9  28.0 16.20  216.0  1662.5  217.20   34.74   28.77  2424.2  217.50   28.79   24.76  3191.3  217.67   22.70   21.16    1.2     19281.237     13.50   47.24000   39.71000  "Undefined"       0.0      635.66  0.00000000
04.04.2019 05:21:21.237   5.33300000   5333.63566   2.52  -38.5   32.9  28.0 19.20  216.7  1533.2  218.01   35.84   29.28     0.0  216.73    0.00    0.00     0.0  216.73    0.00    0.00    1.2     19281.237     13.50   47.24000   39.71000  "Undefined"       0.0      635.66  0.00000000
04.04.2019 05:21:21.237   5.33300000   5333.63566   2.52  -38.5   32.9  28.0 21.60  217.4  1486.1  218.88   36.31   29.34     0.0  217.44    0.00    0.00     0.0  217.44    0.00    0.00    1.2     19281.237     13.50   47.24000   39.71000  "Undefined"       0.0      635.66  0.00000000
04.04.2019 05:21:21.237   5.33300000   5333.63566   2.52  -38.5   32.9  28.0 24.00  218.2  1612.6  220.00   35.49   28.31     0.0  218.16    0.00    0.00     0.0  218.16    0.00    0.00    1.2     19281.237     13.50   47.24000   39.71000  "Undefined"       0.0      635.66  0.00000000
04.04.2019 05:21:21.237   5.33300000   5333.63566   2.52  -38.5   32.9  28.0 26.40  218.9     0.0  218.88    0.00    0.00     0.0  218.88    0.00    0.00     0.0  218.88    0.00    0.00    1.2     19281.237     13.50   47.24000   39.71000  "Undefined"       0.0      635.66  0.00000000
04.04.2019 05:21:31.090   5.33300000   5333.34663   2.52  -45.7   25.7  28.0 25.20  218.9     0.0  218.88    0.00    0.00     0.0  218.88    0.00    0.00     0.0  218.88    0.00    0.00    1.2     19291.090     13.50   47.24000   39.71000  "Undefined"       0.0      346.63  0.00000000
04.04.2019 05:21:51.454   5.33300000   5333.89249   2.52  -35.1   36.3  28.0 27.00  220.3     0.0  220.31    0.00    0.00     0.0  220.31    0.00    0.00     0.0  220.31    0.00    0.00    1.2     19311.454     13.50   47.24000   39.71000  "Undefined"       0.0      892.49  0.00000000
04.04.2019 05:22:01.645   5.33300000   5333.75422   2.52  -33.4   38.1  28.0 27.60  220.3     0.0  220.31    0.00    0.00     0.0  220.31    0.00    0.00     0.0  220.31    0.00    0.00    1.2     19321.645     13.50   47.24000   39.71000  "Undefined"       0.0      754.22  0.00000000
04.04.2019 05:22:01.645   5.33300000   5333.75422   2.52  -33.4   38.1  28.0 26.40  219.6     0.0  219.60    0.00    0.00     0.0  219.60    0.00    0.00     0.0  219.60    0.00    0.00    1.2     19321.645     13.50   47.24000   39.71000  "Undefined"       0.0      754.22  0.00000000
04.04.2019 05:22:12.568   5.33300000   5333.65062   2.52  -34.4   37.0  28.0 27.60  220.3     0.0  220.33    0.00    0.00     0.0  220.33    0.00    0.00     0.0  220.33    0.00    0.00    1.2     19332.568     13.50   47.24000   39.71000  "Undefined"       0.0      650.62  0.00000000
04.04.2019 05:22:22.756   5.33300000   5333.49734   2.52  -40.8   30.6  28.0 27.60  220.3     0.0  220.31    0.00    0.00     0.0  220.31    0.00    0.00     0.0  220.31    0.00    0.00    1.2     19342.756     13.50   47.24000   39.71000  "Undefined"       0.0      497.34  0.00000000
04.04.2019 05:22:22.756   5.33300000   5333.49734   2.52  -40.8   30.6  28.0 26.40  219.6     0.0  219.61    0.00    0.00     0.0  219.61    0.00    0.00     0.0  219.61    0.00    0.00    1.2     19342.756     13.50   47.24000   39.71000  "Undefined"       0.0      497.34  0.00000000
04.04.2019 05:22:33.870   5.33300000   5333.92844   2.52  -44.3   27.2  28.0 16.80  216.7  1634.4  217.92   35.05   28.73  2378.6  218.22   29.28   24.71  3126.5  218.40   23.37   21.11    1.2     19353.870     13.50   47.24000   39.71000  "Undefined"       0.0      928.44  0.00000000
04.04.2019 05:22:33.870   5.33300000   5333.92844   2.52  -44.3   27.2  28.0 24.60  219.6     0.0  219.61    0.00    0.00     0.0  219.61    0.00    0.00     0.0  219.61    0.00    0.00    1.2     19353.870     13.50   47.24000   39.71000  "Undefined"       0.0      928.44  0.00000000
04.04.2019 05:22:33.870   5.33300000   5333.92844   2.52  -44.3   27.2  28.0 25.80  220.3     0.0  220.31    0.00    0.00     0.0  220.31    0.00    0.00     0.0  220.31    0.00    0.00    1.2     19353.870     13.50   47.24000   39.71000  "Undefined"       0.0      928.44  0.00000000
04.04.2019 05:22:44.474   5.33300000   5333.90079   2.52  -41.4   30.0  28.0 25.80  220.3     0.0  220.32    0.00    0.00     0.0  220.32    0.00    0.00     0.0  220.32    0.00    0.00    1.2     19364.474     13.50   47.24000   39.71000  "Undefined"       0.0      900.79  0.00000000
04.04.2019 05:22:54.313   5.33300000   5333.80430   2.52  -39.1   32.3  28.0 25.80  220.3     0.0  220.32    0.00    0.00     0.0  220.32    0.00    0.00     0.0  220.32    0.00    0.00    1.2     19374.313     13.50   47.24000   39.71000  "Undefined"       0.0      804.30  0.00000000
04.04.2019 05:23:04.540   5.33300000   5333.70619   2.52  -40.5   30.9  28.0 12.60  215.3   859.1  215.51   40.79   33.79  1749.0  215.65   33.86   28.74  2609.3  215.72   27.00   24.58    1.2     19384.540     13.50   47.24000   39.71000  "Undefined"       0.0      706.19  0.00000000
04.04.2019 05:23:04.540   5.33300000   5333.70619   2.52  -40.5   30.9  28.0 15.00  216.0   745.4  216.24   41.70   34.41     0.0  216.00    0.00    0.00     0.0  216.00    0.00    0.00    1.2     19384.540     13.50   47.24000   39.71000  "Undefined"       0.0      706.19  0.00000000
04.04.2019 05:23:04.540   5.33300000   5333.70619   2.52  -40.5   30.9  28.0 17.40  216.7  1605.2  217.93   35.27   28.89  2330.5  218.23   29.66   24.95  3047.6  218.41   24.01   21.46    1.2     19384.540     13.50   47.24000   39.71000  "Undefined"       0.0      706.19  0.00000000
04.04.2019 05:23:04.540   5.33300000   5333.70619   2.52  -40.5   30.9  28.0 19.80  217.4  1518.5  218.76   36.05   29.18     0.0  217.45    0.00    0.00     0.0  217.45    0.00    0.00    1.2     19384.540     13.50   47.24000   39.71000  "Undefined"       0.0      706.19  0.00000000
04.04.2019 05:23:04.540   5.33300000   5333.70619   2.52  -40.5   30.9  28.0 25.80  220.3     0.0  220.32    0.00    0.00     0.0  220.32    0.00    0.00     0.0  220.32    0.00    0.00    1.2     19384.540     13.50   47.24000   39.71000  "Undefined"       0.0      706.19  0.00000000
04.04.2019 05:23:14.769   5.33300000   5333.63367   2.52  -46.3   25.1  28.0 15.00  216.0   745.4  216.25   41.70   34.40     0.0  216.01    0.00    0.00     0.0  216.01    0.00    0.00    1.2     19394.769     13.50   47.24000   39.71000  "Undefined"       0.0      633.67  0.00000000
04.04.2019 05:23:14.769   5.33300000   5333.63367   2.52  -46.3   25.1  28.0 17.40  216.7  1605.2  217.93   35.27   28.89  2330.5  218.23   29.66   24.95  3047.6  218.40   24.01   21.47    1.2     19394.769     13.50   47.24000   39.71000  "Undefined"       0.0      633.67  0.00000000
04.04.2019 05:23:14.769   5.33300000   5333.63367   2.52  -46.3   25.1  28.0 19.80  217.4  1518.3  218.75   36.05   29.18     0.0  217.44    0.00    0.00     0.0  217.44    0.00    0.00    1.2     19394.769     13.50   47.24000   39.71000  "Undefined"       0.0      633.67  0.00000000
04.04.2019 05:23:14.769   5.33300000   5333.63367   2.52  -46.3   25.1  28.0 23.40  218.9  1537.1  220.56   36.13   28.62  3154.2  221.36   23.82   19.64  3756.5  221.49   19.11   16.76    1.2     19394.769     13.50   47.24000   39.71000  "Undefined"       0.0      633.67  0.00000000
04.04.2019 05:23:14.769   5.33300000   5333.63367   2.52  -46.3   25.1  28.0 26.40  220.3     0.0  220.32    0.00    0.00     0.0  220.32    0.00    0.00     0.0  220.32    0.00    0.00    1.2     19394.769     13.50   47.24000   39.71000  "Undefined"       0.0      633.67  0.00000000
04.04.2019 05:23:14.769   5.33300000   5333.63367   2.52  -46.3   25.1  28.0 25.20  219.6     0.0  219.60    0.00    0.00     0.0  219.60    0.00    0.00     0.0  219.60    0.00    0.00    1.2     19394.769     13.50   47.24000   39.71000  "Undefined"       0.0      633.67  0.00000000
04.04.2019 05:23:25.723   5.33300000   5333.11894   2.52  -53.6   20.9  28.0 15.60  216.0  1692.2  217.28   34.51   28.58  2453.4  217.58   28.57   24.59  3221.4  217.76   22.48   20.98    1.2     19405.723     13.50   47.24000   39.71000  "Undefined"      62.1      118.94  0.00000000
04.04.2019 05:23:25.723   5.33300000   5333.11894   2.52  -53.6   20.9  28.0 24.60  219.6     0.0  219.60    0.00    0.00     0.0  219.60    0.00    0.00     0.0  219.60    0.00    0.00    1.2     19405.723     13.50   47.24000   39.71000  "Undefined"      62.1      118.94  0.00000000
04.04.2019 05:23:25.723   5.33300000   5333.11894   2.52  -53.6   20.9  28.0 23.40  218.9  1536.5  220.56   36.14   28.62  3150.1  221.36   23.85   19.66  3753.0  221.49   19.14   16.78    1.2     19405.723     13.50   47.24000   39.71000  "Undefined"      62.1      118.94  0.00000000
04.04.2019 05:23:25.723   5.33300000   5333.11894   2.52  -53.6   20.9  28.0 21.60  218.2  1489.5  219.60   36.37   29.14  2988.7  220.38   24.90   20.87     0.0  218.16    0.00    0.00    1.2     19405.723     13.50   47.24000   39.71000  "Undefined"      62.1      118.94  0.00000000
04.04.2019 05:23:25.723   5.33300000   5333.11894   2.52  -53.6   20.9  28.0 19.80  217.4  1518.2  218.75   36.05   29.18     0.0  217.44    0.00    0.00     0.0  217.44    0.00    0.00    1.2     19405.723     13.50   47.24000   39.71000  "Undefined"      62.1      118.94  0.00000000
04.04.2019 05:23:25.723   5.33300000   5333.11894   2.52  -53.6   20.9  28.0 18.00  216.7  1578.7  217.95   35.48   29.03     0.0  216.72    0.00    0.00     0.0  216.72    0.00    0.00    1.2     19405.723     13.50   47.24000   39.71000  "Undefined"      62.1      118.94  0.00000000
04.04.2019 05:23:36.329   5.33300000   5333.06843   2.52  -53.0   21.8  28.0 15.00  216.0   745.5  216.25   41.70   34.40     0.0  216.01    0.00    0.00     0.0  216.01    0.00    0.00    1.2     19416.329     13.50   47.24000   39.71000  "Undefined"      61.9       68.43  0.00000000
04.04.2019 05:23:36.329   5.33300000   5333.06843   2.52  -53.0   21.8  28.0 19.20  217.4  1536.5  218.72   35.90   29.08     0.0  217.45    0.00    0.00     0.0  217.45    0.00    0.00    1.2     19416.329     13.50   47.24000   39.71000  "Undefined"      61.9       68.43  0.00000000
04.04.2019 05:23:36.329   5.33300000   5333.06843   2.52  -53.0   21.8  28.0 16.80  216.7  1634.0  217.91   35.05   28.73  2377.8  218.21   29.28   24.72  3125.2  218.38   23.38   21.12    1.2     19416.329     13.50   47.24000   39.71000  "Undefined"      61.9       68.43  0.00000000
04.04.2019 05:23:36.329   5.33300000   5333.06843   2.52  -53.0   21.8  28.0 25.80  221.0     0.0  221.03    0.00    0.00     0.0  221.03    0.00    0.00     0.0  221.03    0.00    0.00    1.2     19416.329     13.50   47.24000   39.71000  "Undefined"      61.9       68.43  0.00000000
04.04.2019 05:23:46.545   5.33300000   5333.71719   2.52  -54.2   18.1  28.0 15.00  216.0   745.5  216.23   41.70   34.41     0.0  215.99    0.00    0.00     0.0  215.99    0.00    0.00    1.2     19426.545     13.50   47.24000   39.71000  "Undefined"      63.4      717.19  0.00000000
04.04.2019 05:23:56.382   5.33300000   5333.95502   2.19  -58.5   14.7  28.0 18.60  216.7  1554.4  217.98   35.67   29.16     0.0  216.73    0.00    0.00     0.0  216.73    0.00    0.00    1.3     19436.382     13.50   47.24000   39.71000  "Undefined"      64.8      955.02  0.00000000
04.04.2019 05:23:56.382   5.33300000   5333.95502   2.19  -58.5   14.7  28.0 20.40  217.4  1503.4  218.78   36.16   29.26     0.0  217.44    0.00    0.00     0.0  217.44    0.00    0.00    1.3     19436.382     13.50   47.24000   39.71000  "Undefined"      64.8      955.02  0.00000000
04.04.2019 05:24:07.675   5.33300000   5333.66860   2.52  -55.6   13.8  28.0 27.00  221.7     0.0  221.74    0.00    0.00     0.0  221.74    0.00    0.00     0.0  221.74    0.00    0.00    1.2     19447.675     13.50   47.24000   39.71000  "Undefined"       0.0      668.60  0.00000000
04.04.2019 05:24:19.337   5.33300000   5333.53544   2.50  -61.5   11.5  28.0 16.20  216.0  1662.5  217.20   34.74   28.77  2424.2  217.50   28.79   24.76  3191.3  217.67   22.70   21.16    1.2     19459.337     13.50   47.24000   39.71000  "Undefined"      66.2      535.44  0.00000000
04.04.2019 05:24:19.337   5.33300000   5333.53544   2.50  -61.5   11.5  28.0 18.00  216.7  1578.8  217.94   35.48   29.03     0.0  216.72    0.00    0.00     0.0  216.72    0.00    0.00    1.2     19459.337     13.50   47.24000   39.71000  "Undefined"      66.2      535.44  0.00000000
04.04.2019 05:24:29.546   5.33300000   5333.47305   2.37  -58.5   15.0  28.0 18.00  217.4  1581.7  218.67   35.55   28.83     0.0  217.44    0.00    0.00     0.0  217.44    0.00    0.00    1.2     19469.546     13.50   47.24000   39.71000  "Undefined"      62.3      473.05  0.00000000
04.04.2019 05:24:29.546   5.33300000   5333.47305   2.37  -58.5   15.0  28.0 19.20  218.2  1539.9  219.44   35.97   28.88     0.0  218.16    0.00    0.00     0.0  218.16    0.00    0.00    1.2     19469.546     13.50   47.24000   39.71000  "Undefined"      62.3      473.05  0.00000000
04.04.2019 05:24:29.546   5.33300000   5333.47305   2.37  -58.5   15.0  28.0 20.40  218.9  1510.0  220.23   36.30   28.86     0.0  218.88    0.00    0.00     0.0  218.88    0.00    0.00    1.2     19469.546     13.50   47.24000   39.71000  "Undefined"      62.3      473.05  0.00000000
04.04.2019 05:24:29.546   5.33300000   5333.47305   2.37  -58.5   15.0  28.0 21.60  219.6  1497.0  221.05   36.50   28.74  2980.1  221.83   25.29   20.28     0.0  219.60    0.00    0.00    1.2     19469.546     13.50   47.24000   39.71000  "Undefined"      62.3      473.05  0.00000000
04.04.2019 05:24:39.779   5.33300000   5333.80906   2.52  -59.5   12.0  28.0 15.00  216.0   745.4  216.24   41.70   34.41     0.0  216.00    0.00    0.00     0.0  216.00    0.00    0.00    1.2     19479.779     13.50   47.24000   39.71000  "Undefined"       0.0      809.06  0.00000000
04.04.2019 05:24:50.369   5.33300000   5333.59114   2.52  -59.4   12.9  28.0 15.60  216.0  1692.2  217.27   34.51   28.59  2452.1  217.57   28.58   24.60  3218.5  217.75   22.50   21.00    1.2     19490.369     13.50   47.24000   39.71000  "Undefined"      62.0      591.14  0.00000000
04.04.2019 05:25:10.786   5.33300000   5333.93170   2.52  -57.2   14.2  28.0 16.20  216.0  1662.6  217.20   34.74   28.77  2424.4  217.50   28.79   24.76  3191.5  217.67   22.70   21.16    1.2     19510.786     13.50   47.24000   39.71000  "Undefined"       0.0      931.70  0.00000000
04.04.2019 05:25:10.786   5.33300000   5333.93170   2.52  -57.2   14.2  28.0 18.00  216.7  1578.7  217.94   35.48   29.04     0.0  216.72    0.00    0.00     0.0  216.72    0.00    0.00    1.2     19510.786     13.50   47.24000   39.71000  "Undefined"       0.0      931.70  0.00000000
04.04.2019 05:25:21.720   5.33300000   5333.83754   2.52  -55.3   16.1  28.0 15.60  216.0  1692.0  217.25   34.51   28.59  2451.8  217.55   28.58   24.61  3218.0  217.73   22.50   21.01    1.2     19521.720     13.50   47.24000   39.71000  "Undefined"       0.0      837.54  0.00000000
04.04.2019 05:25:32.285   5.33300000   5333.78800   2.52  -52.4   19.0  28.0 14.40  215.3   770.3  215.52   41.47   34.34  1576.9  215.70   35.22   29.63  2376.2  215.81   28.89   25.62    1.2     19532.285     13.50   47.24000   39.71000  "Undefined"       0.0      788.00  0.00000000
04.04.2019 05:25:42.486   5.33300000   5333.73554   2.52  -50.3   21.1  28.0 15.60  216.0  1692.5  217.27   34.51   28.58  2454.3  217.57   28.56   24.58  3223.2  217.75   22.46   20.98    1.2     19542.486     13.50   47.24000   39.71000  "Undefined"       0.0      735.54  0.00000000
04.04.2019 05:25:52.336   5.33300000   5333.84488   2.52  -50.0   21.4  28.0 15.00  216.0   745.5  216.23   41.70   34.41     0.0  215.99    0.00    0.00     0.0  215.99    0.00    0.00    1.2     19552.336     13.50   47.24000   39.71000  "Undefined"       0.0      844.88  0.00000000
04.04.2019 05:26:03.275   5.33300000   5333.85828   2.52  -50.3   21.1  28.0 13.80  215.3   797.8  215.50   41.26   34.17  1630.6  215.66   34.79   29.35  2453.1  215.76   28.26   25.28    1.2     19563.275     13.50   47.24000   39.71000  "Undefined"       0.0      858.28  0.00000000
04.04.2019 05:26:03.275   5.33300000   5333.85828   2.52  -50.3   21.1  28.0 26.40  223.2     0.0  223.20    0.00    0.00     0.0  223.20    0.00    0.00     0.0  223.20    0.00    0.00    1.1     19563.275     13.50   47.24000   39.71000  "Undefined"       0.0      858.28  0.00000000
04.04.2019 05:26:13.469   5.33300000   5333.73249   2.52  -52.8   18.6  28.0 15.00  216.0   745.5  216.24   41.70   34.40     0.0  216.00    0.00    0.00     0.0  216.00    0.00    0.00    1.2     19573.469     13.50   47.24000   39.71000  "Undefined"       0.0      732.49  0.00000000
04.04.2019 05:26:23.658   5.33300000   5333.76684   2.52  -56.5   15.0  28.0 14.40  216.0   770.6  216.23   41.51   34.25     0.0  216.00    0.00    0.00     0.0  216.00    0.00    0.00    1.2     19583.658     13.50   47.24000   39.71000  "Undefined"       0.0      766.84  0.00000000
04.04.2019 05:26:34.579   5.33300000   5333.53456   1.77  -59.9   13.1  28.0 18.60  218.2  1560.6  219.41   35.81   28.76     0.0  218.16    0.00    0.00     0.0  218.16    0.00    0.00    1.2     19594.579     13.50   47.24000   39.71000  "Undefined"       0.0      534.56  0.00000000
04.04.2019 05:27:06.977   5.33300000   5333.46339   2.52  -61.9   11.2  28.0 19.80  218.9  1524.9  220.18   36.18   28.79     0.0  218.87    0.00    0.00     0.0  218.87    0.00    0.00    1.3     19626.977     13.50   47.24000   39.71000  "Undefined"      62.8      463.39  0.00000000
04.04.2019 05:27:17.216   5.33300000   5333.49564   1.11  -65.0   15.8  28.0 17.40  216.7  1605.3  217.94   35.27   28.89  2330.6  218.24   29.66   24.95  3047.9  218.41   24.00   21.46    1.4     19637.216     13.50   47.24000   39.71000  "Undefined"      63.6      495.64  0.00000000
04.04.2019 05:27:39.469   5.33300000   5333.50769   1.26  -61.0   19.9  28.0 16.80  216.7  1634.2  217.89   35.05   28.74  2378.2  218.19   29.27   24.73  3126.0  218.36   23.37   21.13    1.2     19659.469     13.50   47.24000   39.71000  "Undefined"      62.1      507.69  0.00000000
04.04.2019 05:27:50.775   5.33300000   5333.01717   2.52  -65.0   11.2  28.0 13.20  215.3   827.2  215.49   41.03   33.99  1688.4  215.64   34.33   29.06  2531.9  215.73   27.62   24.93    1.2     19670.775     13.50   47.24000   39.71000  "Undefined"      67.6       17.17  0.00000000
04.04.2019 05:27:50.775   5.33300000   5333.53281   1.26  -60.8   20.1  28.0 15.00  215.3   745.1  215.54   41.66   34.50     0.0  215.30    0.00    0.00     0.0  215.30    0.00    0.00    1.4     19670.775     13.50   47.24000   39.71000  "Undefined"      63.6      532.81  0.00000000
04.04.2019 05:28:02.427   5.33300000   5333.11275   2.52  -62.3   13.1  28.0 14.40  216.0   770.6  216.26   41.51   34.24     0.0  216.03    0.00    0.00     0.0  216.03    0.00    0.00    1.2     19682.427     13.50   47.24000   39.71000  "Undefined"      65.5      112.75  0.00000000
04.04.2019 05:28:12.292   5.33300000   5333.07448   2.52  -64.4   11.8  28.0 15.00  216.0   745.5  216.24   41.70   34.41     0.0  216.00    0.00    0.00     0.0  216.00    0.00    0.00    1.2     19692.292     13.50   47.24000   39.71000  "Undefined"      66.0       74.48  0.00000000
04.04.2019 05:28:23.229   5.33300000   5333.42043   2.52  -70.3   13.9  28.0 14.40  216.0   770.6  216.25   41.51   34.24     0.0  216.02    0.00    0.00     0.0  216.02    0.00    0.00    1.2     19703.229     13.50   47.24000   39.71000  "Undefined"      69.8      420.43  0.00000000
04.04.2019 05:28:53.495   5.33300000   5333.11373   2.52  -69.4    6.8  28.0 16.20  214.6  1658.4  215.77   34.59   29.18  2416.1  216.07   28.61   25.33  3179.7  216.25   22.49   21.87    1.3     19733.495     13.50   47.24000   39.71000  "Undefined"      66.9      113.73  0.00000000
04.04.2019 05:29:44.950   5.33300000   5333.05638   0.84  -73.9    2.3  28.0 22.80  216.7  1492.8  218.29   36.18   29.44  3035.4  219.10   24.25   21.21     0.0  216.73    0.00    0.00    1.7     19784.950     13.50   47.24000   39.71000  "Undefined"       0.0       56.38  0.00000000
04.04.2019 05:29:56.978   5.33300000   5333.49132   0.27  -74.0    7.2  28.0 15.00  214.5   744.7  214.78   41.62   34.60  1521.8  214.96   35.57   30.11  2299.3  215.07   29.38   26.24    1.5     19796.978     13.50   47.24000   39.71000  "Undefined"       0.0      491.32  0.00000000
04.04.2019 05:29:56.978   5.33300000   5332.97503   0.84  -72.8    3.4  28.0 14.40  214.6   770.1  214.77   41.42   34.45  1571.5  214.94   35.17   29.86  2370.4  215.03   28.80   25.93    1.2     19796.978     13.50   47.24000   39.71000  "Undefined"       0.0      -24.97  0.00000000
04.04.2019 05:30:09.006   5.33300000   5333.02986   2.52  -69.4    6.8  28.0 15.00  215.3   745.0  215.54   41.66   34.50     0.0  215.30    0.00    0.00     0.0  215.30    0.00    0.00    1.2     19809.006     13.50   47.24000   39.71000  "Undefined"      69.5       29.86  0.00000000
04.04.2019 05:30:29.028   5.33300000   5333.80791   2.52  -61.9    9.5  28.0 15.60  215.3   724.6  215.53   41.82   34.63     0.0  215.26    0.00    0.00     0.0  215.26    0.00    0.00    1.2     19829.028     13.50   47.24000   39.71000  "Undefined"       0.0      807.91  0.00000000
04.04.2019 05:31:00.405   5.33300000   5333.51499   2.52  -66.2    6.6  28.0 15.60  215.3   724.6  215.57   41.82   34.63     0.0  215.30    0.00    0.00     0.0  215.30    0.00    0.00    1.2     19860.405     13.50   47.24000   39.71000  "Undefined"      66.0      514.99  0.00000000
04.04.2019 05:31:20.080   5.33300000   5332.99680   2.52  -66.2   10.0  28.0 16.20  216.0  1662.3  217.18   34.73   28.77  2423.8  217.48   28.79   24.77  3190.5  217.65   22.70   21.17    1.2     19880.080     13.50   47.24000   39.71000  "Undefined"      65.9       -3.20  0.00000000
04.04.2019 05:31:41.943   5.33300000   5333.51442   1.31  -62.5   18.0  28.0 15.60  214.6   723.0  214.83   41.79   34.73     0.0  214.57    0.00    0.00     0.0  214.57    0.00    0.00    1.3     19901.943     13.50   47.24000   39.71000  "Undefined"      63.7      514.42  0.00000000
04.04.2019 05:31:52.517   5.33300000   5333.47482   1.35  -64.0   16.8  28.0 16.80  214.6  1626.5  215.76   34.84   29.35  2363.1  216.06   29.03   25.58  3100.4  216.24   23.13   22.21    1.4     19912.517     13.50   47.24000   39.71000  "Undefined"      62.4      474.82  0.00000000
04.04.2019 05:32:02.375   5.33300000   5333.21702   1.81  -71.2    4.2  28.0 17.40  216.0  1602.3  217.23   35.21   29.09  2324.9  217.53   29.58   25.23  3038.7  217.70   23.93   21.82    1.5     19922.375     13.50   47.24000   39.71000  "Undefined"      62.5      217.02  0.00000000
04.04.2019 05:32:34.088   5.33300000   5333.05001   2.52  -66.6    9.6  28.0 16.20  215.3  1660.2  216.47   34.66   28.98  2419.6  216.77   28.70   25.05  3185.2  216.95   22.59   21.52    1.2     19954.088     13.50   47.24000   39.71000  "Undefined"      65.4       50.01  0.00000000
04.04.2019 05:32:34.088   5.33300000   5333.51961   1.26  -63.0   17.8  28.0 16.20  215.3  1660.4  216.48   34.66   28.97  2419.9  216.78   28.70   25.05  3185.7  216.95   22.59   21.52    1.2     19954.088     13.50   47.24000   39.71000  "Undefined"      65.5      519.61  0.00000000
04.04.2019 05:33:05.088   5.33300000   5333.04026   2.52  -66.0   10.2  28.0 15.00  215.3   745.1  215.53   41.66   34.50     0.0  215.29    0.00    0.00     0.0  215.29    0.00    0.00    1.2     19985.088     13.50   47.24000   39.71000  "Undefined"      65.9       40.26  0.00000000
04.04.2019 05:33:14.965   5.33300000   5333.18409   2.52  -63.0   12.0  28.0 15.60  215.3   724.4  215.52   41.82   34.63     0.0  215.25    0.00    0.00     0.0  215.25    0.00    0.00    1.2     19994.965     13.50   47.24000   39.71000  "Undefined"      66.0      184.09  0.00000000
04.04.2019 05:33:36.461   5.33300000   5333.80960   2.52  -56.4   15.1  28.0 16.20  216.0  1662.3  217.17   34.73   28.78  2423.7  217.47   28.79   24.77  3190.4  217.64   22.70   21.18    1.2     20016.461     13.50   47.24000   39.71000  "Undefined"       0.0      809.60  0.00000000
04.04.2019 05:33:57.245   5.33300000   5333.80301   2.52  -56.1   15.3  28.0 16.20  215.3  1660.2  216.49   34.66   28.97  2419.6  216.79   28.70   25.05  3185.1  216.96   22.60   21.51    1.2     20037.245     13.50   47.24000   39.71000  "Undefined"       0.0      803.01  0.00000000
04.04.2019 05:34:16.949   5.33300000   5333.41409   2.52  -67.1   17.9  28.0 15.60  215.3   724.5  215.53   41.82   34.63     0.0  215.26    0.00    0.00     0.0  215.26    0.00    0.00    1.2     20056.949     13.50   47.24000   39.71000  "Undefined"      68.9      414.09  0.00000000
04.04.2019 05:34:27.528   5.33300000   5333.13474   2.52  -62.1   13.4  28.0 16.20  215.3  1660.4  216.50   34.66   28.97  2420.0  216.80   28.70   25.04  3185.8  216.98   22.59   21.51    1.2     20067.528     13.50   47.24000   39.71000  "Undefined"      69.7      134.74  0.00000000
04.04.2019 05:34:37.384   5.33300000   5333.99024   2.52  -63.5   13.3  28.0 16.80  216.0  1631.5  217.17   34.97   28.95  2373.0  217.47   29.19   25.02  3117.1  217.64   23.29   21.50    1.3     20077.384     13.50   47.24000   39.71000  "Undefined"      65.9      990.24  0.00000000
04.04.2019 05:34:47.237   5.33300000   5333.01519   2.52  -67.9    8.5  28.0 16.80  215.3  1628.6  216.50   34.91   29.14  2367.6  216.79   29.12   25.29  3108.0  216.97   23.22   21.85    1.3     20087.237     13.50   47.24000   39.71000  "Undefined"      65.8       15.19  0.00000000
04.04.2019 05:35:08.026   5.33300000   5333.42902   1.31  -64.6   16.0  28.0 18.60  217.4  1557.5  218.68   35.74   28.97     0.0  217.43    0.00    0.00     0.0  217.43    0.00    0.00    1.7     20108.026     13.50   47.24000   39.71000  "Undefined"      62.2      429.02  0.00000000
04.04.2019 05:35:17.890   5.33300000   5333.04740   0.84  -72.3    3.9  28.0 14.40  214.6   770.1  214.79   41.42   34.44  1571.7  214.95   35.17   29.85  2370.9  215.05   28.80   25.92    1.2     20117.890     13.50   47.24000   39.71000  "Undefined"       0.0       47.40  0.00000000
04.04.2019 05:35:29.937   5.33300000   5333.46211   1.31  -63.5   17.4  28.0 16.80  216.0     0.0  216.00    0.00    0.00     0.0  216.00    0.00    0.00     0.0  216.00    0.00    0.00    1.3     20129.937     13.50   47.24000   39.71000  "Undefined"      62.1      462.11  0.00000000
04.04.2019 05:35:40.531   5.33300000   5333.01799   2.52  -69.8    6.4  28.0 13.80  214.6     0.0  214.59    0.00    0.00     0.0  214.59    0.00    0.00     0.0  214.59    0.00    0.00    1.2     20140.531     13.50   47.24000   39.71000  "Undefined"      66.0       17.99  0.00000000
04.04.2019 05:36:10.098   5.33300000   5333.58698   2.52  -63.9    8.6  28.0 15.00  215.3     0.0  215.28    0.00    0.00     0.0  215.28    0.00    0.00     0.0  215.28    0.00    0.00    1.2     20170.098     13.50   47.24000   39.71000  "Undefined"      62.7      586.98  0.00000000
04.04.2019 05:36:19.957   5.33300000   5333.52394   1.28  -63.5   17.4  28.0 15.60  215.2     0.0  215.25    0.00    0.00     0.0  215.25    0.00    0.00     0.0  215.25    0.00    0.00    1.2     20179.957     13.50   47.24000   39.71000  "Undefined"      62.1      523.94  0.00000000
04.04.2019 05:36:41.095   5.33300000   5332.98758   0.80  -74.4    2.0  28.0 15.00  214.6     0.0  214.57    0.00    0.00     0.0  214.57    0.00    0.00     0.0  214.57    0.00    0.00    1.3     20201.095     13.50   47.24000   39.71000  "Undefined"       0.0      -12.42  0.00000000
04.04.2019 05:36:41.095   5.33300000   5333.50490   1.37  -59.7   20.3  28.0 14.40  215.3     0.0  215.29    0.00    0.00     0.0  215.29    0.00    0.00     0.0  215.29    0.00    0.00    1.7     20201.095     13.50   47.24000   39.71000  "Undefined"      62.8      504.90  0.00000000
04.04.2019 05:37:21.968   5.33300000   5333.01015   2.52  -71.9    4.4  28.0 14.40  214.6     0.0  214.55    0.00    0.00     0.0  214.55    0.00    0.00     0.0  214.55    0.00    0.00    1.2     20241.968     13.50   47.24000   39.71000  "Undefined"      66.2       10.15  0.00000000
04.04.2019 05:37:33.979   5.33300000   5332.99973   2.52  -68.9    7.4  28.0 16.20  215.3     0.0  215.27    0.00    0.00     0.0  215.27    0.00    0.00     0.0  215.27    0.00    0.00    1.2     20253.979     13.50   47.24000   39.71000  "Undefined"      65.8       -0.27  0.00000000
04.04.2019 05:37:55.498   5.33300000   5333.52049   1.37  -56.5   23.4  28.0 16.20  216.0     0.0  216.02    0.00    0.00     0.0  216.02    0.00    0.00     0.0  216.02    0.00    0.00    1.3     20275.498     13.50   47.24000   39.71000  "Undefined"      62.3      520.49  0.00000000
04.04.2019 05:38:25.073   5.33300000   5332.99804   1.79  -71.7    4.7  28.0 15.00  215.3     0.0  215.27    0.00    0.00     0.0  215.27    0.00    0.00     0.0  215.27    0.00    0.00    1.3     20305.073     13.50   47.24000   39.71000  "Undefined"      63.0       -1.96  0.00000000
04.04.2019 05:39:16.177   5.33300000   5333.48759   1.26  -67.7   13.1  28.0 19.80  218.2  1485.0  219.49   36.39   29.19     0.0  218.17    0.00    0.00     0.0  218.17    0.00    0.00    1.8     20356.177     13.50   47.24000   39.71000  "Undefined"      62.3      487.59  0.00000000
04.04.2019 05:40:07.297   5.33300000   5332.99656   2.52  -73.0    3.5  28.0 16.80  216.0     0.0  216.03    0.00    0.00     0.0  216.03    0.00    0.00     0.0  216.03    0.00    0.00    1.2     20407.297     13.50   47.24000   39.71000  "Undefined"      62.6       -3.44  0.00000000
04.04.2019 05:40:07.297   5.33300000   5333.48877   1.37  -58.5   21.0  28.0 16.80  216.0     0.0  216.02    0.00    0.00     0.0  216.02    0.00    0.00     0.0  216.02    0.00    0.00    1.4     20407.297     13.50   47.24000   39.71000  "Undefined"      62.6      488.77  0.00000000
04.04.2019 05:40:37.937   5.33300000   5333.00660   1.79  -72.8    3.4  28.0 15.60  214.5     0.0  214.53    0.00    0.00     0.0  214.53    0.00    0.00     0.0  214.53    0.00    0.00    1.2     20437.937     13.50   47.24000   39.71000  "Undefined"      62.1        6.60  0.00000000
04.04.2019 05:40:48.844   5.33300000   5333.53748   1.39  -59.1   20.6  28.0 13.80  214.6     0.0  214.58    0.00    0.00     0.0  214.58    0.00    0.00     0.0  214.58    0.00    0.00    1.7     20448.844     13.50   47.24000   39.71000  "Undefined"      62.2      537.48  0.00000000
04.04.2019 05:44:32.376   5.33300000   5333.09988   1.66  -71.3    5.7  28.0 22.80  215.3  1395.4  216.81   36.77   30.36  2807.9  217.72   25.78   22.86     0.0  215.29    0.00    0.00    1.2     20672.376     13.50   47.24000   39.71000  "Undefined"      62.7       99.88  0.00000000
04.04.2019 05:45:55.121   5.33300000   5333.04303   2.52  -66.6    9.6  28.0 16.80  216.0     0.0  216.00    0.00    0.00     0.0  216.00    0.00    0.00     0.0  216.00    0.00    0.00    1.3     20755.121     13.50   47.24000   39.71000  "Undefined"      65.6       43.03  0.00000000
04.04.2019 05:46:06.063   5.33300000   5333.01167   2.52  -66.2   10.0  28.0 16.20  216.0     0.0  215.98    0.00    0.00     0.0  215.98    0.00    0.00     0.0  215.98    0.00    0.00    1.2     20766.063     13.50   47.24000   39.71000  "Undefined"      66.0       11.67  0.00000000
04.04.2019 05:46:06.063   5.33300000   5333.53642   1.28  -60.8   20.4  28.0 16.80  216.0     0.0  215.97    0.00    0.00     0.0  215.97    0.00    0.00     0.0  215.97    0.00    0.00    1.3     20766.063     13.50   47.24000   39.71000  "Undefined"      62.6      536.42  0.00000000
04.04.2019 05:46:16.994   5.33300000   5333.52352   1.37  -59.4   20.6  28.0 18.60  217.4  1533.8  218.71   35.92   29.10     0.0  217.43    0.00    0.00     0.0  217.43    0.00    0.00    1.5     20776.994     13.50   47.24000   39.71000  "Undefined"      62.0      523.52  0.00000000
04.04.2019 05:46:26.884   5.33300000   5332.98040   1.81  -73.5    2.9  28.0 16.20  215.3     0.0  215.27    0.00    0.00     0.0  215.27    0.00    0.00     0.0  215.27    0.00    0.00    1.2     20786.884     13.50   47.24000   39.71000  "Undefined"      62.2      -19.60  0.00000000
04.04.2019 05:46:38.528   5.33300000   5333.08668   2.52  -72.4    3.8  28.0 16.20  216.0     0.0  216.00    0.00    0.00     0.0  216.00    0.00    0.00     0.0  216.00    0.00    0.00    1.2     20798.528     13.50   47.24000   39.71000  "Undefined"      62.4       86.68  0.00000000
04.04.2019 05:46:38.528   5.33300000   5333.50435   1.28  -66.2   14.7  28.0 18.00  215.3     0.0  215.30    0.00    0.00     0.0  215.30    0.00    0.00     0.0  215.30    0.00    0.00    1.4     20798.528     13.50   47.24000   39.71000  "Undefined"      62.3      504.35  0.00000000
04.04.2019 05:46:49.454   5.33300000   5333.57931   0.29  -71.7    9.8  28.0 16.80  216.0     0.0  215.99    0.00    0.00     0.0  215.99    0.00    0.00     0.0  215.99    0.00    0.00    2.0     20809.454     13.50   47.24000   39.71000  "Undefined"      64.4      579.31  0.00000000
04.04.2019 05:47:00.367   5.33300000   5332.98003   2.52  -67.8    8.6  28.0 18.60  215.3  1523.5  216.55   35.74   29.70  2240.8  216.90   30.14   25.87  2938.1  217.11   24.61   22.53    1.2     20820.367     13.50   47.24000   39.71000  "Undefined"      65.9      -19.97  0.00000000
04.04.2019 05:47:32.063   5.33300000   5333.01273   2.52  -68.4    7.8  28.0 18.00  214.5     0.0  214.54    0.00    0.00     0.0  214.54    0.00    0.00     0.0  214.54    0.00    0.00    1.3     20852.063     13.50   47.24000   39.71000  "Undefined"      66.0       12.73  0.00000000
04.04.2019 05:47:42.981   5.33300000   5333.82402   2.52  -55.3   14.1  28.0 17.40  216.7     0.0  216.72    0.00    0.00     0.0  216.72    0.00    0.00     0.0  216.72    0.00    0.00    1.2     20862.981     13.50   47.24000   39.71000  "Undefined"       0.0      824.02  0.00000000
04.04.2019 05:48:23.126   5.33300000   5333.41320   2.52  -59.2   26.8  28.0 17.40  216.7     0.0  216.69    0.00    0.00     0.0  216.69    0.00    0.00     0.0  216.69    0.00    0.00    1.2     20903.126     13.50   47.24000   39.71000  "Undefined"      67.8      413.20  0.00000000
04.04.2019 05:49:04.003   5.33300000   5333.74611   2.52  -47.9   23.5  28.0 16.80  215.3     0.0  215.29    0.00    0.00     0.0  215.29    0.00    0.00     0.0  215.29    0.00    0.00    1.2     20944.003     13.50   47.24000   39.71000  "Undefined"       0.0      746.11  0.00000000
04.04.2019 05:49:24.414   5.33300000   5333.01542   2.52  -65.5    8.7  28.0 18.00  216.0     0.0  216.03    0.00    0.00     0.0  216.03    0.00    0.00     0.0  216.03    0.00    0.00    1.3     20964.414     13.50   47.24000   39.71000  "Undefined"      66.1       15.42  0.00000000
04.04.2019 05:49:56.155   5.33300000   5333.81633   2.52  -49.8   19.6  28.0 16.80  216.0     0.0  215.98    0.00    0.00     0.0  215.98    0.00    0.00     0.0  215.98    0.00    0.00    1.2     20996.155     13.50   47.24000   39.71000  "Undefined"       0.0      816.33  0.00000000
04.04.2019 05:50:15.858   5.33300000   5333.57806   2.52  -61.7   20.5  28.0 17.40  214.6     0.0  214.58    0.00    0.00     0.0  214.58    0.00    0.00     0.0  214.58    0.00    0.00    1.2     21015.858     13.50   47.24000   39.71000  "Undefined"      70.0      578.06  0.00000000
04.04.2019 05:50:26.430   5.33300000   5333.80144   2.52  -55.2   16.2  28.0 17.40  215.3     0.0  215.25    0.00    0.00     0.0  215.25    0.00    0.00     0.0  215.25    0.00    0.00    1.2     21026.430     13.50   47.24000   39.71000  "Undefined"       0.0      801.44  0.00000000
04.04.2019 05:50:56.019   5.33300000   5333.49773   1.31  -57.5   21.4  28.0 17.40  215.3   683.0  215.56   42.14   34.90     0.0  215.26    0.00    0.00     0.0  215.26    0.00    0.00    1.3     21056.019     13.50   47.24000   39.71000  "Undefined"      62.6      497.73  0.00000000
04.04.2019 05:51:26.289   5.33300000   5333.49330   1.28  -59.9   19.0  28.0 17.40  216.7   683.5  217.01   42.21   34.72  2183.1  217.86   30.76   25.82  2907.2  218.17   25.08   22.21    1.5     21086.289     13.50   47.24000   39.71000  "Undefined"      62.2      493.30  0.00000000
04.04.2019 05:51:47.090   5.33300000   5333.00675   2.52  -64.3   12.0  28.0 17.40  215.3   682.9  215.59   42.14   34.89     0.0  215.29    0.00    0.00     0.0  215.29    0.00    0.00    1.2     21107.090     13.50   47.24000   39.71000  "Undefined"      66.0        6.75  0.00000000
04.04.2019 05:51:47.090   5.33300000   5333.53237   1.33  -58.4   22.2  28.0 16.80  215.3   703.2  215.60   41.98   34.76     0.0  215.30    0.00    0.00     0.0  215.30    0.00    0.00    1.2     21107.090     13.50   47.24000   39.71000  "Undefined"      62.0      532.37  0.00000000
04.04.2019 05:52:08.984   5.33300000   5333.02763   2.52  -63.5   12.7  28.0 16.80  214.6   702.9  214.85   41.94   34.86  1431.8  215.05   36.29   30.57  2175.7  215.17   30.39   26.79    1.2     21128.984     13.50   47.24000   39.71000  "Undefined"      65.9       27.63  0.00000000
04.04.2019 05:52:08.984   5.33300000   5333.57996   1.26  -63.4   20.8  28.0 16.80  214.6   702.9  214.87   41.94   34.85  1432.1  215.08   36.29   30.56  2175.3  215.20   30.40   26.78    1.2     21128.984     13.50   47.24000   39.71000  "Undefined"      67.2      579.96  0.00000000
04.04.2019 05:52:19.923   5.33300000   5333.48043   1.28  -61.5   19.0  28.0 18.00  215.3   664.9  215.59   42.27   35.01  2124.8  216.45   30.99   26.59  2825.9  216.76   25.45   23.18    1.4     21139.923     13.50   47.24000   39.71000  "Undefined"      62.2      480.43  0.00000000
04.04.2019 05:52:40.385   5.33300000   5333.01970   2.52  -67.0    7.2  28.0 15.00  214.6   777.2  214.85   41.37   34.39  1572.0  215.02   35.18   29.83  2396.3  215.13   28.61   25.78    1.2     21160.385     13.50   47.24000   39.71000  "Undefined"      66.4       19.70  0.00000000
04.04.2019 05:52:51.323   5.33300000   5333.53324   1.31  -58.0   20.8  28.0 10.20  214.6  1085.3  214.88   38.99   32.54  2219.6  215.07   30.02   26.62  3377.3  215.17   20.66   21.57    1.3     21171.323     13.50   47.24000   39.71000  "Undefined"      62.2      533.24  0.00000000
04.04.2019 05:53:20.902   5.33300000   5333.76839   2.52  -48.2   23.2  28.0 16.20  215.3   725.5  215.56   41.81   34.62  1468.6  215.75   36.08   30.20  2244.6  215.86   29.95   26.22    1.2     21200.902     13.50   47.24000   39.71000  "Undefined"       0.0      768.39  0.00000000
04.04.2019 05:53:31.478   5.33300000   5333.06078   2.52  -65.2    9.0  28.0 18.00  216.0   665.2  216.31   42.31   34.92  2129.2  217.17   31.07   26.33  2834.3  217.47   25.52   22.84    1.6     21211.478     13.50   47.24000   39.71000  "Undefined"      66.6       60.78  0.00000000
04.04.2019 05:53:31.478   5.33300000   5333.53024   1.28  -57.9   21.3  28.0 19.20  215.3   640.9  215.59   42.46   35.17  2053.9  216.45   31.56   26.95     0.0  215.30    0.00    0.00    1.5     21211.478     13.50   47.24000   39.71000  "Undefined"      61.9      530.24  0.00000000
04.04.2019 05:53:52.274   5.33300000   5333.01998   2.52  -67.6    8.6  28.0 19.80  217.4  1465.3  218.76   36.45   29.49     0.0  217.42    0.00    0.00     0.0  217.42    0.00    0.00    1.3     21232.274     13.50   47.24000   39.71000  "Undefined"      66.1       19.98  0.00000000
04.04.2019 05:54:22.921   5.33300000   5333.46589   1.28  -60.8   18.4  28.0 16.20  214.6   725.4  214.87   41.77   34.71  1467.9  215.06   36.01   30.38  2242.3  215.16   29.86   26.47    1.3     21262.921     13.50   47.24000   39.71000  "Undefined"      61.9      465.89  0.00000000
04.04.2019 05:54:33.497   5.33300000   5333.48909   2.52  -59.3   13.5  28.0 15.60  216.0   750.6  216.26   41.66   34.37  1518.2  216.44   35.77   29.76  2319.3  216.55   29.46   25.61    1.2     21273.497     13.50   47.24000   39.71000  "Undefined"      63.0      489.09  0.00000000
04.04.2019 05:54:43.342   5.33300000   5333.49279   1.26  -61.4   17.5  28.0 16.20  215.3   725.6  215.60   41.81   34.62  1468.7  215.79   36.08   30.19  2244.8  215.89   29.95   26.20    1.3     21283.342     13.50   47.24000   39.71000  "Undefined"      65.9      492.79  0.00000000
04.04.2019 05:55:03.422   5.33300000   5332.94443   2.52  -65.5    8.8  28.0 17.40  216.0   683.2  216.28   42.17   34.81     0.0  215.97    0.00    0.00     0.0  215.97    0.00    0.00    1.3     21303.422     13.50   47.24000   39.71000  "Undefined"      67.1      -55.57  0.00000000
04.04.2019 05:56:05.422   5.33300000   5333.51452   1.33  -61.3   18.9  28.0 33.00  219.6     0.0  219.60    0.00    0.00     0.0  219.60    0.00    0.00     0.0  219.60    0.00    0.00    1.5     21365.422     13.50   47.24000   39.71000  "Undefined"      62.5      514.52  0.00000000
04.04.2019 05:56:47.048   5.33300000   5332.98227   0.82  -69.2    5.1  28.0 25.20  217.4  1306.3  219.17   37.71   30.35  2620.8  220.26   27.76   22.73     0.0  217.43    0.00    0.00    1.5     21407.048     13.50   47.24000   39.71000  "Undefined"       0.0      -17.73  0.00000000
04.04.2019 05:57:08.544   5.33300000   5333.02435   2.48  -68.5    6.1  28.0 25.80  214.6  1295.1  216.39   37.50   31.03  2586.9  217.54   27.51   23.96     0.0  214.57    0.00    0.00    1.8     21428.544     13.50   47.24000   39.71000  "Undefined"      64.0       24.35  0.00000000
04.04.2019 05:57:29.333   5.33300000   5333.06504   2.52  -67.0    7.3  28.0 25.80  216.7  1307.5  218.54   37.63   30.48  2611.7  219.67   27.71   23.00     0.0  216.71    0.00    0.00    1.4     21449.333     13.50   47.24000   39.71000  "Undefined"      62.8       65.04  0.00000000
04.04.2019 05:57:59.979   5.33300000   5333.10294   2.52  -71.0    7.2  28.0 15.00  215.3   777.3  215.55   41.42   34.29  1572.2  215.73   35.26   29.65  2397.5  215.84   28.72   25.51    1.3     21479.979     13.50   47.24000   39.71000  "Undefined"      68.8      102.94  0.00000000
04.04.2019 05:57:59.979   5.33300000   5333.49017   1.31  -57.4   22.9  28.0 18.00  215.3   664.9  215.56   42.27   35.01  2124.6  216.42   30.99   26.61  2825.5  216.73   25.44   23.20    1.4     21479.979     13.50   47.24000   39.71000  "Undefined"      62.3      490.17  0.00000000
04.04.2019 05:58:21.487   5.33300000   5333.26872   1.84  -75.8   10.4  28.0 39.00  216.7     0.0  216.72    0.00    0.00     0.0  216.72    0.00    0.00     0.0  216.72    0.00    0.00    1.8     21501.487     13.50   47.24000   39.71000  "Undefined"      63.7      268.72  0.00000000
04.04.2019 05:58:21.487   5.33300000   5333.58047   1.31  -62.8   23.4  28.0 32.40  217.4     0.0  217.43    0.00    0.00     0.0  217.43    0.00    0.00     0.0  217.43    0.00    0.00    1.6     21501.487     13.50   47.24000   39.71000  "Undefined"      67.7      580.47  0.00000000
04.04.2019 05:58:32.456   5.33300000   5333.61964   2.10  -59.4    2.8  28.0 33.60  216.0     0.0  215.98    0.00    0.00     0.0  215.98    0.00    0.00     0.0  215.98    0.00    0.00    1.3     21512.456     13.50   47.24000   39.71000  "Undefined"       0.0      619.64  0.00000000
04.04.2019 05:58:42.634   5.33300000   5333.16186   1.13  -60.9    0.0  28.0 36.60  211.0     0.0  210.98    0.00    0.00     0.0  210.98    0.00    0.00     0.0  210.98    0.00    0.00    1.4     21522.634     13.50   47.24000   39.71000  "Undefined"       0.0      161.86  0.00000000
04.04.2019 05:58:53.577   5.33300000   5333.70124   2.52  -50.3   13.1  28.0 33.60  213.1     0.0  213.10    0.00    0.00     0.0  213.10    0.00    0.00     0.0  213.10    0.00    0.00    1.2     21533.577     13.50   47.24000   39.71000  "Undefined"       0.0      701.24  0.00000000
04.04.2019 05:59:03.776   5.33300000   5333.55178   2.52  -48.9   16.5  28.0 33.00  212.4     0.0  212.41    0.00    0.00     0.0  212.41    0.00    0.00     0.0  212.41    0.00    0.00    1.2     21543.776     13.50   47.24000   39.71000  "Undefined"       0.0      551.78  0.00000000
04.04.2019 05:59:14.739   5.33300000   5333.78322   2.52  -39.5   19.9  28.0 33.59  211.7     0.0  211.70    0.00    0.00     0.0  211.70    0.00    0.00     0.0  211.70    0.00    0.00    1.2     21554.739     13.50   47.24000   39.71000  "Undefined"       0.0      783.22  0.00000000
04.04.2019 05:59:26.399   5.33300000   5333.93434   2.52  -47.2   12.3  28.0 34.20  212.4     0.0  212.38    0.00    0.00     0.0  212.38    0.00    0.00     0.0  212.38    0.00    0.00    1.3     21566.399     13.50   47.24000   39.71000  "Undefined"       0.0      934.34  0.00000000
04.04.2019 05:59:36.614   5.33300000   5333.83014   2.52  -45.7   19.7  28.0 33.61  213.1     0.0  213.12    0.00    0.00     0.0  213.12    0.00    0.00     0.0  213.12    0.00    0.00    1.2     21576.614     13.50   47.24000   39.71000  "Undefined"       0.0      830.14  0.00000000
04.04.2019 05:59:46.802   5.33300000   5333.81206   2.52  -47.7   13.7  28.0 33.60  211.0     0.0  210.96    0.00    0.00     0.0  210.96    0.00    0.00     0.0  210.96    0.00    0.00    1.2     21586.802     13.50   47.24000   39.71000  "Undefined"       0.0      812.06  0.00000000
