Notice	76f23b4	1212
README	f2f3bc99	7450
cds.c	e46ba5f6	4168
data.c	edd269b4	10520
defines.h	fd9fa7c5	8720
defs.h	18c9e73c	34072
equiv.c	1afb37ff	9344
error.c	3ceee3e	4979
exec.c	16408966	21184
expr.c	188581a5	68049
f2c.1	e0db9be5	6910
f2c.1t	f362126	6978
f2c.h	e770b7d8	4688
format.c	118704aa	57913
format.h	b396862	458
formatdata.c	1350858f	28397
ftypes.h	18b86a27	1377
gram.c	145f970f	59304
gram.dcl	e38579ff	8463
gram.exec	1384a3db	3005
gram.expr	e3da3320	3137
gram.head	e6bbfeab	7362
gram.io	101f7521	3350
init.c	1f4be337	11594
intr.c	582e838	22965
io.c	e3cccd7b	30649
iob.h	ece45655	548
lex.c	1da7aa22	34631
machdefs.h	4950e5b	659
main.c	e3431f5f	18883
malloc.c	1cb00990	3964
mem.c	e54b227d	5437
memset.c	f56469fb	1992
misc.c	f4556f60	21868
names.c	16e1b4bf	21521
names.h	110806d6	569
niceprintf.c	ebdb9cfc	10920
niceprintf.h	c31f08c	412
output.c	177a2f0d	42539
output.h	fa6797d9	2103
p1defs.h	1b02743	5741
p1output.c	1a2655ba	14246
parse.h	18d34e6b	1119
parse_args.c	176faaca	14118
pccdefs.h	1b4fbbee	1195
pread.c	6408ee8	17816
proc.c	1d272b9a	38923
put.c	1a037ae5	10027
putpcc.c	557e3b5	45941
sysdep.c	f2fd47b7	14225
sysdep.h	15f2fca6	2718
tokens	188b7c5d	733
usignal.h	1c4ce909	124
vax.c	91496e2	12149
version.c	51f9083	107
xsum.c	13203e53	6620
