fr              MODE       IOX        СКОР       СКОА       СР         СА         СУ         AED        AEAZ       RED        REAZ       IG         TEC       
9.9960          E          0          109.833    0.688      1020.272   353.141    10.326     42.528     0.341      4.001      0.097      28.525     1.090000e+17  
9.9960          F1         0          109.833    0.688      1020.272   353.141    10.326     42.528     0.341      4.001      0.097      28.525     1.090000e+17  
9.9960          F2         0          302.077    0.568      1338.704   353.187    16.773     275.904    0.387      25.960     0.110      28.525     1.090000e+17 


fr              MODE       IOX        СКОР       СКОА       СР         СА         СУ         AED        AEAZ       RED        REAZ       IG         TEC       
9.9960          E          0          108.793    0.687      1027.115   353.141    10.328     35.685     0.341      3.358      0.097      -13.068    0.000000e+00  
9.9960          F1         0          108.793    0.687      1027.115   353.141    10.328     35.685     0.341      3.358      0.097      -13.068    0.000000e+00  
9.9960          F2         0          550.546    0.727      1591.045   353.072    16.291     528.245    0.272      49.703     0.077      -13.068    0.000000e+00 


fr              MODE       IOX        СКОР       СКОА       СР         СА         СУ         AED        AEAZ       RED        REAZ       IG         TEC       
9.9960          E          0          103.934    0.681      1012.710   353.131    10.443     50.090     0.331      4.713      0.094      28.525     1.090000e+17  
9.9960          F1         0          103.934    0.681      1012.710   353.131    10.443     50.090     0.331      4.713      0.094      28.525     1.090000e+17  
9.9960          F2         0          163.375    0.626      1219.046   353.073    19.239     156.246    0.273      14.701     0.077      28.525     1.090000e+17 


fr              MODE       IOX        СКОР       СКОА       СР         СА         СУ         AED        AEAZ       RED        REAZ       IG         TEC       
9.9960          E          0          102.264    0.680      1019.510   353.131    10.443     43.290     0.331      4.073      0.094      -13.068    0.000000e+00  
9.9960          F1         0          102.264    0.680      1019.510   353.131    10.443     43.290     0.331      4.073      0.094      -13.068    0.000000e+00  
9.9960          F2         0          0.000      0.000      -nan       -nan       -nan       nan        nan        nan        nan        -13.068    0.000000e+00 


fr              MODE       IOX        СКОР       СКОА       СР         СА         СУ         AED        AEAZ       RED        REAZ       IG         TEC       
9.9960          E          0          103.934    0.681      1012.710   353.131    10.443     50.090     0.331      4.713      0.094      28.525     1.090000e+17  
9.9960          F1         0          103.934    0.681      1012.710   353.131    10.443     50.090     0.331      4.713      0.094      28.525     1.090000e+17  
9.9960          F2         0          163.375    0.626      1219.046   353.073    19.239     156.246    0.273      14.701     0.077      28.525     1.090000e+17 


fr              MODE       IOX        СКОР       СКОА       СР         СА         СУ         AED        AEAZ       RED        REAZ       IG         TEC       
9.9960          E          0          102.264    0.680      1019.510   353.131    10.443     43.290     0.331      4.073      0.094      -13.068    0.000000e+00  
9.9960          F1         0          102.264    0.680      1019.510   353.131    10.443     43.290     0.331      4.073      0.094      -13.068    0.000000e+00  
9.9960          F2         0          0.000      0.000      -nan       -nan       -nan       nan        nan        nan        nan        -13.068    0.000000e+00 


fr              MODE       IOX        СКОР       СКОА       СР         СА         СУ         AED        AEAZ       RED        REAZ       IG         TEC       
9.9960          E          0          103.934    0.681      1012.710   353.131    10.443     50.090     0.331      4.713      0.094      28.525     1.090000e+17  
9.9960          F1         0          103.934    0.681      1012.710   353.131    10.443     50.090     0.331      4.713      0.094      28.525     1.090000e+17  
9.9960          F2         0          163.375    0.626      1219.046   353.073    19.239     156.246    0.273      14.701     0.077      28.525     1.090000e+17 


fr              MODE       IOX        СКОР       СКОА       СР         СА         СУ         AED        AEAZ       RED        REAZ       IG         TEC       
9.9960          E          0          102.264    0.680      1019.510   353.131    10.443     43.290     0.331      4.073      0.094      -13.068    0.000000e+00  
9.9960          F1         0          102.264    0.680      1019.510   353.131    10.443     43.290     0.331      4.073      0.094      -13.068    0.000000e+00  
9.9960          F2         0          0.000      0.000      -nan       -nan       -nan       nan        nan        nan        nan        -13.068    0.000000e+00 


fr              MODE       IOX        СКОР       СКОА       СР         СА         СУ         AED        AEAZ       RED        REAZ       IG         TEC       
9.9960          E          0          103.934    0.681      1012.710   353.131    10.443     50.090     0.331      4.713      0.094      28.525     1.090000e+17  
9.9960          F1         0          103.934    0.681      1012.710   353.131    10.443     50.090     0.331      4.713      0.094      28.525     1.090000e+17  
9.9960          F2         0          163.375    0.626      1219.046   353.073    19.239     156.246    0.273      14.701     0.077      28.525     1.090000e+17 


fr              MODE       IOX        СКОР       СКОА       СР         СА         СУ         AED        AEAZ       RED        REAZ       IG         TEC       
9.9960          E          0          102.264    0.680      1019.510   353.131    10.443     43.290     0.331      4.073      0.094      -13.068    0.000000e+00  
9.9960          F1         0          102.264    0.680      1019.510   353.131    10.443     43.290     0.331      4.073      0.094      -13.068    0.000000e+00  
9.9960          F2         0          0.000      0.000      -nan       -nan       -nan       nan        nan        nan        nan        -13.068    0.000000e+00 


fr              MODE       IOX        СКОР       СКОА       СР         СА         СУ         AED        AEAZ       RED        REAZ       IG         TEC       
9.9960          E          0          103.934    0.681      1012.710   353.131    10.443     50.090     0.331      4.713      0.094      28.525     1.090000e+17  
9.9960          F1         0          103.934    0.681      1012.710   353.131    10.443     50.090     0.331      4.713      0.094      28.525     1.090000e+17  
9.9960          F2         0          163.375    0.626      1219.046   353.073    19.239     156.246    0.273      14.701     0.077      28.525     1.090000e+17 


fr              MODE       IOX        СКОР       СКОА       СР         СА         СУ         AED        AEAZ       RED        REAZ       IG         TEC       
9.9960          E          0          102.264    0.680      1019.510   353.131    10.443     43.290     0.331      4.073      0.094      -13.068    0.000000e+00  
9.9960          F1         0          102.264    0.680      1019.510   353.131    10.443     43.290     0.331      4.073      0.094      -13.068    0.000000e+00  
9.9960          F2         0          0.000      0.000      -nan       -nan       -nan       nan        nan        nan        nan        -13.068    0.000000e+00 


fr              MODE       IOX        СКОР       СКОА       СР         СА         СУ         AED        AEAZ       RED        REAZ       IG         TEC       
9.9960          E          0          103.934    0.681      1012.710   353.131    10.443     50.090     0.331      4.713      0.094      28.525     1.090000e+17  
9.9960          F1         0          103.934    0.681      1012.710   353.131    10.443     50.090     0.331      4.713      0.094      28.525     1.090000e+17  
9.9960          F2         0          163.375    0.626      1219.046   353.073    19.239     156.246    0.273      14.701     0.077      28.525     1.090000e+17 


fr              MODE       IOX        СКОР       СКОА       СР         СА         СУ         AED        AEAZ       RED        REAZ       IG         TEC       
9.9960          E          0          102.264    0.680      1019.510   353.131    10.443     43.290     0.331      4.073      0.094      -13.068    0.000000e+00  
9.9960          F1         0          102.264    0.680      1019.510   353.131    10.443     43.290     0.331      4.073      0.094      -13.068    0.000000e+00  
9.9960          F2         0          0.000      0.000      -nan       -nan       -nan       nan        nan        nan        nan        -13.068    0.000000e+00 


fr              MODE       IOX        СКОР       СКОА       СР         СА         СУ         AED        AEAZ       RED        REAZ       IG         TEC       
9.9960          E          0          103.934    0.681      1012.710   353.131    10.443     50.090     0.331      4.713      0.094      28.525     1.090000e+17  
9.9960          F1         0          103.934    0.681      1012.710   353.131    10.443     50.090     0.331      4.713      0.094      28.525     1.090000e+17  
9.9960          F2         0          163.375    0.626      1219.046   353.073    19.239     156.246    0.273      14.701     0.077      28.525     1.090000e+17 


fr              MODE       IOX        СКОР       СКОА       СР         СА         СУ         AED        AEAZ       RED        REAZ       IG         TEC       
9.9960          E          0          102.264    0.680      1019.510   353.131    10.443     43.290     0.331      4.073      0.094      -13.068    0.000000e+00  
9.9960          F1         0          102.264    0.680      1019.510   353.131    10.443     43.290     0.331      4.073      0.094      -13.068    0.000000e+00  
9.9960          F2         0          0.000      0.000      -nan       -nan       -nan       nan        nan        nan        nan        -13.068    0.000000e+00 


fr              MODE       IOX        СКОР       СКОА       СР         СА         СУ         AED        AEAZ       RED        REAZ       IG         TEC       
9.9960          E          0          103.934    0.681      1012.710   353.131    10.443     50.090     0.331      4.713      0.094      28.525     1.090000e+17  
9.9960          F1         0          103.934    0.681      1012.710   353.131    10.443     50.090     0.331      4.713      0.094      28.525     1.090000e+17  
9.9960          F2         0          163.375    0.626      1219.046   353.073    19.239     156.246    0.273      14.701     0.077      28.525     1.090000e+17 


fr              MODE       IOX        СКОР       СКОА       СР         СА         СУ         AED        AEAZ       RED        REAZ       IG         TEC       
9.9960          E          0          102.264    0.680      1019.510   353.131    10.443     43.290     0.331      4.073      0.094      -13.068    0.000000e+00  
9.9960          F1         0          102.264    0.680      1019.510   353.131    10.443     43.290     0.331      4.073      0.094      -13.068    0.000000e+00  
9.9960          F2         0          0.000      0.000      -nan       -nan       -nan       nan        nan        nan        nan        -13.068    0.000000e+00 


fr              MODE       IOX        СКОР       СКОА       СР         СА         СУ         AED        AEAZ       RED        REAZ       IG         TEC       
9.9960          E          0          93.759     0.692      1032.010   353.151    10.170     30.790     0.351      2.897      0.099      12.424     1.090000e+17  
9.9960          F1         0          93.759     0.692      1032.010   353.151    10.170     30.790     0.351      2.897      0.099      12.424     1.090000e+17  
9.9960          F2         0          135.912    0.710      1183.708   352.812    15.895     120.908    0.012      11.376     0.003      12.424     1.090000e+17 


fr              MODE       IOX        СКОР       СКОА       СР         СА         СУ         AED        AEAZ       RED        REAZ       IG         TEC       
9.9960          E          0          93.563     0.692      1034.139   353.150    10.187     28.661     0.350      2.697      0.099      -13.068    0.000000e+00  
9.9960          F1         0          93.563     0.692      1034.139   353.150    10.187     28.661     0.350      2.697      0.099      -13.068    0.000000e+00  
9.9960          F2         0          0.000      0.000      -nan       -nan       -nan       nan        nan        nan        nan        -13.068    0.000000e+00 


fr              MODE       IOX        СКОР       СКОА       СР         СА         СУ         AED        AEAZ       RED        REAZ       IG         TEC       
9.9960          E          0          93.759     0.692      1032.010   353.151    10.170     30.790     0.351      2.897      0.099      12.424     1.090000e+17  
9.9960          F1         0          93.759     0.692      1032.010   353.151    10.170     30.790     0.351      2.897      0.099      12.424     1.090000e+17  
9.9960          F2         0          135.912    0.710      1183.708   352.812    15.895     120.908    0.012      11.376     0.003      12.424     1.090000e+17 


fr              MODE       IOX        СКОР       СКОА       СР         СА         СУ         AED        AEAZ       RED        REAZ       IG         TEC       
9.9960          E          0          93.563     0.692      1034.139   353.150    10.187     28.661     0.350      2.697      0.099      -13.068    0.000000e+00  
9.9960          F1         0          93.563     0.692      1034.139   353.150    10.187     28.661     0.350      2.697      0.099      -13.068    0.000000e+00  
9.9960          F2         0          0.000      0.000      -nan       -nan       -nan       nan        nan        nan        nan        -13.068    0.000000e+00 


fr              MODE       IOX        СКОР       СКОА       СР         СА         СУ         AED        AEAZ       RED        REAZ       IG         TEC       
9.9960          E          0          93.759     0.692      1032.010   353.151    10.170     30.790     0.351      2.897      0.099      12.424     1.090000e+17  
9.9960          F1         0          93.759     0.692      1032.010   353.151    10.170     30.790     0.351      2.897      0.099      12.424     1.090000e+17  
9.9960          F2         0          135.912    0.710      1183.708   352.812    15.895     120.908    0.012      11.376     0.003      12.424     1.090000e+17 


fr              MODE       IOX        СКОР       СКОА       СР         СА         СУ         AED        AEAZ       RED        REAZ       IG         TEC       
9.9960          E          0          93.563     0.692      1034.139   353.150    10.187     28.661     0.350      2.697      0.099      -13.068    0.000000e+00  
9.9960          F1         0          93.563     0.692      1034.139   353.150    10.187     28.661     0.350      2.697      0.099      -13.068    0.000000e+00  
9.9960          F2         0          0.000      0.000      -nan       -nan       -nan       nan        nan        nan        nan        -13.068    0.000000e+00 


fr              MODE       IOX        СКОР       СКОА       СР         СА         СУ         AED        AEAZ       RED        REAZ       IG         TEC       
9.9960          E          0          93.759     0.692      1032.010   353.151    10.170     30.790     0.351      2.897      0.099      12.424     1.090000e+17  
9.9960          F1         0          93.759     0.692      1032.010   353.151    10.170     30.790     0.351      2.897      0.099      12.424     1.090000e+17  
9.9960          F2         0          135.912    0.710      1183.708   352.812    15.895     120.908    0.012      11.376     0.003      12.424     1.090000e+17 


fr              MODE       IOX        СКОР       СКОА       СР         СА         СУ         AED        AEAZ       RED        REAZ       IG         TEC       
9.9960          E          0          93.563     0.692      1034.139   353.150    10.187     28.661     0.350      2.697      0.099      -13.068    0.000000e+00  
9.9960          F1         0          93.563     0.692      1034.139   353.150    10.187     28.661     0.350      2.697      0.099      -13.068    0.000000e+00  
9.9960          F2         0          0.000      0.000      -nan       -nan       -nan       nan        nan        nan        nan        -13.068    0.000000e+00 


fr              MODE       IOX        СКОР       СКОА       СР         СА         СУ         AED        AEAZ       RED        REAZ       IG         TEC       
9.9960          E          0          93.759     0.692      1032.010   353.151    10.170     30.790     0.351      2.897      0.099      12.424     1.090000e+17  
9.9960          F1         0          93.759     0.692      1032.010   353.151    10.170     30.790     0.351      2.897      0.099      12.424     1.090000e+17  
9.9960          F2         0          135.912    0.710      1183.708   352.812    15.895     120.908    0.012      11.376     0.003      12.424     1.090000e+17 


fr              MODE       IOX        СКОР       СКОА       СР         СА         СУ         AED        AEAZ       RED        REAZ       IG         TEC       
9.9960          E          0          93.563     0.692      1034.139   353.150    10.187     28.661     0.350      2.697      0.099      -13.068    0.000000e+00  
9.9960          F1         0          93.563     0.692      1034.139   353.150    10.187     28.661     0.350      2.697      0.099      -13.068    0.000000e+00  
9.9960          F2         0          0.000      0.000      -nan       -nan       -nan       nan        nan        nan        nan        -13.068    0.000000e+00 


fr              MODE       IOX        СКОР       СКОА       СР         СА         СУ         AED        AEAZ       RED        REAZ       IG         TEC       
9.9960          E          0          0.000      0.000      -nan       -nan       -nan       nan        nan        nan        nan        12.424     1.090000e+17  
9.9960          F1         0          0.000      0.000      -nan       -nan       -nan       nan        nan        nan        nan        12.424     1.090000e+17  
9.9960          F2         0          0.000      0.000      -nan       -nan       -nan       nan        nan        nan        nan        12.424     1.090000e+17 


fr              MODE       IOX        СКОР       СКОА       СР         СА         СУ         AED        AEAZ       RED        REAZ       IG         TEC       
9.9960          E          0          0.000      0.000      -nan       -nan       -nan       nan        nan        nan        nan        -13.068    0.000000e+00  
9.9960          F1         0          0.000      0.000      -nan       -nan       -nan       nan        nan        nan        nan        -13.068    0.000000e+00  
9.9960          F2         0          0.000      0.000      -nan       -nan       -nan       nan        nan        nan        nan        -13.068    0.000000e+00 


fr              MODE       IOX        СКОР       СКОА       СР         СА         СУ         AED        AEAZ       RED        REAZ       IG         TEC       
9.9960          E          0          0.000      0.000      -nan       -nan       -nan       nan        nan        nan        nan        12.424     1.090000e+17  
9.9960          F1         0          0.000      0.000      -nan       -nan       -nan       nan        nan        nan        nan        12.424     1.090000e+17  
9.9960          F2         0          0.000      0.000      -nan       -nan       -nan       nan        nan        nan        nan        12.424     1.090000e+17 


fr              MODE       IOX        СКОР       СКОА       СР         СА         СУ         AED        AEAZ       RED        REAZ       IG         TEC       
9.9960          E          0          0.000      0.000      -nan       -nan       -nan       nan        nan        nan        nan        -13.068    0.000000e+00  
9.9960          F1         0          0.000      0.000      -nan       -nan       -nan       nan        nan        nan        nan        -13.068    0.000000e+00  
9.9960          F2         0          0.000      0.000      -nan       -nan       -nan       nan        nan        nan        nan        -13.068    0.000000e+00 


fr              MODE       IOX        СКОР       СКОА       СР         СА         СУ         AED        AEAZ       RED        REAZ       IG         TEC       
9.9960          E          0          57.838     137.127    1006.514   353.126    10.552     16.514     137.126    1.668      63.484     12.424     1.090000e+17  
9.9960          F1         0          57.838     137.127    1006.514   353.126    10.552     16.514     137.126    1.668      63.484     12.424     1.090000e+17  
9.9960          F2         0          144.355    136.956    1130.828   352.955    15.749     140.828    136.955    14.225     63.405     12.424     1.090000e+17 


fr              MODE       IOX        СКОР       СКОА       СР         СА         СУ         AED        AEAZ       RED        REAZ       IG         TEC       
9.9960          E          0          58.575     137.126    1008.424   353.125    10.565     18.424     137.125    1.861      63.484     -13.068    0.000000e+00  
9.9960          F1         0          58.575     137.126    1008.424   353.125    10.565     18.424     137.125    1.861      63.484     -13.068    0.000000e+00  
9.9960          F2         0          0.000      0.000      -nan       -nan       -nan       nan        nan        nan        nan        -13.068    0.000000e+00 


fr              MODE       IOX        СКОР       СКОА       СР         СА         СУ         AED        AEAZ       RED        REAZ       IG         TEC       
9.9960          E          0          102.053    0.699      1040.067   353.161    10.049     22.733     0.361      2.139      0.102      12.424     1.090000e+17  
9.9960          F1         0          102.053    0.699      1040.067   353.161    10.049     22.733     0.361      2.139      0.102      12.424     1.090000e+17  
9.9960          F2         0          246.371    0.723      1260.812   352.820    15.595     198.012    0.020      18.631     0.006      12.424     1.090000e+17 


fr              MODE       IOX        СКОР       СКОА       СР         СА         СУ         AED        AEAZ       RED        REAZ       IG         TEC       
9.9960          E          0          101.819    0.699      1042.115   353.160    10.068     20.685     0.360      1.946      0.102      -13.068    0.000000e+00  
9.9960          F1         0          101.819    0.699      1042.115   353.160    10.068     20.685     0.360      1.946      0.102      -13.068    0.000000e+00  
9.9960          F2         0          590.172    0.688      1640.499   353.058    15.381     577.699    0.258      54.356     0.073      -13.068    0.000000e+00 


