fr              MODE       IOX        СКОР       СКОА       СР         СА         СУ         AED        AEAZ       RED        REAZ       IG         TEC       
9.9960          E          0          142.726    0.485      952.563    353.148    10.981     110.237    0.348      10.372     0.099      29.725     1.140000e+17  
9.9960          F1         0          142.726    0.485      952.563    353.148    10.981     110.237    0.348      10.372     0.099      29.725     1.140000e+17  
9.9960          F2         0          151.971    0.503      1190.633   353.009    17.177     127.833    0.209      12.028     0.059      29.725     1.140000e+17 


fr              MODE       IOX        СКОР       СКОА       СР         СА         СУ         AED        AEAZ       RED        REAZ       IG         TEC       
9.9960          E          0          138.292    0.485      959.363    353.148    10.980     103.437    0.348      9.732      0.099      -13.068    0.000000e+00  
9.9960          F1         0          138.292    0.485      959.363    353.148    10.980     103.437    0.348      9.732      0.099      -13.068    0.000000e+00  
9.9960          F2         0          476.988    0.520      1531.140   353.012    15.926     468.340    0.212      44.067     0.060      -13.068    0.000000e+00 


fr              MODE       IOX        СКОР       СКОА       СР         СА         СУ         AED        AEAZ       RED        REAZ       IG         TEC       
9.9960          E          0          142.726    0.485      952.563    353.148    10.981     110.237    0.348      10.372     0.099      29.725     1.140000e+17  
9.9960          F1         0          142.726    0.485      952.563    353.148    10.981     110.237    0.348      10.372     0.099      29.725     1.140000e+17  
9.9960          F2         0          151.971    0.503      1190.633   353.009    17.177     127.833    0.209      12.028     0.059      29.725     1.140000e+17 


fr              MODE       IOX        СКОР       СКОА       СР         СА         СУ         AED        AEAZ       RED        REAZ       IG         TEC       
9.9960          E          0          138.292    0.485      959.363    353.148    10.980     103.437    0.348      9.732      0.099      -13.068    0.000000e+00  
9.9960          F1         0          138.292    0.485      959.363    353.148    10.980     103.437    0.348      9.732      0.099      -13.068    0.000000e+00  
9.9960          F2         0          476.988    0.520      1531.140   353.012    15.926     468.340    0.212      44.067     0.060      -13.068    0.000000e+00 


fr              MODE       IOX        СКОР       СКОА       СР         СА         СУ         AED        AEAZ       RED        REAZ       IG         TEC       
9.9960          E          0          139.823    0.483      946.911    353.146    11.062     115.889    0.346      10.904     0.098      29.725     1.140000e+17  
9.9960          F1         0          139.823    0.483      946.911    353.146    11.062     115.889    0.346      10.904     0.098      29.725     1.140000e+17  
9.9960          F2         0          101.951    0.496      1153.908   352.960    17.805     91.108     0.160      8.572      0.045      29.725     1.140000e+17 


fr              MODE       IOX        СКОР       СКОА       СР         СА         СУ         AED        AEAZ       RED        REAZ       IG         TEC       
9.9960          E          0          134.916    0.483      953.662    353.146    11.061     109.138    0.346      10.269     0.098      -13.068    0.000000e+00  
9.9960          F1         0          134.916    0.483      953.662    353.146    11.061     109.138    0.346      10.269     0.098      -13.068    0.000000e+00  
9.9960          F2         0          0.000      0.000      -nan       -nan       -nan       nan        nan        nan        nan        -13.068    0.000000e+00 


fr              MODE       IOX        СКОР       СКОА       СР         СА         СУ         AED        AEAZ       RED        REAZ       IG         TEC       
9.9960          E          0          139.823    0.483      946.911    353.146    11.062     115.889    0.346      10.904     0.098      29.725     1.140000e+17  
9.9960          F1         0          139.823    0.483      946.911    353.146    11.062     115.889    0.346      10.904     0.098      29.725     1.140000e+17  
9.9960          F2         0          101.951    0.496      1153.908   352.960    17.805     91.108     0.160      8.572      0.045      29.725     1.140000e+17 


fr              MODE       IOX        СКОР       СКОА       СР         СА         СУ         AED        AEAZ       RED        REAZ       IG         TEC       
9.9960          E          0          134.916    0.483      953.662    353.146    11.061     109.138    0.346      10.269     0.098      -13.068    0.000000e+00  
9.9960          F1         0          134.916    0.483      953.662    353.146    11.061     109.138    0.346      10.269     0.098      -13.068    0.000000e+00  
9.9960          F2         0          0.000      0.000      -nan       -nan       -nan       nan        nan        nan        nan        -13.068    0.000000e+00 


fr              MODE       IOX        СКОР       СКОА       СР         СА         СУ         AED        AEAZ       RED        REAZ       IG         TEC       
9.9960          E          0          139.823    0.483      946.911    353.146    11.062     115.889    0.346      10.904     0.098      29.725     1.140000e+17  
9.9960          F1         0          139.823    0.483      946.911    353.146    11.062     115.889    0.346      10.904     0.098      29.725     1.140000e+17  
9.9960          F2         0          101.951    0.496      1153.908   352.960    17.805     91.108     0.160      8.572      0.045      29.725     1.140000e+17 


fr              MODE       IOX        СКОР       СКОА       СР         СА         СУ         AED        AEAZ       RED        REAZ       IG         TEC       
9.9960          E          0          134.916    0.483      953.662    353.146    11.061     109.138    0.346      10.269     0.098      -13.068    0.000000e+00  
9.9960          F1         0          134.916    0.483      953.662    353.146    11.061     109.138    0.346      10.269     0.098      -13.068    0.000000e+00  
9.9960          F2         0          0.000      0.000      -nan       -nan       -nan       nan        nan        nan        nan        -13.068    0.000000e+00 


fr              MODE       IOX        СКОР       СКОА       СР         СА         СУ         AED        AEAZ       RED        REAZ       IG         TEC       
9.9960          E          0          139.823    0.483      946.911    353.146    11.062     115.889    0.346      10.904     0.098      29.725     1.140000e+17  
9.9960          F1         0          139.823    0.483      946.911    353.146    11.062     115.889    0.346      10.904     0.098      29.725     1.140000e+17  
9.9960          F2         0          101.951    0.496      1153.908   352.960    17.805     91.108     0.160      8.572      0.045      29.725     1.140000e+17 


fr              MODE       IOX        СКОР       СКОА       СР         СА         СУ         AED        AEAZ       RED        REAZ       IG         TEC       
9.9960          E          0          134.916    0.483      953.662    353.146    11.061     109.138    0.346      10.269     0.098      -13.068    0.000000e+00  
9.9960          F1         0          134.916    0.483      953.662    353.146    11.061     109.138    0.346      10.269     0.098      -13.068    0.000000e+00  
9.9960          F2         0          0.000      0.000      -nan       -nan       -nan       nan        nan        nan        nan        -13.068    0.000000e+00 


fr              MODE       IOX        СКОР       СКОА       СР         СА         СУ         AED        AEAZ       RED        REAZ       IG         TEC       
9.9960          E          0          139.823    0.483      946.911    353.146    11.062     115.889    0.346      10.904     0.098      29.725     1.140000e+17  
9.9960          F1         0          139.823    0.483      946.911    353.146    11.062     115.889    0.346      10.904     0.098      29.725     1.140000e+17  
9.9960          F2         0          101.951    0.496      1153.908   352.960    17.805     91.108     0.160      8.572      0.045      29.725     1.140000e+17 


fr              MODE       IOX        СКОР       СКОА       СР         СА         СУ         AED        AEAZ       RED        REAZ       IG         TEC       
9.9960          E          0          134.916    0.483      953.662    353.146    11.061     109.138    0.346      10.269     0.098      -13.068    0.000000e+00  
9.9960          F1         0          134.916    0.483      953.662    353.146    11.061     109.138    0.346      10.269     0.098      -13.068    0.000000e+00  
9.9960          F2         0          0.000      0.000      -nan       -nan       -nan       nan        nan        nan        nan        -13.068    0.000000e+00 


fr              MODE       IOX        СКОР       СКОА       СР         СА         СУ         AED        AEAZ       RED        REAZ       IG         TEC       
9.9960          E          0          139.823    0.483      946.911    353.146    11.062     115.889    0.346      10.904     0.098      29.725     1.140000e+17  
9.9960          F1         0          139.823    0.483      946.911    353.146    11.062     115.889    0.346      10.904     0.098      29.725     1.140000e+17  
9.9960          F2         0          101.951    0.496      1153.908   352.960    17.805     91.108     0.160      8.572      0.045      29.725     1.140000e+17 


fr              MODE       IOX        СКОР       СКОА       СР         СА         СУ         AED        AEAZ       RED        REAZ       IG         TEC       
9.9960          E          0          134.916    0.483      953.662    353.146    11.061     109.138    0.346      10.269     0.098      -13.068    0.000000e+00  
9.9960          F1         0          134.916    0.483      953.662    353.146    11.061     109.138    0.346      10.269     0.098      -13.068    0.000000e+00  
9.9960          F2         0          0.000      0.000      -nan       -nan       -nan       nan        nan        nan        nan        -13.068    0.000000e+00 


fr              MODE       IOX        СКОР       СКОА       СР         СА         СУ         AED        AEAZ       RED        REAZ       IG         TEC       
9.9960          E          0          139.823    0.483      946.911    353.146    11.062     115.889    0.346      10.904     0.098      29.725     1.140000e+17  
9.9960          F1         0          139.823    0.483      946.911    353.146    11.062     115.889    0.346      10.904     0.098      29.725     1.140000e+17  
9.9960          F2         0          101.951    0.496      1153.908   352.960    17.805     91.108     0.160      8.572      0.045      29.725     1.140000e+17 


fr              MODE       IOX        СКОР       СКОА       СР         СА         СУ         AED        AEAZ       RED        REAZ       IG         TEC       
9.9960          E          0          134.916    0.483      953.662    353.146    11.061     109.138    0.346      10.269     0.098      -13.068    0.000000e+00  
9.9960          F1         0          134.916    0.483      953.662    353.146    11.061     109.138    0.346      10.269     0.098      -13.068    0.000000e+00  
9.9960          F2         0          0.000      0.000      -nan       -nan       -nan       nan        nan        nan        nan        -13.068    0.000000e+00 


fr              MODE       IOX        СКОР       СКОА       СР         СА         СУ         AED        AEAZ       RED        REAZ       IG         TEC       
9.9960          E          0          139.823    0.483      946.911    353.146    11.062     115.889    0.346      10.904     0.098      29.725     1.140000e+17  
9.9960          F1         0          139.823    0.483      946.911    353.146    11.062     115.889    0.346      10.904     0.098      29.725     1.140000e+17  
9.9960          F2         0          101.951    0.496      1153.908   352.960    17.805     91.108     0.160      8.572      0.045      29.725     1.140000e+17 


fr              MODE       IOX        СКОР       СКОА       СР         СА         СУ         AED        AEAZ       RED        REAZ       IG         TEC       
9.9960          E          0          134.916    0.483      953.662    353.146    11.061     109.138    0.346      10.269     0.098      -13.068    0.000000e+00  
9.9960          F1         0          134.916    0.483      953.662    353.146    11.061     109.138    0.346      10.269     0.098      -13.068    0.000000e+00  
9.9960          F2         0          0.000      0.000      -nan       -nan       -nan       nan        nan        nan        nan        -13.068    0.000000e+00 


fr              MODE       IOX        СКОР       СКОА       СР         СА         СУ         AED        AEAZ       RED        REAZ       IG         TEC       
9.9960          E          0          139.823    0.483      946.911    353.146    11.062     115.889    0.346      10.904     0.098      29.725     1.140000e+17  
9.9960          F1         0          139.823    0.483      946.911    353.146    11.062     115.889    0.346      10.904     0.098      29.725     1.140000e+17  
9.9960          F2         0          101.951    0.496      1153.908   352.960    17.805     91.108     0.160      8.572      0.045      29.725     1.140000e+17 


fr              MODE       IOX        СКОР       СКОА       СР         СА         СУ         AED        AEAZ       RED        REAZ       IG         TEC       
9.9960          E          0          134.916    0.483      953.662    353.146    11.061     109.138    0.346      10.269     0.098      -13.068    0.000000e+00  
9.9960          F1         0          134.916    0.483      953.662    353.146    11.061     109.138    0.346      10.269     0.098      -13.068    0.000000e+00  
9.9960          F2         0          0.000      0.000      -nan       -nan       -nan       nan        nan        nan        nan        -13.068    0.000000e+00 


fr              MODE       IOX        СКОР       СКОА       СР         СА         СУ         AED        AEAZ       RED        REAZ       IG         TEC       
9.9960          E          0          139.823    0.483      946.911    353.146    11.062     115.889    0.346      10.904     0.098      29.725     1.140000e+17  
9.9960          F1         0          139.823    0.483      946.911    353.146    11.062     115.889    0.346      10.904     0.098      29.725     1.140000e+17  
9.9960          F2         0          101.951    0.496      1153.908   352.960    17.805     91.108     0.160      8.572      0.045      29.725     1.140000e+17 


fr              MODE       IOX        СКОР       СКОА       СР         СА         СУ         AED        AEAZ       RED        REAZ       IG         TEC       
9.9960          E          0          134.916    0.483      953.662    353.146    11.061     109.138    0.346      10.269     0.098      -13.068    0.000000e+00  
9.9960          F1         0          134.916    0.483      953.662    353.146    11.061     109.138    0.346      10.269     0.098      -13.068    0.000000e+00  
9.9960          F2         0          0.000      0.000      -nan       -nan       -nan       nan        nan        nan        nan        -13.068    0.000000e+00 


fr              MODE       IOX        СКОР       СКОА       СР         СА         СУ         AED        AEAZ       RED        REAZ       IG         TEC       
9.9960          E          0          139.823    0.483      946.911    353.146    11.062     115.889    0.346      10.904     0.098      29.725     1.140000e+17  
9.9960          F1         0          139.823    0.483      946.911    353.146    11.062     115.889    0.346      10.904     0.098      29.725     1.140000e+17  
9.9960          F2         0          101.951    0.496      1153.908   352.960    17.805     91.108     0.160      8.572      0.045      29.725     1.140000e+17 


fr              MODE       IOX        СКОР       СКОА       СР         СА         СУ         AED        AEAZ       RED        REAZ       IG         TEC       
9.9960          E          0          134.916    0.483      953.662    353.146    11.061     109.138    0.346      10.269     0.098      -13.068    0.000000e+00  
9.9960          F1         0          134.916    0.483      953.662    353.146    11.061     109.138    0.346      10.269     0.098      -13.068    0.000000e+00  
9.9960          F2         0          0.000      0.000      -nan       -nan       -nan       nan        nan        nan        nan        -13.068    0.000000e+00 


fr              MODE       IOX        СКОР       СКОА       СР         СА         СУ         AED        AEAZ       RED        REAZ       IG         TEC       
9.9960          E          0          139.823    0.483      946.911    353.146    11.062     115.889    0.346      10.904     0.098      29.725     1.140000e+17  
9.9960          F1         0          139.823    0.483      946.911    353.146    11.062     115.889    0.346      10.904     0.098      29.725     1.140000e+17  
9.9960          F2         0          101.951    0.496      1153.908   352.960    17.805     91.108     0.160      8.572      0.045      29.725     1.140000e+17 


fr              MODE       IOX        СКОР       СКОА       СР         СА         СУ         AED        AEAZ       RED        REAZ       IG         TEC       
9.9960          E          0          134.916    0.483      953.662    353.146    11.061     109.138    0.346      10.269     0.098      -13.068    0.000000e+00  
9.9960          F1         0          134.916    0.483      953.662    353.146    11.061     109.138    0.346      10.269     0.098      -13.068    0.000000e+00  
9.9960          F2         0          0.000      0.000      -nan       -nan       -nan       nan        nan        nan        nan        -13.068    0.000000e+00 


fr              MODE       IOX        СКОР       СКОА       СР         СА         СУ         AED        AEAZ       RED        REAZ       IG         TEC       
9.9960          E          0          114.772    0.484      974.874    353.147    10.936     87.926     0.347      8.273      0.098      11.549     1.140000e+17  
9.9960          F1         0          114.772    0.484      974.874    353.147    10.936     87.926     0.347      8.273      0.098      11.549     1.140000e+17  
9.9960          F2         0          106.304    0.531      1151.751   352.960    15.975     88.951     0.160      8.369      0.045      11.549     1.140000e+17 


fr              MODE       IOX        СКОР       СКОА       СР         СА         СУ         AED        AEAZ       RED        REAZ       IG         TEC       
9.9960          E          0          113.694    0.484      977.012    353.147    10.931     85.788     0.347      8.072      0.098      -13.068    0.000000e+00  
9.9960          F1         0          113.694    0.484      977.012    353.147    10.931     85.788     0.347      8.072      0.098      -13.068    0.000000e+00  
9.9960          F2         0          209.772    0.120      1272.572   352.920    13.172     209.772    0.120      19.738     0.034      -13.068    0.000000e+00 


fr              MODE       IOX        СКОР       СКОА       СР         СА         СУ         AED        AEAZ       RED        REAZ       IG         TEC       
9.9960          E          0          114.772    0.484      974.874    353.147    10.936     87.926     0.347      8.273      0.098      11.549     1.140000e+17  
9.9960          F1         0          114.772    0.484      974.874    353.147    10.936     87.926     0.347      8.273      0.098      11.549     1.140000e+17  
9.9960          F2         0          106.304    0.531      1151.751   352.960    15.975     88.951     0.160      8.369      0.045      11.549     1.140000e+17 


fr              MODE       IOX        СКОР       СКОА       СР         СА         СУ         AED        AEAZ       RED        REAZ       IG         TEC       
9.9960          E          0          113.694    0.484      977.012    353.147    10.931     85.788     0.347      8.072      0.098      -13.068    0.000000e+00  
9.9960          F1         0          113.694    0.484      977.012    353.147    10.931     85.788     0.347      8.072      0.098      -13.068    0.000000e+00  
9.9960          F2         0          209.772    0.120      1272.572   352.920    13.172     209.772    0.120      19.738     0.034      -13.068    0.000000e+00 


fr              MODE       IOX        СКОР       СКОА       СР         СА         СУ         AED        AEAZ       RED        REAZ       IG         TEC       
9.9960          E          0          114.772    0.484      974.874    353.147    10.936     87.926     0.347      8.273      0.098      11.549     1.140000e+17  
9.9960          F1         0          114.772    0.484      974.874    353.147    10.936     87.926     0.347      8.273      0.098      11.549     1.140000e+17  
9.9960          F2         0          106.304    0.531      1151.751   352.960    15.975     88.951     0.160      8.369      0.045      11.549     1.140000e+17 


fr              MODE       IOX        СКОР       СКОА       СР         СА         СУ         AED        AEAZ       RED        REAZ       IG         TEC       
9.9960          E          0          113.694    0.484      977.012    353.147    10.931     85.788     0.347      8.072      0.098      -13.068    0.000000e+00  
9.9960          F1         0          113.694    0.484      977.012    353.147    10.931     85.788     0.347      8.072      0.098      -13.068    0.000000e+00  
9.9960          F2         0          209.772    0.120      1272.572   352.920    13.172     209.772    0.120      19.738     0.034      -13.068    0.000000e+00 


fr              MODE       IOX        СКОР       СКОА       СР         СА         СУ         AED        AEAZ       RED        REAZ       IG         TEC       
9.9960          E          0          114.772    0.484      974.874    353.147    10.936     87.926     0.347      8.273      0.098      11.549     1.140000e+17  
9.9960          F1         0          114.772    0.484      974.874    353.147    10.936     87.926     0.347      8.273      0.098      11.549     1.140000e+17  
9.9960          F2         0          106.304    0.531      1151.751   352.960    15.975     88.951     0.160      8.369      0.045      11.549     1.140000e+17 


fr              MODE       IOX        СКОР       СКОА       СР         СА         СУ         AED        AEAZ       RED        REAZ       IG         TEC       
9.9960          E          0          113.694    0.484      977.012    353.147    10.931     85.788     0.347      8.072      0.098      -13.068    0.000000e+00  
9.9960          F1         0          113.694    0.484      977.012    353.147    10.931     85.788     0.347      8.072      0.098      -13.068    0.000000e+00  
9.9960          F2         0          209.772    0.120      1272.572   352.920    13.172     209.772    0.120      19.738     0.034      -13.068    0.000000e+00 


fr              MODE       IOX        СКОР       СКОА       СР         СА         СУ         AED        AEAZ       RED        REAZ       IG         TEC       
9.9960          E          0          114.772    0.484      974.874    353.147    10.936     87.926     0.347      8.273      0.098      11.549     1.140000e+17  
9.9960          F1         0          114.772    0.484      974.874    353.147    10.936     87.926     0.347      8.273      0.098      11.549     1.140000e+17  
9.9960          F2         0          106.304    0.531      1151.751   352.960    15.975     88.951     0.160      8.369      0.045      11.549     1.140000e+17 


fr              MODE       IOX        СКОР       СКОА       СР         СА         СУ         AED        AEAZ       RED        REAZ       IG         TEC       
9.9960          E          0          113.694    0.484      977.012    353.147    10.931     85.788     0.347      8.072      0.098      -13.068    0.000000e+00  
9.9960          F1         0          113.694    0.484      977.012    353.147    10.931     85.788     0.347      8.072      0.098      -13.068    0.000000e+00  
9.9960          F2         0          209.772    0.120      1272.572   352.920    13.172     209.772    0.120      19.738     0.034      -13.068    0.000000e+00 


fr              MODE       IOX        СКОР       СКОА       СР         СА         СУ         AED        AEAZ       RED        REAZ       IG         TEC       
9.9960          E          0          0.000      0.000      -nan       -nan       -nan       nan        nan        nan        nan        11.549     1.140000e+17  
9.9960          F1         0          0.000      0.000      -nan       -nan       -nan       nan        nan        nan        nan        11.549     1.140000e+17  
9.9960          F2         0          0.000      0.000      -nan       -nan       -nan       nan        nan        nan        nan        11.549     1.140000e+17 


fr              MODE       IOX        СКОР       СКОА       СР         СА         СУ         AED        AEAZ       RED        REAZ       IG         TEC       
9.9960          E          0          0.000      0.000      -nan       -nan       -nan       nan        nan        nan        nan        -13.068    0.000000e+00  
9.9960          F1         0          0.000      0.000      -nan       -nan       -nan       nan        nan        nan        nan        -13.068    0.000000e+00  
9.9960          F2         0          0.000      0.000      -nan       -nan       -nan       nan        nan        nan        nan        -13.068    0.000000e+00 


fr              MODE       IOX        СКОР       СКОА       СР         СА         СУ         AED        AEAZ       RED        REAZ       IG         TEC       
9.9960          E          0          0.000      0.000      -nan       -nan       -nan       nan        nan        nan        nan        11.549     1.140000e+17  
9.9960          F1         0          0.000      0.000      -nan       -nan       -nan       nan        nan        nan        nan        11.549     1.140000e+17  
9.9960          F2         0          0.000      0.000      -nan       -nan       -nan       nan        nan        nan        nan        11.549     1.140000e+17 


fr              MODE       IOX        СКОР       СКОА       СР         СА         СУ         AED        AEAZ       RED        REAZ       IG         TEC       
9.9960          E          0          0.000      0.000      -nan       -nan       -nan       nan        nan        nan        nan        -13.068    0.000000e+00  
9.9960          F1         0          0.000      0.000      -nan       -nan       -nan       nan        nan        nan        nan        -13.068    0.000000e+00  
9.9960          F2         0          0.000      0.000      -nan       -nan       -nan       nan        nan        nan        nan        -13.068    0.000000e+00 


fr              MODE       IOX        СКОР       СКОА       СР         СА         СУ         AED        AEAZ       RED        REAZ       IG         TEC       
9.9960          E          0          63.913     137.149    966.292    353.148    11.083     23.708     137.148    2.395      63.495     11.549     1.140000e+17  
9.9960          F1         0          63.913     137.149    966.292    353.148    11.083     23.708     137.148    2.395      63.495     11.549     1.140000e+17  
9.9960          F2         0          133.081    136.972    1118.407   352.971    15.776     128.407    136.971    12.970     63.412     11.549     1.140000e+17 


fr              MODE       IOX        СКОР       СКОА       СР         СА         СУ         AED        AEAZ       RED        REAZ       IG         TEC       
9.9960          E          0          64.001     137.149    968.385    353.148    11.078     21.615     137.148    2.183      63.495     -13.068    0.000000e+00  
9.9960          F1         0          64.001     137.149    968.385    353.148    11.078     21.615     137.148    2.183      63.495     -13.068    0.000000e+00  
9.9960          F2         0          0.000      0.000      -nan       -nan       -nan       nan        nan        nan        nan        -13.068    0.000000e+00 


fr              MODE       IOX        СКОР       СКОА       СР         СА         СУ         AED        AEAZ       RED        REAZ       IG         TEC       
9.9960          E          0          63.913     137.149    966.292    353.148    11.083     23.708     137.148    2.395      63.495     11.549     1.140000e+17  
9.9960          F1         0          63.913     137.149    966.292    353.148    11.083     23.708     137.148    2.395      63.495     11.549     1.140000e+17  
9.9960          F2         0          133.081    136.972    1118.407   352.971    15.776     128.407    136.971    12.970     63.412     11.549     1.140000e+17 


fr              MODE       IOX        СКОР       СКОА       СР         СА         СУ         AED        AEAZ       RED        REAZ       IG         TEC       
9.9960          E          0          64.001     137.149    968.385    353.148    11.078     21.615     137.148    2.183      63.495     -13.068    0.000000e+00  
9.9960          F1         0          64.001     137.149    968.385    353.148    11.078     21.615     137.148    2.183      63.495     -13.068    0.000000e+00  
9.9960          F2         0          0.000      0.000      -nan       -nan       -nan       nan        nan        nan        nan        -13.068    0.000000e+00 


fr              MODE       IOX        СКОР       СКОА       СР         СА         СУ         AED        AEAZ       RED        REAZ       IG         TEC       
9.9960          E          0          63.913     137.149    966.292    353.148    11.083     23.708     137.148    2.395      63.495     11.549     1.140000e+17  
9.9960          F1         0          63.913     137.149    966.292    353.148    11.083     23.708     137.148    2.395      63.495     11.549     1.140000e+17  
9.9960          F2         0          133.081    136.972    1118.407   352.971    15.776     128.407    136.971    12.970     63.412     11.549     1.140000e+17 


fr              MODE       IOX        СКОР       СКОА       СР         СА         СУ         AED        AEAZ       RED        REAZ       IG         TEC       
9.9960          E          0          64.001     137.149    968.385    353.148    11.078     21.615     137.148    2.183      63.495     -13.068    0.000000e+00  
9.9960          F1         0          64.001     137.149    968.385    353.148    11.078     21.615     137.148    2.183      63.495     -13.068    0.000000e+00  
9.9960          F2         0          0.000      0.000      -nan       -nan       -nan       nan        nan        nan        nan        -13.068    0.000000e+00 


fr              MODE       IOX        СКОР       СКОА       СР         СА         СУ         AED        AEAZ       RED        REAZ       IG         TEC       
9.9960          E          0          119.328    0.486      980.484    353.149    10.855     82.316     0.349      7.745      0.099      11.549     1.140000e+17  
9.9960          F1         0          119.328    0.486      980.484    353.149    10.855     82.316     0.349      7.745      0.099      11.549     1.140000e+17  
9.9960          F2         0          245.004    0.502      1233.731   352.954    15.870     170.931    0.154      16.083     0.044      11.549     1.140000e+17 


fr              MODE       IOX        СКОР       СКОА       СР         СА         СУ         AED        AEAZ       RED        REAZ       IG         TEC       
9.9960          E          0          118.480    0.485      982.659    353.149    10.850     80.141     0.349      7.541      0.099      -13.068    0.000000e+00  
9.9960          F1         0          118.480    0.485      982.659    353.149    10.850     80.141     0.349      7.541      0.099      -13.068    0.000000e+00  
9.9960          F2         0          433.601    0.485      1472.759   353.028    14.995     409.959    0.228      38.574     0.065      -13.068    0.000000e+00 


fr              MODE       IOX        СКОР       СКОА       СР         СА         СУ         AED        AEAZ       RED        REAZ       IG         TEC       
9.9960          E          0          51.933     0.484      960.505    353.148    11.193     11.505     0.348      1.212      0.099      11.549     1.140000e+17  
9.9960          F1         0          51.933     0.484      960.505    353.148    11.193     11.505     0.348      1.212      0.099      11.549     1.140000e+17  
9.9960          F2         0          152.829    0.486      1100.892   353.061    15.713     151.892    0.261      16.005     0.074      11.549     1.140000e+17 


fr              MODE       IOX        СКОР       СКОА       СР         СА         СУ         AED        AEAZ       RED        REAZ       IG         TEC       
9.9960          E          0          51.238     0.483      961.508    353.145    11.180     12.508     0.345      1.318      0.098      -13.068    0.000000e+00  
9.9960          F1         0          51.238     0.483      961.508    353.145    11.180     12.508     0.345      1.318      0.098      -13.068    0.000000e+00  
9.9960          F2         0          0.000      0.000      -nan       -nan       -nan       nan        nan        nan        nan        -13.068    0.000000e+00 


fr              MODE       IOX        СКОР       СКОА       СР         СА         СУ         AED        AEAZ       RED        REAZ       IG         TEC       
9.9960          E          0          51.933     0.484      960.505    353.148    11.193     11.505     0.348      1.212      0.099      11.549     1.140000e+17  
9.9960          F1         0          51.933     0.484      960.505    353.148    11.193     11.505     0.348      1.212      0.099      11.549     1.140000e+17  
9.9960          F2         0          152.829    0.486      1100.892   353.061    15.713     151.892    0.261      16.005     0.074      11.549     1.140000e+17 


fr              MODE       IOX        СКОР       СКОА       СР         СА         СУ         AED        AEAZ       RED        REAZ       IG         TEC       
9.9960          E          0          51.238     0.483      961.508    353.145    11.180     12.508     0.345      1.318      0.098      -13.068    0.000000e+00  
9.9960          F1         0          51.238     0.483      961.508    353.145    11.180     12.508     0.345      1.318      0.098      -13.068    0.000000e+00  
9.9960          F2         0          0.000      0.000      -nan       -nan       -nan       nan        nan        nan        nan        -13.068    0.000000e+00 


fr              MODE       IOX        СКОР       СКОА       СР         СА         СУ         AED        AEAZ       RED        REAZ       IG         TEC       
9.9960          E          0          51.933     0.484      960.505    353.148    11.193     11.505     0.348      1.212      0.099      11.549     1.140000e+17  
9.9960          F1         0          51.933     0.484      960.505    353.148    11.193     11.505     0.348      1.212      0.099      11.549     1.140000e+17  
9.9960          F2         0          152.829    0.486      1100.892   353.061    15.713     151.892    0.261      16.005     0.074      11.549     1.140000e+17 


fr              MODE       IOX        СКОР       СКОА       СР         СА         СУ         AED        AEAZ       RED        REAZ       IG         TEC       
9.9960          E          0          51.238     0.483      961.508    353.145    11.180     12.508     0.345      1.318      0.098      -13.068    0.000000e+00  
9.9960          F1         0          51.238     0.483      961.508    353.145    11.180     12.508     0.345      1.318      0.098      -13.068    0.000000e+00  
9.9960          F2         0          0.000      0.000      -nan       -nan       -nan       nan        nan        nan        nan        -13.068    0.000000e+00 


fr              MODE       IOX        СКОР       СКОА       СР         СА         СУ         AED        AEAZ       RED        REAZ       IG         TEC       
9.9960          E          0          51.933     0.484      960.505    353.148    11.193     11.505     0.348      1.212      0.099      11.549     1.140000e+17  
9.9960          F1         0          51.933     0.484      960.505    353.148    11.193     11.505     0.348      1.212      0.099      11.549     1.140000e+17  
9.9960          F2         0          152.829    0.486      1100.892   353.061    15.713     151.892    0.261      16.005     0.074      11.549     1.140000e+17 


fr              MODE       IOX        СКОР       СКОА       СР         СА         СУ         AED        AEAZ       RED        REAZ       IG         TEC       
9.9960          E          0          51.238     0.483      961.508    353.145    11.180     12.508     0.345      1.318      0.098      -13.068    0.000000e+00  
9.9960          F1         0          51.238     0.483      961.508    353.145    11.180     12.508     0.345      1.318      0.098      -13.068    0.000000e+00  
9.9960          F2         0          0.000      0.000      -nan       -nan       -nan       nan        nan        nan        nan        -13.068    0.000000e+00 


fr              MODE       IOX        СКОР       СКОА       СР         СА         СУ         AED        AEAZ       RED        REAZ       IG         TEC       
9.9960          E          0          114.772    0.484      974.874    353.147    10.936     87.926     0.347      8.273      0.098      11.549     1.140000e+17  
9.9960          F1         0          114.772    0.484      974.874    353.147    10.936     87.926     0.347      8.273      0.098      11.549     1.140000e+17  
9.9960          F2         0          106.304    0.531      1151.751   352.960    15.975     88.951     0.160      8.369      0.045      11.549     1.140000e+17 


fr              MODE       IOX        СКОР       СКОА       СР         СА         СУ         AED        AEAZ       RED        REAZ       IG         TEC       
9.9960          E          0          113.694    0.484      977.012    353.147    10.931     85.788     0.347      8.072      0.098      -13.068    0.000000e+00  
9.9960          F1         0          113.694    0.484      977.012    353.147    10.931     85.788     0.347      8.072      0.098      -13.068    0.000000e+00  
9.9960          F2         0          209.772    0.120      1272.572   352.920    13.172     209.772    0.120      19.738     0.034      -13.068    0.000000e+00 


fr              MODE       IOX        СКОР       СКОА       СР         СА         СУ         AED        AEAZ       RED        REAZ       IG         TEC       
9.9960          E          0          114.772    0.484      974.874    353.147    10.936     87.926     0.347      8.273      0.098      11.549     1.140000e+17  
9.9960          F1         0          114.772    0.484      974.874    353.147    10.936     87.926     0.347      8.273      0.098      11.549     1.140000e+17  
9.9960          F2         0          106.304    0.531      1151.751   352.960    15.975     88.951     0.160      8.369      0.045      11.549     1.140000e+17 


fr              MODE       IOX        СКОР       СКОА       СР         СА         СУ         AED        AEAZ       RED        REAZ       IG         TEC       
9.9960          E          0          113.694    0.484      977.012    353.147    10.931     85.788     0.347      8.072      0.098      -13.068    0.000000e+00  
9.9960          F1         0          113.694    0.484      977.012    353.147    10.931     85.788     0.347      8.072      0.098      -13.068    0.000000e+00  
9.9960          F2         0          209.772    0.120      1272.572   352.920    13.172     209.772    0.120      19.738     0.034      -13.068    0.000000e+00 


fr              MODE       IOX        СКОР       СКОА       СР         СА         СУ         AED        AEAZ       RED        REAZ       IG         TEC       
9.9960          E          0          114.772    0.484      974.874    353.147    10.936     87.926     0.347      8.273      0.098      11.549     1.140000e+17  
9.9960          F1         0          114.772    0.484      974.874    353.147    10.936     87.926     0.347      8.273      0.098      11.549     1.140000e+17  
9.9960          F2         0          106.304    0.531      1151.751   352.960    15.975     88.951     0.160      8.369      0.045      11.549     1.140000e+17 


fr              MODE       IOX        СКОР       СКОА       СР         СА         СУ         AED        AEAZ       RED        REAZ       IG         TEC       
9.9960          E          0          113.694    0.484      977.012    353.147    10.931     85.788     0.347      8.072      0.098      -13.068    0.000000e+00  
9.9960          F1         0          113.694    0.484      977.012    353.147    10.931     85.788     0.347      8.072      0.098      -13.068    0.000000e+00  
9.9960          F2         0          209.772    0.120      1272.572   352.920    13.172     209.772    0.120      19.738     0.034      -13.068    0.000000e+00 


