fr              MODE       IOX        СКОР       СКОА       СР         СА         СУ         AED        AEAZ       RED        REAZ       IG         TEC       
9.9960          E          0          699.796    1.279      1762.596   351.521    6.157      699.796    1.279      65.845     0.363      39.435     9.300000e+16  
9.9960          F1         0          699.796    1.279      1762.596   351.521    6.157      699.796    1.279      65.845     0.363      39.435     9.300000e+16  
9.9960          F2         0          0.000      0.000      -nan       -nan       -nan       nan        nan        nan        nan        39.435     9.300000e+16 


fr              MODE       IOX        СКОР       СКОА       СР         СА         СУ         AED        AEAZ       RED        REAZ       IG         TEC       
9.9960          E          0          688.281    1.282      1751.081   351.518    6.151      688.281    1.282      64.761     0.363      -13.068    0.000000e+00  
9.9960          F1         0          688.281    1.282      1751.081   351.518    6.151      688.281    1.282      64.761     0.363      -13.068    0.000000e+00  
9.9960          F2         0          0.000      0.000      -nan       -nan       -nan       nan        nan        nan        nan        -13.068    0.000000e+00 


fr              MODE       IOX        СКОР       СКОА       СР         СА         СУ         AED        AEAZ       RED        REAZ       IG         TEC       
9.9960          E          0          0.000      0.000      -nan       -nan       -nan       nan        nan        nan        nan        39.435     9.300000e+16  
9.9960          F1         0          0.000      0.000      -nan       -nan       -nan       nan        nan        nan        nan        39.435     9.300000e+16  
9.9960          F2         0          0.000      0.000      -nan       -nan       -nan       nan        nan        nan        nan        39.435     9.300000e+16 


fr              MODE       IOX        СКОР       СКОА       СР         СА         СУ         AED        AEAZ       RED        REAZ       IG         TEC       
9.9960          E          0          0.000      0.000      -nan       -nan       -nan       nan        nan        nan        nan        -13.068    0.000000e+00  
9.9960          F1         0          0.000      0.000      -nan       -nan       -nan       nan        nan        nan        nan        -13.068    0.000000e+00  
9.9960          F2         0          0.000      0.000      -nan       -nan       -nan       nan        nan        nan        nan        -13.068    0.000000e+00 


fr              MODE       IOX        СКОР       СКОА       СР         СА         СУ         AED        AEAZ       RED        REAZ       IG         TEC       
9.9960          E          0          0.000      0.000      -nan       -nan       -nan       nan        nan        nan        nan        39.435     9.300000e+16  
9.9960          F1         0          0.000      0.000      -nan       -nan       -nan       nan        nan        nan        nan        39.435     9.300000e+16  
9.9960          F2         0          0.000      0.000      -nan       -nan       -nan       nan        nan        nan        nan        39.435     9.300000e+16 


fr              MODE       IOX        СКОР       СКОА       СР         СА         СУ         AED        AEAZ       RED        REAZ       IG         TEC       
9.9960          E          0          0.000      0.000      -nan       -nan       -nan       nan        nan        nan        nan        -13.068    0.000000e+00  
9.9960          F1         0          0.000      0.000      -nan       -nan       -nan       nan        nan        nan        nan        -13.068    0.000000e+00  
9.9960          F2         0          0.000      0.000      -nan       -nan       -nan       nan        nan        nan        nan        -13.068    0.000000e+00 


fr              MODE       IOX        СКОР       СКОА       СР         СА         СУ         AED        AEAZ       RED        REAZ       IG         TEC       
9.9960          E          0          0.000      0.000      -nan       -nan       -nan       nan        nan        nan        nan        39.435     9.300000e+16  
9.9960          F1         0          0.000      0.000      -nan       -nan       -nan       nan        nan        nan        nan        39.435     9.300000e+16  
9.9960          F2         0          0.000      0.000      -nan       -nan       -nan       nan        nan        nan        nan        39.435     9.300000e+16 


fr              MODE       IOX        СКОР       СКОА       СР         СА         СУ         AED        AEAZ       RED        REAZ       IG         TEC       
9.9960          E          0          0.000      0.000      -nan       -nan       -nan       nan        nan        nan        nan        -13.068    0.000000e+00  
9.9960          F1         0          0.000      0.000      -nan       -nan       -nan       nan        nan        nan        nan        -13.068    0.000000e+00  
9.9960          F2         0          0.000      0.000      -nan       -nan       -nan       nan        nan        nan        nan        -13.068    0.000000e+00 


fr              MODE       IOX        СКОР       СКОА       СР         СА         СУ         AED        AEAZ       RED        REAZ       IG         TEC       
9.9960          E          0          0.000      0.000      -nan       -nan       -nan       nan        nan        nan        nan        39.435     9.300000e+16  
9.9960          F1         0          0.000      0.000      -nan       -nan       -nan       nan        nan        nan        nan        39.435     9.300000e+16  
9.9960          F2         0          0.000      0.000      -nan       -nan       -nan       nan        nan        nan        nan        39.435     9.300000e+16 


fr              MODE       IOX        СКОР       СКОА       СР         СА         СУ         AED        AEAZ       RED        REAZ       IG         TEC       
9.9960          E          0          0.000      0.000      -nan       -nan       -nan       nan        nan        nan        nan        -13.068    0.000000e+00  
9.9960          F1         0          0.000      0.000      -nan       -nan       -nan       nan        nan        nan        nan        -13.068    0.000000e+00  
9.9960          F2         0          0.000      0.000      -nan       -nan       -nan       nan        nan        nan        nan        -13.068    0.000000e+00 


fr              MODE       IOX        СКОР       СКОА       СР         СА         СУ         AED        AEAZ       RED        REAZ       IG         TEC       
9.9960          E          0          0.000      0.000      -nan       -nan       -nan       nan        nan        nan        nan        39.435     9.300000e+16  
9.9960          F1         0          0.000      0.000      -nan       -nan       -nan       nan        nan        nan        nan        39.435     9.300000e+16  
9.9960          F2         0          0.000      0.000      -nan       -nan       -nan       nan        nan        nan        nan        39.435     9.300000e+16 


fr              MODE       IOX        СКОР       СКОА       СР         СА         СУ         AED        AEAZ       RED        REAZ       IG         TEC       
9.9960          E          0          0.000      0.000      -nan       -nan       -nan       nan        nan        nan        nan        -13.068    0.000000e+00  
9.9960          F1         0          0.000      0.000      -nan       -nan       -nan       nan        nan        nan        nan        -13.068    0.000000e+00  
9.9960          F2         0          0.000      0.000      -nan       -nan       -nan       nan        nan        nan        nan        -13.068    0.000000e+00 


fr              MODE       IOX        СКОР       СКОА       СР         СА         СУ         AED        AEAZ       RED        REAZ       IG         TEC       
9.9960          E          0          0.000      0.000      -nan       -nan       -nan       nan        nan        nan        nan        39.435     9.300000e+16  
9.9960          F1         0          0.000      0.000      -nan       -nan       -nan       nan        nan        nan        nan        39.435     9.300000e+16  
9.9960          F2         0          0.000      0.000      -nan       -nan       -nan       nan        nan        nan        nan        39.435     9.300000e+16 


fr              MODE       IOX        СКОР       СКОА       СР         СА         СУ         AED        AEAZ       RED        REAZ       IG         TEC       
9.9960          E          0          0.000      0.000      -nan       -nan       -nan       nan        nan        nan        nan        -13.068    0.000000e+00  
9.9960          F1         0          0.000      0.000      -nan       -nan       -nan       nan        nan        nan        nan        -13.068    0.000000e+00  
9.9960          F2         0          0.000      0.000      -nan       -nan       -nan       nan        nan        nan        nan        -13.068    0.000000e+00 


fr              MODE       IOX        СКОР       СКОА       СР         СА         СУ         AED        AEAZ       RED        REAZ       IG         TEC       
9.9960          E          0          0.000      0.000      -nan       -nan       -nan       nan        nan        nan        nan        39.435     9.300000e+16  
9.9960          F1         0          0.000      0.000      -nan       -nan       -nan       nan        nan        nan        nan        39.435     9.300000e+16  
9.9960          F2         0          0.000      0.000      -nan       -nan       -nan       nan        nan        nan        nan        39.435     9.300000e+16 


fr              MODE       IOX        СКОР       СКОА       СР         СА         СУ         AED        AEAZ       RED        REAZ       IG         TEC       
9.9960          E          0          0.000      0.000      -nan       -nan       -nan       nan        nan        nan        nan        -13.068    0.000000e+00  
9.9960          F1         0          0.000      0.000      -nan       -nan       -nan       nan        nan        nan        nan        -13.068    0.000000e+00  
9.9960          F2         0          0.000      0.000      -nan       -nan       -nan       nan        nan        nan        nan        -13.068    0.000000e+00 


fr              MODE       IOX        СКОР       СКОА       СР         СА         СУ         AED        AEAZ       RED        REAZ       IG         TEC       
9.9960          E          0          0.000      0.000      -nan       -nan       -nan       nan        nan        nan        nan        41.024     9.300000e+16  
9.9960          F1         0          0.000      0.000      -nan       -nan       -nan       nan        nan        nan        nan        41.024     9.300000e+16  
9.9960          F2         0          0.000      0.000      -nan       -nan       -nan       nan        nan        nan        nan        41.024     9.300000e+16 


fr              MODE       IOX        СКОР       СКОА       СР         СА         СУ         AED        AEAZ       RED        REAZ       IG         TEC       
9.9960          E          0          0.000      0.000      -nan       -nan       -nan       nan        nan        nan        nan        -13.068    0.000000e+00  
9.9960          F1         0          0.000      0.000      -nan       -nan       -nan       nan        nan        nan        nan        -13.068    0.000000e+00  
9.9960          F2         0          0.000      0.000      -nan       -nan       -nan       nan        nan        nan        nan        -13.068    0.000000e+00 


fr              MODE       IOX        СКОР       СКОА       СР         СА         СУ         AED        AEAZ       RED        REAZ       IG         TEC       
9.9960          E          0          0.000      0.000      -nan       -nan       -nan       nan        nan        nan        nan        41.024     9.300000e+16  
9.9960          F1         0          0.000      0.000      -nan       -nan       -nan       nan        nan        nan        nan        41.024     9.300000e+16  
9.9960          F2         0          0.000      0.000      -nan       -nan       -nan       nan        nan        nan        nan        41.024     9.300000e+16 


fr              MODE       IOX        СКОР       СКОА       СР         СА         СУ         AED        AEAZ       RED        REAZ       IG         TEC       
9.9960          E          0          0.000      0.000      -nan       -nan       -nan       nan        nan        nan        nan        -13.068    0.000000e+00  
9.9960          F1         0          0.000      0.000      -nan       -nan       -nan       nan        nan        nan        nan        -13.068    0.000000e+00  
9.9960          F2         0          0.000      0.000      -nan       -nan       -nan       nan        nan        nan        nan        -13.068    0.000000e+00 


fr              MODE       IOX        СКОР       СКОА       СР         СА         СУ         AED        AEAZ       RED        REAZ       IG         TEC       
9.9960          E          0          0.000      0.000      -nan       -nan       -nan       nan        nan        nan        nan        41.024     9.300000e+16  
9.9960          F1         0          0.000      0.000      -nan       -nan       -nan       nan        nan        nan        nan        41.024     9.300000e+16  
9.9960          F2         0          0.000      0.000      -nan       -nan       -nan       nan        nan        nan        nan        41.024     9.300000e+16 


fr              MODE       IOX        СКОР       СКОА       СР         СА         СУ         AED        AEAZ       RED        REAZ       IG         TEC       
9.9960          E          0          0.000      0.000      -nan       -nan       -nan       nan        nan        nan        nan        -13.068    0.000000e+00  
9.9960          F1         0          0.000      0.000      -nan       -nan       -nan       nan        nan        nan        nan        -13.068    0.000000e+00  
9.9960          F2         0          0.000      0.000      -nan       -nan       -nan       nan        nan        nan        nan        -13.068    0.000000e+00 


fr              MODE       IOX        СКОР       СКОА       СР         СА         СУ         AED        AEAZ       RED        REAZ       IG         TEC       
9.9960          E          0          0.000      0.000      -nan       -nan       -nan       nan        nan        nan        nan        41.024     9.300000e+16  
9.9960          F1         0          0.000      0.000      -nan       -nan       -nan       nan        nan        nan        nan        41.024     9.300000e+16  
9.9960          F2         0          0.000      0.000      -nan       -nan       -nan       nan        nan        nan        nan        41.024     9.300000e+16 


fr              MODE       IOX        СКОР       СКОА       СР         СА         СУ         AED        AEAZ       RED        REAZ       IG         TEC       
9.9960          E          0          0.000      0.000      -nan       -nan       -nan       nan        nan        nan        nan        -13.068    0.000000e+00  
9.9960          F1         0          0.000      0.000      -nan       -nan       -nan       nan        nan        nan        nan        -13.068    0.000000e+00  
9.9960          F2         0          0.000      0.000      -nan       -nan       -nan       nan        nan        nan        nan        -13.068    0.000000e+00 


fr              MODE       IOX        СКОР       СКОА       СР         СА         СУ         AED        AEAZ       RED        REAZ       IG         TEC       
9.9960          E          0          0.000      0.000      -nan       -nan       -nan       nan        nan        nan        nan        41.024     9.300000e+16  
9.9960          F1         0          0.000      0.000      -nan       -nan       -nan       nan        nan        nan        nan        41.024     9.300000e+16  
9.9960          F2         0          0.000      0.000      -nan       -nan       -nan       nan        nan        nan        nan        41.024     9.300000e+16 


fr              MODE       IOX        СКОР       СКОА       СР         СА         СУ         AED        AEAZ       RED        REAZ       IG         TEC       
9.9960          E          0          0.000      0.000      -nan       -nan       -nan       nan        nan        nan        nan        -13.068    0.000000e+00  
9.9960          F1         0          0.000      0.000      -nan       -nan       -nan       nan        nan        nan        nan        -13.068    0.000000e+00  
9.9960          F2         0          0.000      0.000      -nan       -nan       -nan       nan        nan        nan        nan        -13.068    0.000000e+00 


fr              MODE       IOX        СКОР       СКОА       СР         СА         СУ         AED        AEAZ       RED        REAZ       IG         TEC       
9.9960          E          0          0.000      0.000      -nan       -nan       -nan       nan        nan        nan        nan        41.024     9.300000e+16  
9.9960          F1         0          0.000      0.000      -nan       -nan       -nan       nan        nan        nan        nan        41.024     9.300000e+16  
9.9960          F2         0          0.000      0.000      -nan       -nan       -nan       nan        nan        nan        nan        41.024     9.300000e+16 


fr              MODE       IOX        СКОР       СКОА       СР         СА         СУ         AED        AEAZ       RED        REAZ       IG         TEC       
9.9960          E          0          0.000      0.000      -nan       -nan       -nan       nan        nan        nan        nan        -13.068    0.000000e+00  
9.9960          F1         0          0.000      0.000      -nan       -nan       -nan       nan        nan        nan        nan        -13.068    0.000000e+00  
9.9960          F2         0          0.000      0.000      -nan       -nan       -nan       nan        nan        nan        nan        -13.068    0.000000e+00 


fr              MODE       IOX        СКОР       СКОА       СР         СА         СУ         AED        AEAZ       RED        REAZ       IG         TEC       
9.9960          E          0          0.000      0.000      -nan       -nan       -nan       nan        nan        nan        nan        41.024     9.300000e+16  
9.9960          F1         0          0.000      0.000      -nan       -nan       -nan       nan        nan        nan        nan        41.024     9.300000e+16  
9.9960          F2         0          0.000      0.000      -nan       -nan       -nan       nan        nan        nan        nan        41.024     9.300000e+16 


fr              MODE       IOX        СКОР       СКОА       СР         СА         СУ         AED        AEAZ       RED        REAZ       IG         TEC       
9.9960          E          0          0.000      0.000      -nan       -nan       -nan       nan        nan        nan        nan        -13.068    0.000000e+00  
9.9960          F1         0          0.000      0.000      -nan       -nan       -nan       nan        nan        nan        nan        -13.068    0.000000e+00  
9.9960          F2         0          0.000      0.000      -nan       -nan       -nan       nan        nan        nan        nan        -13.068    0.000000e+00 


fr              MODE       IOX        СКОР       СКОА       СР         СА         СУ         AED        AEAZ       RED        REAZ       IG         TEC       
9.9960          E          0          0.000      0.000      -nan       -nan       -nan       nan        nan        nan        nan        41.024     9.300000e+16  
9.9960          F1         0          0.000      0.000      -nan       -nan       -nan       nan        nan        nan        nan        41.024     9.300000e+16  
9.9960          F2         0          0.000      0.000      -nan       -nan       -nan       nan        nan        nan        nan        41.024     9.300000e+16 


fr              MODE       IOX        СКОР       СКОА       СР         СА         СУ         AED        AEAZ       RED        REAZ       IG         TEC       
9.9960          E          0          0.000      0.000      -nan       -nan       -nan       nan        nan        nan        nan        -13.068    0.000000e+00  
9.9960          F1         0          0.000      0.000      -nan       -nan       -nan       nan        nan        nan        nan        -13.068    0.000000e+00  
9.9960          F2         0          0.000      0.000      -nan       -nan       -nan       nan        nan        nan        nan        -13.068    0.000000e+00 


fr              MODE       IOX        СКОР       СКОА       СР         СА         СУ         AED        AEAZ       RED        REAZ       IG         TEC       
9.9960          E          0          320.913    1.924      1383.278   353.570    6.743      320.478    0.770      30.154     0.218      41.024     9.300000e+16  
9.9960          F1         0          320.913    1.924      1383.278   353.570    6.743      320.478    0.770      30.154     0.218      41.024     9.300000e+16  
9.9960          F2         0          0.000      0.000      -nan       -nan       -nan       nan        nan        nan        nan        41.024     9.300000e+16 


fr              MODE       IOX        СКОР       СКОА       СР         СА         СУ         AED        AEAZ       RED        REAZ       IG         TEC       
9.9960          E          0          320.952    1.923      1383.315   353.569    6.742      320.515    0.769      30.158     0.218      -13.068    0.000000e+00  
9.9960          F1         0          320.952    1.923      1383.315   353.569    6.742      320.515    0.769      30.158     0.218      -13.068    0.000000e+00  
9.9960          F2         0          0.000      0.000      -nan       -nan       -nan       nan        nan        nan        nan        -13.068    0.000000e+00 


fr              MODE       IOX        СКОР       СКОА       СР         СА         СУ         AED        AEAZ       RED        REAZ       IG         TEC       
9.9960          E          0          0.000      0.000      -nan       -nan       -nan       nan        nan        nan        nan        41.024     9.300000e+16  
9.9960          F1         0          0.000      0.000      -nan       -nan       -nan       nan        nan        nan        nan        41.024     9.300000e+16  
9.9960          F2         0          0.000      0.000      -nan       -nan       -nan       nan        nan        nan        nan        41.024     9.300000e+16 


fr              MODE       IOX        СКОР       СКОА       СР         СА         СУ         AED        AEAZ       RED        REAZ       IG         TEC       
9.9960          E          0          0.000      0.000      -nan       -nan       -nan       nan        nan        nan        nan        -13.068    0.000000e+00  
9.9960          F1         0          0.000      0.000      -nan       -nan       -nan       nan        nan        nan        nan        -13.068    0.000000e+00  
9.9960          F2         0          0.000      0.000      -nan       -nan       -nan       nan        nan        nan        nan        -13.068    0.000000e+00 


fr              MODE       IOX        СКОР       СКОА       СР         СА         СУ         AED        AEAZ       RED        REAZ       IG         TEC       
9.9960          E          0          0.000      0.000      -nan       -nan       -nan       nan        nan        nan        nan        41.024     9.300000e+16  
9.9960          F1         0          0.000      0.000      -nan       -nan       -nan       nan        nan        nan        nan        41.024     9.300000e+16  
9.9960          F2         0          0.000      0.000      -nan       -nan       -nan       nan        nan        nan        nan        41.024     9.300000e+16 


fr              MODE       IOX        СКОР       СКОА       СР         СА         СУ         AED        AEAZ       RED        REAZ       IG         TEC       
9.9960          E          0          0.000      0.000      -nan       -nan       -nan       nan        nan        nan        nan        -13.068    0.000000e+00  
9.9960          F1         0          0.000      0.000      -nan       -nan       -nan       nan        nan        nan        nan        -13.068    0.000000e+00  
9.9960          F2         0          0.000      0.000      -nan       -nan       -nan       nan        nan        nan        nan        -13.068    0.000000e+00 


fr              MODE       IOX        СКОР       СКОА       СР         СА         СУ         AED        AEAZ       RED        REAZ       IG         TEC       
9.9960          E          0          0.000      0.000      -nan       -nan       -nan       nan        nan        nan        nan        41.024     9.300000e+16  
9.9960          F1         0          0.000      0.000      -nan       -nan       -nan       nan        nan        nan        nan        41.024     9.300000e+16  
9.9960          F2         0          0.000      0.000      -nan       -nan       -nan       nan        nan        nan        nan        41.024     9.300000e+16 


fr              MODE       IOX        СКОР       СКОА       СР         СА         СУ         AED        AEAZ       RED        REAZ       IG         TEC       
9.9960          E          0          0.000      0.000      -nan       -nan       -nan       nan        nan        nan        nan        -13.068    0.000000e+00  
9.9960          F1         0          0.000      0.000      -nan       -nan       -nan       nan        nan        nan        nan        -13.068    0.000000e+00  
9.9960          F2         0          0.000      0.000      -nan       -nan       -nan       nan        nan        nan        nan        -13.068    0.000000e+00 


fr              MODE       IOX        СКОР       СКОА       СР         СА         СУ         AED        AEAZ       RED        REAZ       IG         TEC       
9.9960          E          0          0.000      0.000      -nan       -nan       -nan       nan        nan        nan        nan        41.024     9.300000e+16  
9.9960          F1         0          0.000      0.000      -nan       -nan       -nan       nan        nan        nan        nan        41.024     9.300000e+16  
9.9960          F2         0          0.000      0.000      -nan       -nan       -nan       nan        nan        nan        nan        41.024     9.300000e+16 


fr              MODE       IOX        СКОР       СКОА       СР         СА         СУ         AED        AEAZ       RED        REAZ       IG         TEC       
9.9960          E          0          0.000      0.000      -nan       -nan       -nan       nan        nan        nan        nan        -13.068    0.000000e+00  
9.9960          F1         0          0.000      0.000      -nan       -nan       -nan       nan        nan        nan        nan        -13.068    0.000000e+00  
9.9960          F2         0          0.000      0.000      -nan       -nan       -nan       nan        nan        nan        nan        -13.068    0.000000e+00 


fr              MODE       IOX        СКОР       СКОА       СР         СА         СУ         AED        AEAZ       RED        REAZ       IG         TEC       
9.9960          E          0          0.000      0.000      -nan       -nan       -nan       nan        nan        nan        nan        41.024     9.300000e+16  
9.9960          F1         0          0.000      0.000      -nan       -nan       -nan       nan        nan        nan        nan        41.024     9.300000e+16  
9.9960          F2         0          0.000      0.000      -nan       -nan       -nan       nan        nan        nan        nan        41.024     9.300000e+16 


fr              MODE       IOX        СКОР       СКОА       СР         СА         СУ         AED        AEAZ       RED        REAZ       IG         TEC       
9.9960          E          0          0.000      0.000      -nan       -nan       -nan       nan        nan        nan        nan        -13.068    0.000000e+00  
9.9960          F1         0          0.000      0.000      -nan       -nan       -nan       nan        nan        nan        nan        -13.068    0.000000e+00  
9.9960          F2         0          0.000      0.000      -nan       -nan       -nan       nan        nan        nan        nan        -13.068    0.000000e+00 


