fr              MODE       IOX        СКОР       СКОА       СР         СА         СУ         AED        AEAZ       RED        REAZ       IG         TEC       
9.9960          E          0          141.138    4.591      1066.752   356.180    9.290      3.952      3.380      0.372      0.958      13.897     9.300000e+16  
9.9960          F1         0          141.138    4.591      1066.752   356.180    9.290      3.952      3.380      0.372      0.958      13.897     9.300000e+16  
9.9960          F2         0          0.000      0.000      -nan       -nan       -nan       nan        nan        nan        nan        13.897     9.300000e+16 


fr              MODE       IOX        СКОР       СКОА       СР         СА         СУ         AED        AEAZ       RED        REAZ       IG         TEC       
9.9960          E          0          141.661    4.590      1070.529   356.180    9.293      7.729      3.380      0.727      0.958      -13.068    0.000000e+00  
9.9960          F1         0          141.661    4.590      1070.529   356.180    9.293      7.729      3.380      0.727      0.958      -13.068    0.000000e+00  
9.9960          F2         0          218.901    3.926      1198.329   356.656    16.022     135.529    3.856      12.752     1.093      -13.068    0.000000e+00 


fr              MODE       IOX        СКОР       СКОА       СР         СА         СУ         AED        AEAZ       RED        REAZ       IG         TEC       
9.9960          E          0          93.322     4.750      1015.780   357.178    9.972      47.020     4.378      4.424      1.241      13.897     9.300000e+16  
9.9960          F1         0          93.322     4.750      1015.780   357.178    9.972      47.020     4.378      4.424      1.241      13.897     9.300000e+16  
9.9960          F2         0          0.000      0.000      -nan       -nan       -nan       nan        nan        nan        nan        13.897     9.300000e+16 


fr              MODE       IOX        СКОР       СКОА       СР         СА         СУ         AED        AEAZ       RED        REAZ       IG         TEC       
9.9960          E          0          91.848     4.750      1019.494   357.178    9.970      43.306     4.378      4.075      1.241      -13.068    0.000000e+00  
9.9960          F1         0          91.848     4.750      1019.494   357.178    9.970      43.306     4.378      4.075      1.241      -13.068    0.000000e+00  
9.9960          F2         0          208.213    2.862      854.587    355.662    16.058     208.213    2.862      19.591     0.811      -13.068    0.000000e+00 


fr              MODE       IOX        СКОР       СКОА       СР         СА         СУ         AED        AEAZ       RED        REAZ       IG         TEC       
9.9960          E          0          93.322     4.750      1015.780   357.178    9.972      47.020     4.378      4.424      1.241      13.897     9.300000e+16  
9.9960          F1         0          93.322     4.750      1015.780   357.178    9.972      47.020     4.378      4.424      1.241      13.897     9.300000e+16  
9.9960          F2         0          0.000      0.000      -nan       -nan       -nan       nan        nan        nan        nan        13.897     9.300000e+16 


fr              MODE       IOX        СКОР       СКОА       СР         СА         СУ         AED        AEAZ       RED        REAZ       IG         TEC       
9.9960          E          0          91.848     4.750      1019.494   357.178    9.970      43.306     4.378      4.075      1.241      -13.068    0.000000e+00  
9.9960          F1         0          91.848     4.750      1019.494   357.178    9.970      43.306     4.378      4.075      1.241      -13.068    0.000000e+00  
9.9960          F2         0          208.213    2.862      854.587    355.662    16.058     208.213    2.862      19.591     0.811      -13.068    0.000000e+00 


fr              MODE       IOX        СКОР       СКОА       СР         СА         СУ         AED        AEAZ       RED        REAZ       IG         TEC       
9.9960          E          0          93.322     4.750      1015.780   357.178    9.972      47.020     4.378      4.424      1.241      13.897     9.300000e+16  
9.9960          F1         0          93.322     4.750      1015.780   357.178    9.972      47.020     4.378      4.424      1.241      13.897     9.300000e+16  
9.9960          F2         0          0.000      0.000      -nan       -nan       -nan       nan        nan        nan        nan        13.897     9.300000e+16 


fr              MODE       IOX        СКОР       СКОА       СР         СА         СУ         AED        AEAZ       RED        REAZ       IG         TEC       
9.9960          E          0          91.848     4.750      1019.494   357.178    9.970      43.306     4.378      4.075      1.241      -13.068    0.000000e+00  
9.9960          F1         0          91.848     4.750      1019.494   357.178    9.970      43.306     4.378      4.075      1.241      -13.068    0.000000e+00  
9.9960          F2         0          208.213    2.862      854.587    355.662    16.058     208.213    2.862      19.591     0.811      -13.068    0.000000e+00 


fr              MODE       IOX        СКОР       СКОА       СР         СА         СУ         AED        AEAZ       RED        REAZ       IG         TEC       
9.9960          E          0          93.322     4.750      1015.780   357.178    9.972      47.020     4.378      4.424      1.241      13.897     9.300000e+16  
9.9960          F1         0          93.322     4.750      1015.780   357.178    9.972      47.020     4.378      4.424      1.241      13.897     9.300000e+16  
9.9960          F2         0          0.000      0.000      -nan       -nan       -nan       nan        nan        nan        nan        13.897     9.300000e+16 


fr              MODE       IOX        СКОР       СКОА       СР         СА         СУ         AED        AEAZ       RED        REAZ       IG         TEC       
9.9960          E          0          91.848     4.750      1019.494   357.178    9.970      43.306     4.378      4.075      1.241      -13.068    0.000000e+00  
9.9960          F1         0          91.848     4.750      1019.494   357.178    9.970      43.306     4.378      4.075      1.241      -13.068    0.000000e+00  
9.9960          F2         0          208.213    2.862      854.587    355.662    16.058     208.213    2.862      19.591     0.811      -13.068    0.000000e+00 


fr              MODE       IOX        СКОР       СКОА       СР         СА         СУ         AED        AEAZ       RED        REAZ       IG         TEC       
9.9960          E          0          93.322     4.750      1015.780   357.178    9.972      47.020     4.378      4.424      1.241      13.897     9.300000e+16  
9.9960          F1         0          93.322     4.750      1015.780   357.178    9.972      47.020     4.378      4.424      1.241      13.897     9.300000e+16  
9.9960          F2         0          0.000      0.000      -nan       -nan       -nan       nan        nan        nan        nan        13.897     9.300000e+16 


fr              MODE       IOX        СКОР       СКОА       СР         СА         СУ         AED        AEAZ       RED        REAZ       IG         TEC       
9.9960          E          0          91.848     4.750      1019.494   357.178    9.970      43.306     4.378      4.075      1.241      -13.068    0.000000e+00  
9.9960          F1         0          91.848     4.750      1019.494   357.178    9.970      43.306     4.378      4.075      1.241      -13.068    0.000000e+00  
9.9960          F2         0          208.213    2.862      854.587    355.662    16.058     208.213    2.862      19.591     0.811      -13.068    0.000000e+00 


fr              MODE       IOX        СКОР       СКОА       СР         СА         СУ         AED        AEAZ       RED        REAZ       IG         TEC       
9.9960          E          0          93.322     4.750      1015.780   357.178    9.972      47.020     4.378      4.424      1.241      13.897     9.300000e+16  
9.9960          F1         0          93.322     4.750      1015.780   357.178    9.972      47.020     4.378      4.424      1.241      13.897     9.300000e+16  
9.9960          F2         0          0.000      0.000      -nan       -nan       -nan       nan        nan        nan        nan        13.897     9.300000e+16 


fr              MODE       IOX        СКОР       СКОА       СР         СА         СУ         AED        AEAZ       RED        REAZ       IG         TEC       
9.9960          E          0          91.848     4.750      1019.494   357.178    9.970      43.306     4.378      4.075      1.241      -13.068    0.000000e+00  
9.9960          F1         0          91.848     4.750      1019.494   357.178    9.970      43.306     4.378      4.075      1.241      -13.068    0.000000e+00  
9.9960          F2         0          208.213    2.862      854.587    355.662    16.058     208.213    2.862      19.591     0.811      -13.068    0.000000e+00 


fr              MODE       IOX        СКОР       СКОА       СР         СА         СУ         AED        AEAZ       RED        REAZ       IG         TEC       
9.9960          E          0          93.322     4.750      1015.780   357.178    9.972      47.020     4.378      4.424      1.241      13.897     9.300000e+16  
9.9960          F1         0          93.322     4.750      1015.780   357.178    9.972      47.020     4.378      4.424      1.241      13.897     9.300000e+16  
9.9960          F2         0          0.000      0.000      -nan       -nan       -nan       nan        nan        nan        nan        13.897     9.300000e+16 


fr              MODE       IOX        СКОР       СКОА       СР         СА         СУ         AED        AEAZ       RED        REAZ       IG         TEC       
9.9960          E          0          91.848     4.750      1019.494   357.178    9.970      43.306     4.378      4.075      1.241      -13.068    0.000000e+00  
9.9960          F1         0          91.848     4.750      1019.494   357.178    9.970      43.306     4.378      4.075      1.241      -13.068    0.000000e+00  
9.9960          F2         0          208.213    2.862      854.587    355.662    16.058     208.213    2.862      19.591     0.811      -13.068    0.000000e+00 


fr              MODE       IOX        СКОР       СКОА       СР         СА         СУ         AED        AEAZ       RED        REAZ       IG         TEC       
9.9960          E          0          0.000      0.000      -nan       -nan       -nan       nan        nan        nan        nan        -13.068    9.300000e+16  
9.9960          F1         0          0.000      0.000      -nan       -nan       -nan       nan        nan        nan        nan        -13.068    9.300000e+16  
9.9960          F2         0          0.000      0.000      -nan       -nan       -nan       nan        nan        nan        nan        -13.068    9.300000e+16 


fr              MODE       IOX        СКОР       СКОА       СР         СА         СУ         AED        AEAZ       RED        REAZ       IG         TEC       
9.9960          E          0          70.306     4.725      1071.433   357.115    9.719      8.633      4.315      0.812      1.223      -13.068    0.000000e+00  
9.9960          F1         0          70.306     4.725      1071.433   357.115    9.719      8.633      4.315      0.812      1.223      -13.068    0.000000e+00  
9.9960          F2         0          0.000      0.000      -nan       -nan       -nan       nan        nan        nan        nan        -13.068    0.000000e+00 


fr              MODE       IOX        СКОР       СКОА       СР         СА         СУ         AED        AEAZ       RED        REAZ       IG         TEC       
9.9960          E          0          0.000      0.000      -nan       -nan       -nan       nan        nan        nan        nan        -13.068    9.300000e+16  
9.9960          F1         0          0.000      0.000      -nan       -nan       -nan       nan        nan        nan        nan        -13.068    9.300000e+16  
9.9960          F2         0          0.000      0.000      -nan       -nan       -nan       nan        nan        nan        nan        -13.068    9.300000e+16 


fr              MODE       IOX        СКОР       СКОА       СР         СА         СУ         AED        AEAZ       RED        REAZ       IG         TEC       
9.9960          E          0          70.306     4.725      1071.433   357.115    9.719      8.633      4.315      0.812      1.223      -13.068    0.000000e+00  
9.9960          F1         0          70.306     4.725      1071.433   357.115    9.719      8.633      4.315      0.812      1.223      -13.068    0.000000e+00  
9.9960          F2         0          0.000      0.000      -nan       -nan       -nan       nan        nan        nan        nan        -13.068    0.000000e+00 


fr              MODE       IOX        СКОР       СКОА       СР         СА         СУ         AED        AEAZ       RED        REAZ       IG         TEC       
9.9960          E          0          0.000      0.000      -nan       -nan       -nan       nan        nan        nan        nan        -13.068    9.300000e+16  
9.9960          F1         0          0.000      0.000      -nan       -nan       -nan       nan        nan        nan        nan        -13.068    9.300000e+16  
9.9960          F2         0          0.000      0.000      -nan       -nan       -nan       nan        nan        nan        nan        -13.068    9.300000e+16 


fr              MODE       IOX        СКОР       СКОА       СР         СА         СУ         AED        AEAZ       RED        REAZ       IG         TEC       
9.9960          E          0          70.306     4.725      1071.433   357.115    9.719      8.633      4.315      0.812      1.223      -13.068    0.000000e+00  
9.9960          F1         0          70.306     4.725      1071.433   357.115    9.719      8.633      4.315      0.812      1.223      -13.068    0.000000e+00  
9.9960          F2         0          0.000      0.000      -nan       -nan       -nan       nan        nan        nan        nan        -13.068    0.000000e+00 


fr              MODE       IOX        СКОР       СКОА       СР         СА         СУ         AED        AEAZ       RED        REAZ       IG         TEC       
9.9960          E          0          0.000      0.000      -nan       -nan       -nan       nan        nan        nan        nan        -13.068    9.300000e+16  
9.9960          F1         0          0.000      0.000      -nan       -nan       -nan       nan        nan        nan        nan        -13.068    9.300000e+16  
9.9960          F2         0          0.000      0.000      -nan       -nan       -nan       nan        nan        nan        nan        -13.068    9.300000e+16 


fr              MODE       IOX        СКОР       СКОА       СР         СА         СУ         AED        AEAZ       RED        REAZ       IG         TEC       
9.9960          E          0          70.306     4.725      1071.433   357.115    9.719      8.633      4.315      0.812      1.223      -13.068    0.000000e+00  
9.9960          F1         0          70.306     4.725      1071.433   357.115    9.719      8.633      4.315      0.812      1.223      -13.068    0.000000e+00  
9.9960          F2         0          0.000      0.000      -nan       -nan       -nan       nan        nan        nan        nan        -13.068    0.000000e+00 


fr              MODE       IOX        СКОР       СКОА       СР         СА         СУ         AED        AEAZ       RED        REAZ       IG         TEC       
9.9960          E          0          0.000      0.000      -nan       -nan       -nan       nan        nan        nan        nan        -13.068    9.300000e+16  
9.9960          F1         0          0.000      0.000      -nan       -nan       -nan       nan        nan        nan        nan        -13.068    9.300000e+16  
9.9960          F2         0          0.000      0.000      -nan       -nan       -nan       nan        nan        nan        nan        -13.068    9.300000e+16 


fr              MODE       IOX        СКОР       СКОА       СР         СА         СУ         AED        AEAZ       RED        REAZ       IG         TEC       
9.9960          E          0          70.306     4.725      1071.433   357.115    9.719      8.633      4.315      0.812      1.223      -13.068    0.000000e+00  
9.9960          F1         0          70.306     4.725      1071.433   357.115    9.719      8.633      4.315      0.812      1.223      -13.068    0.000000e+00  
9.9960          F2         0          0.000      0.000      -nan       -nan       -nan       nan        nan        nan        nan        -13.068    0.000000e+00 


fr              MODE       IOX        СКОР       СКОА       СР         СА         СУ         AED        AEAZ       RED        REAZ       IG         TEC       
9.9960          E          0          0.000      0.000      -nan       -nan       -nan       nan        nan        nan        nan        -13.068    9.300000e+16  
9.9960          F1         0          0.000      0.000      -nan       -nan       -nan       nan        nan        nan        nan        -13.068    9.300000e+16  
9.9960          F2         0          0.000      0.000      -nan       -nan       -nan       nan        nan        nan        nan        -13.068    9.300000e+16 


fr              MODE       IOX        СКОР       СКОА       СР         СА         СУ         AED        AEAZ       RED        REAZ       IG         TEC       
9.9960          E          0          0.000      0.000      -nan       -nan       -nan       nan        nan        nan        nan        -13.068    0.000000e+00  
9.9960          F1         0          0.000      0.000      -nan       -nan       -nan       nan        nan        nan        nan        -13.068    0.000000e+00  
9.9960          F2         0          0.000      0.000      -nan       -nan       -nan       nan        nan        nan        nan        -13.068    0.000000e+00 


fr              MODE       IOX        СКОР       СКОА       СР         СА         СУ         AED        AEAZ       RED        REAZ       IG         TEC       
9.9960          E          0          0.000      0.000      -nan       -nan       -nan       nan        nan        nan        nan        -13.068    9.300000e+16  
9.9960          F1         0          0.000      0.000      -nan       -nan       -nan       nan        nan        nan        nan        -13.068    9.300000e+16  
9.9960          F2         0          0.000      0.000      -nan       -nan       -nan       nan        nan        nan        nan        -13.068    9.300000e+16 


fr              MODE       IOX        СКОР       СКОА       СР         СА         СУ         AED        AEAZ       RED        REAZ       IG         TEC       
9.9960          E          0          0.000      0.000      -nan       -nan       -nan       nan        nan        nan        nan        -13.068    0.000000e+00  
9.9960          F1         0          0.000      0.000      -nan       -nan       -nan       nan        nan        nan        nan        -13.068    0.000000e+00  
9.9960          F2         0          0.000      0.000      -nan       -nan       -nan       nan        nan        nan        nan        -13.068    0.000000e+00 


fr              MODE       IOX        СКОР       СКОА       СР         СА         СУ         AED        AEAZ       RED        REAZ       IG         TEC       
9.9960          E          0          0.000      0.000      -nan       -nan       -nan       nan        nan        nan        nan        -13.068    9.300000e+16  
9.9960          F1         0          0.000      0.000      -nan       -nan       -nan       nan        nan        nan        nan        -13.068    9.300000e+16  
9.9960          F2         0          0.000      0.000      -nan       -nan       -nan       nan        nan        nan        nan        -13.068    9.300000e+16 


fr              MODE       IOX        СКОР       СКОА       СР         СА         СУ         AED        AEAZ       RED        REAZ       IG         TEC       
9.9960          E          0          0.000      0.000      -nan       -nan       -nan       nan        nan        nan        nan        -13.068    0.000000e+00  
9.9960          F1         0          0.000      0.000      -nan       -nan       -nan       nan        nan        nan        nan        -13.068    0.000000e+00  
9.9960          F2         0          0.000      0.000      -nan       -nan       -nan       nan        nan        nan        nan        -13.068    0.000000e+00 


fr              MODE       IOX        СКОР       СКОА       СР         СА         СУ         AED        AEAZ       RED        REAZ       IG         TEC       
9.9960          E          0          382.820    3.050      1438.236   351.888    5.795      375.436    0.912      35.325     0.259      -13.068    9.300000e+16  
9.9960          F1         0          382.820    3.050      1438.236   351.888    5.795      375.436    0.912      35.325     0.259      -13.068    9.300000e+16  
9.9960          F2         0          0.000      0.000      -nan       -nan       -nan       nan        nan        nan        nan        -13.068    9.300000e+16 


fr              MODE       IOX        СКОР       СКОА       СР         СА         СУ         AED        AEAZ       RED        REAZ       IG         TEC       
9.9960          E          0          139.913    4.555      1120.562   356.045    9.036      57.762     3.245      5.435      0.920      -13.068    0.000000e+00  
9.9960          F1         0          139.913    4.555      1120.562   356.045    9.036      57.762     3.245      5.435      0.920      -13.068    0.000000e+00  
9.9960          F2         0          0.000      0.000      -nan       -nan       -nan       nan        nan        nan        nan        -13.068    0.000000e+00 


fr              MODE       IOX        СКОР       СКОА       СР         СА         СУ         AED        AEAZ       RED        REAZ       IG         TEC       
9.9960          E          0          382.820    3.050      1438.236   351.888    5.795      375.436    0.912      35.325     0.259      -13.068    9.300000e+16  
9.9960          F1         0          382.820    3.050      1438.236   351.888    5.795      375.436    0.912      35.325     0.259      -13.068    9.300000e+16  
9.9960          F2         0          0.000      0.000      -nan       -nan       -nan       nan        nan        nan        nan        -13.068    9.300000e+16 


fr              MODE       IOX        СКОР       СКОА       СР         СА         СУ         AED        AEAZ       RED        REAZ       IG         TEC       
9.9960          E          0          139.913    4.555      1120.562   356.045    9.036      57.762     3.245      5.435      0.920      -13.068    0.000000e+00  
9.9960          F1         0          139.913    4.555      1120.562   356.045    9.036      57.762     3.245      5.435      0.920      -13.068    0.000000e+00  
9.9960          F2         0          0.000      0.000      -nan       -nan       -nan       nan        nan        nan        nan        -13.068    0.000000e+00 


fr              MODE       IOX        СКОР       СКОА       СР         СА         СУ         AED        AEAZ       RED        REAZ       IG         TEC       
9.9960          E          0          382.820    3.050      1438.236   351.888    5.795      375.436    0.912      35.325     0.259      -13.068    9.300000e+16  
9.9960          F1         0          382.820    3.050      1438.236   351.888    5.795      375.436    0.912      35.325     0.259      -13.068    9.300000e+16  
9.9960          F2         0          0.000      0.000      -nan       -nan       -nan       nan        nan        nan        nan        -13.068    9.300000e+16 


fr              MODE       IOX        СКОР       СКОА       СР         СА         СУ         AED        AEAZ       RED        REAZ       IG         TEC       
9.9960          E          0          139.913    4.555      1120.562   356.045    9.036      57.762     3.245      5.435      0.920      -13.068    0.000000e+00  
9.9960          F1         0          139.913    4.555      1120.562   356.045    9.036      57.762     3.245      5.435      0.920      -13.068    0.000000e+00  
9.9960          F2         0          0.000      0.000      -nan       -nan       -nan       nan        nan        nan        nan        -13.068    0.000000e+00 


fr              MODE       IOX        СКОР       СКОА       СР         СА         СУ         AED        AEAZ       RED        REAZ       IG         TEC       
9.9960          E          0          382.820    3.050      1438.236   351.888    5.795      375.436    0.912      35.325     0.259      -13.068    9.300000e+16  
9.9960          F1         0          382.820    3.050      1438.236   351.888    5.795      375.436    0.912      35.325     0.259      -13.068    9.300000e+16  
9.9960          F2         0          0.000      0.000      -nan       -nan       -nan       nan        nan        nan        nan        -13.068    9.300000e+16 


fr              MODE       IOX        СКОР       СКОА       СР         СА         СУ         AED        AEAZ       RED        REAZ       IG         TEC       
9.9960          E          0          139.913    4.555      1120.562   356.045    9.036      57.762     3.245      5.435      0.920      -13.068    0.000000e+00  
9.9960          F1         0          139.913    4.555      1120.562   356.045    9.036      57.762     3.245      5.435      0.920      -13.068    0.000000e+00  
9.9960          F2         0          0.000      0.000      -nan       -nan       -nan       nan        nan        nan        nan        -13.068    0.000000e+00 


fr              MODE       IOX        СКОР       СКОА       СР         СА         СУ         AED        AEAZ       RED        REAZ       IG         TEC       
9.9960          E          0          382.820    3.050      1438.236   351.888    5.795      375.436    0.912      35.325     0.259      -13.068    9.300000e+16  
9.9960          F1         0          382.820    3.050      1438.236   351.888    5.795      375.436    0.912      35.325     0.259      -13.068    9.300000e+16  
9.9960          F2         0          0.000      0.000      -nan       -nan       -nan       nan        nan        nan        nan        -13.068    9.300000e+16 


fr              MODE       IOX        СКОР       СКОА       СР         СА         СУ         AED        AEAZ       RED        REAZ       IG         TEC       
9.9960          E          0          139.913    4.555      1120.562   356.045    9.036      57.762     3.245      5.435      0.920      -13.068    0.000000e+00  
9.9960          F1         0          139.913    4.555      1120.562   356.045    9.036      57.762     3.245      5.435      0.920      -13.068    0.000000e+00  
9.9960          F2         0          0.000      0.000      -nan       -nan       -nan       nan        nan        nan        nan        -13.068    0.000000e+00 


