fr              MODE       IOX        СКОР       СКОА       СР         СА         СУ         AED        AEAZ       RED        REAZ       IG         TEC       
9.9960          E          0          142.822    3.126      1109.765   353.100    8.388      46.965     0.300      4.419      0.085      11.911     9.800000e+16  
9.9960          F1         0          142.822    3.126      1109.765   353.100    8.388      46.965     0.300      4.419      0.085      11.911     9.800000e+16  
9.9960          F2         0          0.000      0.000      -nan       -nan       -nan       nan        nan        nan        nan        11.911     9.800000e+16 


fr              MODE       IOX        СКОР       СКОА       СР         СА         СУ         AED        AEAZ       RED        REAZ       IG         TEC       
9.9960          E          0          144.412    3.126      1113.180   353.099    8.387      50.380     0.299      4.740      0.085      -13.068    0.000000e+00  
9.9960          F1         0          144.412    3.126      1113.180   353.099    8.387      50.380     0.299      4.740      0.085      -13.068    0.000000e+00  
9.9960          F2         0          0.000      0.000      -nan       -nan       -nan       nan        nan        nan        nan        -13.068    0.000000e+00 


fr              MODE       IOX        СКОР       СКОА       СР         СА         СУ         AED        AEAZ       RED        REAZ       IG         TEC       
9.9960          E          0          142.822    3.126      1109.765   353.100    8.388      46.965     0.300      4.419      0.085      11.911     9.800000e+16  
9.9960          F1         0          142.822    3.126      1109.765   353.100    8.388      46.965     0.300      4.419      0.085      11.911     9.800000e+16  
9.9960          F2         0          0.000      0.000      -nan       -nan       -nan       nan        nan        nan        nan        11.911     9.800000e+16 


fr              MODE       IOX        СКОР       СКОА       СР         СА         СУ         AED        AEAZ       RED        REAZ       IG         TEC       
9.9960          E          0          144.412    3.126      1113.180   353.099    8.387      50.380     0.299      4.740      0.085      -13.068    0.000000e+00  
9.9960          F1         0          144.412    3.126      1113.180   353.099    8.387      50.380     0.299      4.740      0.085      -13.068    0.000000e+00  
9.9960          F2         0          0.000      0.000      -nan       -nan       -nan       nan        nan        nan        nan        -13.068    0.000000e+00 


fr              MODE       IOX        СКОР       СКОА       СР         СА         СУ         AED        AEAZ       RED        REAZ       IG         TEC       
9.9960          E          0          102.670    2.901      1064.011   353.008    8.974      1.211      0.208      0.114      0.059      11.911     9.800000e+16  
9.9960          F1         0          102.670    2.901      1064.011   353.008    8.974      1.211      0.208      0.114      0.059      11.911     9.800000e+16  
9.9960          F2         0          0.000      0.000      -nan       -nan       -nan       nan        nan        nan        nan        11.911     9.800000e+16 


fr              MODE       IOX        СКОР       СКОА       СР         СА         СУ         AED        AEAZ       RED        REAZ       IG         TEC       
9.9960          E          0          103.149    2.900      1067.284   353.008    8.973      4.484      0.208      0.422      0.059      -13.068    0.000000e+00  
9.9960          F1         0          103.149    2.900      1067.284   353.008    8.973      4.484      0.208      0.422      0.059      -13.068    0.000000e+00  
9.9960          F2         0          0.000      0.000      -nan       -nan       -nan       nan        nan        nan        nan        -13.068    0.000000e+00 


fr              MODE       IOX        СКОР       СКОА       СР         СА         СУ         AED        AEAZ       RED        REAZ       IG         TEC       
9.9960          E          0          102.670    2.901      1064.011   353.008    8.974      1.211      0.208      0.114      0.059      11.911     9.800000e+16  
9.9960          F1         0          102.670    2.901      1064.011   353.008    8.974      1.211      0.208      0.114      0.059      11.911     9.800000e+16  
9.9960          F2         0          0.000      0.000      -nan       -nan       -nan       nan        nan        nan        nan        11.911     9.800000e+16 


fr              MODE       IOX        СКОР       СКОА       СР         СА         СУ         AED        AEAZ       RED        REAZ       IG         TEC       
9.9960          E          0          103.149    2.900      1067.284   353.008    8.973      4.484      0.208      0.422      0.059      -13.068    0.000000e+00  
9.9960          F1         0          103.149    2.900      1067.284   353.008    8.973      4.484      0.208      0.422      0.059      -13.068    0.000000e+00  
9.9960          F2         0          0.000      0.000      -nan       -nan       -nan       nan        nan        nan        nan        -13.068    0.000000e+00 


fr              MODE       IOX        СКОР       СКОА       СР         СА         СУ         AED        AEAZ       RED        REAZ       IG         TEC       
9.9960          E          0          102.670    2.901      1064.011   353.008    8.974      1.211      0.208      0.114      0.059      11.911     9.800000e+16  
9.9960          F1         0          102.670    2.901      1064.011   353.008    8.974      1.211      0.208      0.114      0.059      11.911     9.800000e+16  
9.9960          F2         0          0.000      0.000      -nan       -nan       -nan       nan        nan        nan        nan        11.911     9.800000e+16 


fr              MODE       IOX        СКОР       СКОА       СР         СА         СУ         AED        AEAZ       RED        REAZ       IG         TEC       
9.9960          E          0          103.149    2.900      1067.284   353.008    8.973      4.484      0.208      0.422      0.059      -13.068    0.000000e+00  
9.9960          F1         0          103.149    2.900      1067.284   353.008    8.973      4.484      0.208      0.422      0.059      -13.068    0.000000e+00  
9.9960          F2         0          0.000      0.000      -nan       -nan       -nan       nan        nan        nan        nan        -13.068    0.000000e+00 


fr              MODE       IOX        СКОР       СКОА       СР         СА         СУ         AED        AEAZ       RED        REAZ       IG         TEC       
9.9960          E          0          102.670    2.901      1064.011   353.008    8.974      1.211      0.208      0.114      0.059      11.911     9.800000e+16  
9.9960          F1         0          102.670    2.901      1064.011   353.008    8.974      1.211      0.208      0.114      0.059      11.911     9.800000e+16  
9.9960          F2         0          0.000      0.000      -nan       -nan       -nan       nan        nan        nan        nan        11.911     9.800000e+16 


fr              MODE       IOX        СКОР       СКОА       СР         СА         СУ         AED        AEAZ       RED        REAZ       IG         TEC       
9.9960          E          0          103.149    2.900      1067.284   353.008    8.973      4.484      0.208      0.422      0.059      -13.068    0.000000e+00  
9.9960          F1         0          103.149    2.900      1067.284   353.008    8.973      4.484      0.208      0.422      0.059      -13.068    0.000000e+00  
9.9960          F2         0          0.000      0.000      -nan       -nan       -nan       nan        nan        nan        nan        -13.068    0.000000e+00 


fr              MODE       IOX        СКОР       СКОА       СР         СА         СУ         AED        AEAZ       RED        REAZ       IG         TEC       
9.9960          E          0          102.670    2.901      1064.011   353.008    8.974      1.211      0.208      0.114      0.059      11.911     9.800000e+16  
9.9960          F1         0          102.670    2.901      1064.011   353.008    8.974      1.211      0.208      0.114      0.059      11.911     9.800000e+16  
9.9960          F2         0          0.000      0.000      -nan       -nan       -nan       nan        nan        nan        nan        11.911     9.800000e+16 


fr              MODE       IOX        СКОР       СКОА       СР         СА         СУ         AED        AEAZ       RED        REAZ       IG         TEC       
9.9960          E          0          103.149    2.900      1067.284   353.008    8.973      4.484      0.208      0.422      0.059      -13.068    0.000000e+00  
9.9960          F1         0          103.149    2.900      1067.284   353.008    8.973      4.484      0.208      0.422      0.059      -13.068    0.000000e+00  
9.9960          F2         0          0.000      0.000      -nan       -nan       -nan       nan        nan        nan        nan        -13.068    0.000000e+00 


fr              MODE       IOX        СКОР       СКОА       СР         СА         СУ         AED        AEAZ       RED        REAZ       IG         TEC       
9.9960          E          0          102.670    2.901      1064.011   353.008    8.974      1.211      0.208      0.114      0.059      11.911     9.800000e+16  
9.9960          F1         0          102.670    2.901      1064.011   353.008    8.974      1.211      0.208      0.114      0.059      11.911     9.800000e+16  
9.9960          F2         0          0.000      0.000      -nan       -nan       -nan       nan        nan        nan        nan        11.911     9.800000e+16 


fr              MODE       IOX        СКОР       СКОА       СР         СА         СУ         AED        AEAZ       RED        REAZ       IG         TEC       
9.9960          E          0          103.149    2.900      1067.284   353.008    8.973      4.484      0.208      0.422      0.059      -13.068    0.000000e+00  
9.9960          F1         0          103.149    2.900      1067.284   353.008    8.973      4.484      0.208      0.422      0.059      -13.068    0.000000e+00  
9.9960          F2         0          0.000      0.000      -nan       -nan       -nan       nan        nan        nan        nan        -13.068    0.000000e+00 


fr              MODE       IOX        СКОР       СКОА       СР         СА         СУ         AED        AEAZ       RED        REAZ       IG         TEC       
9.9960          E          0          102.670    2.901      1064.011   353.008    8.974      1.211      0.208      0.114      0.059      11.911     9.800000e+16  
9.9960          F1         0          102.670    2.901      1064.011   353.008    8.974      1.211      0.208      0.114      0.059      11.911     9.800000e+16  
9.9960          F2         0          0.000      0.000      -nan       -nan       -nan       nan        nan        nan        nan        11.911     9.800000e+16 


fr              MODE       IOX        СКОР       СКОА       СР         СА         СУ         AED        AEAZ       RED        REAZ       IG         TEC       
9.9960          E          0          103.149    2.900      1067.284   353.008    8.973      4.484      0.208      0.422      0.059      -13.068    0.000000e+00  
9.9960          F1         0          103.149    2.900      1067.284   353.008    8.973      4.484      0.208      0.422      0.059      -13.068    0.000000e+00  
9.9960          F2         0          0.000      0.000      -nan       -nan       -nan       nan        nan        nan        nan        -13.068    0.000000e+00 


fr              MODE       IOX        СКОР       СКОА       СР         СА         СУ         AED        AEAZ       RED        REAZ       IG         TEC       
9.9960          E          0          102.670    2.901      1064.011   353.008    8.974      1.211      0.208      0.114      0.059      11.911     9.800000e+16  
9.9960          F1         0          102.670    2.901      1064.011   353.008    8.974      1.211      0.208      0.114      0.059      11.911     9.800000e+16  
9.9960          F2         0          0.000      0.000      -nan       -nan       -nan       nan        nan        nan        nan        11.911     9.800000e+16 


fr              MODE       IOX        СКОР       СКОА       СР         СА         СУ         AED        AEAZ       RED        REAZ       IG         TEC       
9.9960          E          0          103.149    2.900      1067.284   353.008    8.973      4.484      0.208      0.422      0.059      -13.068    0.000000e+00  
9.9960          F1         0          103.149    2.900      1067.284   353.008    8.973      4.484      0.208      0.422      0.059      -13.068    0.000000e+00  
9.9960          F2         0          0.000      0.000      -nan       -nan       -nan       nan        nan        nan        nan        -13.068    0.000000e+00 


fr              MODE       IOX        СКОР       СКОА       СР         СА         СУ         AED        AEAZ       RED        REAZ       IG         TEC       
9.9960          E          0          204.585    0.983      1267.371   353.491    7.498      204.571    0.691      19.248     0.196      -13.068    9.800000e+16  
9.9960          F1         0          204.585    0.983      1267.371   353.491    7.498      204.571    0.691      19.248     0.196      -13.068    9.800000e+16  
9.9960          F2         0          184.274    0.922      1246.864   352.559    14.810     184.064    0.241      17.319     0.068      -13.068    9.800000e+16 


fr              MODE       IOX        СКОР       СКОА       СР         СА         СУ         AED        AEAZ       RED        REAZ       IG         TEC       
9.9960          E          0          102.595    2.819      1092.860   352.869    8.769      30.060     0.069      2.828      0.020      -13.068    0.000000e+00  
9.9960          F1         0          102.595    2.819      1092.860   352.869    8.769      30.060     0.069      2.828      0.020      -13.068    0.000000e+00  
9.9960          F2         0          0.000      0.000      -nan       -nan       -nan       nan        nan        nan        nan        -13.068    0.000000e+00 


fr              MODE       IOX        СКОР       СКОА       СР         СА         СУ         AED        AEAZ       RED        REAZ       IG         TEC       
9.9960          E          0          204.585    0.983      1267.371   353.491    7.498      204.571    0.691      19.248     0.196      -13.068    9.800000e+16  
9.9960          F1         0          204.585    0.983      1267.371   353.491    7.498      204.571    0.691      19.248     0.196      -13.068    9.800000e+16  
9.9960          F2         0          184.274    0.922      1246.864   352.559    14.810     184.064    0.241      17.319     0.068      -13.068    9.800000e+16 


fr              MODE       IOX        СКОР       СКОА       СР         СА         СУ         AED        AEAZ       RED        REAZ       IG         TEC       
9.9960          E          0          102.595    2.819      1092.860   352.869    8.769      30.060     0.069      2.828      0.020      -13.068    0.000000e+00  
9.9960          F1         0          102.595    2.819      1092.860   352.869    8.769      30.060     0.069      2.828      0.020      -13.068    0.000000e+00  
9.9960          F2         0          0.000      0.000      -nan       -nan       -nan       nan        nan        nan        nan        -13.068    0.000000e+00 


fr              MODE       IOX        СКОР       СКОА       СР         СА         СУ         AED        AEAZ       RED        REAZ       IG         TEC       
9.9960          E          0          204.585    0.983      1267.371   353.491    7.498      204.571    0.691      19.248     0.196      -13.068    9.800000e+16  
9.9960          F1         0          204.585    0.983      1267.371   353.491    7.498      204.571    0.691      19.248     0.196      -13.068    9.800000e+16  
9.9960          F2         0          184.274    0.922      1246.864   352.559    14.810     184.064    0.241      17.319     0.068      -13.068    9.800000e+16 


fr              MODE       IOX        СКОР       СКОА       СР         СА         СУ         AED        AEAZ       RED        REAZ       IG         TEC       
9.9960          E          0          102.595    2.819      1092.860   352.869    8.769      30.060     0.069      2.828      0.020      -13.068    0.000000e+00  
9.9960          F1         0          102.595    2.819      1092.860   352.869    8.769      30.060     0.069      2.828      0.020      -13.068    0.000000e+00  
9.9960          F2         0          0.000      0.000      -nan       -nan       -nan       nan        nan        nan        nan        -13.068    0.000000e+00 


fr              MODE       IOX        СКОР       СКОА       СР         СА         СУ         AED        AEAZ       RED        REAZ       IG         TEC       
9.9960          E          0          204.585    0.983      1267.371   353.491    7.498      204.571    0.691      19.248     0.196      -13.068    9.800000e+16  
9.9960          F1         0          204.585    0.983      1267.371   353.491    7.498      204.571    0.691      19.248     0.196      -13.068    9.800000e+16  
9.9960          F2         0          184.274    0.922      1246.864   352.559    14.810     184.064    0.241      17.319     0.068      -13.068    9.800000e+16 


fr              MODE       IOX        СКОР       СКОА       СР         СА         СУ         AED        AEAZ       RED        REAZ       IG         TEC       
9.9960          E          0          102.595    2.819      1092.860   352.869    8.769      30.060     0.069      2.828      0.020      -13.068    0.000000e+00  
9.9960          F1         0          102.595    2.819      1092.860   352.869    8.769      30.060     0.069      2.828      0.020      -13.068    0.000000e+00  
9.9960          F2         0          0.000      0.000      -nan       -nan       -nan       nan        nan        nan        nan        -13.068    0.000000e+00 


fr              MODE       IOX        СКОР       СКОА       СР         СА         СУ         AED        AEAZ       RED        REAZ       IG         TEC       
9.9960          E          0          204.585    0.983      1267.371   353.491    7.498      204.571    0.691      19.248     0.196      -13.068    9.800000e+16  
9.9960          F1         0          204.585    0.983      1267.371   353.491    7.498      204.571    0.691      19.248     0.196      -13.068    9.800000e+16  
9.9960          F2         0          184.274    0.922      1246.864   352.559    14.810     184.064    0.241      17.319     0.068      -13.068    9.800000e+16 


fr              MODE       IOX        СКОР       СКОА       СР         СА         СУ         AED        AEAZ       RED        REAZ       IG         TEC       
9.9960          E          0          102.595    2.819      1092.860   352.869    8.769      30.060     0.069      2.828      0.020      -13.068    0.000000e+00  
9.9960          F1         0          102.595    2.819      1092.860   352.869    8.769      30.060     0.069      2.828      0.020      -13.068    0.000000e+00  
9.9960          F2         0          0.000      0.000      -nan       -nan       -nan       nan        nan        nan        nan        -13.068    0.000000e+00 


fr              MODE       IOX        СКОР       СКОА       СР         СА         СУ         AED        AEAZ       RED        REAZ       IG         TEC       
9.9960          E          0          0.000      0.000      -nan       -nan       -nan       nan        nan        nan        nan        -13.068    9.800000e+16  
9.9960          F1         0          0.000      0.000      -nan       -nan       -nan       nan        nan        nan        nan        -13.068    9.800000e+16  
9.9960          F2         0          0.000      0.000      -nan       -nan       -nan       nan        nan        nan        nan        -13.068    9.800000e+16 


fr              MODE       IOX        СКОР       СКОА       СР         СА         СУ         AED        AEAZ       RED        REAZ       IG         TEC       
9.9960          E          0          0.000      0.000      -nan       -nan       -nan       nan        nan        nan        nan        -13.068    0.000000e+00  
9.9960          F1         0          0.000      0.000      -nan       -nan       -nan       nan        nan        nan        nan        -13.068    0.000000e+00  
9.9960          F2         0          0.000      0.000      -nan       -nan       -nan       nan        nan        nan        nan        -13.068    0.000000e+00 


fr              MODE       IOX        СКОР       СКОА       СР         СА         СУ         AED        AEAZ       RED        REAZ       IG         TEC       
9.9960          E          0          0.000      0.000      -nan       -nan       -nan       nan        nan        nan        nan        -13.068    9.800000e+16  
9.9960          F1         0          0.000      0.000      -nan       -nan       -nan       nan        nan        nan        nan        -13.068    9.800000e+16  
9.9960          F2         0          0.000      0.000      -nan       -nan       -nan       nan        nan        nan        nan        -13.068    9.800000e+16 


fr              MODE       IOX        СКОР       СКОА       СР         СА         СУ         AED        AEAZ       RED        REAZ       IG         TEC       
9.9960          E          0          0.000      0.000      -nan       -nan       -nan       nan        nan        nan        nan        -13.068    0.000000e+00  
9.9960          F1         0          0.000      0.000      -nan       -nan       -nan       nan        nan        nan        nan        -13.068    0.000000e+00  
9.9960          F2         0          0.000      0.000      -nan       -nan       -nan       nan        nan        nan        nan        -13.068    0.000000e+00 


fr              MODE       IOX        СКОР       СКОА       СР         СА         СУ         AED        AEAZ       RED        REAZ       IG         TEC       
9.9960          E          0          0.000      0.000      -nan       -nan       -nan       nan        nan        nan        nan        -13.068    9.800000e+16  
9.9960          F1         0          0.000      0.000      -nan       -nan       -nan       nan        nan        nan        nan        -13.068    9.800000e+16  
9.9960          F2         0          0.000      0.000      -nan       -nan       -nan       nan        nan        nan        nan        -13.068    9.800000e+16 


fr              MODE       IOX        СКОР       СКОА       СР         СА         СУ         AED        AEAZ       RED        REAZ       IG         TEC       
9.9960          E          0          0.000      0.000      -nan       -nan       -nan       nan        nan        nan        nan        -13.068    0.000000e+00  
9.9960          F1         0          0.000      0.000      -nan       -nan       -nan       nan        nan        nan        nan        -13.068    0.000000e+00  
9.9960          F2         0          0.000      0.000      -nan       -nan       -nan       nan        nan        nan        nan        -13.068    0.000000e+00 


fr              MODE       IOX        СКОР       СКОА       СР         СА         СУ         AED        AEAZ       RED        REAZ       IG         TEC       
9.9960          E          0          297.890    3.492      1355.461   352.680    6.550      292.661    0.120      27.537     0.034      -13.068    9.800000e+16  
9.9960          F1         0          297.890    3.492      1355.461   352.680    6.550      292.661    0.120      27.537     0.034      -13.068    9.800000e+16  
9.9960          F2         0          184.274    0.922      1246.864   352.559    14.810     184.064    0.241      17.319     0.068      -13.068    9.800000e+16 


fr              MODE       IOX        СКОР       СКОА       СР         СА         СУ         AED        AEAZ       RED        REAZ       IG         TEC       
9.9960          E          0          150.957    3.070      1138.427   352.987    8.194      75.627     0.187      7.116      0.053      -13.068    0.000000e+00  
9.9960          F1         0          150.957    3.070      1138.427   352.987    8.194      75.627     0.187      7.116      0.053      -13.068    0.000000e+00  
9.9960          F2         0          251.814    1.034      1314.566   352.266    15.341     251.766    0.534      23.689     0.151      -13.068    0.000000e+00 


fr              MODE       IOX        СКОР       СКОА       СР         СА         СУ         AED        AEAZ       RED        REAZ       IG         TEC       
9.9960          E          0          297.890    3.492      1355.461   352.680    6.550      292.661    0.120      27.537     0.034      -13.068    9.800000e+16  
9.9960          F1         0          297.890    3.492      1355.461   352.680    6.550      292.661    0.120      27.537     0.034      -13.068    9.800000e+16  
9.9960          F2         0          184.274    0.922      1246.864   352.559    14.810     184.064    0.241      17.319     0.068      -13.068    9.800000e+16 


fr              MODE       IOX        СКОР       СКОА       СР         СА         СУ         AED        AEAZ       RED        REAZ       IG         TEC       
9.9960          E          0          150.957    3.070      1138.427   352.987    8.194      75.627     0.187      7.116      0.053      -13.068    0.000000e+00  
9.9960          F1         0          150.957    3.070      1138.427   352.987    8.194      75.627     0.187      7.116      0.053      -13.068    0.000000e+00  
9.9960          F2         0          251.814    1.034      1314.566   352.266    15.341     251.766    0.534      23.689     0.151      -13.068    0.000000e+00 


fr              MODE       IOX        СКОР       СКОА       СР         СА         СУ         AED        AEAZ       RED        REAZ       IG         TEC       
9.9960          E          0          297.890    3.492      1355.461   352.680    6.550      292.661    0.120      27.537     0.034      -13.068    9.800000e+16  
9.9960          F1         0          297.890    3.492      1355.461   352.680    6.550      292.661    0.120      27.537     0.034      -13.068    9.800000e+16  
9.9960          F2         0          184.274    0.922      1246.864   352.559    14.810     184.064    0.241      17.319     0.068      -13.068    9.800000e+16 


fr              MODE       IOX        СКОР       СКОА       СР         СА         СУ         AED        AEAZ       RED        REAZ       IG         TEC       
9.9960          E          0          150.957    3.070      1138.427   352.987    8.194      75.627     0.187      7.116      0.053      -13.068    0.000000e+00  
9.9960          F1         0          150.957    3.070      1138.427   352.987    8.194      75.627     0.187      7.116      0.053      -13.068    0.000000e+00  
9.9960          F2         0          251.814    1.034      1314.566   352.266    15.341     251.766    0.534      23.689     0.151      -13.068    0.000000e+00 


fr              MODE       IOX        СКОР       СКОА       СР         СА         СУ         AED        AEAZ       RED        REAZ       IG         TEC       
9.9960          E          0          297.890    3.492      1355.461   352.680    6.550      292.661    0.120      27.537     0.034      -13.068    9.800000e+16  
9.9960          F1         0          297.890    3.492      1355.461   352.680    6.550      292.661    0.120      27.537     0.034      -13.068    9.800000e+16  
9.9960          F2         0          184.274    0.922      1246.864   352.559    14.810     184.064    0.241      17.319     0.068      -13.068    9.800000e+16 


fr              MODE       IOX        СКОР       СКОА       СР         СА         СУ         AED        AEAZ       RED        REAZ       IG         TEC       
9.9960          E          0          150.957    3.070      1138.427   352.987    8.194      75.627     0.187      7.116      0.053      -13.068    0.000000e+00  
9.9960          F1         0          150.957    3.070      1138.427   352.987    8.194      75.627     0.187      7.116      0.053      -13.068    0.000000e+00  
9.9960          F2         0          251.814    1.034      1314.566   352.266    15.341     251.766    0.534      23.689     0.151      -13.068    0.000000e+00 


fr              MODE       IOX        СКОР       СКОА       СР         СА         СУ         AED        AEAZ       RED        REAZ       IG         TEC       
9.9960          E          0          297.890    3.492      1355.461   352.680    6.550      292.661    0.120      27.537     0.034      -13.068    9.800000e+16  
9.9960          F1         0          297.890    3.492      1355.461   352.680    6.550      292.661    0.120      27.537     0.034      -13.068    9.800000e+16  
9.9960          F2         0          184.274    0.922      1246.864   352.559    14.810     184.064    0.241      17.319     0.068      -13.068    9.800000e+16 


fr              MODE       IOX        СКОР       СКОА       СР         СА         СУ         AED        AEAZ       RED        REAZ       IG         TEC       
9.9960          E          0          150.957    3.070      1138.427   352.987    8.194      75.627     0.187      7.116      0.053      -13.068    0.000000e+00  
9.9960          F1         0          150.957    3.070      1138.427   352.987    8.194      75.627     0.187      7.116      0.053      -13.068    0.000000e+00  
9.9960          F2         0          251.814    1.034      1314.566   352.266    15.341     251.766    0.534      23.689     0.151      -13.068    0.000000e+00 


