fr              MODE       IOX        СКОР       СКОА       СР         СА         СУ         AED        AEAZ       RED        REAZ       IG         TEC       
9.9960          E          0          270.736    1.389      1316.896   353.164    7.653      254.096    0.364      23.908     0.103      32.666     1.010000e+17  
9.9960          F1         0          270.736    1.389      1316.896   353.164    7.653      254.096    0.364      23.908     0.103      32.666     1.010000e+17  
9.9960          F2         0          0.000      0.000      -nan       -nan       -nan       nan        nan        nan        nan        32.666     1.010000e+17 


fr              MODE       IOX        СКОР       СКОА       СР         СА         СУ         AED        AEAZ       RED        REAZ       IG         TEC       
9.9960          E          0          270.787    1.390      1316.910   353.164    7.652      254.110    0.364      23.910     0.103      -13.068    0.000000e+00  
9.9960          F1         0          270.787    1.390      1316.910   353.164    7.652      254.110    0.364      23.910     0.103      -13.068    0.000000e+00  
9.9960          F2         0          0.000      0.000      -nan       -nan       -nan       nan        nan        nan        nan        -13.068    0.000000e+00 


fr              MODE       IOX        СКОР       СКОА       СР         СА         СУ         AED        AEAZ       RED        REAZ       IG         TEC       
9.9960          E          0          164.084    0.784      1223.174   353.146    8.091      160.374    0.346      15.090     0.098      32.666     1.010000e+17  
9.9960          F1         0          164.084    0.784      1223.174   353.146    8.091      160.374    0.346      15.090     0.098      32.666     1.010000e+17  
9.9960          F2         0          0.000      0.000      -nan       -nan       -nan       nan        nan        nan        nan        32.666     1.010000e+17 


fr              MODE       IOX        СКОР       СКОА       СР         СА         СУ         AED        AEAZ       RED        REAZ       IG         TEC       
9.9960          E          0          164.004    0.785      1223.086   353.147    8.091      160.286    0.347      15.081     0.098      -13.068    0.000000e+00  
9.9960          F1         0          164.004    0.785      1223.086   353.147    8.091      160.286    0.347      15.081     0.098      -13.068    0.000000e+00  
9.9960          F2         0          0.000      0.000      -nan       -nan       -nan       nan        nan        nan        nan        -13.068    0.000000e+00 


fr              MODE       IOX        СКОР       СКОА       СР         СА         СУ         AED        AEAZ       RED        REAZ       IG         TEC       
9.9960          E          0          164.084    0.784      1223.174   353.146    8.091      160.374    0.346      15.090     0.098      32.666     1.010000e+17  
9.9960          F1         0          164.084    0.784      1223.174   353.146    8.091      160.374    0.346      15.090     0.098      32.666     1.010000e+17  
9.9960          F2         0          0.000      0.000      -nan       -nan       -nan       nan        nan        nan        nan        32.666     1.010000e+17 


fr              MODE       IOX        СКОР       СКОА       СР         СА         СУ         AED        AEAZ       RED        REAZ       IG         TEC       
9.9960          E          0          164.004    0.785      1223.086   353.147    8.091      160.286    0.347      15.081     0.098      -13.068    0.000000e+00  
9.9960          F1         0          164.004    0.785      1223.086   353.147    8.091      160.286    0.347      15.081     0.098      -13.068    0.000000e+00  
9.9960          F2         0          0.000      0.000      -nan       -nan       -nan       nan        nan        nan        nan        -13.068    0.000000e+00 


fr              MODE       IOX        СКОР       СКОА       СР         СА         СУ         AED        AEAZ       RED        REAZ       IG         TEC       
9.9960          E          0          164.084    0.784      1223.174   353.146    8.091      160.374    0.346      15.090     0.098      32.666     1.010000e+17  
9.9960          F1         0          164.084    0.784      1223.174   353.146    8.091      160.374    0.346      15.090     0.098      32.666     1.010000e+17  
9.9960          F2         0          0.000      0.000      -nan       -nan       -nan       nan        nan        nan        nan        32.666     1.010000e+17 


fr              MODE       IOX        СКОР       СКОА       СР         СА         СУ         AED        AEAZ       RED        REAZ       IG         TEC       
9.9960          E          0          164.004    0.785      1223.086   353.147    8.091      160.286    0.347      15.081     0.098      -13.068    0.000000e+00  
9.9960          F1         0          164.004    0.785      1223.086   353.147    8.091      160.286    0.347      15.081     0.098      -13.068    0.000000e+00  
9.9960          F2         0          0.000      0.000      -nan       -nan       -nan       nan        nan        nan        nan        -13.068    0.000000e+00 


fr              MODE       IOX        СКОР       СКОА       СР         СА         СУ         AED        AEAZ       RED        REAZ       IG         TEC       
9.9960          E          0          164.084    0.784      1223.174   353.146    8.091      160.374    0.346      15.090     0.098      32.666     1.010000e+17  
9.9960          F1         0          164.084    0.784      1223.174   353.146    8.091      160.374    0.346      15.090     0.098      32.666     1.010000e+17  
9.9960          F2         0          0.000      0.000      -nan       -nan       -nan       nan        nan        nan        nan        32.666     1.010000e+17 


fr              MODE       IOX        СКОР       СКОА       СР         СА         СУ         AED        AEAZ       RED        REAZ       IG         TEC       
9.9960          E          0          164.004    0.785      1223.086   353.147    8.091      160.286    0.347      15.081     0.098      -13.068    0.000000e+00  
9.9960          F1         0          164.004    0.785      1223.086   353.147    8.091      160.286    0.347      15.081     0.098      -13.068    0.000000e+00  
9.9960          F2         0          0.000      0.000      -nan       -nan       -nan       nan        nan        nan        nan        -13.068    0.000000e+00 


fr              MODE       IOX        СКОР       СКОА       СР         СА         СУ         AED        AEAZ       RED        REAZ       IG         TEC       
9.9960          E          0          164.084    0.784      1223.174   353.146    8.091      160.374    0.346      15.090     0.098      32.666     1.010000e+17  
9.9960          F1         0          164.084    0.784      1223.174   353.146    8.091      160.374    0.346      15.090     0.098      32.666     1.010000e+17  
9.9960          F2         0          0.000      0.000      -nan       -nan       -nan       nan        nan        nan        nan        32.666     1.010000e+17 


fr              MODE       IOX        СКОР       СКОА       СР         СА         СУ         AED        AEAZ       RED        REAZ       IG         TEC       
9.9960          E          0          164.004    0.785      1223.086   353.147    8.091      160.286    0.347      15.081     0.098      -13.068    0.000000e+00  
9.9960          F1         0          164.004    0.785      1223.086   353.147    8.091      160.286    0.347      15.081     0.098      -13.068    0.000000e+00  
9.9960          F2         0          0.000      0.000      -nan       -nan       -nan       nan        nan        nan        nan        -13.068    0.000000e+00 


fr              MODE       IOX        СКОР       СКОА       СР         СА         СУ         AED        AEAZ       RED        REAZ       IG         TEC       
9.9960          E          0          164.084    0.784      1223.174   353.146    8.091      160.374    0.346      15.090     0.098      32.666     1.010000e+17  
9.9960          F1         0          164.084    0.784      1223.174   353.146    8.091      160.374    0.346      15.090     0.098      32.666     1.010000e+17  
9.9960          F2         0          0.000      0.000      -nan       -nan       -nan       nan        nan        nan        nan        32.666     1.010000e+17 


fr              MODE       IOX        СКОР       СКОА       СР         СА         СУ         AED        AEAZ       RED        REAZ       IG         TEC       
9.9960          E          0          164.004    0.785      1223.086   353.147    8.091      160.286    0.347      15.081     0.098      -13.068    0.000000e+00  
9.9960          F1         0          164.004    0.785      1223.086   353.147    8.091      160.286    0.347      15.081     0.098      -13.068    0.000000e+00  
9.9960          F2         0          0.000      0.000      -nan       -nan       -nan       nan        nan        nan        nan        -13.068    0.000000e+00 


fr              MODE       IOX        СКОР       СКОА       СР         СА         СУ         AED        AEAZ       RED        REAZ       IG         TEC       
9.9960          E          0          164.084    0.784      1223.174   353.146    8.091      160.374    0.346      15.090     0.098      32.666     1.010000e+17  
9.9960          F1         0          164.084    0.784      1223.174   353.146    8.091      160.374    0.346      15.090     0.098      32.666     1.010000e+17  
9.9960          F2         0          0.000      0.000      -nan       -nan       -nan       nan        nan        nan        nan        32.666     1.010000e+17 


fr              MODE       IOX        СКОР       СКОА       СР         СА         СУ         AED        AEAZ       RED        REAZ       IG         TEC       
9.9960          E          0          164.004    0.785      1223.086   353.147    8.091      160.286    0.347      15.081     0.098      -13.068    0.000000e+00  
9.9960          F1         0          164.004    0.785      1223.086   353.147    8.091      160.286    0.347      15.081     0.098      -13.068    0.000000e+00  
9.9960          F2         0          0.000      0.000      -nan       -nan       -nan       nan        nan        nan        nan        -13.068    0.000000e+00 


fr              MODE       IOX        СКОР       СКОА       СР         СА         СУ         AED        AEAZ       RED        REAZ       IG         TEC       
9.9960          E          0          148.399    1.561      1205.775   352.878    8.321      142.975    0.078      13.453     0.022      27.148     1.010000e+17  
9.9960          F1         0          148.399    1.561      1205.775   352.878    8.321      142.975    0.078      13.453     0.022      27.148     1.010000e+17  
9.9960          F2         0          0.000      0.000      -nan       -nan       -nan       nan        nan        nan        nan        27.148     1.010000e+17 


fr              MODE       IOX        СКОР       СКОА       СР         СА         СУ         AED        AEAZ       RED        REAZ       IG         TEC       
9.9960          E          0          148.362    1.561      1205.729   352.879    8.320      142.929    0.079      13.448     0.022      -13.068    0.000000e+00  
9.9960          F1         0          148.362    1.561      1205.729   352.879    8.320      142.929    0.079      13.448     0.022      -13.068    0.000000e+00  
9.9960          F2         0          0.000      0.000      -nan       -nan       -nan       nan        nan        nan        nan        -13.068    0.000000e+00 


fr              MODE       IOX        СКОР       СКОА       СР         СА         СУ         AED        AEAZ       RED        REAZ       IG         TEC       
9.9960          E          0          148.399    1.561      1205.775   352.878    8.321      142.975    0.078      13.453     0.022      27.148     1.010000e+17  
9.9960          F1         0          148.399    1.561      1205.775   352.878    8.321      142.975    0.078      13.453     0.022      27.148     1.010000e+17  
9.9960          F2         0          0.000      0.000      -nan       -nan       -nan       nan        nan        nan        nan        27.148     1.010000e+17 


fr              MODE       IOX        СКОР       СКОА       СР         СА         СУ         AED        AEAZ       RED        REAZ       IG         TEC       
9.9960          E          0          148.362    1.561      1205.729   352.879    8.320      142.929    0.079      13.448     0.022      -13.068    0.000000e+00  
9.9960          F1         0          148.362    1.561      1205.729   352.879    8.320      142.929    0.079      13.448     0.022      -13.068    0.000000e+00  
9.9960          F2         0          0.000      0.000      -nan       -nan       -nan       nan        nan        nan        nan        -13.068    0.000000e+00 


fr              MODE       IOX        СКОР       СКОА       СР         СА         СУ         AED        AEAZ       RED        REAZ       IG         TEC       
9.9960          E          0          148.399    1.561      1205.775   352.878    8.321      142.975    0.078      13.453     0.022      27.148     1.010000e+17  
9.9960          F1         0          148.399    1.561      1205.775   352.878    8.321      142.975    0.078      13.453     0.022      27.148     1.010000e+17  
9.9960          F2         0          0.000      0.000      -nan       -nan       -nan       nan        nan        nan        nan        27.148     1.010000e+17 


fr              MODE       IOX        СКОР       СКОА       СР         СА         СУ         AED        AEAZ       RED        REAZ       IG         TEC       
9.9960          E          0          148.362    1.561      1205.729   352.879    8.320      142.929    0.079      13.448     0.022      -13.068    0.000000e+00  
9.9960          F1         0          148.362    1.561      1205.729   352.879    8.320      142.929    0.079      13.448     0.022      -13.068    0.000000e+00  
9.9960          F2         0          0.000      0.000      -nan       -nan       -nan       nan        nan        nan        nan        -13.068    0.000000e+00 


fr              MODE       IOX        СКОР       СКОА       СР         СА         СУ         AED        AEAZ       RED        REAZ       IG         TEC       
9.9960          E          0          148.399    1.561      1205.775   352.878    8.321      142.975    0.078      13.453     0.022      27.148     1.010000e+17  
9.9960          F1         0          148.399    1.561      1205.775   352.878    8.321      142.975    0.078      13.453     0.022      27.148     1.010000e+17  
9.9960          F2         0          0.000      0.000      -nan       -nan       -nan       nan        nan        nan        nan        27.148     1.010000e+17 


fr              MODE       IOX        СКОР       СКОА       СР         СА         СУ         AED        AEAZ       RED        REAZ       IG         TEC       
9.9960          E          0          148.362    1.561      1205.729   352.879    8.320      142.929    0.079      13.448     0.022      -13.068    0.000000e+00  
9.9960          F1         0          148.362    1.561      1205.729   352.879    8.320      142.929    0.079      13.448     0.022      -13.068    0.000000e+00  
9.9960          F2         0          0.000      0.000      -nan       -nan       -nan       nan        nan        nan        nan        -13.068    0.000000e+00 


fr              MODE       IOX        СКОР       СКОА       СР         СА         СУ         AED        AEAZ       RED        REAZ       IG         TEC       
9.9960          E          0          148.399    1.561      1205.775   352.878    8.321      142.975    0.078      13.453     0.022      27.148     1.010000e+17  
9.9960          F1         0          148.399    1.561      1205.775   352.878    8.321      142.975    0.078      13.453     0.022      27.148     1.010000e+17  
9.9960          F2         0          0.000      0.000      -nan       -nan       -nan       nan        nan        nan        nan        27.148     1.010000e+17 


fr              MODE       IOX        СКОР       СКОА       СР         СА         СУ         AED        AEAZ       RED        REAZ       IG         TEC       
9.9960          E          0          148.362    1.561      1205.729   352.879    8.320      142.929    0.079      13.448     0.022      -13.068    0.000000e+00  
9.9960          F1         0          148.362    1.561      1205.729   352.879    8.320      142.929    0.079      13.448     0.022      -13.068    0.000000e+00  
9.9960          F2         0          0.000      0.000      -nan       -nan       -nan       nan        nan        nan        nan        -13.068    0.000000e+00 


fr              MODE       IOX        СКОР       СКОА       СР         СА         СУ         AED        AEAZ       RED        REAZ       IG         TEC       
9.9960          E          0          0.000      0.000      -nan       -nan       -nan       nan        nan        nan        nan        27.148     1.010000e+17  
9.9960          F1         0          0.000      0.000      -nan       -nan       -nan       nan        nan        nan        nan        27.148     1.010000e+17  
9.9960          F2         0          0.000      0.000      -nan       -nan       -nan       nan        nan        nan        nan        27.148     1.010000e+17 


fr              MODE       IOX        СКОР       СКОА       СР         СА         СУ         AED        AEAZ       RED        REAZ       IG         TEC       
9.9960          E          0          0.000      0.000      -nan       -nan       -nan       nan        nan        nan        nan        -13.068    0.000000e+00  
9.9960          F1         0          0.000      0.000      -nan       -nan       -nan       nan        nan        nan        nan        -13.068    0.000000e+00  
9.9960          F2         0          0.000      0.000      -nan       -nan       -nan       nan        nan        nan        nan        -13.068    0.000000e+00 


fr              MODE       IOX        СКОР       СКОА       СР         СА         СУ         AED        AEAZ       RED        REAZ       IG         TEC       
9.9960          E          0          0.000      0.000      -nan       -nan       -nan       nan        nan        nan        nan        27.148     1.010000e+17  
9.9960          F1         0          0.000      0.000      -nan       -nan       -nan       nan        nan        nan        nan        27.148     1.010000e+17  
9.9960          F2         0          0.000      0.000      -nan       -nan       -nan       nan        nan        nan        nan        27.148     1.010000e+17 


fr              MODE       IOX        СКОР       СКОА       СР         СА         СУ         AED        AEAZ       RED        REAZ       IG         TEC       
9.9960          E          0          0.000      0.000      -nan       -nan       -nan       nan        nan        nan        nan        -13.068    0.000000e+00  
9.9960          F1         0          0.000      0.000      -nan       -nan       -nan       nan        nan        nan        nan        -13.068    0.000000e+00  
9.9960          F2         0          0.000      0.000      -nan       -nan       -nan       nan        nan        nan        nan        -13.068    0.000000e+00 


fr              MODE       IOX        СКОР       СКОА       СР         СА         СУ         AED        AEAZ       RED        REAZ       IG         TEC       
9.9960          E          0          171.926    137.083    1161.116   353.081    8.766      171.116    137.081    17.284     63.463     27.148     1.010000e+17  
9.9960          F1         0          171.926    137.083    1161.116   353.081    8.766      171.116    137.081    17.284     63.463     27.148     1.010000e+17  
9.9960          F2         0          0.000      0.000      -nan       -nan       -nan       nan        nan        nan        nan        27.148     1.010000e+17 


fr              MODE       IOX        СКОР       СКОА       СР         СА         СУ         AED        AEAZ       RED        REAZ       IG         TEC       
9.9960          E          0          171.851    137.085    1161.041   353.083    8.766      171.041    137.083    17.277     63.464     -13.068    0.000000e+00  
9.9960          F1         0          171.851    137.085    1161.041   353.083    8.766      171.041    137.083    17.277     63.464     -13.068    0.000000e+00  
9.9960          F2         0          0.000      0.000      -nan       -nan       -nan       nan        nan        nan        nan        -13.068    0.000000e+00 


fr              MODE       IOX        СКОР       СКОА       СР         СА         СУ         AED        AEAZ       RED        REAZ       IG         TEC       
9.9960          E          0          222.528    1.374      1262.545   353.082    7.863      199.745    0.282      18.794     0.080      27.148     1.010000e+17  
9.9960          F1         0          222.528    1.374      1262.545   353.082    7.863      199.745    0.282      18.794     0.080      27.148     1.010000e+17  
9.9960          F2         0          0.000      0.000      -nan       -nan       -nan       nan        nan        nan        nan        27.148     1.010000e+17 


fr              MODE       IOX        СКОР       СКОА       СР         СА         СУ         AED        AEAZ       RED        REAZ       IG         TEC       
9.9960          E          0          223.871    1.374      1263.179   353.083    7.861      200.379    0.283      18.854     0.080      -13.068    0.000000e+00  
9.9960          F1         0          223.871    1.374      1263.179   353.083    7.861      200.379    0.283      18.854     0.080      -13.068    0.000000e+00  
9.9960          F2         0          0.000      0.000      -nan       -nan       -nan       nan        nan        nan        nan        -13.068    0.000000e+00 


