fr              MODE       IOX        СКОР       СКОА       СР         СА         СУ         AED        AEAZ       RED        REAZ       IG         TEC       
9.9960          E          0          161.506    0.486      909.545    353.136    11.696     153.255    0.336      14.420     0.095      25.706     1.130000e+17  
9.9960          F1         0          161.506    0.486      909.545    353.136    11.696     153.255    0.336      14.420     0.095      25.706     1.130000e+17  
9.9960          F2         0          98.777     0.769      1136.153   353.484    15.886     73.353     0.684      6.902      0.194      25.706     1.130000e+17 


fr              MODE       IOX        СКОР       СКОА       СР         СА         СУ         AED        AEAZ       RED        REAZ       IG         TEC       
9.9960          E          0          156.135    0.486      914.098    353.135    11.697     148.702    0.335      13.992     0.095      -13.068    0.000000e+00  
9.9960          F1         0          156.135    0.486      914.098    353.135    11.697     148.702    0.335      13.992     0.095      -13.068    0.000000e+00  
9.9960          F2         0          326.135    0.776      1386.358   353.492    15.580     323.558    0.692      30.444     0.196      -13.068    0.000000e+00 


fr              MODE       IOX        СКОР       СКОА       СР         СА         СУ         AED        AEAZ       RED        REAZ       IG         TEC       
9.9960          E          0          161.506    0.486      909.545    353.136    11.696     153.255    0.336      14.420     0.095      25.706     1.130000e+17  
9.9960          F1         0          161.506    0.486      909.545    353.136    11.696     153.255    0.336      14.420     0.095      25.706     1.130000e+17  
9.9960          F2         0          98.777     0.769      1136.153   353.484    15.886     73.353     0.684      6.902      0.194      25.706     1.130000e+17 


fr              MODE       IOX        СКОР       СКОА       СР         СА         СУ         AED        AEAZ       RED        REAZ       IG         TEC       
9.9960          E          0          156.135    0.486      914.098    353.135    11.697     148.702    0.335      13.992     0.095      -13.068    0.000000e+00  
9.9960          F1         0          156.135    0.486      914.098    353.135    11.697     148.702    0.335      13.992     0.095      -13.068    0.000000e+00  
9.9960          F2         0          326.135    0.776      1386.358   353.492    15.580     323.558    0.692      30.444     0.196      -13.068    0.000000e+00 


fr              MODE       IOX        СКОР       СКОА       СР         СА         СУ         AED        AEAZ       RED        REAZ       IG         TEC       
9.9960          E          0          161.506    0.486      909.545    353.136    11.696     153.255    0.336      14.420     0.095      25.706     1.130000e+17  
9.9960          F1         0          161.506    0.486      909.545    353.136    11.696     153.255    0.336      14.420     0.095      25.706     1.130000e+17  
9.9960          F2         0          98.777     0.769      1136.153   353.484    15.886     73.353     0.684      6.902      0.194      25.706     1.130000e+17 


fr              MODE       IOX        СКОР       СКОА       СР         СА         СУ         AED        AEAZ       RED        REAZ       IG         TEC       
9.9960          E          0          156.135    0.486      914.098    353.135    11.697     148.702    0.335      13.992     0.095      -13.068    0.000000e+00  
9.9960          F1         0          156.135    0.486      914.098    353.135    11.697     148.702    0.335      13.992     0.095      -13.068    0.000000e+00  
9.9960          F2         0          0.000      0.000      -nan       -nan       -nan       nan        nan        nan        nan        -13.068    0.000000e+00 


fr              MODE       IOX        СКОР       СКОА       СР         СА         СУ         AED        AEAZ       RED        REAZ       IG         TEC       
9.9960          E          0          161.506    0.486      909.545    353.136    11.696     153.255    0.336      14.420     0.095      25.706     1.130000e+17  
9.9960          F1         0          161.506    0.486      909.545    353.136    11.696     153.255    0.336      14.420     0.095      25.706     1.130000e+17  
9.9960          F2         0          98.777     0.769      1136.153   353.484    15.886     73.353     0.684      6.902      0.194      25.706     1.130000e+17 


fr              MODE       IOX        СКОР       СКОА       СР         СА         СУ         AED        AEAZ       RED        REAZ       IG         TEC       
9.9960          E          0          156.135    0.486      914.098    353.135    11.697     148.702    0.335      13.992     0.095      -13.068    0.000000e+00  
9.9960          F1         0          156.135    0.486      914.098    353.135    11.697     148.702    0.335      13.992     0.095      -13.068    0.000000e+00  
9.9960          F2         0          0.000      0.000      -nan       -nan       -nan       nan        nan        nan        nan        -13.068    0.000000e+00 


fr              MODE       IOX        СКОР       СКОА       СР         СА         СУ         AED        AEAZ       RED        REAZ       IG         TEC       
9.9960          E          0          161.506    0.486      909.545    353.136    11.696     153.255    0.336      14.420     0.095      25.706     1.130000e+17  
9.9960          F1         0          161.506    0.486      909.545    353.136    11.696     153.255    0.336      14.420     0.095      25.706     1.130000e+17  
9.9960          F2         0          98.777     0.769      1136.153   353.484    15.886     73.353     0.684      6.902      0.194      25.706     1.130000e+17 


fr              MODE       IOX        СКОР       СКОА       СР         СА         СУ         AED        AEAZ       RED        REAZ       IG         TEC       
9.9960          E          0          156.135    0.486      914.098    353.135    11.697     148.702    0.335      13.992     0.095      -13.068    0.000000e+00  
9.9960          F1         0          156.135    0.486      914.098    353.135    11.697     148.702    0.335      13.992     0.095      -13.068    0.000000e+00  
9.9960          F2         0          0.000      0.000      -nan       -nan       -nan       nan        nan        nan        nan        -13.068    0.000000e+00 


fr              MODE       IOX        СКОР       СКОА       СР         СА         СУ         AED        AEAZ       RED        REAZ       IG         TEC       
9.9960          E          0          161.506    0.486      909.545    353.136    11.696     153.255    0.336      14.420     0.095      25.706     1.130000e+17  
9.9960          F1         0          161.506    0.486      909.545    353.136    11.696     153.255    0.336      14.420     0.095      25.706     1.130000e+17  
9.9960          F2         0          98.777     0.769      1136.153   353.484    15.886     73.353     0.684      6.902      0.194      25.706     1.130000e+17 


fr              MODE       IOX        СКОР       СКОА       СР         СА         СУ         AED        AEAZ       RED        REAZ       IG         TEC       
9.9960          E          0          156.135    0.486      914.098    353.135    11.697     148.702    0.335      13.992     0.095      -13.068    0.000000e+00  
9.9960          F1         0          156.135    0.486      914.098    353.135    11.697     148.702    0.335      13.992     0.095      -13.068    0.000000e+00  
9.9960          F2         0          0.000      0.000      -nan       -nan       -nan       nan        nan        nan        nan        -13.068    0.000000e+00 


fr              MODE       IOX        СКОР       СКОА       СР         СА         СУ         AED        AEAZ       RED        REAZ       IG         TEC       
9.9960          E          0          161.506    0.486      909.545    353.136    11.696     153.255    0.336      14.420     0.095      25.706     1.130000e+17  
9.9960          F1         0          161.506    0.486      909.545    353.136    11.696     153.255    0.336      14.420     0.095      25.706     1.130000e+17  
9.9960          F2         0          98.777     0.769      1136.153   353.484    15.886     73.353     0.684      6.902      0.194      25.706     1.130000e+17 


fr              MODE       IOX        СКОР       СКОА       СР         СА         СУ         AED        AEAZ       RED        REAZ       IG         TEC       
9.9960          E          0          156.135    0.486      914.098    353.135    11.697     148.702    0.335      13.992     0.095      -13.068    0.000000e+00  
9.9960          F1         0          156.135    0.486      914.098    353.135    11.697     148.702    0.335      13.992     0.095      -13.068    0.000000e+00  
9.9960          F2         0          0.000      0.000      -nan       -nan       -nan       nan        nan        nan        nan        -13.068    0.000000e+00 


fr              MODE       IOX        СКОР       СКОА       СР         СА         СУ         AED        AEAZ       RED        REAZ       IG         TEC       
9.9960          E          0          161.506    0.486      909.545    353.136    11.696     153.255    0.336      14.420     0.095      25.706     1.130000e+17  
9.9960          F1         0          161.506    0.486      909.545    353.136    11.696     153.255    0.336      14.420     0.095      25.706     1.130000e+17  
9.9960          F2         0          98.777     0.769      1136.153   353.484    15.886     73.353     0.684      6.902      0.194      25.706     1.130000e+17 


fr              MODE       IOX        СКОР       СКОА       СР         СА         СУ         AED        AEAZ       RED        REAZ       IG         TEC       
9.9960          E          0          156.135    0.486      914.098    353.135    11.697     148.702    0.335      13.992     0.095      -13.068    0.000000e+00  
9.9960          F1         0          156.135    0.486      914.098    353.135    11.697     148.702    0.335      13.992     0.095      -13.068    0.000000e+00  
9.9960          F2         0          0.000      0.000      -nan       -nan       -nan       nan        nan        nan        nan        -13.068    0.000000e+00 


fr              MODE       IOX        СКОР       СКОА       СР         СА         СУ         AED        AEAZ       RED        REAZ       IG         TEC       
9.9960          E          0          161.506    0.486      909.545    353.136    11.696     153.255    0.336      14.420     0.095      25.706     1.130000e+17  
9.9960          F1         0          161.506    0.486      909.545    353.136    11.696     153.255    0.336      14.420     0.095      25.706     1.130000e+17  
9.9960          F2         0          98.777     0.769      1136.153   353.484    15.886     73.353     0.684      6.902      0.194      25.706     1.130000e+17 


fr              MODE       IOX        СКОР       СКОА       СР         СА         СУ         AED        AEAZ       RED        REAZ       IG         TEC       
9.9960          E          0          156.135    0.486      914.098    353.135    11.697     148.702    0.335      13.992     0.095      -13.068    0.000000e+00  
9.9960          F1         0          156.135    0.486      914.098    353.135    11.697     148.702    0.335      13.992     0.095      -13.068    0.000000e+00  
9.9960          F2         0          0.000      0.000      -nan       -nan       -nan       nan        nan        nan        nan        -13.068    0.000000e+00 


fr              MODE       IOX        СКОР       СКОА       СР         СА         СУ         AED        AEAZ       RED        REAZ       IG         TEC       
9.9960          E          0          161.506    0.486      909.545    353.136    11.696     153.255    0.336      14.420     0.095      25.706     1.130000e+17  
9.9960          F1         0          161.506    0.486      909.545    353.136    11.696     153.255    0.336      14.420     0.095      25.706     1.130000e+17  
9.9960          F2         0          98.777     0.769      1136.153   353.484    15.886     73.353     0.684      6.902      0.194      25.706     1.130000e+17 


fr              MODE       IOX        СКОР       СКОА       СР         СА         СУ         AED        AEAZ       RED        REAZ       IG         TEC       
9.9960          E          0          156.135    0.486      914.098    353.135    11.697     148.702    0.335      13.992     0.095      -13.068    0.000000e+00  
9.9960          F1         0          156.135    0.486      914.098    353.135    11.697     148.702    0.335      13.992     0.095      -13.068    0.000000e+00  
9.9960          F2         0          0.000      0.000      -nan       -nan       -nan       nan        nan        nan        nan        -13.068    0.000000e+00 


fr              MODE       IOX        СКОР       СКОА       СР         СА         СУ         AED        AEAZ       RED        REAZ       IG         TEC       
9.9960          E          0          130.875    0.472      937.742    353.120    11.523     125.058    0.320      11.767     0.091      6.853      1.130000e+17  
9.9960          F1         0          130.875    0.472      937.742    353.120    11.523     125.058    0.320      11.767     0.091      6.853      1.130000e+17  
9.9960          F2         0          30.914     0.731      1087.593   353.465    15.682     24.793     0.665      2.333      0.189      6.853      1.130000e+17 


fr              MODE       IOX        СКОР       СКОА       СР         СА         СУ         AED        AEAZ       RED        REAZ       IG         TEC       
9.9960          E          0          130.299    0.472      938.398    353.120    11.521     124.402    0.320      11.705     0.091      -13.068    0.000000e+00  
9.9960          F1         0          130.299    0.472      938.398    353.120    11.521     124.402    0.320      11.705     0.091      -13.068    0.000000e+00  
9.9960          F2         0          13.327     0.702      1072.330   353.502    13.978     9.530      0.702      0.897      0.199      -13.068    0.000000e+00 


fr              MODE       IOX        СКОР       СКОА       СР         СА         СУ         AED        AEAZ       RED        REAZ       IG         TEC       
9.9960          E          0          130.875    0.472      937.742    353.120    11.523     125.058    0.320      11.767     0.091      6.853      1.130000e+17  
9.9960          F1         0          130.875    0.472      937.742    353.120    11.523     125.058    0.320      11.767     0.091      6.853      1.130000e+17  
9.9960          F2         0          30.914     0.731      1087.593   353.465    15.682     24.793     0.665      2.333      0.189      6.853      1.130000e+17 


fr              MODE       IOX        СКОР       СКОА       СР         СА         СУ         AED        AEAZ       RED        REAZ       IG         TEC       
9.9960          E          0          130.299    0.472      938.398    353.120    11.521     124.402    0.320      11.705     0.091      -13.068    0.000000e+00  
9.9960          F1         0          130.299    0.472      938.398    353.120    11.521     124.402    0.320      11.705     0.091      -13.068    0.000000e+00  
9.9960          F2         0          13.327     0.702      1072.330   353.502    13.978     9.530      0.702      0.897      0.199      -13.068    0.000000e+00 


fr              MODE       IOX        СКОР       СКОА       СР         СА         СУ         AED        AEAZ       RED        REAZ       IG         TEC       
9.9960          E          0          130.875    0.472      937.742    353.120    11.523     125.058    0.320      11.767     0.091      6.853      1.130000e+17  
9.9960          F1         0          130.875    0.472      937.742    353.120    11.523     125.058    0.320      11.767     0.091      6.853      1.130000e+17  
9.9960          F2         0          30.914     0.731      1087.593   353.465    15.682     24.793     0.665      2.333      0.189      6.853      1.130000e+17 


fr              MODE       IOX        СКОР       СКОА       СР         СА         СУ         AED        AEAZ       RED        REAZ       IG         TEC       
9.9960          E          0          130.299    0.472      938.398    353.120    11.521     124.402    0.320      11.705     0.091      -13.068    0.000000e+00  
9.9960          F1         0          130.299    0.472      938.398    353.120    11.521     124.402    0.320      11.705     0.091      -13.068    0.000000e+00  
9.9960          F2         0          13.327     0.702      1072.330   353.502    13.978     9.530      0.702      0.897      0.199      -13.068    0.000000e+00 


fr              MODE       IOX        СКОР       СКОА       СР         СА         СУ         AED        AEAZ       RED        REAZ       IG         TEC       
9.9960          E          0          130.875    0.472      937.742    353.120    11.523     125.058    0.320      11.767     0.091      6.853      1.130000e+17  
9.9960          F1         0          130.875    0.472      937.742    353.120    11.523     125.058    0.320      11.767     0.091      6.853      1.130000e+17  
9.9960          F2         0          30.914     0.731      1087.593   353.465    15.682     24.793     0.665      2.333      0.189      6.853      1.130000e+17 


fr              MODE       IOX        СКОР       СКОА       СР         СА         СУ         AED        AEAZ       RED        REAZ       IG         TEC       
9.9960          E          0          130.299    0.472      938.398    353.120    11.521     124.402    0.320      11.705     0.091      -13.068    0.000000e+00  
9.9960          F1         0          130.299    0.472      938.398    353.120    11.521     124.402    0.320      11.705     0.091      -13.068    0.000000e+00  
9.9960          F2         0          13.327     0.702      1072.330   353.502    13.978     9.530      0.702      0.897      0.199      -13.068    0.000000e+00 


fr              MODE       IOX        СКОР       СКОА       СР         СА         СУ         AED        AEAZ       RED        REAZ       IG         TEC       
9.9960          E          0          130.875    0.472      937.742    353.120    11.523     125.058    0.320      11.767     0.091      6.853      1.130000e+17  
9.9960          F1         0          130.875    0.472      937.742    353.120    11.523     125.058    0.320      11.767     0.091      6.853      1.130000e+17  
9.9960          F2         0          30.914     0.731      1087.593   353.465    15.682     24.793     0.665      2.333      0.189      6.853      1.130000e+17 


fr              MODE       IOX        СКОР       СКОА       СР         СА         СУ         AED        AEAZ       RED        REAZ       IG         TEC       
9.9960          E          0          130.299    0.472      938.398    353.120    11.521     124.402    0.320      11.705     0.091      -13.068    0.000000e+00  
9.9960          F1         0          130.299    0.472      938.398    353.120    11.521     124.402    0.320      11.705     0.091      -13.068    0.000000e+00  
9.9960          F2         0          13.327     0.702      1072.330   353.502    13.978     9.530      0.702      0.897      0.199      -13.068    0.000000e+00 


fr              MODE       IOX        СКОР       СКОА       СР         СА         СУ         AED        AEAZ       RED        REAZ       IG         TEC       
9.9960          E          0          0.000      0.000      -nan       -nan       -nan       nan        nan        nan        nan        6.853      1.130000e+17  
9.9960          F1         0          0.000      0.000      -nan       -nan       -nan       nan        nan        nan        nan        6.853      1.130000e+17  
9.9960          F2         0          0.000      0.000      -nan       -nan       -nan       nan        nan        nan        nan        6.853      1.130000e+17 


fr              MODE       IOX        СКОР       СКОА       СР         СА         СУ         AED        AEAZ       RED        REAZ       IG         TEC       
9.9960          E          0          0.000      0.000      -nan       -nan       -nan       nan        nan        nan        nan        -13.068    0.000000e+00  
9.9960          F1         0          0.000      0.000      -nan       -nan       -nan       nan        nan        nan        nan        -13.068    0.000000e+00  
9.9960          F2         0          0.000      0.000      -nan       -nan       -nan       nan        nan        nan        nan        -13.068    0.000000e+00 


fr              MODE       IOX        СКОР       СКОА       СР         СА         СУ         AED        AEAZ       RED        REAZ       IG         TEC       
9.9960          E          0          0.000      0.000      -nan       -nan       -nan       nan        nan        nan        nan        6.853      1.130000e+17  
9.9960          F1         0          0.000      0.000      -nan       -nan       -nan       nan        nan        nan        nan        6.853      1.130000e+17  
9.9960          F2         0          0.000      0.000      -nan       -nan       -nan       nan        nan        nan        nan        6.853      1.130000e+17 


fr              MODE       IOX        СКОР       СКОА       СР         СА         СУ         AED        AEAZ       RED        REAZ       IG         TEC       
9.9960          E          0          0.000      0.000      -nan       -nan       -nan       nan        nan        nan        nan        -13.068    0.000000e+00  
9.9960          F1         0          0.000      0.000      -nan       -nan       -nan       nan        nan        nan        nan        -13.068    0.000000e+00  
9.9960          F2         0          0.000      0.000      -nan       -nan       -nan       nan        nan        nan        nan        -13.068    0.000000e+00 


fr              MODE       IOX        СКОР       СКОА       СР         СА         СУ         AED        AEAZ       RED        REAZ       IG         TEC       
9.9960          E          0          0.000      0.000      -nan       -nan       -nan       nan        nan        nan        nan        6.853      1.130000e+17  
9.9960          F1         0          0.000      0.000      -nan       -nan       -nan       nan        nan        nan        nan        6.853      1.130000e+17  
9.9960          F2         0          0.000      0.000      -nan       -nan       -nan       nan        nan        nan        nan        6.853      1.130000e+17 


fr              MODE       IOX        СКОР       СКОА       СР         СА         СУ         AED        AEAZ       RED        REAZ       IG         TEC       
9.9960          E          0          0.000      0.000      -nan       -nan       -nan       nan        nan        nan        nan        -13.068    0.000000e+00  
9.9960          F1         0          0.000      0.000      -nan       -nan       -nan       nan        nan        nan        nan        -13.068    0.000000e+00  
9.9960          F2         0          0.000      0.000      -nan       -nan       -nan       nan        nan        nan        nan        -13.068    0.000000e+00 


fr              MODE       IOX        СКОР       СКОА       СР         СА         СУ         AED        AEAZ       RED        REAZ       IG         TEC       
9.9960          E          0          130.875    0.472      937.742    353.120    11.523     125.058    0.320      11.767     0.091      6.853      1.130000e+17  
9.9960          F1         0          130.875    0.472      937.742    353.120    11.523     125.058    0.320      11.767     0.091      6.853      1.130000e+17  
9.9960          F2         0          229.074    0.723      1218.499   353.443    14.648     155.699    0.643      14.650     0.182      6.853      1.130000e+17 


fr              MODE       IOX        СКОР       СКОА       СР         СА         СУ         AED        AEAZ       RED        REAZ       IG         TEC       
9.9960          E          0          130.299    0.472      938.398    353.120    11.521     124.402    0.320      11.705     0.091      -13.068    0.000000e+00  
9.9960          F1         0          130.299    0.472      938.398    353.120    11.521     124.402    0.320      11.705     0.091      -13.068    0.000000e+00  
9.9960          F2         0          328.850    0.718      1373.522   353.438    14.457     310.722    0.638      29.236     0.181      -13.068    0.000000e+00 


fr              MODE       IOX        СКОР       СКОА       СР         СА         СУ         AED        AEAZ       RED        REAZ       IG         TEC       
9.9960          E          0          130.875    0.472      937.742    353.120    11.523     125.058    0.320      11.767     0.091      6.853      1.130000e+17  
9.9960          F1         0          130.875    0.472      937.742    353.120    11.523     125.058    0.320      11.767     0.091      6.853      1.130000e+17  
9.9960          F2         0          229.074    0.723      1218.499   353.443    14.648     155.699    0.643      14.650     0.182      6.853      1.130000e+17 


fr              MODE       IOX        СКОР       СКОА       СР         СА         СУ         AED        AEAZ       RED        REAZ       IG         TEC       
9.9960          E          0          130.299    0.472      938.398    353.120    11.521     124.402    0.320      11.705     0.091      -13.068    0.000000e+00  
9.9960          F1         0          130.299    0.472      938.398    353.120    11.521     124.402    0.320      11.705     0.091      -13.068    0.000000e+00  
9.9960          F2         0          328.850    0.718      1373.522   353.438    14.457     310.722    0.638      29.236     0.181      -13.068    0.000000e+00 


fr              MODE       IOX        СКОР       СКОА       СР         СА         СУ         AED        AEAZ       RED        REAZ       IG         TEC       
9.9960          E          0          130.875    0.472      937.742    353.120    11.523     125.058    0.320      11.767     0.091      6.853      1.130000e+17  
9.9960          F1         0          130.875    0.472      937.742    353.120    11.523     125.058    0.320      11.767     0.091      6.853      1.130000e+17  
9.9960          F2         0          229.074    0.723      1218.499   353.443    14.648     155.699    0.643      14.650     0.182      6.853      1.130000e+17 


fr              MODE       IOX        СКОР       СКОА       СР         СА         СУ         AED        AEAZ       RED        REAZ       IG         TEC       
9.9960          E          0          130.299    0.472      938.398    353.120    11.521     124.402    0.320      11.705     0.091      -13.068    0.000000e+00  
9.9960          F1         0          130.299    0.472      938.398    353.120    11.521     124.402    0.320      11.705     0.091      -13.068    0.000000e+00  
9.9960          F2         0          328.850    0.718      1373.522   353.438    14.457     310.722    0.638      29.236     0.181      -13.068    0.000000e+00 


fr              MODE       IOX        СКОР       СКОА       СР         СА         СУ         AED        AEAZ       RED        REAZ       IG         TEC       
9.9960          E          0          130.875    0.472      937.742    353.120    11.523     125.058    0.320      11.767     0.091      6.853      1.130000e+17  
9.9960          F1         0          130.875    0.472      937.742    353.120    11.523     125.058    0.320      11.767     0.091      6.853      1.130000e+17  
9.9960          F2         0          229.074    0.723      1218.499   353.443    14.648     155.699    0.643      14.650     0.182      6.853      1.130000e+17 


fr              MODE       IOX        СКОР       СКОА       СР         СА         СУ         AED        AEAZ       RED        REAZ       IG         TEC       
9.9960          E          0          130.299    0.472      938.398    353.120    11.521     124.402    0.320      11.705     0.091      -13.068    0.000000e+00  
9.9960          F1         0          130.299    0.472      938.398    353.120    11.521     124.402    0.320      11.705     0.091      -13.068    0.000000e+00  
9.9960          F2         0          328.850    0.718      1373.522   353.438    14.457     310.722    0.638      29.236     0.181      -13.068    0.000000e+00 


fr              MODE       IOX        СКОР       СКОА       СР         СА         СУ         AED        AEAZ       RED        REAZ       IG         TEC       
9.9960          E          0          130.875    0.472      937.742    353.120    11.523     125.058    0.320      11.767     0.091      6.853      1.130000e+17  
9.9960          F1         0          130.875    0.472      937.742    353.120    11.523     125.058    0.320      11.767     0.091      6.853      1.130000e+17  
9.9960          F2         0          229.074    0.723      1218.499   353.443    14.648     155.699    0.643      14.650     0.182      6.853      1.130000e+17 


fr              MODE       IOX        СКОР       СКОА       СР         СА         СУ         AED        AEAZ       RED        REAZ       IG         TEC       
9.9960          E          0          130.299    0.472      938.398    353.120    11.521     124.402    0.320      11.705     0.091      -13.068    0.000000e+00  
9.9960          F1         0          130.299    0.472      938.398    353.120    11.521     124.402    0.320      11.705     0.091      -13.068    0.000000e+00  
9.9960          F2         0          328.850    0.718      1373.522   353.438    14.457     310.722    0.638      29.236     0.181      -13.068    0.000000e+00 


