fr              MODE       IOX        СКОР       СКОА       СР         СА         СУ         AED        AEAZ       RED        REAZ       IG         TEC       
9.9960          E          0          146.420    1.428      942.049    353.545    11.341     120.751    0.745      11.362     0.211      16.018     1.040000e+17  
9.9960          F1         0          146.420    1.428      942.049    353.545    11.341     120.751    0.745      11.362     0.211      16.018     1.040000e+17  
9.9960          F2         0          0.000      0.000      -nan       -nan       -nan       nan        nan        nan        nan        16.018     1.040000e+17 


fr              MODE       IOX        СКОР       СКОА       СР         СА         СУ         AED        AEAZ       RED        REAZ       IG         TEC       
9.9960          E          0          144.682    1.428      942.973    353.545    11.344     119.827    0.745      11.275     0.211      -13.068    0.000000e+00  
9.9960          F1         0          144.682    1.428      942.973    353.545    11.344     119.827    0.745      11.275     0.211      -13.068    0.000000e+00  
9.9960          F2         0          0.000      0.000      -nan       -nan       -nan       nan        nan        nan        nan        -13.068    0.000000e+00 


fr              MODE       IOX        СКОР       СКОА       СР         СА         СУ         AED        AEAZ       RED        REAZ       IG         TEC       
9.9960          E          0          146.420    1.428      942.049    353.545    11.341     120.751    0.745      11.362     0.211      16.018     1.040000e+17  
9.9960          F1         0          146.420    1.428      942.049    353.545    11.341     120.751    0.745      11.362     0.211      16.018     1.040000e+17  
9.9960          F2         0          0.000      0.000      -nan       -nan       -nan       nan        nan        nan        nan        16.018     1.040000e+17 


fr              MODE       IOX        СКОР       СКОА       СР         СА         СУ         AED        AEAZ       RED        REAZ       IG         TEC       
9.9960          E          0          144.682    1.428      942.973    353.545    11.344     119.827    0.745      11.275     0.211      -13.068    0.000000e+00  
9.9960          F1         0          144.682    1.428      942.973    353.545    11.344     119.827    0.745      11.275     0.211      -13.068    0.000000e+00  
9.9960          F2         0          0.000      0.000      -nan       -nan       -nan       nan        nan        nan        nan        -13.068    0.000000e+00 


fr              MODE       IOX        СКОР       СКОА       СР         СА         СУ         AED        AEAZ       RED        REAZ       IG         TEC       
9.9960          E          0          139.293    1.370      944.747    353.515    11.197     118.053    0.715      11.108     0.203      16.018     1.040000e+17  
9.9960          F1         0          139.293    1.370      944.747    353.515    11.197     118.053    0.715      11.108     0.203      16.018     1.040000e+17  
9.9960          F2         0          0.000      0.000      -nan       -nan       -nan       nan        nan        nan        nan        16.018     1.040000e+17 


fr              MODE       IOX        СКОР       СКОА       СР         СА         СУ         AED        AEAZ       RED        REAZ       IG         TEC       
9.9960          E          0          136.824    1.370      945.954    353.515    11.200     116.846    0.715      10.994     0.203      -13.068    0.000000e+00  
9.9960          F1         0          136.824    1.370      945.954    353.515    11.200     116.846    0.715      10.994     0.203      -13.068    0.000000e+00  
9.9960          F2         0          0.000      0.000      -nan       -nan       -nan       nan        nan        nan        nan        -13.068    0.000000e+00 


fr              MODE       IOX        СКОР       СКОА       СР         СА         СУ         AED        AEAZ       RED        REAZ       IG         TEC       
9.9960          E          0          139.293    1.370      944.747    353.515    11.197     118.053    0.715      11.108     0.203      16.018     1.040000e+17  
9.9960          F1         0          139.293    1.370      944.747    353.515    11.197     118.053    0.715      11.108     0.203      16.018     1.040000e+17  
9.9960          F2         0          0.000      0.000      -nan       -nan       -nan       nan        nan        nan        nan        16.018     1.040000e+17 


fr              MODE       IOX        СКОР       СКОА       СР         СА         СУ         AED        AEAZ       RED        REAZ       IG         TEC       
9.9960          E          0          136.824    1.370      945.954    353.515    11.200     116.846    0.715      10.994     0.203      -13.068    0.000000e+00  
9.9960          F1         0          136.824    1.370      945.954    353.515    11.200     116.846    0.715      10.994     0.203      -13.068    0.000000e+00  
9.9960          F2         0          0.000      0.000      -nan       -nan       -nan       nan        nan        nan        nan        -13.068    0.000000e+00 


fr              MODE       IOX        СКОР       СКОА       СР         СА         СУ         AED        AEAZ       RED        REAZ       IG         TEC       
9.9960          E          0          139.293    1.370      944.747    353.515    11.197     118.053    0.715      11.108     0.203      16.018     1.040000e+17  
9.9960          F1         0          139.293    1.370      944.747    353.515    11.197     118.053    0.715      11.108     0.203      16.018     1.040000e+17  
9.9960          F2         0          0.000      0.000      -nan       -nan       -nan       nan        nan        nan        nan        16.018     1.040000e+17 


fr              MODE       IOX        СКОР       СКОА       СР         СА         СУ         AED        AEAZ       RED        REAZ       IG         TEC       
9.9960          E          0          136.824    1.370      945.954    353.515    11.200     116.846    0.715      10.994     0.203      -13.068    0.000000e+00  
9.9960          F1         0          136.824    1.370      945.954    353.515    11.200     116.846    0.715      10.994     0.203      -13.068    0.000000e+00  
9.9960          F2         0          0.000      0.000      -nan       -nan       -nan       nan        nan        nan        nan        -13.068    0.000000e+00 


fr              MODE       IOX        СКОР       СКОА       СР         СА         СУ         AED        AEAZ       RED        REAZ       IG         TEC       
9.9960          E          0          139.293    1.370      944.747    353.515    11.197     118.053    0.715      11.108     0.203      16.018     1.040000e+17  
9.9960          F1         0          139.293    1.370      944.747    353.515    11.197     118.053    0.715      11.108     0.203      16.018     1.040000e+17  
9.9960          F2         0          0.000      0.000      -nan       -nan       -nan       nan        nan        nan        nan        16.018     1.040000e+17 


fr              MODE       IOX        СКОР       СКОА       СР         СА         СУ         AED        AEAZ       RED        REAZ       IG         TEC       
9.9960          E          0          136.824    1.370      945.954    353.515    11.200     116.846    0.715      10.994     0.203      -13.068    0.000000e+00  
9.9960          F1         0          136.824    1.370      945.954    353.515    11.200     116.846    0.715      10.994     0.203      -13.068    0.000000e+00  
9.9960          F2         0          0.000      0.000      -nan       -nan       -nan       nan        nan        nan        nan        -13.068    0.000000e+00 


fr              MODE       IOX        СКОР       СКОА       СР         СА         СУ         AED        AEAZ       RED        REAZ       IG         TEC       
9.9960          E          0          139.293    1.370      944.747    353.515    11.197     118.053    0.715      11.108     0.203      16.018     1.040000e+17  
9.9960          F1         0          139.293    1.370      944.747    353.515    11.197     118.053    0.715      11.108     0.203      16.018     1.040000e+17  
9.9960          F2         0          0.000      0.000      -nan       -nan       -nan       nan        nan        nan        nan        16.018     1.040000e+17 


fr              MODE       IOX        СКОР       СКОА       СР         СА         СУ         AED        AEAZ       RED        REAZ       IG         TEC       
9.9960          E          0          136.824    1.370      945.954    353.515    11.200     116.846    0.715      10.994     0.203      -13.068    0.000000e+00  
9.9960          F1         0          136.824    1.370      945.954    353.515    11.200     116.846    0.715      10.994     0.203      -13.068    0.000000e+00  
9.9960          F2         0          0.000      0.000      -nan       -nan       -nan       nan        nan        nan        nan        -13.068    0.000000e+00 


fr              MODE       IOX        СКОР       СКОА       СР         СА         СУ         AED        AEAZ       RED        REAZ       IG         TEC       
9.9960          E          0          139.293    1.370      944.747    353.515    11.197     118.053    0.715      11.108     0.203      16.018     1.040000e+17  
9.9960          F1         0          139.293    1.370      944.747    353.515    11.197     118.053    0.715      11.108     0.203      16.018     1.040000e+17  
9.9960          F2         0          0.000      0.000      -nan       -nan       -nan       nan        nan        nan        nan        16.018     1.040000e+17 


fr              MODE       IOX        СКОР       СКОА       СР         СА         СУ         AED        AEAZ       RED        REAZ       IG         TEC       
9.9960          E          0          136.824    1.370      945.954    353.515    11.200     116.846    0.715      10.994     0.203      -13.068    0.000000e+00  
9.9960          F1         0          136.824    1.370      945.954    353.515    11.200     116.846    0.715      10.994     0.203      -13.068    0.000000e+00  
9.9960          F2         0          0.000      0.000      -nan       -nan       -nan       nan        nan        nan        nan        -13.068    0.000000e+00 


fr              MODE       IOX        СКОР       СКОА       СР         СА         СУ         AED        AEAZ       RED        REAZ       IG         TEC       
9.9960          E          0          139.293    1.370      944.747    353.515    11.197     118.053    0.715      11.108     0.203      16.018     1.040000e+17  
9.9960          F1         0          139.293    1.370      944.747    353.515    11.197     118.053    0.715      11.108     0.203      16.018     1.040000e+17  
9.9960          F2         0          0.000      0.000      -nan       -nan       -nan       nan        nan        nan        nan        16.018     1.040000e+17 


fr              MODE       IOX        СКОР       СКОА       СР         СА         СУ         AED        AEAZ       RED        REAZ       IG         TEC       
9.9960          E          0          136.824    1.370      945.954    353.515    11.200     116.846    0.715      10.994     0.203      -13.068    0.000000e+00  
9.9960          F1         0          136.824    1.370      945.954    353.515    11.200     116.846    0.715      10.994     0.203      -13.068    0.000000e+00  
9.9960          F2         0          0.000      0.000      -nan       -nan       -nan       nan        nan        nan        nan        -13.068    0.000000e+00 


fr              MODE       IOX        СКОР       СКОА       СР         СА         СУ         AED        AEAZ       RED        REAZ       IG         TEC       
9.9960          E          0          139.293    1.370      944.747    353.515    11.197     118.053    0.715      11.108     0.203      16.018     1.040000e+17  
9.9960          F1         0          139.293    1.370      944.747    353.515    11.197     118.053    0.715      11.108     0.203      16.018     1.040000e+17  
9.9960          F2         0          0.000      0.000      -nan       -nan       -nan       nan        nan        nan        nan        16.018     1.040000e+17 


fr              MODE       IOX        СКОР       СКОА       СР         СА         СУ         AED        AEAZ       RED        REAZ       IG         TEC       
9.9960          E          0          136.824    1.370      945.954    353.515    11.200     116.846    0.715      10.994     0.203      -13.068    0.000000e+00  
9.9960          F1         0          136.824    1.370      945.954    353.515    11.200     116.846    0.715      10.994     0.203      -13.068    0.000000e+00  
9.9960          F2         0          0.000      0.000      -nan       -nan       -nan       nan        nan        nan        nan        -13.068    0.000000e+00 


fr              MODE       IOX        СКОР       СКОА       СР         СА         СУ         AED        AEAZ       RED        REAZ       IG         TEC       
9.9960          E          0          0.000      0.000      -nan       -nan       -nan       nan        nan        nan        nan        -13.068    1.040000e+17  
9.9960          F1         0          0.000      0.000      -nan       -nan       -nan       nan        nan        nan        nan        -13.068    1.040000e+17  
9.9960          F2         0          100.925    1.118      1115.899   353.402    10.964     53.099     0.602      4.996      0.171      -13.068    1.040000e+17 


fr              MODE       IOX        СКОР       СКОА       СР         СА         СУ         AED        AEAZ       RED        REAZ       IG         TEC       
9.9960          E          0          110.344    1.198      972.875    353.455    10.793     89.925     0.655      8.461      0.186      -13.068    0.000000e+00  
9.9960          F1         0          110.344    1.198      972.875    353.455    10.793     89.925     0.655      8.461      0.186      -13.068    0.000000e+00  
9.9960          F2         0          63.325     2.227      1087.680   353.351    13.695     24.880     0.551      2.341      0.156      -13.068    0.000000e+00 


fr              MODE       IOX        СКОР       СКОА       СР         СА         СУ         AED        AEAZ       RED        REAZ       IG         TEC       
9.9960          E          0          0.000      0.000      -nan       -nan       -nan       nan        nan        nan        nan        -13.068    1.040000e+17  
9.9960          F1         0          0.000      0.000      -nan       -nan       -nan       nan        nan        nan        nan        -13.068    1.040000e+17  
9.9960          F2         0          100.925    1.118      1115.899   353.402    10.964     53.099     0.602      4.996      0.171      -13.068    1.040000e+17 


fr              MODE       IOX        СКОР       СКОА       СР         СА         СУ         AED        AEAZ       RED        REAZ       IG         TEC       
9.9960          E          0          110.344    1.198      972.875    353.455    10.793     89.925     0.655      8.461      0.186      -13.068    0.000000e+00  
9.9960          F1         0          110.344    1.198      972.875    353.455    10.793     89.925     0.655      8.461      0.186      -13.068    0.000000e+00  
9.9960          F2         0          63.325     2.227      1087.680   353.351    13.695     24.880     0.551      2.341      0.156      -13.068    0.000000e+00 


fr              MODE       IOX        СКОР       СКОА       СР         СА         СУ         AED        AEAZ       RED        REAZ       IG         TEC       
9.9960          E          0          0.000      0.000      -nan       -nan       -nan       nan        nan        nan        nan        -13.068    1.040000e+17  
9.9960          F1         0          0.000      0.000      -nan       -nan       -nan       nan        nan        nan        nan        -13.068    1.040000e+17  
9.9960          F2         0          100.925    1.118      1115.899   353.402    10.964     53.099     0.602      4.996      0.171      -13.068    1.040000e+17 


fr              MODE       IOX        СКОР       СКОА       СР         СА         СУ         AED        AEAZ       RED        REAZ       IG         TEC       
9.9960          E          0          110.344    1.198      972.875    353.455    10.793     89.925     0.655      8.461      0.186      -13.068    0.000000e+00  
9.9960          F1         0          110.344    1.198      972.875    353.455    10.793     89.925     0.655      8.461      0.186      -13.068    0.000000e+00  
9.9960          F2         0          63.325     2.227      1087.680   353.351    13.695     24.880     0.551      2.341      0.156      -13.068    0.000000e+00 


fr              MODE       IOX        СКОР       СКОА       СР         СА         СУ         AED        AEAZ       RED        REAZ       IG         TEC       
9.9960          E          0          0.000      0.000      -nan       -nan       -nan       nan        nan        nan        nan        -13.068    1.040000e+17  
9.9960          F1         0          0.000      0.000      -nan       -nan       -nan       nan        nan        nan        nan        -13.068    1.040000e+17  
9.9960          F2         0          100.925    1.118      1115.899   353.402    10.964     53.099     0.602      4.996      0.171      -13.068    1.040000e+17 


fr              MODE       IOX        СКОР       СКОА       СР         СА         СУ         AED        AEAZ       RED        REAZ       IG         TEC       
9.9960          E          0          110.344    1.198      972.875    353.455    10.793     89.925     0.655      8.461      0.186      -13.068    0.000000e+00  
9.9960          F1         0          110.344    1.198      972.875    353.455    10.793     89.925     0.655      8.461      0.186      -13.068    0.000000e+00  
9.9960          F2         0          63.325     2.227      1087.680   353.351    13.695     24.880     0.551      2.341      0.156      -13.068    0.000000e+00 


fr              MODE       IOX        СКОР       СКОА       СР         СА         СУ         AED        AEAZ       RED        REAZ       IG         TEC       
9.9960          E          0          0.000      0.000      -nan       -nan       -nan       nan        nan        nan        nan        -13.068    1.040000e+17  
9.9960          F1         0          0.000      0.000      -nan       -nan       -nan       nan        nan        nan        nan        -13.068    1.040000e+17  
9.9960          F2         0          100.925    1.118      1115.899   353.402    10.964     53.099     0.602      4.996      0.171      -13.068    1.040000e+17 


fr              MODE       IOX        СКОР       СКОА       СР         СА         СУ         AED        AEAZ       RED        REAZ       IG         TEC       
9.9960          E          0          110.344    1.198      972.875    353.455    10.793     89.925     0.655      8.461      0.186      -13.068    0.000000e+00  
9.9960          F1         0          110.344    1.198      972.875    353.455    10.793     89.925     0.655      8.461      0.186      -13.068    0.000000e+00  
9.9960          F2         0          63.325     2.227      1087.680   353.351    13.695     24.880     0.551      2.341      0.156      -13.068    0.000000e+00 


fr              MODE       IOX        СКОР       СКОА       СР         СА         СУ         AED        AEAZ       RED        REAZ       IG         TEC       
9.9960          E          0          0.000      0.000      -nan       -nan       -nan       nan        nan        nan        nan        -13.068    1.040000e+17  
9.9960          F1         0          0.000      0.000      -nan       -nan       -nan       nan        nan        nan        nan        -13.068    1.040000e+17  
9.9960          F2         0          0.000      0.000      -nan       -nan       -nan       nan        nan        nan        nan        -13.068    1.040000e+17 


fr              MODE       IOX        СКОР       СКОА       СР         СА         СУ         AED        AEAZ       RED        REAZ       IG         TEC       
9.9960          E          0          0.000      0.000      -nan       -nan       -nan       nan        nan        nan        nan        -13.068    0.000000e+00  
9.9960          F1         0          0.000      0.000      -nan       -nan       -nan       nan        nan        nan        nan        -13.068    0.000000e+00  
9.9960          F2         0          0.000      0.000      -nan       -nan       -nan       nan        nan        nan        nan        -13.068    0.000000e+00 


fr              MODE       IOX        СКОР       СКОА       СР         СА         СУ         AED        AEAZ       RED        REAZ       IG         TEC       
9.9960          E          0          0.000      0.000      -nan       -nan       -nan       nan        nan        nan        nan        -13.068    1.040000e+17  
9.9960          F1         0          0.000      0.000      -nan       -nan       -nan       nan        nan        nan        nan        -13.068    1.040000e+17  
9.9960          F2         0          0.000      0.000      -nan       -nan       -nan       nan        nan        nan        nan        -13.068    1.040000e+17 


fr              MODE       IOX        СКОР       СКОА       СР         СА         СУ         AED        AEAZ       RED        REAZ       IG         TEC       
9.9960          E          0          0.000      0.000      -nan       -nan       -nan       nan        nan        nan        nan        -13.068    0.000000e+00  
9.9960          F1         0          0.000      0.000      -nan       -nan       -nan       nan        nan        nan        nan        -13.068    0.000000e+00  
9.9960          F2         0          0.000      0.000      -nan       -nan       -nan       nan        nan        nan        nan        -13.068    0.000000e+00 


fr              MODE       IOX        СКОР       СКОА       СР         СА         СУ         AED        AEAZ       RED        REAZ       IG         TEC       
9.9960          E          0          0.000      0.000      -nan       -nan       -nan       nan        nan        nan        nan        -13.068    1.040000e+17  
9.9960          F1         0          0.000      0.000      -nan       -nan       -nan       nan        nan        nan        nan        -13.068    1.040000e+17  
9.9960          F2         0          0.000      0.000      -nan       -nan       -nan       nan        nan        nan        nan        -13.068    1.040000e+17 


fr              MODE       IOX        СКОР       СКОА       СР         СА         СУ         AED        AEAZ       RED        REAZ       IG         TEC       
9.9960          E          0          0.000      0.000      -nan       -nan       -nan       nan        nan        nan        nan        -13.068    0.000000e+00  
9.9960          F1         0          0.000      0.000      -nan       -nan       -nan       nan        nan        nan        nan        -13.068    0.000000e+00  
9.9960          F2         0          0.000      0.000      -nan       -nan       -nan       nan        nan        nan        nan        -13.068    0.000000e+00 


fr              MODE       IOX        СКОР       СКОА       СР         СА         СУ         AED        AEAZ       RED        REAZ       IG         TEC       
9.9960          E          0          407.822    1.245      1437.326   353.469    7.412      374.526    0.669      35.240     0.190      -13.068    1.040000e+17  
9.9960          F1         0          407.822    1.245      1437.326   353.469    7.412      374.526    0.669      35.240     0.190      -13.068    1.040000e+17  
9.9960          F2         0          123.088    1.219      1133.481   353.473    10.995     70.681     0.673      6.650      0.191      -13.068    1.040000e+17 


fr              MODE       IOX        СКОР       СКОА       СР         СА         СУ         AED        AEAZ       RED        REAZ       IG         TEC       
9.9960          E          0          113.015    1.195      975.637    353.455    10.756     87.163     0.655      8.201      0.186      -13.068    0.000000e+00  
9.9960          F1         0          113.015    1.195      975.637    353.455    10.756     87.163     0.655      8.201      0.186      -13.068    0.000000e+00  
9.9960          F2         0          192.320    2.257      1204.456   353.683    14.274     141.656    0.883      13.329     0.250      -13.068    0.000000e+00 


fr              MODE       IOX        СКОР       СКОА       СР         СА         СУ         AED        AEAZ       RED        REAZ       IG         TEC       
9.9960          E          0          407.822    1.245      1437.326   353.469    7.412      374.526    0.669      35.240     0.190      -13.068    1.040000e+17  
9.9960          F1         0          407.822    1.245      1437.326   353.469    7.412      374.526    0.669      35.240     0.190      -13.068    1.040000e+17  
9.9960          F2         0          123.088    1.219      1133.481   353.473    10.995     70.681     0.673      6.650      0.191      -13.068    1.040000e+17 


fr              MODE       IOX        СКОР       СКОА       СР         СА         СУ         AED        AEAZ       RED        REAZ       IG         TEC       
9.9960          E          0          113.015    1.195      975.637    353.455    10.756     87.163     0.655      8.201      0.186      -13.068    0.000000e+00  
9.9960          F1         0          113.015    1.195      975.637    353.455    10.756     87.163     0.655      8.201      0.186      -13.068    0.000000e+00  
9.9960          F2         0          192.320    2.257      1204.456   353.683    14.274     141.656    0.883      13.329     0.250      -13.068    0.000000e+00 


fr              MODE       IOX        СКОР       СКОА       СР         СА         СУ         AED        AEAZ       RED        REAZ       IG         TEC       
9.9960          E          0          407.822    1.245      1437.326   353.469    7.412      374.526    0.669      35.240     0.190      -13.068    1.040000e+17  
9.9960          F1         0          407.822    1.245      1437.326   353.469    7.412      374.526    0.669      35.240     0.190      -13.068    1.040000e+17  
9.9960          F2         0          123.088    1.219      1133.481   353.473    10.995     70.681     0.673      6.650      0.191      -13.068    1.040000e+17 


fr              MODE       IOX        СКОР       СКОА       СР         СА         СУ         AED        AEAZ       RED        REAZ       IG         TEC       
9.9960          E          0          113.015    1.195      975.637    353.455    10.756     87.163     0.655      8.201      0.186      -13.068    0.000000e+00  
9.9960          F1         0          113.015    1.195      975.637    353.455    10.756     87.163     0.655      8.201      0.186      -13.068    0.000000e+00  
9.9960          F2         0          192.320    2.257      1204.456   353.683    14.274     141.656    0.883      13.329     0.250      -13.068    0.000000e+00 


fr              MODE       IOX        СКОР       СКОА       СР         СА         СУ         AED        AEAZ       RED        REAZ       IG         TEC       
9.9960          E          0          407.822    1.245      1437.326   353.469    7.412      374.526    0.669      35.240     0.190      -13.068    1.040000e+17  
9.9960          F1         0          407.822    1.245      1437.326   353.469    7.412      374.526    0.669      35.240     0.190      -13.068    1.040000e+17  
9.9960          F2         0          123.088    1.219      1133.481   353.473    10.995     70.681     0.673      6.650      0.191      -13.068    1.040000e+17 


fr              MODE       IOX        СКОР       СКОА       СР         СА         СУ         AED        AEAZ       RED        REAZ       IG         TEC       
9.9960          E          0          113.015    1.195      975.637    353.455    10.756     87.163     0.655      8.201      0.186      -13.068    0.000000e+00  
9.9960          F1         0          113.015    1.195      975.637    353.455    10.756     87.163     0.655      8.201      0.186      -13.068    0.000000e+00  
9.9960          F2         0          192.320    2.257      1204.456   353.683    14.274     141.656    0.883      13.329     0.250      -13.068    0.000000e+00 


fr              MODE       IOX        СКОР       СКОА       СР         СА         СУ         AED        AEAZ       RED        REAZ       IG         TEC       
9.9960          E          0          407.822    1.245      1437.326   353.469    7.412      374.526    0.669      35.240     0.190      -13.068    1.040000e+17  
9.9960          F1         0          407.822    1.245      1437.326   353.469    7.412      374.526    0.669      35.240     0.190      -13.068    1.040000e+17  
9.9960          F2         0          123.088    1.219      1133.481   353.473    10.995     70.681     0.673      6.650      0.191      -13.068    1.040000e+17 


fr              MODE       IOX        СКОР       СКОА       СР         СА         СУ         AED        AEAZ       RED        REAZ       IG         TEC       
9.9960          E          0          113.015    1.195      975.637    353.455    10.756     87.163     0.655      8.201      0.186      -13.068    0.000000e+00  
9.9960          F1         0          113.015    1.195      975.637    353.455    10.756     87.163     0.655      8.201      0.186      -13.068    0.000000e+00  
9.9960          F2         0          192.320    2.257      1204.456   353.683    14.274     141.656    0.883      13.329     0.250      -13.068    0.000000e+00 


