fr              MODE       IOX        СКОР       СКОА       СР         СА         СУ         AED        AEAZ       RED        REAZ       IG         TEC       
9.9960          E          0          98.176     0.556      1103.969   353.129    9.598      41.169     0.329      3.874      0.093      28.715     1.050000e+17  
9.9960          F1         0          98.176     0.556      1103.969   353.129    9.598      41.169     0.329      3.874      0.093      28.715     1.050000e+17  
9.9960          F2         0          0.000      0.000      -nan       -nan       -nan       nan        nan        nan        nan        28.715     1.050000e+17 


fr              MODE       IOX        СКОР       СКОА       СР         СА         СУ         AED        AEAZ       RED        REAZ       IG         TEC       
9.9960          E          0          110.907    0.547      1112.456   353.116    9.636      49.656     0.316      4.672      0.090      -13.068    0.000000e+00  
9.9960          F1         0          110.907    0.547      1112.456   353.116    9.636      49.656     0.316      4.672      0.090      -13.068    0.000000e+00  
9.9960          F2         0          0.000      0.000      -nan       -nan       -nan       nan        nan        nan        nan        -13.068    0.000000e+00 


fr              MODE       IOX        СКОР       СКОА       СР         СА         СУ         AED        AEAZ       RED        REAZ       IG         TEC       
9.9960          E          0          71.874     0.534      1087.875   353.138    9.778      25.075     0.338      2.359      0.096      28.715     1.050000e+17  
9.9960          F1         0          71.874     0.534      1087.875   353.138    9.778      25.075     0.338      2.359      0.096      28.715     1.050000e+17  
9.9960          F2         0          0.000      0.000      -nan       -nan       -nan       nan        nan        nan        nan        28.715     1.050000e+17 


fr              MODE       IOX        СКОР       СКОА       СР         СА         СУ         AED        AEAZ       RED        REAZ       IG         TEC       
9.9960          E          0          70.281     0.536      1088.666   353.139    9.826      25.866     0.339      2.434      0.096      -13.068    0.000000e+00  
9.9960          F1         0          70.281     0.536      1088.666   353.139    9.826      25.866     0.339      2.434      0.096      -13.068    0.000000e+00  
9.9960          F2         0          0.000      0.000      -nan       -nan       -nan       nan        nan        nan        nan        -13.068    0.000000e+00 


fr              MODE       IOX        СКОР       СКОА       СР         СА         СУ         AED        AEAZ       RED        REAZ       IG         TEC       
9.9960          E          0          71.874     0.534      1087.875   353.138    9.778      25.075     0.338      2.359      0.096      28.715     1.050000e+17  
9.9960          F1         0          71.874     0.534      1087.875   353.138    9.778      25.075     0.338      2.359      0.096      28.715     1.050000e+17  
9.9960          F2         0          0.000      0.000      -nan       -nan       -nan       nan        nan        nan        nan        28.715     1.050000e+17 


fr              MODE       IOX        СКОР       СКОА       СР         СА         СУ         AED        AEAZ       RED        REAZ       IG         TEC       
9.9960          E          0          70.281     0.536      1088.666   353.139    9.826      25.866     0.339      2.434      0.096      -13.068    0.000000e+00  
9.9960          F1         0          70.281     0.536      1088.666   353.139    9.826      25.866     0.339      2.434      0.096      -13.068    0.000000e+00  
9.9960          F2         0          0.000      0.000      -nan       -nan       -nan       nan        nan        nan        nan        -13.068    0.000000e+00 


fr              MODE       IOX        СКОР       СКОА       СР         СА         СУ         AED        AEAZ       RED        REAZ       IG         TEC       
9.9960          E          0          71.874     0.534      1087.875   353.138    9.778      25.075     0.338      2.359      0.096      28.715     1.050000e+17  
9.9960          F1         0          71.874     0.534      1087.875   353.138    9.778      25.075     0.338      2.359      0.096      28.715     1.050000e+17  
9.9960          F2         0          0.000      0.000      -nan       -nan       -nan       nan        nan        nan        nan        28.715     1.050000e+17 


fr              MODE       IOX        СКОР       СКОА       СР         СА         СУ         AED        AEAZ       RED        REAZ       IG         TEC       
9.9960          E          0          70.281     0.536      1088.666   353.139    9.826      25.866     0.339      2.434      0.096      -13.068    0.000000e+00  
9.9960          F1         0          70.281     0.536      1088.666   353.139    9.826      25.866     0.339      2.434      0.096      -13.068    0.000000e+00  
9.9960          F2         0          0.000      0.000      -nan       -nan       -nan       nan        nan        nan        nan        -13.068    0.000000e+00 


fr              MODE       IOX        СКОР       СКОА       СР         СА         СУ         AED        AEAZ       RED        REAZ       IG         TEC       
9.9960          E          0          71.874     0.534      1087.875   353.138    9.778      25.075     0.338      2.359      0.096      28.715     1.050000e+17  
9.9960          F1         0          71.874     0.534      1087.875   353.138    9.778      25.075     0.338      2.359      0.096      28.715     1.050000e+17  
9.9960          F2         0          0.000      0.000      -nan       -nan       -nan       nan        nan        nan        nan        28.715     1.050000e+17 


fr              MODE       IOX        СКОР       СКОА       СР         СА         СУ         AED        AEAZ       RED        REAZ       IG         TEC       
9.9960          E          0          70.281     0.536      1088.666   353.139    9.826      25.866     0.339      2.434      0.096      -13.068    0.000000e+00  
9.9960          F1         0          70.281     0.536      1088.666   353.139    9.826      25.866     0.339      2.434      0.096      -13.068    0.000000e+00  
9.9960          F2         0          0.000      0.000      -nan       -nan       -nan       nan        nan        nan        nan        -13.068    0.000000e+00 


fr              MODE       IOX        СКОР       СКОА       СР         СА         СУ         AED        AEAZ       RED        REAZ       IG         TEC       
9.9960          E          0          71.874     0.534      1087.875   353.138    9.778      25.075     0.338      2.359      0.096      28.715     1.050000e+17  
9.9960          F1         0          71.874     0.534      1087.875   353.138    9.778      25.075     0.338      2.359      0.096      28.715     1.050000e+17  
9.9960          F2         0          0.000      0.000      -nan       -nan       -nan       nan        nan        nan        nan        28.715     1.050000e+17 


fr              MODE       IOX        СКОР       СКОА       СР         СА         СУ         AED        AEAZ       RED        REAZ       IG         TEC       
9.9960          E          0          70.281     0.536      1088.666   353.139    9.826      25.866     0.339      2.434      0.096      -13.068    0.000000e+00  
9.9960          F1         0          70.281     0.536      1088.666   353.139    9.826      25.866     0.339      2.434      0.096      -13.068    0.000000e+00  
9.9960          F2         0          0.000      0.000      -nan       -nan       -nan       nan        nan        nan        nan        -13.068    0.000000e+00 


fr              MODE       IOX        СКОР       СКОА       СР         СА         СУ         AED        AEAZ       RED        REAZ       IG         TEC       
9.9960          E          0          71.874     0.534      1087.875   353.138    9.778      25.075     0.338      2.359      0.096      28.715     1.050000e+17  
9.9960          F1         0          71.874     0.534      1087.875   353.138    9.778      25.075     0.338      2.359      0.096      28.715     1.050000e+17  
9.9960          F2         0          0.000      0.000      -nan       -nan       -nan       nan        nan        nan        nan        28.715     1.050000e+17 


fr              MODE       IOX        СКОР       СКОА       СР         СА         СУ         AED        AEAZ       RED        REAZ       IG         TEC       
9.9960          E          0          70.281     0.536      1088.666   353.139    9.826      25.866     0.339      2.434      0.096      -13.068    0.000000e+00  
9.9960          F1         0          70.281     0.536      1088.666   353.139    9.826      25.866     0.339      2.434      0.096      -13.068    0.000000e+00  
9.9960          F2         0          0.000      0.000      -nan       -nan       -nan       nan        nan        nan        nan        -13.068    0.000000e+00 


fr              MODE       IOX        СКОР       СКОА       СР         СА         СУ         AED        AEAZ       RED        REAZ       IG         TEC       
9.9960          E          0          71.874     0.534      1087.875   353.138    9.778      25.075     0.338      2.359      0.096      28.715     1.050000e+17  
9.9960          F1         0          71.874     0.534      1087.875   353.138    9.778      25.075     0.338      2.359      0.096      28.715     1.050000e+17  
9.9960          F2         0          0.000      0.000      -nan       -nan       -nan       nan        nan        nan        nan        28.715     1.050000e+17 


fr              MODE       IOX        СКОР       СКОА       СР         СА         СУ         AED        AEAZ       RED        REAZ       IG         TEC       
9.9960          E          0          70.281     0.536      1088.666   353.139    9.826      25.866     0.339      2.434      0.096      -13.068    0.000000e+00  
9.9960          F1         0          70.281     0.536      1088.666   353.139    9.826      25.866     0.339      2.434      0.096      -13.068    0.000000e+00  
9.9960          F2         0          0.000      0.000      -nan       -nan       -nan       nan        nan        nan        nan        -13.068    0.000000e+00 


fr              MODE       IOX        СКОР       СКОА       СР         СА         СУ         AED        AEAZ       RED        REAZ       IG         TEC       
9.9960          E          0          66.531     0.657      1091.144   353.163    9.896      28.344     0.363      2.667      0.103      16.762     1.050000e+17  
9.9960          F1         0          66.531     0.657      1091.144   353.163    9.896      28.344     0.363      2.667      0.103      16.762     1.050000e+17  
9.9960          F2         0          0.000      0.000      -nan       -nan       -nan       nan        nan        nan        nan        16.762     1.050000e+17 


fr              MODE       IOX        СКОР       СКОА       СР         СА         СУ         AED        AEAZ       RED        REAZ       IG         TEC       
9.9960          E          0          65.663     0.654      1091.459   353.157    9.921      28.659     0.357      2.697      0.101      -13.068    0.000000e+00  
9.9960          F1         0          65.663     0.654      1091.459   353.157    9.921      28.659     0.357      2.697      0.101      -13.068    0.000000e+00  
9.9960          F2         0          0.000      0.000      -nan       -nan       -nan       nan        nan        nan        nan        -13.068    0.000000e+00 


fr              MODE       IOX        СКОР       СКОА       СР         СА         СУ         AED        AEAZ       RED        REAZ       IG         TEC       
9.9960          E          0          66.531     0.657      1091.144   353.163    9.896      28.344     0.363      2.667      0.103      16.762     1.050000e+17  
9.9960          F1         0          66.531     0.657      1091.144   353.163    9.896      28.344     0.363      2.667      0.103      16.762     1.050000e+17  
9.9960          F2         0          0.000      0.000      -nan       -nan       -nan       nan        nan        nan        nan        16.762     1.050000e+17 


fr              MODE       IOX        СКОР       СКОА       СР         СА         СУ         AED        AEAZ       RED        REAZ       IG         TEC       
9.9960          E          0          65.663     0.654      1091.459   353.157    9.921      28.659     0.357      2.697      0.101      -13.068    0.000000e+00  
9.9960          F1         0          65.663     0.654      1091.459   353.157    9.921      28.659     0.357      2.697      0.101      -13.068    0.000000e+00  
9.9960          F2         0          0.000      0.000      -nan       -nan       -nan       nan        nan        nan        nan        -13.068    0.000000e+00 


fr              MODE       IOX        СКОР       СКОА       СР         СА         СУ         AED        AEAZ       RED        REAZ       IG         TEC       
9.9960          E          0          66.531     0.657      1091.144   353.163    9.896      28.344     0.363      2.667      0.103      16.762     1.050000e+17  
9.9960          F1         0          66.531     0.657      1091.144   353.163    9.896      28.344     0.363      2.667      0.103      16.762     1.050000e+17  
9.9960          F2         0          0.000      0.000      -nan       -nan       -nan       nan        nan        nan        nan        16.762     1.050000e+17 


fr              MODE       IOX        СКОР       СКОА       СР         СА         СУ         AED        AEAZ       RED        REAZ       IG         TEC       
9.9960          E          0          65.663     0.654      1091.459   353.157    9.921      28.659     0.357      2.697      0.101      -13.068    0.000000e+00  
9.9960          F1         0          65.663     0.654      1091.459   353.157    9.921      28.659     0.357      2.697      0.101      -13.068    0.000000e+00  
9.9960          F2         0          0.000      0.000      -nan       -nan       -nan       nan        nan        nan        nan        -13.068    0.000000e+00 


fr              MODE       IOX        СКОР       СКОА       СР         СА         СУ         AED        AEAZ       RED        REAZ       IG         TEC       
9.9960          E          0          66.531     0.657      1091.144   353.163    9.896      28.344     0.363      2.667      0.103      16.762     1.050000e+17  
9.9960          F1         0          66.531     0.657      1091.144   353.163    9.896      28.344     0.363      2.667      0.103      16.762     1.050000e+17  
9.9960          F2         0          0.000      0.000      -nan       -nan       -nan       nan        nan        nan        nan        16.762     1.050000e+17 


fr              MODE       IOX        СКОР       СКОА       СР         СА         СУ         AED        AEAZ       RED        REAZ       IG         TEC       
9.9960          E          0          65.663     0.654      1091.459   353.157    9.921      28.659     0.357      2.697      0.101      -13.068    0.000000e+00  
9.9960          F1         0          65.663     0.654      1091.459   353.157    9.921      28.659     0.357      2.697      0.101      -13.068    0.000000e+00  
9.9960          F2         0          0.000      0.000      -nan       -nan       -nan       nan        nan        nan        nan        -13.068    0.000000e+00 


fr              MODE       IOX        СКОР       СКОА       СР         СА         СУ         AED        AEAZ       RED        REAZ       IG         TEC       
9.9960          E          0          66.531     0.657      1091.144   353.163    9.896      28.344     0.363      2.667      0.103      16.762     1.050000e+17  
9.9960          F1         0          66.531     0.657      1091.144   353.163    9.896      28.344     0.363      2.667      0.103      16.762     1.050000e+17  
9.9960          F2         0          0.000      0.000      -nan       -nan       -nan       nan        nan        nan        nan        16.762     1.050000e+17 


fr              MODE       IOX        СКОР       СКОА       СР         СА         СУ         AED        AEAZ       RED        REAZ       IG         TEC       
9.9960          E          0          65.663     0.654      1091.459   353.157    9.921      28.659     0.357      2.697      0.101      -13.068    0.000000e+00  
9.9960          F1         0          65.663     0.654      1091.459   353.157    9.921      28.659     0.357      2.697      0.101      -13.068    0.000000e+00  
9.9960          F2         0          0.000      0.000      -nan       -nan       -nan       nan        nan        nan        nan        -13.068    0.000000e+00 


fr              MODE       IOX        СКОР       СКОА       СР         СА         СУ         AED        AEAZ       RED        REAZ       IG         TEC       
9.9960          E          0          0.000      0.000      -nan       -nan       -nan       nan        nan        nan        nan        16.762     1.050000e+17  
9.9960          F1         0          0.000      0.000      -nan       -nan       -nan       nan        nan        nan        nan        16.762     1.050000e+17  
9.9960          F2         0          0.000      0.000      -nan       -nan       -nan       nan        nan        nan        nan        16.762     1.050000e+17 


fr              MODE       IOX        СКОР       СКОА       СР         СА         СУ         AED        AEAZ       RED        REAZ       IG         TEC       
9.9960          E          0          0.000      0.000      -nan       -nan       -nan       nan        nan        nan        nan        -13.068    0.000000e+00  
9.9960          F1         0          0.000      0.000      -nan       -nan       -nan       nan        nan        nan        nan        -13.068    0.000000e+00  
9.9960          F2         0          0.000      0.000      -nan       -nan       -nan       nan        nan        nan        nan        -13.068    0.000000e+00 


fr              MODE       IOX        СКОР       СКОА       СР         СА         СУ         AED        AEAZ       RED        REAZ       IG         TEC       
9.9960          E          0          0.000      0.000      -nan       -nan       -nan       nan        nan        nan        nan        16.762     1.050000e+17  
9.9960          F1         0          0.000      0.000      -nan       -nan       -nan       nan        nan        nan        nan        16.762     1.050000e+17  
9.9960          F2         0          0.000      0.000      -nan       -nan       -nan       nan        nan        nan        nan        16.762     1.050000e+17 


fr              MODE       IOX        СКОР       СКОА       СР         СА         СУ         AED        AEAZ       RED        REAZ       IG         TEC       
9.9960          E          0          0.000      0.000      -nan       -nan       -nan       nan        nan        nan        nan        -13.068    0.000000e+00  
9.9960          F1         0          0.000      0.000      -nan       -nan       -nan       nan        nan        nan        nan        -13.068    0.000000e+00  
9.9960          F2         0          0.000      0.000      -nan       -nan       -nan       nan        nan        nan        nan        -13.068    0.000000e+00 


fr              MODE       IOX        СКОР       СКОА       СР         СА         СУ         AED        AEAZ       RED        REAZ       IG         TEC       
9.9960          E          0          101.416    137.132    1079.908   353.131    10.023     89.908     137.131    9.082      63.487     16.762     1.050000e+17  
9.9960          F1         0          101.416    137.132    1079.908   353.131    10.023     89.908     137.131    9.082      63.487     16.762     1.050000e+17  
9.9960          F2         0          0.000      0.000      -nan       -nan       -nan       nan        nan        nan        nan        16.762     1.050000e+17 


fr              MODE       IOX        СКОР       СКОА       СР         СА         СУ         AED        AEAZ       RED        REAZ       IG         TEC       
9.9960          E          0          104.822    137.154    1083.041   353.153    10.062     93.041     137.153    9.398      63.497     -13.068    0.000000e+00  
9.9960          F1         0          104.822    137.154    1083.041   353.153    10.062     93.041     137.153    9.398      63.497     -13.068    0.000000e+00  
9.9960          F2         0          0.000      0.000      -nan       -nan       -nan       nan        nan        nan        nan        -13.068    0.000000e+00 


fr              MODE       IOX        СКОР       СКОА       СР         СА         СУ         AED        AEAZ       RED        REAZ       IG         TEC       
9.9960          E          0          87.932     0.665      1102.184   353.147    9.716      39.384     0.347      3.706      0.098      16.762     1.050000e+17  
9.9960          F1         0          87.932     0.665      1102.184   353.147    9.716      39.384     0.347      3.706      0.098      16.762     1.050000e+17  
9.9960          F2         0          0.000      0.000      -nan       -nan       -nan       nan        nan        nan        nan        16.762     1.050000e+17 


fr              MODE       IOX        СКОР       СКОА       СР         СА         СУ         AED        AEAZ       RED        REAZ       IG         TEC       
9.9960          E          0          87.175     0.662      1102.446   353.141    9.742      39.646     0.341      3.730      0.097      -13.068    0.000000e+00  
9.9960          F1         0          87.175     0.662      1102.446   353.141    9.742      39.646     0.341      3.730      0.097      -13.068    0.000000e+00  
9.9960          F2         0          0.000      0.000      -nan       -nan       -nan       nan        nan        nan        nan        -13.068    0.000000e+00 


