fr              MODE       IOX        СКОР       СКОА       СР         СА         СУ         AED        AEAZ       RED        REAZ       IG         TEC       
9.9960          E          0          77.132     4.136      1029.849   348.952    10.679     32.951     3.848      3.100      1.091      14.596     8.100000e+16  
9.9960          F1         0          77.132     4.136      1029.849   348.952    10.679     32.951     3.848      3.100      1.091      14.596     8.100000e+16  
9.9960          F2         0          0.000      0.000      -nan       -nan       -nan       nan        nan        nan        nan        14.596     8.100000e+16 


fr              MODE       IOX        СКОР       СКОА       СР         СА         СУ         AED        AEAZ       RED        REAZ       IG         TEC       
9.9960          E          0          78.142     4.132      1029.015   348.956    10.731     33.785     3.844      3.179      1.089      -13.068    0.000000e+00  
9.9960          F1         0          78.142     4.132      1029.015   348.956    10.731     33.785     3.844      3.179      1.089      -13.068    0.000000e+00  
9.9960          F2         0          0.000      0.000      -nan       -nan       -nan       nan        nan        nan        nan        -13.068    0.000000e+00 


fr              MODE       IOX        СКОР       СКОА       СР         СА         СУ         AED        AEAZ       RED        REAZ       IG         TEC       
9.9960          E          0          77.132     4.136      1029.849   348.952    10.679     32.951     3.848      3.100      1.091      14.596     8.100000e+16  
9.9960          F1         0          77.132     4.136      1029.849   348.952    10.679     32.951     3.848      3.100      1.091      14.596     8.100000e+16  
9.9960          F2         0          0.000      0.000      -nan       -nan       -nan       nan        nan        nan        nan        14.596     8.100000e+16 


fr              MODE       IOX        СКОР       СКОА       СР         СА         СУ         AED        AEAZ       RED        REAZ       IG         TEC       
9.9960          E          0          78.142     4.132      1029.015   348.956    10.731     33.785     3.844      3.179      1.089      -13.068    0.000000e+00  
9.9960          F1         0          78.142     4.132      1029.015   348.956    10.731     33.785     3.844      3.179      1.089      -13.068    0.000000e+00  
9.9960          F2         0          0.000      0.000      -nan       -nan       -nan       nan        nan        nan        nan        -13.068    0.000000e+00 


fr              MODE       IOX        СКОР       СКОА       СР         СА         СУ         AED        AEAZ       RED        REAZ       IG         TEC       
9.9960          E          0          77.132     4.136      1029.849   348.952    10.679     32.951     3.848      3.100      1.091      14.596     8.100000e+16  
9.9960          F1         0          77.132     4.136      1029.849   348.952    10.679     32.951     3.848      3.100      1.091      14.596     8.100000e+16  
9.9960          F2         0          0.000      0.000      -nan       -nan       -nan       nan        nan        nan        nan        14.596     8.100000e+16 


fr              MODE       IOX        СКОР       СКОА       СР         СА         СУ         AED        AEAZ       RED        REAZ       IG         TEC       
9.9960          E          0          78.142     4.132      1029.015   348.956    10.731     33.785     3.844      3.179      1.089      -13.068    0.000000e+00  
9.9960          F1         0          78.142     4.132      1029.015   348.956    10.731     33.785     3.844      3.179      1.089      -13.068    0.000000e+00  
9.9960          F2         0          0.000      0.000      -nan       -nan       -nan       nan        nan        nan        nan        -13.068    0.000000e+00 


fr              MODE       IOX        СКОР       СКОА       СР         СА         СУ         AED        AEAZ       RED        REAZ       IG         TEC       
9.9960          E          0          77.132     4.136      1029.849   348.952    10.679     32.951     3.848      3.100      1.091      14.596     8.100000e+16  
9.9960          F1         0          77.132     4.136      1029.849   348.952    10.679     32.951     3.848      3.100      1.091      14.596     8.100000e+16  
9.9960          F2         0          0.000      0.000      -nan       -nan       -nan       nan        nan        nan        nan        14.596     8.100000e+16 


fr              MODE       IOX        СКОР       СКОА       СР         СА         СУ         AED        AEAZ       RED        REAZ       IG         TEC       
9.9960          E          0          78.142     4.132      1029.015   348.956    10.731     33.785     3.844      3.179      1.089      -13.068    0.000000e+00  
9.9960          F1         0          78.142     4.132      1029.015   348.956    10.731     33.785     3.844      3.179      1.089      -13.068    0.000000e+00  
9.9960          F2         0          0.000      0.000      -nan       -nan       -nan       nan        nan        nan        nan        -13.068    0.000000e+00 


fr              MODE       IOX        СКОР       СКОА       СР         СА         СУ         AED        AEAZ       RED        REAZ       IG         TEC       
9.9960          E          0          77.132     4.136      1029.849   348.952    10.679     32.951     3.848      3.100      1.091      14.596     8.100000e+16  
9.9960          F1         0          77.132     4.136      1029.849   348.952    10.679     32.951     3.848      3.100      1.091      14.596     8.100000e+16  
9.9960          F2         0          0.000      0.000      -nan       -nan       -nan       nan        nan        nan        nan        14.596     8.100000e+16 


fr              MODE       IOX        СКОР       СКОА       СР         СА         СУ         AED        AEAZ       RED        REAZ       IG         TEC       
9.9960          E          0          78.142     4.132      1029.015   348.956    10.731     33.785     3.844      3.179      1.089      -13.068    0.000000e+00  
9.9960          F1         0          78.142     4.132      1029.015   348.956    10.731     33.785     3.844      3.179      1.089      -13.068    0.000000e+00  
9.9960          F2         0          0.000      0.000      -nan       -nan       -nan       nan        nan        nan        nan        -13.068    0.000000e+00 


fr              MODE       IOX        СКОР       СКОА       СР         СА         СУ         AED        AEAZ       RED        REAZ       IG         TEC       
9.9960          E          0          77.132     4.136      1029.849   348.952    10.679     32.951     3.848      3.100      1.091      14.596     8.100000e+16  
9.9960          F1         0          77.132     4.136      1029.849   348.952    10.679     32.951     3.848      3.100      1.091      14.596     8.100000e+16  
9.9960          F2         0          0.000      0.000      -nan       -nan       -nan       nan        nan        nan        nan        14.596     8.100000e+16 


fr              MODE       IOX        СКОР       СКОА       СР         СА         СУ         AED        AEAZ       RED        REAZ       IG         TEC       
9.9960          E          0          78.142     4.132      1029.015   348.956    10.731     33.785     3.844      3.179      1.089      -13.068    0.000000e+00  
9.9960          F1         0          78.142     4.132      1029.015   348.956    10.731     33.785     3.844      3.179      1.089      -13.068    0.000000e+00  
9.9960          F2         0          0.000      0.000      -nan       -nan       -nan       nan        nan        nan        nan        -13.068    0.000000e+00 


fr              MODE       IOX        СКОР       СКОА       СР         СА         СУ         AED        AEAZ       RED        REAZ       IG         TEC       
9.9960          E          0          76.581     4.137      1030.334   348.950    10.668     32.466     3.850      3.055      1.091      17.116     8.400000e+16  
9.9960          F1         0          76.581     4.137      1030.334   348.950    10.668     32.466     3.850      3.055      1.091      17.116     8.400000e+16  
9.9960          F2         0          0.000      0.000      -nan       -nan       -nan       nan        nan        nan        nan        17.116     8.400000e+16 


fr              MODE       IOX        СКОР       СКОА       СР         СА         СУ         AED        AEAZ       RED        REAZ       IG         TEC       
9.9960          E          0          78.142     4.132      1029.015   348.956    10.731     33.785     3.844      3.179      1.089      -13.068    0.000000e+00  
9.9960          F1         0          78.142     4.132      1029.015   348.956    10.731     33.785     3.844      3.179      1.089      -13.068    0.000000e+00  
9.9960          F2         0          0.000      0.000      -nan       -nan       -nan       nan        nan        nan        nan        -13.068    0.000000e+00 


fr              MODE       IOX        СКОР       СКОА       СР         СА         СУ         AED        AEAZ       RED        REAZ       IG         TEC       
9.9960          E          0          76.581     4.137      1030.334   348.950    10.668     32.466     3.850      3.055      1.091      17.116     8.400000e+16  
9.9960          F1         0          76.581     4.137      1030.334   348.950    10.668     32.466     3.850      3.055      1.091      17.116     8.400000e+16  
9.9960          F2         0          0.000      0.000      -nan       -nan       -nan       nan        nan        nan        nan        17.116     8.400000e+16 


fr              MODE       IOX        СКОР       СКОА       СР         СА         СУ         AED        AEAZ       RED        REAZ       IG         TEC       
9.9960          E          0          78.142     4.132      1029.015   348.956    10.731     33.785     3.844      3.179      1.089      -13.068    0.000000e+00  
9.9960          F1         0          78.142     4.132      1029.015   348.956    10.731     33.785     3.844      3.179      1.089      -13.068    0.000000e+00  
9.9960          F2         0          0.000      0.000      -nan       -nan       -nan       nan        nan        nan        nan        -13.068    0.000000e+00 


fr              MODE       IOX        СКОР       СКОА       СР         СА         СУ         AED        AEAZ       RED        REAZ       IG         TEC       
9.9960          E          0          76.581     4.137      1030.334   348.950    10.668     32.466     3.850      3.055      1.091      17.116     8.400000e+16  
9.9960          F1         0          76.581     4.137      1030.334   348.950    10.668     32.466     3.850      3.055      1.091      17.116     8.400000e+16  
9.9960          F2         0          0.000      0.000      -nan       -nan       -nan       nan        nan        nan        nan        17.116     8.400000e+16 


fr              MODE       IOX        СКОР       СКОА       СР         СА         СУ         AED        AEAZ       RED        REAZ       IG         TEC       
9.9960          E          0          78.142     4.132      1029.015   348.956    10.731     33.785     3.844      3.179      1.089      -13.068    0.000000e+00  
9.9960          F1         0          78.142     4.132      1029.015   348.956    10.731     33.785     3.844      3.179      1.089      -13.068    0.000000e+00  
9.9960          F2         0          0.000      0.000      -nan       -nan       -nan       nan        nan        nan        nan        -13.068    0.000000e+00 


fr              MODE       IOX        СКОР       СКОА       СР         СА         СУ         AED        AEAZ       RED        REAZ       IG         TEC       
9.9960          E          0          182.381    4.244      1244.185   350.626    7.637      181.385    2.174      17.067     0.616      -13.068    8.400000e+16  
9.9960          F1         0          182.381    4.244      1244.185   350.626    7.637      181.385    2.174      17.067     0.616      -13.068    8.400000e+16  
9.9960          F2         0          0.000      0.000      -nan       -nan       -nan       nan        nan        nan        nan        -13.068    8.400000e+16 


fr              MODE       IOX        СКОР       СКОА       СР         СА         СУ         AED        AEAZ       RED        REAZ       IG         TEC       
9.9960          E          0          160.098    4.057      1221.178   349.585    8.640      158.378    3.215      14.902     0.911      -13.068    0.000000e+00  
9.9960          F1         0          160.098    4.057      1221.178   349.585    8.640      158.378    3.215      14.902     0.911      -13.068    0.000000e+00  
9.9960          F2         0          0.000      0.000      -nan       -nan       -nan       nan        nan        nan        nan        -13.068    0.000000e+00 


fr              MODE       IOX        СКОР       СКОА       СР         СА         СУ         AED        AEAZ       RED        REAZ       IG         TEC       
9.9960          E          0          182.381    4.244      1244.185   350.626    7.637      181.385    2.174      17.067     0.616      -13.068    8.400000e+16  
9.9960          F1         0          182.381    4.244      1244.185   350.626    7.637      181.385    2.174      17.067     0.616      -13.068    8.400000e+16  
9.9960          F2         0          0.000      0.000      -nan       -nan       -nan       nan        nan        nan        nan        -13.068    8.400000e+16 


fr              MODE       IOX        СКОР       СКОА       СР         СА         СУ         AED        AEAZ       RED        REAZ       IG         TEC       
9.9960          E          0          160.098    4.057      1221.178   349.585    8.640      158.378    3.215      14.902     0.911      -13.068    0.000000e+00  
9.9960          F1         0          160.098    4.057      1221.178   349.585    8.640      158.378    3.215      14.902     0.911      -13.068    0.000000e+00  
9.9960          F2         0          0.000      0.000      -nan       -nan       -nan       nan        nan        nan        nan        -13.068    0.000000e+00 


fr              MODE       IOX        СКОР       СКОА       СР         СА         СУ         AED        AEAZ       RED        REAZ       IG         TEC       
9.9960          E          0          182.381    4.244      1244.185   350.626    7.637      181.385    2.174      17.067     0.616      -13.068    8.400000e+16  
9.9960          F1         0          182.381    4.244      1244.185   350.626    7.637      181.385    2.174      17.067     0.616      -13.068    8.400000e+16  
9.9960          F2         0          0.000      0.000      -nan       -nan       -nan       nan        nan        nan        nan        -13.068    8.400000e+16 


fr              MODE       IOX        СКОР       СКОА       СР         СА         СУ         AED        AEAZ       RED        REAZ       IG         TEC       
9.9960          E          0          160.098    4.057      1221.178   349.585    8.640      158.378    3.215      14.902     0.911      -13.068    0.000000e+00  
9.9960          F1         0          160.098    4.057      1221.178   349.585    8.640      158.378    3.215      14.902     0.911      -13.068    0.000000e+00  
9.9960          F2         0          0.000      0.000      -nan       -nan       -nan       nan        nan        nan        nan        -13.068    0.000000e+00 


fr              MODE       IOX        СКОР       СКОА       СР         СА         СУ         AED        AEAZ       RED        REAZ       IG         TEC       
9.9960          E          0          182.381    4.244      1244.185   350.626    7.637      181.385    2.174      17.067     0.616      -13.068    8.400000e+16  
9.9960          F1         0          182.381    4.244      1244.185   350.626    7.637      181.385    2.174      17.067     0.616      -13.068    8.400000e+16  
9.9960          F2         0          0.000      0.000      -nan       -nan       -nan       nan        nan        nan        nan        -13.068    8.400000e+16 


fr              MODE       IOX        СКОР       СКОА       СР         СА         СУ         AED        AEAZ       RED        REAZ       IG         TEC       
9.9960          E          0          160.098    4.057      1221.178   349.585    8.640      158.378    3.215      14.902     0.911      -13.068    0.000000e+00  
9.9960          F1         0          160.098    4.057      1221.178   349.585    8.640      158.378    3.215      14.902     0.911      -13.068    0.000000e+00  
9.9960          F2         0          0.000      0.000      -nan       -nan       -nan       nan        nan        nan        nan        -13.068    0.000000e+00 


fr              MODE       IOX        СКОР       СКОА       СР         СА         СУ         AED        AEAZ       RED        REAZ       IG         TEC       
9.9960          E          0          182.381    4.244      1244.185   350.626    7.637      181.385    2.174      17.067     0.616      -13.068    8.400000e+16  
9.9960          F1         0          182.381    4.244      1244.185   350.626    7.637      181.385    2.174      17.067     0.616      -13.068    8.400000e+16  
9.9960          F2         0          0.000      0.000      -nan       -nan       -nan       nan        nan        nan        nan        -13.068    8.400000e+16 


fr              MODE       IOX        СКОР       СКОА       СР         СА         СУ         AED        AEAZ       RED        REAZ       IG         TEC       
9.9960          E          0          160.098    4.057      1221.178   349.585    8.640      158.378    3.215      14.902     0.911      -13.068    0.000000e+00  
9.9960          F1         0          160.098    4.057      1221.178   349.585    8.640      158.378    3.215      14.902     0.911      -13.068    0.000000e+00  
9.9960          F2         0          0.000      0.000      -nan       -nan       -nan       nan        nan        nan        nan        -13.068    0.000000e+00 


fr              MODE       IOX        СКОР       СКОА       СР         СА         СУ         AED        AEAZ       RED        REAZ       IG         TEC       
9.9960          E          0          0.000      0.000      -nan       -nan       -nan       nan        nan        nan        nan        -13.068    8.400000e+16  
9.9960          F1         0          0.000      0.000      -nan       -nan       -nan       nan        nan        nan        nan        -13.068    8.400000e+16  
9.9960          F2         0          0.000      0.000      -nan       -nan       -nan       nan        nan        nan        nan        -13.068    8.400000e+16 


fr              MODE       IOX        СКОР       СКОА       СР         СА         СУ         AED        AEAZ       RED        REAZ       IG         TEC       
9.9960          E          0          0.000      0.000      -nan       -nan       -nan       nan        nan        nan        nan        -13.068    0.000000e+00  
9.9960          F1         0          0.000      0.000      -nan       -nan       -nan       nan        nan        nan        nan        -13.068    0.000000e+00  
9.9960          F2         0          0.000      0.000      -nan       -nan       -nan       nan        nan        nan        nan        -13.068    0.000000e+00 


fr              MODE       IOX        СКОР       СКОА       СР         СА         СУ         AED        AEAZ       RED        REAZ       IG         TEC       
9.9960          E          0          0.000      0.000      -nan       -nan       -nan       nan        nan        nan        nan        -13.068    8.400000e+16  
9.9960          F1         0          0.000      0.000      -nan       -nan       -nan       nan        nan        nan        nan        -13.068    8.400000e+16  
9.9960          F2         0          0.000      0.000      -nan       -nan       -nan       nan        nan        nan        nan        -13.068    8.400000e+16 


fr              MODE       IOX        СКОР       СКОА       СР         СА         СУ         AED        AEAZ       RED        REAZ       IG         TEC       
9.9960          E          0          0.000      0.000      -nan       -nan       -nan       nan        nan        nan        nan        -13.068    0.000000e+00  
9.9960          F1         0          0.000      0.000      -nan       -nan       -nan       nan        nan        nan        nan        -13.068    0.000000e+00  
9.9960          F2         0          0.000      0.000      -nan       -nan       -nan       nan        nan        nan        nan        -13.068    0.000000e+00 


