fr              MODE       IOX        СКОР       СКОА       СР         СА         СУ         AED        AEAZ       RED        REAZ       IG         TEC       
9.9960          E          0          0.000      0.000      -nan       -nan       -nan       nan        nan        nan        nan        66.876     1.000000e+17  
9.9960          F1         0          0.000      0.000      -nan       -nan       -nan       nan        nan        nan        nan        66.876     1.000000e+17  
9.9960          F2         0          0.000      0.000      -nan       -nan       -nan       nan        nan        nan        nan        66.876     1.000000e+17 


fr              MODE       IOX        СКОР       СКОА       СР         СА         СУ         AED        AEAZ       RED        REAZ       IG         TEC       
9.9960          E          0          0.000      0.000      -nan       -nan       -nan       nan        nan        nan        nan        -13.068    0.000000e+00  
9.9960          F1         0          0.000      0.000      -nan       -nan       -nan       nan        nan        nan        nan        -13.068    0.000000e+00  
9.9960          F2         0          0.000      0.000      -nan       -nan       -nan       nan        nan        nan        nan        -13.068    0.000000e+00 


fr              MODE       IOX        СКОР       СКОА       СР         СА         СУ         AED        AEAZ       RED        REAZ       IG         TEC       
9.9960          E          0          0.000      0.000      -nan       -nan       -nan       nan        nan        nan        nan        66.876     1.000000e+17  
9.9960          F1         0          0.000      0.000      -nan       -nan       -nan       nan        nan        nan        nan        66.876     1.000000e+17  
9.9960          F2         0          0.000      0.000      -nan       -nan       -nan       nan        nan        nan        nan        66.876     1.000000e+17 


fr              MODE       IOX        СКОР       СКОА       СР         СА         СУ         AED        AEAZ       RED        REAZ       IG         TEC       
9.9960          E          0          0.000      0.000      -nan       -nan       -nan       nan        nan        nan        nan        -13.068    0.000000e+00  
9.9960          F1         0          0.000      0.000      -nan       -nan       -nan       nan        nan        nan        nan        -13.068    0.000000e+00  
9.9960          F2         0          0.000      0.000      -nan       -nan       -nan       nan        nan        nan        nan        -13.068    0.000000e+00 


fr              MODE       IOX        СКОР       СКОА       СР         СА         СУ         AED        AEAZ       RED        REAZ       IG         TEC       
9.9960          E          0          0.000      0.000      -nan       -nan       -nan       nan        nan        nan        nan        66.876     1.000000e+17  
9.9960          F1         0          0.000      0.000      -nan       -nan       -nan       nan        nan        nan        nan        66.876     1.000000e+17  
9.9960          F2         0          0.000      0.000      -nan       -nan       -nan       nan        nan        nan        nan        66.876     1.000000e+17 


fr              MODE       IOX        СКОР       СКОА       СР         СА         СУ         AED        AEAZ       RED        REAZ       IG         TEC       
9.9960          E          0          0.000      0.000      -nan       -nan       -nan       nan        nan        nan        nan        -13.068    0.000000e+00  
9.9960          F1         0          0.000      0.000      -nan       -nan       -nan       nan        nan        nan        nan        -13.068    0.000000e+00  
9.9960          F2         0          0.000      0.000      -nan       -nan       -nan       nan        nan        nan        nan        -13.068    0.000000e+00 


fr              MODE       IOX        СКОР       СКОА       СР         СА         СУ         AED        AEAZ       RED        REAZ       IG         TEC       
9.9960          E          0          0.000      0.000      -nan       -nan       -nan       nan        nan        nan        nan        66.876     1.000000e+17  
9.9960          F1         0          0.000      0.000      -nan       -nan       -nan       nan        nan        nan        nan        66.876     1.000000e+17  
9.9960          F2         0          0.000      0.000      -nan       -nan       -nan       nan        nan        nan        nan        66.876     1.000000e+17 


fr              MODE       IOX        СКОР       СКОА       СР         СА         СУ         AED        AEAZ       RED        REAZ       IG         TEC       
9.9960          E          0          0.000      0.000      -nan       -nan       -nan       nan        nan        nan        nan        -13.068    0.000000e+00  
9.9960          F1         0          0.000      0.000      -nan       -nan       -nan       nan        nan        nan        nan        -13.068    0.000000e+00  
9.9960          F2         0          0.000      0.000      -nan       -nan       -nan       nan        nan        nan        nan        -13.068    0.000000e+00 


fr              MODE       IOX        СКОР       СКОА       СР         СА         СУ         AED        AEAZ       RED        REAZ       IG         TEC       
9.9960          E          0          0.000      0.000      -nan       -nan       -nan       nan        nan        nan        nan        66.876     1.000000e+17  
9.9960          F1         0          0.000      0.000      -nan       -nan       -nan       nan        nan        nan        nan        66.876     1.000000e+17  
9.9960          F2         0          0.000      0.000      -nan       -nan       -nan       nan        nan        nan        nan        66.876     1.000000e+17 


fr              MODE       IOX        СКОР       СКОА       СР         СА         СУ         AED        AEAZ       RED        REAZ       IG         TEC       
9.9960          E          0          0.000      0.000      -nan       -nan       -nan       nan        nan        nan        nan        -13.068    0.000000e+00  
9.9960          F1         0          0.000      0.000      -nan       -nan       -nan       nan        nan        nan        nan        -13.068    0.000000e+00  
9.9960          F2         0          0.000      0.000      -nan       -nan       -nan       nan        nan        nan        nan        -13.068    0.000000e+00 


fr              MODE       IOX        СКОР       СКОА       СР         СА         СУ         AED        AEAZ       RED        REAZ       IG         TEC       
9.9960          E          0          0.000      0.000      -nan       -nan       -nan       nan        nan        nan        nan        66.876     1.000000e+17  
9.9960          F1         0          0.000      0.000      -nan       -nan       -nan       nan        nan        nan        nan        66.876     1.000000e+17  
9.9960          F2         0          0.000      0.000      -nan       -nan       -nan       nan        nan        nan        nan        66.876     1.000000e+17 


fr              MODE       IOX        СКОР       СКОА       СР         СА         СУ         AED        AEAZ       RED        REAZ       IG         TEC       
9.9960          E          0          0.000      0.000      -nan       -nan       -nan       nan        nan        nan        nan        -13.068    0.000000e+00  
9.9960          F1         0          0.000      0.000      -nan       -nan       -nan       nan        nan        nan        nan        -13.068    0.000000e+00  
9.9960          F2         0          0.000      0.000      -nan       -nan       -nan       nan        nan        nan        nan        -13.068    0.000000e+00 


fr              MODE       IOX        СКОР       СКОА       СР         СА         СУ         AED        AEAZ       RED        REAZ       IG         TEC       
9.9960          E          0          0.000      0.000      -nan       -nan       -nan       nan        nan        nan        nan        66.876     1.000000e+17  
9.9960          F1         0          0.000      0.000      -nan       -nan       -nan       nan        nan        nan        nan        66.876     1.000000e+17  
9.9960          F2         0          0.000      0.000      -nan       -nan       -nan       nan        nan        nan        nan        66.876     1.000000e+17 


fr              MODE       IOX        СКОР       СКОА       СР         СА         СУ         AED        AEAZ       RED        REAZ       IG         TEC       
9.9960          E          0          0.000      0.000      -nan       -nan       -nan       nan        nan        nan        nan        -13.068    0.000000e+00  
9.9960          F1         0          0.000      0.000      -nan       -nan       -nan       nan        nan        nan        nan        -13.068    0.000000e+00  
9.9960          F2         0          0.000      0.000      -nan       -nan       -nan       nan        nan        nan        nan        -13.068    0.000000e+00 


fr              MODE       IOX        СКОР       СКОА       СР         СА         СУ         AED        AEAZ       RED        REAZ       IG         TEC       
9.9960          E          0          0.000      0.000      -nan       -nan       -nan       nan        nan        nan        nan        57.761     9.100000e+16  
9.9960          F1         0          0.000      0.000      -nan       -nan       -nan       nan        nan        nan        nan        57.761     9.100000e+16  
9.9960          F2         0          0.000      0.000      -nan       -nan       -nan       nan        nan        nan        nan        57.761     9.100000e+16 


fr              MODE       IOX        СКОР       СКОА       СР         СА         СУ         AED        AEAZ       RED        REAZ       IG         TEC       
9.9960          E          0          0.000      0.000      -nan       -nan       -nan       nan        nan        nan        nan        -13.068    0.000000e+00  
9.9960          F1         0          0.000      0.000      -nan       -nan       -nan       nan        nan        nan        nan        -13.068    0.000000e+00  
9.9960          F2         0          0.000      0.000      -nan       -nan       -nan       nan        nan        nan        nan        -13.068    0.000000e+00 


fr              MODE       IOX        СКОР       СКОА       СР         СА         СУ         AED        AEAZ       RED        REAZ       IG         TEC       
9.9960          E          0          0.000      0.000      -nan       -nan       -nan       nan        nan        nan        nan        57.761     9.100000e+16  
9.9960          F1         0          0.000      0.000      -nan       -nan       -nan       nan        nan        nan        nan        57.761     9.100000e+16  
9.9960          F2         0          0.000      0.000      -nan       -nan       -nan       nan        nan        nan        nan        57.761     9.100000e+16 


fr              MODE       IOX        СКОР       СКОА       СР         СА         СУ         AED        AEAZ       RED        REAZ       IG         TEC       
9.9960          E          0          0.000      0.000      -nan       -nan       -nan       nan        nan        nan        nan        -13.068    0.000000e+00  
9.9960          F1         0          0.000      0.000      -nan       -nan       -nan       nan        nan        nan        nan        -13.068    0.000000e+00  
9.9960          F2         0          0.000      0.000      -nan       -nan       -nan       nan        nan        nan        nan        -13.068    0.000000e+00 


fr              MODE       IOX        СКОР       СКОА       СР         СА         СУ         AED        AEAZ       RED        REAZ       IG         TEC       
9.9960          E          0          0.000      0.000      -nan       -nan       -nan       nan        nan        nan        nan        57.761     9.100000e+16  
9.9960          F1         0          0.000      0.000      -nan       -nan       -nan       nan        nan        nan        nan        57.761     9.100000e+16  
9.9960          F2         0          0.000      0.000      -nan       -nan       -nan       nan        nan        nan        nan        57.761     9.100000e+16 


fr              MODE       IOX        СКОР       СКОА       СР         СА         СУ         AED        AEAZ       RED        REAZ       IG         TEC       
9.9960          E          0          0.000      0.000      -nan       -nan       -nan       nan        nan        nan        nan        -13.068    0.000000e+00  
9.9960          F1         0          0.000      0.000      -nan       -nan       -nan       nan        nan        nan        nan        -13.068    0.000000e+00  
9.9960          F2         0          0.000      0.000      -nan       -nan       -nan       nan        nan        nan        nan        -13.068    0.000000e+00 


fr              MODE       IOX        СКОР       СКОА       СР         СА         СУ         AED        AEAZ       RED        REAZ       IG         TEC       
9.9960          E          0          0.000      0.000      -nan       -nan       -nan       nan        nan        nan        nan        63.529     9.100000e+16  
9.9960          F1         0          0.000      0.000      -nan       -nan       -nan       nan        nan        nan        nan        63.529     9.100000e+16  
9.9960          F2         0          0.000      0.000      -nan       -nan       -nan       nan        nan        nan        nan        63.529     9.100000e+16 


fr              MODE       IOX        СКОР       СКОА       СР         СА         СУ         AED        AEAZ       RED        REAZ       IG         TEC       
9.9960          E          0          0.000      0.000      -nan       -nan       -nan       nan        nan        nan        nan        -13.068    0.000000e+00  
9.9960          F1         0          0.000      0.000      -nan       -nan       -nan       nan        nan        nan        nan        -13.068    0.000000e+00  
9.9960          F2         0          0.000      0.000      -nan       -nan       -nan       nan        nan        nan        nan        -13.068    0.000000e+00 


fr              MODE       IOX        СКОР       СКОА       СР         СА         СУ         AED        AEAZ       RED        REAZ       IG         TEC       
9.9960          E          0          0.000      0.000      -nan       -nan       -nan       nan        nan        nan        nan        63.529     9.100000e+16  
9.9960          F1         0          0.000      0.000      -nan       -nan       -nan       nan        nan        nan        nan        63.529     9.100000e+16  
9.9960          F2         0          0.000      0.000      -nan       -nan       -nan       nan        nan        nan        nan        63.529     9.100000e+16 


fr              MODE       IOX        СКОР       СКОА       СР         СА         СУ         AED        AEAZ       RED        REAZ       IG         TEC       
9.9960          E          0          0.000      0.000      -nan       -nan       -nan       nan        nan        nan        nan        -13.068    0.000000e+00  
9.9960          F1         0          0.000      0.000      -nan       -nan       -nan       nan        nan        nan        nan        -13.068    0.000000e+00  
9.9960          F2         0          0.000      0.000      -nan       -nan       -nan       nan        nan        nan        nan        -13.068    0.000000e+00 


fr              MODE       IOX        СКОР       СКОА       СР         СА         СУ         AED        AEAZ       RED        REAZ       IG         TEC       
9.9960          E          0          0.000      0.000      -nan       -nan       -nan       nan        nan        nan        nan        63.529     9.100000e+16  
9.9960          F1         0          0.000      0.000      -nan       -nan       -nan       nan        nan        nan        nan        63.529     9.100000e+16  
9.9960          F2         0          0.000      0.000      -nan       -nan       -nan       nan        nan        nan        nan        63.529     9.100000e+16 


fr              MODE       IOX        СКОР       СКОА       СР         СА         СУ         AED        AEAZ       RED        REAZ       IG         TEC       
9.9960          E          0          0.000      0.000      -nan       -nan       -nan       nan        nan        nan        nan        -13.068    0.000000e+00  
9.9960          F1         0          0.000      0.000      -nan       -nan       -nan       nan        nan        nan        nan        -13.068    0.000000e+00  
9.9960          F2         0          0.000      0.000      -nan       -nan       -nan       nan        nan        nan        nan        -13.068    0.000000e+00 


fr              MODE       IOX        СКОР       СКОА       СР         СА         СУ         AED        AEAZ       RED        REAZ       IG         TEC       
9.9960          E          0          0.000      0.000      -nan       -nan       -nan       nan        nan        nan        nan        63.529     9.100000e+16  
9.9960          F1         0          0.000      0.000      -nan       -nan       -nan       nan        nan        nan        nan        63.529     9.100000e+16  
9.9960          F2         0          0.000      0.000      -nan       -nan       -nan       nan        nan        nan        nan        63.529     9.100000e+16 


fr              MODE       IOX        СКОР       СКОА       СР         СА         СУ         AED        AEAZ       RED        REAZ       IG         TEC       
9.9960          E          0          0.000      0.000      -nan       -nan       -nan       nan        nan        nan        nan        -13.068    0.000000e+00  
9.9960          F1         0          0.000      0.000      -nan       -nan       -nan       nan        nan        nan        nan        -13.068    0.000000e+00  
9.9960          F2         0          0.000      0.000      -nan       -nan       -nan       nan        nan        nan        nan        -13.068    0.000000e+00 


fr              MODE       IOX        СКОР       СКОА       СР         СА         СУ         AED        AEAZ       RED        REAZ       IG         TEC       
9.9960          E          0          0.000      0.000      -nan       -nan       -nan       nan        nan        nan        nan        63.529     9.100000e+16  
9.9960          F1         0          0.000      0.000      -nan       -nan       -nan       nan        nan        nan        nan        63.529     9.100000e+16  
9.9960          F2         0          0.000      0.000      -nan       -nan       -nan       nan        nan        nan        nan        63.529     9.100000e+16 


fr              MODE       IOX        СКОР       СКОА       СР         СА         СУ         AED        AEAZ       RED        REAZ       IG         TEC       
9.9960          E          0          0.000      0.000      -nan       -nan       -nan       nan        nan        nan        nan        -13.068    0.000000e+00  
9.9960          F1         0          0.000      0.000      -nan       -nan       -nan       nan        nan        nan        nan        -13.068    0.000000e+00  
9.9960          F2         0          0.000      0.000      -nan       -nan       -nan       nan        nan        nan        nan        -13.068    0.000000e+00 


fr              MODE       IOX        СКОР       СКОА       СР         СА         СУ         AED        AEAZ       RED        REAZ       IG         TEC       
9.9960          E          0          0.000      0.000      -nan       -nan       -nan       nan        nan        nan        nan        63.529     9.100000e+16  
9.9960          F1         0          0.000      0.000      -nan       -nan       -nan       nan        nan        nan        nan        63.529     9.100000e+16  
9.9960          F2         0          0.000      0.000      -nan       -nan       -nan       nan        nan        nan        nan        63.529     9.100000e+16 


fr              MODE       IOX        СКОР       СКОА       СР         СА         СУ         AED        AEAZ       RED        REAZ       IG         TEC       
9.9960          E          0          0.000      0.000      -nan       -nan       -nan       nan        nan        nan        nan        -13.068    0.000000e+00  
9.9960          F1         0          0.000      0.000      -nan       -nan       -nan       nan        nan        nan        nan        -13.068    0.000000e+00  
9.9960          F2         0          0.000      0.000      -nan       -nan       -nan       nan        nan        nan        nan        -13.068    0.000000e+00 


fr              MODE       IOX        СКОР       СКОА       СР         СА         СУ         AED        AEAZ       RED        REAZ       IG         TEC       
9.9960          E          0          0.000      0.000      -nan       -nan       -nan       nan        nan        nan        nan        63.529     9.100000e+16  
9.9960          F1         0          0.000      0.000      -nan       -nan       -nan       nan        nan        nan        nan        63.529     9.100000e+16  
9.9960          F2         0          0.000      0.000      -nan       -nan       -nan       nan        nan        nan        nan        63.529     9.100000e+16 


fr              MODE       IOX        СКОР       СКОА       СР         СА         СУ         AED        AEAZ       RED        REAZ       IG         TEC       
9.9960          E          0          0.000      0.000      -nan       -nan       -nan       nan        nan        nan        nan        -13.068    0.000000e+00  
9.9960          F1         0          0.000      0.000      -nan       -nan       -nan       nan        nan        nan        nan        -13.068    0.000000e+00  
9.9960          F2         0          0.000      0.000      -nan       -nan       -nan       nan        nan        nan        nan        -13.068    0.000000e+00 


fr              MODE       IOX        СКОР       СКОА       СР         СА         СУ         AED        AEAZ       RED        REAZ       IG         TEC       
9.9960          E          0          0.000      0.000      -nan       -nan       -nan       nan        nan        nan        nan        63.529     9.100000e+16  
9.9960          F1         0          0.000      0.000      -nan       -nan       -nan       nan        nan        nan        nan        63.529     9.100000e+16  
9.9960          F2         0          0.000      0.000      -nan       -nan       -nan       nan        nan        nan        nan        63.529     9.100000e+16 


fr              MODE       IOX        СКОР       СКОА       СР         СА         СУ         AED        AEAZ       RED        REAZ       IG         TEC       
9.9960          E          0          0.000      0.000      -nan       -nan       -nan       nan        nan        nan        nan        -13.068    0.000000e+00  
9.9960          F1         0          0.000      0.000      -nan       -nan       -nan       nan        nan        nan        nan        -13.068    0.000000e+00  
9.9960          F2         0          0.000      0.000      -nan       -nan       -nan       nan        nan        nan        nan        -13.068    0.000000e+00 


fr              MODE       IOX        СКОР       СКОА       СР         СА         СУ         AED        AEAZ       RED        REAZ       IG         TEC       
9.9960          E          0          0.000      0.000      -nan       -nan       -nan       nan        nan        nan        nan        63.529     9.100000e+16  
9.9960          F1         0          0.000      0.000      -nan       -nan       -nan       nan        nan        nan        nan        63.529     9.100000e+16  
9.9960          F2         0          0.000      0.000      -nan       -nan       -nan       nan        nan        nan        nan        63.529     9.100000e+16 


fr              MODE       IOX        СКОР       СКОА       СР         СА         СУ         AED        AEAZ       RED        REAZ       IG         TEC       
9.9960          E          0          0.000      0.000      -nan       -nan       -nan       nan        nan        nan        nan        -13.068    0.000000e+00  
9.9960          F1         0          0.000      0.000      -nan       -nan       -nan       nan        nan        nan        nan        -13.068    0.000000e+00  
9.9960          F2         0          0.000      0.000      -nan       -nan       -nan       nan        nan        nan        nan        -13.068    0.000000e+00 


fr              MODE       IOX        СКОР       СКОА       СР         СА         СУ         AED        AEAZ       RED        REAZ       IG         TEC       
9.9960          E          0          0.000      0.000      -nan       -nan       -nan       nan        nan        nan        nan        63.529     9.100000e+16  
9.9960          F1         0          0.000      0.000      -nan       -nan       -nan       nan        nan        nan        nan        63.529     9.100000e+16  
9.9960          F2         0          0.000      0.000      -nan       -nan       -nan       nan        nan        nan        nan        63.529     9.100000e+16 


fr              MODE       IOX        СКОР       СКОА       СР         СА         СУ         AED        AEAZ       RED        REAZ       IG         TEC       
9.9960          E          0          0.000      0.000      -nan       -nan       -nan       nan        nan        nan        nan        -13.068    0.000000e+00  
9.9960          F1         0          0.000      0.000      -nan       -nan       -nan       nan        nan        nan        nan        -13.068    0.000000e+00  
9.9960          F2         0          0.000      0.000      -nan       -nan       -nan       nan        nan        nan        nan        -13.068    0.000000e+00 


fr              MODE       IOX        СКОР       СКОА       СР         СА         СУ         AED        AEAZ       RED        REAZ       IG         TEC       
9.9960          E          0          0.000      0.000      -nan       -nan       -nan       nan        nan        nan        nan        63.529     9.100000e+16  
9.9960          F1         0          0.000      0.000      -nan       -nan       -nan       nan        nan        nan        nan        63.529     9.100000e+16  
9.9960          F2         0          0.000      0.000      -nan       -nan       -nan       nan        nan        nan        nan        63.529     9.100000e+16 


fr              MODE       IOX        СКОР       СКОА       СР         СА         СУ         AED        AEAZ       RED        REAZ       IG         TEC       
9.9960          E          0          0.000      0.000      -nan       -nan       -nan       nan        nan        nan        nan        -13.068    0.000000e+00  
9.9960          F1         0          0.000      0.000      -nan       -nan       -nan       nan        nan        nan        nan        -13.068    0.000000e+00  
9.9960          F2         0          0.000      0.000      -nan       -nan       -nan       nan        nan        nan        nan        -13.068    0.000000e+00 


fr              MODE       IOX        СКОР       СКОА       СР         СА         СУ         AED        AEAZ       RED        REAZ       IG         TEC       
9.9960          E          0          0.000      0.000      -nan       -nan       -nan       nan        nan        nan        nan        63.529     9.100000e+16  
9.9960          F1         0          0.000      0.000      -nan       -nan       -nan       nan        nan        nan        nan        63.529     9.100000e+16  
9.9960          F2         0          0.000      0.000      -nan       -nan       -nan       nan        nan        nan        nan        63.529     9.100000e+16 


fr              MODE       IOX        СКОР       СКОА       СР         СА         СУ         AED        AEAZ       RED        REAZ       IG         TEC       
9.9960          E          0          0.000      0.000      -nan       -nan       -nan       nan        nan        nan        nan        -13.068    0.000000e+00  
9.9960          F1         0          0.000      0.000      -nan       -nan       -nan       nan        nan        nan        nan        -13.068    0.000000e+00  
9.9960          F2         0          0.000      0.000      -nan       -nan       -nan       nan        nan        nan        nan        -13.068    0.000000e+00 


fr              MODE       IOX        СКОР       СКОА       СР         СА         СУ         AED        AEAZ       RED        REAZ       IG         TEC       
9.9960          E          0          0.000      0.000      -nan       -nan       -nan       nan        nan        nan        nan        63.529     9.100000e+16  
9.9960          F1         0          0.000      0.000      -nan       -nan       -nan       nan        nan        nan        nan        63.529     9.100000e+16  
9.9960          F2         0          0.000      0.000      -nan       -nan       -nan       nan        nan        nan        nan        63.529     9.100000e+16 


fr              MODE       IOX        СКОР       СКОА       СР         СА         СУ         AED        AEAZ       RED        REAZ       IG         TEC       
9.9960          E          0          0.000      0.000      -nan       -nan       -nan       nan        nan        nan        nan        -13.068    0.000000e+00  
9.9960          F1         0          0.000      0.000      -nan       -nan       -nan       nan        nan        nan        nan        -13.068    0.000000e+00  
9.9960          F2         0          0.000      0.000      -nan       -nan       -nan       nan        nan        nan        nan        -13.068    0.000000e+00 


fr              MODE       IOX        СКОР       СКОА       СР         СА         СУ         AED        AEAZ       RED        REAZ       IG         TEC       
9.9960          E          0          0.000      0.000      -nan       -nan       -nan       nan        nan        nan        nan        63.529     9.100000e+16  
9.9960          F1         0          0.000      0.000      -nan       -nan       -nan       nan        nan        nan        nan        63.529     9.100000e+16  
9.9960          F2         0          0.000      0.000      -nan       -nan       -nan       nan        nan        nan        nan        63.529     9.100000e+16 


fr              MODE       IOX        СКОР       СКОА       СР         СА         СУ         AED        AEAZ       RED        REAZ       IG         TEC       
9.9960          E          0          0.000      0.000      -nan       -nan       -nan       nan        nan        nan        nan        -13.068    0.000000e+00  
9.9960          F1         0          0.000      0.000      -nan       -nan       -nan       nan        nan        nan        nan        -13.068    0.000000e+00  
9.9960          F2         0          0.000      0.000      -nan       -nan       -nan       nan        nan        nan        nan        -13.068    0.000000e+00 


