
[strDate]   [strTime]   [Frq_rpu]    [Frq_meg]    [Band]  [E]   [S_N] [Att]  [B]     [A]    [S0]  [aIRI0]   [Lat0]  [Lon0]   [S1]  [aIRI1]  [Lat1]  [Lon1]   [S2]  [aIRI2]  [Lat2]  [Lon2] [Sigm] [Time_sec]  [Cource]  [BaseLat]  [BaseLon]  [TypeSignalName]  [DispApd]  [Dopler]  [Delay]
04.04.2019 08:00:09.929   9.99600000   9995.99978   0.11  -75.4   27.6  28.0  9.60  355.7  1366.1  355.77   59.48   37.94     0.0  355.68    0.00    0.00     0.0  355.68    0.00    0.00    1.7     28809.929     13.50   47.24000   39.71000  "Undefined"       0.0       -0.22  0.00000000
04.04.2019 08:01:16.302   9.99600000   9995.99863   0.11  -82.0   21.0  28.0  9.60  354.2  1361.8  354.35   59.41   37.36     0.0  354.22    0.00    0.00     0.0  354.22    0.00    0.00    1.9     28876.302     13.50   47.24000   39.71000  "Undefined"       0.0       -1.37  0.00000000
04.04.2019 08:03:25.346   9.99600000   9995.99961   0.11  -69.6   33.4  28.0 12.00  355.6     0.0  355.65    0.00    0.00     0.0  355.65    0.00    0.00     0.0  355.65    0.00    0.00    1.5     29005.346     13.50   47.24000   39.71000  "Undefined"       0.0       -0.39  0.00000000
04.04.2019 08:03:59.225   9.99600000   9995.99954   0.11  -73.8   29.2  28.0 10.80  354.9  1176.6  355.01   57.77   37.99     0.0  354.92    0.00    0.00     0.0  354.92    0.00    0.00    1.5     29039.225     13.50   47.24000   39.71000  "Undefined"       0.0       -0.46  0.00000000
04.04.2019 08:05:23.901   9.99600000   9995.99986   0.11  -72.1   30.9  28.0  9.00  353.5  1549.6  353.68   61.06   36.57     0.0  353.48    0.00    0.00     0.0  353.48    0.00    0.00    1.7     29123.901     13.50   47.24000   39.71000  "Undefined"       0.0       -0.14  0.00000000
04.04.2019 08:06:30.761   9.99600000   9995.99997   0.11  -77.3   25.8  28.0 10.80  356.4  1220.5  356.43   58.19   38.42     0.0  356.37    0.00    0.00     0.0  356.37    0.00    0.00    1.6     29190.761     13.50   47.24000   39.71000  "Undefined"       0.0       -0.03  0.00000000
04.04.2019 08:06:54.096   9.99600000   9995.99979   0.11  -72.2   30.8  28.0  8.40  351.4  1224.3  351.55   58.10   36.67  2761.8  352.15   71.59   29.24     0.0  351.38    0.00    0.00    1.9     29214.096     13.50   47.24000   39.71000  "Undefined"       0.0       -0.21  0.00000000
04.04.2019 08:07:05.748   9.99600000   9995.99998   0.11  -75.1   27.9  28.0  7.20  355.0  1267.4  355.07   58.59   37.84  2708.8  355.37   71.44   33.70     0.0  354.97    0.00    0.00    2.0     29225.748     13.50   47.24000   39.71000  "Undefined"       0.0       -0.02  0.00000000
04.04.2019 08:07:17.423   9.99600000   9995.99977   0.11  -71.5   31.5  28.0  9.60  354.3  1588.6  354.45   61.43   36.85     0.0  354.26    0.00    0.00     0.0  354.26    0.00    0.00    1.6     29237.423     13.50   47.24000   39.71000  "Undefined"       0.0       -0.23  0.00000000
04.04.2019 08:07:28.062   9.99600000   9995.99979   0.11  -70.4   32.6  28.0  9.00  354.9  1245.5  355.04   58.39   37.88  2650.4  355.35   70.92   33.95     0.0  354.94    0.00    0.00    1.7     29248.062     13.50   47.24000   39.71000  "Undefined"       0.0       -0.21  0.00000000
04.04.2019 08:10:19.126   9.99600000   9995.99950   0.40  -75.2   22.3  28.0  8.40  354.3  1217.4  354.36   58.12   37.69  2739.5  354.76   71.66   32.76     0.0  354.25    0.00    0.00    1.6     29419.126     13.50   47.24000   39.71000  "Undefined"       0.0       -0.50  0.00000000
04.04.2019 08:10:32.587   9.99600000   9995.99962   0.35  -76.7   21.3  28.0  6.60  353.5  1313.5  353.68   58.96   37.20  2753.6  354.05   71.73   31.75     0.0  353.55    0.00    0.00    1.5     29432.587     13.50   47.24000   39.71000  "Undefined"       0.0       -0.38  0.00000000
04.04.2019 08:11:07.223   9.99600000   9995.99895   0.22  -78.7   21.3  28.0 12.60  353.5  2281.4  354.00   67.56   34.20     0.0  353.53    0.00    0.00     0.0  353.53    0.00    0.00    1.8     29467.223     13.50   47.24000   39.71000  "Undefined"       0.0       -1.05  0.00000000
04.04.2019 08:11:30.527   9.99600000   9995.99997   0.20  -79.5   13.0  28.0 12.00  352.8  1081.0  352.94   56.87   37.53     0.0  352.81    0.00    0.00     0.0  352.81    0.00    0.00    1.8     29490.527     13.50   47.24000   39.71000  "Undefined"       0.0       -0.03  0.00000000
04.04.2019 08:12:15.664   9.99600000   9995.99993   0.11  -82.5   20.5  28.0 16.20  352.1  2083.6  352.55   65.72   33.89     0.0  352.09    0.00    0.00     0.0  352.09    0.00    0.00    1.8     29535.664     13.50   47.24000   39.71000  "Undefined"       0.0       -0.07  0.00000000
04.04.2019 08:12:28.397   9.99600000   9995.99508   0.20  -84.1   16.3  28.0 10.80  353.5  1217.4  353.64   58.10   37.43     0.0  353.50    0.00    0.00     0.0  353.50    0.00    0.00    2.0     29548.397     13.50   47.24000   39.71000  "Undefined"       0.0       -4.92  0.00000000
04.04.2019 08:14:33.666   9.99600000   9995.99920   0.22  -80.3   19.7  28.0 12.00  352.1  1081.0  352.28   56.85   37.33     0.0  352.14    0.00    0.00     0.0  352.14    0.00    0.00    1.6     29673.666     13.50   47.24000   39.71000  "Undefined"       0.0       -0.80  0.00000000
04.04.2019 08:17:01.013   9.99600000   9996.00035   0.11  -74.3   28.7  28.0 12.60  358.6     0.0  358.55    0.00    0.00     0.0  358.55    0.00    0.00     0.0  358.55    0.00    0.00    1.7     29821.013     13.50   47.24000   39.71000  "Undefined"       0.0        0.35  0.00000000
04.04.2019 08:18:56.142   9.99600000   9995.99998   0.11  -79.1   23.9  28.0 13.80  353.5  2107.2  353.88   66.02   34.82     0.0  353.50    0.00    0.00     0.0  353.50    0.00    0.00    1.8     29936.142     13.50   47.24000   39.71000  "Undefined"       0.0       -0.02  0.00000000
04.04.2019 08:19:51.864   9.99600000   9995.99911   0.20  -73.7   26.8  28.0  9.60  354.9  1598.0  355.10   61.54   37.16     0.0  354.94    0.00    0.00     0.0  354.94    0.00    0.00    1.6     29991.864     13.50   47.24000   39.71000  "Undefined"       0.0       -0.89  0.00000000
04.04.2019 08:20:37.531   9.99600000   9996.00048   0.40  -77.4   20.1  28.0 10.80  354.9  1292.4  355.06   58.81   37.79     0.0  354.95    0.00    0.00     0.0  354.95    0.00    0.00    1.8     30037.531     13.50   47.24000   39.71000  "Undefined"       0.0        0.48  0.00000000
04.04.2019 08:21:12.122   9.99600000   9996.00051   0.40  -73.5   23.9  28.0 10.80  353.5  1289.3  353.70   58.75   37.27     0.0  353.55    0.00    0.00     0.0  353.55    0.00    0.00    1.9     30072.122     13.50   47.24000   39.71000  "Undefined"       0.0        0.51  0.00000000
04.04.2019 08:22:09.384   9.99600000   9996.00075   0.18  -80.0   20.9  28.0 15.60  355.0  1904.2  355.16   64.27   36.43     0.0  354.97    0.00    0.00     0.0  354.97    0.00    0.00    1.9     30129.384     13.50   47.24000   39.71000  "Undefined"       0.0        0.75  0.00000000
04.04.2019 08:22:21.022   9.99600000   9995.99969   0.38  -79.7   18.0  28.0 10.20  355.7  1604.2  355.85   61.62   37.54  2884.7  356.14   73.05   33.91     0.0  355.72    0.00    0.00    1.8     30141.022     13.50   47.24000   39.71000  "Undefined"       0.0       -0.31  0.00000000
04.04.2019 08:22:53.807   9.99600000   9996.00016   0.40  -75.7   21.7  28.0 10.80  353.5  1288.9  353.62   58.74   37.24     0.0  353.46    0.00    0.00     0.0  353.46    0.00    0.00    1.6     30173.807     13.50   47.24000   39.71000  "Undefined"       0.0        0.16  0.00000000
04.04.2019 08:23:14.984   9.99600000   9995.99990   0.38  -77.0   20.7  28.0 14.40  357.2  1960.4  357.19   64.84   37.71     0.0  357.15    0.00    0.00     0.0  357.15    0.00    0.00    1.9     30194.984     13.50   47.24000   39.71000  "Undefined"       0.0       -0.10  0.00000000
04.04.2019 08:23:37.202   9.99600000   9996.15890   0.07  -90.5   14.7  28.0 12.60  352.8  1047.8  352.92   56.58   37.61     0.0  352.80    0.00    0.00     0.0  352.80    0.00    0.00    1.9     30217.202     13.50   47.24000   39.71000  "Undefined"       0.0      158.90  0.00000000
04.04.2019 08:23:37.202   9.99600000   9995.99670   0.33  -75.3   22.9  28.0 11.40  352.8  1176.3  352.92   57.72   37.28     0.0  352.77    0.00    0.00     0.0  352.77    0.00    0.00    1.6     30217.202     13.50   47.24000   39.71000  "Undefined"       0.0       -3.30  0.00000000
04.04.2019 08:24:13.286   9.99600000   9995.99965   0.24  -79.3   23.7  28.0 14.40  354.9  1970.4  355.15   64.86   36.24     0.0  354.93    0.00    0.00     0.0  354.93    0.00    0.00    1.6     30253.286     13.50   47.24000   39.71000  "Undefined"      62.5       -0.35  0.00000000
04.04.2019 08:24:26.042   9.99600000   9995.85657   0.13  -85.2   17.1  28.0 13.20  353.5  2129.1  353.93   66.21   34.78  3286.1  354.51   76.42   28.13     0.0  353.52    0.00    0.00    1.7     30266.042     13.50   47.24000   39.71000  "Undefined"       0.0     -143.43  0.00000000
04.04.2019 08:24:26.042   9.99600000   9996.00274   0.27  -74.3   24.9  28.0 13.20  352.8  2130.7  353.26   66.19   34.24  3286.0  353.90   76.33   26.90     0.0  352.78    0.00    0.00    1.4     30266.042     13.50   47.24000   39.71000  "Undefined"       0.0        2.74  0.00000000
04.04.2019 08:24:39.943   9.99600000   9995.99418   0.31  -82.7   15.9  28.0 12.60  352.8  1047.7  352.96   56.58   37.62     0.0  352.84    0.00    0.00     0.0  352.84    0.00    0.00    1.7     30279.943     13.50   47.24000   39.71000  "Undefined"       0.0       -5.82  0.00000000
04.04.2019 08:25:26.930   9.99600000   9995.99919   0.40  -72.9   24.5  28.0 14.40  355.7  1966.9  355.86   64.86   36.75     0.0  355.69    0.00    0.00     0.0  355.69    0.00    0.00    1.7     30326.930     13.50   47.24000   39.71000  "Undefined"       0.0       -0.81  0.00000000
04.04.2019 08:25:39.621   9.99600000   9996.00034   0.40  -74.9   22.5  28.0 16.20  352.8  1906.2  353.17   64.20   35.09     0.0  352.82    0.00    0.00     0.0  352.82    0.00    0.00    1.9     30339.621     13.50   47.24000   39.71000  "Undefined"       0.0        0.34  0.00000000
04.04.2019 08:25:50.202   9.99600000   9995.99968   0.40  -74.6   22.9  28.0 15.60  354.3  1907.0  354.51   64.27   35.98     0.0  354.26    0.00    0.00     0.0  354.26    0.00    0.00    1.5     30350.202     13.50   47.24000   39.71000  "Undefined"       0.0       -0.32  0.00000000
04.04.2019 08:26:00.772   9.99600000   9996.00014   0.40  -72.3   25.1  28.0 12.60  355.7  1048.0  355.77   56.63   38.45     0.0  355.71    0.00    0.00     0.0  355.71    0.00    0.00    1.6     30360.772     13.50   47.24000   39.71000  "Undefined"       0.0        0.14  0.00000000
04.04.2019 08:26:25.215   9.99600000   9995.99981   0.40  -72.4   25.0  28.0 13.20  354.2  2126.9  354.58   66.23   35.30  3285.8  355.10   76.49   29.31     0.0  354.23    0.00    0.00    1.7     30385.215     13.50   47.24000   39.71000  "Undefined"       0.0       -0.19  0.00000000
04.04.2019 08:26:36.950   9.99600000   9995.85460   0.15  -84.6   17.0  28.0 13.20  354.3  2126.6  354.61   66.23   35.33  3285.5  355.13   76.49   29.38     0.0  354.27    0.00    0.00    1.8     30396.950     13.50   47.24000   39.71000  "Undefined"       0.0     -145.40  0.00000000
04.04.2019 08:26:36.950   9.99600000   9996.00320   0.24  -77.7   22.7  28.0 13.80  355.0  2032.7  355.22   65.42   36.11     0.0  354.98    0.00    0.00     0.0  354.98    0.00    0.00    1.6     30396.950     13.50   47.24000   39.71000  "Undefined"      64.3        3.20  0.00000000
04.04.2019 08:26:48.601   9.99600000   9995.86494   0.13  -86.8   15.4  28.0 12.60  352.8  1047.8  352.91   56.58   37.61     0.0  352.79    0.00    0.00     0.0  352.79    0.00    0.00    1.9     30408.601     13.50   47.24000   39.71000  "Undefined"       0.0     -135.06  0.00000000
04.04.2019 08:26:48.601   9.99600000   9996.00437   0.27  -75.1   24.1  28.0 10.80  353.5  1288.6  353.64   58.74   37.25     0.0  353.48    0.00    0.00     0.0  353.48    0.00    0.00    1.7     30408.601     13.50   47.24000   39.71000  "Undefined"       0.0        4.37  0.00000000
04.04.2019 08:27:00.245   9.99600000   9995.99998   0.40  -69.1   26.4  28.0 14.40  354.2  1974.0  354.50   64.87   35.76     0.0  354.21    0.00    0.00     0.0  354.21    0.00    0.00    1.5     30420.245     13.50   47.24000   39.71000  "Undefined"       0.0       -0.02  0.00000000
04.04.2019 08:27:14.062   9.99600000   9995.99955   0.40  -70.5   26.9  28.0 15.00  354.9  1928.9  355.13   64.49   36.34     0.0  354.92    0.00    0.00     0.0  354.92    0.00    0.00    1.5     30434.062     13.50   47.24000   39.71000  "Undefined"       0.0       -0.45  0.00000000
04.04.2019 08:27:25.721   9.99600000   9996.00012   0.40  -67.1   30.3  28.0 13.80  354.3  2035.1  354.60   65.41   35.64     0.0  354.30    0.00    0.00     0.0  354.30    0.00    0.00    1.4     30445.721     13.50   47.24000   39.71000  "Undefined"       0.0        0.12  0.00000000
04.04.2019 08:27:37.367   9.99600000   9996.16269   0.07  -88.2   17.1  28.0 15.60  354.3  1906.8  354.52   64.27   35.99     0.0  354.28    0.00    0.00     0.0  354.28    0.00    0.00    1.6     30457.367     13.50   47.24000   39.71000  "Undefined"       0.0      162.69  0.00000000
04.04.2019 08:27:37.367   9.99600000   9995.99760   0.33  -73.9   24.4  28.0 15.00  354.9  1928.7  355.13   64.49   36.34     0.0  354.93    0.00    0.00     0.0  354.93    0.00    0.00    1.5     30457.367     13.50   47.24000   39.71000  "Undefined"       0.0       -2.40  0.00000000
04.04.2019 08:27:50.090   9.99600000   9996.00051   0.40  -74.4   23.1  28.0 14.40  353.5  1975.9  353.87   64.85   35.31     0.0  353.53    0.00    0.00     0.0  353.53    0.00    0.00    1.6     30470.090     13.50   47.24000   39.71000  "Undefined"       0.0        0.51  0.00000000
04.04.2019 08:28:03.571   9.99600000   9996.00028   0.40  -72.4   25.0  28.0 14.40  353.5  1975.8  353.86   64.85   35.30     0.0  353.52    0.00    0.00     0.0  353.52    0.00    0.00    1.6     30483.571     13.50   47.24000   39.71000  "Undefined"       0.0        0.28  0.00000000
04.04.2019 08:28:15.248   9.99600000   9996.00033   0.40  -73.5   23.9  28.0 14.40  353.5  1975.8  353.87   64.85   35.31     0.0  353.53    0.00    0.00     0.0  353.53    0.00    0.00    1.5     30495.248     13.50   47.24000   39.71000  "Undefined"       0.0        0.33  0.00000000
04.04.2019 08:28:25.871   9.99600000   9996.00053   0.40  -70.2   27.2  28.0 14.40  354.2  1973.2  354.48   64.86   35.75     0.0  354.20    0.00    0.00     0.0  354.20    0.00    0.00    1.6     30505.871     13.50   47.24000   39.71000  "Undefined"       0.0        0.53  0.00000000
04.04.2019 08:28:36.462   9.99600000   9995.99921   0.40  -74.7   22.7  28.0 13.80  355.7  2029.9  355.84   65.42   36.58     0.0  355.65    0.00    0.00     0.0  355.65    0.00    0.00    1.7     30516.462     13.50   47.24000   39.71000  "Undefined"       0.0       -0.79  0.00000000
04.04.2019 08:28:57.701   9.99600000   9996.00220   0.33  -80.2   18.1  28.0 12.60  352.8  1047.8  352.94   56.58   37.62     0.0  352.81    0.00    0.00     0.0  352.81    0.00    0.00    1.9     30537.701     13.50   47.24000   39.71000  "Undefined"       0.0        2.20  0.00000000
04.04.2019 08:29:08.283   9.99600000   9995.99847   0.31  -81.1   17.4  28.0 13.20  354.2  2126.7  354.56   66.23   35.29  3285.5  355.08   76.49   29.29     0.0  354.21    0.00    0.00    1.8     30548.283     13.50   47.24000   39.71000  "Undefined"       0.0       -1.53  0.00000000
04.04.2019 08:29:20.010   9.99600000   9995.99936   0.40  -73.7   21.7  28.0 13.80  353.5  2039.6  353.89   65.42   35.09     0.0  353.52    0.00    0.00     0.0  353.52    0.00    0.00    1.5     30560.010     13.50   47.24000   39.71000  "Undefined"       0.0       -0.64  0.00000000
04.04.2019 08:30:03.005   9.99600000   9995.99978   0.11  -64.7   38.3  28.0 13.20  354.2  2126.8  354.58   66.23   35.31  3285.7  355.10   76.49   29.32     0.0  354.23    0.00    0.00    1.5     30603.005     13.50   47.24000   39.71000  "Undefined"       0.0       -0.22  0.00000000
04.04.2019 08:30:13.588   9.99600000   9995.99983   0.11  -71.8   31.2  28.0 15.60  352.8  1912.9  353.16   64.26   35.06     0.0  352.80    0.00    0.00     0.0  352.80    0.00    0.00    2.0     30613.588     13.50   47.24000   39.71000  "Undefined"       0.0       -0.17  0.00000000
04.04.2019 08:30:25.273   9.99600000   9995.99985   0.11  -69.4   33.6  28.0 12.60  351.4  1047.8  351.52   56.54   37.20     0.0  351.37    0.00    0.00     0.0  351.37    0.00    0.00    1.9     30625.273     13.50   47.24000   39.71000  "Undefined"       0.0       -0.15  0.00000000
04.04.2019 08:30:35.822   9.99600000   9995.99992   0.11  -71.9   31.1  28.0 10.80  353.5  1289.5  353.68   58.75   37.27     0.0  353.53    0.00    0.00     0.0  353.53    0.00    0.00    2.0     30635.822     13.50   47.24000   39.71000  "Undefined"       0.0       -0.08  0.00000000
04.04.2019 08:30:58.805   9.99600000   9995.99980   0.11  -63.9   39.1  28.0 13.20  353.5  2129.4  353.93   66.22   34.78  3286.5  354.51   76.42   28.12     0.0  353.52    0.00    0.00    1.6     30658.805     13.50   47.24000   39.71000  "Undefined"       0.0       -0.20  0.00000000
04.04.2019 08:31:09.384   9.99600000   9995.99976   0.11  -70.3   32.7  28.0 11.40  356.4  1179.8  356.46   57.83   38.49     0.0  356.40    0.00    0.00     0.0  356.40    0.00    0.00    1.7     30669.384     13.50   47.24000   39.71000  "Undefined"       0.0       -0.24  0.00000000
04.04.2019 08:31:21.743   9.99600000   9995.99979   0.11  -66.0   37.0  28.0 11.40  353.5  1176.5  353.64   57.74   37.53     0.0  353.51    0.00    0.00     0.0  353.51    0.00    0.00    1.6     30681.743     13.50   47.24000   39.71000  "Undefined"       0.0       -0.21  0.00000000
04.04.2019 08:31:32.361   9.99600000   9995.99973   0.11  -69.3   33.7  28.0  5.40  353.5  1413.0  353.64   59.84   36.93  2888.7  354.01   72.90   30.77     0.0  353.49    0.00    0.00    1.9     30692.361     13.50   47.24000   39.71000  "Undefined"       0.0       -0.27  0.00000000
04.04.2019 08:31:43.988   9.99600000   9995.99972   0.11  -66.2   36.8  28.0  8.40  354.2  1177.7  354.32   57.77   37.75  3114.6  355.01   74.99   30.64     0.0  354.21    0.00    0.00    1.8     30703.988     13.50   47.24000   39.71000  "Undefined"       0.0       -0.28  0.00000000
04.04.2019 08:32:06.977   9.99600000   9995.99977   0.11  -66.5   36.5  28.0 12.00  353.5  1101.4  353.67   57.07   37.71     0.0  353.55    0.00    0.00     0.0  353.55    0.00    0.00    1.5     30726.977     13.50   47.24000   39.71000  "Undefined"       0.0       -0.23  0.00000000
04.04.2019 08:32:17.642   9.99600000   9995.99994   0.11  -70.3   32.7  28.0 10.20  354.2  1577.0  354.40   61.33   36.85  2852.7  354.78   72.66   32.12     0.0  354.20    0.00    0.00    1.7     30737.642     13.50   47.24000   39.71000  "Undefined"       0.0       -0.06  0.00000000
04.04.2019 08:32:30.043   9.99600000   9995.99975   0.11  -67.2   35.8  28.0 10.80  355.0  1293.0  355.10   58.81   37.80     0.0  354.99    0.00    0.00     0.0  354.99    0.00    0.00    1.8     30750.043     13.50   47.24000   39.71000  "Undefined"       0.0       -0.25  0.00000000
04.04.2019 08:33:08.267   9.99600000   9995.99931   0.11  -75.4   27.6  28.0 15.60  358.5  1884.1  358.45   64.18   38.67     0.0  358.54    0.00    0.00     0.0  358.54    0.00    0.00    1.8     30788.267     13.50   47.24000   39.71000  "Undefined"       0.0       -0.69  0.00000000
04.04.2019 08:33:31.532   9.99600000   9995.99977   0.11  -67.2   35.8  28.0 10.20  354.3  1579.4  354.46   61.35   36.88  2856.1  354.84   72.70   32.18     0.0  354.27    0.00    0.00    1.7     30811.532     13.50   47.24000   39.71000  "Undefined"       0.0       -0.23  0.00000000
04.04.2019 08:35:07.708   9.99600000   9995.99978   0.11  -68.9   34.1  28.0 12.60  352.8  1047.8  352.92   56.58   37.61     0.0  352.80    0.00    0.00     0.0  352.80    0.00    0.00    1.9     30907.708     13.50   47.24000   39.71000  "Undefined"       0.0       -0.22  0.00000000
04.04.2019 08:36:01.653   9.99600000   9995.99969   0.11  -69.1   33.9  28.0 10.20  353.5  1143.3  353.66   57.44   37.61  2429.1  353.99   68.87   33.50  3623.2  354.72   79.34   24.18    1.9     30961.653     13.50   47.24000   39.71000  "Undefined"       0.0       -0.31  0.00000000
04.04.2019 08:36:25.010   9.99600000   9995.99972   0.11  -71.0   32.0  28.0  8.40  353.5  1156.9  353.67   57.57   37.58  2439.7  353.96   68.96   33.42  3833.0  354.93   81.14   20.74    1.7     30985.010     13.50   47.24000   39.71000  "Undefined"       0.0       -0.28  0.00000000
04.04.2019 08:36:46.155   9.99600000   9995.99978   0.11  -68.7   34.3  28.0  6.60  355.0  1285.7  355.06   58.75   37.80  2627.2  355.30   70.71   34.00     0.0  354.96    0.00    0.00    1.7     31006.155     13.50   47.24000   39.71000  "Undefined"       0.0       -0.22  0.00000000
04.04.2019 08:36:57.845   9.99600000   9995.99985   0.11  -66.1   36.9  28.0 13.20  351.4  1024.3  351.51   56.33   37.27     0.0  351.36    0.00    0.00     0.0  351.36    0.00    0.00    1.6     31017.845     13.50   47.24000   39.71000  "Undefined"       0.0       -0.15  0.00000000
04.04.2019 08:37:10.608   9.99600000   9995.99969   0.11  -65.7   37.3  28.0 12.00  354.2  1134.1  354.35   57.38   37.86     0.0  354.24    0.00    0.00     0.0  354.24    0.00    0.00    1.7     31030.608     13.50   47.24000   39.71000  "Undefined"       0.0       -0.31  0.00000000
04.04.2019 08:37:33.463   9.99600000   9995.99972   0.11  -70.1   32.9  28.0 10.80  354.2  1523.3  354.39   60.85   36.99  2748.5  354.75   71.74   32.69  3917.9  355.61   81.99   21.22    1.9     31053.463     13.50   47.24000   39.71000  "Undefined"       0.0       -0.28  0.00000000
04.04.2019 08:38:55.544   9.99600000   9995.99977   0.35  -69.1   28.8  28.0 10.20  354.2  1141.0  354.33   57.44   37.84  2428.6  354.62   68.91   34.15  3629.0  355.29   79.49   25.67    1.5     31135.544     13.50   47.24000   39.71000  "Undefined"       0.0       -0.23  0.00000000
04.04.2019 08:39:10.107   9.99600000   9996.00000   0.40  -68.5   29.0  28.0 11.40  354.2  1240.6  354.36   58.33   37.63     0.0  354.23    0.00    0.00     0.0  354.23    0.00    0.00    1.7     31150.107     13.50   47.24000   39.71000  "Undefined"       0.0       -0.00  0.00000000
04.04.2019 08:39:21.745   9.99600000   9995.99984   0.33  -70.9   27.3  28.0 14.40  352.8  1933.6  353.18   64.44   34.99     0.0  352.78    0.00    0.00     0.0  352.78    0.00    0.00    1.6     31161.745     13.50   47.24000   39.71000  "Undefined"       0.0       -0.16  0.00000000
04.04.2019 08:39:34.602   9.99600000   9995.99984   0.40  -63.6   31.8  28.0 10.20  352.8  1146.4  352.99   57.45   37.38  2432.6  353.34   68.85   32.83  3622.0  354.14   79.22   22.63    1.5     31174.602     13.50   47.24000   39.71000  "Undefined"       0.0       -0.16  0.00000000
04.04.2019 08:39:45.198   9.99600000   9995.99973   0.40  -59.9   35.5  28.0 10.80  353.5  1512.9  353.74   60.74   36.70  2735.9  354.13   71.58   31.96  3900.2  355.05   81.72   19.58    1.4     31185.198     13.50   47.24000   39.71000  "Undefined"       0.0       -0.27  0.00000000
04.04.2019 08:39:57.935   9.99600000   9996.00007   0.11  -73.0   30.0  28.0  9.60  353.5  1115.1  353.62   57.19   37.66  2524.4  354.00   69.71   33.03  3788.4  354.90   80.76   21.63    1.8     31197.935     13.50   47.24000   39.71000  "Undefined"       0.0        0.07  0.00000000
04.04.2019 08:40:10.695   9.99600000   9996.00214   0.40  -82.4   13.1  28.0 10.20  352.8  1146.5  352.96   57.45   37.37  2433.0  353.31   68.85   32.80  3622.5  354.12   79.22   22.56    1.7     31210.695     13.50   47.24000   39.71000  "Undefined"       0.0        2.14  0.00000000
04.04.2019 08:40:23.409   9.99600000   9996.00039   0.38  -74.0   23.7  28.0  9.60  352.8  1116.0  352.96   57.18   37.45  2518.2  353.37   69.60   32.38  3777.4  354.33   80.55   20.07    1.7     31223.409     13.50   47.24000   39.71000  "Undefined"       0.0        0.39  0.00000000
04.04.2019 08:40:33.984   9.99600000   9996.00001   0.11  -70.9   32.1  28.0 10.80  352.8  1499.4  353.01   60.59   36.40  2721.0  353.44   71.38   31.18  3880.0  354.43   81.41   17.91    1.7     31233.984     13.50   47.24000   39.71000  "Undefined"       0.0        0.01  0.00000000
04.04.2019 08:40:47.469   9.99600000   9995.99984   0.40  -65.8   31.6  28.0 10.80  353.5  1509.6  353.71   60.71   36.70  2732.6  354.10   71.55   31.94  3896.7  355.03   81.69   19.57    1.5     31247.469     13.50   47.24000   39.71000  "Undefined"       0.0       -0.16  0.00000000
04.04.2019 08:40:58.047   9.99600000   9995.99973   0.40  -66.8   28.7  28.0 10.20  353.5  1143.7  353.59   57.45   37.59  2429.3  353.91   68.86   33.43  3622.7  354.66   79.32   24.02    1.5     31258.047     13.50   47.24000   39.71000  "Undefined"       0.0       -0.27  0.00000000
04.04.2019 08:41:08.627   9.99600000   9996.00010   0.11  -73.7   29.4  28.0 11.40  352.8  1237.9  352.94   58.27   37.12     0.0  352.77    0.00    0.00     0.0  352.77    0.00    0.00    1.7     31268.627     13.50   47.24000   39.71000  "Undefined"       0.0        0.10  0.00000000
04.04.2019 08:41:19.225   9.99600000   9995.99968   0.40  -69.1   28.4  28.0 11.40  352.8  1237.8  353.00   58.27   37.14     0.0  352.83    0.00    0.00     0.0  352.83    0.00    0.00    1.6     31279.225     13.50   47.24000   39.71000  "Undefined"       0.0       -0.32  0.00000000
04.04.2019 08:41:31.629   9.99600000   9996.00002   0.11  -71.5   31.5  28.0 11.40  352.8  1238.3  353.00   58.27   37.14     0.0  352.83    0.00    0.00     0.0  352.83    0.00    0.00    1.7     31291.629     13.50   47.24000   39.71000  "Undefined"       0.0        0.02  0.00000000
04.04.2019 08:41:42.197   9.99600000   9995.99978   0.33  -70.7   27.5  28.0  9.60  352.1  1117.0  352.24   57.17   37.22  2512.5  352.69   69.49   31.69  3764.1  353.71   80.29   18.50    1.8     31302.197     13.50   47.24000   39.71000  "Undefined"       0.0       -0.22  0.00000000
04.04.2019 08:41:54.560   9.99600000   9995.99890   0.40  -71.5   26.0  28.0  6.60  352.8  1286.4  352.94   58.70   36.99  2633.2  353.28   70.60   31.58     0.0  352.80    0.00    0.00    1.6     31314.560     13.50   47.24000   39.71000  "Undefined"       0.0       -1.10  0.00000000
04.04.2019 08:42:06.192   9.99600000   9995.99965   0.40  -68.5   28.9  28.0 11.40  353.5  1239.9  353.70   58.31   37.39     0.0  353.55    0.00    0.00     0.0  353.55    0.00    0.00    1.4     31326.192     13.50   47.24000   39.71000  "Undefined"       0.0       -0.35  0.00000000
04.04.2019 08:42:17.544   9.99600000   9996.00010   0.38  -71.5   26.2  28.0  8.40  352.8  1157.2  352.97   57.55   37.35  2449.3  353.30   68.99   32.70  3834.5  354.35   81.02   18.80    1.4     31337.544     13.50   47.24000   39.71000  "Undefined"       0.0        0.10  0.00000000
04.04.2019 08:42:28.141   9.99600000   9996.00003   0.40  -74.1   21.3  28.0  8.40  353.5  1156.9  353.62   57.56   37.57  2440.7  353.92   68.96   33.37  3835.3  354.89   81.15   20.58    1.6     31348.141     13.50   47.24000   39.71000  "Undefined"       0.0        0.03  0.00000000
04.04.2019 08:42:39.442   9.99600000   9996.00020   0.35  -73.5   24.4  28.0 11.40  352.1  1237.0  352.29   58.24   36.89     0.0  352.10    0.00    0.00     0.0  352.10    0.00    0.00    2.0     31359.442     13.50   47.24000   39.71000  "Undefined"       0.0        0.20  0.00000000
04.04.2019 08:42:52.184   9.99600000   9995.99955   0.40  -65.6   31.9  28.0 11.40  352.8  1238.2  353.01   58.27   37.15     0.0  352.84    0.00    0.00     0.0  352.84    0.00    0.00    1.4     31372.184     13.50   47.24000   39.71000  "Undefined"       0.0       -0.45  0.00000000
04.04.2019 08:43:04.603   9.99600000   9995.99951   0.40  -66.7   30.8  28.0 10.20  353.5  1143.8  353.61   57.45   37.59  2429.2  353.93   68.86   33.44  3622.6  354.67   79.32   24.05    1.4     31384.603     13.50   47.24000   39.71000  "Undefined"       0.0       -0.49  0.00000000
04.04.2019 08:43:16.247   9.99600000   9995.99995   0.11  -68.8   34.2  28.0 10.80  352.8  1498.0  353.07   60.58   36.43  2719.2  353.49   71.37   31.26  3878.2  354.47   81.40   18.10    1.5     31396.247     13.50   47.24000   39.71000  "Undefined"       0.0       -0.05  0.00000000
04.04.2019 08:43:27.925   9.99600000   9996.00011   0.11  -74.1   28.9  28.0 12.60  352.9     0.0  352.85    0.00    0.00     0.0  352.85    0.00    0.00     0.0  352.85    0.00    0.00    1.5     31407.925     13.50   47.24000   39.71000  "Undefined"       0.0        0.11  0.00000000
04.04.2019 08:43:38.507   9.99600000   9995.99965   0.40  -70.7   26.7  28.0 10.80  352.9  1500.2  353.10   60.60   36.43  2721.7  353.52   71.40   31.28  3881.1  354.50   81.43   18.12    1.4     31418.507     13.50   47.24000   39.71000  "Undefined"       0.0       -0.35  0.00000000
04.04.2019 08:43:50.128   9.99600000   9996.00011   0.40  -68.8   28.7  28.0  9.60  352.8  1116.1  352.92   57.18   37.44  2517.3  353.33   69.59   32.35  3775.0  354.30   80.52   20.02    1.5     31430.128     13.50   47.24000   39.71000  "Undefined"       0.0        0.11  0.00000000
04.04.2019 08:44:03.564   9.99600000   9995.99973   0.40  -69.3   28.2  28.0 11.40  352.7  1238.0  352.91   58.27   37.11     0.0  352.74    0.00    0.00     0.0  352.74    0.00    0.00    1.6     31443.564     13.50   47.24000   39.71000  "Undefined"       0.0       -0.27  0.00000000
04.04.2019 08:44:40.626   9.99600000   9996.00000   0.11  -75.4   27.6  28.0  9.00  354.3  1128.5  354.37   57.33   37.87  3226.9  355.19   75.99   30.05     0.0  354.27    0.00    0.00    1.9     31480.626     13.50   47.24000   39.71000  "Undefined"       0.0        0.00  0.00000000
04.04.2019 08:45:03.964   9.99600000   9995.99981   0.11  -74.8   28.2  28.0  8.40  353.6  1156.9  353.68   57.57   37.58  2439.6  353.97   68.96   33.43  3833.0  354.93   81.14   20.78    1.6     31503.964     13.50   47.24000   39.71000  "Undefined"       0.0       -0.19  0.00000000
04.04.2019 08:45:25.170   9.99600000   9995.99972   0.27  -77.0   22.2  28.0 12.00  352.0  1132.5  352.21   57.31   37.17     0.0  352.05    0.00    0.00     0.0  352.05    0.00    0.00    1.9     31525.170     13.50   47.24000   39.71000  "Undefined"       0.0       -0.28  0.00000000
04.04.2019 08:45:48.563   9.99600000   9996.00023   0.11  -76.5   26.6  28.0  9.00  353.5  1129.0  353.63   57.32   37.64     0.0  353.52    0.00    0.00     0.0  353.52    0.00    0.00    1.6     31548.563     13.50   47.24000   39.71000  "Undefined"       0.0        0.23  0.00000000
04.04.2019 08:45:48.563   9.99600000   9996.00023   0.11  -76.5   26.6  28.0 14.40  347.0  1943.6  347.84   64.11   31.38     0.0  347.04    0.00    0.00     0.0  347.04    0.00    0.00    1.5     31548.563     13.50   47.24000   39.71000  "Undefined"       0.0        0.23  0.00000000
04.04.2019 08:45:59.171   9.99600000   9995.99968   0.27  -76.6   22.6  28.0 11.40  352.8  1238.1  353.00   58.27   37.14     0.0  352.83    0.00    0.00     0.0  352.83    0.00    0.00    1.7     31559.171     13.50   47.24000   39.71000  "Undefined"       0.0       -0.32  0.00000000
04.04.2019 08:46:23.242   9.99600000   9995.99988   0.11  -74.2   28.8  28.0 10.20  353.5  1143.5  353.64   57.45   37.60  2429.6  353.96   68.87   33.47  3623.6  354.70   79.34   24.11    1.7     31583.242     13.50   47.24000   39.71000  "Undefined"       0.0       -0.12  0.00000000
04.04.2019 08:46:49.476   9.99600000   9995.99967   0.11  -75.2   27.8  28.0 11.40  352.9  1238.0  353.03   58.27   37.16     0.0  352.86    0.00    0.00     0.0  352.86    0.00    0.00    1.6     31609.476     13.50   47.24000   39.71000  "Undefined"       0.0       -0.33  0.00000000
04.04.2019 08:47:14.972   9.99600000   9995.99993   0.11  -76.0   27.0  28.0  9.00  351.3  1130.4  351.49   57.27   36.94  2772.1  352.18   71.68   29.19     0.0  351.33    0.00    0.00    1.8     31634.972     13.50   47.24000   39.71000  "Undefined"       0.0       -0.07  0.00000000
04.04.2019 08:47:26.622   9.99600000   9996.00051   0.11  -78.6   24.4  28.0 15.60  351.3  1841.5  351.80   63.55   34.47     0.0  351.35    0.00    0.00     0.0  351.35    0.00    0.00    1.8     31646.622     13.50   47.24000   39.71000  "Undefined"       0.0        0.51  0.00000000
04.04.2019 08:47:59.182   9.99600000   9995.99954   0.40  -72.7   24.7  28.0 10.80  352.8  1499.2  353.06   60.59   36.42  2720.8  353.48   71.38   31.24  3880.1  354.47   81.42   18.03    1.5     31679.182     13.50   47.24000   39.71000  "Undefined"       0.0       -0.46  0.00000000
04.04.2019 08:48:11.608   9.99600000   9995.99983   0.24  -72.3   25.3  28.0 10.80  353.5  1504.2  353.76   60.66   36.73  2726.1  354.14   71.49   32.04  3889.2  355.06   81.63   19.87    1.6     31691.608     13.50   47.24000   39.71000  "Undefined"       0.0       -0.17  0.00000000
04.04.2019 08:48:22.206   9.99600000   9995.99982   0.40  -63.8   33.7  28.0 11.40  353.5  1240.0  353.66   58.31   37.38     0.0  353.51    0.00    0.00     0.0  353.51    0.00    0.00    1.5     31702.206     13.50   47.24000   39.71000  "Undefined"       0.0       -0.18  0.00000000
04.04.2019 08:48:34.593   9.99600000   9995.99989   0.40  -69.0   28.5  28.0 11.40  352.8  1237.9  353.01   58.27   37.15     0.0  352.84    0.00    0.00     0.0  352.84    0.00    0.00    1.4     31714.593     13.50   47.24000   39.71000  "Undefined"       0.0       -0.11  0.00000000
04.04.2019 08:48:45.184   9.99600000   9995.99947   0.40  -66.7   30.8  28.0 12.00  352.9  1133.5  353.01   57.34   37.42     0.0  352.86    0.00    0.00     0.0  352.86    0.00    0.00    1.5     31725.184     13.50   47.24000   39.71000  "Undefined"       0.0       -0.53  0.00000000
04.04.2019 08:48:56.597   9.99600000   9995.99983   0.40  -65.1   32.4  28.0 10.80  352.9  1499.5  353.09   60.59   36.44  2721.0  353.52   71.39   31.28  3880.5  354.50   81.43   18.13    1.5     31736.597     13.50   47.24000   39.71000  "Undefined"       0.0       -0.17  0.00000000
04.04.2019 08:49:08.286   9.99600000   9995.99988   0.13  -64.9   35.3  28.0 11.40  352.8  1238.2  352.98   58.27   37.14     0.0  352.81    0.00    0.00     0.0  352.81    0.00    0.00    1.4     31748.286     13.50   47.24000   39.71000  "Undefined"       0.0       -0.12  0.00000000
04.04.2019 08:49:21.099   9.99600000   9995.99976   0.40  -61.9   35.5  28.0 11.40  352.8  1238.2  352.95   58.27   37.13     0.0  352.78    0.00    0.00     0.0  352.78    0.00    0.00    1.4     31761.099     13.50   47.24000   39.71000  "Undefined"       0.0       -0.24  0.00000000
04.04.2019 08:49:33.847   9.99600000   9996.00070   0.07 -100.0    5.2  28.0 10.20  353.5  1143.7  353.62   57.45   37.60  2429.7  353.94   68.87   33.45  3623.7  354.69   79.34   24.07    1.6     31773.847     13.50   47.24000   39.71000  "Undefined"       0.0        0.70  0.00000000
04.04.2019 08:49:46.653   9.99600000   9996.00009   0.11  -62.1   40.9  28.0 10.80  352.8  1499.2  353.06   60.59   36.42  2720.7  353.48   71.38   31.24  3879.9  354.47   81.41   18.04    1.4     31786.653     13.50   47.24000   39.71000  "Undefined"       0.0        0.09  0.00000000
04.04.2019 08:49:59.443   9.99600000   9996.00012   0.40  -56.6   38.9  28.0 11.40  352.9  1238.7  353.03   58.28   37.15     0.0  352.86    0.00    0.00     0.0  352.86    0.00    0.00    1.4     31799.443     13.50   47.24000   39.71000  "Undefined"       0.0        0.12  0.00000000
04.04.2019 08:50:13.258   9.99600000   9995.99992   0.40  -56.1   39.4  28.0 11.40  353.5  1239.9  353.64   58.30   37.37     0.0  353.49    0.00    0.00     0.0  353.49    0.00    0.00    1.4     31813.258     13.50   47.24000   39.71000  "Undefined"       0.0       -0.08  0.00000000
04.04.2019 08:50:28.239   9.99600000   9996.00018   0.40  -54.1   41.4  28.0 11.40  352.8  1387.4  353.05   59.60   36.75  2574.2  353.43   70.10   32.12  3680.8  354.25   79.73   21.83    1.4     31828.239     13.50   47.24000   39.71000  "Undefined"       0.0        0.18  0.00000000
04.04.2019 08:50:41.103   9.99600000   9996.00011   0.40  -55.4   40.1  28.0 10.80  352.8  1124.3  352.96   57.26   37.43  2369.3  353.30   68.29   33.13  3513.1  354.02   78.28   24.12    1.4     31841.103     13.50   47.24000   39.71000  "Undefined"       0.0        0.11  0.00000000
04.04.2019 08:50:52.802   9.99600000   9996.00021   0.40  -55.6   39.8  28.0 10.80  353.4  1121.9  353.57   57.25   37.63  2363.6  353.88   68.28   33.71  3513.2  354.55   78.37   25.41    1.4     31852.802     13.50   47.24000   39.71000  "Undefined"       0.0        0.21  0.00000000
04.04.2019 08:51:04.527   9.99600000   9996.00002   0.40  -60.0   35.5  28.0 10.80  352.9  1124.4  352.99   57.26   37.44  2369.0  353.33   68.29   33.16  3513.0  354.05   78.28   24.19    1.5     31864.527     13.50   47.24000   39.71000  "Undefined"       0.0        0.02  0.00000000
04.04.2019 08:51:17.294   9.99600000   9996.00020   0.40  -57.5   38.0  28.0 11.40  352.9  1393.5  353.07   59.65   36.74  2575.0  353.44   70.10   32.13  3693.1  354.27   79.83   21.64    1.4     31877.294     13.50   47.24000   39.71000  "Undefined"       0.0        0.20  0.00000000
04.04.2019 08:51:32.193   9.99600000   9996.00005   0.40  -57.4   38.0  28.0 10.80  353.5  1121.7  353.61   57.25   37.64  2363.2  353.91   68.28   33.75  3512.8  354.58   78.38   25.49    1.4     31892.193     13.50   47.24000   39.71000  "Undefined"       0.0        0.05  0.00000000
04.04.2019 08:51:42.764   9.99600000   9996.00024   0.40  -60.4   35.1  28.0 10.80  352.9  1124.5  352.99   57.26   37.44  2369.1  353.33   68.29   33.16  3513.0  354.05   78.28   24.19    1.5     31902.764     13.50   47.24000   39.71000  "Undefined"       0.0        0.24  0.00000000
04.04.2019 08:51:55.499   9.99600000   9996.00029   0.40  -58.4   37.0  28.0 12.00  352.8  1184.3  352.97   57.79   37.28     0.0  352.81    0.00    0.00     0.0  352.81    0.00    0.00    1.4     31915.499     13.50   47.24000   39.71000  "Undefined"       0.0        0.29  0.00000000
04.04.2019 08:52:06.092   9.99600000   9996.00047   0.40  -61.6   33.8  28.0 11.40  353.5  1399.2  353.65   59.72   36.97  2579.1  354.00   70.19   32.73  3699.9  354.77   79.99   22.97    1.4     31926.092     13.50   47.24000   39.71000  "Undefined"       0.0        0.47  0.00000000
04.04.2019 08:52:16.684   9.99600000   9995.99999   0.40  -59.1   36.3  28.0 10.80  353.5  1122.0  353.61   57.25   37.65  2363.3  353.92   68.28   33.75  3512.8  354.59   78.38   25.51    1.4     31936.684     13.50   47.24000   39.71000  "Undefined"       0.0       -0.01  0.00000000
04.04.2019 08:52:30.580   9.99600000   9996.00031   0.40  -57.7   37.8  28.0 10.80  352.8  1124.5  352.99   57.26   37.44  2369.2  353.32   68.29   33.15  3513.0  354.04   78.28   24.18    1.5     31950.580     13.50   47.24000   39.71000  "Undefined"       0.0        0.31  0.00000000
04.04.2019 08:52:42.238   9.99600000   9996.00006   0.40  -58.1   37.4  28.0 10.80  352.8  1124.0  352.95   57.25   37.43  2369.3  353.29   68.29   33.12  3513.3  354.01   78.28   24.10    1.4     31962.238     13.50   47.24000   39.71000  "Undefined"       0.0        0.06  0.00000000
04.04.2019 08:52:53.972   9.99600000   9995.99987   0.40  -61.0   36.4  28.0 10.80  353.5  1121.4  353.61   57.25   37.65  2362.6  353.92   68.28   33.75  3512.0  354.58   78.37   25.51    1.4     31973.972     13.50   47.24000   39.71000  "Undefined"       0.0       -0.13  0.00000000
04.04.2019 08:53:05.645   9.99600000   9995.99998   0.40  -60.3   35.1  28.0 11.40  353.5  1396.5  353.66   59.70   36.98  2576.1  354.01   70.16   32.76  3696.4  354.77   79.97   23.06    1.4     31985.645     13.50   47.24000   39.71000  "Undefined"       0.0       -0.02  0.00000000
04.04.2019 08:53:18.385   9.99600000   9995.99986   0.40  -63.2   32.2  28.0 10.80  352.8  1124.8  352.97   57.26   37.43  2369.4  353.31   68.29   33.14  3513.0  354.03   78.28   24.15    1.5     31998.385     13.50   47.24000   39.71000  "Undefined"       0.0       -0.14  0.00000000
04.04.2019 08:53:30.031   9.99600000   9995.99973   0.40  -63.8   31.7  28.0 10.20  353.5  1076.7  353.64   56.85   37.76  2429.2  353.99   68.87   33.50  3646.4  354.76   79.54   23.91    1.5     32010.031     13.50   47.24000   39.71000  "Undefined"       0.0       -0.27  0.00000000
04.04.2019 08:53:41.702   9.99600000   9995.99979   0.40  -66.1   29.4  28.0 11.40  353.6  1402.4  353.75   59.75   37.00  2582.2  354.09   70.22   32.81  3703.6  354.85   80.04   23.14    1.4     32021.702     13.50   47.24000   39.71000  "Undefined"       0.0       -0.21  0.00000000
04.04.2019 08:53:52.275   9.99600000   9996.00030   0.40  -67.3   28.1  28.0 10.80  352.9  1124.0  353.00   57.26   37.44  2369.2  353.34   68.29   33.17  3514.1  354.06   78.30   24.20    1.4     32032.275     13.50   47.24000   39.71000  "Undefined"       0.0        0.30  0.00000000
04.04.2019 08:54:04.713   9.99600000   9995.99990   0.40  -67.6   29.9  28.0 11.40  353.6  1401.8  353.75   59.75   37.01  2581.6  354.09   70.22   32.82  3702.9  354.85   80.04   23.17    1.6     32044.713     13.50   47.24000   39.71000  "Undefined"       0.0       -0.10  0.00000000
04.04.2019 08:54:15.307   9.99600000   9995.99980   0.40  -67.0   30.5  28.0 10.80  352.0  1128.4  352.19   57.27   37.17  2400.0  352.58   68.50   32.26  3534.1  353.38   78.33   22.22    1.4     32055.307     13.50   47.24000   39.71000  "Undefined"       0.0       -0.20  0.00000000
04.04.2019 08:54:25.885   9.99600000   9996.00078   0.40  -69.8   27.7  28.0 12.00  352.8     0.0  352.81    0.00    0.00     0.0  352.81    0.00    0.00     0.0  352.81    0.00    0.00    1.7     32065.885     13.50   47.24000   39.71000  "Undefined"       0.0        0.78  0.00000000
04.04.2019 08:54:36.485   9.99600000   9996.00013   0.40  -71.7   25.7  28.0 10.80  352.0  1127.7  352.20   57.27   37.18  2395.5  352.58   68.46   32.29  3531.6  353.38   78.31   22.27    1.5     32076.485     13.50   47.24000   39.71000  "Undefined"       0.0        0.13  0.00000000
04.04.2019 08:54:51.070   9.99600000   9996.00007   0.20  -74.6   25.8  28.0 11.40  354.3  1409.0  354.44   59.83   37.29  2589.0  354.75   70.33   33.54  3714.5  355.44   80.24   24.74    1.7     32091.070     13.50   47.24000   39.71000  "Undefined"       0.0        0.07  0.00000000
04.04.2019 08:54:51.070   9.99600000   9996.00007   0.20  -74.6   25.8  28.0 10.20  354.9  1075.2  355.01   56.87   38.18  2441.3  355.28   69.06   34.78  3669.5  355.93   79.94   26.92    1.7     32091.070     13.50   47.24000   39.71000  "Undefined"       0.0        0.07  0.00000000
04.04.2019 08:55:02.362   9.99600000   9996.00001   0.40  -72.1   25.3  28.0 10.80  354.2  1118.7  354.31   57.24   37.87  2358.6  354.58   68.28   34.41  3512.4  355.18   78.47   26.99    1.5     32102.362     13.50   47.24000   39.71000  "Undefined"       0.0        0.01  0.00000000
04.04.2019 08:55:14.001   9.99600000   9995.99994   0.40  -72.8   22.7  28.0 10.80  353.5  1121.7  353.64   57.25   37.65  2363.0  353.94   68.28   33.78  3512.7  354.61   78.38   25.56    1.7     32114.001     13.50   47.24000   39.71000  "Undefined"       0.0       -0.06  0.00000000
04.04.2019 08:55:25.679   9.99600000   9995.99967   0.40  -74.6   22.8  28.0 11.40  354.9  1410.9  355.07   59.87   37.56  2589.8  355.34   70.38   34.22  3716.9  355.97   80.35   26.34    1.7     32125.679     13.50   47.24000   39.71000  "Undefined"       0.0       -0.33  0.00000000
04.04.2019 08:55:38.530   9.99600000   9995.99975   0.33  -81.0   17.3  28.0 10.80  352.8  1124.9  352.93   57.26   37.42  2370.2  353.27   68.29   33.09  3513.7  353.99   78.28   24.05    1.5     32138.530     13.50   47.24000   39.71000  "Undefined"       0.0       -0.25  0.00000000
04.04.2019 08:56:01.858   9.99600000   9995.99820   0.40  -74.9   22.5  28.0 10.80  353.5  1121.9  353.62   57.25   37.65  2363.2  353.92   68.28   33.76  3512.8  354.59   78.38   25.52    1.6     32161.858     13.50   47.24000   39.71000  "Undefined"       0.0       -1.80  0.00000000
04.04.2019 08:56:13.494   9.99600000   9996.00063   0.40  -71.1   26.3  28.0 11.40  353.5  1399.1  353.67   59.72   36.98  2579.0  354.01   70.19   32.75  3699.8  354.78   80.00   23.01    1.7     32173.494     13.50   47.24000   39.71000  "Undefined"       0.0        0.63  0.00000000
04.04.2019 08:56:26.217   9.99600000   9996.00087   0.40  -72.6   22.8  28.0 12.60  354.9     0.0  354.95    0.00    0.00     0.0  354.95    0.00    0.00     0.0  354.95    0.00    0.00    1.6     32186.217     13.50   47.24000   39.71000  "Undefined"       0.0        0.87  0.00000000
04.04.2019 08:56:38.946   9.99600000   9996.00207   0.40  -73.9   23.6  28.0 10.80  352.8  1124.6  352.92   57.26   37.42  2370.0  353.26   68.29   33.08  3513.4  353.99   78.28   24.03    1.8     32198.946     13.50   47.24000   39.71000  "Undefined"       0.0        2.07  0.00000000
04.04.2019 08:56:50.585   9.99600000   9995.99990   0.40  -70.0   27.5  28.0 13.20  354.2  1027.1  354.33   56.42   38.07     0.0  354.23    0.00    0.00     0.0  354.23    0.00    0.00    1.5     32210.585     13.50   47.24000   39.71000  "Undefined"       0.0       -0.10  0.00000000
04.04.2019 08:57:01.186   9.99600000   9996.00046   0.40  -71.7   23.8  28.0 12.00  352.8     0.0  352.77    0.00    0.00     0.0  352.77    0.00    0.00     0.0  352.77    0.00    0.00    1.6     32221.186     13.50   47.24000   39.71000  "Undefined"       0.0        0.46  0.00000000
04.04.2019 08:57:12.837   9.99600000   9995.99998   0.40  -67.2   30.3  28.0 10.20  352.8  1077.6  352.94   56.84   37.54  2426.7  353.32   68.79   32.84  3639.4  354.16   79.37   22.37    1.4     32232.837     13.50   47.24000   39.71000  "Undefined"       0.0       -0.02  0.00000000
04.04.2019 08:57:23.405   9.99600000   9996.00014   0.40  -61.8   35.6  28.0 12.00  353.5  1185.3  353.62   57.82   37.50     0.0  353.47    0.00    0.00     0.0  353.47    0.00    0.00    1.5     32243.405     13.50   47.24000   39.71000  "Undefined"       0.0        0.14  0.00000000
04.04.2019 08:57:36.143   9.99600000   9996.00002   0.40  -57.4   38.1  28.0 12.00  352.8  1183.7  353.01   57.79   37.29     0.0  352.85    0.00    0.00     0.0  352.85    0.00    0.00    1.4     32256.143     13.50   47.24000   39.71000  "Undefined"       0.0        0.02  0.00000000
04.04.2019 08:57:46.735   9.99600000   9996.00023   0.40  -58.0   37.4  28.0 11.40  353.5  1399.9  353.66   59.73   36.97  2580.2  354.00   70.20   32.73  3701.4  354.77   80.01   22.96    1.4     32266.735     13.50   47.24000   39.71000  "Undefined"       0.0        0.23  0.00000000
04.04.2019 08:57:57.403   9.99600000   9995.99990   0.40  -58.2   37.3  28.0 11.40  352.9  1394.0  353.07   59.66   36.74  2575.6  353.45   70.11   32.13  3693.7  354.27   79.84   21.64    1.4     32277.403     13.50   47.24000   39.71000  "Undefined"       0.0       -0.10  0.00000000
04.04.2019 08:58:09.069   9.99600000   9996.00003   0.40  -58.2   37.2  28.0 12.00  353.5  1185.1  353.62   57.82   37.50     0.0  353.48    0.00    0.00     0.0  353.48    0.00    0.00    1.4     32289.069     13.50   47.24000   39.71000  "Undefined"       0.0        0.03  0.00000000
04.04.2019 08:58:19.645   9.99600000   9996.00030   0.40  -58.5   37.0  28.0 11.40  353.5  1395.9  353.69   59.69   37.00  2575.1  354.03   70.16   32.79  3695.1  354.79   79.96   23.13    1.4     32299.645     13.50   47.24000   39.71000  "Undefined"       0.0        0.30  0.00000000
04.04.2019 08:58:30.257   9.99600000   9995.99966   0.40  -58.5   36.9  28.0 12.00  353.5  1185.3  353.60   57.82   37.49     0.0  353.45    0.00    0.00     0.0  353.45    0.00    0.00    1.5     32310.257     13.50   47.24000   39.71000  "Undefined"       0.0       -0.34  0.00000000
04.04.2019 08:58:40.827   9.99600000   9995.99993   0.40  -57.1   38.4  28.0 11.40  353.5  1399.1  353.67   59.72   36.98  2579.0  354.02   70.19   32.75  3699.7  354.78   80.00   23.02    1.4     32320.827     13.50   47.24000   39.71000  "Undefined"       0.0       -0.07  0.00000000
04.04.2019 08:58:55.763   9.99600000   9995.99987   0.40  -57.3   38.2  28.0 12.00  353.5  1185.3  353.64   57.82   37.51     0.0  353.50    0.00    0.00     0.0  353.50    0.00    0.00    1.5     32335.763     13.50   47.24000   39.71000  "Undefined"       0.0       -0.13  0.00000000
04.04.2019 08:59:06.349   9.99600000   9996.00006   0.40  -56.2   39.3  28.0 11.40  353.5  1399.2  353.68   59.72   36.98  2579.1  354.03   70.19   32.76  3699.9  354.79   80.00   23.04    1.4     32346.349     13.50   47.24000   39.71000  "Undefined"       0.0        0.06  0.00000000
04.04.2019 08:59:18.052   9.99600000   9996.00016   0.40  -57.2   38.3  28.0 11.40  352.9  1392.7  353.07   59.64   36.74  2573.7  353.44   70.09   32.14  3691.2  354.26   79.82   21.68    1.4     32358.052     13.50   47.24000   39.71000  "Undefined"       0.0        0.16  0.00000000
04.04.2019 08:59:29.747   9.99600000   9995.99995   0.40  -58.2   35.2  28.0 11.40  352.8  1394.6  353.06   59.66   36.73  2575.8  353.43   70.11   32.11  3693.4  354.26   79.84   21.61    1.4     32369.747     13.50   47.24000   39.71000  "Undefined"       0.0       -0.05  0.00000000
04.04.2019 08:59:41.366   9.99600000   9995.99990   0.40  -60.8   34.6  28.0 12.00  352.9  1183.9  353.03   57.79   37.30     0.0  352.87    0.00    0.00     0.0  352.87    0.00    0.00    1.4     32381.366     13.50   47.24000   39.71000  "Undefined"       0.0       -0.10  0.00000000
