
[strDate]   [strTime]   [Frq_rpu]    [Frq_meg]    [Band]  [E]   [S_N] [Att]  [B]     [A]    [S0]  [aIRI0]   [Lat0]  [Lon0]   [S1]  [aIRI1]  [Lat1]  [Lon1]   [S2]  [aIRI2]  [Lat2]  [Lon2] [Sigm] [Time_sec]  [Cource]  [BaseLat]  [BaseLon]  [TypeSignalName]  [DispApd]  [Dopler]  [Delay]
04.04.2019 13:59:51.839   5.33300000   5333.85744   2.52  -58.7   16.7  28.0 40.20  221.0   500.1  221.31   43.65   35.70  1026.2  221.49   39.89   31.85  1960.3  222.01   33.03   25.82    1.2     50391.839     13.50   47.10740   39.80800  "Undefined"       0.0      857.44  0.00000000
04.04.2019 13:59:51.839   5.33300000   5333.85744   2.52  -58.7   16.7  28.0  7.20  216.0  1105.6  216.16   38.81   32.29  2208.8  216.27   30.17   26.36  3308.6  216.34   21.34   21.40    1.2     50391.839     13.50   47.10740   39.80800  "Undefined"       0.0      857.44  0.00000000
04.04.2019 14:00:18.931   5.33300000   5333.76421   2.52  -60.0   25.4  28.0 48.00  211.7   484.2  211.92   43.37   36.64   948.3  212.03   39.71   33.94  1392.7  212.15   36.17   31.59    1.4     50418.931     13.50   47.10740   39.80800  "Undefined"       0.0      764.21  0.00000000
04.04.2019 14:00:18.931   5.33300000   5333.76421   2.52  -60.0   25.4  28.0  7.20  216.0  1105.6  216.14   38.81   32.30  2208.8  216.25   30.17   26.37  3308.7  216.33   21.33   21.41    1.2     50418.931     13.50   47.10740   39.80800  "Undefined"       0.0      764.21  0.00000000
04.04.2019 14:00:30.759   5.33300000   5333.75882   2.52  -59.9   15.5  28.0  7.80  216.0  1054.5  216.14   39.20   32.60  2106.6  216.25   30.98   26.87  3155.4  216.32   22.58   22.05    1.2     50430.759     13.50   47.10740   39.80800  "Undefined"       0.0      758.82  0.00000000
04.04.2019 14:00:42.575   5.33300000   5333.70390   2.52  -59.9   25.5  28.0  7.20  216.0  1105.6  216.14   38.81   32.30  2208.7  216.25   30.17   26.37  3308.6  216.32   21.33   21.41    1.2     50442.575     13.50   47.10740   39.80800  "Undefined"       0.0      703.90  0.00000000
04.04.2019 14:00:54.462   5.33300000   5333.70994   2.52  -59.7   17.8  28.0  6.60  216.0  1160.8  216.15   38.38   31.97  2319.0  216.26   29.29   25.84  3473.5  216.33   20.00   20.72    1.2     50454.462     13.50   47.10740   39.80800  "Undefined"       0.0      709.94  0.00000000
04.04.2019 14:01:18.160   5.33300000   5333.80991   2.52  -59.8   27.7  28.0 42.00  218.2   484.7  218.42   43.63   36.07   991.0  218.56   39.89   32.58  1495.8  218.71   36.08   29.44    1.3     50478.160     13.50   47.10740   39.80800  "Undefined"       0.0      809.91  0.00000000
04.04.2019 14:01:18.160   5.33300000   5333.80991   2.52  -59.8   27.7  28.0  7.80  216.0  1054.5  216.16   39.20   32.60  2106.6  216.27   30.98   26.86  3155.4  216.34   22.58   22.05    1.2     50478.160     13.50   47.10740   39.80800  "Undefined"       0.0      809.91  0.00000000
04.04.2019 14:01:29.957   5.33300000   5333.83981   2.52  -59.7   27.8  28.0  7.20  216.0  1105.6  216.16   38.81   32.29  2208.8  216.27   30.17   26.36  3308.7  216.34   21.34   21.40    1.2     50489.957     13.50   47.10740   39.80800  "Undefined"       0.0      839.81  0.00000000
04.04.2019 14:01:42.873   5.33300000   5333.92586   2.52  -59.4   28.6  28.0 41.40  213.8   489.5  214.06   43.41   36.41  1003.5  214.20   39.44   33.25  1530.4  214.34   35.30   30.34    1.7     50502.873     13.50   47.10740   39.80800  "Undefined"      65.0      925.86  0.00000000
04.04.2019 14:01:42.873   5.33300000   5333.92586   2.52  -59.4   28.6  28.0 10.20  216.0   885.4  216.15   40.50   33.64  1768.6  216.26   33.65   28.58  2649.3  216.34   26.66   24.27    1.2     50502.873     13.50   47.10740   39.80800  "Undefined"      65.0      925.86  0.00000000
04.04.2019 14:02:06.615   5.33300000   5333.87446   2.52  -60.9   22.5  28.0  7.20  216.0  1105.6  216.15   38.81   32.30  2208.7  216.26   30.17   26.37  3308.6  216.33   21.34   21.41    1.1     50526.615     13.50   47.10740   39.80800  "Undefined"       0.0      874.46  0.00000000
04.04.2019 14:02:19.546   5.33300000   5333.82861   2.52  -62.6   24.9  28.0 12.00  216.0   787.6  216.13   41.24   34.26  1573.2  216.24   35.18   29.62  2357.1  216.32   28.99   25.63    1.2     50539.546     13.50   47.10740   39.80800  "Undefined"       0.0      828.61  0.00000000
04.04.2019 14:02:31.220   5.33300000   5333.71152   2.52  -65.2   21.1  28.0  7.80  216.0  1054.5  216.14   39.20   32.60  2106.6  216.25   30.98   26.87  3155.4  216.32   22.58   22.05    1.1     50551.220     13.50   47.10740   39.80800  "Undefined"      63.1      711.52  0.00000000
04.04.2019 14:02:42.993   5.33300000   5333.39578   2.23  -70.8   20.4  28.0 37.80  214.6   527.7  214.84   43.15   36.09   855.0  214.94   40.64   34.01  1201.7  215.02   37.96   31.96    1.4     50562.993     13.50   47.10740   39.80800  "Undefined"      68.3      395.78  0.00000000
04.04.2019 14:02:42.993   5.33300000   5333.39578   2.23  -70.8   20.4  28.0  7.80  216.0  1054.5  216.16   39.20   32.60  2106.6  216.27   30.98   26.86  3155.4  216.35   22.58   22.04    1.2     50562.993     13.50   47.10740   39.80800  "Undefined"      68.3      395.78  0.00000000
04.04.2019 14:03:12.135   5.33300000   5332.83331   2.39  -79.6   12.7  28.0 42.60  213.8   479.0  214.06   43.49   36.48   979.5  214.18   39.62   33.39  1474.2  214.31   35.74   30.64    1.6     50592.135     13.50   47.10740   39.80800  "Undefined"      69.9     -166.69  0.00000000
04.04.2019 14:03:52.051   5.33300000   5333.39528   2.37  -73.9   13.1  28.0 42.60  217.4   479.0  217.67   43.64   36.17   979.1  217.81   39.92   32.78  1474.2  217.95   36.16   29.75    1.3     50632.051     13.50   47.10740   39.80800  "Undefined"      71.5      395.28  0.00000000
04.04.2019 14:03:52.051   5.33300000   5333.39528   2.37  -73.9   13.1  28.0 13.80  216.0   708.2  216.12   41.84   34.77  1414.7  216.22   36.42   30.50  2119.4  216.30   30.88   26.79    1.2     50632.051     13.50   47.10740   39.80800  "Undefined"      71.5      395.28  0.00000000
04.04.2019 14:04:03.867   5.33300000   5333.41506   2.43  -77.6   10.1  28.0  9.00  216.0   963.3  216.15   39.90   33.15  1924.3  216.26   32.42   27.77  2882.6  216.34   24.78   23.23    1.1     50643.867     13.50   47.10740   39.80800  "Undefined"      72.0      415.06  0.00000000
04.04.2019 14:04:30.480   5.33300000   5333.71895   2.52  -66.2    9.7  28.0 51.00  214.6   468.4  214.92   43.60   36.48   960.7  215.08   39.84   33.35  1425.0  215.27   36.24   30.67    1.5     50670.480     13.50   47.10740   39.80800  "Undefined"      62.4      718.95  0.00000000
04.04.2019 14:04:30.480   5.33300000   5333.71895   2.52  -66.2    9.7  28.0 26.40  217.4   415.9  217.54   44.10   36.64   828.7  217.63   41.03   33.78  1239.0  217.70   37.93   31.19    1.4     50670.480     13.50   47.10740   39.80800  "Undefined"      62.4      718.95  0.00000000
04.04.2019 14:04:42.288   5.33300000   5332.72835   2.50  -80.0   14.2  28.0 10.80  216.0   850.3  216.13   40.76   33.86  1698.3  216.23   34.20   28.95  2544.0  216.31   27.50   24.76    1.6     50682.288     13.50   47.10740   39.80800  "Undefined"      69.8     -271.65  0.00000000
04.04.2019 14:04:42.288   5.33300000   5332.72835   2.50  -80.0   14.2  28.0 51.00  215.3   468.8  215.64   43.63   36.41   963.0  215.81   39.88   33.21  1428.3  216.00   36.29   30.48    1.3     50682.288     13.50   47.10740   39.80800  "Undefined"      69.8     -271.65  0.00000000
04.04.2019 14:04:54.033   5.33300000   5333.01165   0.44  -83.2    3.8  28.0 36.60  217.4   549.0  217.74   43.12   35.67   891.0  217.85   40.58   33.34  1257.8  217.94   37.81   31.03    1.8     50694.033     13.50   47.10740   39.80800  "Undefined"       0.0       11.65  0.00000000
04.04.2019 14:05:21.015   5.33300000   5333.75087   2.52  -65.8   17.6  28.0 52.79  213.1   423.0  213.48   43.90   36.90   843.7  213.66   40.65   34.27  1253.6  213.82   37.44   31.93    1.4     50721.015     13.50   47.10740   39.80800  "Undefined"       0.0      750.87  0.00000000
04.04.2019 14:05:21.015   5.33300000   5333.75087   2.52  -65.8   17.6  28.0 15.60  216.0   642.5  216.16   42.34   35.20  1283.3  216.26   37.44   31.24  1922.5  216.34   32.45   27.76    1.3     50721.015     13.50   47.10740   39.80800  "Undefined"       0.0      750.87  0.00000000
04.04.2019 14:05:33.958   5.33300000   5332.84568   2.39  -76.3   15.1  28.0 56.99  214.6   365.3  215.04   44.39   37.17   717.8  215.29   41.72   34.81  1059.8  215.47   39.10   32.69    1.6     50733.958     13.50   47.10740   39.80800  "Undefined"      67.9     -154.32  0.00000000
04.04.2019 14:05:33.958   5.33300000   5332.84568   2.39  -76.3   15.1  28.0 26.40  215.3   417.0  215.40   44.01   36.79   830.4  215.49   40.87   34.08  1241.1  215.57   37.70   31.63    1.4     50733.958     13.50   47.10740   39.80800  "Undefined"      67.9     -154.32  0.00000000
04.04.2019 14:05:49.486   5.33300000   5333.25112   2.43  -68.9   21.3  28.0 26.40  216.7   417.0  216.84   44.06   36.68   830.5  216.93   40.97   33.87  1241.3  217.00   37.84   31.32    1.5     50749.486     13.50   47.10740   39.80800  "Undefined"      65.9      251.12  0.00000000
04.04.2019 14:05:49.486   5.33300000   5333.25112   2.43  -68.9   21.3  28.0 53.40  215.3   410.6  215.64   44.07   36.81   816.6  215.81   41.00   34.12  1213.2  215.94   37.96   31.71    1.4     50749.486     13.50   47.10740   39.80800  "Undefined"      65.9      251.12  0.00000000
04.04.2019 14:06:24.994   5.33300000   5333.77663   2.52  -61.9   25.5  28.0 52.80  214.6   420.0  214.90   43.97   36.81   837.3  215.06   40.79   34.10  1245.4  215.19   37.63   31.68    1.3     50784.994     13.50   47.10740   39.80800  "Undefined"       0.0      776.63  0.00000000
04.04.2019 14:06:24.994   5.33300000   5333.77663   2.52  -61.9   25.5  28.0 17.40  216.0   588.3  216.11   42.75   35.56  1174.4  216.21   38.28   31.88  1758.7  216.28   33.73   28.62    1.2     50784.994     13.50   47.10740   39.80800  "Undefined"       0.0      776.63  0.00000000
04.04.2019 14:06:38.071   5.33300000   5332.81835   1.46  -74.2   12.0  28.0  5.40  216.0  1286.6  216.16   37.41   31.24  2570.0  216.26   27.28   24.66  3848.6  216.33   16.94   19.21    1.9     50798.071     13.50   47.10740   39.80800  "Undefined"      62.2     -181.65  0.00000000
04.04.2019 14:06:38.071   5.33300000   5332.81835   1.46  -74.2   12.0  28.0 48.61  215.3   499.4  215.54   43.39   36.22   966.9  215.65   39.83   33.22  1418.9  215.76   36.34   30.59    1.4     50798.071     13.50   47.10740   39.80800  "Undefined"      62.2     -181.65  0.00000000
04.04.2019 14:06:38.071   5.33300000   5333.46180   1.86  -71.8   13.1  28.0 21.60  216.0   491.2  216.14   43.48   36.22   980.0  216.23   39.78   33.04  1466.7  216.31   36.02   30.19    1.4     50798.071     13.50   47.10740   39.80800  "Undefined"      67.6      461.80  0.00000000
04.04.2019 14:06:38.071   5.33300000   5333.46180   1.86  -71.8   13.1  28.0 47.40  215.3   485.6  215.49   43.50   36.31   951.9  215.58   39.94   33.32  1396.2  215.67   36.50   30.73    1.3     50798.071     13.50   47.10740   39.80800  "Undefined"      67.6      461.80  0.00000000
04.04.2019 14:07:18.074   5.33300000   5333.13640   2.52  -67.5   17.5  28.0 51.59  213.8   444.3  214.15   43.76   36.70   893.5  214.29   40.30   33.88  1329.3  214.42   36.90   31.39    1.2     50838.074     13.50   47.10740   39.80800  "Undefined"      67.5      136.40  0.00000000
04.04.2019 14:07:41.956   5.33300000   5333.77858   2.52  -56.4   29.0  28.0 17.40  216.0   588.3  216.10   42.75   35.56  1174.4  216.20   38.28   31.88  1758.6  216.27   33.73   28.63    1.3     50861.956     13.50   47.10740   39.80800  "Undefined"       0.0      778.58  0.00000000
04.04.2019 14:07:41.956   5.33300000   5333.77858   2.52  -56.4   29.0  28.0 51.60  213.1   443.9  213.42   43.73   36.77   892.2  213.55   40.26   34.01  1327.0  213.67   36.84   31.57    1.1     50861.956     13.50   47.10740   39.80800  "Undefined"       0.0      778.58  0.00000000
04.04.2019 14:07:52.681   5.33300000   5333.80027   2.52  -56.9   30.6  28.0 14.40  216.0   685.4  216.12   42.02   34.92  1368.5  216.23   36.78   30.76  2049.7  216.30   31.44   27.13    1.3     50872.681     13.50   47.10740   39.80800  "Undefined"       0.0      800.27  0.00000000
04.04.2019 14:07:52.681   5.33300000   5333.80027   2.52  -56.9   30.6  28.0 51.01  214.5   461.8  214.86   43.65   36.53   939.0  215.00   40.00   33.49  1396.2  215.14   36.45   30.86    1.2     50872.681     13.50   47.10740   39.80800  "Undefined"       0.0      800.27  0.00000000
04.04.2019 14:08:03.416   5.33300000   5333.82785   2.52  -55.8   31.6  28.0 22.80  216.0   469.5  216.12   43.64   36.37   936.3  216.21   40.11   33.31  1400.9  216.28   36.53   30.56    1.6     50883.416     13.50   47.10740   39.80800  "Undefined"       0.0      827.85  0.00000000
04.04.2019 14:08:03.416   5.33300000   5333.82785   2.52  -55.8   31.6  28.0 51.59  213.1   444.1  213.44   43.73   36.76   892.8  213.57   40.26   34.00  1327.9  213.70   36.84   31.56    1.2     50883.416     13.50   47.10740   39.80800  "Undefined"       0.0      827.85  0.00000000
04.04.2019 14:08:14.151   5.33300000   5333.77513   2.52  -55.3   30.1  28.0 19.80  216.0   528.4  216.13   43.20   35.96  1054.4  216.23   39.21   32.59  1578.5  216.30   35.15   29.58    1.5     50894.151     13.50   47.10740   39.80800  "Undefined"       0.0      775.13  0.00000000
04.04.2019 14:08:14.151   5.33300000   5333.77513   2.52  -55.3   30.1  28.0 51.60  213.9   444.0  214.17   43.76   36.70   892.8  214.30   40.31   33.88  1328.3  214.43   36.91   31.39    1.2     50894.151     13.50   47.10740   39.80800  "Undefined"       0.0      775.13  0.00000000
04.04.2019 14:08:24.520   5.33300000   5333.77262   2.52  -58.8   26.6  28.0 19.20  216.0   542.2  216.12   43.10   35.87  1082.0  216.21   39.00   32.43  1619.8  216.29   34.82   29.36    1.3     50904.520     13.50   47.10740   39.80800  "Undefined"       0.0      772.62  0.00000000
04.04.2019 14:08:24.520   5.33300000   5333.77262   2.52  -58.8   26.6  28.0 50.99  214.5   462.4  214.86   43.65   36.52   940.5  215.00   39.99   33.49  1398.7  215.14   36.43   30.84    1.2     50904.520     13.50   47.10740   39.80800  "Undefined"       0.0      772.62  0.00000000
04.04.2019 14:08:35.383   5.33300000   5333.75407   2.52  -59.8   23.6  28.0 13.20  215.3   733.3  215.45   41.61   34.70  1464.1  215.56   35.96   30.39  2193.0  215.63   30.19   26.66    1.2     50915.383     13.50   47.10740   39.80800  "Undefined"       0.0      754.07  0.00000000
04.04.2019 14:08:35.383   5.33300000   5333.75407   2.52  -59.8   23.6  28.0 50.99  212.4   462.2  212.68   43.57   36.71   938.6  212.81   39.84   33.86  1395.6  212.94   36.23   31.38    1.2     50915.383     13.50   47.10740   39.80800  "Undefined"       0.0      754.07  0.00000000
04.04.2019 14:08:47.197   5.33300000   5333.79546   2.52  -64.6   20.8  28.0  8.40  216.0  1007.7  216.18   39.56   32.88  2012.5  216.29   31.73   27.32  3014.0  216.37   23.73   22.64    1.2     50927.197     13.50   47.10740   39.80800  "Undefined"       0.0      795.46  0.00000000
04.04.2019 14:08:57.930   5.33300000   5333.18380   2.52  -71.4   22.3  28.0 50.40  214.6   485.1  214.88   43.47   36.37  1023.9  215.00   39.34   32.99  1512.3  215.17   35.54   30.23    1.4     50937.930     13.50   47.10740   39.80800  "Undefined"      70.5      183.80  0.00000000
04.04.2019 14:08:57.930   5.33300000   5333.18380   2.52  -71.4   22.3  28.0 13.80  216.0   708.6  216.13   41.84   34.77  1415.0  216.24   36.42   30.49  2119.5  216.32   30.89   26.78    1.3     50937.930     13.50   47.10740   39.80800  "Undefined"      70.5      183.80  0.00000000
04.04.2019 14:09:08.674   5.33300000   5332.93328   2.52  -71.7   15.5  28.0 50.40  220.3   486.4  220.68   43.72   35.86   984.1  220.84   40.14   32.24  1489.9  221.04   36.42   28.91    1.5     50948.674     13.50   47.10740   39.80800  "Undefined"      70.2      -66.72  0.00000000
04.04.2019 14:09:08.674   5.33300000   5332.93328   2.52  -71.7   15.5  28.0 10.20  215.3   886.8  215.46   40.44   33.74  1772.6  215.57   33.53   28.76  2655.7  215.64   26.48   24.52    1.3     50948.674     13.50   47.10740   39.80800  "Undefined"      70.2      -66.72  0.00000000
04.04.2019 14:09:19.401   5.33300000   5333.10276   2.52  -74.6   18.6  28.0 52.81  220.3   420.8  220.68   44.18   36.37   840.2  220.88   41.19   33.24  1252.2  221.04   38.19   30.42    1.3     50959.401     13.50   47.10740   39.80800  "Undefined"      70.3      102.76  0.00000000
04.04.2019 14:09:32.312   5.33300000   5333.69740   2.52  -62.0   17.4  28.0 51.00  217.4   462.5  217.77   43.76   36.28   942.7  217.92   40.20   32.99  1402.6  218.08   36.72   30.13    1.3     50972.312     13.50   47.10740   39.80800  "Undefined"       0.0      697.40  0.00000000
04.04.2019 14:09:43.044   5.33300000   5333.39333   2.43  -71.5    7.5  28.0 49.80  220.3   497.4  220.68   43.64   35.78   980.5  220.84   40.17   32.27  1458.6  221.01   36.65   29.11    1.8     50983.044     13.50   47.10740   39.80800  "Undefined"      66.5      393.33  0.00000000
04.04.2019 14:09:43.044   5.33300000   5333.39333   2.43  -71.5    7.5  28.0 13.20  216.0   733.4  216.13   41.65   34.61  1464.4  216.24   36.03   30.22  2193.5  216.31   30.30   26.42    1.6     50983.044     13.50   47.10740   39.80800  "Undefined"      66.5      393.33  0.00000000
04.04.2019 14:10:05.704   5.33300000   5332.70910   0.84  -75.7   15.5  28.0 12.60  217.4   759.8  217.59   41.55   34.24  1517.5  217.69   35.79   29.56  2273.4  217.77   29.90   25.52    1.6     51005.704     13.50   47.10740   39.80800  "Undefined"      63.4     -290.90  0.00000000
04.04.2019 14:10:05.704   5.33300000   5332.99228   2.23  -71.6   18.1  28.0 13.20  215.3   733.3  215.43   41.61   34.70  1464.2  215.53   35.96   30.39  2193.2  215.61   30.19   26.67    1.6     51005.704     13.50   47.10740   39.80800  "Undefined"      69.0       -7.72  0.00000000
04.04.2019 14:10:05.704   5.33300000   5332.99228   2.23  -71.6   18.1  28.0 52.81  213.1   419.7  213.46   43.92   36.92   836.4  213.60   40.70   34.32  1243.2  213.73   37.51   32.01    1.5     51005.704     13.50   47.10740   39.80800  "Undefined"      69.0       -7.72  0.00000000
04.04.2019 14:10:18.624   5.33300000   5333.34041   2.32  -71.8   23.0  28.0 15.00  216.0   663.5  216.14   42.18   35.06  1324.9  216.24   37.12   31.00  1984.4  216.32   31.96   27.45    1.5     51018.624     13.50   47.10740   39.80800  "Undefined"      67.5      340.41  0.00000000
04.04.2019 14:10:18.624   5.33300000   5333.34041   2.32  -71.8   23.0  28.0 53.99  212.4   401.5  212.75   44.04   37.09   796.0  212.91   40.97   34.66  1180.4  213.03   37.95   32.49    1.5     51018.624     13.50   47.10740   39.80800  "Undefined"      67.5      340.41  0.00000000
04.04.2019 14:10:51.587   5.33300000   5332.58718   0.13  -89.2    7.0  28.0 54.60  216.7   394.2  217.12   44.24   36.82   780.4  217.32   41.38   34.14  1157.7  217.47   38.53   31.73    2.0     51051.587     13.50   47.10740   39.80800  "Undefined"       0.0     -412.82  0.00000000
04.04.2019 14:11:03.423   5.33300000   5333.22042   2.52  -75.8   21.5  28.0 57.00  206.6   363.8  207.02   44.17   37.74   714.0  207.20   41.32   35.90  1052.4  207.32   38.55   34.27    1.4     51063.423     13.50   47.10740   39.80800  "Undefined"      70.0      220.42  0.00000000
04.04.2019 14:11:14.155   5.33300000   5333.63890   2.39  -73.0   24.6  28.0 57.00  207.4   363.9  207.75   44.19   37.68   714.2  207.94   41.36   35.80  1052.8  208.06   38.60   34.13    1.2     51074.155     13.50   47.10740   39.80800  "Undefined"      69.9      638.90  0.00000000
04.04.2019 14:11:36.812   5.33300000   5333.16751   2.52  -77.8   18.2  28.0 55.80  220.3   380.1  220.78   44.47   36.68   750.5  221.04   41.85   33.86  1111.5  221.24   39.25   31.31    1.4     51096.812     13.50   47.10740   39.80800  "Undefined"      71.3      167.51  0.00000000
04.04.2019 14:12:27.478   5.33300000   5333.95748   2.52  -73.7   18.1  28.0  7.80  216.0  1054.8  216.12   39.20   32.60  2106.6  216.24   30.97   26.87  3155.0  216.31   22.58   22.06    1.2     51147.478     13.50   47.10740   39.80800  "Undefined"      67.6      957.48  0.00000000
04.04.2019 14:12:50.041   5.33300000   5332.81844   2.52  -75.0   15.0  28.0 44.40  217.4   477.2  217.64   43.65   36.19   959.3  217.73   40.06   32.92  1429.6  217.82   36.48   30.04    1.6     51170.041     13.50   47.10740   39.80800  "Undefined"      65.9     -181.56  0.00000000
04.04.2019 14:12:50.041   5.33300000   5332.81844   2.52  -75.0   15.0  28.0  6.00  216.0  1221.3  216.13   37.91   31.62  2439.4  216.24   28.32   25.28  3653.2  216.31   18.53   20.00    1.2     51170.041     13.50   47.10740   39.80800  "Undefined"      65.9     -181.56  0.00000000
04.04.2019 14:13:12.602   5.33300000   5333.17390   2.52  -71.2   19.4  28.0 49.19  214.6   542.4  214.88   43.04   35.99  1016.4  215.01   39.40   33.03  1469.2  215.14   35.87   30.46    1.3     51192.602     13.50   47.10740   39.80800  "Undefined"      82.6      173.90  0.00000000
04.04.2019 14:13:12.602   5.33300000   5333.17390   2.52  -71.2   19.4  28.0  9.60  216.0   923.4  216.13   40.21   33.41  1844.2  216.24   33.05   28.19  2762.5  216.31   25.74   23.77    1.2     51192.602     13.50   47.10740   39.80800  "Undefined"      82.6      173.90  0.00000000
04.04.2019 14:13:34.740   5.33300000   5333.74299   2.52  -68.0   11.5  28.0 12.00  215.3   788.1  215.40   41.19   34.36  1573.7  215.51   35.09   29.81  2357.0  215.59   28.87   25.90    1.1     51214.740     13.50   47.10740   39.80800  "Undefined"       0.0      742.99  0.00000000
04.04.2019 14:14:44.768   5.33300000   5332.64072   0.22  -79.4   16.6  28.0 54.60  218.2   394.4  218.57   44.29   36.72   781.1  218.78   41.47   33.94  1159.0  218.94   38.66   31.43    1.6     51284.768     13.50   47.10740   39.80800  "Undefined"       0.0     -359.28  0.00000000
04.04.2019 14:15:08.584   5.33300000   5332.60301   0.13  -84.3   13.9  28.0 51.60  213.8   444.2  214.15   43.76   36.70   893.3  214.29   40.30   33.88  1329.0  214.42   36.90   31.39    1.8     51308.584     13.50   47.10740   39.80800  "Undefined"       0.0     -396.99  0.00000000
04.04.2019 14:15:08.584   5.33300000   5332.84026   1.48  -76.0   17.9  28.0 46.20  215.3   480.6  215.48   43.53   36.35   950.2  215.56   39.96   33.33  1400.2  215.64   36.47   30.72    1.4     51308.584     13.50   47.10740   39.80800  "Undefined"      67.0     -159.74  0.00000000
04.04.2019 14:15:46.252   5.33300000   5333.41282   2.52  -77.4   18.2  28.0 55.80  211.7   378.5  212.07   44.19   37.29   745.9  212.26   41.33   35.04  1102.6  212.40   38.51   33.03    1.7     51346.252     13.50   47.10740   39.80800  "Undefined"      70.3      412.82  0.00000000
04.04.2019 14:15:46.252   5.33300000   5333.41282   2.52  -77.4   18.2  28.0  8.40  215.3  1007.6  215.46   39.51   33.01  2012.3  215.57   31.63   27.56  3013.6  215.64   23.59   22.97    1.2     51346.252     13.50   47.10740   39.80800  "Undefined"      70.3      412.82  0.00000000
04.04.2019 14:15:57.002   5.33300000   5332.65290   0.75  -81.1   15.4  28.0 17.40  215.3   588.3  215.43   42.72   35.64  1174.2  215.52   38.22   32.02  1758.3  215.60   33.65   28.82    1.6     51357.002     13.50   47.10740   39.80800  "Undefined"      63.1     -347.10  0.00000000
04.04.2019 14:15:57.002   5.33300000   5332.85618   2.32  -76.7   18.5  28.0 51.00  214.6   462.3  214.88   43.65   36.52   940.3  215.02   39.99   33.48  1398.1  215.16   36.43   30.84    1.3     51357.002     13.50   47.10740   39.80800  "Undefined"      71.1     -143.82  0.00000000
04.04.2019 14:16:19.568   5.33300000   5332.76351   0.33  -79.2   13.0  28.0 47.40  216.0   485.6  216.21   43.53   36.25   951.9  216.30   40.00   33.20  1396.4  216.40   36.58   30.56    1.8     51379.568     13.50   47.10740   39.80800  "Undefined"       0.0     -236.49  0.00000000
04.04.2019 14:16:32.479   5.33300000   5333.27366   2.48  -75.2   18.4  28.0 58.20  213.8   352.2  214.35   44.46   37.30   689.8  214.64   41.90   35.07  1015.8  214.83   39.39   33.07    1.3     51392.479     13.50   47.10740   39.80800  "Undefined"      70.4      273.66  0.00000000
04.04.2019 14:16:32.479   5.33300000   5333.27366   2.48  -75.2   18.4  28.0  6.60  216.0  1161.2  216.13   38.38   31.97  2319.3  216.24   29.28   25.84  3473.5  216.31   19.99   20.73    1.2     51392.479     13.50   47.10740   39.80800  "Undefined"      70.4      273.66  0.00000000
04.04.2019 14:16:43.200   5.33300000   5333.31471   2.46  -74.0   16.3  28.0 48.60  216.0   499.8  216.26   43.42   36.15   967.4  216.37   39.89   33.09  1420.3  216.49   36.41   30.40    1.3     51403.200     13.50   47.10740   39.80800  "Undefined"      71.5      314.71  0.00000000
04.04.2019 14:16:43.200   5.33300000   5333.31471   2.46  -74.0   16.3  28.0  7.80  216.0  1054.8  216.14   39.20   32.60  2106.6  216.26   30.98   26.87  3154.9  216.33   22.58   22.05    1.1     51403.200     13.50   47.10740   39.80800  "Undefined"      71.5      314.71  0.00000000
04.04.2019 14:16:53.934   5.33300000   5332.55814   0.07  -89.3   12.0  28.0 58.20  211.0   351.5  211.43   44.39   37.50   688.1  211.68   41.75   35.46  1012.8  211.86   39.19   33.62    1.9     51413.934     13.50   47.10740   39.80800  "Undefined"       0.0     -441.86  0.00000000
04.04.2019 14:16:53.934   5.33300000   5332.55814   0.07  -89.3   12.0  28.0  5.40  216.0  1286.6  216.15   37.41   31.24  2570.0  216.26   27.28   24.66  3848.5  216.33   16.94   19.21    1.7     51413.934     13.50   47.10740   39.80800  "Undefined"       0.0     -441.86  0.00000000
04.04.2019 14:16:53.934   5.33300000   5333.31837   2.39  -76.6   19.4  28.0  7.80  216.0  1054.8  216.19   39.20   32.59  2106.7  216.30   30.98   26.85  3155.1  216.38   22.59   22.03    1.2     51413.934     13.50   47.10740   39.80800  "Undefined"      70.2      318.37  0.00000000
04.04.2019 14:16:53.934   5.33300000   5333.31837   2.39  -76.6   19.4  28.0 55.80  213.1   378.6  213.51   44.24   37.18   746.4  213.71   41.41   34.84  1103.8  213.86   38.62   32.74    1.2     51413.934     13.50   47.10740   39.80800  "Undefined"      70.2      318.37  0.00000000
04.04.2019 14:17:05.894   5.33300000   5333.35607   2.52  -76.1   14.2  28.0  8.40  216.0  1007.7  216.13   39.56   32.89  2012.5  216.24   31.72   27.34  3014.0  216.31   23.72   22.67    1.2     51425.894     13.50   47.10740   39.80800  "Undefined"      65.7      356.07  0.00000000
04.04.2019 14:17:27.296   5.33300000   5333.32901   2.52  -74.8   22.1  28.0 53.40  213.1   410.3  213.46   43.99   36.98   815.6  213.62   40.86   34.44  1210.9  213.75   37.77   32.18    1.3     51447.296     13.50   47.10740   39.80800  "Undefined"      70.2      329.01  0.00000000
04.04.2019 14:17:27.296   5.33300000   5333.32901   2.52  -74.8   22.1  28.0  8.40  216.0  1007.7  216.12   39.56   32.89  2012.6  216.23   31.72   27.34  3014.1  216.31   23.71   22.67    1.2     51447.296     13.50   47.10740   39.80800  "Undefined"      70.2      329.01  0.00000000
04.04.2019 14:17:48.760   5.33300000   5333.17322   2.52  -71.7   16.4  28.0 51.60  214.6   444.2  214.89   43.78   36.64   893.5  215.03   40.35   33.76  1329.8  215.16   36.97   31.22    1.3     51468.760     13.50   47.10740   39.80800  "Undefined"      68.2      173.22  0.00000000
04.04.2019 14:17:48.760   5.33300000   5333.17322   2.52  -71.7   16.4  28.0  7.20  216.0  1105.8  216.15   38.81   32.29  2208.6  216.26   30.17   26.36  3307.9  216.34   21.34   21.41    1.2     51468.760     13.50   47.10740   39.80800  "Undefined"      68.2      173.22  0.00000000
04.04.2019 14:18:00.619   5.33300000   5333.10468   2.39  -70.1   11.3  28.0 55.20  213.8   386.1  214.22   44.20   37.08   762.5  214.41   41.33   34.65  1129.0  214.56   38.49   32.47    1.2     51480.619     13.50   47.10740   39.80800  "Undefined"      69.6      104.68  0.00000000
04.04.2019 14:18:00.619   5.33300000   5333.10468   2.39  -70.1   11.3  28.0 12.60  216.0   759.8  216.10   41.45   34.44  1517.4  216.21   35.62   29.94  2273.4  216.28   29.66   26.04    1.2     51480.619     13.50   47.10740   39.80800  "Undefined"      69.6      104.68  0.00000000
04.04.2019 14:18:11.361   5.33300000   5333.46097   2.19  -66.6   21.5  28.0 40.20  213.1   497.9  213.35   43.31   36.43  1026.0  213.47   39.21   33.25  1552.5  213.61   35.04   30.42    1.3     51491.361     13.50   47.10740   39.80800  "Undefined"       0.0      460.97  0.00000000
04.04.2019 14:18:11.361   5.33300000   5333.46097   2.19  -66.6   21.5  28.0 13.80  216.0   708.6  216.11   41.84   34.77  1414.9  216.21   36.42   30.50  2119.4  216.29   30.88   26.79    1.2     51491.361     13.50   47.10740   39.80800  "Undefined"       0.0      460.97  0.00000000
04.04.2019 14:18:57.749   5.33300000   5333.31521   2.37  -68.2   18.8  28.0 12.00  216.0   788.1  216.11   41.24   34.26  1573.8  216.22   35.18   29.63  2357.2  216.29   28.99   25.64    1.2     51537.749     13.50   47.10740   39.80800  "Undefined"      68.9      315.21  0.00000000
04.04.2019 14:19:09.545   5.33300000   5333.20205   2.50  -69.3   18.3  28.0 10.20  215.3   886.8  215.44   40.43   33.74  1772.7  215.54   33.53   28.76  2655.8  215.62   26.48   24.53    1.2     51549.545     13.50   47.10740   39.80800  "Undefined"      66.9      202.05  0.00000000
04.04.2019 14:19:20.156   5.33300000   5333.38896   2.23  -65.8   20.6  28.0 15.60  215.3   642.8  215.43   42.30   35.28  1283.1  215.53   37.37   31.40  1921.6  215.61   32.35   27.99    1.1     51560.156     13.50   47.10740   39.80800  "Undefined"      63.9      388.96  0.00000000
04.04.2019 14:19:31.968   5.33300000   5332.74989   2.52  -73.8   15.2  28.0 50.40  213.8   485.0  214.15   43.45   36.44  1024.2  214.27   39.28   33.12  1500.1  214.41   35.55   30.48    1.5     51571.968     13.50   47.10740   39.80800  "Undefined"      70.2     -250.11  0.00000000
04.04.2019 14:19:31.968   5.33300000   5332.74989   2.52  -73.8   15.2  28.0  7.20  215.3  1105.7  215.46   38.75   32.43  2208.3  215.57   30.06   26.61  3307.2  215.64   21.20   21.74    1.1     51571.968     13.50   47.10740   39.80800  "Undefined"      70.2     -250.11  0.00000000
04.04.2019 14:19:42.731   5.33300000   5333.75184   2.52  -64.1   13.3  28.0 48.60  213.8   499.2  214.09   43.33   36.35   966.9  214.19   39.72   33.47  1417.7  214.30   36.19   30.94    1.4     51582.731     13.50   47.10740   39.80800  "Undefined"       0.0      751.84  0.00000000
04.04.2019 14:19:42.731   5.33300000   5333.75184   2.52  -64.1   13.3  28.0 14.40  215.3   685.3  215.45   41.98   35.00  1368.3  215.55   36.71   30.91  2049.4  215.63   31.34   27.35    1.2     51582.731     13.50   47.10740   39.80800  "Undefined"       0.0      751.84  0.00000000
04.04.2019 14:20:04.950   5.33300000   5333.94874   2.39  -65.6   15.2  28.0 50.41  213.8   484.6  214.15   43.45   36.44  1024.6  214.27   39.28   33.12  1503.9  214.42   35.52   30.46    1.2     51604.950     13.50   47.10740   39.80800  "Undefined"      63.2      948.74  0.00000000
04.04.2019 14:20:04.950   5.33300000   5333.94874   2.39  -65.6   15.2  28.0 16.20  215.3   623.5  215.42   42.45   35.41  1244.4  215.51   37.67   31.62  1863.2  215.59   32.81   28.29    1.2     51604.950     13.50   47.10740   39.80800  "Undefined"      63.2      948.74  0.00000000
04.04.2019 14:20:16.952   5.33300000   5333.96041   2.35  -71.1   19.0  28.0 43.20  218.2   474.5  218.37   43.70   36.14   968.1  218.47   40.05   32.74  1455.2  218.57   36.38   29.71    1.4     51616.952     13.50   47.10740   39.80800  "Undefined"      69.9      960.41  0.00000000
04.04.2019 14:20:16.952   5.33300000   5333.96041   2.35  -71.1   19.0  28.0 15.60  215.3   642.8  215.42   42.30   35.28  1283.2  215.52   37.37   31.40  1921.8  215.60   32.35   27.99    1.2     51616.952     13.50   47.10740   39.80800  "Undefined"      69.9      960.41  0.00000000
04.04.2019 14:20:41.681   5.33300000   5333.39945   2.46  -71.5   17.3  28.0 45.60  214.6   482.4  214.76   43.49   36.40   956.1  214.83   39.86   33.42  1413.5  214.90   36.29   30.82    1.3     51641.681     13.50   47.10740   39.80800  "Undefined"      71.4      399.45  0.00000000
04.04.2019 14:20:41.681   5.33300000   5333.39945   2.46  -71.5   17.3  28.0 13.20  215.3   733.9  215.43   41.61   34.69  1465.0  215.53   35.95   30.39  2194.0  215.61   30.18   26.66    1.2     51641.681     13.50   47.10740   39.80800  "Undefined"      71.4      399.45  0.00000000
04.04.2019 14:21:24.731   5.33300000   5332.59575   0.13  -84.6   11.6  28.0 12.00  216.0   788.6  216.14   41.24   34.25  1574.3  216.25   35.18   29.61  2357.6  216.33   28.99   25.63    1.8     51684.731     13.50   47.10740   39.80800  "Undefined"       0.0     -404.25  0.00000000
04.04.2019 14:21:24.731   5.33300000   5332.59575   0.13  -84.6   11.6  28.0 51.60  211.0   436.6  211.24   43.71   36.99   876.3  211.34   40.24   34.45  1306.3  211.44   36.80   32.19    1.6     51684.731     13.50   47.10740   39.80800  "Undefined"       0.0     -404.25  0.00000000
04.04.2019 14:21:24.731   5.33300000   5332.90466   2.39  -73.3   17.5  28.0 49.20  210.2   506.4  210.49   43.14   36.64   990.6  210.58   39.27   33.97  1443.0  210.66   35.62   31.71    1.5     51684.731     13.50   47.10740   39.80800  "Undefined"      67.9      -95.34  0.00000000
04.04.2019 14:21:24.731   5.33300000   5332.90466   2.39  -73.3   17.5  28.0  7.20  215.3  1105.9  215.47   38.75   32.42  2207.8  215.57   30.07   26.61  3305.9  215.65   21.21   21.75    1.2     51684.731     13.50   47.10740   39.80800  "Undefined"      67.9      -95.34  0.00000000
04.04.2019 14:21:36.712   5.33300000   5333.36372   2.52  -74.8   22.8  28.0  5.40  215.3  1286.8  215.47   37.34   31.39  2569.7  215.58   27.16   24.93  3847.4  215.64   16.79   19.58    1.2     51696.712     13.50   47.10740   39.80800  "Undefined"      70.6      363.72  0.00000000
04.04.2019 14:21:48.585   5.33300000   5333.15139   2.43  -70.7   21.0  28.0 48.00  212.4   490.9  212.61   43.34   36.54   959.6  212.69   39.67   33.76  1410.3  212.76   36.09   31.35    1.3     51708.585     13.50   47.10740   39.80800  "Undefined"      62.0      151.39  0.00000000
04.04.2019 14:21:48.585   5.33300000   5333.15139   2.43  -70.7   21.0  28.0 10.20  215.3   886.1  215.47   40.44   33.74  1769.0  215.57   33.56   28.77  2649.0  215.65   26.54   24.55    1.2     51708.585     13.50   47.10740   39.80800  "Undefined"      62.0      151.39  0.00000000
04.04.2019 14:22:00.497   5.33300000   5333.11754   2.52  -72.1   20.3  28.0 46.80  216.7   486.0  216.92   43.55   36.19   955.1  217.00   40.03   33.07  1403.1  217.08   36.60   30.36    1.5     51720.497     13.50   47.10740   39.80800  "Undefined"      68.8      117.54  0.00000000
04.04.2019 14:22:00.497   5.33300000   5333.11754   2.52  -72.1   20.3  28.0  8.40  215.3  1007.9  215.46   39.50   33.00  2014.1  215.57   31.61   27.54  3019.1  215.64   23.54   22.94    1.2     51720.497     13.50   47.10740   39.80800  "Undefined"      68.8      117.54  0.00000000
04.04.2019 14:22:11.829   5.33300000   5333.34503   2.30  -73.8   18.4  28.0 51.00  213.8   454.4  214.14   43.68   36.64   919.3  214.26   40.10   33.73  1371.2  214.37   36.56   31.17    1.3     51731.829     13.50   47.10740   39.80800  "Undefined"      68.7      345.03  0.00000000
04.04.2019 14:22:11.829   5.33300000   5333.34503   2.30  -73.8   18.4  28.0  7.20  215.3  1105.9  215.45   38.74   32.43  2207.8  215.56   30.06   26.61  3305.8  215.63   21.21   21.75    1.2     51731.829     13.50   47.10740   39.80800  "Undefined"      68.7      345.03  0.00000000
04.04.2019 14:22:37.795   5.33300000   5333.27818   2.37  -67.9    9.7  28.0  7.80  215.3  1055.1  215.47   39.14   32.72  2106.7  215.58   30.88   27.09  3154.7  215.65   22.44   22.37    1.2     51757.795     13.50   47.10740   39.80800  "Undefined"      66.6      278.18  0.00000000
04.04.2019 14:22:48.519   5.33300000   5333.37044   2.52  -69.3   16.5  28.0 42.60  216.0   484.1  216.19   43.54   36.26   984.3  216.28   39.75   33.01  1482.3  216.36   35.91   30.09    1.4     51768.519     13.50   47.10740   39.80800  "Undefined"      70.2      370.44  0.00000000
04.04.2019 14:22:48.519   5.33300000   5333.37044   2.52  -69.3   16.5  28.0  9.60  215.3   923.6  215.46   40.15   33.51  1843.8  215.57   32.97   28.39  2761.1  215.64   25.63   24.06    1.2     51768.519     13.50   47.10740   39.80800  "Undefined"      70.2      370.44  0.00000000
04.04.2019 14:23:11.136   5.33300000   5333.40386   2.28  -64.2    8.8  28.0 48.60  209.5   501.1  209.75   43.15   36.74   974.1  209.82   39.36   34.19  1423.3  209.89   35.71   31.99    1.6     51791.136     13.50   47.10740   39.80800  "Undefined"      62.9      403.86  0.00000000
04.04.2019 14:23:11.136   5.33300000   5333.40386   2.28  -64.2    8.8  28.0 10.20  216.0   886.2  216.13   40.49   33.64  1769.2  216.24   33.64   28.58  2649.4  216.31   26.65   24.28    1.2     51791.136     13.50   47.10740   39.80800  "Undefined"      62.9      403.86  0.00000000
04.04.2019 14:23:56.754   5.33300000   5333.19370   2.52  -73.9   21.8  28.0 48.00  208.1   490.3  208.28   43.19   36.94   958.7  208.35   39.39   34.52  1406.5  208.40   35.71   32.44    1.8     51836.754     13.50   47.10740   39.80800  "Undefined"      68.6      193.70  0.00000000
04.04.2019 14:23:56.754   5.33300000   5333.19370   2.52  -73.9   21.8  28.0 15.00  216.7   664.2  216.82   42.22   34.98  1325.9  216.93   37.18   30.84  1985.5  217.00   32.05   27.23    1.3     51836.754     13.50   47.10740   39.80800  "Undefined"      68.6      193.70  0.00000000
04.04.2019 14:24:09.712   5.33300000   5332.89690   0.75  -78.0    4.3  28.0 48.60  214.6   501.8  214.80   43.34   36.27   973.9  214.90   39.72   33.30  1428.5  214.99   36.18   30.72    1.7     51849.712     13.50   47.10740   39.80800  "Undefined"      64.0     -103.10  0.00000000
04.04.2019 14:24:09.712   5.33300000   5332.89690   0.75  -78.0    4.3  28.0 15.00  215.3   664.2  215.43   42.14   35.14  1325.7  215.53   37.04   31.16  1984.9  215.61   31.85   27.68    1.5     51849.712     13.50   47.10740   39.80800  "Undefined"      64.0     -103.10  0.00000000
04.04.2019 14:25:25.193   5.33300000   5333.15806   2.37  -71.0   16.9  28.0 10.20  214.5   886.1  214.69   40.39   33.86  1768.9  214.80   33.46   29.00  2648.7  214.87   26.40   24.87    1.5     51925.193     13.50   47.10740   39.80800  "Undefined"      66.7      158.06  0.00000000
04.04.2019 14:25:25.193   5.33300000   5333.15806   2.37  -71.0   16.9  28.0 51.00  213.1   454.4  213.41   43.65   36.70   919.0  213.53   40.05   33.85  1370.4  213.64   36.50   31.35    1.3     51925.193     13.50   47.10740   39.80800  "Undefined"      66.7      158.06  0.00000000
04.04.2019 14:25:40.291   5.33300000   5333.85549   2.52  -66.1   19.3  28.0 13.20  216.0   733.9  216.17   41.65   34.60  1465.2  216.28   36.03   30.21  2194.3  216.35   30.30   26.40    1.2     51940.291     13.50   47.10740   39.80800  "Undefined"       0.0      855.49  0.00000000
04.04.2019 14:25:51.022   5.33300000   5333.18396   1.53  -68.4   21.2  28.0 13.20  216.0   733.9  216.15   41.65   34.60  1465.2  216.25   36.03   30.21  2194.4  216.33   30.29   26.41    1.4     51951.022     13.50   47.10740   39.80800  "Undefined"       0.0      183.96  0.00000000
04.04.2019 14:26:28.948   5.33300000   5333.48503   2.52  -60.1   28.1  28.0 19.20  216.0   542.9  216.14   43.09   35.87  1083.1  216.24   38.99   32.41  1621.0  216.31   34.82   29.35    1.2     51988.948     13.50   47.10740   39.80800  "Undefined"      62.6      485.03  0.00000000
04.04.2019 14:26:41.860   5.33300000   5332.98230   2.52  -66.0   26.5  28.0 51.00  213.8   454.6  214.13   43.68   36.64   919.5  214.24   40.10   33.73  1371.6  214.36   36.56   31.17    1.5     52001.860     13.50   47.10740   39.80800  "Undefined"      67.3      -17.70  0.00000000
04.04.2019 14:26:41.860   5.33300000   5332.98230   2.52  -66.0   26.5  28.0 21.00  216.0   503.8  216.11   43.39   36.13  1004.9  216.20   39.59   32.89  1503.7  216.28   35.73   29.99    1.3     52001.860     13.50   47.10740   39.80800  "Undefined"      67.3      -17.70  0.00000000
04.04.2019 14:26:53.753   5.33300000   5332.58146   0.15  -78.1   21.4  28.0 19.80  216.0   529.2  216.12   43.19   35.96  1055.7  216.21   39.20   32.58  1580.0  216.29   35.14   29.57    1.4     52013.753     13.50   47.10740   39.80800  "Undefined"       0.0     -418.54  0.00000000
04.04.2019 14:26:53.753   5.33300000   5332.58146   0.15  -78.1   21.4  28.0 52.21  215.3   424.2  215.59   43.96   36.72   849.2  215.72   40.74   33.93  1267.4  215.83   37.53   31.42    1.4     52013.753     13.50   47.10740   39.80800  "Undefined"       0.0     -418.54  0.00000000
04.04.2019 14:26:53.753   5.33300000   5332.89119   2.37  -67.1   28.1  28.0 52.19  217.4   424.7  217.76   44.04   36.56   850.7  217.90   40.89   33.60  1270.6  218.02   37.72   30.93    1.4     52013.753     13.50   47.10740   39.80800  "Undefined"      67.6     -108.81  0.00000000
04.04.2019 14:26:53.753   5.33300000   5332.89119   2.37  -67.1   28.1  28.0 23.40  216.7   460.4  216.81   43.74   36.37   917.9  216.90   40.31   33.32  1373.2  216.98   36.82   30.56    1.2     52013.753     13.50   47.10740   39.80800  "Undefined"      67.6     -108.81  0.00000000
04.04.2019 14:27:17.546   5.33300000   5332.57380   0.09  -86.2   15.7  28.0 52.20  207.4   423.1  207.62   43.71   37.37   845.7  207.71   40.27   35.18  1258.6  207.78   36.88   33.24    1.9     52037.546     13.50   47.10740   39.80800  "Undefined"       0.0     -426.20  0.00000000
04.04.2019 14:27:17.546   5.33300000   5333.69754   2.41  -72.5   22.7  28.0 19.20  216.0   542.9  216.12   43.09   35.87  1083.1  216.21   38.99   32.42  1621.1  216.29   34.81   29.35    1.2     52037.546     13.50   47.10740   39.80800  "Undefined"      70.4      697.54  0.00000000
04.04.2019 14:27:29.426   5.33300000   5333.82000   2.52  -58.3   29.2  28.0 54.00  213.8   398.1  214.18   44.11   37.01   790.9  214.33   41.10   34.49  1174.7  214.44   38.12   32.23    1.4     52049.426     13.50   47.10740   39.80800  "Undefined"       0.0      820.00  0.00000000
04.04.2019 14:27:29.426   5.33300000   5333.82000   2.52  -58.3   29.2  28.0 19.80  216.0   529.2  216.11   43.19   35.96  1055.7  216.20   39.20   32.58  1580.1  216.28   35.13   29.58    1.2     52049.426     13.50   47.10740   39.80800  "Undefined"       0.0      820.00  0.00000000
04.04.2019 14:28:02.776   5.33300000   5333.88780   2.52  -68.7   18.8  28.0 50.41  215.3   470.2  215.57   43.61   36.41   978.5  215.69   39.75   33.14  1466.8  215.83   35.97   30.31    1.3     52082.776     13.50   47.10740   39.80800  "Undefined"       0.0      887.80  0.00000000
04.04.2019 14:28:13.497   5.33300000   5333.35096   2.52  -73.7   13.9  28.0 52.80  218.2   415.2  218.49   44.14   36.57   829.7  218.64   41.10   33.63  1236.6  218.76   38.06   30.98    1.7     52093.497     13.50   47.10740   39.80800  "Undefined"      68.6      350.96  0.00000000
04.04.2019 14:28:24.229   5.33300000   5332.63844   0.22  -81.8   16.2  28.0 10.20  217.4   886.3  217.59   40.60   33.41  1769.6  217.70   33.84   28.16  2650.2  217.78   26.92   23.69    1.9     52104.229     13.50   47.10740   39.80800  "Undefined"       0.0     -361.56  0.00000000
04.04.2019 14:28:24.229   5.33300000   5333.35401   2.30  -75.1   22.5  28.0 55.80  214.6   376.6  214.94   44.30   37.10   743.5  215.14   41.52   34.67  1100.7  215.27   38.77   32.49    1.9     52104.229     13.50   47.10740   39.80800  "Undefined"      70.5      354.01  0.00000000
04.04.2019 14:28:24.229   5.33300000   5333.35401   2.30  -75.1   22.5  28.0 17.40  216.0   589.0  216.13   42.75   35.56  1175.5  216.23   38.28   31.87  1759.8  216.30   33.73   28.61    1.4     52104.229     13.50   47.10740   39.80800  "Undefined"      70.5      354.01  0.00000000
04.04.2019 14:28:36.188   5.33300000   5332.66253   0.20  -84.2   14.3  28.0 11.40  215.3   819.0  215.41   40.95   34.16  1635.3  215.52   34.61   29.48  2449.2  215.59   28.13   25.47    1.7     52116.188     13.50   47.10740   39.80800  "Undefined"       0.0     -337.47  0.00000000
04.04.2019 14:28:36.188   5.33300000   5333.36638   2.08  -72.3   22.5  28.0 52.80  218.9   415.4  219.21   44.16   36.52   830.1  219.37   41.15   33.52  1237.7  219.49   38.13   30.83    1.9     52116.188     13.50   47.10740   39.80800  "Undefined"      71.2      366.38  0.00000000
04.04.2019 14:28:36.188   5.33300000   5333.36638   2.08  -72.3   22.5  28.0 21.00  216.0   503.8  216.12   43.39   36.13  1004.9  216.21   39.59   32.89  1503.7  216.29   35.73   29.99    1.4     52116.188     13.50   47.10740   39.80800  "Undefined"      71.2      366.38  0.00000000
04.04.2019 14:28:50.862   5.33300000   5333.28571   2.43  -71.9   24.4  28.0 51.59  220.3   437.8  220.64   44.06   36.24   881.4  220.80   40.89   32.96  1320.0  220.93   37.67   30.00    1.3     52130.862     13.50   47.10740   39.80800  "Undefined"      68.5      285.71  0.00000000
04.04.2019 14:28:50.862   5.33300000   5333.28571   2.43  -71.9   24.4  28.0 18.00  216.7   572.7  216.82   42.90   35.60  1142.8  216.92   38.59   31.93  1710.7  216.99   34.20   28.68    1.3     52130.862     13.50   47.10740   39.80800  "Undefined"      68.5      285.71  0.00000000
04.04.2019 14:29:02.706   5.33300000   5333.51680   2.15  -68.9   19.3  28.0 20.40  216.0   516.1  216.14   43.29   36.05  1029.5  216.23   39.40   32.74  1540.7  216.31   35.45   29.78    1.3     52142.706     13.50   47.10740   39.80800  "Undefined"       0.0      516.80  0.00000000
04.04.2019 14:29:15.719   5.33300000   5333.87351   2.52  -61.0   26.4  28.0 27.60  216.7   405.3  216.83   44.15   36.76   806.1  216.92   41.15   34.03  1203.4  217.00   38.13   31.55    1.3     52155.719     13.50   47.10740   39.80800  "Undefined"       0.0      873.51  0.00000000
04.04.2019 14:29:15.719   5.33300000   5333.87351   2.52  -61.0   26.4  28.0 51.60  217.4   437.1  217.75   43.95   36.47   879.1  217.89   40.68   33.41  1314.5  218.01   37.39   30.67    1.2     52155.719     13.50   47.10740   39.80800  "Undefined"       0.0      873.51  0.00000000
04.04.2019 14:29:50.104   5.33300000   5333.39146   2.23  -70.5   26.7  28.0 10.20  216.0   886.2  216.15   40.49   33.63  1769.3  216.26   33.65   28.58  2649.5  216.33   26.66   24.27    1.4     52190.104     13.50   47.10740   39.80800  "Undefined"      69.4      391.46  0.00000000
04.04.2019 14:29:50.104   5.33300000   5333.39146   2.23  -70.5   26.7  28.0 55.19  216.0   383.9  216.37   44.29   36.95   759.6  216.56   41.48   34.38  1126.1  216.69   38.70   32.07    1.2     52190.104     13.50   47.10740   39.80800  "Undefined"      69.4      391.46  0.00000000
04.04.2019 14:30:01.929   5.33300000   5333.35921   2.39  -70.0   24.6  28.0 51.00  212.4   454.4  212.67   43.62   36.76   918.4  212.78   40.00   33.98  1369.3  212.89   36.43   31.53    1.2     52201.929     13.50   47.10740   39.80800  "Undefined"      68.7      359.21  0.00000000
04.04.2019 14:30:01.929   5.33300000   5333.35921   2.39  -70.0   24.6  28.0 11.40  215.3   819.0  215.45   40.96   34.16  1635.4  215.55   34.61   29.47  2449.4  215.63   28.14   25.46    1.2     52201.929     13.50   47.10740   39.80800  "Undefined"      68.7      359.21  0.00000000
04.04.2019 14:30:26.777   5.33300000   5333.93530   2.52  -67.2   12.5  28.0  9.00  216.0   964.3  216.14   39.89   33.15  1925.4  216.25   32.41   27.77  2883.5  216.33   24.77   23.23    1.2     52226.777     13.50   47.10740   39.80800  "Undefined"      63.4      935.30  0.00000000
04.04.2019 14:30:59.022   5.33300000   5333.77720   2.52  -59.1   26.3  28.0 11.40  216.0   819.0  216.13   41.00   34.06  1635.5  216.24   34.70   29.29  2449.6  216.32   28.25   25.20    1.2     52259.022     13.50   47.10740   39.80800  "Undefined"       0.0      777.20  0.00000000
04.04.2019 14:30:59.022   5.33300000   5333.77720   2.52  -59.1   26.3  28.0 50.99  215.3   455.0  215.58   43.73   36.51   921.4  215.71   40.19   33.49  1375.2  215.83   36.69   30.81    1.2     52259.022     13.50   47.10740   39.80800  "Undefined"       0.0      777.20  0.00000000
04.04.2019 14:31:56.211   5.33300000   5333.82524   2.52  -62.1   13.3  28.0 51.01  216.0   454.5  216.30   43.76   36.46   920.3  216.43   40.25   33.38  1373.8  216.55   36.77   30.65    1.2     52316.211     13.50   47.10740   39.80800  "Undefined"       0.0      825.24  0.00000000
04.04.2019 14:32:09.172   5.33300000   5333.10010   2.46  -69.1    6.3  28.0  7.20  215.3  1105.9  215.45   38.74   32.43  2207.8  215.56   30.06   26.61  3305.8  215.63   21.21   21.75    1.6     52329.172     13.50   47.10740   39.80800  "Undefined"      66.3      100.10  0.00000000
04.04.2019 14:32:09.172   5.33300000   5333.10010   2.46  -69.1    6.3  28.0 50.40  214.6   469.8  214.84   43.59   36.48   977.8  214.96   39.70   33.27  1467.8  215.10   35.88   30.48    1.4     52329.172     13.50   47.10740   39.80800  "Undefined"      66.3      100.10  0.00000000
04.04.2019 14:32:19.935   5.33300000   5333.47714   2.28  -73.0    6.9  28.0 17.40  216.7   589.1  216.83   42.78   35.48  1175.5  216.93   38.34   31.73  1759.9  217.00   33.82   28.41    1.4     52339.935     13.50   47.10740   39.80800  "Undefined"      69.7      477.14  0.00000000
04.04.2019 14:32:19.935   5.33300000   5333.47714   2.28  -73.0    6.9  28.0 49.79  212.4   477.5  212.66   43.44   36.62   979.7  212.76   39.52   33.64  1449.2  212.86   35.79   31.13    1.3     52339.935     13.50   47.10740   39.80800  "Undefined"      69.7      477.14  0.00000000
04.04.2019 14:32:41.074   5.33300000   5333.30272   2.52  -65.5    8.1  28.0 51.01  216.0   454.7  216.30   43.76   36.46   920.6  216.43   40.25   33.37  1374.1  216.55   36.77   30.65    1.3     52361.074     13.50   47.10740   39.80800  "Undefined"      66.4      302.72  0.00000000
04.04.2019 14:33:16.733   5.33300000   5333.89030   2.52  -66.0    8.0  28.0 51.00  213.8   454.5  214.14   43.68   36.64   919.4  214.26   40.10   33.73  1371.3  214.37   36.56   31.17    1.3     52396.733     13.50   47.10740   39.80800  "Undefined"      62.2      890.30  0.00000000
04.04.2019 14:33:28.572   5.33300000   5333.80332   2.52  -57.9   29.5  28.0 29.40  218.1   390.9  218.27   44.30   36.77   775.5  218.36   41.48   34.03  1155.4  218.43   38.64   31.55    1.6     52408.572     13.50   47.10740   39.80800  "Undefined"       0.0      803.32  0.00000000
04.04.2019 14:33:28.572   5.33300000   5333.80332   2.52  -57.9   29.5  28.0 50.40  214.6   470.0  214.85   43.59   36.47   977.8  214.96   39.70   33.27  1467.9  215.11   35.88   30.48    1.2     52408.572     13.50   47.10740   39.80800  "Undefined"       0.0      803.32  0.00000000
04.04.2019 14:33:40.437   5.33300000   5332.99703   2.46  -74.4   17.8  28.0 50.40  216.7   470.9  217.01   43.67   36.28   984.8  217.13   39.82   32.86  1474.9  217.28   36.07   29.91    1.7     52420.437     13.50   47.10740   39.80800  "Undefined"      69.9       -2.97  0.00000000
04.04.2019 14:33:40.437   5.33300000   5332.99703   2.46  -74.4   17.8  28.0 25.80  216.0   425.8  216.13   43.97   36.67   848.1  216.22   40.79   33.86  1267.5  216.30   37.57   31.32    1.4     52420.437     13.50   47.10740   39.80800  "Undefined"      69.9       -2.97  0.00000000
04.04.2019 14:33:53.389   5.33300000   5333.29218   2.52  -68.0   21.7  28.0 30.60  216.0   387.1  216.13   44.26   36.94   764.6  216.22   41.42   34.39  1135.9  216.29   38.59   32.09    1.7     52433.389     13.50   47.10740   39.80800  "Undefined"      62.1      292.18  0.00000000
04.04.2019 14:33:53.389   5.33300000   5333.29218   2.52  -68.0   21.7  28.0 51.60  215.3   437.1  215.58   43.86   36.64   878.7  215.71   40.52   33.75  1312.6  215.82   37.17   31.17    1.3     52433.389     13.50   47.10740   39.80800  "Undefined"      62.1      292.18  0.00000000
04.04.2019 14:34:04.147   5.33300000   5333.74848   2.50  -66.4   19.1  28.0 52.20  215.3   424.2  215.58   43.96   36.72   849.2  215.72   40.74   33.93  1267.2  215.83   37.53   31.42    1.4     52444.147     13.50   47.10740   39.80800  "Undefined"       0.0      748.48  0.00000000
04.04.2019 14:34:14.885   5.33300000   5332.88288   2.32  -72.9   13.1  28.0 52.20  214.6   424.2  214.86   43.94   36.78   849.1  214.99   40.69   34.04  1266.8  215.10   37.46   31.58    1.2     52454.885     13.50   47.10740   39.80800  "Undefined"      68.8     -117.12  0.00000000
04.04.2019 14:34:37.600   5.33300000   5333.35269   0.40  -75.7    3.7  28.0 51.00  215.3   454.6  215.57   43.73   36.52   920.3  215.70   40.20   33.49  1373.4  215.82   36.70   30.83    1.8     52477.600     13.50   47.10740   39.80800  "Undefined"       0.0      352.69  0.00000000
04.04.2019 14:34:37.600   5.33300000   5333.35269   0.40  -75.7    3.7  28.0 12.00  215.3   788.6  215.44   41.19   34.35  1574.2  215.54   35.09   29.80  2357.4  215.62   28.88   25.89    1.7     52477.600     13.50   47.10740   39.80800  "Undefined"       0.0      352.69  0.00000000
04.04.2019 14:34:37.600   5.33300000   5332.94550   0.40  -74.3    5.1  28.0 48.00  216.7   491.6  216.94   43.51   36.14   960.6  217.04   39.99   33.02  1414.3  217.13   36.52   30.29    1.6     52477.600     13.50   47.10740   39.80800  "Undefined"       0.0      -54.50  0.00000000
04.04.2019 14:34:50.515   5.33300000   5333.82420   2.50  -72.3   20.3  28.0 13.80  215.3   709.2  215.43   41.80   34.85  1415.7  215.54   36.34   30.66  2120.2  215.61   30.77   27.01    1.5     52490.515     13.50   47.10740   39.80800  "Undefined"      67.0      824.20  0.00000000
04.04.2019 14:34:50.515   5.33300000   5333.82420   2.50  -72.3   20.3  28.0 47.40  213.8   487.0  214.05   43.43   36.43   955.0  214.14   39.81   33.54  1400.8  214.21   36.31   31.05    1.4     52490.515     13.50   47.10740   39.80800  "Undefined"      67.0      824.20  0.00000000
04.04.2019 14:35:12.001   5.33300000   5333.36642   2.52  -77.4   20.6  28.0 48.00  211.7   490.9  211.90   43.31   36.60   959.7  211.98   39.62   33.89  1409.9  212.05   36.02   31.53    1.5     52512.001     13.50   47.10740   39.80800  "Undefined"      75.4      366.42  0.00000000
04.04.2019 14:35:12.001   5.33300000   5333.36642   2.52  -77.4   20.6  28.0 15.00  216.0   664.2  216.11   42.18   35.06  1325.9  216.21   37.11   31.00  1985.5  216.29   31.94   27.46    1.3     52512.001     13.50   47.10740   39.80800  "Undefined"      75.4      366.42  0.00000000
04.04.2019 14:35:22.727   5.33300000   5332.83212   2.39  -75.5   17.5  28.0 10.20  216.0   886.2  216.14   40.49   33.63  1769.2  216.25   33.65   28.58  2649.4  216.33   26.66   24.27    1.5     52522.727     13.50   47.10740   39.80800  "Undefined"      67.9     -167.88  0.00000000
04.04.2019 14:35:35.725   5.33300000   5333.29037   0.31  -77.2    3.4  28.0 10.80  215.3   851.9  215.44   40.70   33.95  1700.3  215.54   34.10   29.14  2545.6  215.62   27.36   25.03    1.4     52535.725     13.50   47.10740   39.80800  "Undefined"       0.0      290.37  0.00000000
04.04.2019 14:35:47.563   5.33300000   5333.36704   2.35  -76.9    7.9  28.0 54.61  211.7   387.5  211.94   44.12   37.24   768.9  212.02   41.13   34.95  1141.9  212.06   38.17   32.89    1.5     52547.563     13.50   47.10740   39.80800  "Undefined"      69.6      367.04  0.00000000
04.04.2019 14:35:47.563   5.33300000   5333.36704   2.35  -76.9    7.9  28.0 10.80  215.3   851.9  215.42   40.70   33.96  1700.3  215.52   34.10   29.14  2545.8  215.60   27.36   25.03    1.3     52547.563     13.50   47.10740   39.80800  "Undefined"      69.6      367.04  0.00000000
04.04.2019 14:36:10.458   5.33300000   5333.04271   1.48  -79.2    5.8  28.0 17.40  215.3   589.8  215.43   42.70   35.63  1176.5  215.52   38.20   32.00  1760.8  215.60   33.63   28.81    1.5     52570.458     13.50   47.10740   39.80800  "Undefined"      68.5       42.71  0.00000000
04.04.2019 14:36:10.458   5.33300000   5333.04271   1.48  -79.2    5.8  28.0 54.00  210.2   394.4  210.48   44.02   37.31   784.3  210.54   40.93   35.07  1165.7  210.57   37.86   33.08    1.4     52570.458     13.50   47.10740   39.80800  "Undefined"      68.5       42.71  0.00000000
04.04.2019 14:36:22.272   5.33300000   5333.34915   0.22  -80.4    7.6  28.0 57.00  208.8   361.0  209.11   44.25   37.60   710.4  209.22   41.45   35.65  1049.3  209.28   38.71   33.91    1.8     52582.272     13.50   47.10740   39.80800  "Undefined"       0.0      349.15  0.00000000
04.04.2019 14:36:22.272   5.33300000   5333.04235   0.44  -77.4    7.6  28.0 25.80  216.0   427.4  216.12   43.96   36.66   850.7  216.21   40.77   33.85  1271.0  216.28   37.54   31.30    1.7     52582.272     13.50   47.10740   39.80800  "Undefined"       0.0       42.35  0.00000000
04.04.2019 14:36:48.191   5.33300000   5332.86816   1.57  -81.8   15.0  28.0 18.00  215.3   573.6  215.40   42.83   35.74  1144.2  215.49   38.45   32.20  1712.4  215.57   34.01   29.07    1.7     52608.191     13.50   47.10740   39.80800  "Undefined"      69.4     -131.84  0.00000000
04.04.2019 14:37:00.087   5.33300000   5333.34614   2.35  -77.8   19.1  28.0  7.20  216.7  1106.6  216.86   38.86   32.15  2208.8  216.98   30.28   26.12  3307.0  217.05   21.51   21.07    1.8     52620.087     13.50   47.10740   39.80800  "Undefined"      69.2      346.14  0.00000000
04.04.2019 14:37:11.944   5.33300000   5333.23047   1.99  -73.6   22.3  28.0 24.60  216.0   443.5  216.09   43.84   36.55   883.2  216.18   40.52   33.65  1320.0  216.25   37.16   31.03    1.4     52631.944     13.50   47.10740   39.80800  "Undefined"      70.0      230.47  0.00000000
04.04.2019 14:37:11.944   5.33300000   5333.23047   1.99  -73.6   22.3  28.0 46.80  210.2   490.7  210.38   43.26   36.74   961.5  210.39   39.50   34.15  1409.5  210.40   35.87   31.93    1.2     52631.944     13.50   47.10740   39.80800  "Undefined"      70.0      230.47  0.00000000
04.04.2019 14:37:35.594   5.33300000   5333.50653   2.52  -74.3   19.5  28.0 19.80  214.6   530.1  214.67   43.12   36.09  1056.9  214.77   39.07   32.84  1581.4  214.84   34.95   29.95    1.8     52655.594     13.50   47.10740   39.80800  "Undefined"      68.4      506.53  0.00000000
04.04.2019 14:37:35.594   5.33300000   5333.50653   2.52  -74.3   19.5  28.0 47.40  214.6   492.4  214.72   43.41   36.34   964.2  214.74   39.79   33.39  1413.9  214.76   36.27   30.85    1.3     52655.594     13.50   47.10740   39.80800  "Undefined"      68.4      506.53  0.00000000
04.04.2019 14:38:12.951   5.33300000   5333.36860   2.46  -74.4   20.3  28.0 46.80  216.0   491.1  216.14   43.48   36.22   963.4  216.15   39.90   33.15  1411.8  216.17   36.44   30.53    1.6     52692.951     13.50   47.10740   39.80800  "Undefined"      73.1      368.60  0.00000000
04.04.2019 14:38:12.951   5.33300000   5333.36860   2.46  -74.4   20.3  28.0 18.60  215.3   558.3  215.41   42.94   35.84  1113.5  215.50   38.69   32.37  1666.5  215.57   34.37   29.30    1.3     52692.951     13.50   47.10740   39.80800  "Undefined"      73.1      368.60  0.00000000
04.04.2019 14:38:25.976   5.33300000   5333.75036   2.30  -75.8   19.4  28.0 30.00  214.6   392.7  214.69   44.17   37.01   776.2  214.77   41.24   34.52  1153.4  214.85   38.32   32.27    1.4     52705.976     13.50   47.10740   39.80800  "Undefined"      70.4      750.36  0.00000000
04.04.2019 14:38:25.976   5.33300000   5333.75036   2.30  -75.8   19.4  28.0 46.80  214.6   491.1  214.71   43.42   36.35   963.1  214.73   39.79   33.40  1411.2  214.74   36.29   30.87    1.3     52705.976     13.50   47.10740   39.80800  "Undefined"      70.4      750.36  0.00000000
04.04.2019 14:38:37.845   5.33300000   5333.75985   2.52  -72.4   17.4  28.0 48.00  215.3   496.9  215.44   43.41   36.24   969.8  215.47   39.80   33.23  1425.6  215.50   36.26   30.61    1.3     52717.845     13.50   47.10740   39.80800  "Undefined"      66.3      759.85  0.00000000
04.04.2019 14:38:49.667   5.33300000   5332.69980   1.33  -76.5   17.8  28.0 13.80  215.3   709.9  215.41   41.79   34.85  1416.9  215.52   36.33   30.66  2121.5  215.59   30.76   27.01    1.5     52729.667     13.50   47.10740   39.80800  "Undefined"      63.8     -300.20  0.00000000
04.04.2019 14:38:49.667   5.33300000   5332.69980   1.33  -76.5   17.8  28.0 45.60  213.1   485.8  213.26   43.40   36.51   962.6  213.27   39.69   33.65  1422.6  213.28   36.04   31.16    1.4     52729.667     13.50   47.10740   39.80800  "Undefined"      63.8     -300.20  0.00000000
04.04.2019 14:38:49.667   5.33300000   5333.16069   2.19  -72.0   19.7  28.0 42.00  213.9   485.4  214.00   43.44   36.45   995.2  214.04   39.49   33.33  1503.5  214.09   35.49   30.54    1.2     52729.667     13.50   47.10740   39.80800  "Undefined"      69.3      160.69  0.00000000
04.04.2019 14:38:49.667   5.33300000   5333.16069   2.19  -72.0   19.7  28.0 16.20  215.3   625.1  215.44   42.44   35.39  1247.1  215.54   37.65   31.60  1866.6  215.61   32.79   28.27    1.2     52729.667     13.50   47.10740   39.80800  "Undefined"      69.3      160.69  0.00000000
04.04.2019 14:39:01.513   5.33300000   5332.72394   0.35  -79.8   16.1  28.0 14.40  214.6   686.6  214.70   41.93   35.09  1369.9  214.80   36.62   31.08  2050.7  214.87   31.22   27.60    1.9     52741.513     13.50   47.10740   39.80800  "Undefined"       0.0     -276.06  0.00000000
04.04.2019 14:39:01.513   5.33300000   5332.72394   0.35  -79.8   16.1  28.0 55.20  214.6   381.1  214.85   44.26   37.07   755.0  214.95   41.42   34.63  1120.4  215.01   38.59   32.43    1.9     52741.513     13.50   47.10740   39.80800  "Undefined"       0.0     -276.06  0.00000000
04.04.2019 14:39:01.513   5.33300000   5333.13078   0.49  -74.4   20.2  28.0 45.00  215.3   484.9  215.42   43.50   36.32   965.8  215.43   39.83   33.26  1431.2  215.45   36.21   30.59    1.8     52741.513     13.50   47.10740   39.80800  "Undefined"       0.0      130.78  0.00000000
04.04.2019 14:39:01.513   5.33300000   5333.13078   0.49  -74.4   20.2  28.0 15.60  216.0   644.4  216.14   42.33   35.19  1285.7  216.24   37.42   31.23  1924.7  216.31   32.43   27.76    1.4     52741.513     13.50   47.10740   39.80800  "Undefined"       0.0      130.78  0.00000000
04.04.2019 14:39:01.513   5.33300000   5333.64924   1.68  -72.1   21.9  28.0 42.00  214.5   485.5  214.70   43.46   36.38   995.0  214.74   39.55   33.21  1503.3  214.79   35.56   30.37    1.3     52741.513     13.50   47.10740   39.80800  "Undefined"      69.8      649.24  0.00000000
04.04.2019 14:39:15.652   5.33300000   5333.12105   2.28  -69.0   23.1  28.0 18.60  215.3   558.3  215.43   42.94   35.83  1113.6  215.52   38.69   32.37  1666.5  215.60   34.37   29.30    1.3     52755.652     13.50   47.10740   39.80800  "Undefined"      62.3      121.05  0.00000000
04.04.2019 14:39:15.652   5.33300000   5333.12105   2.28  -69.0   23.1  28.0 41.40  213.1   487.2  213.29   43.39   36.50  1003.9  213.34   39.37   33.40  1520.4  213.40   35.28   30.64    1.2     52755.652     13.50   47.10740   39.80800  "Undefined"      62.3      121.05  0.00000000
04.04.2019 14:39:41.463   5.33300000   5333.68694   0.51  -76.1   18.3  28.0 43.20  216.0   485.8  216.13   43.52   36.26   981.8  216.15   39.76   33.04  1472.3  216.19   35.97   30.19    1.5     52781.463     13.50   47.10740   39.80800  "Undefined"       0.0      686.94  0.00000000
04.04.2019 14:39:58.822   5.33300000   5333.08735   2.12  -71.6   21.2  28.0 43.80  212.4   485.0  212.54   43.38   36.58   975.3  212.55   39.54   33.70  1457.1  212.57   35.70   31.16    1.3     52798.822     13.50   47.10740   39.80800  "Undefined"      66.9       87.35  0.00000000
04.04.2019 14:40:12.804   5.33300000   5333.23226   2.52  -77.2   18.7  28.0 14.40  215.3   686.6  215.44   41.97   35.00  1370.0  215.54   36.69   30.91  2050.9  215.62   31.33   27.35    1.3     52812.804     13.50   47.10740   39.80800  "Undefined"      75.4      232.26  0.00000000
04.04.2019 14:40:36.606   5.33300000   5333.29416   0.33  -78.7   15.5  28.0 15.00  218.2   664.9  218.29   42.30   34.80  1326.8  218.39   37.34   30.51  1986.3  218.47   32.26   26.76    1.9     52836.606     13.50   47.10740   39.80800  "Undefined"       0.0      294.16  0.00000000
04.04.2019 14:41:07.933   5.33300000   5333.67084   1.95  -69.4   21.5  28.0 43.20  217.5   485.7  217.59   43.58   36.13   981.5  217.62   39.88   32.80  1471.8  217.65   36.14   29.83    1.3     52867.933     13.50   47.10740   39.80800  "Undefined"      62.3      670.84  0.00000000
04.04.2019 14:41:36.018   5.33300000   5332.60814   0.11  -85.0   14.0  28.0 57.00  216.7   362.4  217.09   44.47   37.05   714.4  217.25   41.87   34.59  1056.6  217.35   39.29   32.37    1.6     52896.018     13.50   47.10740   39.80800  "Undefined"       0.0     -391.86  0.00000000
04.04.2019 14:41:36.018   5.33300000   5333.37235   2.28  -72.1   21.8  28.0 43.20  216.0   485.7  216.13   43.52   36.26   981.7  216.15   39.76   33.04  1472.1  216.19   35.97   30.19    1.2     52896.018     13.50   47.10740   39.80800  "Undefined"      83.0      372.35  0.00000000
04.04.2019 14:42:17.122   5.33300000   5333.28409   2.39  -76.0   19.4  28.0 43.20  213.8   485.8  213.97   43.43   36.45   982.1  213.99   39.59   33.41  1472.6  214.02   35.72   30.72    1.9     52937.122     13.50   47.10740   39.80800  "Undefined"      82.7      284.09  0.00000000
04.04.2019 14:42:17.122   5.33300000   5333.28409   2.39  -76.0   19.4  28.0 12.60  216.7   761.0  216.85   41.49   34.33  1518.9  216.95   35.69   29.74  2274.4  217.03   29.77   25.77    1.4     52937.122     13.50   47.10740   39.80800  "Undefined"      82.7      284.09  0.00000000
04.04.2019 14:42:41.928   5.33300000   5333.69620   2.52  -75.8   18.5  28.0 48.00  213.8   496.6  214.00   43.35   36.37   969.4  214.02   39.69   33.48  1424.1  214.05   36.11   30.97    1.7     52961.928     13.50   47.10740   39.80800  "Undefined"      68.2      696.20  0.00000000
04.04.2019 14:42:41.928   5.33300000   5333.69620   2.52  -75.8   18.5  28.0 16.20  215.3   625.1  215.43   42.44   35.39  1247.1  215.53   37.65   31.60  1866.6  215.60   32.79   28.27    1.3     52961.928     13.50   47.10740   39.80800  "Undefined"      68.2      696.20  0.00000000
04.04.2019 14:43:04.536   5.33300000   5332.86349   2.30  -75.0   20.7  28.0 23.40  216.7   461.7  216.82   43.73   36.36   920.1  216.91   40.29   33.30  1375.8  216.99   36.81   30.54    1.5     52984.536     13.50   47.10740   39.80800  "Undefined"      68.2     -136.51  0.00000000
04.04.2019 14:43:04.536   5.33300000   5333.34783   1.37  -70.8   23.4  28.0  9.00  215.3   964.8  215.42   39.83   33.27  1925.7  215.53   32.31   28.00  2883.1  215.60   24.64   23.54    1.8     52984.536     13.50   47.10740   39.80800  "Undefined"      67.7      347.83  0.00000000
04.04.2019 14:43:04.536   5.33300000   5333.34783   1.37  -70.8   23.4  28.0 45.00  214.6   485.0  214.70   43.47   36.39   965.8  214.71   39.77   33.38  1431.2  214.72   36.13   30.77    1.4     52984.536     13.50   47.10740   39.80800  "Undefined"      67.7      347.83  0.00000000
04.04.2019 14:43:19.725   5.33300000   5332.56940   0.11  -86.5   14.6  28.0 57.60  212.4   355.6  212.76   44.39   37.39   699.0  212.92   41.73   35.23  1031.9  213.00   39.12   33.31    1.6     52999.725     13.50   47.10740   39.80800  "Undefined"       0.0     -430.60  0.00000000
04.04.2019 14:43:19.725   5.33300000   5333.26674   2.15  -75.8   21.7  28.0 57.00  212.4   361.6  212.74   44.34   37.35   712.1  212.88   41.63   35.16  1052.4  212.95   38.96   33.20    1.6     52999.725     13.50   47.10740   39.80800  "Undefined"      82.9      266.74  0.00000000
04.04.2019 14:43:19.725   5.33300000   5333.26674   2.15  -75.8   21.7  28.0 13.80  215.3   709.9  215.42   41.79   34.85  1416.9  215.52   36.33   30.65  2121.6  215.59   30.76   27.01    1.2     52999.725     13.50   47.10740   39.80800  "Undefined"      82.9      266.74  0.00000000
04.04.2019 14:43:32.619   5.33300000   5333.42127   2.08  -72.6   19.8  28.0 50.40  213.1   460.5  213.32   43.60   36.67   942.7  213.35   39.85   33.75  1418.6  213.40   36.09   31.15    1.8     53012.619     13.50   47.10740   39.80800  "Undefined"      68.9      421.27  0.00000000
04.04.2019 14:43:32.619   5.33300000   5333.42127   2.08  -72.6   19.8  28.0 30.60  217.4   393.6  217.56   44.26   36.80   774.8  217.65   41.44   34.13  1148.6  217.73   38.62   31.73    1.5     53012.619     13.50   47.10740   39.80800  "Undefined"      68.9      421.27  0.00000000
04.04.2019 14:43:43.364   5.33300000   5333.21608   2.19  -68.5   22.4  28.0 46.80  213.8   490.9  213.98   43.39   36.41   962.6  213.99   39.74   33.52  1410.5  214.01   36.22   31.05    1.3     53023.364     13.50   47.10740   39.80800  "Undefined"      63.2      216.08  0.00000000
04.04.2019 14:44:07.089   5.33300000   5333.79015   2.52  -59.8   15.7  28.0 42.00  215.3   485.4  215.42   43.49   36.32   994.8  215.46   39.60   33.08  1503.1  215.51   35.65   30.19    1.2     53047.089     13.50   47.10740   39.80800  "Undefined"       0.0      790.15  0.00000000
04.04.2019 14:44:31.455   5.33300000   5332.69297   1.75  -76.8   17.5  28.0 54.60  211.7   387.5  211.94   44.12   37.24   769.0  212.01   41.13   34.95  1142.0  212.05   38.17   32.89    1.7     53071.455     13.50   47.10740   39.80800  "Undefined"      62.7     -307.03  0.00000000
04.04.2019 14:44:31.455   5.33300000   5333.53651   1.99  -70.5   19.4  28.0 50.40  210.9   460.2  211.14   43.52   36.86   939.9  211.16   39.72   34.13  1415.4  211.21   35.90   31.71    1.3     53071.455     13.50   47.10740   39.80800  "Undefined"      62.7      536.51  0.00000000
04.04.2019 14:44:31.455   5.33300000   5333.53651   1.99  -70.5   19.4  28.0 33.00  216.0     0.0  215.99    0.00    0.00     0.0  215.99    0.00    0.00     0.0  215.99    0.00    0.00    1.3     53071.455     13.50   47.10740   39.80800  "Undefined"      62.7      536.51  0.00000000
04.04.2019 14:45:06.575   5.33300000   5333.40518   2.35  -68.0   20.8  28.0 54.60  212.4   387.7  212.66   44.14   37.19   769.3  212.74   41.17   34.84  1142.6  212.78   38.23   32.74    1.5     53106.575     13.50   47.10740   39.80800  "Undefined"      69.6      405.18  0.00000000
04.04.2019 14:45:06.575   5.33300000   5333.40518   2.35  -68.0   20.8  28.0 42.00  213.8   485.5  213.97   43.43   36.45   995.3  214.01   39.49   33.33  1503.6  214.06   35.48   30.55    1.2     53106.575     13.50   47.10740   39.80800  "Undefined"      69.6      405.18  0.00000000
04.04.2019 14:45:17.468   5.33300000   5333.84062   2.23  -63.6   22.4  28.0 41.40  213.8   487.3  213.99   43.42   36.44  1003.8  214.04   39.42   33.28  1520.4  214.10   35.35   30.46    1.2     53117.468     13.50   47.10740   39.80800  "Undefined"       0.0      840.62  0.00000000
04.04.2019 14:45:30.439   5.33300000   5333.40041   2.52  -70.4    8.0  28.0 27.60  215.3   407.5  215.37   44.08   36.86   809.9  215.46   41.03   34.21  1208.3  215.53   37.96   31.82    1.2     53130.439     13.50   47.10740   39.80800  "Undefined"      68.8      400.41  0.00000000
04.04.2019 14:45:30.439   5.33300000   5333.40041   2.52  -70.4    8.0  28.0 50.40  211.0   460.2  211.15   43.53   36.86   939.8  211.17   39.72   34.13  1415.4  211.22   35.90   31.70    1.2     53130.439     13.50   47.10740   39.80800  "Undefined"      68.8      400.41  0.00000000
04.04.2019 14:45:41.176   5.33300000   5332.73552   2.35  -70.4   24.4  28.0 25.80  215.3   427.3  215.39   43.93   36.72   850.6  215.47   40.72   33.96  1270.8  215.54   37.47   31.46    1.6     53141.176     13.50   47.10740   39.80800  "Undefined"      67.8     -264.48  0.00000000
04.04.2019 14:45:41.176   5.33300000   5332.73552   2.35  -70.4   24.4  28.0 50.41  209.5   459.8  209.70   43.48   36.99   937.4  209.71   39.65   34.39  1411.9  209.76   35.79   32.08    1.3     53141.176     13.50   47.10740   39.80800  "Undefined"      67.8     -264.48  0.00000000
04.04.2019 14:46:03.786   5.33300000   5333.41342   2.52  -65.9   24.1  28.0 30.00  215.3   392.7  215.40   44.19   36.95   776.1  215.49   41.29   34.42  1153.3  215.56   38.39   32.13    1.3     53163.786     13.50   47.10740   39.80800  "Undefined"      82.5      413.42  0.00000000
04.04.2019 14:46:03.786   5.33300000   5333.41342   2.52  -65.9   24.1  28.0 48.60  212.4   509.3  212.59   43.20   36.43   986.8  212.61   39.45   33.63  1441.8  212.64   35.83   31.22    1.1     53163.786     13.50   47.10740   39.80800  "Undefined"      82.5      413.42  0.00000000
04.04.2019 14:46:38.381   5.33300000   5333.76434   2.52  -57.3   30.2  28.0 27.00  214.6   413.5  214.69   44.01   36.87   822.2  214.78   40.89   34.23  1227.3  214.85   37.74   31.85    1.4     53198.381     13.50   47.10740   39.80800  "Undefined"       0.0      764.34  0.00000000
04.04.2019 14:46:38.381   5.33300000   5333.76434   2.52  -57.3   30.2  28.0 51.60  213.1   431.3  213.34   43.83   36.85   867.0  213.39   40.45   34.18  1296.0  213.43   37.07   31.79    1.2     53198.381     13.50   47.10740   39.80800  "Undefined"       0.0      764.34  0.00000000
04.04.2019 14:46:50.219   5.33300000   5333.54411   2.26  -69.4   24.8  28.0 26.40  215.3   420.2  215.39   43.98   36.77   835.9  215.47   40.83   34.05  1248.2  215.54   37.65   31.59    1.4     53210.219     13.50   47.10740   39.80800  "Undefined"      82.1      544.11  0.00000000
04.04.2019 14:46:50.219   5.33300000   5333.54411   2.26  -69.4   24.8  28.0 51.00  211.0   444.6  211.17   43.65   36.95   898.2  211.20   40.06   34.35  1342.9  211.23   36.49   32.05    1.3     53210.219     13.50   47.10740   39.80800  "Undefined"      82.1      544.11  0.00000000
04.04.2019 14:47:03.166   5.33300000   5333.25223   2.52  -68.3   22.1  28.0 22.20  215.3   482.0  215.42   43.52   36.34   960.7  215.50   39.87   33.28  1436.9  215.58   36.18   30.53    1.4     53223.166     13.50   47.10740   39.80800  "Undefined"      70.1      252.23  0.00000000
04.04.2019 14:47:03.166   5.33300000   5333.25223   2.52  -68.3   22.1  28.0 49.79  213.8   470.0  214.03   43.56   36.54  1003.1  214.05   39.43   33.28  1477.4  214.08   35.69   30.68    1.2     53223.166     13.50   47.10740   39.80800  "Undefined"      70.1      252.23  0.00000000
04.04.2019 14:47:13.928   5.33300000   5333.88869   2.52  -62.1   11.3  28.0 51.00  214.6   445.3  214.77   43.77   36.65   901.2  214.81   40.28   33.75  1349.0  214.86   36.79   31.18    1.7     53233.928     13.50   47.10740   39.80800  "Undefined"       0.0      888.69  0.00000000
04.04.2019 14:47:13.928   5.33300000   5333.88869   2.52  -62.1   11.3  28.0 21.60  215.3   493.1  215.42   43.44   36.27   983.1  215.51   39.70   33.14  1470.5  215.58   35.91   30.35    1.3     53233.928     13.50   47.10740   39.80800  "Undefined"       0.0      888.69  0.00000000
04.04.2019 14:47:24.670   5.33300000   5333.74250   2.52  -58.8   26.7  28.0 21.00  216.0   504.8  216.09   43.38   36.13  1006.5  216.19   39.57   32.89  1505.7  216.26   35.71   29.99    1.4     53244.670     13.50   47.10740   39.80800  "Undefined"       0.0      742.50  0.00000000
04.04.2019 14:47:24.670   5.33300000   5333.74250   2.52  -58.8   26.7  28.0 51.00  211.0   444.6  211.17   43.65   36.95   898.2  211.20   40.06   34.35  1342.7  211.23   36.49   32.05    1.1     53244.670     13.50   47.10740   39.80800  "Undefined"       0.0      742.50  0.00000000
04.04.2019 14:47:35.523   5.33300000   5333.71006   2.52  -60.6   24.8  28.0 50.40  212.4   460.3  212.61   43.58   36.73   941.1  212.63   39.81   33.88  1416.2  212.68   36.04   31.34    1.2     53255.523     13.50   47.10740   39.80800  "Undefined"       0.0      710.06  0.00000000
04.04.2019 14:47:35.523   5.33300000   5333.71006   2.52  -60.6   24.8  28.0 18.60  216.0   558.3  216.10   42.98   35.77  1113.7  216.20   38.75   32.24  1666.7  216.27   34.45   29.11    1.2     53255.523     13.50   47.10740   39.80800  "Undefined"       0.0      710.06  0.00000000
04.04.2019 14:47:46.274   5.33300000   5333.20902   2.52  -68.0   26.2  28.0 25.20  216.0   435.2  216.11   43.90   36.61   866.5  216.19   40.65   33.75  1294.7  216.26   37.36   31.17    1.8     53266.274     13.50   47.10740   39.80800  "Undefined"      69.8      209.02  0.00000000
04.04.2019 14:47:46.274   5.33300000   5333.20902   2.52  -68.0   26.2  28.0 52.79  213.1   410.5  213.35   43.99   36.99   820.6  213.41   40.81   34.45  1223.9  213.44   37.64   32.17    1.2     53266.274     13.50   47.10740   39.80800  "Undefined"      69.8      209.02  0.00000000
04.04.2019 14:47:57.068   5.33300000   5332.85916   2.30  -71.9   25.7  28.0  7.80  214.6  1055.6  214.72   39.07   32.86  2107.1  214.83   30.76   27.34  3154.8  214.90   22.29   22.72    1.8     53277.068     13.50   47.10740   39.80800  "Undefined"      69.8     -140.84  0.00000000
04.04.2019 14:47:57.068   5.33300000   5332.85916   2.30  -71.9   25.7  28.0 56.39  218.9   369.1  219.23   44.50   36.86   729.2  219.39   41.89   34.22  1080.3  219.49   39.31   31.83    1.6     53277.068     13.50   47.10740   39.80800  "Undefined"      69.8     -140.84  0.00000000
04.04.2019 14:48:07.832   5.33300000   5333.85632   2.52  -62.5   23.7  28.0 19.80  216.0   530.1  216.12   43.19   35.95  1057.1  216.22   39.19   32.57  1581.7  216.29   35.12   29.56    1.3     53287.832     13.50   47.10740   39.80800  "Undefined"      62.0      856.32  0.00000000
04.04.2019 14:48:07.832   5.33300000   5333.85632   2.52  -62.5   23.7  28.0 52.21  212.4   419.5  212.61   43.89   36.99   840.3  212.66   40.61   34.44  1254.8  212.69   37.33   32.17    1.2     53287.832     13.50   47.10740   39.80800  "Undefined"      62.0      856.32  0.00000000
04.04.2019 14:48:18.593   5.33300000   5333.79376   2.52  -59.8   23.6  28.0 51.00  214.6   445.2  214.77   43.77   36.65   901.0  214.81   40.28   33.75  1348.8  214.86   36.79   31.18    1.8     53298.593     13.50   47.10740   39.80800  "Undefined"       0.0      793.76  0.00000000
04.04.2019 14:48:18.593   5.33300000   5333.79376   2.52  -59.8   23.6  28.0 10.80  216.0   851.9  216.13   40.75   33.85  1700.5  216.24   34.18   28.94  2546.1  216.31   27.48   24.75    1.3     53298.593     13.50   47.10740   39.80800  "Undefined"       0.0      793.76  0.00000000
04.04.2019 14:48:29.346   5.33300000   5333.75814   2.52  -57.7   13.7  28.0 50.99  212.4   445.1  212.61   43.69   36.83   899.9  212.64   40.14   34.11  1346.0  212.68   36.60   31.70    1.4     53309.346     13.50   47.10740   39.80800  "Undefined"       0.0      758.14  0.00000000
04.04.2019 14:48:29.346   5.33300000   5333.75814   2.52  -57.7   13.7  28.0 15.00  215.3   664.8  215.43   42.13   35.14  1326.4  215.53   37.04   31.15  1985.5  215.61   31.85   27.67    1.2     53309.346     13.50   47.10740   39.80800  "Undefined"       0.0      758.14  0.00000000
04.04.2019 14:48:40.112   5.33300000   5333.55145   2.41  -73.2    7.3  28.0 10.20  216.0   886.9  216.15   40.49   33.63  1770.3  216.26   33.64   28.57  2650.5  216.34   26.65   24.26    1.2     53320.112     13.50   47.10740   39.80800  "Undefined"      69.3      551.45  0.00000000
04.04.2019 14:48:50.891   5.33300000   5333.88624   2.52  -57.7   21.8  28.0 51.00  213.1   444.9  213.33   43.72   36.77   899.8  213.37   40.19   33.99  1346.2  213.41   36.67   31.53    1.5     53330.891     13.50   47.10740   39.80800  "Undefined"       0.0      886.24  0.00000000
04.04.2019 14:48:50.891   5.33300000   5333.88624   2.52  -57.7   21.8  28.0 11.40  216.0   819.4  216.12   41.00   34.06  1635.5  216.23   34.69   29.29  2449.1  216.30   28.26   25.21    1.3     53330.891     13.50   47.10740   39.80800  "Undefined"       0.0      886.24  0.00000000
04.04.2019 14:49:12.461   5.33300000   5333.51187   1.66  -68.8   24.0  28.0 49.20  211.7   476.8  211.85   43.42   36.69   962.4  211.88   39.59   33.89  1426.1  211.91   35.88   31.48    1.7     53352.461     13.50   47.10740   39.80800  "Undefined"      67.2      511.87  0.00000000
04.04.2019 14:49:12.461   5.33300000   5333.51187   1.66  -68.8   24.0  28.0  7.20  216.0  1106.5  216.12   38.80   32.30  2208.6  216.23   30.16   26.37  3306.7  216.31   21.35   21.42    1.3     53352.461     13.50   47.10740   39.80800  "Undefined"      67.2      511.87  0.00000000
04.04.2019 14:49:26.567   5.33300000   5333.75794   2.52  -57.6   27.8  28.0 49.80  213.8   470.1  214.04   43.55   36.54  1003.0  214.06   39.43   33.28  1477.7  214.10   35.69   30.68    1.3     53366.567     13.50   47.10740   39.80800  "Undefined"       0.0      757.94  0.00000000
04.04.2019 14:49:38.420   5.33300000   5333.78083   2.52  -59.4   26.1  28.0 49.20  215.3   477.4  215.47   43.56   36.37   962.3  215.51   39.86   33.27  1431.2  215.55   36.22   30.57    1.4     53378.420     13.50   47.10740   39.80800  "Undefined"       0.0      780.83  0.00000000
04.04.2019 14:50:14.043   5.33300000   5333.78151   2.52  -54.5   27.0  28.0 51.00  217.4   445.9  217.66   43.88   36.41   904.0  217.72   40.47   33.28  1355.0  217.77   37.05   30.48    1.3     53414.043     13.50   47.10740   39.80800  "Undefined"       0.0      781.51  0.00000000
04.04.2019 14:50:14.043   5.33300000   5333.78151   2.52  -54.5   27.0  28.0 10.80  216.0   851.9  216.14   40.75   33.85  1700.4  216.24   34.19   28.94  2546.0  216.32   27.48   24.75    1.2     53414.043     13.50   47.10740   39.80800  "Undefined"       0.0      781.51  0.00000000
04.04.2019 14:50:26.072   5.33300000   5333.35775   2.28  -67.8   18.5  28.0 48.60  216.7   509.2  216.91   43.38   36.02   985.9  216.95   39.79   32.88  1446.1  216.99   36.26   30.14    1.2     53426.072     13.50   47.10740   39.80800  "Undefined"      68.9      357.75  0.00000000
04.04.2019 14:50:26.072   5.33300000   5333.35775   2.28  -67.8   18.5  28.0  9.60  216.0   924.3  216.13   40.20   33.40  1844.8  216.24   33.05   28.19  2761.8  216.32   25.75   23.77    1.2     53426.072     13.50   47.10740   39.80800  "Undefined"      68.9      357.75  0.00000000
04.04.2019 14:50:39.089   5.33300000   5333.50220   2.39  -63.8   15.9  28.0  9.60  216.0   925.3  216.14   40.19   33.39  1846.3  216.25   33.04   28.18  2763.6  216.32   25.74   23.76    1.2     53439.089     13.50   47.10740   39.80800  "Undefined"      68.4      502.20  0.00000000
04.04.2019 14:51:26.672   5.33300000   5333.37001   2.28  -64.0   29.7  28.0 50.99  216.7   441.5  216.84   43.88   36.51   888.3  216.79   40.52   33.52  1331.9  216.76   37.12   30.85    1.3     53486.672     13.50   47.10740   39.80800  "Undefined"      69.3      370.01  0.00000000
04.04.2019 14:51:26.672   5.33300000   5333.37001   2.28  -64.0   29.7  28.0 11.40  216.0   820.2  216.11   40.99   34.05  1636.6  216.22   34.68   29.29  2449.8  216.30   28.25   25.20    1.2     53486.672     13.50   47.10740   39.80800  "Undefined"      69.3      370.01  0.00000000
04.04.2019 14:51:53.317   5.33300000   5333.75242   2.52  -62.9   23.2  28.0 47.40  215.3   518.8  215.28   43.24   36.11   992.7  215.18   39.60   33.14  1446.0  215.13   36.05   30.59    1.6     53513.317     13.50   47.10740   39.80800  "Undefined"      62.5      752.42  0.00000000
04.04.2019 14:51:53.317   5.33300000   5333.75242   2.52  -62.9   23.2  28.0  7.20  216.0  1107.4  216.13   38.79   32.29  2209.8  216.24   30.16   26.37  3307.6  216.31   21.34   21.42    1.2     53513.317     13.50   47.10740   39.80800  "Undefined"      62.5      752.42  0.00000000
04.04.2019 14:52:32.175   5.33300000   5333.12414   2.50  -70.5   17.2  28.0 48.60  217.4   504.9  217.52   43.44   36.00   987.4  217.46   39.82   32.79  1453.4  217.44   36.26   29.99    1.7     53552.175     13.50   47.10740   39.80800  "Undefined"      83.5      124.14  0.00000000
04.04.2019 14:52:32.175   5.33300000   5333.12414   2.50  -70.5   17.2  28.0  9.60  216.0   925.2  216.19   40.20   33.38  1846.3  216.29   33.04   28.16  2763.6  216.37   25.75   23.74    1.2     53552.175     13.50   47.10740   39.80800  "Undefined"      83.5      124.14  0.00000000
04.04.2019 14:52:55.834   5.33300000   5333.20491   2.37  -70.5   24.9  28.0 32.40  218.2   497.7  218.44   43.53   35.97   949.8  218.61   40.20   32.84  1354.7  218.71   37.16   30.27    1.5     53575.834     13.50   47.10740   39.80800  "Undefined"      68.6      204.91  0.00000000
04.04.2019 14:52:55.834   5.33300000   5333.20491   2.37  -70.5   24.9  28.0 51.00  218.9   441.6  219.02   43.97   36.33   889.4  218.99   40.68   33.18  1335.1  218.97   37.34   30.33    1.3     53575.834     13.50   47.10740   39.80800  "Undefined"      68.6      204.91  0.00000000
04.04.2019 14:53:10.993   5.33300000   5333.71572   2.52  -61.9   25.6  28.0 13.20  216.0   735.6  216.12   41.64   34.59  1467.7  216.22   36.01   30.20  2197.0  216.30   30.27   26.41    1.3     53590.993     13.50   47.10740   39.80800  "Undefined"       0.0      715.72  0.00000000
04.04.2019 14:53:10.993   5.33300000   5333.71572   2.52  -61.9   25.6  28.0 51.00  218.2   441.4  218.29   43.94   36.39   888.8  218.25   40.63   33.29  1333.6  218.23   37.27   30.51    1.2     53590.993     13.50   47.10740   39.80800  "Undefined"       0.0      715.72  0.00000000
04.04.2019 14:53:21.719   5.33300000   5333.29554   2.52  -64.0   25.2  28.0 19.20  215.3   544.9  215.43   43.04   35.92  1086.3  215.52   38.90   32.53  1625.0  215.59   34.70   29.52    1.3     53601.719     13.50   47.10740   39.80800  "Undefined"      62.0      295.54  0.00000000
04.04.2019 14:53:21.719   5.33300000   5333.29554   2.52  -64.0   25.2  28.0 49.81  215.3   478.1  215.39   43.55   36.37   980.1  215.31   39.71   33.20  1493.6  215.32   35.70   30.29    1.2     53601.719     13.50   47.10740   39.80800  "Undefined"      62.0      295.54  0.00000000
04.04.2019 14:53:33.572   5.33300000   5332.90435   0.15  -81.4   18.2  28.0  8.40  216.7  1009.3  216.87   39.61   32.75  2014.0  216.98   31.82   27.09  3014.7  217.06   23.86   22.33    1.9     53613.572     13.50   47.10740   39.80800  "Undefined"       0.0      -95.65  0.00000000
04.04.2019 14:53:33.572   5.33300000   5333.36552   2.01  -68.7   24.4  28.0 22.20  216.0   483.4  216.13   43.54   36.27   963.1  216.22   39.91   33.15  1439.9  216.29   36.23   30.34    1.3     53613.572     13.50   47.10740   39.80800  "Undefined"      65.8      365.52  0.00000000
04.04.2019 14:53:33.572   5.33300000   5333.36552   2.01  -68.7   24.4  28.0 46.80  217.4   506.8  217.44   43.42   35.99   981.5  217.34   39.86   32.84  1433.5  217.29   36.39   30.14    1.2     53613.572     13.50   47.10740   39.80800  "Undefined"      65.8      365.52  0.00000000
04.04.2019 14:53:47.329   5.33300000   5333.72209   2.52  -57.5   26.0  28.0 22.80  215.3   472.9  215.42   43.59   36.41   942.1  215.50   40.01   33.39  1408.2  215.58   36.40   30.69    1.3     53627.329     13.50   47.10740   39.80800  "Undefined"       0.0      722.09  0.00000000
04.04.2019 14:53:47.329   5.33300000   5333.72209   2.52  -57.5   26.0  28.0 51.00  216.0   441.1  216.11   43.85   36.57   887.3  216.06   40.48   33.64  1329.8  216.03   37.06   31.02    1.2     53627.329     13.50   47.10740   39.80800  "Undefined"       0.0      722.09  0.00000000
04.04.2019 14:53:58.054   5.33300000   5332.92565   2.10  -69.6   20.8  28.0 46.80  218.2   506.7  218.16   43.46   35.93   981.6  218.07   39.92   32.72  1433.7  218.02   36.48   29.96    1.5     53638.054     13.50   47.10740   39.80800  "Undefined"      68.8      -74.35  0.00000000
04.04.2019 14:53:58.054   5.33300000   5332.92565   2.10  -69.6   20.8  28.0 21.00  216.0   506.0  216.10   43.37   36.12  1008.5  216.19   39.56   32.87  1508.2  216.27   35.69   29.97    1.3     53638.054     13.50   47.10740   39.80800  "Undefined"      68.8      -74.35  0.00000000
04.04.2019 14:54:22.814   5.33300000   5333.79505   2.52  -57.1   28.3  28.0 22.80  215.3   473.0  215.39   43.59   36.41   942.2  215.47   40.01   33.40  1408.4  215.55   36.39   30.69    1.3     53662.814     13.50   47.10740   39.80800  "Undefined"       0.0      795.05  0.00000000
04.04.2019 14:54:22.814   5.33300000   5333.79505   2.52  -57.1   28.3  28.0 50.40  218.9   457.2  219.02   43.85   36.22   926.7  218.98   40.40   32.93  1394.4  218.97   36.89   29.98    1.3     53662.814     13.50   47.10740   39.80800  "Undefined"       0.0      795.05  0.00000000
04.04.2019 14:54:35.825   5.33300000   5333.80761   2.52  -58.1   29.3  28.0 50.40  219.6   457.0  219.73   43.89   36.16   927.0  219.69   40.46   32.82  1395.4  219.69   36.96   29.81    1.3     53675.825     13.50   47.10740   39.80800  "Undefined"       0.0      807.61  0.00000000
04.04.2019 14:54:35.825   5.33300000   5333.80761   2.52  -58.1   29.3  28.0 17.40  215.3   590.7  215.42   42.70   35.62  1178.0  215.51   38.19   32.00  1762.6  215.59   33.61   28.80    1.3     53675.825     13.50   47.10740   39.80800  "Undefined"       0.0      807.61  0.00000000
04.04.2019 14:54:49.798   5.33300000   5332.97683   2.32  -68.4   23.6  28.0 22.80  216.0   473.0  216.12   43.62   36.35   942.1  216.20   40.07   33.28  1408.4  216.28   36.47   30.52    1.3     53689.798     13.50   47.10740   39.80800  "Undefined"      67.0      -23.17  0.00000000
04.04.2019 14:55:25.412   5.33300000   5332.79876   1.92  -70.3   17.9  28.0 45.00  213.1   477.1  213.11   43.47   36.58   960.4  213.00   39.69   33.71  1429.2  212.93   35.96   31.21    2.0     53725.412     13.50   47.10740   39.80800  "Undefined"      66.7     -201.24  0.00000000
04.04.2019 14:56:04.259   5.33300000   5332.81190   2.48  -67.3   19.5  28.0 49.80  217.4   478.9  217.55   43.63   36.18   985.3  217.49   39.84   32.79  1498.3  217.50   35.92   29.72    1.6     53764.259     13.50   47.10740   39.80800  "Undefined"      68.0     -188.10  0.00000000
04.04.2019 14:56:16.191   5.33300000   5333.43098   2.50  -69.8   22.4  28.0 43.80  212.4   471.9  212.41   43.48   36.67   964.3  212.31   39.61   33.80  1448.0  212.26   35.74   31.29    1.3     53776.191     13.50   47.10740   39.80800  "Undefined"      70.2      430.98  0.00000000
04.04.2019 14:56:16.191   5.33300000   5333.43098   2.50  -69.8   22.4  28.0 12.00  215.3   790.1  215.44   41.18   34.34  1576.4  215.54   35.08   29.79  2359.9  215.62   28.86   25.88    1.2     53776.191     13.50   47.10740   39.80800  "Undefined"      70.2      430.98  0.00000000
04.04.2019 14:56:49.565   5.33300000   5332.72302   0.31  -71.4   23.1  28.0 28.80  215.3   401.6  215.39   44.12   36.89   795.6  215.47   41.14   34.30  1184.0  215.54   38.15   31.96    1.6     53809.565     13.50   47.10740   39.80800  "Undefined"       0.0     -276.98  0.00000000
04.04.2019 14:57:01.455   5.33300000   5333.18742   2.19  -59.9   24.5  28.0 18.60  215.3   559.3  215.39   42.93   35.83  1115.2  215.48   38.67   32.37  1668.4  215.56   34.35   29.30    1.3     53821.455     13.50   47.10740   39.80800  "Undefined"      62.0      187.42  0.00000000
04.04.2019 14:57:01.455   5.33300000   5333.18742   2.19  -59.9   24.5  28.0 41.40  214.6   471.7  214.65   43.57   36.48   989.2  214.62   39.58   33.26  1508.0  214.62   35.51   30.39    1.2     53821.455     13.50   47.10740   39.80800  "Undefined"      62.0      187.42  0.00000000
04.04.2019 14:57:25.241   5.33300000   5333.43777   2.52  -61.9   21.9  28.0 40.80  213.1   477.4  213.19   43.47   36.57  1003.3  213.17   39.36   33.44  1530.5  213.17   35.17   30.64    1.2     53845.241     13.50   47.10740   39.80800  "Undefined"      66.1      437.77  0.00000000
04.04.2019 14:57:25.241   5.33300000   5333.43777   2.52  -61.9   21.9  28.0  9.00  215.3   965.7  215.44   39.83   33.26  1926.8  215.55   32.30   27.98  2884.1  215.63   24.63   23.53    1.2     53845.241     13.50   47.10740   39.80800  "Undefined"      66.1      437.77  0.00000000
04.04.2019 14:57:52.087   5.33300000   5332.77828   2.37  -68.6   26.4  28.0  9.60  216.0   925.3  216.16   40.19   33.39  1846.3  216.27   33.04   28.17  2763.6  216.34   25.74   23.75    1.2     53872.087     13.50   47.10740   39.80800  "Undefined"      82.2     -221.72  0.00000000
04.04.2019 14:57:52.087   5.33300000   5332.77828   2.37  -68.6   26.4  28.0 46.20  218.2   492.7  218.17   43.56   36.03   969.7  218.07   40.01   32.80  1426.4  218.02   36.53   30.01    1.2     53872.087     13.50   47.10740   39.80800  "Undefined"      82.2     -221.72  0.00000000
04.04.2019 14:58:26.727   5.33300000   5333.76171   2.52  -61.7   17.7  28.0  7.80  216.0  1056.4  216.13   39.19   32.59  2108.1  216.24   30.96   26.86  3155.8  216.31   22.57   22.06    1.2     53906.727     13.50   47.10740   39.80800  "Undefined"       0.0      761.71  0.00000000
04.04.2019 14:58:37.438   5.33300000   5333.70445   2.52  -62.0   23.4  28.0 42.60  215.3   463.9  215.36   43.65   36.47   967.0  215.31   39.81   33.27  1468.0  215.28   35.90   30.43    1.4     53917.438     13.50   47.10740   39.80800  "Undefined"       0.0      704.45  0.00000000
04.04.2019 14:58:37.438   5.33300000   5333.70445   2.52  -62.0   23.4  28.0  8.40  216.0  1009.2  216.11   39.55   32.88  2013.8  216.23   31.71   27.34  3014.3  216.30   23.71   22.67    1.2     53917.438     13.50   47.10740   39.80800  "Undefined"       0.0      704.45  0.00000000
04.04.2019 14:58:48.219   5.33300000   5333.22089   2.52  -65.5   16.8  28.0 43.80  216.0   471.1  216.03   43.63   36.37   962.9  215.95   39.89   33.19  1446.1  215.91   36.14   30.40    1.4     53928.219     13.50   47.10740   39.80800  "Undefined"      68.2      220.89  0.00000000
04.04.2019 14:58:48.219   5.33300000   5333.22089   2.52  -65.5   16.8  28.0  9.60  216.0   925.3  216.12   40.19   33.40  1846.3  216.23   33.03   28.18  2763.6  216.30   25.73   23.77    1.2     53928.219     13.50   47.10740   39.80800  "Undefined"      68.2      220.89  0.00000000
04.04.2019 14:59:01.151   5.33300000   5333.16532   2.52  -67.4   23.4  28.0  6.60  216.0  1162.8  216.13   38.36   31.96  2320.6  216.24   29.27   25.83  3473.3  216.31   19.99   20.73    1.2     53941.151     13.50   47.10740   39.80800  "Undefined"      66.1      165.32  0.00000000
04.04.2019 14:59:13.032   5.33300000   5333.82058   2.52  -63.9   23.6  28.0 42.00  211.0   466.7  211.01   43.47   36.83   978.1  210.96   39.40   33.96  1488.2  210.93   35.28   31.43    1.4     53953.032     13.50   47.10740   39.80800  "Undefined"       0.0      820.58  0.00000000
04.04.2019 14:59:13.032   5.33300000   5333.82058   2.52  -63.9   23.6  28.0 10.20  215.3   887.6  215.46   40.43   33.73  1771.0  215.56   33.54   28.77  2650.9  215.64   26.52   24.55    1.2     53953.032     13.50   47.10740   39.80800  "Undefined"       0.0      820.58  0.00000000
04.04.2019 14:59:23.811   5.33300000   5333.78582   2.52  -63.8   19.6  28.0  7.80  216.0  1056.3  216.12   39.18   32.60  2108.0  216.23   30.96   26.87  3155.8  216.30   22.57   22.06    1.2     53963.811     13.50   47.10740   39.80800  "Undefined"       0.0      785.82  0.00000000
04.04.2019 14:59:36.804   5.33300000   5333.35190   2.52  -67.9   17.6  28.0 10.80  215.3   852.7  215.46   40.70   33.95  1701.4  215.57   34.09   29.12  2546.9  215.64   27.36   25.01    1.2     53976.804     13.50   47.10740   39.80800  "Undefined"      69.5      351.90  0.00000000
