
[strDate]   [strTime]   [Frq_rpu]    [Frq_meg]    [Band]  [E]   [S_N] [Att]  [B]     [A]    [S0]  [aIRI0]   [Lat0]  [Lon0]   [S1]  [aIRI1]  [Lat1]  [Lon1]   [S2]  [aIRI2]  [Lat2]  [Lon2] [Sigm] [Time_sec]  [Cource]  [BaseLat]  [BaseLon]  [TypeSignalName]  [DispApd]  [Dopler]  [Delay]
04.04.2019 10:59:51.358   4.99600000   4995.99980   0.53  -59.7   34.5  28.0 14.40  355.0   683.5  355.00   53.23   38.91  1373.1  355.06   59.40   37.73  2067.7  355.15   65.60   36.07    1.5     39591.358     13.50   47.10740   39.80800  "Undefined"       0.0       -0.20  0.00000000
04.04.2019 11:00:03.213   4.99600000   4995.99990   0.11  -59.0   42.1  28.0 18.00  354.3   569.3  354.29   52.20   38.98  1143.5  354.34   57.33   37.94  1722.7  354.42   62.49   36.58    1.8     39603.213     13.50   47.10740   39.80800  "Undefined"       0.0       -0.10  0.00000000
04.04.2019 11:00:13.926   4.99600000   4995.99989   0.11  -55.2   45.8  28.0 17.40  354.2   585.7  354.28   52.35   38.95  1176.5  354.34   57.62   37.87  1772.4  354.42   62.94   36.44    1.9     39613.926     13.50   47.10740   39.80800  "Undefined"       0.0       -0.11  0.00000000
04.04.2019 11:00:27.962   4.99600000   4995.99992   0.11  -58.9   42.1  28.0  8.40  352.8  1008.4  352.87   56.09   37.80  2024.4  353.03   65.10   34.64  3040.8  353.35   74.01   28.67    1.6     39627.962     13.50   47.10740   39.80800  "Undefined"       0.0       -0.08  0.00000000
04.04.2019 11:00:41.930   4.99600000   4995.99989   0.11  -60.9   40.1  28.0 21.60  352.8   487.3  352.84   51.45   38.93   978.9  352.90   55.83   37.88  1475.7  352.97   60.24   36.56    1.7     39641.930     13.50   47.10740   39.80800  "Undefined"       0.0       -0.11  0.00000000
04.04.2019 11:00:54.763   4.99600000   4995.99989   0.44  -53.1   44.1  28.0 17.40  353.5   585.7  353.59   52.34   38.85  1176.6  353.65   57.61   37.64  1772.5  353.74   62.91   36.04    1.2     39654.763     13.50   47.10740   39.80800  "Undefined"      62.2       -0.11  0.00000000
04.04.2019 11:01:09.997   4.99600000   4995.99991   0.46  -50.6   44.3  28.0 17.40  353.5   585.7  353.54   52.34   38.84  1176.6  353.60   57.61   37.62  1772.5  353.69   62.91   36.01    1.2     39669.997     13.50   47.10740   39.80800  "Undefined"      62.5       -0.09  0.00000000
04.04.2019 11:01:20.732   4.99600000   4995.99989   0.46  -51.4   43.4  28.0 16.80  353.5   603.0  353.56   52.49   38.81  1211.5  353.62   57.92   37.54  1824.9  353.72   63.37   35.85    1.2     39680.732     13.50   47.10740   39.80800  "Undefined"       0.0       -0.11  0.00000000
04.04.2019 11:01:34.678   4.99600000   4995.99991   0.29  -53.3   41.7  28.0 15.00  352.8   661.5  352.88   53.01   38.58  1328.8  352.96   58.94   36.99  2000.5  353.09   64.89   34.78    1.2     39694.678     13.50   47.10740   39.80800  "Undefined"      62.7       -0.09  0.00000000
04.04.2019 11:02:06.912   4.99600000   4995.99992   0.44  -53.5   43.8  28.0 18.60  352.1   553.7  352.14   52.04   38.70  1112.4  352.21   57.00   37.33  1675.9  352.31   61.99   35.56    1.7     39726.912     13.50   47.10740   39.80800  "Undefined"      62.6       -0.08  0.00000000
04.04.2019 11:02:19.800   4.99600000   4995.99995   0.46  -53.9   43.0  28.0 15.60  352.8   641.0  352.84   52.82   38.62  1287.7  352.91   58.57   37.08  1938.7  353.03   64.35   34.99    1.3     39739.800     13.50   47.10740   39.80800  "Undefined"      62.3       -0.05  0.00000000
04.04.2019 11:02:31.686   4.99600000   4995.99992   0.11  -57.5   43.5  28.0  8.40  352.8  1008.4  352.88   56.09   37.80  2024.5  353.04   65.10   34.65  3040.8  353.36   74.02   28.68    1.5     39751.686     13.50   47.10740   39.80800  "Undefined"       0.0       -0.08  0.00000000
04.04.2019 11:02:43.147   4.99600000   4995.99992   0.11  -56.5   44.5  28.0 12.00  352.8   786.9  352.86   54.12   38.31  1580.7  352.97   61.18   36.23  2378.2  353.14   68.22   33.07    1.3     39763.147     13.50   47.10740   39.80800  "Undefined"       0.0       -0.08  0.00000000
04.04.2019 11:02:53.895   4.99600000   4995.99988   0.11  -59.2   41.8  28.0 10.80  352.8   850.2  352.88   54.69   38.17  1707.6  353.00   62.30   35.82  2567.8  353.20   69.89   32.05    1.5     39773.895     13.50   47.10740   39.80800  "Undefined"       0.0       -0.12  0.00000000
04.04.2019 11:03:05.844   4.99600000   4995.99988   0.11  -64.6   36.4  28.0  5.40  353.5  1291.7  353.64   58.63   37.35  2592.8  353.86   70.17   32.64  3882.3  354.49   81.32   18.48    1.7     39785.844     13.50   47.10740   39.80800  "Undefined"       0.0       -0.12  0.00000000
04.04.2019 11:03:16.595   4.99600000   4995.99991   0.29  -58.6   42.5  28.0 13.80  352.1   706.9  352.16   53.40   38.36  1420.3  352.26   59.73   36.42  2138.0  352.41   66.06   33.65    1.3     39796.595     13.50   47.10740   39.80800  "Undefined"      62.8       -0.09  0.00000000
04.04.2019 11:03:28.404   4.99600000   4995.99988   0.29  -56.9   44.1  28.0 20.40  354.3   511.8  354.28   51.69   39.07  1028.2  354.33   56.30   38.17  1549.7  354.39   60.95   37.03    1.3     39808.404     13.50   47.10740   39.80800  "Undefined"      62.5       -0.12  0.00000000
04.04.2019 11:03:41.328   4.99600000   4995.99994   0.11  -61.6   37.4  28.0 58.80  358.6   365.8  358.41   50.40   39.66   771.8  358.29   54.05   39.46  1224.8  357.98   58.12   39.08    2.0     39821.328     13.50   47.10740   39.80800  "Undefined"       0.0       -0.06  0.00000000
04.04.2019 11:03:41.328   4.99600000   4995.99994   0.11  -61.6   37.4  28.0 24.00  354.2   444.9  354.25   51.09   39.17   894.1  354.29   55.10   38.41  1348.4  354.34   59.16   37.49    1.4     39821.328     13.50   47.10740   39.80800  "Undefined"       0.0       -0.06  0.00000000
04.04.2019 11:04:02.800   4.99600000   4995.99964   0.11  -62.8   38.3  28.0 59.10  351.4   361.9  351.40   50.32   39.05   766.1  351.53   53.91   38.09  1214.6  351.49   57.88   36.78    1.8     39842.800     13.50   47.10740   39.80800  "Undefined"       0.0       -0.36  0.00000000
04.04.2019 11:04:02.800   4.99600000   4995.99964   0.11  -62.8   38.3  28.0 12.00  352.8   786.9  352.86   54.12   38.31  1580.8  352.97   61.18   36.23  2378.4  353.15   68.22   33.07    1.4     39842.800     13.50   47.10740   39.80800  "Undefined"       0.0       -0.36  0.00000000
04.04.2019 11:04:14.640   4.99600000   4995.99989   0.20  -55.8   42.7  28.0 16.80  352.8   603.0  352.88   52.48   38.71  1211.5  352.95   57.90   37.30  1824.7  353.05   63.34   35.44    1.2     39854.640     13.50   47.10740   39.80800  "Undefined"       0.0       -0.11  0.00000000
04.04.2019 11:04:25.485   4.99600000   4995.99993   0.11  -56.8   44.2  28.0 19.20  353.5   539.0  353.56   51.92   38.93  1082.6  353.62   56.77   37.84  1631.2  353.69   61.65   36.45    1.1     39865.485     13.50   47.10740   39.80800  "Undefined"       0.0       -0.07  0.00000000
04.04.2019 11:04:37.258   4.99600000   4995.99990   0.11  -60.5   40.5  28.0 19.80  352.1   525.0  352.13   51.78   38.76  1054.7  352.19   56.49   37.48  1589.3  352.28   61.22   35.86    1.4     39877.258     13.50   47.10740   39.80800  "Undefined"       0.0       -0.10  0.00000000
04.04.2019 11:04:48.011   4.99600000   4995.99992   0.35  -57.3   43.7  28.0 24.60  352.8   435.6  352.81   50.99   39.03   875.4  352.86   54.91   38.11  1320.6  352.92   58.87   37.00    1.2     39888.011     13.50   47.10740   39.80800  "Undefined"      62.2       -0.08  0.00000000
04.04.2019 11:04:58.743   4.99600000   4995.99991   0.46  -52.7   42.1  28.0 19.80  352.8   525.1  352.84   51.79   38.86  1054.8  352.90   56.51   37.69  1589.4  352.99   61.25   36.21    1.2     39898.743     13.50   47.10740   39.80800  "Undefined"       0.0       -0.09  0.00000000
04.04.2019 11:05:09.488   4.99600000   4995.99990   0.46  -51.0   41.8  28.0 19.20  352.1   538.9  352.13   51.90   38.73  1082.4  352.20   56.73   37.41  1630.9  352.30   61.59   35.72    1.1     39909.488     13.50   47.10740   39.80800  "Undefined"       0.0       -0.10  0.00000000
04.04.2019 11:05:21.296   4.99600000   4995.99992   0.53  -51.5   42.2  28.0 14.40  352.1   683.5  352.16   53.19   38.41  1373.1  352.26   59.31   36.57  2067.0  352.40   65.44   33.99    1.2     39921.296     13.50   47.10740   39.80800  "Undefined"      62.3       -0.08  0.00000000
04.04.2019 11:05:33.115   4.99600000   4995.99990   0.46  -51.1   45.8  28.0 19.80  352.8   525.1  352.85   51.79   38.86  1054.7  352.92   56.51   37.70  1589.3  353.00   61.25   36.22    1.2     39933.115     13.50   47.10740   39.80800  "Undefined"      62.7       -0.10  0.00000000
04.04.2019 11:05:43.966   4.99600000   4995.99989   0.46  -52.1   42.7  28.0 21.00  353.5   498.6  353.57   51.56   39.00  1001.3  353.62   56.05   38.02  1509.2  353.69   60.57   36.80    1.4     39943.966     13.50   47.10740   39.80800  "Undefined"       0.0       -0.11  0.00000000
04.04.2019 11:05:54.707   4.99600000   4995.99994   0.53  -56.9   44.1  28.0 21.60  354.2   486.6  354.28   51.46   39.11   977.3  354.32   55.85   38.26  1473.2  354.38   60.27   37.21    1.4     39954.707     13.50   47.10740   39.80800  "Undefined"      66.2       -0.06  0.00000000
04.04.2019 11:06:20.661   4.99600000   4995.99991   0.46  -51.4   43.3  28.0 15.00  352.8   660.8  352.86   53.00   38.58  1327.3  352.94   58.93   36.98  1998.9  353.06   64.88   34.77    1.2     39980.661     13.50   47.10740   39.80800  "Undefined"       0.0       -0.09  0.00000000
04.04.2019 11:06:32.478   4.99600000   4995.99989   0.46  -50.5   44.3  28.0 12.60  354.2   758.1  354.28   53.89   38.66  1523.6  354.36   60.72   37.08  2294.5  354.50   67.58   34.72    1.3     39992.478     13.50   47.10740   39.80800  "Undefined"       0.0       -0.11  0.00000000
04.04.2019 11:06:44.272   4.99600000   4995.99991   0.49  -51.7   44.7  28.0 17.40  354.2   585.0  354.27   52.34   38.95  1175.1  354.32   57.61   37.87  1770.7  354.40   62.92   36.44    1.3     40004.272     13.50   47.10740   39.80800  "Undefined"      66.5       -0.09  0.00000000
04.04.2019 11:06:54.991   4.99600000   4995.99992   0.35  -55.2   43.9  28.0 23.40  355.0   454.0  354.99   51.17   39.24   912.0  355.02   55.27   38.56  1375.1  355.07   59.41   37.73    1.5     40014.991     13.50   47.10740   39.80800  "Undefined"      63.2       -0.08  0.00000000
04.04.2019 11:07:16.498   4.99600000   4995.99989   0.46  -52.3   42.5  28.0 13.80  352.8   706.2  352.85   53.40   38.48  1418.8  352.94   59.74   36.72  2136.4  353.08   66.09   34.20    1.4     40036.498     13.50   47.10740   39.80800  "Undefined"       0.0       -0.11  0.00000000
04.04.2019 11:07:28.311   4.99600000   4995.99988   0.46  -49.6   47.3  28.0 12.00  352.8   786.2  352.87   54.12   38.31  1579.4  352.98   61.16   36.24  2377.1  353.15   68.21   33.08    1.2     40048.311     13.50   47.10740   39.80800  "Undefined"      62.0       -0.12  0.00000000
04.04.2019 11:07:41.213   4.99600000   4995.99990   0.49  -50.0   44.6  28.0 15.00  353.5   660.8  353.55   53.01   38.70  1327.2  353.62   58.95   37.25  1998.9  353.73   64.92   35.25    1.2     40061.213     13.50   47.10740   39.80800  "Undefined"       0.0       -0.10  0.00000000
04.04.2019 11:07:51.954   4.99600000   4996.00059   0.07  -94.1    9.1  28.0 10.20  353.5   884.7  353.60   55.01   38.27  1777.2  353.71   62.95   36.00  2673.3  353.92   70.88   32.24    1.8     40071.954     13.50   47.10740   39.80800  "Undefined"       0.0        0.59  0.00000000
04.04.2019 11:08:58.696   4.99600000   4995.99986   0.62  -57.6   35.9  28.0  8.40  352.8  1007.5  352.91   56.08   37.81  2023.3  353.07   65.09   34.67  3040.2  353.39   74.01   28.73    1.2     40138.696     13.50   47.10740   39.80800  "Undefined"       0.0       -0.14  0.00000000
04.04.2019 11:09:11.622   4.99600000   4995.99979   0.62  -50.5   43.1  28.0 10.80  352.8   849.5  352.90   54.68   38.18  1706.4  353.02   62.29   35.84  2566.9  353.23   69.88   32.08    1.2     40151.622     13.50   47.10740   39.80800  "Undefined"       0.0       -0.21  0.00000000
04.04.2019 11:09:23.477   4.99600000   4995.99996   0.62  -51.4   42.1  28.0 12.00  353.5   786.2  353.58   54.13   38.46  1579.6  353.67   61.19   36.59  2377.6  353.83   68.27   33.73    1.2     40163.477     13.50   47.10740   39.80800  "Undefined"       0.0       -0.04  0.00000000
04.04.2019 11:09:37.556   4.99600000   4995.99999   0.62  -51.3   42.2  28.0  9.00  352.8   963.3  352.90   55.69   37.91  1934.6  353.04   64.31   35.01  2907.7  353.32   72.86   29.79    1.2     40177.556     13.50   47.10740   39.80800  "Undefined"       0.0       -0.01  0.00000000
04.04.2019 11:09:49.003   4.99600000   4995.99977   0.07  -90.6   12.6  28.0  7.20  352.8  1107.0  352.90   56.97   37.56  2222.4  353.08   66.85   33.79  3335.7  353.49   76.56   25.70    1.3     40189.003     13.50   47.10740   39.80800  "Undefined"       0.0       -0.23  0.00000000
04.04.2019 11:09:59.796   4.99600000   4996.00043   0.62  -60.5   33.0  28.0  7.80  352.8  1055.5  352.91   56.51   37.69  2119.8  353.08   65.95   34.26  3183.8  353.44   75.26   27.38    1.2     40199.796     13.50   47.10740   39.80800  "Undefined"       0.0        0.43  0.00000000
04.04.2019 11:10:12.730   4.99600000   4995.99911   0.07  -90.7   12.6  28.0  5.40  352.8  1290.6  352.92   58.60   37.08  2590.5  353.16   70.08   31.86  3875.7  353.85   81.10   16.49    1.3     40212.730     13.50   47.10740   39.80800  "Undefined"      -0.0       -0.89  0.00000000
04.04.2019 11:10:24.551   4.99600000   4995.99961   0.07  -89.7   13.5  28.0  9.00  352.8   963.3  352.89   55.69   37.91  1934.5  353.03   64.31   35.01  2907.5  353.31   72.86   29.78    1.3     40224.551     13.50   47.10740   39.80800  "Undefined"       0.0       -0.39  0.00000000
04.04.2019 11:10:36.451   4.99600000   4995.99959   0.62  -58.8   34.7  28.0 14.40  352.8   682.8  352.86   53.19   38.54  1371.6  352.94   59.32   36.86  2065.4  353.08   65.47   34.50    1.1     40236.451     13.50   47.10740   39.80800  "Undefined"       0.0       -0.41  0.00000000
04.04.2019 11:10:52.624   4.99600000   4996.00012   0.07  -89.4   13.8  28.0 15.00  353.5   660.8  353.56   53.01   38.70  1327.3  353.63   58.95   37.26  1999.1  353.75   64.92   35.26    1.3     40252.624     13.50   47.10740   39.80800  "Undefined"       0.0        0.12  0.00000000
04.04.2019 11:11:03.352   4.99600000   4996.00039   0.62  -58.0   35.5  28.0 13.80  352.8   706.2  352.86   53.40   38.49  1418.8  352.95   59.74   36.72  2136.4  353.09   66.09   34.20    1.2     40263.352     13.50   47.10740   39.80800  "Undefined"       0.0        0.39  0.00000000
04.04.2019 11:11:14.119   4.99600000   4996.00021   0.62  -58.9   34.7  28.0 11.40  352.8   816.7  352.86   54.39   38.24  1640.6  352.97   61.71   36.04  2468.4  353.17   69.02   32.60    1.1     40274.119     13.50   47.10740   39.80800  "Undefined"       0.0        0.21  0.00000000
04.04.2019 11:11:36.770   4.99600000   4995.99942   0.18  -65.4   33.6  28.0 16.20  352.8   620.7  352.84   52.64   38.66  1246.6  352.91   58.21   37.20  1877.4  353.02   63.80   35.22    1.2     40296.770     13.50   47.10740   39.80800  "Undefined"       0.0       -0.58  0.00000000
04.04.2019 11:11:47.518   4.99600000   4995.99995   0.22  -65.7   32.3  28.0 13.80  353.5   706.2  353.58   53.41   38.62  1418.8  353.66   59.76   37.03  2136.5  353.79   66.14   34.76    1.3     40307.518     13.50   47.10740   39.80800  "Undefined"       0.0       -0.05  0.00000000
04.04.2019 11:11:58.264   4.99600000   4996.00011   0.62  -61.2   32.3  28.0 13.80  353.5   706.2  353.56   53.41   38.62  1418.8  353.64   59.76   37.02  2136.6  353.77   66.14   34.74    1.3     40318.264     13.50   47.10740   39.80800  "Undefined"       0.0        0.11  0.00000000
04.04.2019 11:12:09.048   4.99600000   4995.99977   0.27  -62.6   34.6  28.0 14.40  353.5   682.8  353.56   53.20   38.66  1371.6  353.64   59.34   37.15  2065.5  353.76   65.51   35.02    1.2     40329.048     13.50   47.10740   39.80800  "Undefined"       0.0       -0.23  0.00000000
04.04.2019 11:12:19.758   4.99600000   4996.00074   0.62  -67.9   25.7  28.0 13.20  353.5   731.2  353.56   53.64   38.57  1469.1  353.64   60.21   36.89  2212.1  353.78   66.81   34.44    1.2     40339.758     13.50   47.10740   39.80800  "Undefined"       0.0        0.74  0.00000000
04.04.2019 11:12:42.256   4.99600000   4996.00018   0.62  -63.6   29.9  28.0 11.40  355.0   816.8  355.01   54.42   38.71  1641.0  355.08   61.79   37.16  2469.8  355.22   69.18   34.73    1.3     40362.256     13.50   47.10740   39.80800  "Undefined"       0.0        0.18  0.00000000
04.04.2019 11:12:55.283   4.99600000   4996.00022   0.46  -61.5   33.3  28.0 19.20  354.2   538.3  354.27   51.92   39.02  1081.2  354.32   56.77   38.06  1629.4  354.39   61.66   36.82    1.3     40375.283     13.50   47.10740   39.80800  "Undefined"       0.0        0.22  0.00000000
04.04.2019 11:13:06.025   4.99600000   4996.00018   0.62  -57.8   35.7  28.0 18.00  353.5   568.6  353.56   52.19   38.87  1141.8  353.62   57.30   37.71  1720.4  353.71   62.45   36.18    1.2     40386.025     13.50   47.10740   39.80800  "Undefined"       0.0        0.18  0.00000000
04.04.2019 11:13:16.779   4.99600000   4995.99971   0.13  -60.9   35.3  28.0 18.60  352.8   553.0  352.82   52.04   38.80  1110.7  352.88   57.00   37.55  1673.7  352.98   62.00   35.93    1.2     40396.779     13.50   47.10740   39.80800  "Undefined"       0.0       -0.29  0.00000000
04.04.2019 11:13:27.522   4.99600000   4996.00010   0.62  -60.9   24.6  28.0 19.20  352.8   538.3  352.84   51.91   38.83  1081.2  352.90   56.74   37.63  1629.2  352.99   61.61   36.09    1.2     40407.522     13.50   47.10740   39.80800  "Undefined"       0.0        0.10  0.00000000
04.04.2019 11:13:38.263   4.99600000   4996.00015   0.62  -56.6   26.9  28.0 21.00  353.5   498.5  353.54   51.56   39.00  1001.3  353.59   56.05   38.01  1509.2  353.66   60.57   36.78    1.2     40418.263     13.50   47.10740   39.80800  "Undefined"       0.0        0.15  0.00000000
04.04.2019 11:13:52.392   4.99600000   4996.00030   0.62  -56.5   29.0  28.0 19.80  353.5   524.4  353.54   51.79   38.95  1053.2  353.60   56.51   37.90  1587.0  353.67   61.26   36.57    1.2     40432.392     13.50   47.10740   39.80800  "Undefined"       0.0        0.30  0.00000000
04.04.2019 11:14:04.245   4.99600000   4996.00067   0.62  -57.1   28.4  28.0 21.00  352.8   498.5  352.86   51.55   38.91  1001.3  352.92   56.03   37.83  1509.2  352.99   60.54   36.47    1.3     40444.245     13.50   47.10740   39.80800  "Undefined"       0.0        0.67  0.00000000
04.04.2019 11:14:16.185   4.99600000   4996.00001   0.24  -56.1   31.5  28.0 21.60  352.8   486.6  352.83   51.45   38.93   977.3  352.89   55.82   37.88  1473.2  352.96   60.22   36.57    1.2     40456.185     13.50   47.10740   39.80800  "Undefined"       0.0        0.01  0.00000000
04.04.2019 11:14:26.898   4.99600000   4996.00012   0.62  -56.6   28.9  28.0 23.40  352.8   454.0  352.82   51.16   38.99   912.0  352.87   55.24   38.03  1375.1  352.93   59.35   36.85    1.2     40466.898     13.50   47.10740   39.80800  "Undefined"       0.0        0.12  0.00000000
04.04.2019 11:14:37.579   4.99600000   4995.99989   0.07  -91.1    8.1  28.0 25.20  352.1   425.9  352.12   50.90   38.98   855.8  352.17   54.72   38.00  1290.9  352.24   58.58   36.82    1.4     40477.579     13.50   47.10740   39.80800  "Undefined"       0.0       -0.11  0.00000000
04.04.2019 11:14:54.990   4.99600000   4995.99895   0.55  -66.6   25.5  28.0 21.60  352.8   486.6  352.83   51.45   38.93   977.4  352.89   55.82   37.88  1473.4  352.96   60.22   36.57    1.9     40494.990     13.50   47.10740   39.80800  "Undefined"       0.0       -1.05  0.00000000
04.04.2019 11:15:06.838   4.99600000   4995.99941   0.62  -63.5   30.0  28.0 18.60  354.2   553.1  354.26   52.05   39.00  1110.9  354.31   57.04   38.00  1674.0  354.39   62.06   36.70    1.4     40506.838     13.50   47.10740   39.80800  "Undefined"       0.0       -0.59  0.00000000
04.04.2019 11:15:18.640   4.99600000   4995.99899   0.07  -92.5   10.8  28.0 18.00  353.5   568.6  353.58   52.19   38.88  1141.9  353.64   57.30   37.71  1720.4  353.72   62.45   36.19    1.3     40518.640     13.50   47.10740   39.80800  "Undefined"       0.0       -1.01  0.00000000
04.04.2019 11:15:29.377   4.99600000   4996.00014   0.62  -60.7   32.8  28.0 14.40  354.2   682.8  354.29   53.21   38.79  1371.6  354.35   59.36   37.44  2065.7  354.46   65.55   35.55    1.3     40529.377     13.50   47.10740   39.80800  "Undefined"       0.0        0.14  0.00000000
04.04.2019 11:15:40.152   4.99600000   4996.00052   0.62  -62.7   30.8  28.0 17.40  355.0   585.1  355.00   52.35   39.06  1175.1  355.05   57.63   38.11  1770.7  355.12   62.95   36.87    1.4     40540.152     13.50   47.10740   39.80800  "Undefined"       0.0        0.52  0.00000000
04.04.2019 11:16:38.939   4.99600000   4996.00001   0.62  -65.7   27.8  28.0  8.40  353.5  1007.5  353.60   56.10   38.00  2023.6  353.74   65.14   35.16  3041.5  354.03   74.11   29.75    1.4     40598.939     13.50   47.10740   39.80800  "Undefined"       0.0        0.01  0.00000000
04.04.2019 11:16:50.439   4.99600000   4996.00018   0.62  -68.4   25.1  28.0  6.60  353.5  1163.1  353.62   57.49   37.66  2335.0  353.80   67.89   33.90  3503.6  354.24   78.11   25.05    1.5     40610.439     13.50   47.10740   39.80800  "Undefined"       0.0        0.18  0.00000000
04.04.2019 11:17:22.595   4.99600000   4995.99950   0.62  -62.2   31.3  28.0 18.00  352.1   568.5  352.15   52.17   38.67  1141.7  352.22   57.26   37.25  1720.0  352.32   62.38   35.40    1.3     40642.595     13.50   47.10740   39.80800  "Undefined"       0.0       -0.50  0.00000000
04.04.2019 11:17:33.305   4.99600000   4995.99944   0.62  -61.3   32.2  28.0 18.00  352.1   568.5  352.12   52.17   38.67  1141.8  352.20   57.26   37.24  1720.2  352.30   62.38   35.39    1.2     40653.305     13.50   47.10740   39.80800  "Undefined"       0.0       -0.56  0.00000000
04.04.2019 11:17:44.030   4.99600000   4995.99907   0.62  -60.2   33.4  28.0 17.40  353.5   585.1  353.55   52.33   38.84  1175.2  353.61   57.59   37.63  1770.7  353.70   62.89   36.02    1.2     40664.030     13.50   47.10740   39.80800  "Undefined"       0.0       -0.93  0.00000000
04.04.2019 11:17:54.759   4.99600000   4995.99995   0.58  -64.3   29.6  28.0 21.00  352.8   498.5  352.84   51.55   38.91  1001.3  352.90   56.03   37.82  1509.1  352.97   60.54   36.46    1.2     40674.759     13.50   47.10740   39.80800  "Undefined"       0.0       -0.05  0.00000000
04.04.2019 11:18:06.746   4.99600000   4996.00377   0.62  -70.5   23.0  28.0 19.20  352.8   538.4  352.85   51.91   38.83  1081.4  352.91   56.74   37.63  1629.5  353.00   61.61   36.09    1.2     40686.746     13.50   47.10740   39.80800  "Undefined"       0.0        3.77  0.00000000
04.04.2019 11:18:29.341   4.99600000   4995.99904   0.62  -65.4   28.1  28.0  9.60  352.8   922.5  352.89   55.33   38.01  1852.9  353.03   63.59   35.32  2786.0  353.28   71.80   30.68    1.3     40709.341     13.50   47.10740   39.80800  "Undefined"       0.0       -0.96  0.00000000
04.04.2019 11:18:50.776   4.99600000   4995.99992   0.11  -66.7   32.3  28.0 15.60  352.8   640.3  352.85   52.82   38.62  1286.1  352.93   58.56   37.09  1936.8  353.05   64.33   35.01    1.3     40730.776     13.50   47.10740   39.80800  "Undefined"       0.0       -0.08  0.00000000
04.04.2019 11:19:23.022   4.99600000   4995.99994   0.24  -67.7   29.9  28.0 57.00  357.1   400.7  356.98   50.71   39.51   837.9  356.84   54.63   39.09  1322.5  356.76   58.98   38.51    1.6     40763.022     13.50   47.10740   39.80800  "Undefined"       0.0       -0.06  0.00000000
04.04.2019 11:19:33.763   4.99600000   4995.99937   0.11  -72.1   29.0  28.0 15.00  352.1   660.8  352.15   52.99   38.46  1327.3  352.24   58.90   36.71  1998.7  352.38   64.83   34.28    1.5     40773.763     13.50   47.10740   39.80800  "Undefined"       0.0       -0.63  0.00000000
04.04.2019 11:19:45.725   4.99600000   4995.99801   0.07  -99.3    4.0  28.0  8.40  350.6  1007.3  350.76   56.03   37.21  2022.2  350.96   64.94   33.16  3035.6  351.35   73.67   25.60    1.6     40785.725     13.50   47.10740   39.80800  "Undefined"       0.0       -1.99  0.00000000
04.04.2019 11:19:58.595   4.99600000   4996.00019   0.58  -67.8   26.0  28.0 12.60  352.1   758.0  352.14   53.85   38.23  1523.4  352.25   60.64   36.07  2293.6  352.43   67.42   32.86    1.4     40798.595     13.50   47.10740   39.80800  "Undefined"       0.0        0.19  0.00000000
04.04.2019 11:20:13.725   4.99600000   4995.99659   0.51  -71.7   22.7  28.0 13.20  352.1   731.2  352.16   53.61   38.30  1469.1  352.26   60.16   36.26  2211.6  352.43   66.71   33.30    1.7     40813.725     13.50   47.10740   39.80800  "Undefined"       0.0       -3.41  0.00000000
04.04.2019 11:20:27.786   4.99600000   4996.00118   0.62  -65.9   27.6  28.0 58.80  354.2   363.7  354.18   50.36   39.29   766.7  354.10   53.96   38.61  1218.9  354.09   58.00   37.69    1.6     40827.786     13.50   47.10740   39.80800  "Undefined"       0.0        1.18  0.00000000
04.04.2019 11:20:27.786   4.99600000   4996.00118   0.62  -65.9   27.6  28.0 16.80  352.1   602.4  352.14   52.47   38.59  1210.0  352.22   57.86   37.05  1822.8  352.34   63.28   35.01    1.5     40827.786     13.50   47.10740   39.80800  "Undefined"       0.0        1.18  0.00000000
04.04.2019 11:20:40.809   4.99600000   4996.00034   0.62  -65.6   27.9  28.0 55.80  349.2   420.0  349.31   50.81   38.70   887.5  349.45   54.93   37.27  1404.3  349.75   59.47   35.41    1.8     40840.809     13.50   47.10740   39.80800  "Undefined"       0.0        0.34  0.00000000
04.04.2019 11:20:40.809   4.99600000   4996.00034   0.62  -65.6   27.9  28.0 13.80  353.5   705.7  353.60   53.41   38.62  1417.4  353.68   59.75   37.04  2134.8  353.81   66.12   34.78    1.3     40840.809     13.50   47.10740   39.80800  "Undefined"       0.0        0.34  0.00000000
04.04.2019 11:20:56.059   4.99600000   4995.99758   0.62  -68.7   24.8  28.0 56.40  354.2   410.1  354.23   50.78   39.22   861.3  354.23   54.81   38.46  1358.3  354.33   59.25   37.47    1.6     40856.059     13.50   47.10740   39.80800  "Undefined"       0.0       -2.42  0.00000000
04.04.2019 11:21:06.826   4.99600000   4995.99922   0.62  -65.9   27.6  28.0 55.21  354.2   437.9  354.23   51.02   39.18   926.7  354.24   55.39   38.34  1455.8  354.38   60.12   37.26    1.7     40866.826     13.50   47.10740   39.80800  "Undefined"       0.0       -0.78  0.00000000
04.04.2019 11:21:06.826   4.99600000   4995.99922   0.62  -65.9   27.6  28.0  7.80  353.5  1054.8  353.62   56.52   37.91  2119.4  353.78   65.99   34.82  3185.8  354.11   75.37   28.57    1.5     40866.826     13.50   47.10740   39.80800  "Undefined"       0.0       -0.78  0.00000000
04.04.2019 11:21:17.592   4.99600000   4996.00045   0.62  -63.7   29.8  28.0 12.00  353.5   785.7  353.56   54.12   38.46  1578.6  353.66   61.18   36.59  2377.2  353.82   68.26   33.72    1.2     40877.592     13.50   47.10740   39.80800  "Undefined"       0.0        0.45  0.00000000
04.04.2019 11:21:29.447   4.99600000   4995.99944   0.62  -59.7   33.9  28.0 53.40  347.8   447.1  347.90   51.03   38.47   944.8  348.08   55.39   36.73  1501.6  348.50   60.24   34.43    1.6     40889.447     13.50   47.10740   39.80800  "Undefined"       0.0       -0.56  0.00000000
04.04.2019 11:21:29.447   4.99600000   4995.99944   0.62  -59.7   33.9  28.0 12.60  352.8   757.3  352.85   53.86   38.37  1521.3  352.95   60.65   36.41  2290.5  353.11   67.45   33.49    1.4     40889.447     13.50   47.10740   39.80800  "Undefined"       0.0       -0.56  0.00000000
04.04.2019 11:21:41.315   4.99600000   4995.99903   0.62  -60.1   33.4  28.0 12.60  352.8   757.3  352.87   53.86   38.38  1521.3  352.97   60.65   36.42  2290.5  353.13   67.45   33.51    1.2     40901.315     13.50   47.10740   39.80800  "Undefined"       0.0       -0.97  0.00000000
04.04.2019 11:21:52.059   4.99600000   4995.99849   0.62  -58.6   34.9  28.0 15.00  352.8   660.2  352.88   52.99   38.59  1325.7  352.96   58.91   37.00  1996.9  353.08   64.86   34.79    1.2     40912.059     13.50   47.10740   39.80800  "Undefined"       0.0       -1.51  0.00000000
04.04.2019 11:22:02.861   4.99600000   4996.00060   0.62  -56.3   37.3  28.0 16.80  353.5   601.9  353.54   52.48   38.81  1208.7  353.61   57.89   37.54  1821.2  353.71   63.34   35.86    1.2     40922.861     13.50   47.10740   39.80800  "Undefined"       0.0        0.60  0.00000000
04.04.2019 11:22:14.724   4.99600000   4996.00059   0.62  -59.0   34.5  28.0 58.80  355.0   362.4  354.93   50.35   39.36   762.6  354.90   53.94   38.77  1209.0  354.91   57.93   38.00    1.6     40934.724     13.50   47.10740   39.80800  "Undefined"       0.0        0.59  0.00000000
04.04.2019 11:22:14.724   4.99600000   4996.00059   0.62  -59.0   34.5  28.0 13.20  353.5   730.7  353.57   53.63   38.57  1467.8  353.66   60.20   36.90  2210.6  353.80   66.79   34.46    1.2     40934.724     13.50   47.10740   39.80800  "Undefined"       0.0        0.59  0.00000000
04.04.2019 11:22:26.723   4.99600000   4996.00008   0.62  -60.9   32.6  28.0 15.60  353.5   639.8  353.56   52.82   38.74  1284.8  353.63   58.57   37.36  1935.3  353.74   64.35   35.48    1.1     40946.723     13.50   47.10740   39.80800  "Undefined"       0.0        0.08  0.00000000
04.04.2019 11:22:42.877   4.99600000   4995.99982   0.62  -61.1   32.4  28.0 15.60  353.5   639.8  353.56   52.82   38.74  1284.8  353.63   58.57   37.36  1935.3  353.74   64.35   35.48    1.1     40962.877     13.50   47.10740   39.80800  "Undefined"       0.0       -0.18  0.00000000
04.04.2019 11:22:54.788   4.99600000   4996.00069   0.62  -62.6   30.9  28.0 15.00  352.1   660.2  352.13   52.98   38.46  1325.7  352.22   58.89   36.71  1996.6  352.36   64.81   34.28    1.3     40974.788     13.50   47.10740   39.80800  "Undefined"       0.0        0.69  0.00000000
04.04.2019 11:23:07.852   4.99600000   4996.00159   0.62  -64.8   28.7  28.0 16.80  353.5   601.9  353.56   52.48   38.81  1208.7  353.63   57.89   37.55  1821.3  353.73   63.34   35.87    1.7     40987.852     13.50   47.10740   39.80800  "Undefined"       0.0        1.59  0.00000000
04.04.2019 11:23:40.087   4.99600000   4995.99855   0.62  -63.9   27.6  28.0 20.40  351.4   510.6  351.42   51.64   38.70  1025.3  351.49   56.21   37.36  1545.1  351.59   60.80   35.68    1.3     41020.087     13.50   47.10740   39.80800  "Undefined"       0.0       -1.45  0.00000000
04.04.2019 11:23:53.007   4.99600000   4996.00037   0.62  -62.1   31.4  28.0 16.20  352.8   620.3  352.87   52.64   38.67  1245.5  352.95   58.20   37.21  1876.0  353.06   63.79   35.25    1.2     41033.007     13.50   47.10740   39.80800  "Undefined"       0.0        0.37  0.00000000
04.04.2019 11:24:04.867   4.99600000   4996.00017   0.62  -59.0   34.5  28.0 15.00  353.5   660.2  353.54   53.00   38.70  1325.7  353.62   58.93   37.26  1996.9  353.73   64.90   35.26    1.1     41044.867     13.50   47.10740   39.80800  "Undefined"       0.0        0.17  0.00000000
04.04.2019 11:24:17.853   4.99600000   4996.00134   0.62  -58.8   32.7  28.0 16.80  353.5   601.9  353.58   52.48   38.82  1208.7  353.65   57.89   37.56  1821.3  353.74   63.34   35.88    1.2     41057.853     13.50   47.10740   39.80800  "Undefined"       0.0        1.34  0.00000000
04.04.2019 11:24:30.681   4.99600000   4996.00338   0.62  -61.0   30.6  28.0 15.60  353.5   639.8  353.56   52.82   38.74  1284.7  353.63   58.57   37.37  1935.2  353.74   64.35   35.49    1.3     41070.681     13.50   47.10740   39.80800  "Undefined"       0.0        3.38  0.00000000
04.04.2019 11:24:41.421   4.99600000   4996.00550   0.62  -66.8   24.8  28.0 22.80  352.8   463.8  352.85   51.24   38.98   931.4  352.90   55.41   37.99  1403.9  352.97   59.61   36.78    1.7     41081.421     13.50   47.10740   39.80800  "Undefined"       0.0        5.50  0.00000000
04.04.2019 11:24:53.275   4.99600000   4995.99689   0.62  -64.4   27.1  28.0 21.60  353.5   486.0  353.55   51.45   39.02   976.0  353.60   55.82   38.07  1471.0  353.67   60.23   36.90    2.0     41093.275     13.50   47.10740   39.80800  "Undefined"       0.0       -3.11  0.00000000
04.04.2019 11:25:03.974   4.99600000   4995.99707   0.62  -62.9   28.7  28.0 54.00  350.6   461.2  350.71   51.20   38.74  1038.6  350.88   56.30   37.15  1622.7  351.26   61.46   35.21    1.6     41103.974     13.50   47.10740   39.80800  "Undefined"       0.0       -2.93  0.00000000
04.04.2019 11:25:03.974   4.99600000   4995.99707   0.62  -62.9   28.7  28.0 15.00  352.8   660.2  352.86   52.99   38.58  1325.8  352.94   58.91   36.99  1996.9  353.07   64.86   34.78    1.4     41103.974     13.50   47.10740   39.80800  "Undefined"       0.0       -2.93  0.00000000
04.04.2019 11:25:17.021   4.99600000   4996.00120   0.62  -60.2   33.3  28.0 58.79  346.3   362.6  346.50   50.27   38.62   763.1  346.71   53.76   37.14  1213.7  346.99   57.67   35.24    1.4     41117.021     13.50   47.10740   39.80800  "Undefined"       0.0        1.20  0.00000000
04.04.2019 11:25:17.021   4.99600000   4996.00120   0.62  -60.2   33.3  28.0 14.40  353.5   682.4  353.57   53.20   38.66  1370.6  353.65   59.33   37.15  2064.6  353.77   65.50   35.02    1.2     41117.021     13.50   47.10740   39.80800  "Undefined"       0.0        1.20  0.00000000
04.04.2019 11:25:27.754   4.99600000   4995.99957   0.62  -60.2   33.3  28.0 13.20  353.5   730.7  353.56   53.63   38.57  1467.9  353.64   60.20   36.89  2210.6  353.78   66.79   34.44    1.2     41127.754     13.50   47.10740   39.80800  "Undefined"       0.0       -0.43  0.00000000
04.04.2019 11:25:39.575   4.99600000   4995.99930   0.62  -59.3   34.2  28.0 13.80  352.8   705.7  352.85   53.40   38.49  1417.3  352.94   59.73   36.72  2134.4  353.08   66.07   34.20    1.2     41139.575     13.50   47.10740   39.80800  "Undefined"       0.0       -0.70  0.00000000
04.04.2019 11:25:51.413   4.99600000   4995.99990   0.62  -51.6   41.9  28.0 13.20  352.8   730.7  352.87   53.62   38.44  1467.8  352.97   60.17   36.59  2210.3  353.12   66.75   33.89    1.1     41151.413     13.50   47.10740   39.80800  "Undefined"       0.0       -0.10  0.00000000
04.04.2019 11:26:02.162   4.99600000   4996.00016   0.62  -58.6   34.9  28.0 13.20  353.5   730.7  353.60   53.63   38.57  1467.8  353.68   60.20   36.91  2210.5  353.82   66.79   34.48    1.2     41162.162     13.50   47.10740   39.80800  "Undefined"       0.0        0.16  0.00000000
04.04.2019 11:26:12.951   4.99600000   4996.00023   0.62  -56.9   34.6  28.0 15.00  353.5   660.2  353.59   53.00   38.71  1325.8  353.67   58.94   37.28  1997.1  353.78   64.90   35.29    1.2     41172.951     13.50   47.10740   39.80800  "Undefined"       0.0        0.23  0.00000000
04.04.2019 11:26:23.773   4.99600000   4996.00180   0.62  -58.4   35.2  28.0 58.21  354.2   373.6  354.23   50.45   39.28   784.4  354.22   54.12   38.60  1242.4  354.27   58.21   37.70    1.6     41183.773     13.50   47.10740   39.80800  "Undefined"       0.0        1.80  0.00000000
04.04.2019 11:26:23.773   4.99600000   4996.00180   0.62  -58.4   35.2  28.0  9.60  353.5   921.9  353.57   55.34   38.18  1852.5  353.70   63.62   35.74  2786.9  353.93   71.87   31.52    1.2     41183.773     13.50   47.10740   39.80800  "Undefined"       0.0        1.80  0.00000000
04.04.2019 11:26:35.751   4.99600000   4995.99961   0.62  -57.0   36.5  28.0 10.80  353.5   849.0  353.56   54.69   38.33  1705.7  353.67   62.31   36.21  2567.1  353.86   69.94   32.78    1.2     41195.751     13.50   47.10740   39.80800  "Undefined"       0.0       -0.39  0.00000000
04.04.2019 11:26:47.581   4.99600000   4995.99931   0.62  -56.5   35.0  28.0 49.80  354.2   427.7  354.25   50.93   39.20   883.0  354.28   55.00   38.43  1373.2  354.41   59.38   37.47    1.6     41207.581     13.50   47.10740   39.80800  "Undefined"       0.0       -0.69  0.00000000
04.04.2019 11:26:47.581   4.99600000   4995.99931   0.62  -56.5   35.0  28.0 10.80  352.8   848.9  352.90   54.67   38.18  1705.5  353.02   62.28   35.84  2566.4  353.22   69.88   32.08    1.2     41207.581     13.50   47.10740   39.80800  "Undefined"       0.0       -0.69  0.00000000
04.04.2019 11:26:59.389   4.99600000   4996.00089   0.62  -54.8   36.7  28.0  8.40  352.8  1006.7  352.91   56.08   37.81  2022.4  353.07   65.09   34.68  3040.2  353.38   74.01   28.73    1.2     41219.389     13.50   47.10740   39.80800  "Undefined"       0.0        0.89  0.00000000
04.04.2019 11:27:12.315   4.99600000   4996.00041   0.62  -55.8   35.7  28.0  8.40  352.8  1006.7  352.88   56.08   37.80  2022.4  353.04   65.08   34.65  3040.1  353.35   74.01   28.68    1.2     41232.315     13.50   47.10740   39.80800  "Undefined"       0.0        0.41  0.00000000
04.04.2019 11:27:23.029   4.99600000   4996.00093   0.62  -54.4   37.1  28.0  9.60  352.8   921.9  352.88   55.32   38.01  1852.2  353.02   63.58   35.31  2786.0  353.27   71.80   30.66    1.2     41243.029     13.50   47.10740   39.80800  "Undefined"       0.0        0.93  0.00000000
04.04.2019 11:27:45.675   4.99600000   4996.00301   0.62  -57.8   33.7  28.0  8.40  352.8  1006.7  352.88   56.08   37.81  2022.4  353.04   65.08   34.66  3040.1  353.36   74.01   28.68    1.3     41265.675     13.50   47.10740   39.80800  "Undefined"       0.0        3.01  0.00000000
04.04.2019 11:27:56.414   4.99600000   4996.00357   0.62  -60.3   29.2  28.0  9.00  352.8   962.6  352.89   55.69   37.91  1933.8  353.03   64.30   35.01  2907.7  353.32   72.86   29.78    1.4     41276.414     13.50   47.10740   39.80800  "Undefined"       0.0        3.57  0.00000000
04.04.2019 11:28:12.559   4.99600000   4996.00019   0.60  -65.2   26.5  28.0 52.19  349.9   433.7  350.00   50.94   38.73   906.8  350.12   55.12   37.37  1433.9  350.44   59.76   35.58    1.7     41292.559     13.50   47.10740   39.80800  "Undefined"       0.0        0.19  0.00000000
04.04.2019 11:28:24.457   4.99600000   4995.99604   0.62  -64.3   27.2  28.0  7.20  352.8  1106.2  352.92   56.96   37.57  2221.8  353.11   66.85   33.82  3336.2  353.52   76.57   25.74    1.3     41304.457     13.50   47.10740   39.80800  "Undefined"       0.0       -3.96  0.00000000
04.04.2019 11:28:35.303   4.99600000   4995.99837   0.62  -62.1   27.4  28.0 15.60  352.8   639.8  352.88   52.81   38.63  1284.8  352.95   58.55   37.11  1935.1  353.07   64.32   35.03    1.3     41315.303     13.50   47.10740   39.80800  "Undefined"       0.0       -1.63  0.00000000
04.04.2019 11:28:48.232   4.99600000   4996.00281   0.62  -65.1   26.4  28.0 49.20  349.9   428.1  350.00   50.89   38.75   881.6  350.11   54.90   37.45  1358.9  350.34   59.10   35.84    1.7     41328.232     13.50   47.10740   39.80800  "Undefined"       0.0        2.81  0.00000000
04.04.2019 11:28:48.232   4.99600000   4996.00281   0.62  -65.1   26.4  28.0 15.00  352.1   660.2  352.14   52.98   38.46  1325.7  352.23   58.89   36.71  1996.7  352.37   64.82   34.29    1.2     41328.232     13.50   47.10740   39.80800  "Undefined"       0.0        2.81  0.00000000
04.04.2019 11:28:58.971   4.99600000   4996.00184   0.62  -65.5   22.0  28.0 15.00  352.1   660.2  352.13   52.98   38.46  1325.6  352.22   58.89   36.71  1996.6  352.36   64.81   34.28    1.4     41338.971     13.50   47.10740   39.80800  "Undefined"       0.0        1.84  0.00000000
04.04.2019 11:29:10.826   4.99600000   4996.00241   0.62  -60.1   31.4  28.0 54.60  352.1   481.0  352.11   51.39   38.86  1019.6  352.21   56.18   37.58  1576.3  352.49   61.12   36.01    1.6     41350.826     13.50   47.10740   39.80800  "Undefined"       0.0        2.41  0.00000000
04.04.2019 11:29:10.826   4.99600000   4996.00241   0.62  -60.1   31.4  28.0 18.00  352.8   568.0  352.85   52.17   38.77  1140.3  352.92   57.27   37.48  1718.1  353.02   62.39   35.80    1.2     41350.826     13.50   47.10740   39.80800  "Undefined"       0.0        2.41  0.00000000
04.04.2019 11:29:21.589   4.99600000   4996.00318   0.62  -60.8   30.7  28.0 15.00  352.8   660.2  352.86   52.99   38.58  1325.6  352.94   58.91   36.99  1996.7  353.07   64.86   34.78    1.2     41361.589     13.50   47.10740   39.80800  "Undefined"       0.0        3.18  0.00000000
04.04.2019 11:29:32.397   4.99600000   4996.00142   0.62  -60.4   31.2  28.0 49.20  346.3   428.0  346.47   50.84   38.38   881.3  346.64   54.78   36.64  1353.7  346.93   58.87   34.52    1.8     41372.397     13.50   47.10740   39.80800  "Undefined"       0.0        1.42  0.00000000
04.04.2019 11:29:32.397   4.99600000   4996.00142   0.62  -60.4   31.2  28.0 12.00  352.8   785.7  352.89   54.11   38.32  1578.5  352.99   61.16   36.25  2376.8  353.17   68.21   33.10    1.3     41372.397     13.50   47.10740   39.80800  "Undefined"       0.0        1.42  0.00000000
04.04.2019 11:29:43.220   4.99600000   4996.00140   0.62  -61.6   29.9  28.0 50.40  347.0   428.0  347.17   50.85   38.46   886.8  347.34   54.85   36.78  1378.4  347.66   59.13   34.68    1.7     41383.220     13.50   47.10740   39.80800  "Undefined"       0.0        1.40  0.00000000
04.04.2019 11:29:43.220   4.99600000   4996.00140   0.62  -61.6   29.9  28.0 11.40  353.5   816.3  353.57   54.40   38.40  1639.9  353.67   61.73   36.41  2468.3  353.84   69.07   33.29    1.2     41383.220     13.50   47.10740   39.80800  "Undefined"       0.0        1.40  0.00000000
04.04.2019 11:30:18.923   4.99600000   4995.99990   0.46  -52.7   40.1  28.0  7.80  352.8  1054.8  352.91   56.51   37.69  2119.1  353.08   65.94   34.27  3184.2  353.44   75.26   27.38    1.2     41418.923     13.50   47.10740   39.80800  "Undefined"       0.0       -0.10  0.00000000
04.04.2019 11:30:29.657   4.99600000   4995.99988   0.46  -51.3   41.4  28.0  6.00  352.8  1222.9  352.91   58.00   37.26  2454.6  353.13   68.89   32.63  3678.1  353.69   79.46   20.67    1.3     41429.657     13.50   47.10740   39.80800  "Undefined"       0.0       -0.12  0.00000000
04.04.2019 11:30:41.489   4.99600000   4995.99990   0.46  -50.9   37.9  28.0  6.00  353.5  1222.9  353.60   58.02   37.51  2455.2  353.80   68.95   33.32  3681.3  354.32   79.62   22.34    1.3     41441.489     13.50   47.10740   39.80800  "Undefined"       0.0       -0.10  0.00000000
04.04.2019 11:30:52.259   4.99600000   4995.99990   0.46  -49.5   43.3  28.0 10.80  353.5   849.0  353.60   54.69   38.34  1705.7  353.71   62.32   36.23  2567.1  353.90   69.94   32.83    1.2     41452.259     13.50   47.10740   39.80800  "Undefined"       0.0       -0.10  0.00000000
04.04.2019 11:31:03.009   4.99600000   4995.99990   0.46  -48.7   42.0  28.0 13.20  353.5   730.7  353.59   53.63   38.57  1467.8  353.67   60.20   36.90  2210.6  353.81   66.79   34.47    1.2     41463.009     13.50   47.10740   39.80800  "Undefined"       0.0       -0.10  0.00000000
04.04.2019 11:31:13.815   4.99600000   4995.99989   0.46  -49.2   45.5  28.0 12.60  353.5   757.3  353.56   53.87   38.52  1521.3  353.65   60.67   36.75  2290.8  353.80   67.50   34.11    1.2     41473.815     13.50   47.10740   39.80800  "Undefined"       0.0       -0.11  0.00000000
04.04.2019 11:31:24.554   4.99600000   4995.99989   0.46  -50.3   44.5  28.0 15.00  353.5   660.2  353.56   53.00   38.70  1325.7  353.63   58.94   37.26  1997.0  353.75   64.90   35.27    1.2     41484.554     13.50   47.10740   39.80800  "Undefined"       0.0       -0.11  0.00000000
04.04.2019 11:31:35.393   4.99600000   4995.99990   0.46  -51.6   43.1  28.0 13.20  353.5   730.7  353.56   53.63   38.57  1467.8  353.65   60.20   36.89  2210.6  353.79   66.79   34.45    1.3     41495.393     13.50   47.10740   39.80800  "Undefined"       0.0       -0.10  0.00000000
04.04.2019 11:31:46.121   4.99600000   4995.99991   0.46  -53.2   41.6  28.0 10.80  352.8   849.0  352.88   54.67   38.18  1705.5  353.00   62.28   35.83  2566.4  353.21   69.88   32.06    1.4     41506.121     13.50   47.10740   39.80800  "Undefined"       0.0       -0.09  0.00000000
04.04.2019 11:31:59.099   4.99600000   4995.99990   0.18  -56.9   42.0  28.0 12.60  352.8   757.3  352.88   53.86   38.38  1521.2  352.98   60.65   36.42  2290.5  353.14   67.45   33.52    1.4     41519.099     13.50   47.10740   39.80800  "Undefined"       0.0       -0.10  0.00000000
04.04.2019 11:32:43.151   4.99600000   4995.99986   0.11  -60.2   40.8  28.0 15.60  354.2   639.8  354.28   52.83   38.86  1284.8  354.35   58.59   37.64  1935.3  354.44   64.39   35.96    1.8     41563.151     13.50   47.10740   39.80800  "Undefined"       0.0       -0.14  0.00000000
04.04.2019 11:32:53.877   4.99600000   4995.99989   0.35  -56.7   44.3  28.0 18.60  352.1   552.6  352.14   52.03   38.70  1109.4  352.21   56.97   37.34  1671.5  352.31   61.95   35.58    1.5     41573.877     13.50   47.10740   39.80800  "Undefined"      63.4       -0.11  0.00000000
04.04.2019 11:33:04.594   4.99600000   4995.99989   0.35  -55.5   45.5  28.0 18.00  352.1   568.0  352.15   52.16   38.67  1140.2  352.22   57.25   37.26  1717.9  352.33   62.36   35.41    1.4     41584.594     13.50   47.10740   39.80800  "Undefined"      63.0       -0.11  0.00000000
04.04.2019 11:33:17.592   4.99600000   4995.99987   0.11  -59.9   41.1  28.0 57.60  352.1   387.2  352.13   50.55   39.06   810.3  352.18   54.32   38.11  1282.3  352.33   58.51   36.88    1.6     41597.592     13.50   47.10740   39.80800  "Undefined"       0.0       -0.13  0.00000000
04.04.2019 11:33:17.592   4.99600000   4995.99987   0.11  -59.9   41.1  28.0 27.00  351.3   400.8  351.39   50.67   38.96   805.6  351.44   54.26   37.97  1215.7  351.51   57.89   36.79    1.5     41597.592     13.50   47.10740   39.80800  "Undefined"       0.0       -0.13  0.00000000
04.04.2019 11:33:30.521   4.99600000   4995.99988   0.53  -55.6   45.5  28.0  6.00  353.5  1222.9  353.63   58.02   37.52  2455.2  353.83   68.95   33.34  3681.5  354.35   79.63   22.42    1.8     41610.521     13.50   47.10740   39.80800  "Undefined"      66.3       -0.12  0.00000000
04.04.2019 11:33:41.247   4.99600000   4995.99991   0.46  -49.4   45.3  28.0 10.80  353.5   849.0  353.60   54.69   38.34  1705.7  353.71   62.32   36.23  2567.0  353.90   69.94   32.83    1.3     41621.247     13.50   47.10740   39.80800  "Undefined"       0.0       -0.09  0.00000000
04.04.2019 11:33:52.000   4.99600000   4995.99990   0.62  -44.9   49.1  28.0 12.00  353.5   785.7  353.56   54.12   38.46  1578.6  353.66   61.18   36.59  2377.1  353.82   68.26   33.72    1.2     41632.000     13.50   47.10740   39.80800  "Undefined"      62.6       -0.10  0.00000000
04.04.2019 11:34:03.871   4.99600000   4995.99991   0.58  -43.0   48.8  28.0 12.00  353.5   785.7  353.57   54.12   38.46  1578.6  353.67   61.19   36.59  2377.2  353.83   68.27   33.73    1.2     41643.871     13.50   47.10740   39.80800  "Undefined"       0.0       -0.09  0.00000000
04.04.2019 11:34:14.613   4.99600000   4995.99990   0.62  -42.3   51.2  28.0 12.00  353.5   785.9  353.57   54.12   38.46  1579.1  353.66   61.19   36.59  2377.7  353.83   68.27   33.73    1.2     41654.613     13.50   47.10740   39.80800  "Undefined"       0.0       -0.10  0.00000000
04.04.2019 11:34:25.440   4.99600000   4995.99990   0.58  -42.1   51.8  28.0 10.80  353.5   849.0  353.58   54.69   38.33  1705.7  353.68   62.31   36.22  2567.0  353.87   69.94   32.80    1.2     41665.440     13.50   47.10740   39.80800  "Undefined"       0.0       -0.10  0.00000000
04.04.2019 11:34:37.254   4.99600000   4995.99990   0.62  -43.1   51.0  28.0 10.20  352.8   884.0  352.90   54.99   38.10  1776.0  353.03   62.91   35.60  2671.9  353.26   70.80   31.45    1.2     41677.254     13.50   47.10740   39.80800  "Undefined"      62.1       -0.10  0.00000000
04.04.2019 11:34:48.017   4.99600000   4995.99990   0.62  -45.1   48.4  28.0  7.20  352.8  1106.2  352.90   56.96   37.56  2221.7  353.09   66.84   33.81  3336.1  353.50   76.56   25.71    1.3     41688.017     13.50   47.10740   39.80800  "Undefined"       0.0       -0.10  0.00000000
04.04.2019 11:35:22.358   4.99600000   4995.99989   0.46  -47.1   47.7  28.0 10.20  353.5   884.1  353.59   55.00   38.27  1776.2  353.71   62.94   36.01  2672.6  353.92   70.87   32.24    1.2     41722.358     13.50   47.10740   39.80800  "Undefined"       0.0       -0.11  0.00000000
04.04.2019 11:35:35.403   4.99600000   4995.99989   0.55  -45.7   48.4  28.0 13.20  352.8   730.2  352.89   53.62   38.44  1466.4  352.98   60.16   36.60  2208.3  353.14   66.73   33.91    1.2     41735.403     13.50   47.10740   39.80800  "Undefined"       0.0       -0.11  0.00000000
04.04.2019 11:35:51.588   4.99600000   4995.99991   0.46  -46.8   48.0  28.0 13.20  352.8   730.2  352.89   53.62   38.44  1466.6  352.98   60.16   36.60  2208.9  353.14   66.73   33.91    1.1     41751.588     13.50   47.10740   39.80800  "Undefined"       0.0       -0.09  0.00000000
04.04.2019 11:36:03.411   4.99600000   4995.99991   0.46  -47.5   47.2  28.0 14.40  352.8   682.0  352.86   53.19   38.54  1369.5  352.95   59.30   36.87  2063.1  353.08   65.45   34.52    1.2     41763.411     13.50   47.10740   39.80800  "Undefined"       0.0       -0.09  0.00000000
04.04.2019 11:36:14.161   4.99600000   4995.99990   0.46  -50.6   42.2  28.0 16.80  353.5   601.5  353.55   52.48   38.81  1207.8  353.61   57.88   37.55  1819.9  353.71   63.33   35.86    1.2     41774.161     13.50   47.10740   39.80800  "Undefined"       0.0       -0.10  0.00000000
04.04.2019 11:36:35.612   4.99600000   4995.99992   0.44  -53.8   42.4  28.0 17.40  353.5   584.2  353.56   52.32   38.84  1172.7  353.62   57.57   37.63  1767.0  353.71   62.86   36.04    1.2     41795.612     13.50   47.10740   39.80800  "Undefined"      62.3       -0.08  0.00000000
04.04.2019 11:36:46.344   4.99600000   4995.99992   0.24  -53.4   42.1  28.0 17.40  353.5   584.2  353.54   52.32   38.84  1172.7  353.61   57.57   37.63  1767.0  353.70   62.86   36.03    1.2     41806.344     13.50   47.10740   39.80800  "Undefined"       0.0       -0.08  0.00000000
04.04.2019 11:36:58.185   4.99600000   4995.99990   0.11  -56.5   44.5  28.0 17.40  353.5   584.2  353.54   52.32   38.84  1172.7  353.61   57.57   37.63  1767.0  353.70   62.86   36.03    1.4     41818.185     13.50   47.10740   39.80800  "Undefined"       0.0       -0.10  0.00000000
04.04.2019 11:37:08.934   4.99600000   4995.99988   0.11  -57.8   43.2  28.0 14.40  352.8   682.0  352.86   53.19   38.54  1369.5  352.94   59.30   36.87  2063.1  353.08   65.45   34.51    1.6     41828.934     13.50   47.10740   39.80800  "Undefined"       0.0       -0.12  0.00000000
04.04.2019 11:37:20.747   4.99600000   4995.99992   0.29  -57.1   43.9  28.0 21.60  353.5   485.6  353.58   51.45   39.03   975.0  353.63   55.81   38.08  1469.3  353.70   60.21   36.91    1.3     41840.747     13.50   47.10740   39.80800  "Undefined"      62.4       -0.08  0.00000000
04.04.2019 11:37:31.470   4.99600000   4995.99988   0.55  -55.0   40.4  28.0 18.00  354.2   567.6  354.26   52.18   38.98  1139.3  354.31   57.29   37.94  1716.8  354.39   62.44   36.58    1.4     41851.470     13.50   47.10740   39.80800  "Undefined"      63.1       -0.12  0.00000000
04.04.2019 11:37:42.184   4.99600000   4995.99991   0.38  -54.5   41.2  28.0 21.60  352.8   485.6  352.85   51.44   38.94   975.0  352.90   55.80   37.89  1469.3  352.98   60.19   36.59    1.4     41862.184     13.50   47.10740   39.80800  "Undefined"       0.0       -0.09  0.00000000
04.04.2019 11:37:54.035   4.99600000   4995.99989   0.07  -93.9    9.4  28.0 23.40  353.5   453.0  353.56   51.15   39.08   909.7  353.60   55.23   38.21  1371.5  353.67   59.34   37.16    1.8     41874.035     13.50   47.10740   39.80800  "Undefined"       0.0       -0.11  0.00000000
04.04.2019 11:38:36.814   4.99600000   4996.00037   0.07  -94.3    8.9  28.0  9.00  351.4   962.1  351.45   55.65   37.54  1932.9  351.63   64.21   34.07  2905.8  351.96   72.67   27.87    1.4     41916.814     13.50   47.10740   39.80800  "Undefined"       0.0        0.37  0.00000000
04.04.2019 11:38:50.851   4.99600000   4996.00034   0.55  -66.6   27.4  28.0 11.40  354.2   815.9  354.28   54.40   38.55  1639.2  354.37   61.75   36.78  2468.2  354.52   69.12   34.00    1.3     41930.851     13.50   47.10740   39.80800  "Undefined"       0.0        0.34  0.00000000
04.04.2019 11:39:25.423   4.99600000   4995.99889   0.62  -68.4   23.1  28.0 14.40  352.1   682.0  352.15   53.18   38.41  1369.4  352.25   59.28   36.58  2062.8  352.40   65.40   34.00    1.6     41965.423     13.50   47.10740   39.80800  "Undefined"       0.0       -1.11  0.00000000
04.04.2019 11:39:38.332   4.99600000   4995.99965   0.60  -63.8   29.9  28.0 14.40  353.5   682.0  353.57   53.20   38.66  1369.6  353.65   59.33   37.16  2063.4  353.77   65.49   35.03    1.4     41978.332     13.50   47.10740   39.80800  "Undefined"       0.0       -0.35  0.00000000
04.04.2019 11:39:50.164   4.99600000   4996.00106   0.07  -97.5    5.7  28.0 21.00  352.1   497.6  352.12   51.54   38.82   999.0  352.19   55.99   37.63  1505.4  352.27   60.48   36.15    1.8     41990.164     13.50   47.10740   39.80800  "Undefined"       0.0        1.06  0.00000000
04.04.2019 11:40:05.401   4.99600000   4996.00001   0.62  -65.6   27.9  28.0 14.40  353.5   681.9  353.56   53.20   38.66  1369.5  353.63   59.32   37.15  2063.2  353.76   65.49   35.02    1.3     42005.401     13.50   47.10740   39.80800  "Undefined"       0.0        0.01  0.00000000
04.04.2019 11:40:28.006   4.99600000   4995.99761   0.40  -68.5   26.9  28.0 13.20  352.1   730.2  352.17   53.61   38.30  1466.5  352.27   60.13   36.27  2208.5  352.44   66.68   33.32    1.5     42028.006     13.50   47.10740   39.80800  "Undefined"       0.0       -2.39  0.00000000
04.04.2019 11:40:28.006   4.99600000   4995.99761   0.40  -68.5   26.9  28.0 55.80  356.4   419.2  356.39   50.87   39.43   886.3  356.37   55.06   38.93  1390.4  356.33   59.58   38.24    1.4     42028.006     13.50   47.10740   39.80800  "Undefined"       0.0       -2.39  0.00000000
04.04.2019 11:40:41.299   4.99600000   4995.99988   0.15  -68.1   31.4  28.0 12.00  352.8   785.5  352.88   54.11   38.32  1578.4  352.98   61.16   36.25  2377.2  353.16   68.22   33.09    1.4     42041.299     13.50   47.10740   39.80800  "Undefined"       0.0       -0.12  0.00000000
04.04.2019 11:41:02.721   4.99600000   4995.99402   0.38  -81.4   14.3  28.0 20.40  353.5   510.5  353.55   51.67   38.98  1025.1  353.60   56.26   37.96  1545.0  353.67   60.89   36.69    1.4     42062.721     13.50   47.10740   39.80800  "Undefined"       0.0       -5.98  0.00000000
04.04.2019 11:41:13.457   4.99600000   4995.99954   0.18  -72.0   26.9  28.0 10.80  352.1   848.4  352.16   54.65   38.01  1704.4  352.29   62.24   35.44  2564.9  352.51   69.80   31.31    1.4     42073.457     13.50   47.10740   39.80800  "Undefined"       0.0       -0.46  0.00000000
04.04.2019 11:41:25.401   4.99600000   4996.00025   0.22  -70.7   27.3  28.0 56.39  350.6   407.1  350.76   50.72   38.88   856.7  350.90   54.70   37.71  1346.2  351.07   59.02   36.18    1.6     42085.401     13.50   47.10740   39.80800  "Undefined"       0.0        0.25  0.00000000
04.04.2019 11:41:37.268   4.99600000   4995.99952   0.62  -64.4   29.1  28.0 11.40  352.8   815.8  352.86   54.38   38.25  1639.0  352.97   61.69   36.04  2467.2  353.17   69.00   32.60    1.2     42097.268     13.50   47.10740   39.80800  "Undefined"       0.0       -0.48  0.00000000
04.04.2019 11:41:48.295   4.99600000   4996.00009   0.24  -61.5   36.1  28.0 16.20  352.8   619.8  352.86   52.63   38.67  1244.1  352.93   58.19   37.21  1874.3  353.04   63.78   35.25    1.2     42108.295     13.50   47.10740   39.80800  "Undefined"       0.0        0.09  0.00000000
04.04.2019 11:41:59.023   4.99600000   4996.00004   0.11  -62.9   38.1  28.0 13.80  353.5   705.3  353.58   53.41   38.62  1416.3  353.66   59.74   37.04  2133.4  353.79   66.11   34.77    1.5     42119.023     13.50   47.10740   39.80800  "Undefined"       0.0        0.04  0.00000000
04.04.2019 11:42:11.936   4.99600000   4996.00024   0.44  -60.8   34.2  28.0 16.80  352.8   601.6  352.87   52.47   38.71  1207.8  352.94   57.87   37.31  1819.8  353.05   63.30   35.46    1.4     42131.936     13.50   47.10740   39.80800  "Undefined"       0.0        0.24  0.00000000
04.04.2019 11:42:23.772   4.99600000   4996.00091   0.62  -62.0   31.6  28.0 15.00  353.5   659.8  353.56   53.00   38.70  1324.7  353.63   58.93   37.27  1995.7  353.75   64.89   35.27    1.4     42143.772     13.50   47.10740   39.80800  "Undefined"       0.0        0.91  0.00000000
04.04.2019 11:42:34.611   4.99600000   4995.99993   0.07  -91.1   12.1  28.0 10.20  353.5   883.6  353.58   55.00   38.26  1775.6  353.70   62.94   36.00  2672.4  353.91   70.87   32.23    1.5     42154.611     13.50   47.10740   39.80800  "Undefined"       0.0       -0.07  0.00000000
04.04.2019 11:42:46.506   4.99600000   4996.00546   0.62  -72.9   20.7  28.0 11.40  353.5   815.8  353.59   54.39   38.40  1639.1  353.69   61.72   36.42  2467.7  353.86   69.07   33.32    1.3     42166.506     13.50   47.10740   39.80800  "Undefined"       0.0        5.46  0.00000000
04.04.2019 11:42:58.350   4.99600000   4995.99986   0.62  -61.1   32.4  28.0 10.20  353.5   883.6  353.57   55.00   38.26  1775.6  353.69   62.93   36.00  2672.3  353.90   70.87   32.22    1.2     42178.350     13.50   47.10740   39.80800  "Undefined"       0.0       -0.14  0.00000000
04.04.2019 11:43:11.232   4.99600000   4995.99934   0.62  -62.7   30.8  28.0  9.60  352.8   921.4  352.89   55.32   38.01  1851.6  353.02   63.58   35.32  2785.9  353.28   71.80   30.67    1.3     42191.232     13.50   47.10740   39.80800  "Undefined"       0.0       -0.66  0.00000000
04.04.2019 11:43:22.020   4.99600000   4995.99974   0.62  -61.0   32.5  28.0 58.20  357.8   373.4  357.80   50.46   39.61   782.1  357.73   54.14   39.33  1232.5  357.62   58.18   38.94    1.8     42202.020     13.50   47.10740   39.80800  "Undefined"       0.0       -0.26  0.00000000
04.04.2019 11:43:58.626   4.99600000   4996.00072   0.07  -95.7    7.5  28.0 10.80  352.8   848.5  352.87   54.67   38.17  1704.7  352.99   62.27   35.83  2565.7  353.20   69.87   32.06    1.8     42238.626     13.50   47.10740   39.80800  "Undefined"       0.0        0.72  0.00000000
04.04.2019 11:44:09.360   4.99600000   4996.00021   0.62  -62.3   31.3  28.0 12.00  352.8   785.5  352.89   54.11   38.32  1578.4  352.99   61.16   36.25  2377.1  353.17   68.22   33.10    1.2     42249.360     13.50   47.10740   39.80800  "Undefined"       0.0        0.21  0.00000000
04.04.2019 11:44:21.186   4.99600000   4995.99978   0.62  -63.6   27.9  28.0 13.80  352.8   705.2  352.86   53.39   38.49  1416.2  352.95   59.72   36.73  2133.1  353.09   66.06   34.21    1.3     42261.186     13.50   47.10740   39.80800  "Undefined"       0.0       -0.22  0.00000000
04.04.2019 11:44:31.955   4.99600000   4996.00015   0.62  -63.7   27.8  28.0 16.80  352.8   601.5  352.88   52.47   38.71  1207.7  352.95   57.87   37.32  1819.7  353.06   63.30   35.46    1.1     42271.955     13.50   47.10740   39.80800  "Undefined"       0.0        0.15  0.00000000
04.04.2019 11:44:43.813   4.99600000   4996.00084   0.62  -63.9   29.6  28.0 20.40  352.8   510.4  352.87   51.66   38.89  1025.0  352.93   56.24   37.77  1544.7  353.01   60.86   36.37    1.2     42283.813     13.50   47.10740   39.80800  "Undefined"       0.0        0.84  0.00000000
04.04.2019 11:44:54.570   4.99600000   4995.99909   0.07  -93.9    9.4  28.0 17.40  352.8   584.1  352.86   52.32   38.74  1172.6  352.93   57.55   37.40  1766.7  353.03   62.83   35.64    1.5     42294.570     13.50   47.10740   39.80800  "Undefined"       0.0       -0.91  0.00000000
04.04.2019 11:45:07.564   4.99600000   4995.99993   0.07  -95.9    7.4  28.0 21.60  351.4   485.6  351.40   51.42   38.76   974.9  351.47   55.76   37.50  1469.0  351.56   60.13   35.95    1.6     42307.564     13.50   47.10740   39.80800  "Undefined"       0.0       -0.07  0.00000000
04.04.2019 11:45:18.283   4.99600000   4995.99952   0.20  -66.9   33.6  28.0 21.60  352.1   485.6  352.13   51.43   38.85   974.8  352.19   55.78   37.70  1469.0  352.28   60.16   36.27    1.3     42318.283     13.50   47.10740   39.80800  "Undefined"       0.0       -0.48  0.00000000
04.04.2019 11:45:29.019   4.99600000   4995.99980   0.11  -71.4   29.6  28.0 19.80  355.7   523.5  355.70   51.80   39.24  1051.0  355.74   56.53   38.54  1583.8  355.79   61.30   37.65    1.9     42329.019     13.50   47.10740   39.80800  "Undefined"       0.0       -0.20  0.00000000
04.04.2019 11:45:39.757   4.99600000   4996.00063   0.46  -69.5   25.3  28.0 15.60  352.1   639.4  352.15   52.80   38.51  1283.9  352.23   58.52   36.84  1934.3  352.37   64.27   34.56    1.7     42339.757     13.50   47.10740   39.80800  "Undefined"       0.0        0.63  0.00000000
04.04.2019 11:45:52.694   4.99600000   4996.00036   0.07  -95.9    7.3  28.0 18.00  352.8   567.6  352.85   52.17   38.77  1139.3  352.92   57.26   37.48  1716.5  353.02   62.38   35.80    1.6     42352.694     13.50   47.10740   39.80800  "Undefined"       0.0        0.36  0.00000000
04.04.2019 11:46:04.515   4.99600000   4996.00004   0.07  -95.9    7.4  28.0 25.20  353.5   424.7  353.55   50.90   39.13   853.1  353.59   54.72   38.33  1286.2  353.65   58.58   37.37    1.7     42364.515     13.50   47.10740   39.80800  "Undefined"       0.0        0.04  0.00000000
04.04.2019 11:46:32.711   4.99600000   4996.00529   0.62  -78.5   15.0  28.0 17.40  352.8   584.1  352.86   52.32   38.74  1172.6  352.93   57.55   37.40  1766.8  353.04   62.83   35.64    1.3     42392.711     13.50   47.10740   39.80800  "Undefined"       0.0        5.29  0.00000000
04.04.2019 11:46:43.431   4.99600000   4996.00015   0.11  -61.4   39.6  28.0 19.80  352.8   523.5  352.83   51.78   38.86  1050.9  352.89   56.47   37.70  1583.5  352.98   61.20   36.23    1.4     42403.431     13.50   47.10740   39.80800  "Undefined"       0.0        0.15  0.00000000
04.04.2019 11:46:55.372   4.99600000   4995.99977   0.55  -59.7   34.3  28.0 20.40  352.8   510.4  352.84   51.66   38.89  1025.0  352.90   56.24   37.76  1544.7  352.98   60.86   36.35    1.2     42415.372     13.50   47.10740   39.80800  "Undefined"       0.0       -0.23  0.00000000
04.04.2019 11:47:06.129   4.99600000   4995.99984   0.62  -59.6   34.0  28.0 18.60  352.8   552.2  352.85   52.03   38.80  1108.4  352.91   56.98   37.56  1669.8  353.01   61.97   35.96    1.2     42426.129     13.50   47.10740   39.80800  "Undefined"       0.0       -0.16  0.00000000
04.04.2019 11:47:17.955   4.99600000   4996.00001   0.62  -58.9   34.7  28.0 20.40  352.8   510.5  352.82   51.66   38.88  1025.1  352.88   56.24   37.76  1544.9  352.96   60.86   36.35    1.1     42437.955     13.50   47.10740   39.80800  "Undefined"       0.0        0.01  0.00000000
04.04.2019 11:47:29.785   4.99600000   4995.99984   0.24  -59.1   38.5  28.0 18.00  352.1   567.5  352.15   52.16   38.67  1139.2  352.22   57.24   37.26  1716.3  352.33   62.34   35.42    1.3     42449.785     13.50   47.10740   39.80800  "Undefined"       0.0       -0.16  0.00000000
04.04.2019 11:47:42.741   4.99600000   4995.99948   0.13  -64.3   35.9  28.0 20.40  352.8   510.4  352.85   51.66   38.89  1025.1  352.91   56.24   37.77  1544.8  352.99   60.86   36.36    1.2     42462.741     13.50   47.10740   39.80800  "Undefined"       0.0       -0.52  0.00000000
04.04.2019 11:47:53.476   4.99600000   4996.00013   0.13  -66.0   34.2  28.0 20.40  351.4   510.4  351.43   51.64   38.71  1025.0  351.50   56.20   37.37  1544.6  351.60   60.79   35.68    1.3     42473.476     13.50   47.10740   39.80800  "Undefined"       0.0        0.13  0.00000000
04.04.2019 11:48:05.381   4.99600000   4996.00015   0.20  -62.2   36.2  28.0 18.60  352.1   552.1  352.14   52.02   38.71  1108.3  352.21   56.96   37.34  1669.6  352.31   61.93   35.58    1.4     42485.381     13.50   47.10740   39.80800  "Undefined"       0.0        0.15  0.00000000
04.04.2019 11:48:17.217   4.99600000   4996.00035   0.62  -60.1   33.4  28.0 18.00  352.8   567.6  352.85   52.17   38.77  1139.3  352.92   57.26   37.48  1716.6  353.01   62.38   35.80    1.2     42497.217     13.50   47.10740   39.80800  "Undefined"       0.0        0.35  0.00000000
04.04.2019 11:48:29.089   4.99600000   4995.99993   0.62  -59.5   34.0  28.0 20.40  352.8   510.5  352.84   51.66   38.89  1025.1  352.90   56.24   37.76  1544.9  352.98   60.86   36.35    1.1     42509.089     13.50   47.10740   39.80800  "Undefined"       0.0       -0.07  0.00000000
04.04.2019 11:48:41.052   4.99600000   4995.99968   0.58  -62.6   31.3  28.0 19.20  352.1   537.4  352.14   51.89   38.74  1078.8  352.21   56.70   37.42  1625.4  352.30   61.54   35.74    1.2     42521.052     13.50   47.10740   39.80800  "Undefined"       0.0       -0.32  0.00000000
04.04.2019 11:48:57.284   4.99600000   4995.99995   0.11  -64.3   36.8  28.0 15.60  352.8   639.4  352.84   52.81   38.62  1283.9  352.92   58.54   37.10  1934.4  353.04   64.31   35.01    1.4     42537.284     13.50   47.10740   39.80800  "Undefined"       0.0       -0.05  0.00000000
04.04.2019 11:49:08.049   4.99600000   4995.99958   0.62  -62.3   31.3  28.0 19.20  352.8   537.5  352.82   51.90   38.83  1079.0  352.88   56.72   37.63  1625.8  352.97   61.57   36.09    1.2     42548.049     13.50   47.10740   39.80800  "Undefined"       0.0       -0.42  0.00000000
04.04.2019 11:49:20.577   4.99600000   4996.08586   0.35  -94.9    1.1  28.0 19.80  352.1   523.5  352.12   51.77   38.77  1050.8  352.19   56.45   37.49  1583.3  352.28   61.17   35.88    1.7     42560.577     13.50   47.10740   39.80800  "Undefined"       0.0       85.86  0.00000000
04.04.2019 11:49:32.405   4.99600000   4995.99938   0.29  -71.8   19.1  28.0 22.80  352.1   463.3  352.12   51.23   38.90   930.3  352.17   55.38   37.81  1402.1  352.25   59.56   36.48    1.9     42572.405     13.50   47.10740   39.80800  "Undefined"       0.0       -0.62  0.00000000
04.04.2019 11:49:43.098   4.99600000   4995.99972   0.11  -73.0   24.0  28.0  8.40  353.5  1006.2  353.60   56.09   38.01  2022.1  353.74   65.12   35.17  3041.5  354.03   74.11   29.76    1.7     42583.098     13.50   47.10740   39.80800  "Undefined"       0.0       -0.28  0.00000000
04.04.2019 11:49:53.842   4.99600000   4995.99957   0.62  -64.4   23.1  28.0  5.40  353.5  1288.3  353.61   58.60   37.35  2586.0  353.84   70.10   32.65  3872.0  354.46   81.23   18.64    1.2     42593.842     13.50   47.10740   39.80800  "Undefined"       0.0       -0.43  0.00000000
04.04.2019 11:50:04.538   4.99600000   4996.00068   0.62  -60.3   27.2  28.0 13.80  352.8   705.3  352.89   53.40   38.49  1416.3  352.98   59.72   36.74  2133.2  353.12   66.07   34.24    1.2     42604.538     13.50   47.10740   39.80800  "Undefined"       0.0        0.68  0.00000000
04.04.2019 11:50:15.384   4.99600000   4996.00071   0.62  -58.5   27.1  28.0 12.00  353.5   785.5  353.57   54.12   38.46  1578.4  353.66   61.18   36.59  2377.5  353.82   68.27   33.73    1.2     42615.384     13.50   47.10740   39.80800  "Undefined"       0.0        0.71  0.00000000
04.04.2019 11:50:27.232   4.99600000   4996.00187   0.62  -57.6   25.9  28.0  7.80  353.5  1054.2  353.59   56.52   37.90  2118.9  353.75   65.98   34.80  3186.0  354.08   75.36   28.52    1.2     42627.232     13.50   47.10740   39.80800  "Undefined"       0.0        1.87  0.00000000
04.04.2019 11:50:39.091   4.99600000   4996.00005   0.62  -57.7   33.8  28.0  9.00  352.8   961.8  352.89   55.68   37.92  1933.1  353.04   64.30   35.02  2908.0  353.32   72.86   29.79    1.2     42639.091     13.50   47.10740   39.80800  "Undefined"       0.0        0.05  0.00000000
04.04.2019 11:50:50.879   4.99600000   4996.00048   0.62  -53.7   39.8  28.0 10.20  352.8   883.3  352.91   54.98   38.10  1774.9  353.04   62.90   35.61  2671.3  353.26   70.80   31.46    1.2     42650.879     13.50   47.10740   39.80800  "Undefined"       0.0        0.48  0.00000000
04.04.2019 11:51:03.837   4.99600000   4996.00031   0.62  -57.0   34.5  28.0 13.80  352.8   705.0  352.88   53.39   38.49  1415.7  352.97   59.71   36.74  2132.5  353.11   66.06   34.23    1.2     42663.837     13.50   47.10740   39.80800  "Undefined"       0.0        0.31  0.00000000
04.04.2019 11:51:16.933   4.99600000   4996.00116   0.62  -58.8   34.8  28.0 15.60  352.8   638.9  352.85   52.80   38.63  1282.5  352.93   58.53   37.10  1932.5  353.05   64.29   35.03    1.1     42676.933     13.50   47.10740   39.80800  "Undefined"       0.0        1.16  0.00000000
04.04.2019 11:51:28.854   4.99600000   4996.00401   0.62  -59.3   32.2  28.0 56.40  352.8   410.0  352.88   50.76   39.09   856.8  352.98   54.75   38.18  1339.8  353.12   59.04   37.02    1.7     42688.854     13.50   47.10740   39.80800  "Undefined"       0.0        4.01  0.00000000
04.04.2019 11:51:28.854   4.99600000   4996.00401   0.62  -59.3   32.2  28.0 17.40  352.8   583.9  352.84   52.31   38.74  1172.0  352.91   57.55   37.40  1766.0  353.01   62.82   35.63    1.2     42688.854     13.50   47.10740   39.80800  "Undefined"       0.0        4.01  0.00000000
04.04.2019 11:51:45.253   4.99600000   4996.00215   0.62  -58.1   35.5  28.0 53.40  352.8   433.2  352.87   50.97   39.04   911.7  352.99   55.24   38.06  1452.9  353.12   60.05   36.70    1.7     42705.253     13.50   47.10740   39.80800  "Undefined"       0.0        2.15  0.00000000
04.04.2019 11:51:45.253   4.99600000   4996.00215   0.62  -58.1   35.5  28.0 15.00  352.8   659.7  352.88   52.99   38.59  1324.4  352.96   58.90   37.00  1995.5  353.09   64.85   34.80    1.2     42705.253     13.50   47.10740   39.80800  "Undefined"       0.0        2.15  0.00000000
04.04.2019 11:51:57.114   4.99600000   4996.00197   0.62  -56.6   34.9  28.0 56.99  355.0   398.9  355.01   50.68   39.32   830.4  355.04   54.54   38.70  1296.9  355.09   58.72   37.90    1.2     42717.114     13.50   47.10740   39.80800  "Undefined"       0.0        1.97  0.00000000
04.04.2019 11:51:57.114   4.99600000   4996.00197   0.62  -56.6   34.9  28.0 13.80  352.8   705.0  352.87   53.39   38.49  1415.6  352.96   59.71   36.74  2132.5  353.10   66.06   34.23    1.2     42717.114     13.50   47.10740   39.80800  "Undefined"       0.0        1.97  0.00000000
04.04.2019 11:52:08.969   4.99600000   4996.00077   0.62  -56.5   37.1  28.0 57.60  354.2   385.4  354.29   50.56   39.27   804.0  354.34   54.30   38.59  1257.6  354.41   58.35   37.72    1.7     42728.969     13.50   47.10740   39.80800  "Undefined"       0.0        0.77  0.00000000
04.04.2019 11:52:08.969   4.99600000   4996.00077   0.62  -56.5   37.1  28.0 12.60  352.8   756.5  352.86   53.85   38.38  1519.3  352.96   60.63   36.42  2288.3  353.12   67.43   33.51    1.2     42728.969     13.50   47.10740   39.80800  "Undefined"       0.0        0.77  0.00000000
04.04.2019 11:52:20.813   4.99600000   4996.00122   0.62  -55.7   37.8  28.0 13.20  353.5   730.0  353.55   53.63   38.57  1466.1  353.64   60.18   36.89  2208.6  353.78   66.77   34.45    1.1     42740.813     13.50   47.10740   39.80800  "Undefined"       0.0        1.22  0.00000000
04.04.2019 11:52:31.541   4.99600000   4996.00250   0.62  -58.1   33.4  28.0 48.00  351.4   416.0  351.44   50.80   38.93   857.4  351.56   54.72   37.85  1318.4  351.71   58.80   36.53    1.6     42751.541     13.50   47.10740   39.80800  "Undefined"       0.0        2.50  0.00000000
04.04.2019 11:52:31.541   4.99600000   4996.00250   0.62  -58.1   33.4  28.0 16.80  352.8   601.3  352.87   52.47   38.71  1207.1  352.94   57.86   37.31  1818.8  353.05   63.29   35.46    1.2     42751.541     13.50   47.10740   39.80800  "Undefined"       0.0        2.50  0.00000000
04.04.2019 11:52:45.661   4.99600000   4996.00369   0.62  -59.7   33.9  28.0 52.80  354.2   426.6  354.28   50.92   39.20   895.6  354.35   55.12   38.43  1420.0  354.43   59.80   37.37    1.7     42765.661     13.50   47.10740   39.80800  "Undefined"       0.0        3.69  0.00000000
04.04.2019 11:52:45.661   4.99600000   4996.00369   0.62  -59.7   33.9  28.0 17.40  352.8   583.9  352.85   52.31   38.74  1172.0  352.92   57.55   37.40  1766.0  353.03   62.82   35.64    1.3     42765.661     13.50   47.10740   39.80800  "Undefined"       0.0        3.69  0.00000000
04.04.2019 11:52:56.413   4.99600000   4996.00356   0.46  -62.8   28.0  28.0 16.20  352.1   619.4  352.15   52.62   38.56  1243.3  352.24   58.16   36.96  1873.1  352.36   63.73   34.81    1.4     42776.413     13.50   47.10740   39.80800  "Undefined"       0.0        3.56  0.00000000
04.04.2019 11:53:10.489   4.99600000   4995.99895   0.55  -64.2   29.8  28.0 52.80  358.6   426.6  358.53   50.94   39.65   895.5  358.48   55.16   39.44  1418.7  358.42   59.86   39.11    1.5     42790.489     13.50   47.10740   39.80800  "Undefined"       0.0       -1.05  0.00000000
04.04.2019 11:53:10.489   4.99600000   4995.99895   0.55  -64.2   29.8  28.0 16.80  352.1   601.2  352.15   52.46   38.60  1206.9  352.23   57.84   37.06  1818.4  352.34   63.25   35.03    1.3     42790.489     13.50   47.10740   39.80800  "Undefined"       0.0       -1.05  0.00000000
04.04.2019 11:53:21.236   4.99600000   4996.00125   0.27  -65.6   31.6  28.0 52.80  358.6   426.5  358.52   50.94   39.65   895.3  358.48   55.16   39.43  1418.1  358.41   59.86   39.11    1.4     42801.236     13.50   47.10740   39.80800  "Undefined"       0.0        1.25  0.00000000
04.04.2019 11:53:21.236   4.99600000   4996.00125   0.27  -65.6   31.6  28.0  6.60  351.4  1160.8  351.50   57.40   36.96  2330.9  351.74   67.69   32.02  3494.3  352.28   77.64   20.70    1.3     42801.236     13.50   47.10740   39.80800  "Undefined"       0.0        1.25  0.00000000
04.04.2019 11:53:38.651   4.99600000   4996.00150   0.62  -65.5   28.0  28.0 12.00  352.1   785.2  352.17   54.09   38.17  1577.5  352.29   61.12   35.90  2375.7  352.48   68.15   32.45    1.3     42818.651     13.50   47.10740   39.80800  "Undefined"       0.0        1.50  0.00000000
04.04.2019 11:53:52.714   4.99600000   4996.00066   0.62  -60.1   33.5  28.0 15.00  353.5   659.7  353.56   53.00   38.70  1324.5  353.63   58.92   37.26  1995.7  353.74   64.89   35.27    1.2     42832.714     13.50   47.10740   39.80800  "Undefined"       0.0        0.66  0.00000000
04.04.2019 11:54:03.450   4.99600000   4996.00206   0.62  -60.4   33.1  28.0 16.80  353.5   601.2  353.58   52.48   38.82  1207.0  353.65   57.88   37.56  1818.8  353.74   63.32   35.89    1.2     42843.450     13.50   47.10740   39.80800  "Undefined"       0.0        2.06  0.00000000
04.04.2019 11:54:14.221   4.99600000   4996.00161   0.62  -59.7   33.8  28.0 54.00  355.7   443.8  355.70   51.09   39.33   937.8  355.73   55.51   38.70  1513.0  355.75   60.66   37.77    1.4     42854.221     13.50   47.10740   39.80800  "Undefined"       0.0        1.61  0.00000000
04.04.2019 11:54:14.221   4.99600000   4996.00161   0.62  -59.7   33.8  28.0 16.20  353.5   619.4  353.56   52.64   38.78  1243.2  353.62   58.20   37.47  1873.1  353.73   63.80   35.69    1.2     42854.221     13.50   47.10740   39.80800  "Undefined"       0.0        1.61  0.00000000
04.04.2019 11:54:24.966   4.99600000   4996.00058   0.62  -56.9   36.6  28.0 14.40  352.8   681.7  352.87   53.18   38.54  1368.6  352.96   59.29   36.87  2061.8  353.09   65.44   34.53    1.2     42864.966     13.50   47.10740   39.80800  "Undefined"       0.0        0.58  0.00000000
04.04.2019 11:54:35.685   4.99600000   4996.00255   0.62  -59.3   32.2  28.0 15.00  353.5   659.7  353.59   53.00   38.71  1324.5  353.67   58.93   37.28  1995.7  353.78   64.89   35.30    1.2     42875.685     13.50   47.10740   39.80800  "Undefined"       0.0        2.55  0.00000000
04.04.2019 11:54:46.415   4.99600000   4996.00140   0.62  -56.7   34.8  28.0 11.40  353.5   815.5  353.56   54.39   38.40  1638.5  353.67   61.72   36.41  2467.1  353.84   69.06   33.30    1.2     42886.415     13.50   47.10740   39.80800  "Undefined"       0.0        1.40  0.00000000
04.04.2019 11:54:57.205   4.99600000   4996.00037   0.62  -57.9   33.6  28.0 15.00  352.8   659.6  352.84   52.99   38.58  1324.3  352.93   58.90   36.99  1995.3  353.05   64.85   34.78    1.1     42897.205     13.50   47.10740   39.80800  "Undefined"       0.0        0.37  0.00000000
04.04.2019 11:55:07.940   4.99600000   4995.99999   0.62  -60.3   33.2  28.0 14.40  352.8   681.6  352.89   53.18   38.54  1368.5  352.97   59.29   36.88  2061.7  353.11   65.44   34.54    1.1     42907.940     13.50   47.10740   39.80800  "Undefined"       0.0       -0.01  0.00000000
04.04.2019 11:55:18.669   4.99600000   4996.00278   0.62  -61.3   32.3  28.0 12.60  352.8   756.6  352.88   53.85   38.38  1519.4  352.98   60.63   36.43  2288.4  353.14   67.43   33.53    1.2     42918.669     13.50   47.10740   39.80800  "Undefined"       0.0        2.78  0.00000000
04.04.2019 11:55:29.431   4.99600000   4996.00157   0.62  -64.2   29.4  28.0 10.80  353.5   848.2  353.60   54.68   38.34  1704.3  353.70   62.30   36.23  2565.8  353.89   69.93   32.83    1.2     42929.431     13.50   47.10740   39.80800  "Undefined"       0.0        1.57  0.00000000
04.04.2019 11:55:40.175   4.99600000   4996.00121   0.62  -66.3   27.2  28.0  7.20  352.8  1105.1  352.91   56.95   37.57  2220.6  353.09   66.83   33.82  3336.0  353.51   76.56   25.72    1.3     42940.175     13.50   47.10740   39.80800  "Undefined"       0.0        1.21  0.00000000
04.04.2019 11:55:50.912   4.99600000   4995.99677   0.44  -66.6   26.4  28.0 13.80  352.8   705.0  352.87   53.39   38.49  1415.7  352.96   59.71   36.74  2132.6  353.10   66.06   34.23    1.9     42950.912     13.50   47.10740   39.80800  "Undefined"       0.0       -3.23  0.00000000
04.04.2019 11:55:50.912   4.99600000   4995.99677   0.44  -66.6   26.4  28.0 52.80  356.4   426.6  356.40   50.94   39.43   895.6  356.41   55.14   38.93  1419.5  356.42   59.84   38.23    1.6     42950.912     13.50   47.10740   39.80800  "Undefined"       0.0       -3.23  0.00000000
04.04.2019 11:56:03.858   4.99600000   4996.00008   0.44  -65.5   29.5  28.0 19.20  352.8   537.2  352.86   51.90   38.84  1078.2  352.92   56.71   37.64  1624.5  353.01   61.57   36.11    1.6     42963.858     13.50   47.10740   39.80800  "Undefined"       0.0        0.08  0.00000000
04.04.2019 11:56:17.955   4.99600000   4995.99689   0.58  -64.0   31.4  28.0 20.40  352.8   510.1  352.83   51.66   38.89  1024.2  352.89   56.23   37.76  1543.4  352.97   60.85   36.35    1.3     42977.955     13.50   47.10740   39.80800  "Undefined"      63.2       -3.11  0.00000000
04.04.2019 11:56:29.792   4.99600000   4996.00086   0.62  -66.1   27.4  28.0 20.40  353.5   510.1  353.57   51.66   38.98  1024.3  353.62   56.25   37.97  1543.7  353.70   60.88   36.71    1.5     42989.792     13.50   47.10740   39.80800  "Undefined"       0.0        0.86  0.00000000
04.04.2019 11:56:41.637   4.99600000   4996.00069   0.44  -69.2   25.8  28.0 18.60  353.5   551.9  353.56   52.04   38.90  1107.7  353.62   56.99   37.79  1669.1  353.71   61.99   36.34    1.7     43001.637     13.50   47.10740   39.80800  "Undefined"       0.0        0.69  0.00000000
04.04.2019 11:56:54.512   4.99600000   4995.77998   0.18  -91.8    7.1  28.0 20.40  350.6   510.1  350.69   51.63   38.61  1024.2  350.77   56.17   37.16  1543.2  350.88   60.74   35.34    1.7     43014.512     13.50   47.10740   39.80800  "Undefined"       0.0     -220.02  0.00000000
04.04.2019 11:56:54.512   4.99600000   4996.00134   0.27  -70.1   27.1  28.0 19.20  351.4   537.1  351.41   51.88   38.64  1078.1  351.48   56.67   37.21  1624.2  351.59   61.49   35.37    1.8     43014.512     13.50   47.10740   39.80800  "Undefined"       0.0        1.34  0.00000000
04.04.2019 11:57:06.479   4.99600000   4995.99319   0.62  -71.4   22.2  28.0  8.40  351.4  1005.6  351.47   56.03   37.42  2020.6  351.65   64.98   33.66  3037.2  352.02   73.79   26.62    1.4     43026.479     13.50   47.10740   39.80800  "Undefined"       0.0       -6.81  0.00000000
04.04.2019 11:57:17.205   4.99600000   4996.00253   0.62  -63.4   20.1  28.0 13.20  353.5   730.0  353.59   53.63   38.57  1466.1  353.67   60.19   36.91  2208.7  353.81   66.78   34.48    1.3     43037.205     13.50   47.10740   39.80800  "Undefined"       0.0        2.53  0.00000000
04.04.2019 11:57:27.935   4.99600000   4996.00124   0.62  -65.9   27.6  28.0 10.20  354.2   883.3  354.28   55.01   38.43  1775.2  354.38   62.96   36.41  2672.6  354.57   70.93   33.03    1.3     43047.935     13.50   47.10740   39.80800  "Undefined"       0.0        1.24  0.00000000
04.04.2019 11:57:49.464   4.99600000   4995.99942   0.62  -66.2   27.3  28.0  9.60  352.8   921.0  352.91   55.32   38.02  1851.0  353.05   63.57   35.34  2785.5  353.30   71.80   30.71    1.2     43069.464     13.50   47.10740   39.80800  "Undefined"       0.0       -0.58  0.00000000
04.04.2019 11:58:21.722   4.99600000   4996.00119   0.62  -66.0   27.6  28.0  8.40  353.5  1005.8  353.60   56.09   38.01  2021.7  353.74   65.12   35.17  3041.4  354.03   74.11   29.76    1.3     43101.722     13.50   47.10740   39.80800  "Undefined"       0.0        1.19  0.00000000
04.04.2019 11:58:32.487   4.99600000   4996.00410   0.62  -65.9   27.6  28.0  6.60  354.2  1161.1  354.31   57.49   37.89  2333.1  354.48   67.92   34.55  3504.7  354.88   78.22   26.58    1.4     43112.487     13.50   47.10740   39.80800  "Undefined"       0.0        4.10  0.00000000
04.04.2019 11:59:32.674   4.99600000   4996.00238   0.62  -64.8   28.7  28.0  7.20  353.5  1105.1  353.61   56.97   37.79  2221.0  353.77   66.88   34.39  3338.0  354.15   76.68   27.02    1.8     43172.674     13.50   47.10740   39.80800  "Undefined"       0.0        2.38  0.00000000
04.04.2019 11:59:43.394   4.99600000   4996.00152   0.62  -60.6   32.9  28.0 12.60  353.5   756.5  353.57   53.86   38.52  1519.5  353.66   60.66   36.76  2288.7  353.81   67.48   34.13    1.3     43183.394     13.50   47.10740   39.80800  "Undefined"       0.0        1.52  0.00000000
