
[strDate]   [strTime]   [Frq_rpu]    [Frq_meg]    [Band]  [E]   [S_N] [Att]  [B]     [A]    [S0]  [aIRI0]   [Lat0]  [Lon0]   [S1]  [aIRI1]  [Lat1]  [Lon1]   [S2]  [aIRI2]  [Lat2]  [Lon2] [Sigm] [Time_sec]  [Cource]  [BaseLat]  [BaseLon]  [TypeSignalName]  [DispApd]  [Dopler]  [Delay]
04.04.2019 11:59:54.096   4.99600000   4995.99991   0.46  -51.5   43.3  28.0 12.00  352.8   785.2  352.86   54.11   38.31  1577.6  352.96   61.15   36.24  2376.1  353.14   68.20   33.08    1.3     43194.096     13.50   47.10740   39.80800  "Undefined"       0.0       -0.09  0.00000000
04.04.2019 12:00:04.877   4.99600000   4995.99991   0.46  -50.3   44.5  28.0 16.80  353.5   601.3  353.55   52.48   38.81  1207.1  353.62   57.88   37.55  1819.0  353.72   63.32   35.87    1.2     43204.877     13.50   47.10740   39.80800  "Undefined"       0.0       -0.09  0.00000000
04.04.2019 12:00:18.872   4.99600000   4995.99991   0.46  -49.9   47.0  28.0 12.00  352.8   785.2  352.86   54.11   38.31  1577.7  352.97   61.15   36.24  2376.3  353.15   68.21   33.08    1.2     43218.872     13.50   47.10740   39.80800  "Undefined"      62.4       -0.09  0.00000000
04.04.2019 12:01:02.004   4.99600000   4995.99991   0.46  -51.3   43.4  28.0  9.00  353.5   961.9  353.58   55.69   38.10  1933.4  353.71   64.34   35.47  2909.3  353.97   72.95   30.72    1.3     43262.004     13.50   47.10740   39.80800  "Undefined"       0.0       -0.09  0.00000000
04.04.2019 12:01:12.750   4.99600000   4995.99993   0.46  -50.0   44.8  28.0  7.20  353.5  1105.1  353.60   56.97   37.78  2220.9  353.77   66.88   34.39  3337.9  354.14   76.68   27.01    1.3     43272.750     13.50   47.10740   39.80800  "Undefined"       0.0       -0.07  0.00000000
04.04.2019 12:01:23.519   4.99600000   4995.99990   0.46  -48.6   46.2  28.0 11.40  352.8   815.5  352.89   54.38   38.25  1638.4  353.00   61.69   36.06  2466.8  353.19   69.00   32.63    1.2     43283.519     13.50   47.10740   39.80800  "Undefined"       0.0       -0.10  0.00000000
04.04.2019 12:01:37.650   4.99600000   4995.99989   0.46  -49.1   45.6  28.0 10.80  352.8   848.2  352.88   54.67   38.18  1704.1  353.00   62.27   35.84  2565.2  353.21   69.87   32.07    1.2     43297.650     13.50   47.10740   39.80800  "Undefined"       0.0       -0.11  0.00000000
04.04.2019 12:01:49.503   4.99600000   4995.99990   0.46  -49.4   45.4  28.0 10.80  352.8   848.2  352.87   54.67   38.18  1704.1  352.99   62.27   35.83  2565.1  353.20   69.87   32.06    1.2     43309.503     13.50   47.10740   39.80800  "Undefined"       0.0       -0.10  0.00000000
04.04.2019 12:02:01.321   4.99600000   4995.99990   0.46  -49.0   45.7  28.0 12.00  352.8   785.2  352.89   54.11   38.32  1577.6  352.99   61.15   36.25  2376.2  353.17   68.21   33.10    1.1     43321.321     13.50   47.10740   39.80800  "Undefined"       0.0       -0.10  0.00000000
04.04.2019 12:02:13.220   4.99600000   4995.99992   0.46  -48.5   46.3  28.0 13.80  353.5   705.1  353.56   53.40   38.62  1415.9  353.64   59.74   37.03  2133.0  353.77   66.11   34.76    1.2     43333.220     13.50   47.10740   39.80800  "Undefined"       0.0       -0.08  0.00000000
04.04.2019 12:02:27.491   4.99600000   4995.99990   0.46  -48.5   46.3  28.0 12.60  352.8   756.5  352.87   53.85   38.38  1519.4  352.97   60.63   36.43  2288.4  353.13   67.43   33.52    1.2     43347.491     13.50   47.10740   39.80800  "Undefined"       0.0       -0.10  0.00000000
04.04.2019 12:02:38.255   4.99600000   4995.99991   0.46  -48.2   46.5  28.0 12.00  352.8   785.2  352.86   54.11   38.31  1577.5  352.97   61.15   36.24  2376.1  353.15   68.20   33.08    1.2     43358.255     13.50   47.10740   39.80800  "Undefined"       0.0       -0.09  0.00000000
04.04.2019 12:02:48.979   4.99600000   4995.99991   0.46  -49.4   45.4  28.0  8.40  352.8  1005.7  352.91   56.07   37.82  2021.4  353.07   65.08   34.68  3040.2  353.39   74.01   28.73    1.2     43368.979     13.50   47.10740   39.80800  "Undefined"       0.0       -0.09  0.00000000
04.04.2019 12:03:00.780   4.99600000   4995.99990   0.46  -51.6   43.2  28.0  7.80  353.5  1053.8  353.59   56.51   37.90  2118.5  353.74   65.98   34.79  3186.0  354.07   75.36   28.50    1.3     43380.780     13.50   47.10740   39.80800  "Undefined"       0.0       -0.10  0.00000000
04.04.2019 12:03:48.250   4.99600000   4995.99992   0.44  -53.3   41.7  28.0  7.20  352.1  1105.0  352.21   56.93   37.35  2220.1  352.41   66.78   33.24  3333.8  352.85   76.43   24.44    1.4     43428.250     13.50   47.10740   39.80800  "Undefined"       0.0       -0.08  0.00000000
04.04.2019 12:04:00.084   4.99600000   4995.99990   0.46  -52.5   42.3  28.0 13.80  352.1   705.0  352.16   53.38   38.36  1415.5  352.26   59.68   36.44  2132.1  352.41   66.01   33.69    1.2     43440.084     13.50   47.10740   39.80800  "Undefined"       0.0       -0.10  0.00000000
04.04.2019 12:04:10.815   4.99600000   4995.99988   0.46  -51.9   42.9  28.0 13.20  352.1   729.9  352.17   53.60   38.30  1465.9  352.27   60.13   36.28  2207.9  352.44   66.67   33.32    1.2     43450.815     13.50   47.10740   39.80800  "Undefined"       0.0       -0.12  0.00000000
04.04.2019 12:04:21.547   4.99600000   4995.99992   0.53  -53.0   42.4  28.0 12.60  352.8   756.5  352.84   53.85   38.37  1519.3  352.94   60.63   36.42  2288.3  353.11   67.43   33.50    1.2     43461.547     13.50   47.10740   39.80800  "Undefined"      62.2       -0.08  0.00000000
04.04.2019 12:04:32.281   4.99600000   4995.99991   0.46  -51.8   43.0  28.0 15.00  353.5   659.7  353.55   53.00   38.70  1324.5  353.63   58.92   37.26  1995.7  353.74   64.89   35.27    1.2     43472.281     13.50   47.10740   39.80800  "Undefined"       0.0       -0.09  0.00000000
04.04.2019 12:04:44.069   4.99600000   4995.99991   0.46  -53.4   41.4  28.0 16.80  353.5   601.3  353.55   52.48   38.81  1207.0  353.62   57.88   37.55  1818.9  353.71   63.32   35.87    1.2     43484.069     13.50   47.10740   39.80800  "Undefined"       0.0       -0.09  0.00000000
04.04.2019 12:04:57.073   4.99600000   4995.99992   0.35  -56.1   39.9  28.0 14.40  354.2   681.7  354.29   53.20   38.79  1368.8  354.36   59.34   37.45  2062.4  354.47   65.52   35.57    1.4     43497.073     13.50   47.10740   39.80800  "Undefined"       0.0       -0.08  0.00000000
04.04.2019 12:05:07.687   4.99600000   4995.99988   0.11  -59.0   42.0  28.0 16.80  352.1   601.2  352.12   52.46   38.59  1206.8  352.20   57.83   37.06  1818.3  352.32   63.24   35.01    1.2     43507.687     13.50   47.10740   39.80800  "Undefined"       0.0       -0.12  0.00000000
04.04.2019 12:05:30.334   4.99600000   4995.99993   0.11  -60.7   40.3  28.0 19.80  352.8   523.2  352.85   51.77   38.86  1050.1  352.91   56.46   37.71  1582.3  353.00   61.19   36.24    1.3     43530.334     13.50   47.10740   39.80800  "Undefined"       0.0       -0.07  0.00000000
04.04.2019 12:05:43.274   4.99600000   4995.99992   0.24  -58.1   39.5  28.0 18.60  352.1   551.8  352.15   52.02   38.71  1107.5  352.22   56.95   37.35  1668.6  352.32   61.92   35.59    1.2     43543.274     13.50   47.10740   39.80800  "Undefined"       0.0       -0.08  0.00000000
04.04.2019 12:05:55.219   4.99600000   4995.99991   0.46  -55.8   40.1  28.0 19.20  353.5   537.0  353.56   51.90   38.93  1077.6  353.61   56.73   37.85  1623.7  353.70   61.59   36.47    1.2     43555.219     13.50   47.10740   39.80800  "Undefined"      62.1       -0.09  0.00000000
04.04.2019 12:06:08.097   4.99600000   4995.99989   0.27  -56.3   40.9  28.0 17.40  352.8   583.6  352.85   52.31   38.74  1171.4  352.92   57.54   37.40  1765.1  353.02   62.81   35.64    1.4     43568.097     13.50   47.10740   39.80800  "Undefined"       0.0       -0.11  0.00000000
04.04.2019 12:06:18.825   4.99600000   4995.99992   0.24  -58.1   39.5  28.0 18.60  352.1   551.8  352.14   52.02   38.71  1107.5  352.21   56.95   37.34  1668.6  352.31   61.92   35.59    1.3     43578.825     13.50   47.10740   39.80800  "Undefined"       0.0       -0.08  0.00000000
04.04.2019 12:07:02.814   4.99600000   4995.99993   0.27  -58.2   39.1  28.0 19.20  352.1   537.0  352.16   51.89   38.74  1077.6  352.23   56.69   37.43  1623.4  352.32   61.52   35.76    1.2     43622.814     13.50   47.10740   39.80800  "Undefined"       0.0       -0.07  0.00000000
04.04.2019 12:07:14.609   4.99600000   4995.99990   0.53  -55.6   42.0  28.0 13.80  353.5   704.9  353.58   53.40   38.62  1415.4  353.67   59.73   37.04  2132.6  353.80   66.10   34.78    1.3     43634.609     13.50   47.10740   39.80800  "Undefined"      65.8       -0.10  0.00000000
04.04.2019 12:07:28.704   4.99600000   4995.99992   0.46  -55.3   43.7  28.0 10.80  353.5   848.0  353.57   54.68   38.34  1703.9  353.68   62.30   36.22  2565.5  353.87   69.93   32.81    1.2     43648.704     13.50   47.10740   39.80800  "Undefined"      66.2       -0.08  0.00000000
04.04.2019 12:07:40.646   4.99600000   4995.99989   0.46  -53.6   41.2  28.0 12.60  352.8   756.4  352.87   53.85   38.38  1519.0  352.97   60.63   36.43  2288.1  353.13   67.43   33.52    1.2     43660.646     13.50   47.10740   39.80800  "Undefined"       0.0       -0.11  0.00000000
04.04.2019 12:07:52.471   4.99600000   4995.99939   0.07  -93.7    9.6  28.0  8.40  353.5  1005.5  353.59   56.08   38.01  2021.4  353.73   65.12   35.16  3041.5  354.02   74.10   29.75    1.3     43672.471     13.50   47.10740   39.80800  "Undefined"       0.0       -0.61  0.00000000
04.04.2019 12:08:07.668   4.99600000   4995.99884   0.07  -94.2    9.0  28.0 12.00  352.1   785.0  352.17   54.09   38.17  1576.7  352.29   61.11   35.91  2374.2  352.48   68.13   32.46    1.3     43687.668     13.50   47.10740   39.80800  "Undefined"       0.0       -1.16  0.00000000
04.04.2019 12:08:20.557   4.99600000   4995.99885   0.07  -94.3    8.9  28.0 10.20  353.5   883.0  353.58   54.99   38.26  1774.5  353.70   62.93   36.00  2671.4  353.91   70.86   32.23    1.4     43700.557     13.50   47.10740   39.80800  "Undefined"       0.0       -1.15  0.00000000
04.04.2019 12:08:33.449   4.99600000   4996.00006   0.07  -94.9    8.3  28.0 12.00  352.8   785.0  352.85   54.10   38.31  1576.9  352.95   61.14   36.24  2374.8  353.13   68.19   33.07    1.2     43713.449     13.50   47.10740   39.80800  "Undefined"       0.0        0.06  0.00000000
04.04.2019 12:08:45.360   4.99600000   4995.99981   0.07  -99.3    5.9  28.0 10.20  355.0   883.1  355.01   55.01   38.61  1774.9  355.10   62.99   36.84  2672.8  355.27   70.98   33.89    1.6     43725.360     13.50   47.10740   39.80800  "Undefined"       0.0       -0.19  0.00000000
04.04.2019 12:08:58.275   4.99600000   4995.99991   0.62  -61.2   32.4  28.0 15.60  352.8   638.8  352.85   52.80   38.63  1282.1  352.93   58.53   37.11  1931.8  353.05   64.29   35.03    1.3     43738.275     13.50   47.10740   39.80800  "Undefined"       0.0       -0.09  0.00000000
04.04.2019 12:09:10.101   4.99600000   4996.00001   0.60  -63.7   30.0  28.0 18.60  354.2   551.8  354.29   52.04   39.01  1107.6  354.34   57.01   38.01  1669.0  354.42   62.02   36.73    1.5     43750.101     13.50   47.10740   39.80800  "Undefined"       0.0        0.01  0.00000000
04.04.2019 12:09:23.132   4.99600000   4996.00007   0.22  -68.3   29.7  28.0 25.20  352.1   424.1  352.12   50.88   38.98   851.7  352.17   54.68   38.01  1283.7  352.24   58.52   36.84    1.7     43763.132     13.50   47.10740   39.80800  "Undefined"       0.0        0.07  0.00000000
04.04.2019 12:09:33.878   4.99600000   4996.00102   0.49  -68.4   26.1  28.0 22.20  351.3   473.7  351.40   51.32   38.79   950.8  351.46   55.55   37.57  1432.5  351.55   59.80   36.07    1.7     43773.878     13.50   47.10740   39.80800  "Undefined"       0.0        1.02  0.00000000
04.04.2019 12:09:59.069   4.99600000   4995.99914   0.44  -69.3   25.7  28.0  5.40  349.9  1286.5  350.08   58.45   36.02  2579.2  350.41   69.68   28.91  3844.8  351.23   80.06    9.71    1.2     43799.069     13.50   47.10740   39.80800  "Undefined"       0.0       -0.86  0.00000000
04.04.2019 12:10:33.170   4.99600000   4995.99973   0.11  -66.7   34.3  28.0  7.20  351.4  1104.6  351.48   56.91   37.12  2219.1  351.70   66.71   32.64  3331.4  352.17   76.28   23.13    1.2     43833.170     13.50   47.10740   39.80800  "Undefined"       0.0       -0.27  0.00000000
04.04.2019 12:10:44.993   4.99600000   4995.99995   0.11  -63.5   37.5  28.0  8.40  352.8  1005.5  352.88   56.07   37.81  2021.0  353.04   65.07   34.66  3040.0  353.35   74.01   28.68    1.1     43844.993     13.50   47.10740   39.80800  "Undefined"       0.0       -0.05  0.00000000
04.04.2019 12:10:57.527   4.99600000   4995.99855   0.07  -92.5   10.7  28.0 10.80  352.8   848.0  352.87   54.67   38.18  1703.7  352.99   62.27   35.83  2564.8  353.20   69.86   32.06    1.2     43857.527     13.50   47.10740   39.80800  "Undefined"       0.0       -1.45  0.00000000
04.04.2019 12:11:08.275   4.99600000   4996.00034   0.62  -62.5   31.0  28.0  9.00  353.5   961.7  353.59   55.69   38.10  1933.3  353.72   64.33   35.48  2909.4  353.98   72.95   30.73    1.2     43868.275     13.50   47.10740   39.80800  "Undefined"       0.0        0.34  0.00000000
04.04.2019 12:11:19.017   4.99600000   4995.99995   0.62  -61.6   29.9  28.0 17.40  354.2   583.7  354.26   52.33   38.95  1171.7  354.31   57.58   37.87  1765.7  354.40   62.88   36.45    1.2     43879.017     13.50   47.10740   39.80800  "Undefined"       0.0       -0.05  0.00000000
04.04.2019 12:11:30.857   4.99600000   4996.00001   0.18  -65.3   33.7  28.0 11.40  353.5   815.3  353.57   54.39   38.40  1638.0  353.68   61.71   36.42  2466.7  353.85   69.06   33.31    1.4     43890.857     13.50   47.10740   39.80800  "Undefined"       0.0        0.01  0.00000000
04.04.2019 12:11:53.023   4.99600000   4996.00087   0.51  -70.8   23.6  28.0 15.00  352.1   659.5  352.15   52.98   38.46  1323.7  352.24   58.87   36.72  1994.3  352.38   64.79   34.30    1.9     43913.023     13.50   47.10740   39.80800  "Undefined"       0.0        0.87  0.00000000
04.04.2019 12:12:15.668   4.99600000   4995.99990   0.07  -91.6   11.6  28.0 18.00  352.1   567.2  352.15   52.16   38.67  1138.3  352.22   57.23   37.26  1715.1  352.33   62.33   35.42    1.2     43935.668     13.50   47.10740   39.80800  "Undefined"       0.0       -0.10  0.00000000
04.04.2019 12:12:27.590   4.99600000   4996.00149   0.07  -93.5    9.7  28.0 14.40  352.8   681.5  352.86   53.18   38.54  1368.2  352.95   59.29   36.87  2061.4  353.08   65.43   34.52    1.3     43947.590     13.50   47.10740   39.80800  "Undefined"       0.0        1.49  0.00000000
04.04.2019 12:12:54.143   4.99600000   4996.00115   0.62  -68.4   25.1  28.0  6.60  353.5  1160.7  353.63   57.47   37.67  2332.2  353.81   67.87   33.93  3502.2  354.25   78.10   25.10    1.3     43974.143     13.50   47.10740   39.80800  "Undefined"       0.0        1.15  0.00000000
04.04.2019 12:13:17.886   4.99600000   4996.00013   0.62  -63.7   29.9  28.0 18.00  352.8   567.3  352.87   52.17   38.78  1138.6  352.93   57.25   37.49  1715.6  353.03   62.37   35.82    1.4     43997.886     13.50   47.10740   39.80800  "Undefined"       0.0        0.13  0.00000000
04.04.2019 12:13:28.638   4.99600000   4996.00003   0.07  -91.2   12.0  28.0 18.00  352.8   567.3  352.84   52.17   38.77  1138.5  352.91   57.25   37.48  1715.5  353.01   62.37   35.80    1.3     44008.638     13.50   47.10740   39.80800  "Undefined"       0.0        0.03  0.00000000
04.04.2019 12:13:40.472   4.99600000   4995.99858   0.62  -70.4   23.1  28.0 18.00  352.1   567.3  352.15   52.16   38.67  1138.5  352.22   57.23   37.26  1715.4  352.33   62.34   35.42    1.2     44020.472     13.50   47.10740   39.80800  "Undefined"       0.0       -1.42  0.00000000
04.04.2019 12:13:53.446   4.99600000   4996.00027   0.11  -71.4   29.6  28.0 13.20  353.5   729.8  353.56   53.62   38.57  1465.7  353.65   60.18   36.90  2208.3  353.79   66.77   34.46    1.5     44033.446     13.50   47.10740   39.80800  "Undefined"       0.0        0.27  0.00000000
04.04.2019 12:14:16.092   4.99600000   4996.00139   0.44  -69.0   26.0  28.0 17.40  354.2   583.7  354.27   52.33   38.95  1171.6  354.33   57.58   37.88  1765.7  354.41   62.88   36.46    1.7     44056.092     13.50   47.10740   39.80800  "Undefined"       0.0        1.39  0.00000000
04.04.2019 12:14:37.543   4.99600000   4996.00085   0.07  -96.6    6.6  28.0 15.00  352.1   659.5  352.14   52.98   38.46  1323.7  352.23   58.87   36.71  1994.3  352.37   64.79   34.30    1.7     44077.543     13.50   47.10740   39.80800  "Undefined"       0.0        0.85  0.00000000
04.04.2019 12:14:49.368   4.99600000   4995.99964   0.07  -94.0    5.3  28.0 19.20  353.5   537.0  353.56   51.90   38.93  1077.8  353.62   56.73   37.85  1623.8  353.70   61.59   36.47    1.5     44089.368     13.50   47.10740   39.80800  "Undefined"       0.0       -0.36  0.00000000
04.04.2019 12:15:00.127   4.99600000   4996.00047   0.60  -66.5   27.2  28.0 22.80  354.3   462.8  354.29   51.25   39.15   929.1  354.34   55.42   38.36  1400.1  354.40   59.62   37.40    1.3     44100.127     13.50   47.10740   39.80800  "Undefined"       0.0        0.47  0.00000000
04.04.2019 12:15:10.868   4.99600000   4996.00089   0.44  -71.6   23.4  28.0 19.80  353.5   523.0  353.57   51.78   38.96  1049.8  353.62   56.48   37.92  1581.8  353.70   61.22   36.60    1.4     44110.868     13.50   47.10740   39.80800  "Undefined"       0.0        0.89  0.00000000
04.04.2019 12:15:21.580   4.99600000   4996.00053   0.07  -98.6    4.6  28.0 16.80  352.8   601.1  352.86   52.47   38.71  1206.4  352.93   57.85   37.31  1817.5  353.04   63.27   35.46    1.7     44121.580     13.50   47.10740   39.80800  "Undefined"       0.0        0.53  0.00000000
04.04.2019 12:15:33.407   4.99600000   4996.00012   0.13  -65.5   34.7  28.0 19.20  352.1   537.0  352.14   51.89   38.74  1077.6  352.21   56.69   37.43  1623.4  352.31   61.52   35.75    1.5     44133.407     13.50   47.10740   39.80800  "Undefined"       0.0        0.12  0.00000000
04.04.2019 12:15:46.040   4.99600000   4996.00047   0.35  -64.1   27.8  28.0 25.80  352.8   415.6  352.82   50.81   39.07   834.7  352.87   54.55   38.21  1258.3  352.93   58.31   37.17    1.4     44146.040     13.50   47.10740   39.80800  "Undefined"       0.0        0.47  0.00000000
04.04.2019 12:15:56.764   4.99600000   4995.99997   0.24  -62.5   33.1  28.0 24.00  352.8   442.6  352.85   51.06   39.02   888.8  352.90   55.03   38.09  1339.5  352.97   59.04   36.96    1.5     44156.764     13.50   47.10740   39.80800  "Undefined"       0.0       -0.03  0.00000000
04.04.2019 12:16:07.481   4.99600000   4996.00033   0.07  -92.0    7.3  28.0 19.80  353.5   523.0  353.55   51.78   38.96  1049.7  353.61   56.48   37.91  1581.7  353.69   61.21   36.59    1.4     44167.481     13.50   47.10740   39.80800  "Undefined"       0.0        0.33  0.00000000
04.04.2019 12:16:18.224   4.99600000   4996.00026   0.62  -59.3   28.3  28.0 18.60  352.8   551.8  352.83   52.03   38.80  1107.5  352.90   56.97   37.56  1668.8  352.99   61.96   35.95    1.2     44178.224     13.50   47.10740   39.80800  "Undefined"       0.0        0.26  0.00000000
04.04.2019 12:16:30.026   4.99600000   4995.99964   0.11  -65.1   31.9  28.0 14.40  352.8   681.5  352.87   53.18   38.54  1368.2  352.96   59.29   36.88  2061.4  353.09   65.43   34.53    1.3     44190.026     13.50   47.10740   39.80800  "Undefined"       0.0       -0.36  0.00000000
04.04.2019 12:16:53.275   4.99600000   4996.00034   0.22  -64.5   23.5  28.0 10.80  353.5   848.0  353.59   54.68   38.34  1703.9  353.70   62.30   36.23  2565.4  353.89   69.93   32.82    1.3     44213.275     13.50   47.10740   39.80800  "Undefined"       0.0        0.34  0.00000000
04.04.2019 12:17:03.997   4.99600000   4996.00027   0.29  -66.2   16.7  28.0 13.20  353.5   729.8  353.57   53.62   38.57  1465.7  353.66   60.18   36.90  2208.2  353.79   66.77   34.47    1.6     44223.997     13.50   47.10740   39.80800  "Undefined"       0.0        0.27  0.00000000
04.04.2019 12:17:27.363   4.99600000   4996.00019   0.11  -64.1   22.9  28.0 15.60  352.8   638.8  352.84   52.80   38.63  1282.1  352.92   58.53   37.10  1931.8  353.04   64.29   35.02    1.6     44247.363     13.50   47.10740   39.80800  "Undefined"       0.0        0.19  0.00000000
04.04.2019 12:17:39.143   4.99600000   4995.99871   0.49  -65.9   18.6  28.0  9.60  352.8   920.8  352.90   55.31   38.01  1850.6  353.03   63.57   35.33  2785.2  353.29   71.79   30.69    1.5     44259.143     13.50   47.10740   39.80800  "Undefined"       0.0       -1.29  0.00000000
04.04.2019 12:17:49.937   4.99600000   4995.99979   0.11  -66.8   28.2  28.0  9.00  353.5   961.7  353.60   55.69   38.10  1933.3  353.74   64.34   35.49  2909.5  353.99   72.95   30.75    1.4     44269.937     13.50   47.10740   39.80800  "Undefined"       0.0       -0.21  0.00000000
04.04.2019 12:18:00.653   4.99600000   4995.99983   0.15  -69.5   30.0  28.0 10.20  352.8   883.0  352.89   54.98   38.10  1774.3  353.02   62.89   35.60  2670.7  353.25   70.79   31.44    1.4     44280.653     13.50   47.10740   39.80800  "Undefined"       0.0       -0.17  0.00000000
04.04.2019 12:18:11.388   4.99600000   4995.99978   0.15  -65.8   33.7  28.0 13.80  352.1   704.9  352.17   53.38   38.36  1415.2  352.27   59.68   36.44  2131.9  352.42   66.01   33.69    1.3     44291.388     13.50   47.10740   39.80800  "Undefined"       0.0       -0.22  0.00000000
04.04.2019 12:18:22.120   4.99600000   4996.00032   0.62  -60.5   33.0  28.0 13.20  353.5   729.8  353.58   53.62   38.57  1465.7  353.67   60.18   36.91  2208.3  353.81   66.77   34.48    1.2     44302.120     13.50   47.10740   39.80800  "Undefined"       0.0        0.32  0.00000000
04.04.2019 12:18:32.883   4.99600000   4995.99970   0.62  -62.9   32.6  28.0 16.20  352.8   619.3  352.86   52.63   38.67  1242.8  352.93   58.18   37.22  1872.4  353.05   63.76   35.26    1.1     44312.883     13.50   47.10740   39.80800  "Undefined"       0.0       -0.30  0.00000000
04.04.2019 12:18:44.096   4.99600000   4995.99904   0.62  -63.5   30.1  28.0 17.40  352.8   583.7  352.83   52.31   38.74  1171.5  352.90   57.54   37.40  1765.2  353.01   62.81   35.63    1.3     44324.096     13.50   47.10740   39.80800  "Undefined"       0.0       -0.96  0.00000000
04.04.2019 12:18:54.806   4.99600000   4996.00003   0.20  -66.8   31.7  28.0 12.60  351.3   756.3  351.42   53.82   38.09  1518.7  351.54   60.56   35.76  2287.0  351.74   67.31   32.29    1.4     44334.806     13.50   47.10740   39.80800  "Undefined"       0.0        0.03  0.00000000
04.04.2019 12:19:17.067   4.99600000   4995.99970   0.42  -64.3   30.9  28.0  8.40  353.5  1005.5  353.60   56.08   38.01  2021.4  353.74   65.12   35.17  3041.5  354.03   74.11   29.76    1.3     44357.067     13.50   47.10740   39.80800  "Undefined"       0.0       -0.30  0.00000000
04.04.2019 12:19:27.680   4.99600000   4996.00080   0.62  -74.7   18.9  28.0 12.60  353.5   756.3  353.58   53.86   38.52  1519.1  353.67   60.66   36.76  2288.3  353.82   67.48   34.14    1.2     44367.680     13.50   47.10740   39.80800  "Undefined"       0.0        0.80  0.00000000
04.04.2019 12:19:51.998   4.99600000   4996.00186   0.62  -64.1   29.5  28.0 59.10  352.8   355.1  352.89   50.27   39.19   743.9  352.98   53.74   38.43  1167.4  353.10   57.51   37.47    1.5     44391.998     13.50   47.10740   39.80800  "Undefined"       0.0        1.86  0.00000000
04.04.2019 12:19:51.998   4.99600000   4996.00186   0.62  -64.1   29.5  28.0  5.40  353.5  1287.2  353.64   58.59   37.36  2584.1  353.87   70.09   32.70  3869.7  354.49   81.21   18.79    1.4     44391.998     13.50   47.10740   39.80800  "Undefined"       0.0        1.86  0.00000000
04.04.2019 12:20:03.875   4.99600000   4996.00011   0.62  -62.9   30.6  28.0 58.79  347.8   360.3  347.94   50.27   38.75   754.2  348.18   53.73   37.46  1184.4  348.47   57.49   35.86    1.4     44403.875     13.50   47.10740   39.80800  "Undefined"       0.0        0.11  0.00000000
04.04.2019 12:20:03.875   4.99600000   4996.00011   0.62  -62.9   30.6  28.0 12.00  353.5   785.1  353.60   54.12   38.47  1577.1  353.70   61.17   36.61  2375.4  353.86   68.25   33.77    1.3     44403.875     13.50   47.10740   39.80800  "Undefined"       0.0        0.11  0.00000000
04.04.2019 12:20:19.057   4.99600000   4995.99694   0.62  -64.2   29.3  28.0 13.20  352.1   729.8  352.16   53.60   38.30  1465.4  352.26   60.13   36.27  2207.4  352.43   66.67   33.32    1.4     44419.057     13.50   47.10740   39.80800  "Undefined"       0.0       -3.06  0.00000000
04.04.2019 12:20:29.814   4.99600000   4995.99905   0.62  -63.3   30.2  28.0  9.60  352.8   920.8  352.86   55.31   38.01  1850.6  353.00   63.57   35.31  2785.1  353.25   71.79   30.65    1.4     44429.814     13.50   47.10740   39.80800  "Undefined"       0.0       -0.95  0.00000000
04.04.2019 12:20:40.618   4.99600000   4996.00055   0.62  -60.2   33.3  28.0 15.00  352.8   659.4  352.88   52.99   38.59  1323.5  352.97   58.89   37.01  1994.1  353.09   64.84   34.81    1.3     44440.618     13.50   47.10740   39.80800  "Undefined"       0.0        0.55  0.00000000
04.04.2019 12:20:51.367   4.99600000   4995.99999   0.62  -52.0   41.5  28.0 15.00  352.8   659.4  352.87   52.99   38.59  1323.5  352.95   58.89   37.00  1994.1  353.08   64.84   34.80    1.2     44451.367     13.50   47.10740   39.80800  "Undefined"       0.0       -0.01  0.00000000
04.04.2019 12:21:02.104   4.99600000   4996.00087   0.62  -60.7   32.8  28.0 14.40  352.8   681.4  352.84   53.18   38.54  1367.9  352.93   59.29   36.86  2060.9  353.07   65.43   34.51    1.1     44462.104     13.50   47.10740   39.80800  "Undefined"       0.0        0.87  0.00000000
04.04.2019 12:21:12.843   4.99600000   4996.00082   0.62  -59.8   33.7  28.0 13.20  352.8   729.7  352.87   53.61   38.44  1465.3  352.97   60.15   36.59  2207.3  353.12   66.72   33.90    1.2     44472.843     13.50   47.10740   39.80800  "Undefined"       0.0        0.82  0.00000000
04.04.2019 12:21:24.694   4.99600000   4996.00199   0.62  -62.4   31.1  28.0 14.40  353.5   681.4  353.60   53.19   38.67  1368.0  353.68   59.31   37.17  2061.2  353.80   65.47   35.06    1.2     44484.694     13.50   47.10740   39.80800  "Undefined"       0.0        1.99  0.00000000
04.04.2019 12:21:35.557   4.99600000   4996.00217   0.62  -62.3   31.2  28.0 13.80  354.2   704.8  354.27   53.41   38.75  1415.1  354.34   59.75   37.34  2132.4  354.46   66.14   35.31    1.3     44495.557     13.50   47.10740   39.80800  "Undefined"       0.0        2.17  0.00000000
04.04.2019 12:21:46.304   4.99600000   4996.00211   0.62  -60.3   33.3  28.0 18.60  353.5   551.7  353.58   52.04   38.91  1107.3  353.64   56.99   37.79  1668.5  353.72   61.99   36.35    1.3     44506.304     13.50   47.10740   39.80800  "Undefined"       0.0        2.11  0.00000000
04.04.2019 12:22:30.017   4.99600000   4996.00117   0.62  -59.0   34.5  28.0 15.00  352.8   659.4  352.86   52.99   38.58  1323.5  352.94   58.89   37.00  1994.2  353.07   64.84   34.79    1.1     44550.017     13.50   47.10740   39.80800  "Undefined"       0.0        1.17  0.00000000
04.04.2019 12:22:40.736   4.99600000   4996.00138   0.62  -57.0   36.6  28.0 16.80  352.8   601.0  352.87   52.47   38.71  1206.1  352.95   57.85   37.32  1817.0  353.06   63.27   35.47    1.3     44560.736     13.50   47.10740   39.80800  "Undefined"       0.0        1.38  0.00000000
04.04.2019 12:22:52.549   4.99600000   4996.00380   0.62  -58.3   33.2  28.0 17.40  353.5   583.6  353.55   52.32   38.85  1171.4  353.62   57.56   37.64  1765.1  353.71   62.84   36.04    1.3     44572.549     13.50   47.10740   39.80800  "Undefined"       0.0        3.80  0.00000000
04.04.2019 12:23:03.307   4.99600000   4996.00249   0.62  -59.0   32.5  28.0 15.60  352.8   638.7  352.88   52.80   38.63  1281.7  352.96   58.52   37.12  1931.3  353.08   64.28   35.05    1.4     44583.307     13.50   47.10740   39.80800  "Undefined"       0.0        2.49  0.00000000
04.04.2019 12:23:15.265   4.99600000   4996.00214   0.62  -59.3   34.3  28.0 12.60  353.5   756.3  353.56   53.86   38.52  1518.9  353.65   60.65   36.75  2288.1  353.80   67.48   34.12    1.3     44595.265     13.50   47.10740   39.80800  "Undefined"       0.0        2.14  0.00000000
04.04.2019 12:23:26.032   4.99600000   4996.00162   0.62  -58.4   35.1  28.0 12.60  353.5   756.3  353.58   53.86   38.52  1518.9  353.68   60.65   36.76  2288.2  353.83   67.48   34.14    1.2     44606.032     13.50   47.10740   39.80800  "Undefined"       0.0        1.62  0.00000000
04.04.2019 12:23:37.898   4.99600000   4996.00085   0.62  -57.8   35.7  28.0 15.00  353.5   659.4  353.54   53.00   38.70  1323.6  353.62   58.92   37.26  1994.5  353.73   64.88   35.27    1.2     44617.898     13.50   47.10740   39.80800  "Undefined"       0.0        0.85  0.00000000
04.04.2019 12:23:49.360   4.99600000   4996.00254   0.62  -58.1   35.4  28.0 15.00  353.5   659.4  353.59   53.00   38.71  1323.6  353.67   58.92   37.28  1994.5  353.78   64.88   35.30    1.1     44629.360     13.50   47.10740   39.80800  "Undefined"       0.0        2.54  0.00000000
04.04.2019 12:24:00.179   4.99600000   4996.00132   0.62  -57.2   36.3  28.0 15.60  353.5   638.7  353.56   52.81   38.74  1281.8  353.63   58.54   37.37  1931.5  353.74   64.32   35.50    1.1     44640.179     13.50   47.10740   39.80800  "Undefined"       0.0        1.32  0.00000000
04.04.2019 12:24:12.049   4.99600000   4996.00118   0.62  -59.1   34.4  28.0 15.00  353.5   659.4  353.56   53.00   38.71  1323.6  353.64   58.92   37.27  1994.4  353.76   64.88   35.28    1.1     44652.049     13.50   47.10740   39.80800  "Undefined"       0.0        1.18  0.00000000
04.04.2019 12:24:22.776   4.99600000   4996.00029   0.62  -58.5   35.1  28.0 13.20  353.5   729.7  353.57   53.62   38.57  1465.4  353.66   60.18   36.90  2207.7  353.80   66.77   34.47    1.2     44662.776     13.50   47.10740   39.80800  "Undefined"       0.0        0.29  0.00000000
04.04.2019 12:24:33.499   4.99600000   4995.99991   0.62  -64.9   28.7  28.0  7.20  352.8  1104.6  352.90   56.95   37.57  2220.0  353.09   66.83   33.81  3335.8  353.50   76.56   25.71    1.3     44673.499     13.50   47.10740   39.80800  "Undefined"       0.0       -0.09  0.00000000
04.04.2019 12:24:56.223   4.99600000   4996.00188   0.62  -62.3   31.2  28.0  9.60  352.8   920.5  352.90   55.31   38.02  1849.9  353.03   63.56   35.33  2784.2  353.29   71.78   30.70    1.2     44696.223     13.50   47.10740   39.80800  "Undefined"       0.0        1.88  0.00000000
04.04.2019 12:25:06.949   4.99600000   4996.00164   0.62  -65.9   27.7  28.0  6.60  352.8  1160.5  352.92   57.45   37.43  2331.4  353.12   67.81   33.29  3499.4  353.60   77.96   23.61    1.4     44706.949     13.50   47.10740   39.80800  "Undefined"       0.0        1.64  0.00000000
04.04.2019 12:25:17.609   4.99600000   4996.00074   0.62  -65.4   28.1  28.0 55.20  355.7   467.8  355.74   51.30   39.31   964.3  355.81   55.75   38.69  1490.8  355.86   60.47   37.86    1.6     44717.609     13.50   47.10740   39.80800  "Undefined"       0.0        0.74  0.00000000
04.04.2019 12:25:17.609   4.99600000   4996.00074   0.62  -65.4   28.1  28.0  8.40  352.8  1005.3  352.89   56.07   37.81  2020.9  353.05   65.07   34.67  3040.0  353.36   74.01   28.70    1.2     44717.609     13.50   47.10740   39.80800  "Undefined"       0.0        0.74  0.00000000
04.04.2019 12:25:28.372   4.99600000   4996.00136   0.62  -59.2   34.3  28.0 13.80  352.8   704.8  352.88   53.39   38.49  1415.0  352.98   59.71   36.75  2131.9  353.12   66.05   34.24    1.2     44728.372     13.50   47.10740   39.80800  "Undefined"       0.0        1.36  0.00000000
04.04.2019 12:25:39.116   4.99600000   4996.00051   0.62  -58.6   34.9  28.0 17.40  352.8   583.6  352.88   52.31   38.74  1171.4  352.95   57.54   37.41  1765.0  353.05   62.81   35.65    1.2     44739.116     13.50   47.10740   39.80800  "Undefined"       0.0        0.51  0.00000000
04.04.2019 12:25:49.843   4.99600000   4996.00019   0.62  -61.3   32.2  28.0 14.40  352.8   681.4  352.88   53.18   38.54  1367.9  352.97   59.29   36.88  2060.9  353.10   65.43   34.54    1.2     44749.843     13.50   47.10740   39.80800  "Undefined"       0.0        0.19  0.00000000
04.04.2019 12:26:01.717   4.99600000   4996.00079   0.62  -59.7   33.8  28.0 15.00  352.8   659.4  352.89   52.99   38.59  1323.5  352.97   58.89   37.01  1994.1  353.10   64.84   34.81    1.2     44761.717     13.50   47.10740   39.80800  "Undefined"       0.0        0.79  0.00000000
04.04.2019 12:26:12.427   4.99600000   4996.00131   0.62  -61.7   31.8  28.0 59.10  357.1   353.9  357.14   50.29   39.56   741.0  357.13   53.76   39.24  1159.9  357.10   57.52   38.83    1.7     44772.427     13.50   47.10740   39.80800  "Undefined"       0.0        1.31  0.00000000
04.04.2019 12:26:12.427   4.99600000   4996.00131   0.62  -61.7   31.8  28.0 13.80  352.8   704.7  352.84   53.39   38.49  1414.9  352.93   59.70   36.73  2131.7  353.07   66.05   34.21    1.3     44772.427     13.50   47.10740   39.80800  "Undefined"       0.0        1.31  0.00000000
04.04.2019 12:26:23.175   4.99600000   4995.99970   0.62  -60.7   32.9  28.0 17.40  353.5   583.7  353.58   52.32   38.85  1171.4  353.64   57.56   37.65  1765.2  353.74   62.85   36.06    1.2     44783.175     13.50   47.10740   39.80800  "Undefined"       0.0       -0.30  0.00000000
04.04.2019 12:26:33.889   4.99600000   4995.99986   0.62  -64.3   29.2  28.0 10.20  353.5   882.9  353.56   54.99   38.26  1774.4  353.68   62.92   36.00  2671.3  353.89   70.86   32.21    1.2     44793.889     13.50   47.10740   39.80800  "Undefined"       0.0       -0.14  0.00000000
04.04.2019 12:26:44.611   4.99600000   4996.00454   0.62  -66.2   27.4  28.0  7.80  354.2  1053.2  354.32   56.52   38.12  2117.7  354.46   66.01   35.36  3186.3  354.76   75.45   29.76    1.4     44804.611     13.50   47.10740   39.80800  "Undefined"       0.0        4.54  0.00000000
04.04.2019 12:26:55.480   4.99600000   4996.00338   0.62  -61.1   32.5  28.0 15.00  353.5   659.4  353.55   53.00   38.70  1323.7  353.63   58.92   37.27  1994.5  353.75   64.88   35.27    1.2     44815.480     13.50   47.10740   39.80800  "Undefined"       0.0        3.38  0.00000000
04.04.2019 12:27:06.216   4.99600000   4996.00230   0.62  -60.0   33.5  28.0 17.40  352.8   583.6  352.87   52.31   38.74  1171.3  352.94   57.54   37.41  1765.0  353.04   62.81   35.65    1.3     44826.216     13.50   47.10740   39.80800  "Undefined"       0.0        2.30  0.00000000
04.04.2019 12:27:16.992   4.99600000   4996.00092   0.62  -61.8   31.7  28.0 12.60  352.8   756.3  352.88   53.85   38.38  1518.8  352.98   60.63   36.43  2287.8  353.14   67.43   33.53    1.2     44836.992     13.50   47.10740   39.80800  "Undefined"       0.0        0.92  0.00000000
04.04.2019 12:27:29.923   4.99600000   4995.99995   0.62  -62.3   31.3  28.0  9.60  353.5   920.6  353.58   55.33   38.19  1850.3  353.71   63.60   35.76  2785.2  353.94   71.86   31.55    1.2     44849.923     13.50   47.10740   39.80800  "Undefined"       0.0       -0.05  0.00000000
04.04.2019 12:27:51.425   4.99600000   4995.99978   0.62  -57.2   36.3  28.0  7.80  352.8  1053.0  352.92   56.49   37.70  2116.8  353.09   65.92   34.28  3183.1  353.44   75.25   27.40    1.4     44871.425     13.50   47.10740   39.80800  "Undefined"       0.0       -0.22  0.00000000
04.04.2019 12:28:02.135   4.99600000   4995.99986   0.62  -61.1   32.4  28.0 11.40  352.8   815.2  352.89   54.37   38.25  1637.7  353.00   61.68   36.06  2465.9  353.19   69.00   32.63    1.3     44882.135     13.50   47.10740   39.80800  "Undefined"       0.0       -0.14  0.00000000
04.04.2019 12:28:12.869   4.99600000   4995.99978   0.62  -59.1   34.4  28.0 13.20  353.5   729.8  353.55   53.62   38.57  1465.4  353.63   60.18   36.89  2207.8  353.77   66.77   34.45    1.2     44892.869     13.50   47.10740   39.80800  "Undefined"       0.0       -0.22  0.00000000
04.04.2019 12:28:25.915   4.99600000   4996.00140   0.62  -60.7   32.9  28.0  5.40  352.8  1286.9  352.94   58.57   37.10  2582.7  353.19   70.02   31.94  3864.3  353.86   81.01   16.84    1.2     44905.915     13.50   47.10740   39.80800  "Undefined"       0.0        1.40  0.00000000
04.04.2019 12:28:36.653   4.99600000   4996.00271   0.62  -60.0   33.5  28.0  6.00  353.5  1220.9  353.61   58.00   37.51  2451.8  353.81   68.92   33.34  3677.1  354.33   79.59   22.44    1.3     44916.653     13.50   47.10740   39.80800  "Undefined"       0.0        2.71  0.00000000
04.04.2019 12:28:48.433   4.99600000   4996.00223   0.62  -57.6   36.0  28.0  6.60  353.5  1160.6  353.63   57.47   37.67  2332.0  353.81   67.87   33.93  3502.0  354.25   78.10   25.11    1.3     44928.433     13.50   47.10740   39.80800  "Undefined"       0.0        2.23  0.00000000
04.04.2019 12:29:56.268   4.99600000   4995.99991   0.55  -45.5   49.0  28.0  6.60  353.5  1160.6  353.59   57.46   37.65  2331.9  353.77   67.86   33.90  3501.8  354.21   78.09   25.02    1.2     44996.268     13.50   47.10740   39.80800  "Undefined"      62.1       -0.09  0.00000000
04.04.2019 12:30:09.184   4.99600000   4995.99991   0.55  -44.6   49.4  28.0  8.40  352.8  1005.3  352.91   56.07   37.82  2020.8  353.07   65.07   34.68  3040.0  353.38   74.01   28.73    1.2     45009.184     13.50   47.10740   39.80800  "Undefined"       0.0       -0.09  0.00000000
04.04.2019 12:30:19.883   4.99600000   4995.99989   0.55  -45.3   48.8  28.0  9.60  352.8   920.5  352.90   55.31   38.02  1850.0  353.04   63.56   35.34  2784.2  353.29   71.79   30.71    1.2     45019.883     13.50   47.10740   39.80800  "Undefined"       0.0       -0.11  0.00000000
04.04.2019 12:31:15.737   4.99600000   4995.99990   0.46  -56.2   38.5  28.0  9.00  353.5   961.6  353.61   55.69   38.11  1933.0  353.74   64.33   35.49  2909.3  354.00   72.95   30.76    1.5     45075.737     13.50   47.10740   39.80800  "Undefined"       0.0       -0.10  0.00000000
04.04.2019 12:31:26.478   4.99600000   4995.99991   0.46  -49.4   45.4  28.0 13.20  353.5   729.8  353.56   53.62   38.57  1465.5  353.65   60.18   36.90  2207.8  353.79   66.77   34.46    1.2     45086.478     13.50   47.10740   39.80800  "Undefined"       0.0       -0.09  0.00000000
04.04.2019 12:31:37.207   4.99600000   4995.99991   0.51  -46.7   47.7  28.0 10.80  353.5   847.9  353.57   54.68   38.33  1703.7  353.68   62.30   36.22  2565.3  353.87   69.92   32.80    1.2     45097.207     13.50   47.10740   39.80800  "Undefined"       0.0       -0.09  0.00000000
04.04.2019 12:31:47.940   4.99600000   4995.99991   0.53  -45.4   48.8  28.0 12.00  352.8   784.7  352.88   54.10   38.32  1576.0  352.99   61.13   36.26  2373.2  353.16   68.18   33.11    1.2     45107.940     13.50   47.10740   39.80800  "Undefined"       0.0       -0.09  0.00000000
04.04.2019 12:31:58.689   4.99600000   4995.99991   0.62  -44.4   49.6  28.0 12.00  353.5   784.7  353.56   54.11   38.46  1576.1  353.66   61.16   36.59  2373.9  353.82   68.24   33.74    1.2     45118.689     13.50   47.10740   39.80800  "Undefined"      62.1       -0.09  0.00000000
04.04.2019 12:32:11.637   4.99600000   4995.99990   0.62  -43.9   50.1  28.0 10.20  353.5   882.9  353.56   54.99   38.26  1774.3  353.68   62.92   35.99  2671.2  353.89   70.86   32.21    1.2     45131.637     13.50   47.10740   39.80800  "Undefined"      62.7       -0.10  0.00000000
04.04.2019 12:32:23.449   4.99600000   4995.99991   0.62  -44.0   50.6  28.0 13.20  353.5   729.8  353.57   53.62   38.57  1465.5  353.65   60.18   36.90  2207.8  353.79   66.77   34.46    1.2     45143.449     13.50   47.10740   39.80800  "Undefined"      66.1       -0.09  0.00000000
04.04.2019 12:32:34.183   4.99600000   4995.99989   0.49  -44.8   49.7  28.0 12.00  352.8   784.7  352.90   54.10   38.32  1575.9  353.00   61.13   36.26  2373.2  353.18   68.18   33.13    1.2     45154.183     13.50   47.10740   39.80800  "Undefined"       0.0       -0.11  0.00000000
04.04.2019 12:32:46.074   4.99600000   4995.99990   0.46  -46.5   48.3  28.0 10.20  353.5   882.9  353.57   54.99   38.26  1774.3  353.69   62.92   36.00  2671.3  353.90   70.86   32.23    1.2     45166.074     13.50   47.10740   39.80800  "Undefined"       0.0       -0.10  0.00000000
04.04.2019 12:32:56.781   4.99600000   4995.99990   0.49  -46.5   48.1  28.0 12.60  353.5   756.3  353.60   53.86   38.53  1518.9  353.69   60.66   36.77  2288.2  353.84   67.48   34.16    1.2     45176.781     13.50   47.10740   39.80800  "Undefined"       0.0       -0.10  0.00000000
04.04.2019 12:33:07.507   4.99600000   4995.99991   0.46  -48.6   46.2  28.0 10.80  353.5   847.9  353.58   54.68   38.34  1703.6  353.69   62.30   36.23  2565.2  353.88   69.93   32.82    1.2     45187.507     13.50   47.10740   39.80800  "Undefined"       0.0       -0.09  0.00000000
04.04.2019 12:33:18.291   4.99600000   4995.99990   0.46  -50.5   44.3  28.0 12.60  352.8   756.2  352.89   53.85   38.38  1518.7  352.99   60.63   36.44  2287.6  353.15   67.43   33.54    1.2     45198.291     13.50   47.10740   39.80800  "Undefined"       0.0       -0.10  0.00000000
04.04.2019 12:33:31.233   4.99600000   4995.99991   0.46  -53.7   41.1  28.0 15.00  354.2   659.5  354.26   53.01   38.82  1323.8  354.33   58.94   37.54  1994.9  354.43   64.92   35.76    1.2     45211.233     13.50   47.10740   39.80800  "Undefined"       0.0       -0.09  0.00000000
04.04.2019 12:33:43.083   4.99600000   4995.99987   0.35  -57.5   40.1  28.0  7.80  352.8  1053.1  352.88   56.49   37.69  2116.9  353.05   65.92   34.26  3183.2  353.41   75.25   27.34    1.3     45223.083     13.50   47.10740   39.80800  "Undefined"      62.3       -0.13  0.00000000
04.04.2019 12:34:16.385   4.99600000   4995.99988   0.20  -59.8   40.6  28.0 13.20  352.8   729.7  352.86   53.61   38.43  1465.3  352.95   60.15   36.59  2207.3  353.11   66.72   33.89    1.6     45256.385     13.50   47.10740   39.80800  "Undefined"       0.0       -0.12  0.00000000
04.04.2019 12:34:27.121   4.99600000   4995.99989   0.11  -63.4   37.6  28.0 18.60  351.4   551.7  351.44   52.01   38.61  1107.1  351.51   56.93   37.13  1667.9  351.63   61.88   35.22    1.3     45267.121     13.50   47.10740   39.80800  "Undefined"       0.0       -0.11  0.00000000
04.04.2019 12:34:37.892   4.99600000   4995.99985   0.18  -61.3   37.6  28.0 10.20  352.1   882.8  352.18   54.96   37.93  1773.8  352.32   62.85   35.19  2669.5  352.56   70.71   30.64    1.3     45277.892     13.50   47.10740   39.80800  "Undefined"       0.0       -0.15  0.00000000
04.04.2019 12:34:49.740   4.99600000   4995.99997   0.18  -60.2   38.8  28.0 16.20  352.1   619.2  352.15   52.62   38.56  1242.3  352.23   58.15   36.96  1871.5  352.36   63.71   34.82    1.6     45289.740     13.50   47.10740   39.80800  "Undefined"       0.0       -0.03  0.00000000
04.04.2019 12:34:49.740   4.99600000   4995.99997   0.18  -60.2   38.8  28.0 52.81  351.4   422.3  351.49   50.86   38.92   885.5  351.65   54.97   37.80  1403.4  351.83   59.56   36.30    1.3     45289.740     13.50   47.10740   39.80800  "Undefined"       0.0       -0.03  0.00000000
04.04.2019 12:35:00.502   4.99600000   4995.99994   0.35  -57.8   41.8  28.0 13.80  354.2   704.8  354.30   53.41   38.75  1415.2  354.37   59.75   37.35  2132.5  354.49   66.14   35.33    1.7     45300.502     13.50   47.10740   39.80800  "Undefined"      63.7       -0.06  0.00000000
04.04.2019 12:35:12.359   4.99600000   4995.99999   0.11  -64.2   36.8  28.0 11.40  352.1   815.2  352.17   54.36   38.10  1637.5  352.29   61.65   35.69  2465.3  352.50   68.93   31.93    2.0     45312.359     13.50   47.10740   39.80800  "Undefined"       0.0       -0.01  0.00000000
04.04.2019 12:35:12.359   4.99600000   4995.99999   0.11  -64.2   36.8  28.0 57.00  357.8   399.2  357.85   50.70   39.60   827.3  357.84   54.54   39.33  1284.4  357.79   58.65   38.96    1.7     45312.359     13.50   47.10740   39.80800  "Undefined"       0.0       -0.01  0.00000000
04.04.2019 12:35:25.276   4.99600000   4995.99987   0.18  -60.8   40.2  28.0 27.60  352.8   392.1  352.83   50.60   39.11   787.9  352.88   54.13   38.31  1188.4  352.94   57.69   37.36    1.5     45325.276     13.50   47.10740   39.80800  "Undefined"       0.0       -0.13  0.00000000
04.04.2019 12:35:53.304   4.99600000   4995.99992   0.44  -56.0   40.2  28.0 10.80  354.2   847.9  354.27   54.69   38.50  1703.8  354.37   62.33   36.61  2565.7  354.54   69.98   33.56    1.2     45353.304     13.50   47.10740   39.80800  "Undefined"      62.4       -0.08  0.00000000
04.04.2019 12:36:04.032   4.99600000   4995.99986   0.20  -57.1   41.4  28.0 10.20  352.8   882.9  352.88   54.98   38.10  1774.0  353.01   62.89   35.60  2670.2  353.24   70.79   31.43    1.5     45364.032     13.50   47.10740   39.80800  "Undefined"       0.0       -0.14  0.00000000
04.04.2019 12:36:16.004   4.99600000   4995.99990   0.31  -55.6   40.9  28.0 16.80  353.5   601.0  353.59   52.48   38.82  1206.1  353.65   57.87   37.57  1817.1  353.75   63.31   35.90    1.3     45376.004     13.50   47.10740   39.80800  "Undefined"       0.0       -0.10  0.00000000
04.04.2019 12:36:27.865   4.99600000   4995.99991   0.46  -54.6   41.1  28.0 13.80  353.5   704.8  353.57   53.40   38.62  1415.0  353.66   59.73   37.04  2132.0  353.79   66.10   34.77    1.3     45387.865     13.50   47.10740   39.80800  "Undefined"      62.7       -0.09  0.00000000
04.04.2019 12:36:39.693   4.99600000   4995.99993   0.46  -54.0   40.8  28.0 11.40  353.5   815.2  353.58   54.39   38.40  1637.8  353.69   61.71   36.42  2466.4  353.86   69.05   33.32    1.2     45399.693     13.50   47.10740   39.80800  "Undefined"       0.0       -0.07  0.00000000
04.04.2019 12:36:51.532   4.99600000   4995.99993   0.46  -51.8   45.1  28.0 13.20  353.5   729.8  353.60   53.62   38.58  1465.4  353.68   60.18   36.92  2207.7  353.82   66.77   34.49    1.2     45411.532     13.50   47.10740   39.80800  "Undefined"      62.5       -0.07  0.00000000
04.04.2019 12:37:04.483   4.99600000   4995.99989   0.35  -53.5   44.1  28.0 55.20  352.1   472.2  352.26   51.31   38.89   970.3  352.46   55.74   37.78  1496.6  352.65   60.42   36.35    1.8     45424.483     13.50   47.10740   39.80800  "Undefined"      62.4       -0.11  0.00000000
04.04.2019 12:37:30.558   4.99600000   4995.99991   0.46  -52.0   42.8  28.0 12.00  353.5   784.7  353.57   54.11   38.46  1576.0  353.67   61.16   36.60  2373.4  353.83   68.23   33.75    1.3     45450.558     13.50   47.10740   39.80800  "Undefined"       0.0       -0.09  0.00000000
04.04.2019 12:37:42.387   4.99600000   4995.99991   0.46  -50.8   43.9  28.0 12.60  352.8   756.3  352.89   53.85   38.38  1518.6  353.00   60.63   36.44  2287.4  353.16   67.43   33.55    1.2     45462.387     13.50   47.10740   39.80800  "Undefined"       0.0       -0.09  0.00000000
04.04.2019 12:37:53.126   4.99600000   4996.00024   0.07  -92.5   10.7  28.0 12.60  352.8   756.3  352.85   53.85   38.38  1518.6  352.96   60.62   36.42  2287.4  353.12   67.42   33.51    1.5     45473.126     13.50   47.10740   39.80800  "Undefined"       0.0        0.24  0.00000000
04.04.2019 12:38:16.926   4.99600000   4995.99968   0.07  -92.4   10.8  28.0  8.40  352.8  1005.3  352.91   56.07   37.82  2020.8  353.07   65.07   34.68  3039.9  353.38   74.01   28.73    1.3     45496.926     13.50   47.10740   39.80800  "Undefined"       0.0       -0.32  0.00000000
04.04.2019 12:38:39.342   4.99600000   4996.00086   0.07  -94.6    8.6  28.0 13.80  353.5   704.8  353.57   53.40   38.62  1415.0  353.66   59.73   37.04  2132.0  353.79   66.10   34.78    1.5     45519.342     13.50   47.10740   39.80800  "Undefined"       0.0        0.86  0.00000000
04.04.2019 12:39:02.960   4.99600000   4995.99996   0.62  -57.7   35.8  28.0 16.80  352.8   601.0  352.87   52.47   38.71  1206.1  352.95   57.85   37.32  1817.0  353.05   63.27   35.47    1.2     45542.960     13.50   47.10740   39.80800  "Undefined"       0.0       -0.04  0.00000000
04.04.2019 12:39:14.766   4.99600000   4995.99984   0.62  -61.1   30.4  28.0 18.00  353.5   567.2  353.56   52.17   38.88  1138.2  353.62   57.27   37.72  1715.1  353.71   62.40   36.20    1.2     45554.766     13.50   47.10740   39.80800  "Undefined"       0.0       -0.16  0.00000000
04.04.2019 12:39:25.604   4.99600000   4995.99974   0.62  -58.7   34.8  28.0 13.20  353.5   729.7  353.57   53.62   38.57  1465.4  353.66   60.18   36.91  2207.6  353.80   66.77   34.47    1.3     45565.604     13.50   47.10740   39.80800  "Undefined"       0.0       -0.26  0.00000000
04.04.2019 12:39:38.545   4.99600000   4995.99949   0.62  -63.6   30.0  28.0 10.80  352.8   847.8  352.85   54.66   38.17  1703.3  352.97   62.26   35.82  2564.3  353.18   69.86   32.05    1.2     45578.545     13.50   47.10740   39.80800  "Undefined"       0.0       -0.51  0.00000000
04.04.2019 12:40:01.125   4.99600000   4996.00027   0.62  -63.2   30.3  28.0  9.00  353.5   961.5  353.58   55.69   38.10  1932.9  353.71   64.33   35.48  2909.1  353.97   72.95   30.72    1.2     45601.125     13.50   47.10740   39.80800  "Undefined"       0.0        0.27  0.00000000
04.04.2019 12:40:11.866   4.99600000   4995.99969   0.44  -62.4   32.6  28.0 12.60  352.8   756.2  352.88   53.85   38.38  1518.6  352.98   60.63   36.44  2287.4  353.15   67.42   33.54    1.2     45611.866     13.50   47.10740   39.80800  "Undefined"       0.0       -0.31  0.00000000
04.04.2019 12:40:25.694   4.99600000   4995.99981   0.22  -68.6   29.4  28.0  6.00  352.8  1220.7  352.92   57.98   37.27  2451.0  353.14   68.86   32.67  3673.5  353.70   79.43   20.78    1.2     45625.694     13.50   47.10740   39.80800  "Undefined"       0.0       -0.19  0.00000000
04.04.2019 12:41:06.209   4.99600000   4995.99954   0.51  -70.4   24.0  28.0  7.20  352.1  1104.4  352.20   56.93   37.35  2219.4  352.40   66.77   33.24  3333.6  352.85   76.43   24.43    1.6     45666.209     13.50   47.10740   39.80800  "Undefined"       0.0       -0.46  0.00000000
04.04.2019 12:41:16.986   4.99600000   4995.99932   0.62  -66.2   27.3  28.0 16.20  352.8   619.2  352.83   52.63   38.67  1242.5  352.91   58.17   37.21  1871.8  353.03   63.75   35.25    1.2     45676.986     13.50   47.10740   39.80800  "Undefined"       0.0       -0.68  0.00000000
04.04.2019 12:41:28.444   4.99600000   4995.99861   0.62  -74.0   19.5  28.0 15.60  352.8   638.7  352.85   52.80   38.63  1281.7  352.93   58.52   37.11  1931.1  353.05   64.28   35.03    1.2     45688.444     13.50   47.10740   39.80800  "Undefined"       0.0       -1.39  0.00000000
04.04.2019 12:41:39.155   4.99600000   4996.00019   0.62  -63.1   30.4  28.0 13.20  352.8   729.8  352.85   53.61   38.43  1465.3  352.94   60.15   36.58  2207.3  353.10   66.72   33.88    1.3     45699.155     13.50   47.10740   39.80800  "Undefined"       0.0        0.19  0.00000000
04.04.2019 12:41:50.424   4.99600000   4995.99988   0.11  -67.8   33.2  28.0 13.20  352.1   729.7  352.17   53.60   38.30  1465.1  352.27   60.12   36.28  2206.9  352.44   66.67   33.33    1.2     45710.424     13.50   47.10740   39.80800  "Undefined"       0.0       -0.12  0.00000000
04.04.2019 12:42:01.180   4.99600000   4995.99977   0.24  -64.6   33.0  28.0  9.00  352.8   961.5  352.88   55.68   37.91  1932.6  353.02   64.29   35.01  2907.9  353.31   72.86   29.77    1.4     45721.180     13.50   47.10740   39.80800  "Undefined"       0.0       -0.23  0.00000000
04.04.2019 12:42:12.967   4.99600000   4996.00021   0.40  -66.8   28.6  28.0 10.20  352.8   882.9  352.89   54.98   38.10  1774.0  353.02   62.89   35.60  2670.3  353.25   70.79   31.45    1.2     45732.967     13.50   47.10740   39.80800  "Undefined"       0.0        0.21  0.00000000
04.04.2019 12:42:37.794   4.99600000   4995.99978   0.55  -69.7   24.3  28.0 14.40  352.8   681.4  352.85   53.18   38.54  1367.9  352.94   59.29   36.87  2060.7  353.08   65.42   34.52    1.3     45757.794     13.50   47.10740   39.80800  "Undefined"       0.0       -0.22  0.00000000
04.04.2019 12:42:49.271   4.99600000   4995.99849   0.51  -69.9   24.5  28.0 21.00  352.1   497.1  352.12   51.53   38.82   997.5  352.19   55.98   37.64  1502.7  352.28   60.46   36.16    1.7     45769.271     13.50   47.10740   39.80800  "Undefined"       0.0       -1.51  0.00000000
04.04.2019 12:43:10.737   4.99600000   4996.00016   0.11  -72.7   28.3  28.0 11.40  355.0   815.3  355.01   54.41   38.71  1638.2  355.09   61.77   37.17  2467.5  355.23   69.16   34.74    2.0     45790.737     13.50   47.10740   39.80800  "Undefined"       0.0        0.16  0.00000000
04.04.2019 12:43:24.670   4.99600000   4995.99948   0.18  -75.2   23.8  28.0 22.80  353.5   462.7  353.56   51.24   39.06   928.9  353.61   55.40   38.18  1399.5  353.68   59.59   37.09    1.7     45804.670     13.50   47.10740   39.80800  "Undefined"       0.0       -0.52  0.00000000
04.04.2019 12:43:36.249   4.99600000   4996.00010   0.27  -71.5   25.7  28.0 12.60  353.5   756.3  353.58   53.86   38.52  1518.8  353.67   60.65   36.76  2287.8  353.82   67.48   34.14    1.6     45816.249     13.50   47.10740   39.80800  "Undefined"       0.0        0.10  0.00000000
04.04.2019 12:43:47.040   4.99600000   4995.99971   0.27  -68.6   28.7  28.0  6.00  352.1  1220.6  352.19   57.96   37.01  2450.1  352.43   68.79   31.96  3669.8  353.03   79.24   19.08    1.6     45827.040     13.50   47.10740   39.80800  "Undefined"       0.0       -0.29  0.00000000
04.04.2019 12:43:57.768   4.99600000   4995.99957   0.49  -63.9   30.7  28.0 12.00  352.1   784.6  352.17   54.09   38.17  1575.6  352.29   61.10   35.91  2372.2  352.48   68.11   32.47    1.2     45837.768     13.50   47.10740   39.80800  "Undefined"       0.0       -0.43  0.00000000
04.04.2019 12:44:08.532   4.99600000   4996.00059   0.07  -91.0   12.3  28.0 12.00  352.1   784.6  352.16   54.09   38.17  1575.6  352.27   61.10   35.90  2372.3  352.47   68.11   32.46    1.4     45848.532     13.50   47.10740   39.80800  "Undefined"       0.0        0.59  0.00000000
04.04.2019 12:44:19.280   4.99600000   4996.00015   0.62  -59.9   33.7  28.0 11.40  353.5   815.2  353.57   54.39   38.40  1637.8  353.68   61.71   36.42  2466.3  353.85   69.05   33.31    1.2     45859.280     13.50   47.10740   39.80800  "Undefined"       0.0        0.15  0.00000000
04.04.2019 12:44:29.995   4.99600000   4995.99967   0.55  -62.7   31.3  28.0 10.80  353.5   847.9  353.60   54.68   38.34  1703.7  353.70   62.30   36.23  2565.2  353.89   69.93   32.83    1.3     45869.995     13.50   47.10740   39.80800  "Undefined"       0.0       -0.33  0.00000000
04.04.2019 12:44:40.795   4.99600000   4996.00076   0.62  -59.9   33.6  28.0 10.20  353.5   882.9  353.57   54.99   38.26  1774.3  353.69   62.92   36.00  2671.1  353.90   70.86   32.22    1.1     45880.795     13.50   47.10740   39.80800  "Undefined"       0.0        0.76  0.00000000
04.04.2019 12:44:52.277   4.99600000   4996.00012   0.46  -60.0   34.7  28.0 13.80  353.5   704.8  353.56   53.40   38.62  1415.1  353.64   59.73   37.03  2132.2  353.77   66.10   34.76    1.2     45892.277     13.50   47.10740   39.80800  "Undefined"       0.0        0.12  0.00000000
04.04.2019 12:45:02.907   4.99600000   4995.99971   0.38  -59.0   36.7  28.0 15.00  352.8   659.4  352.87   52.99   38.59  1323.5  352.96   58.89   37.00  1994.1  353.09   64.84   34.81    1.2     45902.907     13.50   47.10740   39.80800  "Undefined"       0.0       -0.29  0.00000000
04.04.2019 12:45:14.762   4.99600000   4995.99972   0.62  -58.8   34.8  28.0 12.00  352.8   784.7  352.90   54.10   38.32  1575.9  353.01   61.13   36.27  2373.1  353.19   68.18   33.14    1.2     45914.762     13.50   47.10740   39.80800  "Undefined"       0.0       -0.28  0.00000000
04.04.2019 12:45:25.636   4.99600000   4995.99964   0.07  -89.4   13.8  28.0 13.20  352.8   729.8  352.89   53.61   38.44  1465.3  352.99   60.15   36.60  2207.4  353.14   66.72   33.92    1.2     45925.636     13.50   47.10740   39.80800  "Undefined"       0.0       -0.36  0.00000000
04.04.2019 12:45:36.372   4.99600000   4996.00015   0.11  -61.0   40.0  28.0 12.60  352.8   756.3  352.87   53.85   38.38  1518.7  352.97   60.63   36.43  2287.5  353.14   67.43   33.53    1.1     45936.372     13.50   47.10740   39.80800  "Undefined"       0.0        0.15  0.00000000
04.04.2019 12:46:01.048   4.99600000   4996.00003   0.24  -63.1   34.5  28.0 16.20  353.5   619.2  353.56   52.64   38.78  1242.4  353.63   58.19   37.47  1871.9  353.73   63.79   35.70    1.2     45961.048     13.50   47.10740   39.80800  "Undefined"       0.0        0.03  0.00000000
04.04.2019 12:46:12.893   4.99600000   4995.99913   0.62  -59.8   33.8  28.0  6.00  352.8  1220.7  352.91   57.98   37.27  2450.9  353.14   68.86   32.66  3673.5  353.70   79.42   20.77    1.2     45972.893     13.50   47.10740   39.80800  "Undefined"       0.0       -0.87  0.00000000
04.04.2019 12:46:36.665   4.99600000   4996.00075   0.62  -64.0   29.6  28.0  6.00  352.8  1220.7  352.92   57.98   37.27  2451.0  353.14   68.86   32.67  3673.5  353.70   79.43   20.78    1.3     45996.665     13.50   47.10740   39.80800  "Undefined"       0.0        0.75  0.00000000
04.04.2019 12:46:48.521   4.99600000   4996.00008   0.07  -88.0   15.2  28.0 10.80  352.8   847.9  352.89   54.66   38.18  1703.4  353.01   62.26   35.85  2564.4  353.22   69.86   32.09    1.4     46008.521     13.50   47.10740   39.80800  "Undefined"       0.0        0.08  0.00000000
04.04.2019 12:47:00.361   4.99600000   4996.00023   0.62  -53.9   39.6  28.0 12.00  352.8   784.7  352.89   54.10   38.32  1575.8  353.00   61.13   36.26  2373.0  353.18   68.18   33.13    1.2     46020.361     13.50   47.10740   39.80800  "Undefined"       0.0        0.23  0.00000000
04.04.2019 12:47:12.257   4.99600000   4995.99969   0.62  -57.2   36.3  28.0 10.80  352.8   847.8  352.89   54.66   38.18  1703.3  353.01   62.26   35.85  2564.4  353.22   69.86   32.09    1.1     46032.257     13.50   47.10740   39.80800  "Undefined"       0.0       -0.31  0.00000000
04.04.2019 12:47:23.025   4.99600000   4995.99957   0.62  -56.8   36.7  28.0 49.80  353.5   411.2  353.62   50.78   39.16   853.8  353.72   54.73   38.36  1323.0  353.83   58.92   37.35    1.6     46043.025     13.50   47.10740   39.80800  "Undefined"       0.0       -0.43  0.00000000
04.04.2019 12:47:23.025   4.99600000   4995.99957   0.62  -56.8   36.7  28.0 11.40  353.5   815.2  353.56   54.39   38.40  1637.7  353.66   61.71   36.41  2466.3  353.84   69.05   33.30    1.2     46043.025     13.50   47.10740   39.80800  "Undefined"       0.0       -0.43  0.00000000
04.04.2019 12:47:36.034   4.99600000   4995.99957   0.62  -58.6   34.9  28.0 10.20  353.5   882.9  353.57   54.99   38.26  1774.2  353.68   62.92   36.00  2671.0  353.89   70.86   32.22    1.1     46056.034     13.50   47.10740   39.80800  "Undefined"       0.0       -0.43  0.00000000
04.04.2019 12:47:46.768   4.99600000   4995.99969   0.40  -59.0   36.5  28.0  8.40  352.8  1005.3  352.89   56.07   37.81  2020.8  353.05   65.07   34.67  3039.9  353.37   74.01   28.70    1.2     46066.768     13.50   47.10740   39.80800  "Undefined"       0.0       -0.31  0.00000000
04.04.2019 12:47:57.498   4.99600000   4995.99980   0.07  -87.7   15.5  28.0 10.80  352.8   847.8  352.87   54.66   38.18  1703.3  352.99   62.26   35.84  2564.3  353.20   69.86   32.07    1.2     46077.498     13.50   47.10740   39.80800  "Undefined"       0.0       -0.20  0.00000000
04.04.2019 12:48:08.333   4.99600000   4995.99999   0.62  -57.9   35.7  28.0 12.00  352.8   784.7  352.88   54.10   38.32  1575.9  352.99   61.13   36.26  2373.1  353.17   68.18   33.12    1.2     46088.333     13.50   47.10740   39.80800  "Undefined"       0.0       -0.01  0.00000000
04.04.2019 12:48:42.696   4.99600000   4996.00004   0.62  -65.4   28.1  28.0 12.00  353.5   784.7  353.59   54.11   38.47  1576.0  353.69   61.16   36.61  2373.6  353.85   68.24   33.77    1.2     46122.696     13.50   47.10740   39.80800  "Undefined"       0.0        0.04  0.00000000
04.04.2019 12:48:53.444   4.99600000   4996.00425   0.33  -85.4   10.9  28.0 14.40  352.8   681.4  352.86   53.18   38.54  1367.8  352.94   59.29   36.87  2060.7  353.08   65.42   34.52    1.3     46133.444     13.50   47.10740   39.80800  "Undefined"       0.0        4.25  0.00000000
04.04.2019 12:49:05.474   4.99600000   4995.99980   0.07  -91.7   11.5  28.0 17.40  352.8   583.6  352.87   52.31   38.74  1171.3  352.94   57.54   37.41  1764.9  353.04   62.81   35.65    1.4     46145.474     13.50   47.10740   39.80800  "Undefined"       0.0       -0.20  0.00000000
04.04.2019 12:49:16.172   4.99600000   4995.99969   0.29  -62.6   34.2  28.0 12.60  352.8   756.2  352.87   53.85   38.38  1518.6  352.97   60.63   36.43  2287.4  353.14   67.42   33.53    1.3     46156.172     13.50   47.10740   39.80800  "Undefined"       0.0       -0.31  0.00000000
04.04.2019 12:49:51.366   4.99600000   4996.00014   0.62  -57.7   35.9  28.0 12.00  353.5   784.7  353.61   54.11   38.47  1576.0  353.70   61.16   36.62  2373.5  353.86   68.24   33.78    1.2     46191.366     13.50   47.10740   39.80800  "Undefined"       0.0        0.14  0.00000000
04.04.2019 12:50:02.095   4.99600000   4996.00244   0.62  -63.3   30.2  28.0  7.20  353.5  1104.6  353.60   56.97   37.79  2220.3  353.77   66.88   34.39  3337.7  354.15   76.68   27.02    1.3     46202.095     13.50   47.10740   39.80800  "Undefined"       0.0        2.44  0.00000000
04.04.2019 12:50:13.962   4.99600000   4995.99982   0.62  -64.9   28.6  28.0 10.80  352.8   847.9  352.87   54.66   38.18  1703.4  352.99   62.26   35.84  2564.4  353.20   69.86   32.07    1.3     46213.962     13.50   47.10740   39.80800  "Undefined"       0.0       -0.18  0.00000000
04.04.2019 12:50:24.682   4.99600000   4995.99778   0.62  -66.2   27.3  28.0  8.40  353.5  1005.4  353.61   56.08   38.01  2021.2  353.76   65.12   35.18  3041.3  354.04   74.11   29.78    1.4     46224.682     13.50   47.10740   39.80800  "Undefined"       0.0       -2.22  0.00000000
04.04.2019 12:50:58.073   4.99600000   4996.00083   0.62  -68.5   29.5  28.0 57.60  349.9   382.4  350.09   50.49   38.88   797.5  350.32   54.16   37.75  1240.9  350.54   58.07   36.36    1.9     46258.073     13.50   47.10740   39.80800  "Undefined"      66.1        0.83  0.00000000
04.04.2019 12:50:58.073   4.99600000   4996.00083   0.62  -68.5   29.5  28.0 10.80  353.5   848.0  353.60   54.68   38.34  1703.7  353.71   62.30   36.24  2565.0  353.90   69.93   32.84    1.4     46258.073     13.50   47.10740   39.80800  "Undefined"      66.1        0.83  0.00000000
04.04.2019 12:51:08.801   4.99600000   4996.00220   0.62  -65.9   32.1  28.0 10.20  353.5   883.0  353.62   54.99   38.27  1774.4  353.74   62.93   36.03  2671.0  353.94   70.86   32.28    1.2     46268.801     13.50   47.10740   39.80800  "Undefined"      65.8        2.20  0.00000000
04.04.2019 12:51:19.511   4.99600000   4996.00055   0.62  -67.8   25.7  28.0 59.10  348.5   352.6  348.67   50.21   38.83   740.6  348.92   53.63   37.65  1161.0  349.18   57.32   36.19    1.6     46279.511     13.50   47.10740   39.80800  "Undefined"       0.0        0.55  0.00000000
04.04.2019 12:51:19.511   4.99600000   4996.00055   0.62  -67.8   25.7  28.0 10.80  353.5   848.0  353.57   54.68   38.34  1703.7  353.68   62.30   36.22  2565.0  353.87   69.92   32.81    1.3     46279.511     13.50   47.10740   39.80800  "Undefined"       0.0        0.55  0.00000000
04.04.2019 12:51:52.825   4.99600000   4996.00601   0.24  -79.9   17.7  28.0 54.60  350.6   459.0  350.83   51.18   38.76  1030.1  351.13   56.24   37.25  1595.9  351.43   61.24   35.40    1.8     46312.825     13.50   47.10740   39.80800  "Undefined"       0.0        6.01  0.00000000
04.04.2019 12:52:04.681   4.99600000   4995.99783   0.62  -67.3   26.2  28.0 54.60  350.6   458.6  350.83   51.18   38.76  1042.0  351.13   56.34   37.21  1611.9  351.43   61.38   35.34    1.4     46324.681     13.50   47.10740   39.80800  "Undefined"       0.0       -2.17  0.00000000
04.04.2019 12:52:04.681   4.99600000   4995.99783   0.62  -67.3   26.2  28.0 13.20  352.1   729.8  352.16   53.60   38.30  1465.3  352.27   60.12   36.28  2207.0  352.44   66.67   33.33    1.3     46324.681     13.50   47.10740   39.80800  "Undefined"       0.0       -2.17  0.00000000
04.04.2019 12:52:15.555   4.99600000   4995.99963   0.62  -60.9   32.7  28.0 57.60  354.2   382.3  354.33   50.53   39.27   796.8  354.43   54.23   38.62  1239.4  354.51   58.19   37.80    1.7     46335.555     13.50   47.10740   39.80800  "Undefined"       0.0       -0.37  0.00000000
04.04.2019 12:52:15.555   4.99600000   4995.99963   0.62  -60.9   32.7  28.0 14.40  353.5   681.5  353.56   53.19   38.66  1368.0  353.64   59.31   37.16  2060.9  353.77   65.47   35.04    1.2     46335.555     13.50   47.10740   39.80800  "Undefined"       0.0       -0.37  0.00000000
04.04.2019 12:52:27.405   4.99600000   4995.99978   0.62  -57.9   35.7  28.0 13.80  353.5   704.9  353.56   53.40   38.62  1415.2  353.65   59.73   37.04  2132.2  353.78   66.10   34.77    1.3     46347.405     13.50   47.10740   39.80800  "Undefined"       0.0       -0.22  0.00000000
04.04.2019 12:52:38.103   4.99600000   4995.99984   0.62  -57.7   33.8  28.0 10.20  353.5   883.0  353.59   54.99   38.27  1774.4  353.71   62.92   36.01  2671.0  353.92   70.86   32.25    1.2     46358.103     13.50   47.10740   39.80800  "Undefined"       0.0       -0.16  0.00000000
04.04.2019 12:52:48.847   4.99600000   4996.00131   0.62  -55.3   36.2  28.0 10.20  353.5   883.0  353.59   54.99   38.27  1774.3  353.70   62.92   36.01  2670.9  353.91   70.86   32.24    1.2     46368.847     13.50   47.10740   39.80800  "Undefined"       0.0        1.31  0.00000000
04.04.2019 12:52:59.576   4.99600000   4995.99967   0.62  -57.8   33.7  28.0 11.40  353.5   815.4  353.55   54.39   38.40  1637.9  353.66   61.71   36.41  2466.4  353.83   69.05   33.29    1.2     46379.576     13.50   47.10740   39.80800  "Undefined"       0.0       -0.33  0.00000000
04.04.2019 12:53:10.295   4.99600000   4996.00041   0.62  -55.2   36.3  28.0  9.60  353.5   920.8  353.58   55.33   38.19  1850.6  353.71   63.60   35.76  2785.5  353.94   71.86   31.55    1.2     46390.295     13.50   47.10740   39.80800  "Undefined"       0.0        0.41  0.00000000
04.04.2019 12:53:21.028   4.99600000   4996.00083   0.62  -56.7   34.8  28.0  9.60  353.5   920.8  353.57   55.33   38.18  1850.7  353.69   63.60   35.75  2785.7  353.93   71.86   31.53    1.2     46401.028     13.50   47.10740   39.80800  "Undefined"       0.0        0.83  0.00000000
04.04.2019 12:53:31.787   4.99600000   4996.00063   0.62  -56.1   35.4  28.0 10.20  353.5   883.0  353.57   54.99   38.26  1774.3  353.69   62.92   36.00  2670.9  353.90   70.86   32.23    1.2     46411.787     13.50   47.10740   39.80800  "Undefined"       0.0        0.63  0.00000000
04.04.2019 12:53:42.545   4.99600000   4996.00022   0.62  -56.3   35.2  28.0  8.40  353.5  1005.5  353.59   56.08   38.01  2021.1  353.73   65.11   35.17  3041.0  354.02   74.10   29.75    1.2     46422.545     13.50   47.10740   39.80800  "Undefined"       0.0        0.22  0.00000000
04.04.2019 12:53:53.293   4.99600000   4996.00137   0.62  -57.5   34.0  28.0  9.60  353.5   920.8  353.57   55.33   38.18  1850.6  353.69   63.60   35.75  2785.5  353.93   71.86   31.53    1.2     46433.293     13.50   47.10740   39.80800  "Undefined"       0.0        1.37  0.00000000
04.04.2019 12:54:04.109   4.99600000   4996.00111   0.62  -60.3   31.3  28.0 13.20  352.8   729.8  352.88   53.61   38.44  1465.4  352.97   60.15   36.60  2207.4  353.13   66.72   33.91    1.2     46444.109     13.50   47.10740   39.80800  "Undefined"       0.0        1.11  0.00000000
04.04.2019 12:54:16.067   4.99600000   4996.00193   0.62  -61.2   30.4  28.0  9.60  353.5   920.8  353.59   55.33   38.19  1850.7  353.72   63.60   35.76  2785.7  353.95   71.87   31.56    1.3     46456.067     13.50   47.10740   39.80800  "Undefined"       0.0        1.93  0.00000000
04.04.2019 12:54:26.806   4.99600000   4995.99965   0.62  -59.1   34.4  28.0 58.80  357.1   357.6  357.14   50.32   39.56   749.5  357.15   53.84   39.24  1172.0  357.13   57.63   38.83    1.5     46466.806     13.50   47.10740   39.80800  "Undefined"       0.0       -0.35  0.00000000
04.04.2019 12:54:26.806   4.99600000   4995.99965   0.62  -59.1   34.4  28.0 11.40  352.8   815.3  352.90   54.38   38.26  1637.7  353.01   61.68   36.07  2465.8  353.20   69.00   32.65    1.2     46466.806     13.50   47.10740   39.80800  "Undefined"       0.0       -0.35  0.00000000
04.04.2019 12:54:37.605   4.99600000   4996.00054   0.62  -60.5   33.0  28.0  9.60  353.5   920.8  353.57   55.33   38.18  1850.7  353.69   63.60   35.75  2785.7  353.92   71.86   31.53    1.1     46477.605     13.50   47.10740   39.80800  "Undefined"       0.0        0.54  0.00000000
04.04.2019 12:54:48.368   4.99600000   4995.99993   0.07  -93.1   10.1  28.0 17.40  352.8   583.7  352.85   52.31   38.74  1171.3  352.93   57.54   37.40  1764.8  353.03   62.81   35.64    1.4     46488.368     13.50   47.10740   39.80800  "Undefined"       0.0       -0.07  0.00000000
04.04.2019 12:55:20.553   4.99600000   4996.00030   0.62  -63.1   28.4  28.0  5.40  352.8  1286.9  352.92   58.57   37.09  2582.7  353.16   70.01   31.91  3864.0  353.84   81.00   16.78    1.2     46520.553     13.50   47.10740   39.80800  "Undefined"       0.0        0.30  0.00000000
04.04.2019 12:55:42.072   4.99600000   4996.00166   0.62  -61.7   31.8  28.0  9.60  353.5   920.8  353.59   55.33   38.19  1850.6  353.71   63.60   35.76  2785.5  353.94   71.86   31.56    1.2     46542.072     13.50   47.10740   39.80800  "Undefined"       0.0        1.66  0.00000000
04.04.2019 12:55:52.826   4.99600000   4996.00239   0.62  -59.6   31.9  28.0 12.60  353.5   756.4  353.56   53.86   38.52  1518.9  353.66   60.65   36.76  2288.0  353.81   67.48   34.13    1.2     46552.826     13.50   47.10740   39.80800  "Undefined"       0.0        2.39  0.00000000
04.04.2019 12:56:03.543   4.99600000   4996.00061   0.62  -59.8   33.7  28.0 12.60  352.8   756.4  352.89   53.85   38.38  1518.8  352.99   60.63   36.44  2287.6  353.15   67.43   33.54    1.2     46563.543     13.50   47.10740   39.80800  "Undefined"       0.0        0.61  0.00000000
04.04.2019 12:56:15.452   4.99600000   4995.99813   0.62  -61.5   32.0  28.0  9.60  353.5   920.8  353.57   55.33   38.18  1850.7  353.70   63.60   35.75  2785.6  353.93   71.86   31.54    1.4     46575.452     13.50   47.10740   39.80800  "Undefined"       0.0       -1.87  0.00000000
04.04.2019 12:56:26.200   4.99600000   4996.00314   0.62  -65.5   28.0  28.0  8.40  354.2  1005.5  354.30   56.10   38.20  2021.5  354.43   65.15   35.67  3042.3  354.69   74.19   30.83    1.4     46586.200     13.50   47.10740   39.80800  "Undefined"       0.0        3.14  0.00000000
04.04.2019 12:56:48.771   4.99600000   4996.00179   0.62  -64.7   28.8  28.0 12.60  352.8   756.3  352.89   53.85   38.38  1518.7  352.99   60.63   36.44  2287.5  353.15   67.43   33.54    1.3     46608.771     13.50   47.10740   39.80800  "Undefined"       0.0        1.79  0.00000000
04.04.2019 12:56:59.492   4.99600000   4996.00053   0.62  -65.0   28.5  28.0 13.20  353.5   729.8  353.60   53.62   38.58  1465.5  353.69   60.18   36.92  2207.8  353.82   66.77   34.49    1.4     46619.492     13.50   47.10740   39.80800  "Undefined"       0.0        0.53  0.00000000
04.04.2019 12:57:10.216   4.99600000   4996.00106   0.62  -62.9   30.6  28.0 16.80  353.5   601.1  353.59   52.48   38.82  1206.4  353.65   57.87   37.57  1817.5  353.75   63.31   35.90    1.3     46630.216     13.50   47.10740   39.80800  "Undefined"       0.0        1.06  0.00000000
04.04.2019 12:57:20.961   4.99600000   4996.00035   0.62  -60.9   32.6  28.0 54.00  354.2   438.4  354.34   51.03   39.19   922.8  354.47   55.36   38.40  1540.5  354.63   60.88   37.17    1.7     46640.961     13.50   47.10740   39.80800  "Undefined"       0.0        0.35  0.00000000
04.04.2019 12:57:20.961   4.99600000   4996.00035   0.62  -60.9   32.6  28.0 18.00  353.5   567.3  353.55   52.17   38.87  1138.4  353.62   57.27   37.71  1715.2  353.71   62.40   36.20    1.2     46640.961     13.50   47.10740   39.80800  "Undefined"       0.0        0.35  0.00000000
04.04.2019 12:57:31.721   4.99600000   4996.00056   0.62  -61.8   31.7  28.0 14.40  354.2   681.5  354.27   53.20   38.79  1368.1  354.34   59.33   37.45  2061.3  354.45   65.51   35.55    1.2     46651.721     13.50   47.10740   39.80800  "Undefined"       0.0        0.56  0.00000000
04.04.2019 12:57:42.455   4.99600000   4995.99948   0.62  -62.6   30.9  28.0 12.00  353.5   785.0  353.56   54.12   38.46  1576.9  353.66   61.17   36.59  2374.9  353.82   68.25   33.74    1.2     46662.455     13.50   47.10740   39.80800  "Undefined"       0.0       -0.52  0.00000000
04.04.2019 12:57:53.258   4.99600000   4995.99972   0.62  -64.7   28.8  28.0  7.20  352.8  1104.6  352.87   56.95   37.56  2219.9  353.06   66.83   33.79  3335.5  353.47   76.55   25.66    1.3     46673.258     13.50   47.10740   39.80800  "Undefined"       0.0       -0.28  0.00000000
04.04.2019 12:58:03.983   4.99600000   4995.99882   0.53  -67.7   26.5  28.0 12.00  352.1   785.0  352.16   54.09   38.17  1576.5  352.28   61.11   35.90  2373.6  352.47   68.13   32.45    1.7     46683.983     13.50   47.10740   39.80800  "Undefined"       0.0       -1.18  0.00000000
04.04.2019 12:58:26.631   4.99600000   4995.99917   0.62  -63.1   30.4  28.0  5.40  352.8  1286.9  352.93   58.57   37.09  2582.7  353.18   70.02   31.93  3864.1  353.85   81.00   16.82    1.2     46706.631     13.50   47.10740   39.80800  "Undefined"       0.0       -0.83  0.00000000
04.04.2019 12:59:03.283   4.99600000   4995.99983   0.62  -61.2   30.4  28.0  7.80  352.8  1053.1  352.90   56.49   37.70  2116.8  353.07   65.92   34.27  3182.8  353.43   75.25   27.38    1.2     46743.283     13.50   47.10740   39.80800  "Undefined"       0.0       -0.17  0.00000000
04.04.2019 12:59:15.218   4.99600000   4995.99988   0.62  -59.7   31.8  28.0  8.40  353.5  1005.5  353.59   56.08   38.01  2021.2  353.74   65.11   35.17  3041.1  354.03   74.10   29.75    1.2     46755.218     13.50   47.10740   39.80800  "Undefined"       0.0       -0.12  0.00000000
04.04.2019 12:59:28.155   4.99600000   4995.99880   0.62  -61.3   30.2  28.0 12.00  353.5   785.0  353.60   54.12   38.47  1576.9  353.69   61.17   36.61  2375.1  353.85   68.25   33.77    1.2     46768.155     13.50   47.10740   39.80800  "Undefined"       0.0       -1.20  0.00000000
