
[strDate]   [strTime]   [Frq_rpu]    [Frq_meg]    [Band]  [E]   [S_N] [Att]  [B]     [A]    [S0]  [aIRI0]   [Lat0]  [Lon0]   [S1]  [aIRI1]  [Lat1]  [Lon1]   [S2]  [aIRI2]  [Lat2]  [Lon2] [Sigm] [Time_sec]  [Cource]  [BaseLat]  [BaseLon]  [TypeSignalName]  [DispApd]  [Dopler]  [Delay]
04.04.2019 09:59:52.074   4.99600000   4995.99990   0.62  -44.5   49.5  28.0 15.00  353.5   666.2  353.55   53.19   38.59  1336.0  353.63   59.16   37.13  2008.3  353.74   65.13   35.10    1.2     35992.074     13.50   47.24000   39.71000  "Undefined"      62.3       -0.10  0.00000000
04.04.2019 10:00:05.911   4.99600000   4995.99991   0.62  -43.3   51.3  28.0  6.60  352.8  1166.2  352.92   57.63   37.31  2334.9  353.12   67.97   33.14  3498.9  353.61   78.08   23.36    1.4     36005.911     13.50   47.24000   39.71000  "Undefined"      66.6       -0.09  0.00000000
04.04.2019 10:00:17.564   4.99600000   4995.99989   0.58  -48.1   46.9  28.0 16.20  352.8   626.2  352.86   52.82   38.55  1255.8  352.93   58.42   37.07  1887.9  353.05   64.03   35.08    1.7     36017.564     13.50   47.24000   39.71000  "Undefined"      69.7       -0.11  0.00000000
04.04.2019 10:00:28.138   4.99600000   4995.99992   0.42  -46.5   48.7  28.0 11.40  353.5   822.2  353.58   54.58   38.29  1648.3  353.69   61.94   36.28  2476.8  353.86   69.28   33.13    1.8     36028.138     13.50   47.24000   39.71000  "Undefined"       0.0       -0.08  0.00000000
04.04.2019 10:00:28.138   4.99600000   4995.99992   0.42  -46.5   48.7  28.0 46.20  355.7   512.3  355.20   51.83   39.09  1072.8  354.91   56.84   38.15  1700.0  354.79   62.44   36.74    1.5     36028.138     13.50   47.24000   39.71000  "Undefined"       0.0       -0.08  0.00000000
04.04.2019 10:00:39.833   4.99600000   4995.99992   0.40  -52.6   45.4  28.0 55.20  347.0   417.9  346.94   50.89   38.36   869.8  346.98   54.83   36.66  1387.5  347.12   59.30   34.29    1.7     36039.833     13.50   47.24000   39.71000  "Undefined"      65.7       -0.08  0.00000000
04.04.2019 10:00:52.599   4.99600000   4995.99993   0.42  -52.4   46.5  28.0 29.40  353.5   386.5  353.54   50.69   39.09   780.5  353.57   54.21   38.37  1184.9  353.61   57.81   37.50    1.9     36052.599     13.50   47.24000   39.71000  "Undefined"      63.4       -0.07  0.00000000
04.04.2019 10:01:48.705   4.99600000   4995.99990   0.49  -50.5   46.1  28.0 19.80  354.2   530.1  354.26   51.98   38.94  1064.1  354.31   56.75   37.99  1601.1  354.38   61.54   36.78    1.7     36108.705     13.50   47.24000   39.71000  "Undefined"      69.4       -0.10  0.00000000
04.04.2019 10:02:10.957   4.99600000   4995.99992   0.46  -47.7   47.0  28.0 45.60  352.1   521.7  351.76   51.88   38.62  1094.0  351.63   56.95   37.10  1733.2  351.67   62.59   34.86    1.8     36130.957     13.50   47.24000   39.71000  "Undefined"       0.0       -0.08  0.00000000
04.04.2019 10:02:10.957   4.99600000   4995.99992   0.46  -47.7   47.0  28.0 16.80  354.2   607.8  354.27   52.68   38.81  1219.5  354.33   58.14   37.67  1833.8  354.41   63.62   36.14    1.4     36130.957     13.50   47.24000   39.71000  "Undefined"       0.0       -0.08  0.00000000
04.04.2019 10:02:22.621   4.99600000   4995.99991   0.58  -45.6   48.3  28.0 19.20  353.5   543.9  353.54   52.10   38.82  1091.6  353.60   56.98   37.71  1642.2  353.68   61.88   36.29    1.4     36142.621     13.50   47.24000   39.71000  "Undefined"       0.0       -0.09  0.00000000
04.04.2019 10:02:33.325   4.99600000   4995.99991   0.62  -44.9   48.6  28.0 19.80  352.8   530.1  352.85   51.97   38.75  1064.1  352.91   56.72   37.57  1601.1  353.00   61.49   36.07    1.2     36153.325     13.50   47.24000   39.71000  "Undefined"       0.0       -0.09  0.00000000
04.04.2019 10:02:43.928   4.99600000   4995.99990   0.55  -46.4   48.4  28.0 20.40  353.5   516.9  353.55   51.86   38.87  1037.8  353.60   56.50   37.83  1561.9  353.68   61.17   36.53    1.8     36163.928     13.50   47.24000   39.71000  "Undefined"      62.9       -0.10  0.00000000
04.04.2019 10:02:54.508   4.99600000   4995.99992   0.46  -48.8   45.9  28.0 20.40  354.2   516.9  354.27   51.86   38.96  1037.8  354.31   56.52   38.04  1561.8  354.38   61.19   36.88    1.8     36174.508     13.50   47.24000   39.71000  "Undefined"       0.0       -0.08  0.00000000
04.04.2019 10:03:05.139   4.99600000   4995.99994   0.44  -52.2   45.0  28.0 21.00  354.2   504.4  354.26   51.75   38.98  1012.8  354.30   56.30   38.09  1524.6  354.37   60.86   36.97    1.7     36185.139     13.50   47.24000   39.71000  "Undefined"      62.7       -0.06  0.00000000
04.04.2019 10:04:50.166   4.99600000   4995.99988   0.51  -50.8   44.2  28.0 12.00  353.5   791.7  353.58   54.31   38.35  1586.9  353.67   61.39   36.46  2384.4  353.84   68.46   33.57    1.7     36290.166     13.50   47.24000   39.71000  "Undefined"      62.4       -0.12  0.00000000
04.04.2019 10:05:00.744   4.99600000   4995.99989   0.44  -52.3   42.7  28.0 12.00  352.8   791.7  352.85   54.30   38.20  1586.8  352.96   61.36   36.09  2384.0  353.14   68.40   32.90    1.4     36300.744     13.50   47.24000   39.71000  "Undefined"       0.0       -0.11  0.00000000
04.04.2019 10:05:26.578   4.99600000   4995.99992   0.46  -51.9   40.9  28.0 15.60  353.5   645.7  353.55   53.01   38.63  1295.1  353.62   58.79   37.23  1946.7  353.73   64.59   35.32    1.5     36326.578     13.50   47.24000   39.71000  "Undefined"       0.0       -0.08  0.00000000
04.04.2019 10:05:37.146   4.99600000   4995.99989   0.46  -49.4   45.4  28.0 19.80  352.8   528.5  352.84   51.95   38.75  1061.4  352.90   56.70   37.57  1598.0  352.98   61.46   36.07    1.2     36337.146     13.50   47.24000   39.71000  "Undefined"      -0.0       -0.11  0.00000000
04.04.2019 10:05:48.784   4.99600000   4995.99995   0.46  -50.6   44.2  28.0 16.80  352.8   606.4  352.84   52.65   38.59  1217.4  352.91   58.08   37.17  1831.8  353.02   63.53   35.27    1.5     36348.784     13.50   47.24000   39.71000  "Undefined"       0.0       -0.05  0.00000000
04.04.2019 10:06:00.441   4.99600000   4995.99995   0.46  -51.7   44.0  28.0 16.80  353.5   606.3  353.56   52.66   38.70  1217.3  353.63   58.10   37.42  1831.6  353.73   63.57   35.72    1.9     36360.441     13.50   47.24000   39.71000  "Undefined"      62.7       -0.05  0.00000000
04.04.2019 10:06:58.758   4.99600000   4995.99991   0.42  -53.6   44.4  28.0 51.60  358.6   514.0  357.64   51.86   39.40  1047.9  356.88   56.65   38.78  1583.4  356.40   61.44   37.86    1.9     36418.758     13.50   47.24000   39.71000  "Undefined"      62.4       -0.09  0.00000000
04.04.2019 10:07:11.512   4.99600000   4995.84755   0.22  -89.4    2.6  28.0 42.00  357.8   475.3  357.55   51.51   39.42  1036.5  357.22   56.55   38.89  1699.6  356.95   62.50   37.97    1.8     36431.512     13.50   47.24000   39.71000  "Undefined"       0.0     -152.45  0.00000000
04.04.2019 10:08:11.653   4.99600000   4996.00022   0.07  -87.3   15.9  28.0 19.20  352.8   542.4  352.84   52.08   38.72  1089.4  352.90   56.95   37.50  1639.8  352.99   61.83   35.94    1.8     36491.653     13.50   47.24000   39.71000  "Undefined"       0.0        0.22  0.00000000
04.04.2019 10:08:34.960   4.99600000   4995.99935   0.07  -90.3   13.0  28.0 18.00  354.2   572.6  354.28   52.36   38.87  1149.7  354.33   57.52   37.82  1730.4  354.41   62.70   36.44    1.5     36514.960     13.50   47.24000   39.71000  "Undefined"       0.0       -0.65  0.00000000
04.04.2019 10:08:45.571   4.99600000   4995.99983   0.07  -88.9   14.3  28.0 18.00  352.8   572.6  352.85   52.35   38.66  1149.7  352.92   57.48   37.35  1730.3  353.02   62.63   35.64    1.8     36525.571     13.50   47.24000   39.71000  "Undefined"       0.0       -0.17  0.00000000
04.04.2019 10:08:57.202   4.99600000   4996.00071   0.33  -49.5   44.7  28.0 15.00  353.5   664.9  353.56   53.18   38.59  1334.7  353.63   59.15   37.13  2007.4  353.75   65.12   35.11    1.2     36537.202     13.50   47.24000   39.71000  "Undefined"       0.0        0.71  0.00000000
04.04.2019 10:09:08.902   4.99600000   4995.83856   0.22  -75.8   20.2  28.0 12.00  353.5   790.6  353.57   54.30   38.35  1586.5  353.66   61.39   36.45  2384.7  353.83   68.46   33.56    1.3     36548.902     13.50   47.24000   39.71000  "Undefined"       0.0     -161.44  0.00000000
04.04.2019 10:09:32.337   4.99600000   4995.78897   0.15  -84.5   13.1  28.0 12.00  352.1   790.6  352.14   54.27   38.05  1586.3  352.26   61.33   35.74  2383.9  352.46   68.35   32.24    1.5     36572.337     13.50   47.24000   39.71000  "Undefined"       0.0     -211.03  0.00000000
04.04.2019 10:09:44.018   4.99600000   4996.00039   0.31  -58.1   36.5  28.0  9.60  353.5   926.8  353.60   55.51   38.07  1858.7  353.73   63.81   35.63  2792.0  353.96   72.05   31.38    1.7     36584.018     13.50   47.24000   39.71000  "Undefined"       0.0        0.39  0.00000000
04.04.2019 10:10:07.307   4.99600000   4996.16935   0.62  -88.2    9.8  28.0  7.20  352.8  1110.7  352.91   57.14   37.45  2226.2  353.10   67.01   33.66  3338.6  353.51   76.72   25.47    1.7     36607.307     13.50   47.24000   39.71000  "Undefined"      63.7      169.35  0.00000000
04.04.2019 10:10:07.307   4.99600000   4996.16935   0.62  -88.2    9.8  28.0 52.20  357.1   532.8  356.23   52.02   39.20  1072.6  355.56   56.85   38.35  1607.6  355.18   61.63   37.18    1.6     36607.307     13.50   47.24000   39.71000  "Undefined"      63.7      169.35  0.00000000
04.04.2019 10:10:07.307   4.99600000   4996.00006   0.18  -63.1   35.9  28.0 51.00  356.4   466.7  355.60   51.42   39.19   982.5  354.92   56.04   38.31  1516.5  354.53   60.79   37.07    1.8     36607.307     13.50   47.24000   39.71000  "Undefined"       0.0        0.06  0.00000000
04.04.2019 10:10:07.307   4.99600000   4996.00006   0.18  -63.1   35.9  28.0  5.40  352.8  1292.5  352.92   58.75   36.97  2589.1  353.17   70.20   31.73  3871.0  353.86   81.18   16.23    1.7     36607.307     13.50   47.24000   39.71000  "Undefined"       0.0        0.06  0.00000000
04.04.2019 10:10:18.988   4.99600000   4996.00010   0.22  -65.5   32.5  28.0 15.60  352.1   644.0  352.15   52.97   38.40  1292.5  352.24   58.73   36.71  1943.9  352.37   64.48   34.40    1.4     36618.988     13.50   47.24000   39.71000  "Undefined"       0.0        0.10  0.00000000
04.04.2019 10:10:31.382   4.99600000   4995.99998   0.29  -63.9   33.0  28.0 10.20  351.4   888.8  351.47   55.13   37.64  1782.2  351.62   63.02   34.62  2676.2  351.89   70.82   29.63    1.6     36631.382     13.50   47.24000   39.71000  "Undefined"       0.0       -0.02  0.00000000
04.04.2019 10:10:31.382   4.99600000   4995.99998   0.29  -63.9   33.0  28.0 52.20  355.0   533.3  354.09   52.01   38.91  1069.6  353.50   56.78   37.73  1606.3  353.23   61.55   36.17    1.6     36631.382     13.50   47.24000   39.71000  "Undefined"       0.0       -0.02  0.00000000
04.04.2019 10:10:44.169   4.99600000   4996.16798   0.62  -91.0    6.6  28.0 14.40  352.8   686.9  352.85   53.36   38.42  1378.6  352.94   59.51   36.73  2073.2  353.07   65.67   34.34    1.9     36644.169     13.50   47.24000   39.71000  "Undefined"      63.5      167.98  0.00000000
04.04.2019 10:10:44.169   4.99600000   4995.99994   0.18  -64.8   34.2  28.0 12.60  352.8   761.8  352.87   54.03   38.26  1528.6  352.97   60.85   36.29  2297.9  353.14   67.65   33.34    1.8     36644.169     13.50   47.24000   39.71000  "Undefined"       0.0       -0.06  0.00000000
04.04.2019 10:10:55.842   4.99600000   4995.99975   0.22  -60.7   33.3  28.0 18.00  353.5   572.6  353.55   52.35   38.76  1149.8  353.61   57.50   37.58  1730.4  353.70   62.67   36.03    1.8     36655.842     13.50   47.24000   39.71000  "Undefined"       0.0       -0.25  0.00000000
04.04.2019 10:11:20.381   4.99600000   4995.99972   0.24  -60.1   37.5  28.0 12.60  352.8   761.9  352.85   54.03   38.26  1528.7  352.95   60.85   36.28  2298.0  353.11   67.65   33.32    1.4     36680.381     13.50   47.24000   39.71000  "Undefined"       0.0       -0.28  0.00000000
04.04.2019 10:11:54.314   4.99600000   4996.00131   0.40  -57.9   37.5  28.0 16.80  353.5   606.3  353.57   52.66   38.70  1217.3  353.63   58.10   37.42  1831.6  353.73   63.57   35.72    1.5     36714.314     13.50   47.24000   39.71000  "Undefined"       0.0        1.31  0.00000000
04.04.2019 10:11:54.314   4.99600000   4996.00131   0.40  -57.9   37.5  28.0 58.80  349.2   380.6  348.68   50.59   38.65   808.1  348.23   54.33   37.17  1279.5  348.06   58.43   35.19    1.4     36714.314     13.50   47.24000   39.71000  "Undefined"       0.0        1.31  0.00000000
04.04.2019 10:12:09.189   4.99600000   4995.99982   0.40  -59.4   36.0  28.0 19.20  353.5   542.4  353.57   52.09   38.82  1089.4  353.62   56.96   37.72  1639.8  353.70   61.86   36.31    1.5     36729.189     13.50   47.24000   39.71000  "Undefined"       0.0       -0.18  0.00000000
04.04.2019 10:12:31.566   4.99600000   4996.00018   0.13  -62.4   37.8  28.0  7.80  352.8  1059.2  352.89   56.68   37.57  2123.1  353.06   66.10   34.11  3185.5  353.43   75.40   27.13    1.5     36751.566     13.50   47.24000   39.71000  "Undefined"       0.0        0.18  0.00000000
04.04.2019 10:12:43.254   4.99600000   4996.00007   0.46  -59.8   33.0  28.0 12.60  353.5   761.8  353.58   54.04   38.41  1528.7  353.67   60.87   36.63  2298.2  353.83   67.70   33.97    1.7     36763.254     13.50   47.24000   39.71000  "Undefined"       0.0        0.07  0.00000000
04.04.2019 10:12:59.205   4.99600000   4996.00008   0.13  -61.3   38.9  28.0 54.60  357.1   451.7  356.40   51.29   39.30   933.4  355.77   55.61   38.62  1435.3  355.34   60.09   37.62    1.9     36779.205     13.50   47.24000   39.71000  "Undefined"       0.0        0.08  0.00000000
04.04.2019 10:13:16.279   4.99600000   4996.00065   0.62  -56.0   35.6  28.0 13.80  353.5   710.3  353.56   53.58   38.51  1425.4  353.64   59.95   36.90  2143.4  353.77   66.33   34.59    1.1     36796.279     13.50   47.24000   39.71000  "Undefined"       0.0        0.65  0.00000000
04.04.2019 10:13:27.924   4.99600000   4995.99943   0.62  -57.2   36.3  28.0 13.20  353.5   735.2  353.56   53.81   38.46  1475.5  353.65   60.40   36.76  2218.5  353.79   66.99   34.29    1.1     36807.924     13.50   47.24000   39.71000  "Undefined"       0.0       -0.57  0.00000000
04.04.2019 10:13:52.285   4.99600000   4995.99986   0.60  -60.6   33.1  28.0 12.00  353.5   790.6  353.59   54.30   38.35  1586.4  353.68   61.39   36.46  2384.6  353.85   68.46   33.58    1.4     36832.285     13.50   47.24000   39.71000  "Undefined"       0.0       -0.14  0.00000000
04.04.2019 10:14:04.985   4.99600000   4996.00021   0.49  -59.8   34.8  28.0 11.40  354.2   820.8  354.28   54.58   38.44  1646.8  354.37   61.95   36.65  2475.5  354.53   69.32   33.84    1.3     36844.985     13.50   47.24000   39.71000  "Undefined"       0.0        0.21  0.00000000
04.04.2019 10:14:28.306   4.99600000   4995.99977   0.49  -59.9   34.7  28.0 54.01  350.6   463.7  350.00   51.34   38.55   950.6  349.56   55.62   36.98  1462.9  349.44   60.10   34.91    1.6     36868.306     13.50   47.24000   39.71000  "Undefined"       0.0       -0.23  0.00000000
04.04.2019 10:14:51.667   4.99600000   4995.84798   0.62  -82.9   15.1  28.0 15.60  352.8   644.0  352.84   52.98   38.51  1292.4  352.92   58.75   36.97  1944.0  353.04   64.52   34.86    1.4     36891.667     13.50   47.24000   39.71000  "Undefined"      63.4     -152.02  0.00000000
04.04.2019 10:14:51.667   4.99600000   4995.99979   0.18  -53.6   45.4  28.0 16.20  352.8   624.6  352.84   52.81   38.55  1253.5  352.92   58.40   37.07  1885.3  353.03   64.01   35.08    1.8     36891.667     13.50   47.24000   39.71000  "Undefined"       0.0       -0.21  0.00000000
04.04.2019 10:15:06.590   4.99600000   4996.00021   0.62  -62.6   30.9  28.0 49.20  357.8   449.4  357.13   51.28   39.39   968.6  356.44   55.93   38.75  1523.8  355.99   60.90   37.76    1.6     36906.590     13.50   47.24000   39.71000  "Undefined"       0.0        0.21  0.00000000
04.04.2019 10:15:06.590   4.99600000   4996.00021   0.62  -62.6   30.9  28.0 16.80  352.8   606.4  352.86   52.65   38.59  1217.4  352.93   58.08   37.18  1831.8  353.04   63.53   35.29    1.2     36906.590     13.50   47.24000   39.71000  "Undefined"       0.0        0.21  0.00000000
04.04.2019 10:15:18.610   4.99600000   4996.00039   0.07  -84.1   19.1  28.0 17.40  353.5   588.9  353.56   52.50   38.74  1182.6  353.62   57.79   37.51  1779.8  353.72   63.11   35.88    1.3     36918.610     13.50   47.24000   39.71000  "Undefined"       0.0        0.39  0.00000000
04.04.2019 10:15:29.182   4.99600000   4995.99971   0.62  -53.1   34.4  28.0 18.60  353.5   557.0  353.53   52.22   38.79  1118.6  353.59   57.22   37.65  1683.7  353.68   62.25   36.17    1.1     36929.182     13.50   47.24000   39.71000  "Undefined"       0.0       -0.29  0.00000000
04.04.2019 10:15:40.882   4.99600000   4995.99988   0.46  -54.4   43.1  28.0 22.20  353.5   479.5  353.53   51.52   38.93   963.6  353.58   55.84   37.99  1451.8  353.64   60.19   36.83    1.3     36940.882     13.50   47.24000   39.71000  "Undefined"      66.2       -0.12  0.00000000
04.04.2019 10:15:51.484   4.99600000   4996.00006   0.51  -46.7   45.6  28.0 53.99  355.7   466.1  354.96   51.42   39.12   956.7  354.37   55.79   38.21  1466.1  354.02   60.33   36.96    1.3     36951.484     13.50   47.24000   39.71000  "Undefined"       0.0        0.06  0.00000000
04.04.2019 10:15:51.484   4.99600000   4996.00006   0.51  -46.7   45.6  28.0 19.20  352.8   542.4  352.86   52.08   38.72  1089.4  352.92   56.95   37.51  1639.8  353.01   61.83   35.95    1.2     36951.484     13.50   47.24000   39.71000  "Undefined"       0.0        0.06  0.00000000
04.04.2019 10:16:03.146   4.99600000   4996.00007   0.31  -59.2   35.3  28.0 20.40  353.5   515.3  353.53   51.84   38.87  1035.1  353.58   56.48   37.83  1558.7  353.66   61.14   36.53    1.2     36963.146     13.50   47.24000   39.71000  "Undefined"       0.0        0.07  0.00000000
04.04.2019 10:16:36.040   4.99600000   4995.99969   0.31  -60.5   36.0  28.0  6.60  352.8  1166.4  352.91   57.63   37.30  2337.2  353.11   67.99   33.12  3502.8  353.60   78.11   23.28    1.3     36996.040     13.50   47.24000   39.71000  "Undefined"       0.0       -0.31  0.00000000
04.04.2019 10:17:02.585   4.99600000   4995.99931   0.24  -62.4   33.2  28.0 18.00  353.5   572.6  353.55   52.35   38.76  1149.8  353.61   57.50   37.58  1730.4  353.69   62.67   36.03    1.4     37022.585     13.50   47.24000   39.71000  "Undefined"       0.0       -0.69  0.00000000
04.04.2019 10:17:14.249   4.99600000   4995.99999   0.24  -55.2   42.4  28.0 12.60  353.5   761.9  353.59   54.04   38.41  1528.7  353.68   60.87   36.63  2298.3  353.84   67.70   33.98    1.4     37034.249     13.50   47.24000   39.71000  "Undefined"       0.0       -0.01  0.00000000
04.04.2019 10:17:37.591   4.99600000   4996.00697   0.27  -70.1   25.1  28.0 48.00  358.6   443.3  357.93   51.22   39.48   961.9  357.29   55.88   38.98  1531.6  356.81   60.99   38.14    1.4     37057.591     13.50   47.24000   39.71000  "Undefined"       0.0        6.97  0.00000000
04.04.2019 10:18:01.005   4.99600000   4995.99887   0.29  -55.9   38.9  28.0 12.60  353.5   761.8  353.59   54.04   38.41  1528.7  353.68   60.87   36.63  2298.2  353.83   67.70   33.97    1.2     37081.005     13.50   47.24000   39.71000  "Undefined"       0.0       -1.13  0.00000000
04.04.2019 10:18:14.827   4.99600000   4995.99949   0.18  -63.0   36.0  28.0 18.00  354.3   572.6  354.28   52.36   38.87  1149.7  354.34   57.52   37.82  1730.4  354.42   62.70   36.45    1.5     37094.827     13.50   47.24000   39.71000  "Undefined"       0.0       -0.51  0.00000000
04.04.2019 10:18:25.405   4.99600000   4995.99880   0.46  -58.9   35.9  28.0 52.19  358.6   536.2  357.65   52.06   39.39  1078.0  356.92   56.92   38.76  1612.7  356.47   61.71   37.84    1.4     37105.405     13.50   47.24000   39.71000  "Undefined"      62.4       -1.20  0.00000000
04.04.2019 10:18:25.405   4.99600000   4995.99880   0.46  -58.9   35.9  28.0  8.40  353.5  1013.3  353.62   56.29   37.89  2033.9  353.76   65.36   35.02  3054.9  354.06   74.36   29.51    1.2     37105.405     13.50   47.24000   39.71000  "Undefined"      62.4       -1.20  0.00000000
04.04.2019 10:18:46.685   4.99600000   4996.00043   0.07  -88.1   15.1  28.0 10.20  350.6   888.8  350.74   55.11   37.47  1782.0  350.90   62.97   34.20  2675.4  351.19   70.73   28.80    1.9     37126.685     13.50   47.24000   39.71000  "Undefined"       0.0        0.43  0.00000000
04.04.2019 10:18:58.341   4.99600000   4996.00000   0.53  -58.3   33.9  28.0 13.80  352.8   710.3  352.87   53.57   38.38  1425.4  352.96   59.93   36.60  2143.3  353.11   66.29   34.05    1.1     37138.341     13.50   47.24000   39.71000  "Undefined"       0.0        0.00  0.00000000
04.04.2019 10:19:10.036   4.99600000   4995.99942   0.60  -57.6   34.1  28.0 15.00  353.5   664.9  353.55   53.18   38.59  1334.6  353.62   59.15   37.13  2007.2  353.74   65.12   35.10    1.1     37150.036     13.50   47.24000   39.71000  "Undefined"       0.0       -0.58  0.00000000
04.04.2019 10:19:32.356   4.99600000   4996.00134   0.29  -63.7   33.2  28.0 20.40  352.1   515.3  352.12   51.83   38.68  1035.1  352.19   56.44   37.43  1558.7  352.28   61.08   35.85    1.8     37172.356     13.50   47.24000   39.71000  "Undefined"       0.0        1.34  0.00000000
04.04.2019 10:19:45.137   4.99600000   4996.00119   0.24  -63.3   32.2  28.0 24.60  351.4   439.7  351.41   51.15   38.77   884.1  351.46   55.09   37.65  1333.4  351.54   59.06   36.30    1.6     37185.137     13.50   47.24000   39.71000  "Undefined"       0.0        1.19  0.00000000
04.04.2019 10:19:57.919   4.99600000   4995.99822   0.33  -59.9   36.3  28.0 21.60  354.2   490.9  354.26   51.63   39.00   986.2  354.30   56.06   38.14  1485.5  354.36   60.51   37.06    1.5     37197.919     13.50   47.24000   39.71000  "Undefined"       0.0       -1.78  0.00000000
04.04.2019 10:20:12.992   4.99600000   4995.80306   0.18  -79.4   17.6  28.0 15.60  352.8   644.0  352.86   52.98   38.52  1292.4  352.93   58.75   36.97  1943.9  353.05   64.52   34.86    1.5     37212.992     13.50   47.24000   39.71000  "Undefined"       0.0     -196.94  0.00000000
04.04.2019 10:20:12.992   4.99600000   4996.00151   0.29  -60.5   34.3  28.0 10.80  352.8   853.6  352.89   54.85   38.06  1712.0  353.01   62.47   35.70  2572.3  353.22   70.06   31.89    1.6     37212.992     13.50   47.24000   39.71000  "Undefined"       0.0        1.51  0.00000000
04.04.2019 10:20:25.802   4.99600000   4995.99801   0.46  -59.3   33.5  28.0 12.60  353.5   761.9  353.58   54.04   38.41  1528.8  353.67   60.87   36.62  2298.3  353.82   67.70   33.96    1.2     37225.802     13.50   47.24000   39.71000  "Undefined"       0.0       -1.99  0.00000000
04.04.2019 10:20:37.564   4.99600000   4996.00059   0.40  -56.9   38.6  28.0 13.80  352.8   709.0  352.87   53.56   38.38  1424.0  352.96   59.92   36.60  2141.9  353.10   66.27   34.06    1.2     37237.564     13.50   47.24000   39.71000  "Undefined"       0.0        0.59  0.00000000
04.04.2019 10:20:49.254   4.99600000   4995.82540   0.20  -74.1   22.3  28.0 16.20  353.5   623.4  353.55   52.81   38.67  1252.3  353.62   58.41   37.34  1884.7  353.72   64.04   35.53    1.3     37249.254     13.50   47.24000   39.71000  "Undefined"      -0.0     -174.60  0.00000000
04.04.2019 10:20:49.254   4.99600000   4995.99936   0.22  -59.6   36.4  28.0 14.40  353.5   685.6  353.56   53.36   38.55  1376.9  353.64   59.52   37.03  2071.4  353.77   65.69   34.87    1.1     37249.254     13.50   47.24000   39.71000  "Undefined"       0.0       -0.64  0.00000000
04.04.2019 10:21:14.803   4.99600000   4995.99887   0.51  -60.3   32.1  28.0  9.60  353.5   925.5  353.57   55.50   38.07  1857.2  353.69   63.79   35.61  2790.3  353.93   72.04   31.35    1.3     37274.803     13.50   47.24000   39.71000  "Undefined"       0.0       -1.13  0.00000000
04.04.2019 10:21:25.404   4.99600000   4995.99964   0.24  -60.7   34.9  28.0 14.40  353.5   685.6  353.59   53.36   38.56  1376.9  353.66   59.52   37.04  2071.4  353.79   65.69   34.89    1.1     37285.404     13.50   47.24000   39.71000  "Undefined"       0.0       -0.36  0.00000000
04.04.2019 10:21:37.125   4.99600000   4995.79184   0.15  -81.5   16.1  28.0 48.00  358.6   434.5  358.36   51.15   39.53   943.3  357.90   55.72   39.16  1506.8  357.44   60.77   38.48    1.7     37297.125     13.50   47.24000   39.71000  "Undefined"       0.0     -208.16  0.00000000
04.04.2019 10:21:51.057   4.99600000   4996.00068   0.29  -58.6   36.3  28.0 54.60  346.3   455.0  346.21   51.20   38.15   928.3  346.06   55.30   36.19  1426.6  346.12   59.57   33.67    1.8     37311.057     13.50   47.24000   39.71000  "Undefined"       0.0        0.68  0.00000000
04.04.2019 10:22:03.809   4.99600000   4996.16850   0.62  -73.5   22.5  28.0  7.80  353.5  1058.6  353.59   56.69   37.78  2123.6  353.74   66.15   34.65  3187.7  354.08   75.51   28.30    1.2     37323.809     13.50   47.24000   39.71000  "Undefined"      62.6      168.50  0.00000000
04.04.2019 10:22:03.809   4.99600000   4996.00138   0.20  -59.6   36.9  28.0 54.00  346.3   465.0  346.19   51.29   38.11   950.2  346.03   55.48   36.08  1455.4  346.10   59.81   33.50    1.8     37323.809     13.50   47.24000   39.71000  "Undefined"       0.0        1.38  0.00000000
04.04.2019 10:22:03.809   4.99600000   4996.00138   0.20  -59.6   36.9  28.0 10.80  353.5   852.5  353.60   54.85   38.23  1711.2  353.70   62.50   36.10  2571.6  353.90   70.11   32.66    1.3     37323.809     13.50   47.24000   39.71000  "Undefined"       0.0        1.38  0.00000000
04.04.2019 10:22:16.602   4.99600000   4996.00245   0.62  -58.9   32.7  28.0 10.20  353.5   887.7  353.58   55.16   38.15  1781.3  353.70   63.12   35.87  2676.4  353.91   71.04   32.06    1.2     37336.602     13.50   47.24000   39.71000  "Undefined"       0.0        2.45  0.00000000
04.04.2019 10:22:27.231   4.99600000   4995.99822   0.38  -59.6   34.1  28.0 11.40  353.5   819.9  353.60   54.56   38.30  1646.4  353.70   61.92   36.29  2475.3  353.88   69.27   33.16    1.3     37347.231     13.50   47.24000   39.71000  "Undefined"       0.0       -1.78  0.00000000
04.04.2019 10:22:40.209   4.99600000   4996.00055   0.62  -58.7   32.8  28.0 10.20  353.5   887.7  353.59   55.17   38.15  1781.4  353.71   63.12   35.87  2676.6  353.92   71.04   32.07    1.3     37360.209     13.50   47.24000   39.71000  "Undefined"       0.0        0.55  0.00000000
04.04.2019 10:22:52.962   4.99600000   4995.99775   0.62  -60.7   30.9  28.0 15.00  352.8   663.6  352.85   53.16   38.47  1332.8  352.93   59.11   36.86  2005.2  353.06   65.07   34.62    1.2     37372.962     13.50   47.24000   39.71000  "Undefined"       0.0       -2.25  0.00000000
04.04.2019 10:23:05.740   4.99600000   4995.79298   0.15  -80.5   17.0  28.0 45.60  358.6   437.7  358.41   51.18   39.54   948.6  358.05   55.77   39.20  1541.4  357.65   61.09   38.55    1.8     37385.740     13.50   47.24000   39.71000  "Undefined"       0.0     -207.02  0.00000000
04.04.2019 10:23:05.740   4.99600000   4995.79298   0.15  -80.5   17.0  28.0 13.80  354.9   709.0  354.99   53.59   38.77  1424.2  355.05   59.99   37.52  2142.7  355.15   66.40   35.72    1.6     37385.740     13.50   47.24000   39.71000  "Undefined"       0.0     -207.02  0.00000000
04.04.2019 10:23:05.740   4.99600000   4996.00150   0.31  -62.1   32.4  28.0 19.20  353.5   541.0  353.56   52.07   38.82  1087.0  353.62   56.94   37.73  1637.0  353.70   61.84   36.32    1.2     37385.740     13.50   47.24000   39.71000  "Undefined"       0.0        1.50  0.00000000
04.04.2019 10:23:19.635   4.99600000   4996.00476   0.62  -59.5   34.1  28.0 52.20  352.8   496.7  352.51   51.67   38.77  1013.0  352.11   56.25   37.47  1533.7  351.92   60.85   35.77    1.3     37399.635     13.50   47.24000   39.71000  "Undefined"       0.0        4.76  0.00000000
04.04.2019 10:23:34.680   4.99600000   4996.00721   0.24  -65.0   30.6  28.0 16.80  353.5   605.0  353.55   52.64   38.70  1215.3  353.61   58.08   37.42  1829.1  353.71   63.54   35.72    1.6     37414.680     13.50   47.24000   39.71000  "Undefined"       0.0        7.21  0.00000000
04.04.2019 10:23:34.680   4.99600000   4996.00721   0.24  -65.0   30.6  28.0 55.19  348.5   440.9  348.33   51.12   38.43   906.5  348.12   55.19   36.78  1397.2  348.08   59.45   34.64    1.2     37414.680     13.50   47.24000   39.71000  "Undefined"       0.0        7.21  0.00000000
04.04.2019 10:23:47.478   4.99600000   4995.99555   0.24  -64.6   33.0  28.0 19.20  355.0   541.0  354.98   52.09   39.02  1086.9  355.02   56.97   38.16  1637.0  355.08   61.89   37.06    1.4     37427.478     13.50   47.24000   39.71000  "Undefined"       0.0       -4.45  0.00000000
04.04.2019 10:24:01.363   4.99600000   4995.78263   0.13  -79.9   20.3  28.0 55.20  351.4   440.6  351.16   51.15   38.74   907.7  350.84   55.28   37.44  1396.7  350.69   59.58   35.72    1.8     37441.363     13.50   47.24000   39.71000  "Undefined"       0.0     -217.37  0.00000000
04.04.2019 10:24:01.363   4.99600000   4995.78263   0.13  -79.9   20.3  28.0 21.00  353.5   501.4  353.56   51.72   38.89  1007.5  353.61   56.23   37.90  1518.3  353.68   60.78   36.66    1.4     37441.363     13.50   47.24000   39.71000  "Undefined"       0.0     -217.37  0.00000000
04.04.2019 10:24:01.363   4.99600000   4995.99668   0.31  -57.9   38.7  28.0 55.20  349.9   440.7  349.75   51.14   38.59   907.1  349.48   55.24   37.11  1396.9  349.39   59.52   35.18    1.7     37441.363     13.50   47.24000   39.71000  "Undefined"       0.0       -3.32  0.00000000
04.04.2019 10:24:01.363   4.99600000   4995.99668   0.31  -57.9   38.7  28.0 16.80  352.8   605.0  352.84   52.63   38.59  1215.4  352.91   58.07   37.17  1829.3  353.02   63.51   35.28    1.7     37441.363     13.50   47.24000   39.71000  "Undefined"       0.0       -3.32  0.00000000
04.04.2019 10:24:16.314   4.99600000   4996.00004   0.62  -56.7   34.8  28.0 13.20  352.8   733.9  352.86   53.78   38.32  1473.9  352.95   60.36   36.45  2216.7  353.11   66.93   33.71    1.2     37456.314     13.50   47.24000   39.71000  "Undefined"       0.0        0.04  0.00000000
04.04.2019 10:24:26.909   4.99600000   4995.99952   0.62  -52.9   38.6  28.0 54.00  355.7   466.7  355.35   51.42   39.16   959.4  354.88   55.83   38.34  1459.3  354.55   60.28   37.21    1.8     37466.909     13.50   47.24000   39.71000  "Undefined"       0.0       -0.48  0.00000000
04.04.2019 10:24:26.909   4.99600000   4995.99952   0.62  -52.9   38.6  28.0  9.60  352.8   925.6  352.86   55.49   37.89  1857.2  353.00   63.76   35.16  2789.8  353.25   71.96   30.45    1.4     37466.909     13.50   47.24000   39.71000  "Undefined"       0.0       -0.48  0.00000000
04.04.2019 10:24:38.577   4.99600000   4996.00299   0.62  -56.4   35.2  28.0 10.80  352.8   852.6  352.85   54.84   38.06  1711.1  352.97   62.46   35.68  2571.1  353.18   70.05   31.86    1.2     37478.577     13.50   47.24000   39.71000  "Undefined"       0.0        2.99  0.00000000
04.04.2019 10:24:49.198   4.99600000   4995.99976   0.07  -86.1   15.1  28.0 15.00  352.8   663.6  352.87   53.16   38.48  1332.8  352.95   59.11   36.86  2005.2  353.08   65.07   34.63    1.5     37489.198     13.50   47.24000   39.71000  "Undefined"       0.0       -0.24  0.00000000
04.04.2019 10:25:00.838   4.99600000   4996.00062   0.62  -53.2   36.3  28.0  8.40  352.8  1010.9  352.91   56.25   37.70  2027.9  353.06   65.27   34.53  3044.3  353.39   74.18   28.50    1.2     37500.838     13.50   47.24000   39.71000  "Undefined"       0.0        0.62  0.00000000
04.04.2019 10:25:13.607   4.99600000   4996.00001   0.62  -53.0   36.5  28.0 12.60  353.5   760.7  353.57   54.03   38.41  1527.5  353.66   60.86   36.62  2297.5  353.81   67.69   33.96    1.2     37513.607     13.50   47.24000   39.71000  "Undefined"       0.0        0.01  0.00000000
04.04.2019 10:25:26.360   4.99600000   4996.00004   0.62  -54.1   37.5  28.0 10.20  353.5   887.7  353.57   55.16   38.15  1781.3  353.69   63.12   35.86  2676.4  353.90   71.04   32.05    1.3     37526.360     13.50   47.24000   39.71000  "Undefined"       0.0        0.04  0.00000000
04.04.2019 10:25:38.007   4.99600000   4996.00133   0.62  -51.3   40.2  28.0 51.60  356.4   462.4  356.11   51.39   39.26   967.2  355.61   55.91   38.53  1487.3  355.23   60.55   37.47    2.0     37538.007     13.50   47.24000   39.71000  "Undefined"       0.0        1.33  0.00000000
04.04.2019 10:25:38.007   4.99600000   4996.00133   0.62  -51.3   40.2  28.0 13.20  353.5   733.9  353.57   53.79   38.46  1474.0  353.66   60.39   36.77  2217.0  353.80   66.98   34.30    1.4     37538.007     13.50   47.24000   39.71000  "Undefined"       0.0        1.33  0.00000000
04.04.2019 10:25:48.602   4.99600000   4996.00210   0.62  -52.7   38.9  28.0  5.40  352.8  1293.6  352.95   58.76   36.97  2594.0  353.20   70.25   31.73  3879.4  353.89   81.26   16.10    1.2     37548.602     13.50   47.24000   39.71000  "Undefined"       0.0        2.10  0.00000000
04.04.2019 10:26:00.288   4.99600000   4995.99986   0.62  -52.3   39.2  28.0 11.40  352.8   819.9  352.88   54.55   38.14  1646.3  352.99   61.89   35.92  2474.8  353.19   69.20   32.44    1.2     37560.288     13.50   47.24000   39.71000  "Undefined"       0.0       -0.14  0.00000000
04.04.2019 10:26:27.957   4.99600000   4995.77633   0.62  -77.8   20.4  28.0  6.00  352.8  1227.4  352.93   58.17   37.15  2461.5  353.16   69.09   32.49  3686.6  353.74   79.67   20.28    1.3     37587.957     13.50   47.24000   39.71000  "Undefined"      62.5     -223.67  0.00000000
04.04.2019 10:26:27.957   4.99600000   4995.77633   0.62  -77.8   20.4  28.0 49.79  354.2   443.6  354.04   51.21   39.05   953.5  353.63   55.75   38.03  1497.4  353.36   60.58   36.57    1.2     37587.957     13.50   47.24000   39.71000  "Undefined"      62.5     -223.67  0.00000000
04.04.2019 10:26:27.957   4.99600000   4996.00240   0.35  -53.2   40.8  28.0 49.79  355.7   443.3  355.46   51.21   39.21   952.9  355.01   55.77   38.39  1495.9  354.67   60.62   37.18    1.2     37587.957     13.50   47.24000   39.71000  "Undefined"       0.0        2.40  0.00000000
04.04.2019 10:26:27.957   4.99600000   4996.00240   0.35  -53.2   40.8  28.0  5.40  352.8  1293.6  352.94   58.76   36.97  2594.1  353.19   70.25   31.72  3879.4  353.88   81.26   16.06    1.2     37587.957     13.50   47.24000   39.71000  "Undefined"       0.0        2.40  0.00000000
04.04.2019 10:26:40.768   4.99600000   4996.00629   0.62  -55.6   33.9  28.0 52.80  353.5   525.0  353.14   51.93   38.80  1052.4  352.72   56.61   37.54  1574.1  352.53   61.23   35.92    1.7     37600.768     13.50   47.24000   39.71000  "Undefined"       0.0        6.29  0.00000000
04.04.2019 10:26:40.768   4.99600000   4996.00629   0.62  -55.6   33.9  28.0 12.00  353.5   789.0  353.58   54.29   38.35  1584.1  353.68   61.37   36.47  2381.5  353.84   68.44   33.59    1.3     37600.768     13.50   47.24000   39.71000  "Undefined"       0.0        6.29  0.00000000
04.04.2019 10:26:53.551   4.99600000   4996.00076   0.62  -52.3   39.3  28.0 13.20  352.8   733.9  352.89   53.78   38.33  1473.9  352.99   60.36   36.46  2216.6  353.14   66.93   33.74    1.2     37613.551     13.50   47.24000   39.71000  "Undefined"       0.0        0.76  0.00000000
04.04.2019 10:27:05.244   4.99600000   4996.00164   0.62  -52.6   39.0  28.0  7.80  353.5  1058.7  353.60   56.69   37.78  2123.7  353.75   66.15   34.66  3187.8  354.09   75.51   28.32    1.2     37625.244     13.50   47.24000   39.71000  "Undefined"       0.0        1.64  0.00000000
04.04.2019 10:27:17.996   4.99600000   4996.00018   0.62  -52.3   39.2  28.0 13.20  353.5   733.9  353.59   53.79   38.47  1474.0  353.68   60.39   36.78  2217.0  353.82   66.98   34.32    1.2     37637.996     13.50   47.24000   39.71000  "Undefined"       0.0        0.18  0.00000000
04.04.2019 10:27:29.667   4.99600000   4995.77833   0.13  -72.3   25.9  28.0 14.40  352.8   685.5  352.87   53.35   38.43  1376.8  352.96   59.50   36.74  2071.1  353.09   65.65   34.37    1.2     37649.667     13.50   47.24000   39.71000  "Undefined"       0.0     -221.67  0.00000000
04.04.2019 10:27:29.667   4.99600000   4996.00233   0.38  -55.0   38.7  28.0 14.40  352.8   685.6  352.88   53.35   38.43  1376.8  352.97   59.50   36.74  2071.2  353.10   65.65   34.37    1.2     37649.667     13.50   47.24000   39.71000  "Undefined"       0.0        2.33  0.00000000
04.04.2019 10:27:41.411   4.99600000   4996.00093   0.62  -51.7   39.9  28.0 15.00  352.8   663.6  352.86   53.16   38.47  1332.9  352.94   59.11   36.86  2005.3  353.07   65.07   34.63    1.2     37661.411     13.50   47.24000   39.71000  "Undefined"       0.0        0.93  0.00000000
04.04.2019 10:27:51.999   4.99600000   4996.00208   0.58  -55.5   36.4  28.0 10.20  352.8   887.7  352.90   55.15   37.99  1781.3  353.03   63.09   35.47  2676.0  353.27   70.97   31.27    1.2     37671.999     13.50   47.24000   39.71000  "Undefined"       0.0        2.08  0.00000000
04.04.2019 10:28:04.742   4.99600000   4995.99963   0.62  -59.0   32.5  28.0  6.60  353.5  1166.7  353.61   57.65   37.54  2340.2  353.79   68.07   33.74  3509.6  354.24   78.29   24.72    1.3     37684.742     13.50   47.24000   39.71000  "Undefined"       0.0       -0.37  0.00000000
04.04.2019 10:28:16.381   4.99600000   4995.99965   0.29  -58.6   36.3  28.0 12.60  352.8   760.6  352.85   54.02   38.26  1527.4  352.95   60.84   36.28  2297.1  353.12   67.64   33.33    1.2     37696.381     13.50   47.24000   39.71000  "Undefined"       0.0       -0.35  0.00000000
04.04.2019 10:28:29.864   4.99600000   4995.80404   0.18  -80.9   16.0  28.0 50.40  354.3   448.4  354.04   51.25   39.04   956.1  353.62   55.78   38.02  1492.7  353.34   60.54   36.57    1.3     37709.864     13.50   47.24000   39.71000  "Undefined"       0.0     -195.96  0.00000000
04.04.2019 10:28:29.864   4.99600000   4995.80404   0.18  -80.9   16.0  28.0 10.80  353.5   852.5  353.56   54.85   38.22  1711.0  353.67   62.49   36.08  2571.4  353.87   70.11   32.62    1.1     37709.864     13.50   47.24000   39.71000  "Undefined"       0.0     -195.96  0.00000000
04.04.2019 10:28:29.864   4.99600000   4996.00184   0.29  -58.2   36.7  28.0 47.40  355.7   433.9  355.55   51.13   39.23   949.9  355.17   55.75   38.44  1523.4  354.86   60.87   37.21    1.4     37709.864     13.50   47.24000   39.71000  "Undefined"       0.0        1.84  0.00000000
04.04.2019 10:28:29.864   4.99600000   4996.00184   0.29  -58.2   36.7  28.0  9.00  352.8   966.7  352.89   55.85   37.80  1939.3  353.04   64.48   34.87  2912.0  353.33   73.03   29.59    1.4     37709.864     13.50   47.24000   39.71000  "Undefined"       0.0        1.84  0.00000000
04.04.2019 10:28:43.786   4.99600000   4995.79528   0.13  -84.1   16.2  28.0 10.20  352.8   887.7  352.86   55.15   37.98  1781.3  352.99   63.08   35.44  2675.9  353.22   70.97   31.22    1.6     37723.786     13.50   47.24000   39.71000  "Undefined"       0.0     -204.72  0.00000000
04.04.2019 10:28:43.786   4.99600000   4995.99987   0.31  -60.6   36.0  28.0  9.60  353.5   925.6  353.57   55.50   38.07  1857.3  353.69   63.79   35.61  2790.4  353.93   72.04   31.35    1.3     37723.786     13.50   47.24000   39.71000  "Undefined"       0.0       -0.13  0.00000000
04.04.2019 10:28:56.521   4.99600000   4995.81515   0.18  -82.8   14.2  28.0  6.60  354.2  1166.6  354.32   57.67   37.78  2340.4  354.48   68.12   34.39  3511.6  354.89   78.41   26.27    1.6     37736.521     13.50   47.24000   39.71000  "Undefined"       0.0     -184.85  0.00000000
04.04.2019 10:29:10.316   4.99600000   4995.78344   0.15  -85.6   12.0  28.0  6.00  353.5  1227.4  353.60   58.19   37.39  2462.1  353.81   69.14   33.15  3689.7  354.34   79.82   21.93    1.4     37750.316     13.50   47.24000   39.71000  "Undefined"       0.0     -216.56  0.00000000
04.04.2019 10:29:10.316   4.99600000   4996.00367   0.33  -60.0   34.3  28.0  9.60  352.8   925.6  352.89   55.49   37.90  1857.2  353.03   63.76   35.18  2789.8  353.28   71.96   30.49    1.2     37750.316     13.50   47.24000   39.71000  "Undefined"       0.0        3.67  0.00000000
04.04.2019 10:29:24.154   4.99600000   4996.00067   0.31  -60.9   33.6  28.0 12.60  352.1   760.7  352.15   54.01   38.12  1527.4  352.26   60.81   35.95  2296.8  352.44   67.58   32.72    1.4     37764.154     13.50   47.24000   39.71000  "Undefined"       0.0        0.67  0.00000000
04.04.2019 10:30:14.877   4.99600000   4996.15640   0.27  -93.0    2.2  28.0 18.00  352.1   571.3  352.13   52.32   38.56  1147.7  352.21   57.44   37.12  1727.9  352.31   62.58   35.25    1.5     37814.877     13.50   47.24000   39.71000  "Undefined"       0.0      156.40  0.00000000
04.04.2019 10:30:14.877   4.99600000   4995.99993   0.35  -55.2   43.8  28.0 15.60  352.8   642.9  352.85   52.97   38.52  1291.4  352.92   58.74   36.97  1943.2  353.05   64.52   34.86    1.8     37814.877     13.50   47.24000   39.71000  "Undefined"      62.6       -0.07  0.00000000
04.04.2019 10:32:01.576   4.99600000   4995.99989   0.62  -44.8   49.4  28.0 13.20  352.8   734.0  352.85   53.78   38.32  1473.9  352.94   60.36   36.44  2216.7  353.10   66.93   33.71    1.2     37921.576     13.50   47.24000   39.71000  "Undefined"      63.2       -0.11  0.00000000
04.04.2019 10:32:14.304   4.99600000   4995.99991   0.62  -45.4   48.8  28.0 14.40  352.8   685.5  352.88   53.35   38.43  1376.8  352.96   59.50   36.74  2071.0  353.10   65.65   34.37    1.3     37934.304     13.50   47.24000   39.71000  "Undefined"      62.4       -0.09  0.00000000
04.04.2019 10:32:26.073   4.99600000   4995.99991   0.62  -47.2   47.0  28.0 10.20  352.8   887.7  352.89   55.15   37.99  1781.3  353.02   63.09   35.46  2676.0  353.25   70.97   31.26    1.4     37946.073     13.50   47.24000   39.71000  "Undefined"      62.7       -0.09  0.00000000
04.04.2019 10:32:38.791   4.99600000   4995.99988   0.46  -48.6   44.1  28.0 10.80  352.8   852.5  352.89   54.84   38.07  1711.0  353.01   62.46   35.71  2571.1  353.23   70.05   31.91    1.3     37958.791     13.50   47.24000   39.71000  "Undefined"       0.0       -0.12  0.00000000
04.04.2019 10:32:52.686   4.99600000   4995.99987   0.53  -45.5   46.7  28.0 13.80  352.8   709.0  352.84   53.56   38.38  1424.0  352.93   59.92   36.59  2141.9  353.08   66.27   34.04    1.4     37972.686     13.50   47.24000   39.71000  "Undefined"       0.0       -0.13  0.00000000
04.04.2019 10:33:03.361   4.99600000   4995.99990   0.62  -44.4   49.1  28.0 18.00  353.5   571.3  353.56   52.34   38.77  1147.7  353.62   57.48   37.59  1728.0  353.71   62.65   36.05    1.3     37983.361     13.50   47.24000   39.71000  "Undefined"       0.0       -0.10  0.00000000
04.04.2019 10:33:15.045   4.99600000   4995.99988   0.53  -44.6   47.6  28.0 13.20  352.8   734.0  352.85   53.78   38.32  1474.0  352.95   60.36   36.45  2216.8  353.11   66.93   33.71    1.1     37995.045     13.50   47.24000   39.71000  "Undefined"       0.0       -0.12  0.00000000
04.04.2019 10:33:27.806   4.99600000   4995.99988   0.55  -47.0   45.0  28.0 13.20  352.8   733.9  352.89   53.78   38.33  1473.9  352.98   60.36   36.46  2216.7  353.14   66.93   33.74    1.2     38007.806     13.50   47.24000   39.71000  "Undefined"       0.0       -0.12  0.00000000
04.04.2019 10:33:39.562   4.99600000   4995.99989   0.46  -49.1   45.6  28.0  9.60  353.5   925.6  353.61   55.50   38.08  1857.3  353.73   63.79   35.63  2790.5  353.96   72.04   31.39    1.2     38019.562     13.50   47.24000   39.71000  "Undefined"       0.0       -0.11  0.00000000
04.04.2019 10:33:52.387   4.99600000   4995.99989   0.46  -50.0   44.8  28.0 12.60  353.5   760.7  353.59   54.03   38.41  1527.6  353.69   60.86   36.63  2297.5  353.84   67.70   33.98    1.5     38032.387     13.50   47.24000   39.71000  "Undefined"       0.0       -0.11  0.00000000
04.04.2019 10:34:06.356   4.99600000   4995.99990   0.53  -48.1   46.1  28.0 12.60  353.5   760.6  353.57   54.03   38.41  1527.5  353.66   60.86   36.62  2297.4  353.82   67.69   33.96    1.4     38046.356     13.50   47.24000   39.71000  "Undefined"       0.0       -0.10  0.00000000
04.04.2019 10:34:16.998   4.99600000   4995.99990   0.55  -45.8   46.2  28.0 15.60  353.5   642.9  353.57   52.98   38.64  1291.5  353.64   58.76   37.24  1943.4  353.75   64.56   35.34    1.3     38056.998     13.50   47.24000   39.71000  "Undefined"       0.0       -0.10  0.00000000
04.04.2019 10:34:28.757   4.99600000   4995.99989   0.53  -46.1   48.1  28.0 12.00  352.8   789.1  352.87   54.27   38.21  1584.3  352.98   61.34   36.11  2381.7  353.16   68.39   32.93    1.3     38068.757     13.50   47.24000   39.71000  "Undefined"       0.0       -0.11  0.00000000
04.04.2019 10:34:39.651   4.99600000   4995.99989   0.53  -47.0   47.2  28.0  8.40  352.8  1010.9  352.88   56.25   37.69  2028.0  353.04   65.27   34.51  3044.4  353.36   74.18   28.46    1.4     38079.651     13.50   47.24000   39.71000  "Undefined"       0.0       -0.11  0.00000000
04.04.2019 10:35:35.369   4.99600000   4995.99991   0.53  -50.3   41.6  28.0 18.00  353.5   570.1  353.57   52.20   38.87  1145.6  353.63   57.33   37.70  1725.6  353.72   62.49   36.17    1.5     38135.369     13.50   47.10740   39.80800  "Undefined"      63.6       -0.09  0.00000000
04.04.2019 10:36:21.768   4.99600000   4995.99993   0.29  -54.6   44.4  28.0  8.40  352.1  1009.7  352.17   56.09   37.60  2026.3  352.34   65.07   34.13  3041.5  352.68   73.93   27.60    1.6     38181.768     13.50   47.10740   39.80800  "Undefined"      62.3       -0.07  0.00000000
04.04.2019 10:36:33.444   4.99600000   4995.99992   0.11  -55.0   44.0  28.0 19.80  352.1   525.9  352.15   51.79   38.76  1056.8  352.21   56.51   37.48  1592.4  352.30   61.25   35.86    1.3     38193.444     13.50   47.10740   39.80800  "Undefined"       0.0       -0.08  0.00000000
04.04.2019 10:37:00.158   4.99600000   4995.99992   0.18  -54.9   44.0  28.0 10.80  354.3   851.2  354.31   54.72   38.50  1709.2  354.41   62.37   36.62  2569.6  354.58   70.02   33.58    1.4     38220.158     13.50   47.10740   39.80800  "Undefined"       0.0       -0.08  0.00000000
04.04.2019 10:37:24.714   4.99600000   4995.99993   0.35  -57.0   42.0  28.0 24.60  352.8   436.6  352.84   51.00   39.03   877.8  352.88   54.93   38.11  1324.4  352.95   58.90   37.00    1.6     38244.714     13.50   47.10740   39.80800  "Undefined"      62.4       -0.07  0.00000000
04.04.2019 10:37:38.672   4.99600000   4995.99967   0.11  -62.0   37.0  28.0 24.60  350.6   436.7  350.69   50.98   38.80   877.9  350.75   54.88   37.61  1324.5  350.83   58.82   36.16    1.7     38258.672     13.50   47.10740   39.80800  "Undefined"       0.0       -0.33  0.00000000
04.04.2019 10:38:25.096   4.99600000   4995.99794   0.07  -97.9    5.3  28.0 15.60  354.2   641.7  354.28   52.85   38.86  1289.3  354.34   58.63   37.63  1941.0  354.44   64.44   35.94    1.7     38305.096     13.50   47.10740   39.80800  "Undefined"       0.0       -2.06  0.00000000
04.04.2019 10:38:36.802   4.99600000   4995.99969   0.07  -94.4    8.9  28.0 24.00  353.5   445.9  353.56   51.09   39.09   896.4  353.60   55.11   38.24  1352.4  353.65   59.17   37.20    1.5     38316.802     13.50   47.10740   39.80800  "Undefined"       0.0       -0.31  0.00000000
04.04.2019 10:38:49.653   4.99600000   4995.99931   0.07  -92.4   10.8  28.0 21.00  354.2   500.1  354.27   51.58   39.09  1004.9  354.31   56.09   38.21  1514.7  354.37   60.64   37.11    1.6     38329.653     13.50   47.10740   39.80800  "Undefined"       0.0       -0.69  0.00000000
04.04.2019 10:39:01.404   4.99600000   4995.99985   0.11  -66.0   35.0  28.0 29.40  353.5   378.0  353.53   50.48   39.21   761.6  353.57   53.91   38.51  1152.8  353.61   57.39   37.68    1.9     38341.404     13.50   47.10740   39.80800  "Undefined"       0.0       -0.15  0.00000000
04.04.2019 10:39:12.036   4.99600000   4996.00001   0.20  -69.9   28.5  28.0 30.60  355.0   368.0  354.97   50.40   39.35   742.5  354.99   53.76   38.82  1126.2  355.02   57.19   38.19    1.8     38352.036     13.50   47.10740   39.80800  "Undefined"       0.0        0.01  0.00000000
04.04.2019 10:39:32.560   4.99600000   4995.77023   0.13  -89.5    8.7  28.0 25.80  352.1   419.4  352.11   50.84   38.99   843.4  352.16   54.61   38.03  1273.0  352.22   58.42   36.87    1.4     38372.560     13.50   47.10740   39.80800  "Undefined"       0.0     -229.77  0.00000000
04.04.2019 10:39:32.560   4.99600000   4995.99988   0.31  -58.6   35.9  28.0 12.00  352.8   787.8  352.86   54.13   38.31  1582.4  352.97   61.19   36.23  2379.6  353.14   68.24   33.06    1.9     38372.560     13.50   47.10740   39.80800  "Undefined"       0.0       -0.12  0.00000000
04.04.2019 10:40:04.804   4.99600000   4995.99927   0.13  -67.3   32.9  28.0  7.20  353.5  1109.1  353.61   57.01   37.78  2225.4  353.77   66.92   34.37  3339.6  354.15   76.70   27.00    1.6     38404.804     13.50   47.10740   39.80800  "Undefined"       0.0       -0.73  0.00000000
04.04.2019 10:40:17.236   4.99600000   4995.99980   0.62  -61.1   32.4  28.0 13.20  353.5   732.7  353.58   53.65   38.57  1472.2  353.67   60.24   36.89  2215.2  353.81   66.83   34.45    1.2     38417.236     13.50   47.10740   39.80800  "Undefined"       0.0       -0.20  0.00000000
04.04.2019 10:40:32.410   4.99600000   4996.00010   0.62  -59.6   31.9  28.0 12.60  352.8   759.5  352.89   53.88   38.38  1525.8  352.99   60.69   36.42  2295.5  353.15   67.50   33.50    1.2     38432.410     13.50   47.10740   39.80800  "Undefined"       0.0        0.10  0.00000000
04.04.2019 10:40:43.145   4.99600000   4996.00000   0.62  -59.5   34.0  28.0 12.00  352.8   787.8  352.86   54.13   38.31  1582.4  352.96   61.19   36.22  2379.7  353.14   68.24   33.06    1.1     38443.145     13.50   47.10740   39.80800  "Undefined"       0.0       -0.00  0.00000000
04.04.2019 10:40:58.940   4.99600000   4995.99910   0.33  -61.6   34.6  28.0 50.40  357.1   446.9  357.09   51.12   39.48   929.9  357.02   55.46   39.04  1473.0  356.71   60.33   38.28    1.7     38458.940     13.50   47.10740   39.80800  "Undefined"       0.0       -0.90  0.00000000
04.04.2019 10:40:58.940   4.99600000   4995.99910   0.33  -61.6   34.6  28.0 12.00  352.8   787.8  352.86   54.13   38.31  1582.4  352.96   61.19   36.22  2379.6  353.14   68.24   33.06    1.2     38458.940     13.50   47.10740   39.80800  "Undefined"       0.0       -0.90  0.00000000
04.04.2019 10:41:30.142   4.99600000   4995.99987   0.38  -64.3   29.4  28.0 52.80  350.6   486.0  350.77   51.42   38.68  1020.8  350.85   56.15   37.20  1570.9  350.72   60.98   35.15    1.7     38490.142     13.50   47.10740   39.80800  "Undefined"       0.0       -0.13  0.00000000
04.04.2019 10:41:30.142   4.99600000   4995.99987   0.38  -64.3   29.4  28.0 10.20  352.8   886.5  352.90   55.01   38.10  1780.9  353.03   62.95   35.58  2678.5  353.26   70.86   31.41    1.2     38490.142     13.50   47.10740   39.80800  "Undefined"       0.0       -0.13  0.00000000
04.04.2019 10:41:48.419   4.99600000   4995.99945   0.55  -63.0   29.1  28.0 15.00  353.5   662.3  353.56   53.02   38.70  1330.8  353.63   58.98   37.25  2003.3  353.75   64.96   35.24    1.3     38508.419     13.50   47.10740   39.80800  "Undefined"       0.0       -0.55  0.00000000
04.04.2019 10:42:09.864   4.99600000   4996.00009   0.42  -63.2   32.0  28.0 14.40  352.8   684.2  352.85   53.21   38.53  1374.8  352.94   59.35   36.85  2069.3  353.07   65.50   34.48    1.6     38529.864     13.50   47.10740   39.80800  "Undefined"       0.0        0.09  0.00000000
04.04.2019 10:42:22.657   4.99600000   4996.00000   0.51  -65.9   26.4  28.0 13.20  353.5   732.7  353.56   53.65   38.56  1472.2  353.65   60.24   36.88  2215.2  353.79   66.83   34.43    1.4     38542.657     13.50   47.10740   39.80800  "Undefined"       0.0        0.00  0.00000000
04.04.2019 10:42:36.285   4.99600000   4995.82525   0.22  -88.6    7.4  28.0 10.20  354.2   886.5  354.29   55.03   38.43  1780.0  354.39   63.00   36.40  2675.7  354.58   70.96   33.03    1.6     38556.285     13.50   47.10740   39.80800  "Undefined"       0.0     -174.75  0.00000000
04.04.2019 10:42:36.285   4.99600000   4996.00290   0.20  -66.6   29.9  28.0  9.60  353.5   924.5  353.58   55.36   38.18  1856.1  353.70   63.65   35.74  2789.5  353.94   71.90   31.52    1.4     38556.285     13.50   47.10740   39.80800  "Undefined"       0.0        2.90  0.00000000
04.04.2019 10:42:53.470   4.99600000   4995.77653   0.13  -92.1    8.1  28.0 24.00  352.8   445.9  352.84   51.08   39.01   896.4  352.89   55.10   38.07  1352.3  352.95   59.15   36.92    1.8     38573.470     13.50   47.10740   39.80800  "Undefined"       0.0     -223.47  0.00000000
04.04.2019 10:42:53.470   4.99600000   4996.00076   0.33  -65.6   30.6  28.0 53.40  353.5   495.6  353.54   51.53   39.00  1074.4  353.47   56.69   37.82  1638.4  353.23   61.70   36.18    1.8     38573.470     13.50   47.10740   39.80800  "Undefined"       0.0        0.76  0.00000000
04.04.2019 10:42:53.470   4.99600000   4996.00076   0.33  -65.6   30.6  28.0 15.00  352.8   662.4  352.88   53.01   38.58  1330.8  352.96   58.96   36.98  2003.0  353.09   64.92   34.77    1.3     38573.470     13.50   47.10740   39.80800  "Undefined"       0.0        0.76  0.00000000
04.04.2019 10:43:08.324   4.99600000   4996.00299   0.42  -69.1   26.1  28.0 17.40  352.8   586.5  352.84   52.34   38.73  1178.6  352.91   57.61   37.38  1775.0  353.01   62.90   35.60    1.8     38588.324     13.50   47.10740   39.80800  "Undefined"       0.0        2.99  0.00000000
04.04.2019 10:43:20.554   4.99600000   4995.99899   0.29  -72.7   24.2  28.0 11.40  353.5   818.4  353.59   54.42   38.40  1643.7  353.69   61.76   36.41  2471.4  353.87   69.10   33.30    1.5     38600.554     13.50   47.10740   39.80800  "Undefined"       0.0       -1.01  0.00000000
04.04.2019 10:43:42.814   4.99600000   4996.00004   0.15  -67.4   32.2  28.0 10.80  353.5   851.2  353.58   54.71   38.33  1709.2  353.69   62.35   36.21  2569.4  353.88   69.96   32.79    1.8     38622.814     13.50   47.10740   39.80800  "Undefined"       0.0        0.04  0.00000000
04.04.2019 10:44:06.576   4.99600000   4996.01048   0.42  -85.1   13.9  28.0 13.20  352.1   732.7  352.15   53.63   38.29  1472.0  352.25   60.18   36.25  2214.6  352.42   66.73   33.28    1.6     38646.576     13.50   47.10740   39.80800  "Undefined"      63.5       10.48  0.00000000
04.04.2019 10:44:17.348   4.99600000   4995.99977   0.51  -56.9   37.5  28.0 13.20  354.2   732.7  354.27   53.66   38.70  1472.2  354.35   60.26   37.20  2215.4  354.47   66.88   35.01    1.3     38657.348     13.50   47.10740   39.80800  "Undefined"       0.0       -0.23  0.00000000
04.04.2019 10:44:29.235   4.99600000   4996.00039   0.62  -58.9   26.6  28.0  7.80  353.5  1057.5  353.59   56.55   37.89  2122.2  353.74   66.01   34.78  3186.0  354.07   75.36   28.51    1.3     38669.235     13.50   47.10740   39.80800  "Undefined"       0.0        0.39  0.00000000
04.04.2019 10:44:40.002   4.99600000   4996.00041   0.62  -60.3   31.2  28.0  9.00  354.2   965.4  354.28   55.74   38.28  1938.0  354.40   64.41   35.93  2911.7  354.63   73.04   31.67    1.3     38680.002     13.50   47.10740   39.80800  "Undefined"       0.0        0.41  0.00000000
04.04.2019 10:45:25.327   4.99600000   4996.00170   0.18  -61.3   31.6  28.0 54.00  353.5   460.8  353.52   51.22   39.06   987.4  353.50   55.92   38.02  1530.1  353.26   60.74   36.54    1.4     38725.327     13.50   47.10740   39.80800  "Undefined"       0.0        1.70  0.00000000
04.04.2019 10:45:37.176   4.99600000   4996.00022   0.29  -59.9   35.0  28.0  7.20  352.1  1109.1  352.19   56.97   37.33  2224.7  352.40   66.82   33.20  3335.8  352.84   76.45   24.39    1.9     38737.176     13.50   47.10740   39.80800  "Undefined"       0.0        0.22  0.00000000
04.04.2019 10:45:50.074   4.99600000   4995.99982   0.15  -62.7   34.8  28.0 51.61  352.8   456.2  352.86   51.18   39.00   957.5  352.91   55.64   37.93  1507.1  352.70   60.51   36.34    1.6     38750.074     13.50   47.10740   39.80800  "Undefined"       0.0       -0.18  0.00000000
04.04.2019 10:46:51.433   4.99600000   4995.99986   0.46  -48.4   44.4  28.0 10.80  352.8   851.2  352.88   54.69   38.17  1709.0  353.00   62.31   35.82  2568.9  353.21   69.90   32.04    1.4     38811.433     13.50   47.10740   39.80800  "Undefined"       0.0       -0.14  0.00000000
04.04.2019 10:47:03.267   4.99600000   4996.00001   0.62  -55.7   35.9  28.0 10.80  353.5   851.2  353.56   54.71   38.33  1709.2  353.67   62.34   36.19  2569.4  353.86   69.96   32.77    1.2     38823.267     13.50   47.10740   39.80800  "Undefined"       0.0        0.01  0.00000000
04.04.2019 10:47:15.257   4.99600000   4995.99991   0.44  -53.3   39.7  28.0 12.00  352.8   787.9  352.88   54.13   38.31  1582.5  352.98   61.19   36.23  2379.8  353.16   68.24   33.08    1.3     38835.257     13.50   47.10740   39.80800  "Undefined"       0.0       -0.09  0.00000000
04.04.2019 10:47:25.992   4.99600000   4996.00011   0.62  -53.7   35.9  28.0 12.60  353.5   759.5  353.56   53.89   38.51  1525.9  353.65   60.72   36.73  2295.8  353.80   67.55   34.09    1.2     38845.992     13.50   47.10740   39.80800  "Undefined"       0.0        0.11  0.00000000
04.04.2019 10:47:36.723   4.99600000   4995.99996   0.07  -82.7   14.5  28.0 12.60  353.5   759.5  353.57   53.89   38.51  1525.8  353.66   60.72   36.74  2295.8  353.81   67.55   34.10    1.2     38856.723     13.50   47.10740   39.80800  "Undefined"       0.0       -0.04  0.00000000
04.04.2019 10:47:47.454   4.99600000   4996.00021   0.62  -51.7   39.9  28.0 10.80  353.5   851.2  353.57   54.71   38.33  1709.2  353.68   62.34   36.20  2569.4  353.87   69.96   32.78    1.2     38867.454     13.50   47.10740   39.80800  "Undefined"       0.0        0.21  0.00000000
04.04.2019 10:47:59.345   4.99600000   4995.99983   0.62  -51.7   39.9  28.0 12.00  352.8   787.9  352.89   54.13   38.31  1582.5  352.99   61.19   36.24  2379.8  353.17   68.24   33.09    1.2     38879.345     13.50   47.10740   39.80800  "Undefined"       0.0       -0.17  0.00000000
04.04.2019 10:48:10.081   4.99600000   4996.00017   0.49  -52.4   38.2  28.0 13.20  353.5   732.7  353.56   53.65   38.56  1472.2  353.65   60.24   36.88  2215.1  353.78   66.83   34.43    1.4     38890.081     13.50   47.10740   39.80800  "Undefined"       0.0        0.17  0.00000000
04.04.2019 10:48:21.930   4.99600000   4995.99967   0.62  -54.0   35.5  28.0 10.80  353.5   851.2  353.56   54.71   38.33  1709.2  353.67   62.34   36.19  2569.4  353.86   69.96   32.77    1.2     38901.930     13.50   47.10740   39.80800  "Undefined"       0.0       -0.33  0.00000000
04.04.2019 10:48:33.779   4.99600000   4996.00221   0.62  -61.9   25.6  28.0 10.20  353.5   886.5  353.57   55.02   38.25  1779.8  353.68   62.97   35.98  2675.1  353.89   70.89   32.19    1.2     38913.779     13.50   47.10740   39.80800  "Undefined"       0.0        2.21  0.00000000
04.04.2019 10:48:44.509   4.99600000   4995.99960   0.62  -57.8   31.7  28.0 10.80  352.8   851.2  352.90   54.69   38.17  1709.1  353.02   62.31   35.83  2569.0  353.22   69.90   32.07    1.2     38924.509     13.50   47.10740   39.80800  "Undefined"       0.0       -0.40  0.00000000
04.04.2019 10:48:55.338   4.99600000   4995.99956   0.62  -56.6   31.0  28.0 13.20  352.8   732.8  352.86   53.64   38.43  1472.2  352.96   60.21   36.57  2215.1  353.11   66.79   33.85    1.1     38935.338     13.50   47.10740   39.80800  "Undefined"       0.0       -0.44  0.00000000
04.04.2019 10:49:06.072   4.99600000   4995.99978   0.46  -56.6   34.2  28.0 10.80  352.8   851.2  352.87   54.69   38.17  1709.1  352.99   62.31   35.82  2569.0  353.20   69.90   32.04    1.3     38946.072     13.50   47.10740   39.80800  "Undefined"       0.0       -0.22  0.00000000
04.04.2019 10:49:19.661   4.99600000   4996.00002   0.07  -87.5    9.7  28.0 12.00  353.5   787.8  353.58   54.14   38.46  1582.5  353.68   61.22   36.58  2380.0  353.84   68.29   33.73    1.6     38959.661     13.50   47.10740   39.80800  "Undefined"       0.0        0.02  0.00000000
04.04.2019 10:49:32.206   4.99600000   4995.99970   0.53  -57.5   32.7  28.0 11.40  352.8   818.4  352.88   54.40   38.24  1643.6  352.99   61.73   36.04  2470.9  353.18   69.04   32.60    1.2     38972.206     13.50   47.10740   39.80800  "Undefined"       0.0       -0.30  0.00000000
04.04.2019 10:49:42.549   4.99600000   4996.00046   0.62  -60.6   24.9  28.0 12.00  352.8   787.9  352.87   54.13   38.31  1582.5  352.98   61.19   36.23  2379.7  353.15   68.24   33.07    1.2     38982.549     13.50   47.10740   39.80800  "Undefined"       0.0        0.46  0.00000000
04.04.2019 10:49:54.345   4.99600000   4996.00021   0.62  -56.1   35.4  28.0  8.40  353.5  1009.7  353.58   56.12   37.99  2026.7  353.72   65.16   35.14  3043.8  354.01   74.12   29.71    1.2     38994.345     13.50   47.10740   39.80800  "Undefined"       0.0        0.21  0.00000000
04.04.2019 10:50:05.173   4.99600000   4995.99995   0.62  -56.3   35.3  28.0  6.60  353.5  1165.5  353.59   57.51   37.64  2338.7  353.77   67.92   33.86  3507.6  354.22   78.14   24.94    1.1     39005.173     13.50   47.10740   39.80800  "Undefined"       0.0       -0.05  0.00000000
04.04.2019 10:50:28.823   4.99600000   4996.00166   0.62  -58.9   30.6  28.0  7.20  352.8  1109.1  352.90   56.99   37.56  2225.1  353.08   66.87   33.79  3337.8  353.50   76.58   25.68    1.3     39028.823     13.50   47.10740   39.80800  "Undefined"       0.0        1.66  0.00000000
04.04.2019 10:50:40.271   4.99600000   4996.00176   0.62  -60.4   27.1  28.0 59.10  346.3   362.1  346.50   50.27   38.62   767.5  346.79   53.80   37.14  1214.6  346.96   57.67   35.22    1.6     39040.271     13.50   47.10740   39.80800  "Undefined"       0.0        1.76  0.00000000
04.04.2019 10:50:40.271   4.99600000   4996.00176   0.62  -60.4   27.1  28.0  6.60  352.8  1164.0  352.91   57.48   37.42  2335.9  353.11   67.85   33.26  3502.5  353.59   77.98   23.53    1.4     39040.271     13.50   47.10740   39.80800  "Undefined"       0.0        1.76  0.00000000
04.04.2019 10:50:51.033   4.99600000   4996.00062   0.62  -55.3   32.3  28.0 12.00  353.5   786.9  353.56   54.13   38.46  1580.9  353.66   61.20   36.58  2378.8  353.82   68.28   33.72    1.4     39051.033     13.50   47.10740   39.80800  "Undefined"       0.0        0.62  0.00000000
04.04.2019 10:51:24.343   4.99600000   4996.00186   0.62  -62.8   28.7  28.0  7.20  353.5  1108.0  353.62   57.00   37.78  2224.0  353.79   66.91   34.39  3338.6  354.16   76.69   27.04    1.4     39084.343     13.50   47.10740   39.80800  "Undefined"       0.0        1.86  0.00000000
04.04.2019 10:51:46.626   4.99600000   4996.00492   0.53  -64.9   27.3  28.0 42.60  355.7   471.6  355.69   51.34   39.30   961.4  355.69   55.73   38.66  1518.2  355.62   60.71   37.69    1.7     39106.626     13.50   47.10740   39.80800  "Undefined"       0.0        4.92  0.00000000
04.04.2019 10:52:08.086   4.99600000   4996.00055   0.62  -64.3   25.2  28.0  9.60  352.8   923.3  352.89   55.34   38.01  1853.9  353.03   63.60   35.32  2786.5  353.28   71.80   30.67    1.4     39128.086     13.50   47.10740   39.80800  "Undefined"       0.0        0.55  0.00000000
04.04.2019 10:52:18.800   4.99600000   4995.99772   0.62  -64.5   27.0  28.0 15.00  352.8   661.4  352.85   53.00   38.58  1328.7  352.93   58.94   36.98  2000.3  353.06   64.89   34.76    1.4     39138.800     13.50   47.10740   39.80800  "Undefined"       0.0       -2.28  0.00000000
04.04.2019 10:52:29.544   4.99600000   4995.99854   0.60  -69.2   20.5  28.0 16.20  353.5   621.3  353.56   52.66   38.78  1248.0  353.63   58.24   37.45  1879.4  353.73   63.86   35.67    1.6     39149.544     13.50   47.10740   39.80800  "Undefined"       0.0       -1.46  0.00000000
04.04.2019 10:52:40.314   4.99600000   4996.00157   0.62  -67.5   24.0  28.0 22.20  351.4   475.9  351.43   51.34   38.79   956.0  351.49   55.59   37.56  1441.3  351.58   59.88   36.05    1.3     39160.314     13.50   47.10740   39.80800  "Undefined"       0.0        1.57  0.00000000
04.04.2019 10:52:52.170   4.99600000   4996.00168   0.60  -68.2   21.4  28.0 25.80  352.1   418.2  352.11   50.83   38.99   840.8  352.16   54.59   38.03  1268.8  352.22   58.38   36.88    1.5     39172.170     13.50   47.10740   39.80800  "Undefined"       0.0        1.68  0.00000000
04.04.2019 10:53:02.916   4.99600000   4996.00305   0.62  -69.9   21.6  28.0 20.40  351.4   511.8  351.40   51.65   38.70  1028.2  351.47   56.23   37.35  1549.8  351.57   60.84   35.65    1.6     39182.916     13.50   47.10740   39.80800  "Undefined"       0.0        3.05  0.00000000
04.04.2019 10:53:14.748   4.99600000   4996.00141   0.62  -62.3   29.2  28.0 22.80  352.8   465.1  352.82   51.25   38.97   934.4  352.87   55.43   37.98  1408.9  352.94   59.65   36.75    1.2     39194.748     13.50   47.10740   39.80800  "Undefined"       0.0        1.41  0.00000000
04.04.2019 10:53:26.681   4.99600000   4996.00366   0.62  -59.9   31.7  28.0 21.60  352.8   487.3  352.82   51.45   38.93   979.0  352.88   55.83   37.87  1475.8  352.95   60.24   36.55    1.4     39206.681     13.50   47.10740   39.80800  "Undefined"       0.0        3.66  0.00000000
04.04.2019 10:53:37.382   4.99600000   4996.00198   0.62  -60.1   31.4  28.0 22.20  354.2   475.9  354.27   51.36   39.12   956.1  354.31   55.66   38.30  1441.5  354.36   59.99   37.28    1.7     39217.382     13.50   47.10740   39.80800  "Undefined"       0.0        1.98  0.00000000
04.04.2019 10:54:05.480   4.99600000   4996.00169   0.62  -56.2   35.3  28.0  9.00  352.8   964.1  352.88   55.70   37.91  1935.6  353.03   64.32   35.00  2908.2  353.31   72.86   29.77    1.4     39245.480     13.50   47.10740   39.80800  "Undefined"       0.0        1.69  0.00000000
04.04.2019 10:54:17.318   4.99600000   4996.00182   0.62  -55.5   36.1  28.0 11.40  352.8   817.4  352.89   54.39   38.25  1642.0  353.00   61.72   36.05  2469.7  353.19   69.03   32.62    1.2     39257.318     13.50   47.10740   39.80800  "Undefined"       0.0        1.82  0.00000000
04.04.2019 10:54:32.363   4.99600000   4996.00289   0.62  -55.2   36.3  28.0 13.80  352.8   706.9  352.88   53.41   38.49  1420.3  352.97   59.75   36.73  2138.2  353.12   66.11   34.21    1.2     39272.363     13.50   47.10740   39.80800  "Undefined"       0.0        2.89  0.00000000
04.04.2019 10:54:43.118   4.99600000   4996.00171   0.62  -55.9   35.6  28.0 58.80  350.6   366.2  350.71   50.36   38.98   775.1  350.86   53.98   37.93  1227.6  350.85   57.97   36.51    1.4     39283.118     13.50   47.10740   39.80800  "Undefined"       0.0        1.71  0.00000000
04.04.2019 10:54:43.118   4.99600000   4996.00171   0.62  -55.9   35.6  28.0 12.60  352.8   758.5  352.88   53.87   38.38  1524.0  352.98   60.67   36.42  2293.5  353.14   67.48   33.50    1.2     39283.118     13.50   47.10740   39.80800  "Undefined"       0.0        1.71  0.00000000
04.04.2019 10:54:54.982   4.99600000   4996.00327   0.62  -57.4   34.2  28.0 12.60  353.5   758.5  353.57   53.88   38.51  1524.0  353.66   60.70   36.74  2293.8  353.81   67.53   34.10    1.7     39294.982     13.50   47.10740   39.80800  "Undefined"       0.0        3.27  0.00000000
04.04.2019 10:55:06.886   4.99600000   4996.00183   0.62  -59.9   31.6  28.0  6.00  353.5  1225.2  353.63   58.04   37.51  2459.3  353.83   68.99   33.33  3686.8  354.35   79.67   22.33    1.6     39306.886     13.50   47.10740   39.80800  "Undefined"       0.0        1.83  0.00000000
04.04.2019 10:55:30.759   4.99600000   4995.99964   0.62  -62.4   25.1  28.0  9.60  353.5   923.3  353.60   55.35   38.19  1854.1  353.73   63.63   35.76  2787.3  353.96   71.88   31.56    1.5     39330.759     13.50   47.10740   39.80800  "Undefined"       0.0       -0.36  0.00000000
04.04.2019 10:55:41.503   4.99600000   4996.00004   0.62  -61.0   30.5  28.0 14.40  352.8   683.5  352.87   53.20   38.54  1373.2  352.95   59.33   36.86  2067.3  353.09   65.48   34.50    1.3     39341.503     13.50   47.10740   39.80800  "Undefined"       0.0        0.04  0.00000000
04.04.2019 10:55:52.239   4.99600000   4995.99959   0.62  -59.7   31.8  28.0 12.00  352.8   786.9  352.86   54.12   38.31  1580.8  352.96   61.18   36.23  2378.4  353.14   68.22   33.06    1.2     39352.239     13.50   47.10740   39.80800  "Undefined"       0.0       -0.41  0.00000000
04.04.2019 10:56:04.117   4.99600000   4996.00146   0.62  -56.7   36.9  28.0 12.60  352.8   758.5  352.84   53.87   38.37  1524.0  352.94   60.67   36.40  2293.5  353.10   67.48   33.47    1.2     39364.117     13.50   47.10740   39.80800  "Undefined"       0.0        1.46  0.00000000
04.04.2019 10:56:16.044   4.99600000   4996.00008   0.62  -60.4   31.1  28.0 12.60  352.8   758.5  352.89   53.87   38.38  1524.0  352.99   60.67   36.42  2293.5  353.15   67.48   33.51    1.1     39376.044     13.50   47.10740   39.80800  "Undefined"       0.0        0.08  0.00000000
04.04.2019 10:56:27.920   4.99600000   4996.00223   0.62  -59.4   32.1  28.0 13.20  353.5   731.8  353.58   53.64   38.57  1470.3  353.67   60.22   36.90  2213.2  353.81   66.82   34.45    1.5     39387.920     13.50   47.10740   39.80800  "Undefined"       0.0        2.23  0.00000000
04.04.2019 10:56:49.429   4.99600000   4996.00147   0.62  -64.6   26.9  28.0  9.00  352.8   964.1  352.87   55.70   37.90  1935.6  353.01   64.32   34.99  2908.2  353.30   72.86   29.75    1.4     39409.429     13.50   47.10740   39.80800  "Undefined"       0.0        1.47  0.00000000
04.04.2019 10:57:21.710   4.99600000   4995.99998   0.62  -64.8   26.7  28.0  9.00  354.2   964.1  354.30   55.73   38.28  1936.1  354.41   64.39   35.94  2910.2  354.65   73.02   31.70    1.3     39441.710     13.50   47.10740   39.80800  "Undefined"       0.0       -0.02  0.00000000
04.04.2019 10:57:33.553   4.99600000   4995.99995   0.62  -65.8   25.7  28.0 33.00  355.7   354.0  355.69   50.28   39.43   719.2  355.70   53.56   38.99  1106.3  355.73   57.02   38.45    1.9     39453.553     13.50   47.10740   39.80800  "Undefined"       0.0       -0.05  0.00000000
04.04.2019 10:57:33.553   4.99600000   4995.99995   0.62  -65.8   25.7  28.0 35.40  356.4   413.1  356.39   50.81   39.44   872.7  356.39   54.94   38.95  1300.3  356.41   58.77   38.40    1.9     39453.553     13.50   47.10740   39.80800  "Undefined"       0.0       -0.05  0.00000000
04.04.2019 10:58:08.095   4.99600000   4996.00074   0.62  -65.3   28.2  28.0 14.40  353.5   683.5  353.56   53.21   38.66  1373.2  353.64   59.36   37.14  2067.6  353.76   65.53   35.01    1.3     39488.095     13.50   47.10740   39.80800  "Undefined"       0.0        0.74  0.00000000
04.04.2019 10:59:03.944   4.99600000   4996.00230   0.62  -65.9   25.6  28.0  8.40  353.5  1008.4  353.60   56.11   38.00  2024.7  353.74   65.15   35.16  3042.1  354.03   74.11   29.75    1.2     39543.944     13.50   47.10740   39.80800  "Undefined"       0.0        2.30  0.00000000
04.04.2019 10:59:14.676   4.99600000   4996.00277   0.62  -62.1   29.5  28.0 18.00  353.5   569.3  353.58   52.19   38.87  1143.5  353.64   57.31   37.71  1722.6  353.72   62.47   36.19    1.3     39554.676     13.50   47.10740   39.80800  "Undefined"       0.0        2.77  0.00000000
04.04.2019 10:59:26.585   4.99600000   4996.00048   0.62  -60.1   33.5  28.0 15.60  353.5   640.9  353.56   52.83   38.74  1287.7  353.63   58.60   37.36  1938.8  353.73   64.38   35.47    1.2     39566.585     13.50   47.10740   39.80800  "Undefined"       0.0        0.48  0.00000000
04.04.2019 10:59:38.422   4.99600000   4995.99881   0.62  -61.2   32.3  28.0  9.60  353.5   923.3  353.58   55.35   38.18  1854.1  353.70   63.63   35.74  2787.4  353.94   71.88   31.53    1.2     39578.422     13.50   47.10740   39.80800  "Undefined"       0.0       -1.19  0.00000000
