
[strDate]   [strTime]   [Frq_rpu]    [Frq_meg]    [Band]  [E]   [S_N] [Att]  [B]     [A]    [S0]  [aIRI0]   [Lat0]  [Lon0]   [S1]  [aIRI1]  [Lat1]  [Lon1]   [S2]  [aIRI2]  [Lat2]  [Lon2] [Sigm] [Time_sec]  [Cource]  [BaseLat]  [BaseLon]  [TypeSignalName]  [DispApd]  [Dopler]  [Delay]
04.04.2019 12:59:55.163   4.99600000   4995.99991   0.11  -58.7   42.3  28.0  9.60  354.9   920.9  355.01   55.35   38.54  1851.1  355.10   63.67   36.65  2787.3  355.29   72.00   33.34    1.5     46795.163     13.50   47.10740   39.80800  "Undefined"       0.0       -0.09  0.00000000
04.04.2019 13:00:06.988   4.99600000   4995.99991   0.24  -56.6   41.0  28.0 12.60  353.5   756.4  353.58   53.86   38.52  1519.0  353.67   60.66   36.76  2288.1  353.82   67.48   34.14    1.4     46806.988     13.50   47.10740   39.80800  "Undefined"       0.0       -0.09  0.00000000
04.04.2019 13:00:21.036   4.99600000   4995.99992   0.18  -58.3   38.7  28.0  5.40  352.8  1286.9  352.93   58.57   37.09  2582.7  353.18   70.02   31.93  3864.1  353.85   81.00   16.81    1.3     46821.036     13.50   47.10740   39.80800  "Undefined"       0.0       -0.08  0.00000000
04.04.2019 13:00:32.862   4.99600000   4995.99991   0.15  -59.1   38.4  28.0 10.20  352.1   882.9  352.16   54.96   37.93  1773.8  352.30   62.85   35.18  2669.3  352.55   70.71   30.62    1.3     46832.862     13.50   47.10740   39.80800  "Undefined"       0.0       -0.09  0.00000000
04.04.2019 13:00:44.682   4.99600000   4995.99991   0.13  -59.2   41.0  28.0 10.80  352.8   847.9  352.87   54.67   38.18  1703.4  352.99   62.26   35.84  2564.3  353.20   69.86   32.07    1.4     46844.682     13.50   47.10740   39.80800  "Undefined"       0.0       -0.09  0.00000000
04.04.2019 13:00:56.594   4.99600000   4995.99991   0.46  -54.0   39.9  28.0 18.00  353.5   567.3  353.56   52.17   38.88  1138.4  353.63   57.27   37.72  1715.2  353.72   62.40   36.20    1.3     46856.594     13.50   47.10740   39.80800  "Undefined"      62.3       -0.09  0.00000000
04.04.2019 13:01:08.404   4.99600000   4995.99991   0.38  -53.8   43.7  28.0 11.40  353.5   815.4  353.58   54.39   38.40  1637.9  353.68   61.71   36.42  2466.4  353.86   69.05   33.32    1.4     46868.404     13.50   47.10740   39.80800  "Undefined"      62.6       -0.09  0.00000000
04.04.2019 13:01:20.255   4.99600000   4995.99991   0.55  -53.7   42.2  28.0 11.40  352.8   815.3  352.88   54.37   38.25  1637.7  353.00   61.68   36.06  2465.7  353.19   68.99   32.63    1.3     46880.255     13.50   47.10740   39.80800  "Undefined"      62.5       -0.09  0.00000000
04.04.2019 13:02:09.663   4.99600000   4995.99990   0.18  -58.9   40.1  28.0 12.00  353.5   785.0  353.58   54.12   38.46  1576.9  353.67   61.17   36.60  2375.0  353.84   68.25   33.75    1.5     46929.663     13.50   47.10740   39.80800  "Undefined"       0.0       -0.10  0.00000000
04.04.2019 13:02:21.496   4.99600000   4995.99993   0.29  -57.5   41.5  28.0  9.60  352.8   920.7  352.86   55.31   38.01  1850.3  353.00   63.56   35.31  2784.6  353.25   71.78   30.65    1.3     46941.496     13.50   47.10740   39.80800  "Undefined"      63.6       -0.07  0.00000000
04.04.2019 13:02:33.272   4.99600000   4995.99993   0.18  -56.6   42.4  28.0 11.40  353.5   815.4  353.58   54.39   38.40  1637.9  353.69   61.71   36.43  2466.4  353.86   69.05   33.32    1.3     46953.272     13.50   47.10740   39.80800  "Undefined"       0.0       -0.07  0.00000000
04.04.2019 13:02:46.335   4.99600000   4995.99990   0.11  -61.1   39.9  28.0 10.20  354.2   883.1  354.30   55.00   38.44  1774.5  354.40   62.96   36.43  2671.7  354.59   70.92   33.06    1.8     46966.335     13.50   47.10740   39.80800  "Undefined"       0.0       -0.10  0.00000000
04.04.2019 13:03:13.248   4.99600000   4995.99988   0.18  -57.3   41.7  28.0 14.40  354.2   681.5  354.30   53.20   38.79  1368.2  354.37   59.33   37.46  2061.4  354.48   65.51   35.57    1.7     46993.248     13.50   47.10740   39.80800  "Undefined"       0.0       -0.12  0.00000000
04.04.2019 13:03:28.415   4.99600000   4995.99990   0.11  -63.4   37.6  28.0 51.00  350.6   411.3  350.77   50.76   38.87   858.4  350.95   54.72   37.71  1339.3  351.14   58.97   36.23    1.7     47008.415     13.50   47.10740   39.80800  "Undefined"       0.0       -0.10  0.00000000
04.04.2019 13:03:40.260   4.99600000   4995.99988   0.11  -59.8   41.2  28.0 44.40  354.2   435.9  354.32   51.01   39.19   892.2  354.43   55.09   38.45  1355.4  354.55   59.23   37.56    1.8     47020.260     13.50   47.10740   39.80800  "Undefined"       0.0       -0.12  0.00000000
04.04.2019 13:03:40.260   4.99600000   4995.99988   0.11  -59.8   41.2  28.0  7.20  354.3  1104.8  354.33   56.98   38.02  2220.9  354.48   66.93   35.00  3339.5  354.82   76.79   28.41    1.6     47020.260     13.50   47.10740   39.80800  "Undefined"       0.0       -0.12  0.00000000
04.04.2019 13:03:53.178   4.99600000   4995.99992   0.46  -53.1   42.6  28.0 16.80  352.8   601.1  352.84   52.47   38.70  1206.2  352.92   57.85   37.31  1817.0  353.03   63.27   35.45    1.4     47033.178     13.50   47.10740   39.80800  "Undefined"      63.0       -0.08  0.00000000
04.04.2019 13:04:05.037   4.99600000   4995.99993   0.35  -55.3   42.3  28.0 10.80  354.2   848.0  354.29   54.69   38.50  1703.9  354.39   62.33   36.62  2565.7  354.56   69.98   33.58    1.5     47045.037     13.50   47.10740   39.80800  "Undefined"      63.2       -0.07  0.00000000
04.04.2019 13:04:19.000   4.99600000   4995.99990   0.11  -61.0   40.0  28.0 13.80  354.2   704.9  354.29   53.41   38.75  1415.4  354.37   59.76   37.35  2132.6  354.48   66.14   35.33    1.4     47059.000     13.50   47.10740   39.80800  "Undefined"       0.0       -0.10  0.00000000
04.04.2019 13:04:43.721   4.99600000   4995.99992   0.20  -54.8   39.7  28.0 13.80  355.0   704.9  355.00   53.42   38.88  1415.4  355.07   59.78   37.65  2132.8  355.17   66.18   35.88    1.3     47083.721     13.50   47.10740   39.80800  "Undefined"       0.0       -0.08  0.00000000
04.04.2019 13:04:55.709   4.99600000   4995.99992   0.11  -60.6   38.4  28.0 16.20  351.4   619.2  351.44   52.61   38.44  1242.3  351.53   58.13   36.71  1871.1  351.67   63.67   34.38    1.5     47095.709     13.50   47.10740   39.80800  "Undefined"       0.0       -0.08  0.00000000
04.04.2019 13:05:20.473   4.99600000   4995.99989   0.11  -59.2   39.8  28.0 19.80  354.2   523.1  354.28   51.79   39.05  1049.8  354.34   56.49   38.13  1581.8  354.41   61.24   36.95    1.4     47120.473     13.50   47.10740   39.80800  "Undefined"       0.0       -0.11  0.00000000
04.04.2019 13:05:32.515   4.99600000   4995.99992   0.11  -59.7   39.4  28.0 16.20  351.4   619.2  351.44   52.61   38.45  1242.3  351.54   58.13   36.71  1871.2  351.67   63.67   34.38    1.2     47132.515     13.50   47.10740   39.80800  "Undefined"       0.0       -0.08  0.00000000
04.04.2019 13:05:44.413   4.99600000   4995.99991   0.11  -57.2   41.8  28.0  9.60  353.5   921.0  353.61   55.33   38.19  1850.8  353.74   63.60   35.78  2785.5  353.97   71.87   31.59    1.2     47144.413     13.50   47.10740   39.80800  "Undefined"       0.0       -0.09  0.00000000
04.04.2019 13:05:58.529   4.99600000   4995.99993   0.11  -62.7   36.3  28.0  9.60  352.8   920.9  352.89   55.31   38.01  1850.5  353.03   63.57   35.33  2784.5  353.28   71.79   30.69    1.6     47158.529     13.50   47.10740   39.80800  "Undefined"       0.0       -0.07  0.00000000
04.04.2019 13:06:24.347   4.99600000   4995.99995   0.13  -57.8   38.4  28.0 18.60  352.8   551.9  352.86   52.03   38.81  1107.5  352.92   56.97   37.57  1668.4  353.02   61.95   35.97    1.2     47184.347     13.50   47.10740   39.80800  "Undefined"       0.0       -0.05  0.00000000
04.04.2019 13:06:36.313   4.99600000   4995.99992   0.27  -55.7   39.5  28.0 16.20  353.5   619.5  353.56   52.64   38.78  1243.1  353.63   58.20   37.47  1872.6  353.74   63.80   35.70    1.3     47196.313     13.50   47.10740   39.80800  "Undefined"       0.0       -0.08  0.00000000
04.04.2019 13:06:48.132   4.99600000   4995.99989   0.11  -56.2   40.8  28.0 16.20  353.5   619.5  353.57   52.64   38.78  1243.1  353.64   58.20   37.47  1872.6  353.74   63.80   35.71    1.2     47208.132     13.50   47.10740   39.80800  "Undefined"       0.0       -0.11  0.00000000
04.04.2019 13:06:58.901   4.99600000   4995.99985   0.11  -56.3   28.7  28.0 15.60  352.8   638.9  352.86   52.80   38.63  1282.3  352.94   58.53   37.11  1931.8  353.06   64.29   35.04    1.4     47218.901     13.50   47.10740   39.80800  "Undefined"       0.0       -0.15  0.00000000
04.04.2019 13:07:14.051   4.99600000   4995.99991   0.42  -55.2   43.7  28.0 12.00  352.8   785.2  352.86   54.11   38.32  1577.0  352.97   61.14   36.25  2374.4  353.15   68.19   33.09    1.3     47234.051     13.50   47.10740   39.80800  "Undefined"      62.5       -0.09  0.00000000
04.04.2019 13:07:24.731   4.99600000   4995.99994   0.29  -54.7   40.2  28.0 16.20  353.5   619.5  353.57   52.64   38.78  1243.1  353.64   58.20   37.47  1872.6  353.74   63.80   35.71    1.2     47244.731     13.50   47.10740   39.80800  "Undefined"       0.0       -0.06  0.00000000
04.04.2019 13:07:36.679   4.99600000   4995.99992   0.46  -53.5   40.5  28.0 15.60  352.8   638.9  352.87   52.80   38.63  1282.3  352.95   58.53   37.11  1931.8  353.07   64.29   35.04    1.2     47256.679     13.50   47.10740   39.80800  "Undefined"      62.8       -0.08  0.00000000
04.04.2019 13:07:48.480   4.99600000   4995.99882   0.07  -95.5    5.7  28.0 15.00  354.2   659.7  354.28   53.01   38.83  1324.3  354.34   58.94   37.55  1995.3  354.45   64.92   35.78    1.4     47268.480     13.50   47.10740   39.80800  "Undefined"       0.0       -1.18  0.00000000
04.04.2019 13:08:01.400   4.99600000   4996.00005   0.07  -93.3    7.9  28.0 19.20  352.1   537.2  352.15   51.89   38.74  1077.9  352.22   56.69   37.43  1623.6  352.32   61.53   35.75    1.5     47281.400     13.50   47.10740   39.80800  "Undefined"       0.0        0.05  0.00000000
04.04.2019 13:08:13.225   4.99600000   4996.00017   0.07  -95.3    7.9  28.0 18.00  354.3   567.5  354.29   52.18   38.98  1139.1  354.35   57.29   37.95  1716.2  354.43   62.44   36.61    1.4     47293.225     13.50   47.10740   39.80800  "Undefined"       0.0        0.17  0.00000000
04.04.2019 13:08:59.145   4.99600000   4995.99984   0.31  -67.3   27.2  28.0  9.60  352.1   920.9  352.16   55.30   37.83  1850.2  352.31   63.52   34.88  2783.5  352.59   71.70   29.80    1.8     47339.145     13.50   47.10740   39.80800  "Undefined"       0.0       -0.16  0.00000000
04.04.2019 13:09:10.597   4.99600000   4995.99990   0.60  -58.5   35.2  28.0 15.00  352.1   659.6  352.16   52.98   38.47  1323.8  352.25   58.87   36.72  1994.1  352.39   64.79   34.31    1.2     47350.597     13.50   47.10740   39.80800  "Undefined"       0.0       -0.10  0.00000000
04.04.2019 13:09:21.296   4.99600000   4996.00000   0.58  -60.0   29.8  28.0 14.40  352.8   681.7  352.86   53.18   38.54  1368.3  352.95   59.29   36.87  2061.1  353.08   65.43   34.52    1.2     47361.296     13.50   47.10740   39.80800  "Undefined"       0.0        0.00  0.00000000
04.04.2019 13:09:42.716   4.99600000   4995.99995   0.62  -60.5   31.0  28.0 18.60  352.1   551.9  352.13   52.02   38.70  1107.5  352.21   56.95   37.34  1668.2  352.31   61.92   35.59    1.3     47382.716     13.50   47.10740   39.80800  "Undefined"       0.0       -0.05  0.00000000
04.04.2019 13:09:55.344   4.99600000   4995.99981   0.11  -70.0   27.0  28.0 12.60  352.1   756.5  352.17   53.84   38.24  1518.9  352.28   60.60   36.10  2287.2  352.46   67.37   32.92    1.6     47395.344     13.50   47.10740   39.80800  "Undefined"       0.0       -0.19  0.00000000
04.04.2019 13:10:07.231   4.99600000   4995.99968   0.35  -66.1   25.8  28.0 18.00  353.5   567.5  353.56   52.18   38.88  1138.8  353.62   57.27   37.71  1715.7  353.71   62.40   36.20    1.2     47407.231     13.50   47.10740   39.80800  "Undefined"       0.0       -0.32  0.00000000
04.04.2019 13:10:19.006   4.99600000   4995.99958   0.35  -69.9   20.1  28.0  9.60  354.2   921.1  354.29   55.34   38.36  1851.2  354.40   63.64   36.20  2786.5  354.61   71.93   32.44    1.4     47419.006     13.50   47.10740   39.80800  "Undefined"       0.0       -0.42  0.00000000
04.04.2019 13:12:00.700   4.99600000   4995.99979   0.13  -63.6   36.6  28.0 13.20  353.5   730.0  353.57   53.63   38.57  1465.7  353.66   60.18   36.90  2207.7  353.80   66.77   34.47    1.3     47520.700     13.50   47.10740   39.80800  "Undefined"       0.0       -0.21  0.00000000
04.04.2019 13:12:12.502   4.99600000   4995.99921   0.07  -93.7    9.5  28.0 16.80  353.5   601.3  353.56   52.48   38.81  1206.8  353.63   57.88   37.56  1817.9  353.73   63.31   35.88    1.5     47532.502     13.50   47.10740   39.80800  "Undefined"       0.0       -0.79  0.00000000
04.04.2019 13:12:23.234   4.99600000   4995.99990   0.58  -63.4   28.5  28.0 15.60  352.8   639.0  352.87   52.80   38.63  1282.4  352.95   58.53   37.11  1932.0  353.07   64.29   35.05    1.3     47543.234     13.50   47.10740   39.80800  "Undefined"       0.0       -0.10  0.00000000
04.04.2019 13:12:33.975   4.99600000   4996.00009   0.18  -62.7   36.2  28.0 13.80  353.5   705.1  353.55   53.40   38.62  1415.5  353.64   59.73   37.03  2132.3  353.77   66.10   34.76    1.2     47553.975     13.50   47.10740   39.80800  "Undefined"       0.0        0.09  0.00000000
04.04.2019 13:12:44.709   4.99600000   4996.00020   0.60  -60.7   33.0  28.0 16.80  352.8   601.3  352.86   52.47   38.71  1206.6  352.94   57.86   37.31  1817.5  353.05   63.28   35.46    1.3     47564.709     13.50   47.10740   39.80800  "Undefined"       0.0        0.20  0.00000000
04.04.2019 13:12:55.596   4.99600000   4995.99897   0.07  -93.3    9.9  28.0 18.00  352.8   567.5  352.84   52.17   38.77  1138.9  352.91   57.25   37.48  1716.0  353.01   62.38   35.80    1.3     47575.596     13.50   47.10740   39.80800  "Undefined"       0.0       -1.03  0.00000000
04.04.2019 13:13:07.385   4.99600000   4996.00002   0.11  -69.7   31.3  28.0 17.40  352.1   583.8  352.12   52.30   38.63  1171.5  352.20   57.52   37.16  1764.6  352.32   62.77   35.22    1.4     47587.385     13.50   47.10740   39.80800  "Undefined"       0.0        0.02  0.00000000
04.04.2019 13:13:19.272   4.99600000   4995.99996   0.20  -72.5   25.9  28.0 13.80  351.4   705.0  351.43   53.37   38.23  1415.1  351.54   59.65   36.13  2131.1  351.71   65.95   33.14    1.5     47599.272     13.50   47.10740   39.80800  "Undefined"       0.0       -0.04  0.00000000
04.04.2019 13:13:51.502   4.99600000   4995.99988   0.15  -61.8   37.7  28.0 19.20  352.1   537.2  352.12   51.89   38.74  1077.9  352.19   56.69   37.42  1623.6  352.30   61.52   35.74    1.3     47631.502     13.50   47.10740   39.80800  "Undefined"       0.0       -0.12  0.00000000
04.04.2019 13:14:02.214   4.99600000   4996.00084   0.62  -66.3   27.3  28.0 18.00  354.2   567.5  354.28   52.18   38.98  1139.0  354.33   57.29   37.95  1716.2  354.42   62.44   36.60    1.5     47642.214     13.50   47.10740   39.80800  "Undefined"       0.0        0.84  0.00000000
04.04.2019 13:14:12.911   4.99600000   4996.00020   0.62  -65.0   28.5  28.0 21.00  354.2   497.4  354.27   51.56   39.09   998.3  354.32   56.03   38.22  1504.1  354.39   60.55   37.14    1.2     47652.911     13.50   47.10740   39.80800  "Undefined"       0.0        0.20  0.00000000
04.04.2019 13:14:24.829   4.99600000   4995.99971   0.27  -64.4   32.8  28.0 14.40  353.5   681.7  353.56   53.19   38.66  1368.4  353.64   59.32   37.16  2061.4  353.77   65.47   35.04    1.3     47664.829     13.50   47.10740   39.80800  "Undefined"       0.0       -0.29  0.00000000
04.04.2019 13:14:35.676   4.99600000   4996.00126   0.62  -65.3   28.3  28.0 12.00  353.5   785.2  353.58   54.12   38.46  1577.2  353.67   61.17   36.60  2375.1  353.84   68.25   33.75    1.5     47675.676     13.50   47.10740   39.80800  "Undefined"       0.0        1.26  0.00000000
04.04.2019 13:15:11.093   4.99600000   4995.99899   0.51  -67.7   26.7  28.0 13.20  352.1   729.9  352.16   53.60   38.30  1465.4  352.26   60.13   36.27  2207.0  352.43   66.67   33.32    1.3     47711.093     13.50   47.10740   39.80800  "Undefined"       0.0       -1.01  0.00000000
04.04.2019 13:15:21.862   4.99600000   4995.99992   0.62  -65.3   28.3  28.0 18.60  352.1   551.9  352.14   52.02   38.71  1107.5  352.21   56.95   37.34  1668.2  352.31   61.92   35.59    1.4     47721.862     13.50   47.10740   39.80800  "Undefined"       0.0       -0.08  0.00000000
04.04.2019 13:15:33.688   4.99600000   4995.99950   0.11  -69.1   31.9  28.0 17.40  350.6   583.8  350.71   52.28   38.42  1171.3  350.80   57.47   36.69  1764.0  350.93   62.68   34.42    1.8     47733.688     13.50   47.10740   39.80800  "Undefined"       0.0       -0.50  0.00000000
04.04.2019 13:15:46.705   4.99600000   4996.00024   0.31  -67.0   29.5  28.0 15.00  352.1   659.6  352.15   52.98   38.46  1323.9  352.24   58.87   36.72  1994.2  352.38   64.79   34.30    1.3     47746.705     13.50   47.10740   39.80800  "Undefined"       0.0        0.24  0.00000000
04.04.2019 13:15:58.534   4.99600000   4995.99893   0.07  -96.0    7.3  28.0 18.60  352.1   551.9  352.15   52.02   38.71  1107.4  352.22   56.95   37.35  1668.1  352.33   61.92   35.60    1.6     47758.534     13.50   47.10740   39.80800  "Undefined"       0.0       -1.07  0.00000000
04.04.2019 13:16:10.353   4.99600000   4995.99954   0.62  -65.1   28.4  28.0 16.80  352.8   601.3  352.84   52.47   38.70  1206.6  352.92   57.86   37.31  1817.5  353.03   63.27   35.45    1.3     47770.353     13.50   47.10740   39.80800  "Undefined"       0.0       -0.46  0.00000000
04.04.2019 13:16:21.098   4.99600000   4995.99974   0.27  -65.6   31.6  28.0 18.60  352.8   551.9  352.84   52.03   38.80  1107.4  352.91   56.97   37.56  1668.3  353.01   61.95   35.96    1.3     47781.098     13.50   47.10740   39.80800  "Undefined"       0.0       -0.26  0.00000000
04.04.2019 13:16:32.918   4.99600000   4995.99980   0.27  -64.5   32.7  28.0 16.80  353.5   601.3  353.59   52.48   38.82  1206.7  353.66   57.88   37.57  1817.8  353.76   63.31   35.90    1.2     47792.918     13.50   47.10740   39.80800  "Undefined"       0.0       -0.20  0.00000000
04.04.2019 13:16:45.984   4.99600000   4995.99970   0.62  -68.0   25.5  28.0 16.80  354.2   601.4  354.27   52.49   38.92  1206.9  354.34   57.90   37.80  1818.2  354.43   63.35   36.31    1.2     47805.984     13.50   47.10740   39.80800  "Undefined"       0.0       -0.30  0.00000000
04.04.2019 13:17:20.032   4.99600000   4996.00048   0.62  -61.0   32.6  28.0 12.00  352.8   785.2  352.87   54.11   38.32  1577.0  352.98   61.14   36.25  2374.4  353.16   68.19   33.10    1.2     47840.032     13.50   47.10740   39.80800  "Undefined"       0.0        0.48  0.00000000
04.04.2019 13:17:30.745   4.99600000   4995.99996   0.29  -62.0   34.8  28.0 12.60  352.8   756.5  352.85   53.85   38.38  1519.1  352.95   60.63   36.42  2287.8  353.12   67.43   33.51    1.3     47850.745     13.50   47.10740   39.80800  "Undefined"       0.0       -0.04  0.00000000
04.04.2019 13:18:16.735   4.99600000   4995.99981   0.27  -63.8   33.4  28.0 11.40  352.8   815.5  352.90   54.38   38.25  1638.0  353.01   61.68   36.07  2465.9  353.20   69.00   32.65    1.2     47896.735     13.50   47.10740   39.80800  "Undefined"       0.0       -0.19  0.00000000
04.04.2019 13:18:27.459   4.99600000   4996.00056   0.07  -91.4   11.8  28.0 13.20  352.8   730.0  352.87   53.62   38.44  1465.6  352.97   60.16   36.59  2207.4  353.13   66.72   33.90    1.3     47907.459     13.50   47.10740   39.80800  "Undefined"       0.0        0.56  0.00000000
04.04.2019 13:18:39.332   4.99600000   4996.00008   0.11  -63.5   37.5  28.0 13.80  352.8   705.0  352.87   53.39   38.49  1415.4  352.97   59.71   36.74  2132.0  353.11   66.05   34.24    1.2     47919.332     13.50   47.10740   39.80800  "Undefined"       0.0        0.08  0.00000000
04.04.2019 13:18:50.055   4.99600000   4995.99984   0.13  -63.3   37.0  28.0  9.60  352.8   921.0  352.90   55.32   38.02  1850.6  353.04   63.57   35.34  2784.7  353.29   71.79   30.71    1.2     47930.055     13.50   47.10740   39.80800  "Undefined"       0.0       -0.16  0.00000000
04.04.2019 13:19:01.881   4.99600000   4996.00005   0.38  -62.4   33.3  28.0 12.60  353.5   756.6  353.57   53.86   38.52  1519.3  353.67   60.66   36.76  2288.3  353.82   67.48   34.13    1.3     47941.881     13.50   47.10740   39.80800  "Undefined"       0.0        0.05  0.00000000
04.04.2019 13:19:13.703   4.99600000   4995.99995   0.42  -64.1   31.1  28.0 13.80  352.8   705.1  352.85   53.39   38.49  1415.4  352.94   59.71   36.73  2132.1  353.09   66.05   34.22    1.4     47953.703     13.50   47.10740   39.80800  "Undefined"       0.0       -0.05  0.00000000
04.04.2019 13:19:26.721   4.99600000   4996.00043   0.62  -63.3   30.2  28.0  8.40  352.8  1005.6  352.87   56.07   37.81  2021.0  353.03   65.07   34.65  3041.3  353.35   74.02   28.66    1.2     47966.721     13.50   47.10740   39.80800  "Undefined"       0.0        0.43  0.00000000
04.04.2019 13:19:37.435   4.99600000   4996.00022   0.07  -94.2    9.0  28.0 12.60  352.8   756.5  352.86   53.85   38.38  1519.1  352.97   60.63   36.43  2287.7  353.13   67.43   33.52    1.2     47977.435     13.50   47.10740   39.80800  "Undefined"       0.0        0.22  0.00000000
04.04.2019 13:20:02.123   4.99600000   4996.00104   0.62  -63.6   29.9  28.0 10.20  352.8   883.2  352.87   54.98   38.09  1774.4  353.00   62.89   35.59  2670.3  353.23   70.79   31.42    1.2     48002.123     13.50   47.10740   39.80800  "Undefined"       0.0        1.04  0.00000000
04.04.2019 13:20:12.854   4.99600000   4996.00183   0.62  -62.1   31.4  28.0 15.00  352.8   659.7  352.88   52.99   38.59  1324.0  352.96   58.90   37.00  1994.6  353.09   64.84   34.81    1.2     48012.854     13.50   47.10740   39.80800  "Undefined"       0.0        1.83  0.00000000
04.04.2019 13:20:23.574   4.99600000   4996.00182   0.62  -65.1   28.5  28.0 17.40  352.8   583.9  352.85   52.31   38.74  1171.8  352.93   57.55   37.40  1765.3  353.03   62.81   35.64    1.5     48023.574     13.50   47.10740   39.80800  "Undefined"       0.0        1.82  0.00000000
04.04.2019 13:20:35.495   4.99600000   4996.00298   0.62  -67.1   26.4  28.0 15.00  352.8   660.1  352.86   52.99   38.58  1325.0  352.95   58.91   36.99  1995.9  353.08   64.85   34.79    1.2     48035.495     13.50   47.10740   39.80800  "Undefined"       0.0        2.98  0.00000000
04.04.2019 13:20:47.344   4.99600000   4996.00162   0.62  -68.9   24.6  28.0  9.00  353.5   962.2  353.59   55.70   38.10  1933.5  353.72   64.34   35.48  2908.7  353.98   72.94   30.74    1.4     48047.344     13.50   47.10740   39.80800  "Undefined"       0.0        1.62  0.00000000
04.04.2019 13:21:22.843   4.99600000   4996.00001   0.62  -67.2   26.3  28.0 12.00  352.8   785.5  352.86   54.11   38.31  1577.7  352.97   61.15   36.24  2375.7  353.15   68.20   33.08    1.4     48082.843     13.50   47.10740   39.80800  "Undefined"       0.0        0.01  0.00000000
04.04.2019 13:21:33.575   4.99600000   4996.00160   0.62  -64.4   29.1  28.0 12.60  352.8   756.9  352.85   53.85   38.37  1519.7  352.95   60.63   36.42  2288.3  353.12   67.43   33.51    1.5     48093.575     13.50   47.10740   39.80800  "Undefined"       0.0        1.60  0.00000000
04.04.2019 13:21:44.331   4.99600000   4996.00100   0.62  -61.8   29.7  28.0 10.20  352.8   883.5  352.90   54.98   38.10  1774.8  353.03   62.90   35.60  2670.6  353.26   70.79   31.45    1.4     48104.331     13.50   47.10740   39.80800  "Undefined"       0.0        1.00  0.00000000
04.04.2019 13:21:55.162   4.99600000   4996.00269   0.62  -62.2   29.3  28.0  7.20  354.2  1105.5  354.30   56.99   38.00  2221.6  354.45   66.93   34.97  3339.6  354.80   76.79   28.35    1.5     48115.162     13.50   47.10740   39.80800  "Undefined"       0.0        2.69  0.00000000
04.04.2019 13:22:17.602   4.99600000   4996.00173   0.62  -61.0   30.5  28.0  7.80  352.8  1053.9  352.91   56.50   37.70  2118.1  353.08   65.93   34.28  3183.9  353.44   75.26   27.39    1.2     48137.602     13.50   47.10740   39.80800  "Undefined"       0.0        1.73  0.00000000
04.04.2019 13:22:29.463   4.99600000   4996.00069   0.62  -59.4   34.1  28.0  7.80  353.5  1054.0  353.59   56.52   37.90  2118.5  353.75   65.98   34.80  3185.6  354.08   75.36   28.52    1.2     48149.463     13.50   47.10740   39.80800  "Undefined"       0.0        0.69  0.00000000
04.04.2019 13:22:42.352   4.99600000   4996.00348   0.62  -60.0   31.5  28.0 12.60  352.1   756.9  352.17   53.84   38.24  1519.6  352.28   60.60   36.10  2287.8  352.46   67.38   32.92    1.2     48162.352     13.50   47.10740   39.80800  "Undefined"       0.0        3.48  0.00000000
04.04.2019 13:23:06.123   4.99600000   4996.00141   0.62  -58.3   33.3  28.0  7.80  353.5  1054.0  353.60   56.52   37.90  2118.5  353.76   65.98   34.81  3185.6  354.09   75.36   28.54    1.2     48186.123     13.50   47.10740   39.80800  "Undefined"       0.0        1.41  0.00000000
04.04.2019 13:23:17.958   4.99600000   4996.00076   0.62  -57.7   33.8  28.0  5.40  353.5  1287.9  353.63   58.60   37.36  2585.0  353.86   70.10   32.68  3870.4  354.48   81.22   18.74    1.3     48197.958     13.50   47.10740   39.80800  "Undefined"       0.0        0.76  0.00000000
04.04.2019 13:23:34.115   4.99600000   4996.00209   0.62  -57.7   33.8  28.0  9.00  353.5   962.1  353.60   55.70   38.10  1933.4  353.74   64.34   35.49  2908.6  354.00   72.94   30.76    1.3     48214.115     13.50   47.10740   39.80800  "Undefined"       0.0        2.09  0.00000000
04.04.2019 13:23:47.145   4.99600000   4996.00166   0.62  -58.4   33.2  28.0  9.60  352.8   921.3  352.91   55.32   38.02  1851.0  353.05   63.57   35.34  2784.9  353.30   71.79   30.71    1.2     48227.145     13.50   47.10740   39.80800  "Undefined"       0.0        1.66  0.00000000
04.04.2019 13:24:00.130   4.99600000   4996.00073   0.62  -57.1   34.4  28.0 10.20  352.8   883.6  352.91   54.98   38.10  1774.9  353.03   62.90   35.61  2670.7  353.26   70.79   31.46    1.2     48240.130     13.50   47.10740   39.80800  "Undefined"       0.0        0.73  0.00000000
04.04.2019 13:24:13.003   4.99600000   4996.00105   0.62  -56.7   32.9  28.0 11.40  352.8   815.8  352.89   54.38   38.25  1638.4  353.00   61.69   36.06  2466.1  353.19   69.00   32.64    1.2     48253.003     13.50   47.10740   39.80800  "Undefined"       0.0        1.05  0.00000000
04.04.2019 13:24:23.703   4.99600000   4996.00120   0.62  -60.7   28.9  28.0  7.20  352.8  1105.3  352.91   56.95   37.57  2220.6  353.10   66.83   33.82  3335.7  353.51   76.56   25.73    1.2     48263.703     13.50   47.10740   39.80800  "Undefined"       0.0        1.20  0.00000000
04.04.2019 13:24:34.900   4.99600000   4995.99883   0.62  -63.3   28.2  28.0  6.00  352.8  1221.6  352.93   57.99   37.27  2452.2  353.16   68.87   32.68  3674.8  353.72   79.44   20.80    1.2     48274.900     13.50   47.10740   39.80800  "Undefined"       0.0       -1.17  0.00000000
04.04.2019 13:25:20.142   4.99600000   4995.99988   0.62  -63.3   30.2  28.0 12.00  353.5   785.5  353.57   54.12   38.46  1577.9  353.67   61.18   36.59  2376.3  353.83   68.26   33.74    1.2     48320.142     13.50   47.10740   39.80800  "Undefined"       0.0       -0.12  0.00000000
04.04.2019 13:25:30.880   4.99600000   4996.00065   0.62  -63.1   30.4  28.0 15.00  353.5   659.8  353.55   53.00   38.70  1324.3  353.63   58.92   37.26  1994.8  353.75   64.88   35.27    1.2     48330.880     13.50   47.10740   39.80800  "Undefined"       0.0        0.65  0.00000000
04.04.2019 13:25:41.626   4.99600000   4995.99989   0.62  -67.1   26.4  28.0 19.80  353.5   523.5  353.55   51.78   38.95  1050.7  353.61   56.49   37.91  1582.9  353.69   61.22   36.59    1.3     48341.626     13.50   47.10740   39.80800  "Undefined"       0.0       -0.11  0.00000000
04.04.2019 13:25:52.374   4.99600000   4995.99917   0.62  -68.4   25.2  28.0 19.20  353.5   537.5  353.56   51.91   38.93  1078.8  353.62   56.74   37.85  1625.1  353.71   61.60   36.47    1.3     48352.374     13.50   47.10740   39.80800  "Undefined"       0.0       -0.83  0.00000000
04.04.2019 13:26:03.109   4.99600000   4996.00170   0.62  -68.2   25.4  28.0 25.20  352.8   424.8  352.84   50.90   39.05   853.1  352.89   54.71   38.17  1285.7  352.96   58.56   37.11    1.3     48363.109     13.50   47.10740   39.80800  "Undefined"       0.0        1.70  0.00000000
04.04.2019 13:26:27.904   4.99600000   4996.00093   0.62  -65.6   26.0  28.0 58.80  349.9   356.4  350.07   50.26   38.94   747.8  350.26   53.72   37.89  1173.9  350.44   57.48   36.56    1.7     48387.904     13.50   47.10740   39.80800  "Undefined"       0.0        0.93  0.00000000
04.04.2019 13:26:38.685   4.99600000   4995.99835   0.62  -65.4   28.1  28.0 13.80  352.8   705.2  352.86   53.39   38.49  1415.7  352.95   59.71   36.73  2132.0  353.10   66.05   34.23    1.4     48398.685     13.50   47.10740   39.80800  "Undefined"       0.0       -1.65  0.00000000
04.04.2019 13:26:50.484   4.99600000   4995.99676   0.62  -65.4   22.1  28.0 13.80  352.8   705.3  352.85   53.39   38.49  1415.8  352.94   59.71   36.73  2132.1  353.09   66.05   34.22    1.3     48410.484     13.50   47.10740   39.80800  "Undefined"       0.0       -3.24  0.00000000
04.04.2019 13:27:03.414   4.99600000   4995.99929   0.62  -65.5   28.0  28.0 57.00  349.9   387.7  350.09   50.54   38.86   811.0  350.30   54.28   37.71  1264.2  350.50   58.28   36.26    1.8     48423.414     13.50   47.10740   39.80800  "Undefined"       0.0       -0.71  0.00000000
04.04.2019 13:27:03.414   4.99600000   4995.99929   0.62  -65.5   28.0  28.0 14.40  353.5   682.0  353.59   53.20   38.67  1369.1  353.67   59.32   37.17  2062.2  353.79   65.48   35.06    1.3     48423.414     13.50   47.10740   39.80800  "Undefined"       0.0       -0.71  0.00000000
04.04.2019 13:27:16.525   4.99600000   4996.00158   0.40  -74.5   19.0  28.0 25.80  349.9   416.2  349.97   50.79   38.78   835.7  350.04   54.49   37.58  1259.4  350.13   58.22   36.14    1.6     48436.525     13.50   47.10740   39.80800  "Undefined"       0.0        1.58  0.00000000
04.04.2019 13:27:28.346   4.99600000   4996.00420   0.22  -74.1   15.9  28.0 19.80  349.9   523.5  349.99   51.74   38.49  1050.2  350.08   56.38   36.88  1581.6  350.20   61.04   34.85    2.0     48448.346     13.50   47.10740   39.80800  "Undefined"       0.0        4.20  0.00000000
04.04.2019 13:27:49.803   4.99600000   4995.99979   0.35  -68.9   17.1  28.0 21.00  353.5   497.7  353.56   51.55   39.00   999.0  353.62   56.03   38.03  1505.1  353.69   60.53   36.81    1.9     48469.803     13.50   47.10740   39.80800  "Undefined"       0.0       -0.21  0.00000000
04.04.2019 13:28:00.603   4.99600000   4996.00397   0.55  -66.2   13.9  28.0 22.20  352.8   474.3  352.84   51.34   38.96   952.0  352.90   55.59   37.94  1434.2  352.98   59.88   36.69    1.4     48480.603     13.50   47.10740   39.80800  "Undefined"       0.0        3.97  0.00000000
04.04.2019 13:28:11.346   4.99600000   4996.00162   0.62  -70.1   15.5  28.0 19.20  352.1   537.5  352.13   51.89   38.74  1078.6  352.20   56.70   37.42  1624.5  352.30   61.53   35.74    1.3     48491.346     13.50   47.10740   39.80800  "Undefined"       0.0        1.62  0.00000000
04.04.2019 13:28:35.164   4.99600000   4995.99891   0.62  -68.7   20.8  28.0 19.20  354.2   537.5  354.29   51.92   39.03  1078.9  354.34   56.75   38.07  1625.3  354.42   61.63   36.85    1.3     48515.164     13.50   47.10740   39.80800  "Undefined"       0.0       -1.09  0.00000000
04.04.2019 13:28:45.874   4.99600000   4995.99665   0.62  -71.0   18.5  28.0 13.20  354.2   730.3  354.28   53.64   38.71  1466.6  354.36   60.21   37.22  2209.0  354.48   66.82   35.05    1.6     48525.874     13.50   47.10740   39.80800  "Undefined"       0.0       -3.35  0.00000000
04.04.2019 13:29:20.205   4.99600000   4996.00512   0.58  -67.4   22.4  28.0 18.00  353.5   567.7  353.57   52.18   38.88  1139.2  353.64   57.27   37.72  1716.0  353.73   62.41   36.21    2.0     48560.205     13.50   47.10740   39.80800  "Undefined"       0.0        5.12  0.00000000
04.04.2019 13:29:30.952   4.99600000   4996.00215   0.62  -64.8   28.7  28.0  8.40  352.8  1006.0  352.90   56.07   37.81  2021.4  353.06   65.08   34.67  3041.3  353.37   74.02   28.70    1.7     48570.952     13.50   47.10740   39.80800  "Undefined"       0.0        2.15  0.00000000
04.04.2019 13:29:41.682   4.99600000   4996.00036   0.62  -63.8   25.7  28.0 12.00  353.5   785.5  353.58   54.12   38.46  1578.0  353.67   61.18   36.60  2376.4  353.84   68.26   33.74    1.4     48581.682     13.50   47.10740   39.80800  "Undefined"       0.0        0.36  0.00000000
04.04.2019 13:29:52.407   4.99600000   4995.99989   0.46  -52.6   40.2  28.0 11.40  354.2   815.8  354.28   54.40   38.55  1638.8  354.37   61.75   36.78  2467.3  354.53   69.11   34.01    1.2     48592.407     13.50   47.10740   39.80800  "Undefined"       0.0       -0.11  0.00000000
04.04.2019 13:30:04.204   4.99600000   4995.99987   0.55  -53.9   41.3  28.0 12.00  352.8   785.5  352.87   54.11   38.32  1577.8  352.98   61.15   36.25  2375.8  353.16   68.20   33.10    1.2     48604.204     13.50   47.10740   39.80800  "Undefined"      66.0       -0.13  0.00000000
04.04.2019 13:30:14.940   4.99600000   4995.99992   0.46  -52.8   40.0  28.0 11.40  353.5   815.8  353.59   54.39   38.40  1638.6  353.69   61.72   36.42  2466.8  353.87   69.06   33.33    1.2     48614.940     13.50   47.10740   39.80800  "Undefined"       0.0       -0.08  0.00000000
04.04.2019 13:30:25.669   4.99600000   4995.99990   0.46  -52.4   42.4  28.0 14.40  353.5   682.0  353.59   53.20   38.67  1369.1  353.67   59.32   37.17  2062.3  353.80   65.48   35.06    1.2     48625.669     13.50   47.10740   39.80800  "Undefined"       0.0       -0.10  0.00000000
04.04.2019 13:30:36.397   4.99600000   4995.99991   0.46  -51.6   44.1  28.0 13.20  353.5   730.3  353.56   53.63   38.57  1466.4  353.65   60.19   36.90  2208.4  353.79   66.77   34.46    1.2     48636.397     13.50   47.10740   39.80800  "Undefined"      62.7       -0.09  0.00000000
04.04.2019 13:30:47.138   4.99600000   4995.99991   0.46  -51.3   43.5  28.0 15.00  353.5   659.9  353.54   53.00   38.70  1324.4  353.62   58.92   37.26  1994.9  353.74   64.88   35.27    1.2     48647.138     13.50   47.10740   39.80800  "Undefined"       0.0       -0.09  0.00000000
04.04.2019 13:30:57.849   4.99600000   4995.99991   0.46  -54.4   40.4  28.0 10.80  352.8   848.4  352.89   54.67   38.18  1704.1  353.01   62.27   35.84  2564.6  353.22   69.86   32.08    1.2     48657.849     13.50   47.10740   39.80800  "Undefined"       0.0       -0.09  0.00000000
04.04.2019 13:31:44.068   4.99600000   4995.99988   0.46  -51.8   42.9  28.0 11.40  353.5   815.8  353.60   54.39   38.41  1638.7  353.71   61.72   36.43  2466.8  353.88   69.06   33.34    1.2     48704.068     13.50   47.10740   39.80800  "Undefined"       0.0       -0.12  0.00000000
04.04.2019 13:31:58.212   4.99600000   4995.99990   0.46  -52.8   42.0  28.0 13.80  353.5   705.3  353.56   53.41   38.62  1416.0  353.64   59.74   37.03  2132.6  353.77   66.10   34.76    1.3     48718.212     13.50   47.10740   39.80800  "Undefined"       0.0       -0.10  0.00000000
04.04.2019 13:32:21.881   4.99600000   4995.99985   0.44  -53.1   43.1  28.0 12.60  352.8   756.9  352.89   53.86   38.38  1519.8  352.99   60.64   36.44  2288.4  353.16   67.43   33.54    1.1     48741.881     13.50   47.10740   39.80800  "Undefined"      62.6       -0.15  0.00000000
04.04.2019 13:32:34.874   4.99600000   4995.99989   0.20  -57.1   41.4  28.0 18.00  354.2   567.7  354.28   52.19   38.98  1139.3  354.34   57.29   37.95  1716.3  354.42   62.44   36.60    1.7     48754.874     13.50   47.10740   39.80800  "Undefined"       0.0       -0.11  0.00000000
04.04.2019 13:32:45.657   4.99600000   4995.99979   0.11  -63.2   37.8  28.0 52.80  358.6   428.0  358.58   50.96   39.66   900.3  358.58   55.20   39.46  1424.0  358.56   59.91   39.17    1.3     48765.657     13.50   47.10740   39.80800  "Undefined"       0.0       -0.21  0.00000000
04.04.2019 13:32:56.399   4.99600000   4995.99990   0.11  -58.7   40.3  28.0 24.00  355.0   443.2  354.99   51.08   39.25   890.0  355.03   55.08   38.60  1341.3  355.08   59.11   37.81    1.9     48776.399     13.50   47.10740   39.80800  "Undefined"       0.0       -0.10  0.00000000
04.04.2019 13:33:07.165   4.99600000   4995.79425   0.18  -96.6    2.4  28.0 18.00  353.5   567.8  353.57   52.18   38.88  1139.6  353.63   57.28   37.72  1716.8  353.73   62.41   36.21    1.8     48787.165     13.50   47.10740   39.80800  "Undefined"       0.0     -205.75  0.00000000
04.04.2019 13:33:07.165   4.99600000   4995.99992   0.35  -53.5   42.5  28.0 15.60  353.5   639.5  353.57   52.82   38.74  1283.7  353.64   58.56   37.37  1934.0  353.75   64.34   35.50    1.4     48787.165     13.50   47.10740   39.80800  "Undefined"       0.0       -0.08  0.00000000
04.04.2019 13:33:20.082   4.99600000   4995.99989   0.46  -53.7   41.1  28.0 13.20  352.8   730.3  352.90   53.62   38.44  1466.3  352.99   60.16   36.60  2208.0  353.15   66.73   33.92    1.2     48800.082     13.50   47.10740   39.80800  "Undefined"       0.0       -0.11  0.00000000
04.04.2019 13:33:31.919   4.99600000   4995.99989   0.46  -52.0   42.7  28.0 15.00  352.8   659.9  352.84   52.99   38.58  1324.2  352.93   58.90   36.99  1994.5  353.06   64.84   34.78    1.2     48811.919     13.50   47.10740   39.80800  "Undefined"       0.0       -0.11  0.00000000
04.04.2019 13:33:46.266   4.99600000   4995.99990   0.35  -54.4   43.2  28.0 11.40  353.5   815.8  353.59   54.39   38.41  1638.6  353.70   61.72   36.43  2466.7  353.87   69.06   33.33    1.2     48826.266     13.50   47.10740   39.80800  "Undefined"      62.4       -0.10  0.00000000
04.04.2019 13:33:58.137   4.99600000   4995.99988   0.35  -54.0   42.0  28.0 10.20  353.5   883.6  353.59   55.00   38.27  1775.2  353.71   62.93   36.01  2671.6  353.92   70.86   32.25    1.2     48838.137     13.50   47.10740   39.80800  "Undefined"       0.0       -0.12  0.00000000
04.04.2019 13:34:20.861   4.99600000   4995.99992   0.27  -58.7   38.5  28.0  8.40  353.5  1006.1  353.61   56.09   38.01  2021.8  353.75   65.12   35.18  3041.0  354.04   74.10   29.78    1.4     48860.861     13.50   47.10740   39.80800  "Undefined"       0.0       -0.08  0.00000000
04.04.2019 13:34:32.710   4.99600000   4995.99990   0.29  -56.5   40.3  28.0 52.20  357.8   422.5  357.88   50.91   39.59   883.4  357.90   55.05   39.30  1388.7  357.89   59.59   38.91    2.0     48872.710     13.50   47.10740   39.80800  "Undefined"       0.0       -0.10  0.00000000
04.04.2019 13:34:32.710   4.99600000   4995.99990   0.29  -56.5   40.3  28.0 12.00  354.2   785.6  354.28   54.13   38.61  1578.2  354.37   61.21   36.95  2377.0  354.52   68.31   34.40    1.6     48872.710     13.50   47.10740   39.80800  "Undefined"       0.0       -0.10  0.00000000
04.04.2019 13:35:07.288   4.99600000   4995.99990   0.46  -52.5   42.3  28.0 10.80  352.8   848.4  352.90   54.67   38.18  1704.2  353.02   62.27   35.85  2564.6  353.23   69.86   32.10    1.2     48907.288     13.50   47.10740   39.80800  "Undefined"       0.0       -0.10  0.00000000
04.04.2019 13:35:19.130   4.99600000   4995.99991   0.46  -52.8   42.0  28.0  7.20  352.8  1105.3  352.90   56.95   37.57  2220.6  353.09   66.83   33.81  3335.6  353.50   76.56   25.72    1.3     48919.130     13.50   47.10740   39.80800  "Undefined"       0.0       -0.09  0.00000000
04.04.2019 13:35:51.383   4.99600000   4995.99991   0.46  -53.1   41.7  28.0  8.40  353.5  1006.6  353.62   56.09   38.01  2022.5  353.77   65.13   35.19  3041.4  354.06   74.11   29.80    1.3     48951.383     13.50   47.10740   39.80800  "Undefined"       0.0       -0.09  0.00000000
04.04.2019 13:36:03.195   4.99600000   4995.99992   0.46  -55.1   39.7  28.0 51.60  354.2   420.9  354.34   50.87   39.22   878.7  354.45   54.97   38.48  1373.3  354.58   59.39   37.53    1.7     48963.195     13.50   47.10740   39.80800  "Undefined"       0.0       -0.08  0.00000000
04.04.2019 13:36:13.944   4.99600000   4995.99984   0.24  -53.6   44.0  28.0 52.19  352.1   425.9  352.23   50.90   38.99   893.0  352.39   55.06   37.96  1400.2  352.59   59.56   36.63    1.5     48973.944     13.50   47.10740   39.80800  "Undefined"       0.0       -0.16  0.00000000
04.04.2019 13:36:24.711   4.99600000   4995.99991   0.11  -58.1   42.9  28.0 55.79  356.4   411.3  356.46   50.80   39.45   857.9  356.51   54.81   39.00  1331.5  356.55   59.06   38.41    1.8     48984.711     13.50   47.10740   39.80800  "Undefined"       0.0       -0.09  0.00000000
04.04.2019 13:36:37.792   4.99600000   4995.84371   0.22  -94.3    3.7  28.0  7.80  353.5  1054.6  353.60   56.52   37.90  2119.1  353.75   65.98   34.80  3185.7  354.08   75.36   28.53    1.7     48997.792     13.50   47.10740   39.80800  "Undefined"       0.0     -156.29  0.00000000
04.04.2019 13:36:37.792   4.99600000   4995.99991   0.18  -57.1   41.8  28.0 48.60  352.8   410.1  352.91   50.77   39.09   839.3  353.04   54.59   38.23  1277.4  353.16   58.49   37.21    1.8     48997.792     13.50   47.10740   39.80800  "Undefined"       0.0       -0.09  0.00000000
04.04.2019 13:36:37.792   4.99600000   4995.99991   0.18  -57.1   41.8  28.0 12.00  353.5   785.7  353.60   54.12   38.47  1577.9  353.69   61.18   36.61  2375.8  353.86   68.26   33.77    1.7     48997.792     13.50   47.10740   39.80800  "Undefined"       0.0       -0.09  0.00000000
04.04.2019 13:36:49.630   4.99600000   4995.99987   0.22  -56.2   41.8  28.0 16.80  353.5   602.0  353.56   52.48   38.81  1208.3  353.63   57.89   37.55  1820.0  353.73   63.33   35.87    1.4     49009.630     13.50   47.10740   39.80800  "Undefined"       0.0       -0.13  0.00000000
04.04.2019 13:37:01.719   4.99600000   4995.99990   0.11  -58.0   43.0  28.0 14.40  353.5   682.4  353.56   53.20   38.66  1370.0  353.64   59.33   37.15  2063.4  353.77   65.49   35.03    1.3     49021.719     13.50   47.10740   39.80800  "Undefined"       0.0       -0.10  0.00000000
04.04.2019 13:37:12.477   4.99600000   4995.99992   0.38  -55.4   40.3  28.0 14.40  353.5   682.4  353.58   53.20   38.66  1370.0  353.66   59.33   37.16  2063.5  353.79   65.49   35.04    1.2     49032.477     13.50   47.10740   39.80800  "Undefined"       0.0       -0.08  0.00000000
04.04.2019 13:37:23.231   4.99600000   4995.99993   0.35  -55.1   43.8  28.0 10.20  353.5   884.0  353.59   55.00   38.27  1775.8  353.71   62.94   36.01  2671.8  353.92   70.87   32.25    1.2     49043.231     13.50   47.10740   39.80800  "Undefined"      62.4       -0.07  0.00000000
04.04.2019 13:37:33.931   4.99600000   4995.99991   0.46  -52.4   42.4  28.0 12.60  353.5   757.5  353.56   53.87   38.51  1521.4  353.65   60.68   36.75  2290.7  353.80   67.50   34.11    1.2     49053.931     13.50   47.10740   39.80800  "Undefined"       0.0       -0.09  0.00000000
04.04.2019 13:37:44.703   4.99600000   4995.99990   0.49  -49.5   45.1  28.0 15.60  352.8   639.8  352.88   52.81   38.63  1284.4  352.96   58.55   37.11  1934.5  353.08   64.31   35.04    1.2     49064.703     13.50   47.10740   39.80800  "Undefined"       0.0       -0.10  0.00000000
04.04.2019 13:37:57.736   4.99600000   4995.99997   0.07  -89.5   13.7  28.0 13.20  353.5   730.7  353.56   53.63   38.57  1467.2  353.65   60.19   36.90  2209.3  353.79   66.78   34.46    1.2     49077.736     13.50   47.10740   39.80800  "Undefined"       0.0       -0.03  0.00000000
04.04.2019 13:38:08.486   4.99600000   4996.00023   0.07  -90.0   13.2  28.0  9.60  352.8   921.8  352.88   55.32   38.01  1851.7  353.02   63.58   35.32  2785.2  353.27   71.79   30.68    1.3     49088.486     13.50   47.10740   39.80800  "Undefined"       0.0        0.23  0.00000000
04.04.2019 13:38:19.242   4.99600000   4995.99908   0.07  -92.2   11.0  28.0  7.20  353.5  1105.9  353.60   56.98   37.78  2221.8  353.76   66.89   34.38  3338.0  354.14   76.68   27.00    1.2     49099.242     13.50   47.10740   39.80800  "Undefined"       0.0       -0.92  0.00000000
04.04.2019 13:38:33.253   4.99600000   4996.00017   0.07  -87.8   15.4  28.0 13.80  353.5   705.7  353.56   53.41   38.62  1416.9  353.64   59.75   37.03  2133.8  353.77   66.11   34.76    1.2     49113.253     13.50   47.10740   39.80800  "Undefined"       0.0        0.17  0.00000000
04.04.2019 13:38:46.257   4.99600000   4995.99972   0.07  -86.3   16.9  28.0 15.00  352.1   660.3  352.16   52.98   38.46  1325.2  352.26   58.88   36.72  1995.6  352.40   64.81   34.31    1.2     49126.257     13.50   47.10740   39.80800  "Undefined"       0.0       -0.28  0.00000000
04.04.2019 13:38:59.212   4.99600000   4996.00036   0.62  -53.2   40.4  28.0 12.60  353.5   757.5  353.58   53.87   38.52  1521.5  353.67   60.68   36.76  2290.9  353.82   67.50   34.13    1.2     49139.212     13.50   47.10740   39.80800  "Undefined"       0.0        0.36  0.00000000
04.04.2019 13:39:09.968   4.99600000   4996.00018   0.62  -54.3   39.3  28.0  9.60  353.5   921.8  353.59   55.34   38.19  1851.9  353.71   63.61   35.76  2786.0  353.94   71.87   31.55    1.3     49149.968     13.50   47.10740   39.80800  "Undefined"       0.0        0.18  0.00000000
04.04.2019 13:39:20.690   4.99600000   4996.00033   0.62  -57.0   36.5  28.0  6.00  352.8  1222.2  352.92   57.99   37.27  2453.2  353.14   68.88   32.66  3675.7  353.70   79.44   20.74    1.4     49160.690     13.50   47.10740   39.80800  "Undefined"       0.0        0.33  0.00000000
04.04.2019 13:39:33.599   4.99600000   4996.00011   0.62  -61.6   32.0  28.0  8.40  352.1  1006.4  352.19   56.06   37.61  2021.6  352.37   65.03   34.17  3040.1  352.71   73.92   27.66    1.6     49173.599     13.50   47.10740   39.80800  "Undefined"       0.0        0.11  0.00000000
04.04.2019 13:39:46.601   4.99600000   4995.99936   0.38  -71.4   24.3  28.0  6.60  353.5  1161.9  353.62   57.48   37.66  2333.5  353.81   67.88   33.92  3502.9  354.25   78.11   25.08    1.9     49186.601     13.50   47.10740   39.80800  "Undefined"       0.0       -0.64  0.00000000
04.04.2019 13:39:57.319   4.99600000   4995.99976   0.18  -68.3   30.7  28.0 14.40  350.7   682.3  350.73   53.15   38.16  1369.3  350.85   59.22   36.01  2061.6  351.02   65.28   32.99    1.4     49197.319     13.50   47.10740   39.80800  "Undefined"       0.0       -0.24  0.00000000
04.04.2019 13:40:09.133   4.99600000   4996.00016   0.62  -61.8   31.7  28.0 15.00  352.8   660.2  352.84   52.99   38.58  1325.1  352.93   58.91   36.99  1995.7  353.06   64.85   34.78    1.1     49209.133     13.50   47.10740   39.80800  "Undefined"       0.0        0.16  0.00000000
04.04.2019 13:40:19.875   4.99600000   4996.00034   0.62  -60.1   33.4  28.0 13.80  352.8   705.8  352.87   53.40   38.49  1416.9  352.96   59.72   36.73  2133.5  353.10   66.07   34.23    1.2     49219.875     13.50   47.10740   39.80800  "Undefined"       0.0        0.34  0.00000000
04.04.2019 13:40:30.601   4.99600000   4996.00313   0.62  -64.8   28.7  28.0 13.20  352.8   730.7  352.88   53.62   38.44  1467.0  352.98   60.17   36.59  2208.8  353.13   66.73   33.90    1.1     49230.601     13.50   47.10740   39.80800  "Undefined"       0.0        3.13  0.00000000
04.04.2019 13:40:41.374   4.99600000   4996.00024   0.62  -63.1   30.5  28.0 12.60  352.8   757.5  352.87   53.86   38.38  1521.2  352.97   60.65   36.42  2290.3  353.14   67.45   33.52    1.3     49241.374     13.50   47.10740   39.80800  "Undefined"       0.0        0.24  0.00000000
04.04.2019 13:40:52.115   4.99600000   4995.99980   0.62  -57.5   36.1  28.0 13.20  352.8   730.7  352.88   53.62   38.44  1467.0  352.98   60.17   36.59  2208.8  353.13   66.73   33.90    1.2     49252.115     13.50   47.10740   39.80800  "Undefined"       0.0       -0.20  0.00000000
04.04.2019 13:41:02.892   4.99600000   4995.99976   0.58  -57.8   36.0  28.0 12.60  352.8   757.5  352.87   53.86   38.38  1521.3  352.97   60.65   36.42  2290.4  353.14   67.45   33.51    1.1     49262.892     13.50   47.10740   39.80800  "Undefined"       0.0       -0.24  0.00000000
04.04.2019 13:41:13.622   4.99600000   4995.99965   0.13  -60.6   39.6  28.0 12.00  352.8   785.7  352.89   54.11   38.32  1577.8  353.00   61.15   36.26  2375.3  353.18   68.20   33.12    1.2     49273.622     13.50   47.10740   39.80800  "Undefined"       0.0       -0.35  0.00000000
04.04.2019 13:41:24.399   4.99600000   4996.00090   0.07  -88.4   14.8  28.0  9.00  352.8   962.5  352.88   55.68   37.91  1933.4  353.03   64.30   35.01  2907.2  353.31   72.86   29.78    1.2     49284.399     13.50   47.10740   39.80800  "Undefined"       0.0        0.90  0.00000000
04.04.2019 13:41:35.253   4.99600000   4995.99975   0.44  -59.9   35.1  28.0  9.00  352.1   962.3  352.20   55.67   37.73  1932.9  352.36   64.25   34.56  2905.9  352.66   72.76   28.87    1.2     49295.253     13.50   47.10740   39.80800  "Undefined"       0.0       -0.25  0.00000000
04.04.2019 13:41:47.089   4.99600000   4995.99992   0.62  -58.4   35.1  28.0 10.80  352.8   848.9  352.88   54.67   38.18  1704.8  353.00   62.28   35.84  2565.1  353.21   69.87   32.08    1.2     49307.089     13.50   47.10740   39.80800  "Undefined"       0.0       -0.08  0.00000000
04.04.2019 13:41:58.937   4.99600000   4995.99980   0.31  -59.6   37.0  28.0 12.60  352.8   757.5  352.87   53.86   38.38  1521.3  352.98   60.65   36.42  2290.4  353.14   67.45   33.52    1.2     49318.937     13.50   47.10740   39.80800  "Undefined"       0.0       -0.20  0.00000000
04.04.2019 13:42:09.665   4.99600000   4995.99982   0.11  -62.4   38.6  28.0  8.40  352.8  1006.5  352.91   56.08   37.81  2022.1  353.07   65.08   34.68  3041.7  353.39   74.03   28.72    1.3     49329.665     13.50   47.10740   39.80800  "Undefined"       0.0       -0.18  0.00000000
04.04.2019 13:42:31.197   4.99600000   4996.00085   0.55  -68.4   23.6  28.0 15.60  353.5   639.8  353.58   52.82   38.75  1284.5  353.66   58.57   37.38  1934.9  353.77   64.35   35.51    1.6     49351.197     13.50   47.10740   39.80800  "Undefined"       0.0        0.85  0.00000000
04.04.2019 13:42:41.927   4.99600000   4995.99923   0.60  -66.9   24.8  28.0 13.80  354.2   705.8  354.27   53.42   38.75  1417.1  354.35   59.77   37.34  2134.2  354.47   66.16   35.31    1.3     49361.927     13.50   47.10740   39.80800  "Undefined"       0.0       -0.77  0.00000000
04.04.2019 13:42:54.449   4.99600000   4995.99918   0.07  -93.3    9.9  28.0 14.40  353.5   682.4  353.57   53.20   38.66  1370.0  353.65   59.33   37.15  2063.4  353.77   65.49   35.03    1.2     49374.449     13.50   47.10740   39.80800  "Undefined"       0.0       -0.82  0.00000000
04.04.2019 13:43:06.379   4.99600000   4995.99555   0.62  -70.7   22.8  28.0 14.40  352.8   682.4  352.84   53.19   38.53  1369.8  352.93   59.30   36.86  2063.0  353.07   65.44   34.51    1.2     49386.379     13.50   47.10740   39.80800  "Undefined"       0.0       -4.45  0.00000000
04.04.2019 13:43:18.199   4.99600000   4995.99955   0.62  -60.8   32.7  28.0 16.20  352.8   620.3  352.87   52.64   38.67  1245.0  352.95   58.20   37.22  1874.7  353.07   63.78   35.26    1.2     49398.199     13.50   47.10740   39.80800  "Undefined"       0.0       -0.45  0.00000000
04.04.2019 13:43:31.127   4.99600000   4996.00022   0.42  -64.8   30.4  28.0 17.40  352.8   584.6  352.86   52.32   38.74  1173.4  352.93   57.56   37.40  1767.7  353.04   62.83   35.64    1.3     49411.127     13.50   47.10740   39.80800  "Undefined"       0.0        0.22  0.00000000
04.04.2019 13:43:41.868   4.99600000   4996.00003   0.53  -68.3   19.9  28.0 16.80  354.2   602.0  354.29   52.49   38.92  1208.4  354.35   57.91   37.80  1820.3  354.44   63.36   36.31    1.6     49421.868     13.50   47.10740   39.80800  "Undefined"       0.0        0.03  0.00000000
04.04.2019 13:43:56.060   4.99600000   4996.00057   0.38  -71.2   24.5  28.0 19.80  353.5   524.0  353.55   51.79   38.95  1051.7  353.62   56.49   37.91  1584.2  353.70   61.24   36.59    1.5     49436.060     13.50   47.10740   39.80800  "Undefined"       0.0        0.57  0.00000000
04.04.2019 13:44:32.249   4.99600000   4995.99903   0.62  -66.7   26.8  28.0 16.80  353.5   602.0  353.57   52.48   38.81  1208.3  353.64   57.89   37.56  1820.0  353.74   63.33   35.88    1.6     49472.249     13.50   47.10740   39.80800  "Undefined"       0.0       -0.97  0.00000000
04.04.2019 13:44:42.963   4.99600000   4995.99961   0.55  -70.2   23.8  28.0 12.60  352.1   757.4  352.13   53.85   38.23  1521.0  352.24   60.62   36.08  2289.7  352.43   67.39   32.88    1.2     49482.963     13.50   47.10740   39.80800  "Undefined"       0.0       -0.39  0.00000000
04.04.2019 13:44:56.011   4.99600000   4995.99907   0.20  -69.8   22.6  28.0 22.80  351.4   463.9  351.42   51.23   38.81   931.1  351.49   55.37   37.63  1402.5  351.58   59.54   36.19    1.6     49496.011     13.50   47.10740   39.80800  "Undefined"       0.0       -0.93  0.00000000
04.04.2019 13:45:08.925   4.99600000   4996.00010   0.62  -67.2   26.3  28.0 22.20  352.1   474.8  352.14   51.33   38.87   952.9  352.21   55.58   37.76  1435.4  352.29   59.86   36.39    1.4     49508.925     13.50   47.10740   39.80800  "Undefined"       0.0        0.10  0.00000000
04.04.2019 13:45:21.461   4.99600000   4996.00064   0.07  -99.8    5.5  28.0 27.00  350.6   401.1  350.70   50.66   38.89   805.6  350.76   54.24   37.82  1214.5  350.85   57.85   36.56    2.0     49521.461     13.50   47.10740   39.80800  "Undefined"       0.0        0.64  0.00000000
04.04.2019 13:45:47.011   4.99600000   4996.00011   0.49  -69.0   25.6  28.0 19.20  352.8   537.9  352.85   51.90   38.83  1079.5  352.92   56.73   37.64  1626.0  353.01   61.58   36.11    1.4     49547.011     13.50   47.10740   39.80800  "Undefined"       0.0        0.11  0.00000000
04.04.2019 13:45:58.793   4.99600000   4995.99970   0.46  -64.1   30.7  28.0 18.00  352.8   568.1  352.84   52.17   38.77  1140.1  352.91   57.26   37.48  1717.2  353.01   62.39   35.80    1.3     49558.793     13.50   47.10740   39.80800  "Undefined"       0.0       -0.30  0.00000000
04.04.2019 13:46:10.622   4.99600000   4995.99974   0.11  -71.0   30.0  28.0 15.00  352.8   660.3  352.86   52.99   38.58  1325.3  352.94   58.91   36.99  1996.0  353.07   64.85   34.79    1.6     49570.622     13.50   47.10740   39.80800  "Undefined"       0.0       -0.26  0.00000000
04.04.2019 13:46:21.378   4.99600000   4995.99722   0.40  -82.9   12.5  28.0  7.20  353.5  1105.9  353.60   56.98   37.78  2221.7  353.77   66.89   34.38  3338.0  354.14   76.68   27.01    1.5     49581.378     13.50   47.10740   39.80800  "Undefined"       0.0       -2.78  0.00000000
04.04.2019 13:46:32.094   4.99600000   4995.99981   0.62  -62.3   31.3  28.0 16.20  353.5   620.3  353.57   52.65   38.78  1245.1  353.65   58.22   37.47  1875.0  353.75   63.82   35.70    1.2     49592.094     13.50   47.10740   39.80800  "Undefined"       0.0       -0.19  0.00000000
04.04.2019 13:46:44.010   4.99600000   4995.99959   0.62  -60.5   31.0  28.0 12.60  353.5   757.5  353.57   53.87   38.52  1521.4  353.66   60.68   36.75  2290.7  353.81   67.50   34.12    1.2     49604.010     13.50   47.10740   39.80800  "Undefined"       0.0       -0.41  0.00000000
04.04.2019 13:46:55.952   4.99600000   4996.00052   0.62  -58.6   32.9  28.0 14.40  352.8   682.4  352.87   53.19   38.54  1369.9  352.96   59.31   36.87  2063.1  353.10   65.45   34.53    1.3     49615.952     13.50   47.10740   39.80800  "Undefined"       0.0        0.52  0.00000000
04.04.2019 13:47:07.816   4.99600000   4996.00065   0.62  -60.5   31.0  28.0 13.20  352.8   730.7  352.89   53.62   38.44  1467.0  352.99   60.17   36.60  2208.8  353.15   66.73   33.91    1.2     49627.816     13.50   47.10740   39.80800  "Undefined"       0.0        0.65  0.00000000
04.04.2019 13:47:18.548   4.99600000   4995.99853   0.07  -93.1   10.2  28.0  9.00  352.8   962.4  352.90   55.68   37.92  1933.3  353.05   64.30   35.02  2907.2  353.33   72.86   29.80    1.4     49638.548     13.50   47.10740   39.80800  "Undefined"       0.0       -1.47  0.00000000
04.04.2019 13:47:33.582   4.99600000   4996.00786   0.62  -79.1   14.4  28.0 16.80  353.5   602.0  353.55   52.48   38.81  1208.3  353.62   57.89   37.55  1820.1  353.72   63.33   35.87    1.3     49653.582     13.50   47.10740   39.80800  "Undefined"       0.0        7.86  0.00000000
04.04.2019 13:47:59.592   4.99600000   4996.00472   0.62  -72.4   21.1  28.0 18.60  352.8   552.7  352.85   52.04   38.80  1109.1  352.92   56.99   37.56  1670.3  353.02   61.97   35.97    1.3     49679.592     13.50   47.10740   39.80800  "Undefined"       0.0        4.72  0.00000000
04.04.2019 13:48:10.334   4.99600000   4996.00013   0.13  -74.7   23.5  28.0 16.80  354.3   602.0  354.30   52.49   38.93  1208.4  354.36   57.91   37.81  1820.3  354.45   63.37   36.32    1.7     49690.334     13.50   47.10740   39.80800  "Undefined"       0.0        0.13  0.00000000
04.04.2019 13:48:21.123   4.99600000   4996.00018   0.18  -70.9   28.0  28.0 24.60  354.2   434.4  354.27   50.99   39.19   872.3  354.32   54.91   38.46  1314.6  354.38   58.86   37.58    1.8     49701.123     13.50   47.10740   39.80800  "Undefined"       0.0        0.18  0.00000000
04.04.2019 13:48:32.943   4.99600000   4996.00045   0.49  -64.6   30.0  28.0 18.60  352.1   552.6  352.12   52.03   38.70  1108.9  352.20   56.97   37.34  1669.9  352.31   61.93   35.58    1.4     49712.943     13.50   47.10740   39.80800  "Undefined"       0.0        0.45  0.00000000
04.04.2019 13:49:12.895   4.99600000   4996.00021   0.42  -64.1   29.1  28.0 10.20  353.5   884.1  353.58   55.00   38.26  1775.9  353.70   62.94   36.00  2672.0  353.91   70.87   32.23    1.4     49752.895     13.50   47.10740   39.80800  "Undefined"       0.0        0.21  0.00000000
04.04.2019 13:49:27.004   4.99600000   4996.00027   0.62  -60.2   31.4  28.0 13.20  352.1   730.6  352.17   53.61   38.30  1466.7  352.28   60.14   36.28  2208.1  352.45   66.68   33.33    1.2     49767.004     13.50   47.10740   39.80800  "Undefined"       0.0        0.27  0.00000000
04.04.2019 13:49:37.665   4.99600000   4996.00012   0.31  -61.5   35.1  28.0 12.00  352.8   785.7  352.88   54.11   38.32  1577.8  352.99   61.15   36.25  2375.3  353.17   68.20   33.11    1.2     49777.665     13.50   47.10740   39.80800  "Undefined"       0.0        0.12  0.00000000
04.04.2019 13:49:51.708   4.99600000   4996.00035   0.62  -56.0   35.6  28.0 14.40  352.8   682.3  352.86   53.19   38.54  1369.8  352.95   59.30   36.87  2063.0  353.09   65.45   34.52    1.2     49791.708     13.50   47.10740   39.80800  "Undefined"       0.0        0.35  0.00000000
04.04.2019 13:50:03.538   4.99600000   4996.00339   0.62  -62.3   29.2  28.0 12.60  354.3   757.6  354.31   53.88   38.66  1521.7  354.39   60.70   37.10  2291.5  354.53   67.55   34.76    1.5     49803.538     13.50   47.10740   39.80800  "Undefined"       0.0        3.39  0.00000000
04.04.2019 13:50:40.149   4.99600000   4996.00014   0.62  -63.0   30.5  28.0 13.20  352.8   731.2  352.84   53.63   38.43  1468.2  352.94   60.18   36.57  2210.0  353.10   66.74   33.87    1.1     49840.149     13.50   47.10740   39.80800  "Undefined"       0.0        0.14  0.00000000
04.04.2019 13:50:50.910   4.99600000   4996.00039   0.55  -65.5   28.6  28.0  9.60  352.1   922.2  352.16   55.31   37.83  1851.9  352.32   63.54   34.87  2783.9  352.59   71.70   29.80    1.4     49850.910     13.50   47.10740   39.80800  "Undefined"       0.0        0.39  0.00000000
04.04.2019 13:51:02.732   4.99600000   4996.00068   0.62  -72.7   20.8  28.0  9.60  350.6   922.1  350.75   55.27   37.48  1851.2  350.93   63.44   34.01  2781.6  351.24   71.51   28.10    1.7     49862.732     13.50   47.10740   39.80800  "Undefined"       0.0        0.68  0.00000000
04.04.2019 13:51:27.619   4.99600000   4996.00095   0.62  -63.9   29.6  28.0 59.10  353.5   349.6  353.54   50.23   39.26   734.2  353.57   53.66   38.56  1155.2  353.61   57.42   37.67    1.6     49887.619     13.50   47.10740   39.80800  "Undefined"       0.0        0.95  0.00000000
04.04.2019 13:51:27.619   4.99600000   4996.00095   0.62  -63.9   29.6  28.0 16.20  355.7   620.9  355.70   52.67   39.12  1246.5  355.75   58.28   38.24  1877.1  355.82   63.92   37.05    1.4     49887.619     13.50   47.10740   39.80800  "Undefined"       0.0        0.95  0.00000000
04.04.2019 13:51:39.476   4.99600000   4996.00236   0.62  -62.3   31.2  28.0 16.20  354.2   620.8  354.29   52.66   38.89  1246.2  354.36   58.25   37.73  1876.4  354.45   63.86   36.16    1.3     49899.476     13.50   47.10740   39.80800  "Undefined"       0.0        2.36  0.00000000
04.04.2019 13:51:50.214   4.99600000   4996.00054   0.62  -60.6   30.9  28.0 16.20  352.8   620.8  352.86   52.64   38.67  1245.9  352.95   58.20   37.21  1875.8  353.06   63.79   35.25    1.2     49910.214     13.50   47.10740   39.80800  "Undefined"       0.0        0.54  0.00000000
04.04.2019 13:52:00.952   4.99600000   4996.00439   0.62  -69.0   22.5  28.0 16.80  355.0   602.6  355.01   52.50   39.03  1209.9  355.06   57.94   38.05  1822.4  355.14   63.41   36.75    1.7     49920.952     13.50   47.10740   39.80800  "Undefined"       0.0        4.39  0.00000000
04.04.2019 13:52:25.773   4.99600000   4996.00385   0.62  -63.9   29.6  28.0 18.60  355.0   553.3  355.00   52.06   39.10  1110.8  355.05   57.05   38.23  1673.2  355.12   62.08   37.11    1.4     49945.773     13.50   47.10740   39.80800  "Undefined"       0.0        3.85  0.00000000
04.04.2019 13:52:48.392   4.99600000   4996.00136   0.62  -62.6   29.0  28.0 14.40  352.8   682.9  352.86   53.20   38.54  1370.8  352.95   59.31   36.86  2063.9  353.08   65.45   34.51    1.4     49968.392     13.50   47.10740   39.80800  "Undefined"       0.0        1.36  0.00000000
04.04.2019 13:52:59.172   4.99600000   4996.00173   0.62  -59.0   32.6  28.0 15.00  352.8   660.8  352.88   53.00   38.59  1326.5  352.97   58.92   37.00  1997.3  353.10   64.87   34.80    1.2     49979.172     13.50   47.10740   39.80800  "Undefined"       0.0        1.73  0.00000000
04.04.2019 13:53:09.877   4.99600000   4996.00052   0.62  -57.8   33.7  28.0 15.00  354.2   660.9  354.27   53.02   38.82  1326.8  354.34   58.96   37.54  1998.0  354.45   64.95   35.76    1.3     49989.877     13.50   47.10740   39.80800  "Undefined"       0.0        0.52  0.00000000
04.04.2019 13:53:22.793   4.99600000   4996.00125   0.62  -56.9   36.6  28.0 18.00  352.8   568.7  352.83   52.18   38.77  1141.3  352.90   57.27   37.47  1718.8  353.00   62.40   35.79    1.2     50002.793     13.50   47.10740   39.80800  "Undefined"       0.0        1.25  0.00000000
04.04.2019 13:53:35.831   4.99600000   4996.00260   0.62  -65.3   26.2  28.0 16.80  353.5   602.5  353.57   52.49   38.81  1209.5  353.64   57.90   37.55  1821.7  353.74   63.35   35.87    1.5     50015.831     13.50   47.10740   39.80800  "Undefined"       0.0        2.60  0.00000000
04.04.2019 13:53:49.790   4.99600000   4995.99936   0.62  -65.3   26.3  28.0 17.40  349.2   584.9  349.29   52.27   38.21  1173.7  349.40   57.44   36.22  1767.0  349.55   62.61   33.61    1.7     50029.790     13.50   47.10740   39.80800  "Undefined"       0.0       -0.64  0.00000000
04.04.2019 13:54:00.498   4.99600000   4996.00013   0.62  -60.0   31.5  28.0 16.80  352.1   602.5  352.15   52.47   38.59  1209.2  352.23   57.86   37.06  1821.0  352.36   63.27   35.02    1.2     50040.498     13.50   47.10740   39.80800  "Undefined"       0.0        0.13  0.00000000
04.04.2019 13:54:13.381   4.99600000   4996.00130   0.62  -57.9   35.6  28.0 16.80  352.8   602.5  352.87   52.48   38.70  1209.4  352.95   57.88   37.31  1821.3  353.06   63.31   35.46    1.3     50053.381     13.50   47.10740   39.80800  "Undefined"       0.0        1.30  0.00000000
04.04.2019 13:54:24.095   4.99600000   4996.00183   0.62  -56.8   32.7  28.0 12.00  352.8   786.2  352.84   54.11   38.31  1578.3  352.95   61.15   36.23  2374.8  353.13   68.19   33.08    1.2     50064.095     13.50   47.10740   39.80800  "Undefined"       0.0        1.83  0.00000000
04.04.2019 13:54:34.840   4.99600000   4996.00347   0.62  -57.7   33.8  28.0 16.20  352.1   620.7  352.14   52.63   38.55  1245.7  352.23   58.18   36.95  1875.4  352.36   63.75   34.80    1.4     50074.840     13.50   47.10740   39.80800  "Undefined"       0.0        3.47  0.00000000
04.04.2019 13:54:57.378   4.99600000   4995.99822   0.62  -54.9   34.6  28.0 14.40  352.8   682.8  352.88   53.20   38.54  1370.8  352.97   59.31   36.87  2063.9  353.11   65.45   34.53    1.4     50097.378     13.50   47.10740   39.80800  "Undefined"       0.0       -1.78  0.00000000
04.04.2019 13:55:08.146   4.99600000   4995.99824   0.62  -59.7   31.8  28.0  7.20  353.5  1106.7  353.61   56.98   37.78  2222.5  353.78   66.90   34.39  3338.1  354.15   76.68   27.03    1.5     50108.146     13.50   47.10740   39.80800  "Undefined"       0.0       -1.76  0.00000000
04.04.2019 13:55:19.963   4.99600000   4996.00046   0.62  -59.1   32.4  28.0  7.20  352.8  1106.5  352.92   56.97   37.57  2221.8  353.10   66.84   33.82  3335.7  353.51   76.56   25.74    1.2     50119.963     13.50   47.10740   39.80800  "Undefined"       0.0        0.46  0.00000000
04.04.2019 13:55:30.669   4.99600000   4996.00281   0.62  -58.3   35.2  28.0 12.60  352.8   758.0  352.86   53.86   38.37  1522.3  352.96   60.66   36.41  2291.3  353.13   67.46   33.50    1.4     50130.669     13.50   47.10740   39.80800  "Undefined"       0.0        2.81  0.00000000
04.04.2019 13:55:54.290   4.99600000   4996.00169   0.62  -59.5   32.0  28.0 25.80  353.5   417.7  353.55   50.84   39.14   839.0  353.60   54.60   38.36  1264.9  353.67   58.39   37.43    1.2     50154.290     13.50   47.10740   39.80800  "Undefined"       0.0        1.69  0.00000000
04.04.2019 13:56:05.182   4.99600000   4996.00275   0.62  -58.7   34.8  28.0 18.60  352.8   553.3  352.87   52.04   38.81  1110.9  352.94   57.00   37.57  1673.1  353.04   62.00   35.97    1.3     50165.182     13.50   47.10740   39.80800  "Undefined"       0.0        2.75  0.00000000
04.04.2019 13:56:17.023   4.99600000   4996.00263   0.62  -60.2   31.3  28.0  7.20  354.2  1106.8  354.33   57.00   38.01  2223.0  354.48   66.94   34.99  3340.0  354.82   76.80   28.40    1.5     50177.023     13.50   47.10740   39.80800  "Undefined"       0.0        2.63  0.00000000
04.04.2019 13:56:27.735   4.99600000   4996.00200   0.62  -60.1   31.4  28.0 13.20  353.5   731.2  353.57   53.64   38.57  1468.3  353.66   60.20   36.90  2210.5  353.81   66.79   34.47    1.2     50187.735     13.50   47.10740   39.80800  "Undefined"       0.0        2.00  0.00000000
04.04.2019 13:56:38.441   4.99600000   4996.00045   0.62  -58.8   32.7  28.0  9.00  352.8   963.1  352.90   55.69   37.92  1934.0  353.05   64.30   35.02  2907.0  353.33   72.86   29.81    1.2     50198.441     13.50   47.10740   39.80800  "Undefined"       0.0        0.45  0.00000000
04.04.2019 13:56:49.160   4.99600000   4996.00236   0.62  -56.8   34.7  28.0 13.80  353.5   706.2  353.57   53.41   38.62  1418.0  353.65   59.76   37.03  2134.7  353.79   66.12   34.76    1.3     50209.160     13.50   47.10740   39.80800  "Undefined"       0.0        2.36  0.00000000
04.04.2019 13:57:01.014   4.99600000   4996.00303   0.62  -60.1   31.4  28.0 11.40  352.8   816.7  352.88   54.39   38.25  1639.8  352.99   61.70   36.05  2466.9  353.19   69.00   32.62    1.5     50221.014     13.50   47.10740   39.80800  "Undefined"       0.0        3.03  0.00000000
04.04.2019 13:57:11.727   4.99600000   4996.00305   0.58  -64.8   27.1  28.0 34.80  351.4   365.3  351.44   50.35   39.04   805.6  351.57   54.26   37.99  1484.8  351.88   60.28   36.04    1.8     50231.727     13.50   47.10740   39.80800  "Undefined"       0.0        3.05  0.00000000
04.04.2019 13:57:34.278   4.99600000   4995.99984   0.62  -56.7   36.8  28.0 12.00  352.1   786.1  352.14   54.10   38.16  1578.4  352.26   61.12   35.89  2375.2  352.46   68.14   32.43    1.2     50254.278     13.50   47.10740   39.80800  "Undefined"       0.0       -0.16  0.00000000
04.04.2019 13:57:45.027   4.99600000   4996.00036   0.62  -57.8   35.7  28.0 10.80  352.8   849.4  352.90   54.68   38.18  1705.7  353.02   62.28   35.84  2565.5  353.23   69.87   32.09    1.2     50265.027     13.50   47.10740   39.80800  "Undefined"       0.0        0.36  0.00000000
04.04.2019 13:57:55.784   4.99600000   4996.00025   0.62  -58.2   33.3  28.0 11.40  352.8   816.7  352.87   54.39   38.25  1639.8  352.99   61.70   36.05  2466.9  353.18   69.00   32.62    1.2     50275.784     13.50   47.10740   39.80800  "Undefined"       0.0        0.25  0.00000000
04.04.2019 13:58:30.214   4.99600000   4996.00417   0.62  -63.3   30.2  28.0 13.20  353.5   731.3  353.60   53.64   38.57  1468.4  353.69   60.21   36.91  2210.6  353.83   66.79   34.48    1.3     50310.214     13.50   47.10740   39.80800  "Undefined"       0.0        4.17  0.00000000
04.04.2019 13:58:40.942   4.99600000   4996.00047   0.60  -65.2   26.5  28.0 15.00  353.5   660.9  353.57   53.01   38.70  1326.6  353.65   58.94   37.27  1997.7  353.76   64.91   35.28    1.2     50320.942     13.50   47.10740   39.80800  "Undefined"       0.0        0.47  0.00000000
04.04.2019 13:58:51.678   4.99600000   4996.00043   0.60  -58.8   34.9  28.0 16.20  353.5   620.8  353.59   52.65   38.78  1246.1  353.66   58.23   37.47  1876.2  353.77   63.83   35.71    1.2     50331.678     13.50   47.10740   39.80800  "Undefined"       0.0        0.43  0.00000000
04.04.2019 13:59:03.563   4.99600000   4996.00069   0.60  -60.3   33.4  28.0 13.20  353.5   731.2  353.58   53.64   38.57  1468.3  353.67   60.21   36.90  2210.5  353.81   66.79   34.47    1.2     50343.563     13.50   47.10740   39.80800  "Undefined"       0.0        0.69  0.00000000
04.04.2019 13:59:14.298   4.99600000   4996.00201   0.62  -57.3   34.3  28.0 12.00  353.5   786.2  353.56   54.13   38.46  1578.7  353.66   61.19   36.59  2375.8  353.82   68.25   33.73    1.2     50354.298     13.50   47.10740   39.80800  "Undefined"       0.0        2.01  0.00000000
04.04.2019 13:59:25.026   4.99600000   4996.00180   0.62  -55.2   36.3  28.0 42.00  354.3   455.1  354.36   51.18   39.17   918.4  354.49   55.32   38.42  1385.7  354.66   59.50   37.54    1.3     50365.026     13.50   47.10740   39.80800  "Undefined"       0.0        1.80  0.00000000
04.04.2019 13:59:25.026   4.99600000   4996.00180   0.62  -55.2   36.3  28.0  8.40  353.5  1007.3  353.60   56.10   38.01  2023.2  353.75   65.13   35.17  3041.2  354.04   74.10   29.77    1.2     50365.026     13.50   47.10740   39.80800  "Undefined"       0.0        1.80  0.00000000
04.04.2019 13:59:35.772   4.99600000   4996.00156   0.62  -56.8   34.7  28.0 13.20  353.5   731.3  353.56   53.64   38.57  1468.4  353.65   60.20   36.89  2210.6  353.79   66.79   34.45    1.2     50375.772     13.50   47.10740   39.80800  "Undefined"       0.0        1.56  0.00000000
