
[strDate]   [strTime]   [Frq_rpu]    [Frq_meg]    [Band]  [E]   [S_N] [Att]  [B]     [A]    [S0]  [aIRI0]   [Lat0]  [Lon0]   [S1]  [aIRI1]  [Lat1]  [Lon1]   [S2]  [aIRI2]  [Lat2]  [Lon2] [Sigm] [Time_sec]  [Cource]  [BaseLat]  [BaseLon]  [TypeSignalName]  [DispApd]  [Dopler]  [Delay]
04.04.2019 13:59:46.502   4.99600000   4996.00144   0.62  -58.7   32.8  28.0 10.80  352.8   849.4  352.89   54.68   38.18  1705.7  353.02   62.28   35.84  2565.5  353.23   69.87   32.09    1.2     50386.502     13.50   47.10740   39.80800  "Undefined"       0.0        1.44  0.00000000
04.04.2019 14:00:12.434   4.99600000   4995.99989   0.46  -49.0   43.8  28.0 12.00  353.5   786.2  353.59   54.13   38.46  1578.7  353.69   61.19   36.60  2375.9  353.85   68.26   33.76    1.2     50412.434     13.50   47.10740   39.80800  "Undefined"       0.0       -0.11  0.00000000
04.04.2019 14:00:24.259   4.99600000   4995.99991   0.46  -52.4   42.4  28.0 11.40  353.5   816.8  353.56   54.40   38.40  1640.1  353.66   61.73   36.41  2467.6  353.84   69.06   33.30    1.2     50424.259     13.50   47.10740   39.80800  "Undefined"       0.0       -0.09  0.00000000
04.04.2019 14:01:36.486   4.99600000   4995.99987   0.40  -55.0   40.5  28.0  8.40  352.8  1007.2  352.88   56.08   37.80  2022.7  353.04   65.09   34.65  3041.6  353.36   74.02   28.67    1.5     50496.486     13.50   47.10740   39.80800  "Undefined"       0.0       -0.13  0.00000000
04.04.2019 14:01:49.406   4.99600000   4995.99989   0.46  -53.4   41.4  28.0 11.40  353.5   816.8  353.60   54.40   38.40  1640.1  353.70   61.73   36.43  2467.6  353.88   69.07   33.33    1.2     50509.406     13.50   47.10740   39.80800  "Undefined"       0.0       -0.11  0.00000000
04.04.2019 14:02:01.222   4.99600000   4995.99991   0.46  -51.7   43.1  28.0  9.60  353.5   922.4  353.57   55.34   38.18  1852.5  353.70   63.62   35.75  2785.9  353.93   71.87   31.53    1.1     50521.222     13.50   47.10740   39.80800  "Undefined"       0.0       -0.09  0.00000000
04.04.2019 14:02:49.512   4.99600000   4995.99991   0.44  -49.6   43.4  28.0 11.40  352.8   816.7  352.87   54.39   38.25  1639.9  352.98   61.70   36.05  2467.0  353.18   69.00   32.61    1.2     50569.512     13.50   47.10740   39.80800  "Undefined"       0.0       -0.09  0.00000000
04.04.2019 14:03:05.761   4.99600000   4995.99991   0.29  -55.1   43.9  28.0 36.60  354.2   580.5  354.44   52.30   38.98  1145.0  354.64   57.35   38.04  1733.4  354.90   62.61   36.83    1.7     50585.761     13.50   47.10740   39.80800  "Undefined"      63.1       -0.09  0.00000000
04.04.2019 14:03:05.761   4.99600000   4995.99991   0.29  -55.1   43.9  28.0  7.20  353.5  1106.7  353.63   56.99   37.79  2222.5  353.80   66.90   34.41  3338.1  354.17   76.69   27.06    1.3     50585.761     13.50   47.10740   39.80800  "Undefined"      63.1       -0.09  0.00000000
04.04.2019 14:03:18.674   4.99600000   4995.99991   0.44  -51.2   41.8  28.0 13.20  353.5   731.2  353.56   53.64   38.57  1468.3  353.65   60.20   36.90  2210.4  353.80   66.79   34.46    1.2     50598.674     13.50   47.10740   39.80800  "Undefined"       0.0       -0.09  0.00000000
04.04.2019 14:03:31.556   4.99600000   4995.99993   0.44  -51.1   44.1  28.0  7.20  353.5  1106.7  353.59   56.98   37.78  2222.6  353.76   66.90   34.38  3338.1  354.14   76.68   27.00    1.2     50611.556     13.50   47.10740   39.80800  "Undefined"      62.2       -0.07  0.00000000
04.04.2019 14:03:46.749   4.99600000   4995.99990   0.44  -47.4   47.6  28.0 14.40  352.8   682.8  352.85   53.19   38.53  1370.7  352.94   59.31   36.86  2063.8  353.08   65.45   34.51    1.2     50626.749     13.50   47.10740   39.80800  "Undefined"       0.0       -0.10  0.00000000
04.04.2019 14:04:09.287   4.99600000   4995.99989   0.44  -48.7   44.3  28.0 12.60  352.8   758.0  352.86   53.86   38.37  1522.3  352.96   60.66   36.41  2291.2  353.13   67.46   33.50    1.2     50649.287     13.50   47.10740   39.80800  "Undefined"       0.0       -0.11  0.00000000
04.04.2019 14:04:24.001   4.99600000   4995.99994   0.51  -53.5   43.7  28.0  6.00  352.8  1223.1  352.93   58.00   37.27  2454.6  353.15   68.89   32.65  3677.4  353.71   79.46   20.73    1.3     50664.001     13.50   47.10740   39.80800  "Undefined"      62.5       -0.06  0.00000000
04.04.2019 14:04:24.001   4.99600000   4995.99994   0.51  -53.5   43.7  28.0  9.00  353.5   963.2  353.59   55.71   38.10  1934.3  353.73   64.34   35.48  2908.2  353.99   72.94   30.75    1.3     50664.001     13.50   47.10740   39.80800  "Undefined"      62.5       -0.06  0.00000000
04.04.2019 14:04:35.925   4.99600000   4995.99990   0.44  -52.9   42.1  28.0 15.60  352.8   640.2  352.86   52.82   38.63  1284.9  352.94   58.55   37.10  1934.5  353.07   64.31   35.03    1.2     50675.925     13.50   47.10740   39.80800  "Undefined"       0.0       -0.10  0.00000000
04.04.2019 14:04:47.622   4.99600000   4995.99990   0.40  -54.3   41.1  28.0 22.20  352.8   475.4  352.85   51.35   38.96   954.3  352.91   55.61   37.94  1437.6  352.99   59.91   36.69    1.2     50687.622     13.50   47.10740   39.80800  "Undefined"       0.0       -0.10  0.00000000
04.04.2019 14:05:01.627   4.99600000   4995.99990   0.42  -57.4   41.5  28.0 12.60  351.4   757.9  351.44   53.84   38.09  1521.8  351.57   60.59   35.75  2289.9  351.76   67.33   32.29    1.4     50701.627     13.50   47.10740   39.80800  "Undefined"      63.4       -0.10  0.00000000
04.04.2019 14:05:14.535   4.99600000   4995.99990   0.29  -55.1   45.9  28.0  6.60  352.8  1162.4  352.90   57.46   37.42  2333.3  353.11   67.83   33.27  3499.9  353.59   77.96   23.57    1.2     50714.535     13.50   47.10740   39.80800  "Undefined"      62.2       -0.10  0.00000000
04.04.2019 14:05:27.579   4.99600000   4995.99986   0.40  -51.3   44.1  28.0  9.00  352.1   963.0  352.20   55.67   37.73  1933.6  352.36   64.26   34.56  2905.8  352.67   72.76   28.87    1.2     50727.579     13.50   47.10740   39.80800  "Undefined"       0.0       -0.14  0.00000000
04.04.2019 14:05:42.991   4.99600000   4995.99990   0.40  -55.3   40.1  28.0 18.00  353.5   569.4  353.57   52.19   38.87  1143.2  353.64   57.31   37.71  1721.3  353.74   62.46   36.20    1.2     50742.991     13.50   47.10740   39.80800  "Undefined"       0.0       -0.10  0.00000000
04.04.2019 14:05:56.017   4.99600000   4995.99989   0.46  -52.0   42.8  28.0  9.60  352.8   923.1  352.90   55.33   38.01  1853.0  353.04   63.59   35.33  2784.6  353.29   71.79   30.71    1.2     50756.017     13.50   47.10740   39.80800  "Undefined"       0.0       -0.11  0.00000000
04.04.2019 14:06:06.756   4.99600000   4995.99988   0.40  -51.0   44.5  28.0 11.40  352.8   817.4  352.87   54.39   38.25  1640.9  352.99   61.71   36.05  2467.4  353.18   69.01   32.62    1.4     50766.756     13.50   47.10740   39.80800  "Undefined"       0.0       -0.12  0.00000000
04.04.2019 14:06:18.590   4.99600000   4995.99991   0.40  -49.3   48.3  28.0 15.60  352.8   640.8  352.86   52.82   38.62  1286.4  352.95   58.56   37.10  1936.1  353.07   64.32   35.03    1.2     50778.590     13.50   47.10740   39.80800  "Undefined"      63.0       -0.09  0.00000000
04.04.2019 14:06:58.685   4.99600000   4995.99994   0.11  -60.7   40.3  28.0 19.20  354.2   539.1  354.29   51.93   39.03  1082.4  354.34   56.78   38.06  1630.2  354.42   61.67   36.84    1.4     50818.685     13.50   47.10740   39.80800  "Undefined"       0.0       -0.06  0.00000000
04.04.2019 14:07:23.620   4.99600000   4995.99989   0.24  -57.3   40.3  28.0 19.80  352.1   525.2  352.13   51.78   38.76  1054.3  352.21   56.48   37.49  1587.7  352.31   61.21   35.88    1.3     50843.620     13.50   47.10740   39.80800  "Undefined"       0.0       -0.11  0.00000000
04.04.2019 14:07:35.575   4.99600000   4996.15527   0.07  -94.7    8.5  28.0 18.00  352.8   569.3  352.84   52.18   38.77  1143.0  352.92   57.29   37.47  1721.2  353.02   62.42   35.79    1.5     50855.575     13.50   47.10740   39.80800  "Undefined"       0.0      155.27  0.00000000
04.04.2019 14:07:35.575   4.99600000   4995.99988   0.29  -55.8   41.1  28.0 16.80  352.8   603.1  352.86   52.48   38.70  1210.8  352.94   57.89   37.30  1823.1  353.05   63.32   35.44    1.3     50855.575     13.50   47.10740   39.80800  "Undefined"       0.0       -0.12  0.00000000
04.04.2019 14:07:58.134   4.99600000   4995.99922   0.07  -92.7   10.5  28.0  5.40  353.5  1290.9  353.63   58.63   37.35  2590.4  353.85   70.14   32.64  3877.4  354.48   81.27   18.56    1.4     50878.134     13.50   47.10740   39.80800  "Undefined"       0.0       -0.78  0.00000000
04.04.2019 14:08:08.867   4.99600000   4996.00057   0.07  -92.4    8.8  28.0 17.40  352.8   585.7  352.85   52.33   38.74  1175.9  352.93   57.58   37.39  1770.7  353.03   62.86   35.62    1.2     50888.867     13.50   47.10740   39.80800  "Undefined"       0.0        0.57  0.00000000
04.04.2019 14:08:52.485   4.99600000   4995.99984   0.42  -63.9   31.3  28.0  7.20  352.8  1107.5  352.92   56.97   37.57  2222.7  353.11   66.85   33.82  3335.4  353.52   76.56   25.75    1.5     50932.485     13.50   47.10740   39.80800  "Undefined"       0.0       -0.16  0.00000000
04.04.2019 14:09:37.751   4.99600000   4995.99987   0.62  -58.1   35.4  28.0 15.60  353.5   640.9  353.56   52.83   38.74  1286.7  353.64   58.59   37.36  1936.6  353.75   64.37   35.49    1.4     50977.751     13.50   47.10740   39.80800  "Undefined"       0.0       -0.13  0.00000000
04.04.2019 14:10:00.297   4.99600000   4996.00009   0.46  -61.2   33.5  28.0 12.00  352.8   786.8  352.88   54.12   38.32  1579.6  352.99   61.17   36.25  2376.0  353.17   68.21   33.11    1.3     51000.297     13.50   47.10740   39.80800  "Undefined"       0.0        0.09  0.00000000
04.04.2019 14:10:12.108   4.99600000   4995.99857   0.24  -63.1   32.4  28.0 53.39  355.7   477.7  355.75   51.39   39.30  1005.5  355.84   56.12   38.64  1518.1  356.01   60.72   37.88    1.3     51012.108     13.50   47.10740   39.80800  "Undefined"       0.0       -1.43  0.00000000
04.04.2019 14:10:23.929   4.99600000   4996.00057   0.53  -65.8   28.4  28.0 52.80  355.7   449.4  355.72   51.14   39.33   994.3  355.81   56.02   38.64  1535.9  355.99   60.88   37.84    1.3     51023.929     13.50   47.10740   39.80800  "Undefined"       0.0        0.57  0.00000000
04.04.2019 14:10:34.726   4.99600000   4995.99982   0.11  -66.7   34.3  28.0 13.80  352.8   706.9  352.86   53.41   38.48  1419.4  352.95   59.75   36.72  2136.2  353.10   66.09   34.21    1.6     51034.726     13.50   47.10740   39.80800  "Undefined"       0.0       -0.18  0.00000000
04.04.2019 14:11:08.848   4.99600000   4995.99898   0.55  -68.3   27.2  28.0  7.80  355.0  1056.3  355.03   56.56   38.32  2120.9  355.16   66.07   35.91  3187.1  355.42   75.53   30.99    1.5     51068.848     13.50   47.10740   39.80800  "Undefined"      62.4       -1.02  0.00000000
04.04.2019 14:11:19.597   4.99600000   4995.99995   0.20  -68.6   29.9  28.0 17.40  350.6   585.6  350.71   52.30   38.42  1175.5  350.80   57.51   36.68  1769.6  350.94   62.73   34.40    1.8     51079.597     13.50   47.10740   39.80800  "Undefined"       0.0       -0.05  0.00000000
04.04.2019 14:11:43.252   4.99600000   4995.99932   0.24  -65.3   30.3  28.0 52.20  353.5   436.4  353.60   51.01   39.11   920.6  353.70   55.33   38.22  1507.6  353.96   60.56   36.93    1.9     51103.252     13.50   47.10740   39.80800  "Undefined"       0.0       -0.68  0.00000000
04.04.2019 14:12:08.059   4.99600000   4995.99974   0.62  -60.9   33.0  28.0 49.20  353.5   416.3  353.57   50.83   39.14   855.9  353.64   54.75   38.33  1307.6  353.79   58.78   37.37    1.6     51128.059     13.50   47.10740   39.80800  "Undefined"      66.0       -0.26  0.00000000
04.04.2019 14:12:22.083   4.99600000   4996.00001   0.62  -54.5   39.0  28.0 12.00  352.8   786.8  352.86   54.12   38.31  1579.6  352.97   61.17   36.24  2375.9  353.15   68.20   33.09    1.1     51142.083     13.50   47.10740   39.80800  "Undefined"       0.0        0.01  0.00000000
04.04.2019 14:12:32.796   4.99600000   4995.99993   0.24  -62.0   35.6  28.0 49.80  350.6   418.3  350.74   50.82   38.85   863.6  350.86   54.76   37.68  1334.4  351.08   58.92   36.23    1.6     51152.796     13.50   47.10740   39.80800  "Undefined"       0.0       -0.07  0.00000000
04.04.2019 14:12:44.607   4.99600000   4996.00095   0.44  -60.0   33.0  28.0 52.21  355.0   436.7  355.02   51.02   39.27   923.1  355.09   55.37   38.56  1499.9  355.30   60.54   37.58    1.2     51164.607     13.50   47.10740   39.80800  "Undefined"       0.0        0.95  0.00000000
04.04.2019 14:12:44.607   4.99600000   4996.00095   0.44  -60.0   33.0  28.0 12.00  352.8   786.8  352.90   54.12   38.32  1579.6  353.00   61.17   36.25  2376.0  353.18   68.21   33.12    1.2     51164.607     13.50   47.10740   39.80800  "Undefined"       0.0        0.95  0.00000000
04.04.2019 14:12:55.478   4.99600000   4995.99993   0.07  -88.3   14.9  28.0 15.60  352.8   640.9  352.87   52.82   38.63  1286.4  352.95   58.56   37.10  1936.2  353.08   64.33   35.03    1.5     51175.478     13.50   47.10740   39.80800  "Undefined"       0.0       -0.07  0.00000000
04.04.2019 14:13:06.205   4.99600000   4995.99846   0.46  -60.6   32.2  28.0 49.20  355.0   416.3  354.99   50.84   39.29   855.8  355.03   54.77   38.66  1309.7  355.16   58.83   37.90    1.3     51186.205     13.50   47.10740   39.80800  "Undefined"       0.0       -1.54  0.00000000
04.04.2019 14:13:06.205   4.99600000   4995.99846   0.46  -60.6   32.2  28.0 11.40  352.1   817.3  352.19   54.38   38.10  1640.7  352.31   61.68   35.69  2466.7  352.53   68.94   31.95    1.3     51186.205     13.50   47.10740   39.80800  "Undefined"       0.0       -1.54  0.00000000
04.04.2019 14:13:18.029   4.99600000   4996.00010   0.62  -58.8   32.7  28.0 14.40  353.5   683.6  353.57   53.21   38.66  1372.5  353.66   59.35   37.15  2065.9  353.78   65.51   35.03    1.1     51198.029     13.50   47.10740   39.80800  "Undefined"       0.0        0.10  0.00000000
04.04.2019 14:13:28.733   4.99600000   4996.00044   0.35  -65.9   26.1  28.0  7.20  354.2  1107.7  354.31   57.01   38.00  2223.7  354.47   66.95   34.97  3339.3  354.81   76.79   28.38    1.6     51208.733     13.50   47.10740   39.80800  "Undefined"       0.0        0.44  0.00000000
04.04.2019 14:13:40.221   4.99600000   4995.99972   0.13  -62.5   33.7  28.0  8.40  352.1  1007.9  352.19   56.07   37.61  2023.1  352.36   65.05   34.16  3039.6  352.71   73.92   27.66    1.5     51220.221     13.50   47.10740   39.80800  "Undefined"       0.0       -0.28  0.00000000
04.04.2019 14:13:50.967   4.99600000   4995.99979   0.35  -56.6   39.3  28.0 12.00  352.8   786.8  352.86   54.12   38.31  1579.7  352.97   61.17   36.24  2376.1  353.15   68.20   33.08    1.6     51230.967     13.50   47.10740   39.80800  "Undefined"       0.0       -0.21  0.00000000
04.04.2019 14:13:50.967   4.99600000   4995.99979   0.35  -56.6   39.3  28.0 51.00  353.5   423.2  353.58   50.89   39.13   882.5  353.66   54.99   38.28  1396.0  353.86   59.57   37.18    1.4     51230.967     13.50   47.10740   39.80800  "Undefined"       0.0       -0.21  0.00000000
04.04.2019 14:14:03.934   4.99600000   4996.00043   0.62  -65.2   28.3  28.0 16.80  352.8   603.1  352.87   52.48   38.70  1210.8  352.95   57.89   37.31  1823.1  353.06   63.33   35.45    1.2     51243.934     13.50   47.10740   39.80800  "Undefined"       0.0        0.43  0.00000000
04.04.2019 14:14:14.660   4.99600000   4996.00170   0.22  -64.9   31.1  28.0 17.40  354.3   585.8  354.31   52.35   38.95  1176.3  354.37   57.62   37.88  1771.5  354.46   62.93   36.47    1.4     51254.660     13.50   47.10740   39.80800  "Undefined"       0.0        1.70  0.00000000
04.04.2019 14:14:26.566   4.99600000   4996.00221   0.42  -70.6   18.6  28.0 15.00  352.1   661.6  352.17   53.00   38.46  1328.3  352.26   58.91   36.71  1999.1  352.41   64.84   34.30    1.3     51266.566     13.50   47.10740   39.80800  "Undefined"       0.0        2.21  0.00000000
04.04.2019 14:14:38.389   4.99600000   4995.99807   0.04  -95.1    7.9  28.0 19.20  352.8   539.1  352.84   51.91   38.83  1082.1  352.91   56.75   37.63  1629.6  353.01   61.61   36.09    1.8     51278.389     13.50   47.10740   39.80800  "Undefined"       0.0       -1.93  0.00000000
04.04.2019 14:14:52.456   4.99600000   4996.02762   0.09  -89.5    8.4  28.0  7.80  352.1  1055.8  352.18   56.50   37.48  2119.0  352.37   65.89   33.71  3180.6  352.76   75.12   26.21    1.6     51292.456     13.50   47.10740   39.80800  "Undefined"       0.0       27.62  0.00000000
04.04.2019 14:15:03.162   4.99600000   4995.99836   0.62  -65.9   27.7  28.0 10.80  352.8   850.1  352.88   54.68   38.17  1706.6  353.00   62.29   35.83  2565.7  353.21   69.87   32.07    1.4     51303.162     13.50   47.10740   39.80800  "Undefined"       0.0       -1.64  0.00000000
04.04.2019 14:15:16.205   4.99600000   4995.99930   0.55  -62.6   29.4  28.0 18.00  353.5   569.4  353.58   52.19   38.87  1143.2  353.64   57.31   37.71  1721.3  353.74   62.46   36.20    1.2     51316.205     13.50   47.10740   39.80800  "Undefined"       0.0       -0.70  0.00000000
04.04.2019 14:15:40.827   4.99600000   4996.00119   0.49  -65.6   29.0  28.0 55.20  347.8   413.0  347.95   50.73   38.58   868.2  348.18   54.72   37.05  1356.1  348.49   58.98   35.11    1.9     51340.827     13.50   47.10740   39.80800  "Undefined"       0.0        1.19  0.00000000
04.04.2019 14:15:40.827   4.99600000   4996.00119   0.49  -65.6   29.0  28.0 18.00  352.8   569.4  352.85   52.18   38.77  1143.1  352.92   57.29   37.48  1721.3  353.02   62.42   35.79    1.5     51340.827     13.50   47.10740   39.80800  "Undefined"       0.0        1.19  0.00000000
04.04.2019 14:15:51.582   4.99600000   4995.99983   0.11  -61.9   39.1  28.0 13.20  352.8   731.8  352.86   53.63   38.43  1469.5  352.96   60.19   36.58  2211.2  353.12   66.75   33.88    1.3     51351.582     13.50   47.10740   39.80800  "Undefined"       0.0       -0.17  0.00000000
04.04.2019 14:16:14.168   4.99600000   4995.99971   0.33  -63.5   28.8  28.0  9.00  352.8   963.8  352.88   55.70   37.91  1934.6  353.03   64.31   35.01  2906.3  353.31   72.85   29.79    1.4     51374.168     13.50   47.10740   39.80800  "Undefined"       0.0       -0.29  0.00000000
04.04.2019 14:16:37.916   4.99600000   4995.99988   0.58  -64.9   25.0  28.0  8.40  354.2  1008.3  354.30   56.12   38.20  2024.4  354.43   65.18   35.67  3042.1  354.70   74.19   30.84    1.3     51397.916     13.50   47.10740   39.80800  "Undefined"       0.0       -0.12  0.00000000
04.04.2019 14:16:48.643   4.99600000   4996.00087   0.55  -66.9   27.1  28.0 13.20  353.5   731.9  353.60   53.64   38.57  1469.7  353.69   60.22   36.91  2211.8  353.83   66.81   34.48    1.5     51408.643     13.50   47.10740   39.80800  "Undefined"       0.0        0.87  0.00000000
04.04.2019 14:16:48.643   4.99600000   4996.00087   0.55  -66.9   27.1  28.0 12.00  354.2   786.9  354.29   54.14   38.61  1580.1  354.38   61.22   36.94  2377.3  354.52   68.31   34.40    1.5     51408.643     13.50   47.10740   39.80800  "Undefined"       0.0        0.87  0.00000000
04.04.2019 14:17:00.478   4.99600000   4995.99964   0.11  -68.7   32.3  28.0 12.60  355.0   758.6  355.01   53.90   38.80  1523.6  355.08   60.74   37.43  2292.9  355.20   67.60   35.37    1.8     51420.478     13.50   47.10740   39.80800  "Undefined"       0.0       -0.36  0.00000000
04.04.2019 14:17:11.192   4.99600000   4995.99970   0.62  -64.0   27.5  28.0 11.40  352.8   817.4  352.88   54.39   38.25  1640.9  353.00   61.71   36.05  2467.5  353.19   69.01   32.63    1.6     51431.192     13.50   47.10740   39.80800  "Undefined"       0.0       -0.30  0.00000000
04.04.2019 14:17:21.896   4.99600000   4995.99970   0.62  -60.0   29.6  28.0 13.20  352.8   731.8  352.88   53.63   38.44  1469.4  352.98   60.19   36.59  2211.2  353.14   66.75   33.90    1.2     51441.896     13.50   47.10740   39.80800  "Undefined"       0.0       -0.30  0.00000000
04.04.2019 14:17:32.648   4.99600000   4996.00020   0.62  -63.0   30.5  28.0  9.60  352.8   923.0  352.89   55.33   38.01  1852.9  353.03   63.59   35.32  2784.5  353.29   71.79   30.70    1.3     51452.648     13.50   47.10740   39.80800  "Undefined"       0.0        0.20  0.00000000
04.04.2019 14:17:43.366   4.99600000   4996.00059   0.07  -94.7    4.5  28.0 13.80  354.2   707.0  354.28   53.43   38.75  1419.8  354.36   59.80   37.33  2137.1  354.48   66.18   35.31    1.6     51463.366     13.50   47.10740   39.80800  "Undefined"       0.0        0.59  0.00000000
04.04.2019 14:17:55.308   4.99600000   4996.00010   0.11  -63.8   33.2  28.0 13.20  352.8   731.8  352.87   53.63   38.43  1469.5  352.97   60.19   36.58  2211.3  353.13   66.75   33.89    1.4     51475.308     13.50   47.10740   39.80800  "Undefined"       0.0        0.10  0.00000000
04.04.2019 14:18:06.075   4.99600000   4995.99969   0.62  -58.6   35.0  28.0 14.40  352.8   683.5  352.89   53.20   38.54  1372.4  352.98   59.33   36.87  2065.5  353.12   65.47   34.53    1.2     51486.075     13.50   47.10740   39.80800  "Undefined"       0.0       -0.31  0.00000000
04.04.2019 14:18:20.044   4.99600000   4996.00003   0.62  -58.7   32.9  28.0  7.80  353.5  1056.0  353.64   56.53   37.91  2120.0  353.79   65.99   34.83  3184.1  354.12   75.35   28.61    1.3     51500.044     13.50   47.10740   39.80800  "Undefined"       0.0        0.03  0.00000000
04.04.2019 14:18:30.774   4.99600000   4996.00004   0.62  -58.0   31.5  28.0 12.60  352.8   758.5  352.87   53.87   38.37  1523.2  352.97   60.67   36.42  2292.1  353.14   67.47   33.51    1.2     51510.774     13.50   47.10740   39.80800  "Undefined"       0.0        0.04  0.00000000
04.04.2019 14:18:41.587   4.99600000   4995.99997   0.13  -65.4   32.8  28.0 11.40  352.8   817.4  352.89   54.39   38.25  1641.0  353.01   61.71   36.06  2467.5  353.20   69.01   32.64    1.3     51521.587     13.50   47.10740   39.80800  "Undefined"       0.0       -0.03  0.00000000
04.04.2019 14:18:52.345   4.99600000   4996.01081   0.18  -84.3   12.6  28.0 11.40  351.4   817.2  351.44   54.36   37.94  1640.3  351.58   61.64   35.30  2465.8  351.81   68.87   31.23    1.3     51532.345     13.50   47.10740   39.80800  "Undefined"       0.0       10.81  0.00000000
04.04.2019 14:19:26.669   4.99600000   4995.99987   0.31  -58.9   35.6  28.0 13.20  352.8   731.8  352.89   53.63   38.44  1469.5  352.99   60.19   36.59  2211.3  353.15   66.76   33.90    1.3     51566.669     13.50   47.10740   39.80800  "Undefined"       0.0       -0.13  0.00000000
04.04.2019 14:19:37.422   4.99600000   4995.99833   0.07  -88.7   10.5  28.0 10.80  352.8   850.1  352.89   54.68   38.18  1706.5  353.01   62.29   35.84  2565.6  353.22   69.87   32.08    1.7     51577.422     13.50   47.10740   39.80800  "Undefined"       0.0       -1.67  0.00000000
04.04.2019 14:19:59.631   4.99600000   4995.99521   0.62  -63.7   31.8  28.0 59.10  351.4   347.5  351.41   50.20   39.08   730.7  351.48   53.60   38.17  1153.2  351.58   57.34   37.01    1.4     51599.631     13.50   47.10740   39.80800  "Undefined"      63.3       -4.79  0.00000000
04.04.2019 14:19:59.631   4.99600000   4995.99521   0.62  -63.7   31.8  28.0 17.40  353.5   585.8  353.56   52.34   38.84  1176.2  353.63   57.60   37.63  1771.3  353.73   62.90   36.04    1.4     51599.631     13.50   47.10740   39.80800  "Undefined"      63.3       -4.79  0.00000000
04.04.2019 14:20:36.381   4.99600000   4996.00164   0.62  -61.6   28.0  28.0 12.00  353.5   788.0  353.61   54.14   38.46  1582.5  353.71   61.22   36.60  2380.3  353.87   68.30   33.76    1.4     51636.381     13.50   47.10740   39.80800  "Undefined"       0.0        1.64  0.00000000
04.04.2019 14:20:47.122   4.99600000   4996.00187   0.62  -57.3   34.2  28.0 15.60  353.5   641.7  353.56   52.84   38.74  1288.7  353.64   58.61   37.36  1939.5  353.75   64.39   35.48    1.2     51647.122     13.50   47.10740   39.80800  "Undefined"       0.0        1.87  0.00000000
04.04.2019 14:20:57.891   4.99600000   4996.00468   0.62  -60.3   32.2  28.0 51.60  350.6   433.7  350.76   50.95   38.81   921.8  351.17   55.28   37.58  1395.1  351.77   59.48   36.30    1.8     51657.891     13.50   47.10740   39.80800  "Undefined"      62.4        4.68  0.00000000
04.04.2019 14:20:57.891   4.99600000   4996.00468   0.62  -60.3   32.2  28.0  8.40  353.5  1009.3  353.62   56.12   38.01  2025.1  353.76   65.15   35.17  3040.8  354.05   74.10   29.80    1.4     51657.891     13.50   47.10740   39.80800  "Undefined"      62.4        4.68  0.00000000
04.04.2019 14:21:08.627   4.99600000   4995.99990   0.62  -59.0   32.6  28.0 51.00  353.5   425.3  353.61   50.91   39.13   898.7  353.95   55.14   38.32  1371.0  354.45   59.36   37.48    1.8     51668.627     13.50   47.10740   39.80800  "Undefined"       0.0       -0.10  0.00000000
04.04.2019 14:21:08.627   4.99600000   4995.99990   0.62  -59.0   32.6  28.0 10.20  353.5   886.2  353.60   55.02   38.26  1778.6  353.72   62.96   36.00  2672.4  353.93   70.87   32.25    1.2     51668.627     13.50   47.10740   39.80800  "Undefined"       0.0       -0.10  0.00000000
04.04.2019 14:21:19.412   4.99600000   4996.00302   0.58  -60.3   29.6  28.0  9.60  353.5   924.1  353.61   55.36   38.19  1854.7  353.74   63.64   35.77  2786.5  353.97   71.88   31.59    1.3     51679.412     13.50   47.10740   39.80800  "Undefined"       0.0        3.02  0.00000000
04.04.2019 14:21:19.412   4.99600000   4996.00302   0.58  -60.3   29.6  28.0 52.20  353.5   450.3  353.63   51.13   39.09   947.2  353.99   55.57   38.24  1412.3  354.46   59.73   37.39    1.2     51679.412     13.50   47.10740   39.80800  "Undefined"       0.0        3.02  0.00000000
04.04.2019 14:21:31.294   4.99600000   4996.00018   0.62  -60.1   29.4  28.0 49.81  351.4   414.6  351.46   50.79   38.93   871.0  351.81   54.85   37.88  1351.4  352.39   59.12   36.69    1.3     51691.294     13.50   47.10740   39.80800  "Undefined"       0.0        0.18  0.00000000
04.04.2019 14:21:31.294   4.99600000   4996.00018   0.62  -60.1   29.4  28.0 12.60  353.5   759.3  353.56   53.89   38.51  1524.8  353.66   60.71   36.74  2293.4  353.81   67.52   34.11    1.2     51691.294     13.50   47.10740   39.80800  "Undefined"       0.0        0.18  0.00000000
04.04.2019 14:21:42.068   4.99600000   4995.78249   0.13  -85.4   12.8  28.0 49.20  348.5   409.8  348.61   50.72   38.66   857.0  348.96   54.65   37.26  1340.4  349.62   58.90   35.63    1.9     51702.068     13.50   47.10740   39.80800  "Undefined"       0.0     -217.51  0.00000000
04.04.2019 14:21:42.068   4.99600000   4996.00018   0.49  -62.8   31.4  28.0 52.19  348.5   449.8  348.62   51.07   38.54   956.0  349.09   55.52   36.94  1431.2  349.78   59.71   35.31    1.5     51702.068     13.50   47.10740   39.80800  "Undefined"      62.6        0.18  0.00000000
04.04.2019 14:21:42.068   4.99600000   4996.00018   0.49  -62.8   31.4  28.0 12.60  352.8   759.3  352.85   53.88   38.37  1524.6  352.96   60.68   36.41  2292.8  353.13   67.47   33.49    1.4     51702.068     13.50   47.10740   39.80800  "Undefined"      62.6        0.18  0.00000000
04.04.2019 14:21:53.976   4.99600000   4996.17087   0.20  -86.0   12.4  28.0 55.79  353.5   391.8  353.57   50.61   39.19   820.6  353.76   54.44   38.43  1266.1  354.10   58.42   37.59    1.6     51713.976     13.50   47.10740   39.80800  "Undefined"       0.0      170.87  0.00000000
04.04.2019 14:21:53.976   4.99600000   4996.00067   0.27  -66.0   31.2  28.0 46.20  354.2   403.1  354.35   50.71   39.24   824.3  354.57   54.48   38.60  1323.6  355.00   58.95   37.81    1.9     51713.976     13.50   47.10740   39.80800  "Undefined"       0.0        0.67  0.00000000
04.04.2019 14:21:53.976   4.99600000   4996.00067   0.27  -66.0   31.2  28.0 13.80  354.9   707.9  354.99   53.45   38.88  1422.0  355.06   59.83   37.64  2139.8  355.17   66.24   35.86    1.6     51713.976     13.50   47.10740   39.80800  "Undefined"       0.0        0.67  0.00000000
04.04.2019 14:22:06.522   4.99600000   4996.00357   0.58  -65.0   26.9  28.0 54.00  355.0   445.2  355.04   51.10   39.26   906.7  355.29   55.23   38.64  1358.0  355.65   59.28   38.01    1.6     51726.522     13.50   47.10740   39.80800  "Undefined"       0.0        3.57  0.00000000
04.04.2019 14:22:06.522   4.99600000   4996.00357   0.58  -65.0   26.9  28.0 17.40  354.2   586.6  354.28   52.35   38.95  1178.0  354.35   57.64   37.87  1773.5  354.44   62.95   36.45    1.2     51726.522     13.50   47.10740   39.80800  "Undefined"       0.0        3.57  0.00000000
04.04.2019 14:22:18.356   4.99600000   4995.79850   0.60  -85.0   14.0  28.0 49.21  352.1   409.7  352.19   50.76   39.02   858.3  352.51   54.75   38.07  1340.9  353.06   59.05   36.99    1.4     51738.356     13.50   47.10740   39.80800  "Undefined"      62.5     -201.50  0.00000000
04.04.2019 14:22:18.356   4.99600000   4996.00007   0.33  -61.2   33.0  28.0 50.40  353.5   419.2  353.61   50.85   39.14   883.6  353.94   55.00   38.35  1359.2  354.44   59.26   37.51    1.3     51738.356     13.50   47.10740   39.80800  "Undefined"       0.0        0.07  0.00000000
04.04.2019 14:22:31.299   4.99600000   4996.00238   0.38  -59.0   34.7  28.0 10.80  353.5   851.0  353.60   54.71   38.34  1708.0  353.71   62.34   36.23  2566.9  353.91   69.94   32.84    1.6     51751.299     13.50   47.10740   39.80800  "Undefined"       0.0        2.38  0.00000000
04.04.2019 14:22:31.299   4.99600000   4996.00238   0.38  -59.0   34.7  28.0 52.19  352.8   450.0  352.91   51.12   39.01   948.3  353.28   55.57   38.05  1414.8  353.78   59.73   37.10    1.4     51751.299     13.50   47.10740   39.80800  "Undefined"       0.0        2.38  0.00000000
04.04.2019 14:22:43.101   4.99600000   4996.00105   0.62  -58.4   33.2  28.0 51.00  355.0   425.3  355.05   50.92   39.28   897.4  355.36   55.15   38.67  1367.9  355.79   59.37   38.05    1.6     51763.101     13.50   47.10740   39.80800  "Undefined"       0.0        1.05  0.00000000
04.04.2019 14:22:43.101   4.99600000   4996.00105   0.62  -58.4   33.2  28.0  7.20  353.5  1108.5  353.59   57.00   37.77  2223.4  353.76   66.90   34.37  3335.8  354.14   76.66   27.02    1.3     51763.101     13.50   47.10740   39.80800  "Undefined"       0.0        1.05  0.00000000
04.04.2019 14:22:53.859   4.99600000   4995.79339   0.15  -74.6   19.0  28.0 13.20  352.8   732.6  352.89   53.64   38.43  1471.1  352.99   60.21   36.58  2212.8  353.14   66.77   33.89    1.2     51773.859     13.50   47.10740   39.80800  "Undefined"       0.0     -206.61  0.00000000
04.04.2019 14:22:53.859   4.99600000   4995.79339   0.15  -74.6   19.0  28.0 51.61  352.8   433.8  352.90   50.98   39.04   919.2  353.26   55.31   38.11  1389.0  353.78   59.50   37.16    1.2     51773.859     13.50   47.10740   39.80800  "Undefined"       0.0     -206.61  0.00000000
04.04.2019 14:22:53.859   4.99600000   4996.00156   0.31  -51.1   39.4  28.0 50.41  352.1   419.3  352.19   50.84   39.00   884.3  352.54   54.98   38.01  1361.3  353.09   59.23   36.95    1.2     51773.859     13.50   47.10740   39.80800  "Undefined"       0.0        1.56  0.00000000
04.04.2019 14:22:53.859   4.99600000   4996.00156   0.31  -51.1   39.4  28.0 12.60  352.8   759.3  352.89   53.88   38.38  1524.6  353.00   60.68   36.42  2292.8  353.16   67.47   33.53    1.2     51773.859     13.50   47.10740   39.80800  "Undefined"       0.0        1.56  0.00000000
04.04.2019 14:23:05.822   4.99600000   4996.00094   0.55  -56.5   28.1  28.0 49.20  352.1   409.7  352.18   50.76   39.02   858.2  352.50   54.75   38.07  1341.0  353.05   59.05   36.99    1.6     51785.822     13.50   47.10740   39.80800  "Undefined"      62.5        0.94  0.00000000
04.04.2019 14:23:05.822   4.99600000   4996.00094   0.55  -56.5   28.1  28.0 10.80  352.8   850.9  352.90   54.69   38.18  1707.7  353.03   62.30   35.84  2566.1  353.24   69.88   32.10    1.2     51785.822     13.50   47.10740   39.80800  "Undefined"      62.5        0.94  0.00000000
04.04.2019 14:23:16.620   4.99600000   4995.76619   0.11  -79.8   19.2  28.0 50.99  352.1   425.2  352.19   50.89   38.98   899.3  352.55   55.12   37.98  1373.3  353.11   59.34   36.92    1.5     51796.620     13.50   47.10740   39.80800  "Undefined"       0.0     -233.81  0.00000000
04.04.2019 14:23:16.620   4.99600000   4995.76619   0.11  -79.8   19.2  28.0 12.60  353.5   759.3  353.56   53.89   38.51  1524.8  353.66   60.71   36.74  2293.3  353.81   67.52   34.11    1.3     51796.620     13.50   47.10740   39.80800  "Undefined"       0.0     -233.81  0.00000000
04.04.2019 14:23:16.620   4.99600000   4996.00101   0.51  -54.1   38.3  28.0 51.59  351.4   433.5  351.48   50.96   38.89   920.4  351.87   55.29   37.76  1392.6  352.45   59.49   36.59    1.2     51796.620     13.50   47.10740   39.80800  "Undefined"       0.0        1.01  0.00000000
04.04.2019 14:23:16.620   4.99600000   4996.00101   0.51  -54.1   38.3  28.0 10.20  353.5   886.2  353.57   55.02   38.26  1778.6  353.69   62.96   35.99  2672.3  353.91   70.87   32.23    1.2     51796.620     13.50   47.10740   39.80800  "Undefined"       0.0        1.01  0.00000000
04.04.2019 14:23:28.097   4.99600000   4996.00182   0.62  -58.5   33.1  28.0 51.00  354.2   425.0  354.33   50.91   39.21   897.7  354.66   55.14   38.50  1369.1  355.12   59.36   37.77    1.5     51808.097     13.50   47.10740   39.80800  "Undefined"       0.0        1.82  0.00000000
04.04.2019 14:23:28.097   4.99600000   4996.00182   0.62  -58.5   33.1  28.0  6.60  352.8  1164.6  352.92   57.48   37.42  2335.7  353.12   67.85   33.27  3500.9  353.60   77.97   23.58    1.3     51808.097     13.50   47.10740   39.80800  "Undefined"       0.0        1.82  0.00000000
04.04.2019 14:23:40.643   4.99600000   4996.00132   0.62  -62.7   28.8  28.0 10.20  352.8   886.1  352.90   55.01   38.10  1778.2  353.03   62.93   35.60  2671.4  353.26   70.80   31.46    1.3     51820.643     13.50   47.10740   39.80800  "Undefined"       0.0        1.32  0.00000000
04.04.2019 14:24:04.288   4.99600000   4996.00000   0.51  -58.9   33.5  28.0 49.20  352.8   409.7  352.91   50.76   39.09   858.6  353.22   54.77   38.23  1341.0  353.74   59.07   37.27    1.3     51844.288     13.50   47.10740   39.80800  "Undefined"       0.0        0.00  0.00000000
04.04.2019 14:24:04.288   4.99600000   4996.00000   0.51  -58.9   33.5  28.0 16.80  352.8   603.7  352.87   52.49   38.70  1212.1  352.96   57.90   37.31  1824.3  353.07   63.34   35.45    1.2     51844.288     13.50   47.10740   39.80800  "Undefined"       0.0        0.00  0.00000000
04.04.2019 14:24:15.167   4.99600000   4996.00196   0.62  -58.5   35.1  28.0 49.80  352.1   414.5  352.18   50.80   39.01   871.0  352.51   54.86   38.04  1350.8  353.07   59.14   36.97    1.4     51855.167     13.50   47.10740   39.80800  "Undefined"       0.0        1.96  0.00000000
04.04.2019 14:24:15.167   4.99600000   4996.00196   0.62  -58.5   35.1  28.0 12.00  352.8   787.6  352.89   54.13   38.32  1581.0  353.00   61.18   36.25  2377.1  353.18   68.22   33.11    1.2     51855.167     13.50   47.10740   39.80800  "Undefined"       0.0        1.96  0.00000000
04.04.2019 14:24:29.148   4.99600000   4996.00097   0.62  -57.2   34.4  28.0 12.60  353.5   759.4  353.56   53.89   38.51  1524.9  353.66   60.71   36.74  2293.5  353.81   67.53   34.10    1.2     51869.148     13.50   47.10740   39.80800  "Undefined"       0.0        0.97  0.00000000
04.04.2019 14:24:42.457   4.99600000   4995.76696   0.62  -82.0   17.0  28.0 51.60  352.8   433.5  352.90   50.97   39.04   918.5  353.26   55.30   38.11  1388.4  353.78   59.50   37.16    1.4     51882.457     13.50   47.10740   39.80800  "Undefined"      62.2     -233.04  0.00000000
04.04.2019 14:24:42.457   4.99600000   4995.76696   0.62  -82.0   17.0  28.0 13.80  352.8   707.8  352.88   53.42   38.49  1421.4  352.98   59.76   36.73  2138.3  353.13   66.11   34.22    1.3     51882.457     13.50   47.10740   39.80800  "Undefined"      62.2     -233.04  0.00000000
04.04.2019 14:24:42.457   4.99600000   4995.99826   0.33  -57.1   37.1  28.0 52.20  352.8   450.4  352.92   51.12   39.01   948.8  353.30   55.57   38.05  1415.2  353.80   59.74   37.10    1.3     51882.457     13.50   47.10740   39.80800  "Undefined"       0.0       -1.74  0.00000000
04.04.2019 14:24:42.457   4.99600000   4995.99826   0.33  -57.1   37.1  28.0 12.60  353.5   759.3  353.56   53.89   38.51  1524.8  353.66   60.71   36.74  2293.4  353.81   67.52   34.11    1.3     51882.457     13.50   47.10740   39.80800  "Undefined"       0.0       -1.74  0.00000000
04.04.2019 14:25:06.904   4.99600000   4995.99857   0.62  -60.6   30.9  28.0 13.80  353.5   707.8  353.61   53.43   38.62  1421.6  353.69   59.79   37.04  2138.9  353.83   66.16   34.78    1.3     51906.904     13.50   47.10740   39.80800  "Undefined"       0.0       -1.43  0.00000000
04.04.2019 14:25:19.778   4.99600000   4996.00272   0.27  -69.1   28.1  28.0 55.80  351.4   392.0  351.44   50.59   38.98   822.5  351.67   54.41   37.97  1273.4  352.09   58.42   36.82    1.6     51919.778     13.50   47.10740   39.80800  "Undefined"       0.0        2.72  0.00000000
04.04.2019 14:25:33.775   4.99600000   4995.79828   0.62  -88.8   10.7  28.0 50.40  355.0   419.0  355.05   50.86   39.29   882.8  355.36   55.02   38.69  1357.0  355.80   59.27   38.07    1.6     51933.775     13.50   47.10740   39.80800  "Undefined"      63.2     -201.72  0.00000000
04.04.2019 14:25:33.775   4.99600000   4995.79828   0.62  -88.8   10.7  28.0 16.80  355.0   603.9  355.02   52.52   39.03  1212.7  355.08   57.96   38.05  1825.6  355.16   63.44   36.75    1.3     51933.775     13.50   47.10740   39.80800  "Undefined"      63.2     -201.72  0.00000000
04.04.2019 14:25:33.775   4.99600000   4995.99922   0.29  -68.8   28.1  28.0 13.80  355.0   707.9  355.00   53.45   38.88  1421.9  355.07   59.83   37.64  2139.7  355.18   66.24   35.86    1.2     51933.775     13.50   47.10740   39.80800  "Undefined"       0.0       -0.78  0.00000000
04.04.2019 14:25:45.720   4.99600000   4995.99746   0.22  -69.2   28.8  28.0 54.60  356.4   420.8  356.45   50.88   39.44   868.3  356.64   54.90   39.01  1312.4  356.91   58.89   38.59    1.6     51945.720     13.50   47.10740   39.80800  "Undefined"       0.0       -2.54  0.00000000
04.04.2019 14:25:58.644   4.99600000   4995.99655   0.42  -63.7   31.6  28.0 56.99  353.5   372.5  353.55   50.44   39.22   781.8  353.70   54.09   38.50  1210.4  353.99   57.92   37.67    1.4     51958.644     13.50   47.10740   39.80800  "Undefined"       0.0       -3.45  0.00000000
04.04.2019 14:25:58.644   4.99600000   4995.99655   0.42  -63.7   31.6  28.0 19.20  352.8   540.0  352.83   51.92   38.83  1084.2  352.91   56.77   37.62  1632.5  353.00   61.64   36.08    1.2     51958.644     13.50   47.10740   39.80800  "Undefined"       0.0       -3.45  0.00000000
04.04.2019 14:26:10.574   4.99600000   4995.99774   0.62  -65.9   27.7  28.0 23.40  354.2   456.0  354.27   51.19   39.16   916.0  354.32   55.30   38.38  1380.6  354.39   59.45   37.44    1.3     51970.574     13.50   47.10740   39.80800  "Undefined"       0.0       -2.26  0.00000000
04.04.2019 14:26:22.427   4.99600000   4995.81527   0.20  -89.4    9.0  28.0  6.00  352.1  1225.4  352.20   58.00   37.00  2457.0  352.45   68.85   31.93  3676.8  353.05   79.30   18.98    1.7     51982.427     13.50   47.10740   39.80800  "Undefined"       0.0     -184.73  0.00000000
04.04.2019 14:26:22.427   4.99600000   4995.81527   0.20  -89.4    9.0  28.0 51.00  348.5   425.3  348.61   50.85   38.61   901.6  349.02   55.04   37.12  1380.5  349.71   59.26   35.50    1.7     51982.427     13.50   47.10740   39.80800  "Undefined"       0.0     -184.73  0.00000000
04.04.2019 14:26:22.427   4.99600000   4996.00443   0.24  -69.3   28.3  28.0 53.40  351.4   487.9  351.52   51.44   38.77   968.9  351.91   55.72   37.64  1432.3  352.44   59.84   36.46    1.6     51982.427     13.50   47.10740   39.80800  "Undefined"      -0.0        4.43  0.00000000
04.04.2019 14:26:34.254   4.99600000   4995.77421   0.15  -85.6   11.9  28.0 49.79  353.5   414.2  353.61   50.81   39.15   870.6  353.93   54.89   38.37  1349.4  354.43   59.17   37.52    1.5     51994.254     13.50   47.10740   39.80800  "Undefined"       0.0     -225.79  0.00000000
04.04.2019 14:26:34.254   4.99600000   4995.77421   0.15  -85.6   11.9  28.0 12.00  354.2   787.8  354.30   54.15   38.61  1581.6  354.39   61.24   36.94  2378.5  354.53   68.32   34.41    1.5     51994.254     13.50   47.10740   39.80800  "Undefined"       0.0     -225.79  0.00000000
04.04.2019 14:26:34.254   4.99600000   4996.00207   0.29  -61.5   33.3  28.0 49.20  352.1   409.7  352.18   50.76   39.02   858.2  352.50   54.75   38.07  1341.0  353.05   59.05   36.99    1.3     51994.254     13.50   47.10740   39.80800  "Undefined"       0.0        2.07  0.00000000
04.04.2019 14:26:47.338   4.99600000   4996.00157   0.29  -64.0   30.9  28.0 50.40  353.5   419.2  353.62   50.85   39.14   883.6  353.95   55.00   38.35  1359.2  354.44   59.26   37.51    1.5     52007.338     13.50   47.10740   39.80800  "Undefined"       0.0        1.57  0.00000000
04.04.2019 14:26:47.338   4.99600000   4996.00157   0.29  -64.0   30.9  28.0 25.80  353.5   419.8  353.57   50.86   39.14   843.5  353.63   54.64   38.36  1272.1  353.70   58.46   37.42    1.2     52007.338     13.50   47.10740   39.80800  "Undefined"       0.0        1.57  0.00000000
04.04.2019 14:27:00.322   4.99600000   4996.00197   0.62  -62.9   30.6  28.0 19.80  352.8   526.1  352.88   51.80   38.86  1056.3  352.95   56.52   37.70  1590.7  353.04   61.27   36.24    1.2     52020.322     13.50   47.10740   39.80800  "Undefined"       0.0        1.97  0.00000000
04.04.2019 14:27:23.966   4.99600000   4996.00025   0.49  -66.5   28.1  28.0 42.00  351.4   440.4  351.53   51.02   38.88   904.1  351.79   55.14   37.78  1443.8  352.25   59.93   36.34    1.8     52043.966     13.50   47.10740   39.80800  "Undefined"       0.0        0.25  0.00000000
04.04.2019 14:27:23.966   4.99600000   4996.00025   0.49  -66.5   28.1  28.0  9.00  353.5   965.0  353.61   55.72   38.10  1936.3  353.74   64.36   35.48  2908.1  354.00   72.94   30.77    1.3     52043.966     13.50   47.10740   39.80800  "Undefined"       0.0        0.25  0.00000000
04.04.2019 14:27:34.761   4.99600000   4996.00164   0.62  -64.3   29.3  28.0 49.80  357.8   414.1  357.91   50.83   39.59   870.2  358.16   54.93   39.37  1345.7  358.49   59.21   39.19    1.9     52054.761     13.50   47.10740   39.80800  "Undefined"       0.0        1.64  0.00000000
04.04.2019 14:27:34.761   4.99600000   4996.00164   0.62  -64.3   29.3  28.0 10.20  354.3   886.3  354.32   55.03   38.44  1778.9  354.42   63.00   36.43  2673.3  354.61   70.94   33.08    1.7     52054.761     13.50   47.10740   39.80800  "Undefined"       0.0        1.64  0.00000000
04.04.2019 14:27:45.612   4.99600000   4996.00243   0.62  -60.8   30.7  28.0 18.00  353.5   570.3  353.56   52.20   38.87  1145.4  353.63   57.33   37.70  1724.5  353.72   62.48   36.18    1.4     52065.612     13.50   47.10740   39.80800  "Undefined"       0.0        2.43  0.00000000
04.04.2019 14:27:56.365   4.99600000   4995.99837   0.40  -61.3   34.2  28.0 51.00  352.1   425.4  352.18   50.90   38.98   899.8  352.54   55.12   37.98  1373.9  353.10   59.35   36.92    1.5     52076.365     13.50   47.10740   39.80800  "Undefined"       0.0       -1.63  0.00000000
04.04.2019 14:27:56.365   4.99600000   4995.99837   0.40  -61.3   34.2  28.0 16.80  353.5   603.8  353.56   52.50   38.81  1212.3  353.64   57.93   37.55  1824.8  353.74   63.37   35.87    1.5     52076.365     13.50   47.10740   39.80800  "Undefined"       0.0       -1.63  0.00000000
04.04.2019 14:28:18.943   4.99600000   4996.00076   0.62  -57.0   34.5  28.0 13.80  353.5   707.8  353.58   53.43   38.62  1421.5  353.67   59.79   37.03  2138.7  353.80   66.16   34.76    1.2     52098.943     13.50   47.10740   39.80800  "Undefined"       0.0        0.76  0.00000000
04.04.2019 14:28:30.763   4.99600000   4996.00170   0.62  -60.6   28.9  28.0 10.80  353.5   851.0  353.57   54.71   38.33  1707.9  353.69   62.33   36.21  2566.8  353.88   69.94   32.81    1.3     52110.763     13.50   47.10740   39.80800  "Undefined"       0.0        1.70  0.00000000
04.04.2019 14:28:57.422   4.99600000   4996.00242   0.62  -62.0   25.6  28.0 10.20  352.8   886.2  352.88   55.01   38.09  1778.3  353.02   62.93   35.59  2671.5  353.25   70.80   31.44    1.2     52137.422     13.50   47.10740   39.80800  "Undefined"       0.0        2.42  0.00000000
04.04.2019 14:29:22.115   4.99600000   4995.99928   0.62  -60.3   27.2  28.0  7.80  352.8  1056.8  352.93   56.52   37.69  2120.0  353.10   65.95   34.28  3181.1  353.46   75.23   27.44    1.2     52162.115     13.50   47.10740   39.80800  "Undefined"       0.0       -0.72  0.00000000
04.04.2019 14:29:33.954   4.99600000   4995.99987   0.62  -57.7   31.8  28.0  7.80  352.8  1056.8  352.89   56.52   37.68  2119.9  353.06   65.95   34.25  3180.9  353.42   75.23   27.39    1.2     52173.954     13.50   47.10740   39.80800  "Undefined"       0.0       -0.13  0.00000000
04.04.2019 14:29:44.695   4.99600000   4995.99979   0.62  -61.0   32.5  28.0 11.40  352.8   818.2  352.90   54.40   38.25  1642.3  353.02   61.72   36.06  2468.4  353.21   69.02   32.64    1.3     52184.695     13.50   47.10740   39.80800  "Undefined"       0.0       -0.21  0.00000000
04.04.2019 14:29:55.553   4.99600000   4995.99987   0.11  -60.5   40.5  28.0 32.40  352.8   360.6  352.85   50.32   39.18   730.7  352.93   53.62   38.45  1116.4  353.02   57.06   37.58    2.0     52195.553     13.50   47.10740   39.80800  "Undefined"       0.0       -0.13  0.00000000
04.04.2019 14:30:07.373   4.99600000   4995.99996   0.11  -59.3   37.7  28.0 18.00  354.2   570.4  354.28   52.21   38.97  1145.6  354.34   57.35   37.94  1724.9  354.43   62.52   36.58    1.9     52207.373     13.50   47.10740   39.80800  "Undefined"       0.0       -0.04  0.00000000
04.04.2019 14:30:32.092   4.99600000   4995.99992   0.46  -53.1   41.7  28.0 13.20  353.5   732.7  353.58   53.65   38.57  1471.4  353.67   60.23   36.90  2213.4  353.82   66.82   34.46    1.2     52232.092     13.50   47.10740   39.80800  "Undefined"       0.0       -0.08  0.00000000
04.04.2019 14:30:42.878   4.99600000   4995.99991   0.46  -49.5   45.2  28.0 10.80  353.5   851.0  353.59   54.71   38.33  1708.0  353.70   62.34   36.22  2566.9  353.89   69.94   32.82    1.2     52242.878     13.50   47.10740   39.80800  "Undefined"       0.0       -0.09  0.00000000
04.04.2019 14:30:53.621   4.99600000   4995.99990   0.46  -51.6   43.2  28.0 10.20  352.8   886.1  352.89   55.01   38.09  1778.2  353.02   62.93   35.59  2671.4  353.26   70.80   31.45    1.2     52253.621     13.50   47.10740   39.80800  "Undefined"       0.0       -0.10  0.00000000
04.04.2019 14:31:16.336   4.99600000   4995.99990   0.46  -49.8   45.0  28.0 11.40  353.5   818.3  353.57   54.41   38.40  1642.6  353.68   61.75   36.41  2469.1  353.86   69.08   33.30    1.3     52276.336     13.50   47.10740   39.80800  "Undefined"       0.0       -0.10  0.00000000
04.04.2019 14:31:28.164   4.99600000   4995.99991   0.46  -47.2   47.5  28.0 12.00  353.5   787.7  353.59   54.14   38.46  1581.3  353.69   61.21   36.59  2377.7  353.85   68.27   33.75    1.2     52288.164     13.50   47.10740   39.80800  "Undefined"       0.0       -0.09  0.00000000
04.04.2019 14:31:40.036   4.99600000   4995.99990   0.46  -44.8   46.0  28.0 12.60  352.8   759.3  352.89   53.88   38.38  1524.5  353.00   60.68   36.42  2292.7  353.16   67.47   33.53    1.2     52300.036     13.50   47.10740   39.80800  "Undefined"       0.0       -0.10  0.00000000
04.04.2019 14:31:50.766   4.99600000   4995.99991   0.46  -47.7   45.1  28.0 12.00  352.8   787.6  352.87   54.13   38.31  1581.1  352.98   61.18   36.24  2377.1  353.16   68.21   33.09    1.2     52310.766     13.50   47.10740   39.80800  "Undefined"       0.0       -0.09  0.00000000
04.04.2019 14:32:02.671   4.99600000   4995.99992   0.46  -48.8   46.0  28.0 10.20  352.8   886.1  352.90   55.01   38.10  1778.3  353.03   62.93   35.60  2671.5  353.26   70.80   31.46    1.3     52322.671     13.50   47.10740   39.80800  "Undefined"       0.0       -0.08  0.00000000
04.04.2019 14:32:14.502   4.99600000   4995.99990   0.46  -49.1   45.6  28.0 11.40  352.8   818.2  352.90   54.40   38.25  1642.2  353.02   61.72   36.06  2468.3  353.21   69.02   32.64    1.2     52334.502     13.50   47.10740   39.80800  "Undefined"       0.0       -0.10  0.00000000
04.04.2019 14:32:25.388   4.99600000   4995.99989   0.46  -50.9   41.9  28.0 14.40  352.8   684.2  352.87   53.21   38.53  1373.7  352.96   59.34   36.86  2066.6  353.10   65.48   34.51    1.2     52345.388     13.50   47.10740   39.80800  "Undefined"       0.0       -0.11  0.00000000
04.04.2019 14:32:35.792   4.99600000   4995.99993   0.35  -55.7   43.3  28.0  8.40  354.2  1009.4  354.30   56.13   38.20  2025.6  354.43   65.19   35.66  3042.1  354.69   74.19   30.83    1.4     52355.792     13.50   47.10740   39.80800  "Undefined"      63.1       -0.07  0.00000000
04.04.2019 14:32:59.572   4.99600000   4995.99992   0.13  -55.6   42.6  28.0  7.80  353.5  1057.0  353.63   56.54   37.90  2120.4  353.78   66.00   34.82  3182.8  354.11   75.34   28.61    1.5     52379.572     13.50   47.10740   39.80800  "Undefined"       0.0       -0.08  0.00000000
04.04.2019 14:33:10.229   4.99600000   4995.89650   0.07  -91.7    9.5  28.0  8.40  353.5  1009.3  353.61   56.12   38.00  2025.2  353.75   65.15   35.16  3040.8  354.04   74.10   29.78    1.8     52390.229     13.50   47.10740   39.80800  "Undefined"       0.0     -103.50  0.00000000
04.04.2019 14:33:10.229   4.99600000   4995.99992   0.31  -53.2   41.4  28.0 13.80  354.2   707.9  354.30   53.44   38.75  1421.8  354.38   59.81   37.34  2139.3  354.50   66.20   35.32    1.5     52390.229     13.50   47.10740   39.80800  "Undefined"       0.0       -0.08  0.00000000
04.04.2019 14:33:47.006   4.99600000   4995.99989   0.20  -55.2   41.2  28.0 12.60  354.2   759.4  354.29   53.90   38.66  1525.1  354.38   60.73   37.08  2294.0  354.52   67.58   34.74    1.7     52427.006     13.50   47.10740   39.80800  "Undefined"       0.0       -0.11  0.00000000
04.04.2019 14:33:58.842   4.99600000   4995.99990   0.46  -51.8   40.4  28.0  9.60  352.8   924.0  352.90   55.34   38.01  1854.2  353.04   63.60   35.32  2784.9  353.29   71.79   30.70    1.4     52438.842     13.50   47.10740   39.80800  "Undefined"      62.7       -0.10  0.00000000
04.04.2019 14:34:09.594   4.99600000   4995.99991   0.46  -51.3   40.2  28.0 14.40  353.5   684.2  353.56   53.22   38.66  1373.9  353.64   59.36   37.14  2067.1  353.77   65.52   35.02    1.2     52449.594     13.50   47.10740   39.80800  "Undefined"      62.9       -0.09  0.00000000
04.04.2019 14:34:20.320   4.99600000   4995.99991   0.46  -50.4   41.9  28.0 12.60  352.8   759.3  352.86   53.88   38.37  1524.5  352.97   60.68   36.41  2292.7  353.14   67.47   33.50    1.2     52460.320     13.50   47.10740   39.80800  "Undefined"      62.3       -0.09  0.00000000
04.04.2019 14:34:45.233   4.99600000   4995.99991   0.46  -50.9   43.3  28.0  7.80  353.5  1056.9  353.59   56.54   37.89  2120.4  353.74   65.99   34.79  3182.6  354.07   75.33   28.54    1.3     52485.233     13.50   47.10740   39.80800  "Undefined"      62.9       -0.09  0.00000000
04.04.2019 14:34:45.233   4.99600000   4995.99991   0.46  -50.9   43.3  28.0 10.20  352.8   886.1  352.90   55.01   38.10  1778.3  353.03   62.93   35.60  2671.5  353.27   70.80   31.46    1.3     52485.233     13.50   47.10740   39.80800  "Undefined"      62.9       -0.09  0.00000000
04.04.2019 14:34:55.942   4.99600000   4995.99991   0.46  -50.2   44.5  28.0  6.60  353.5  1164.8  353.61   57.50   37.65  2336.5  353.80   67.90   33.89  3503.5  354.24   78.11   25.05    1.3     52495.942     13.50   47.10740   39.80800  "Undefined"       0.0       -0.09  0.00000000
04.04.2019 14:35:17.446   4.99600000   4995.99991   0.46  -48.4   46.4  28.0  7.80  352.8  1056.8  352.91   56.52   37.69  2119.9  353.09   65.95   34.27  3181.0  353.44   75.23   27.42    1.2     52517.446     13.50   47.10740   39.80800  "Undefined"       0.0       -0.09  0.00000000
04.04.2019 14:35:29.239   4.99600000   4995.99988   0.46  -48.5   42.3  28.0  9.60  353.5   924.2  353.58   55.36   38.18  1854.8  353.70   63.64   35.74  2786.7  353.94   71.87   31.54    1.2     52529.239     13.50   47.10740   39.80800  "Undefined"       0.0       -0.12  0.00000000
04.04.2019 14:35:42.146   4.99600000   4995.99988   0.46  -49.2   43.6  28.0 15.00  353.5   663.6  353.58   53.03   38.70  1331.7  353.66   58.99   37.26  2002.8  353.78   64.95   35.27    1.2     52542.146     13.50   47.10740   39.80800  "Undefined"       0.0       -0.12  0.00000000
04.04.2019 14:35:52.906   4.99600000   4995.99989   0.46  -48.1   42.7  28.0 10.80  353.5   852.1  353.59   54.72   38.33  1709.3  353.70   62.35   36.21  2567.9  353.89   69.95   32.81    1.2     52552.906     13.50   47.10740   39.80800  "Undefined"       0.0       -0.11  0.00000000
04.04.2019 14:36:04.316   4.99600000   4995.99991   0.46  -48.5   47.5  28.0  6.00  353.5  1226.0  353.64   58.05   37.51  2457.7  353.84   68.98   33.35  3681.9  354.36   79.64   22.45    1.3     52564.316     13.50   47.10740   39.80800  "Undefined"      62.0       -0.09  0.00000000
04.04.2019 14:36:29.885   4.99600000   4995.99990   0.46  -47.7   47.0  28.0 10.20  353.5   887.2  353.61   55.03   38.26  1779.6  353.73   62.97   36.01  2673.3  353.94   70.88   32.26    1.3     52589.885     13.50   47.10740   39.80800  "Undefined"       0.0       -0.10  0.00000000
04.04.2019 14:36:42.793   4.99600000   4995.99992   0.46  -47.4   46.5  28.0 11.40  353.5   819.6  353.58   54.43   38.39  1644.5  353.68   61.77   36.40  2471.2  353.86   69.10   33.30    1.2     52602.793     13.50   47.10740   39.80800  "Undefined"      62.5       -0.08  0.00000000
04.04.2019 14:36:54.674   4.99600000   4995.99991   0.46  -48.1   45.9  28.0 12.00  353.5   788.9  353.58   54.15   38.46  1583.1  353.68   61.23   36.58  2379.6  353.84   68.29   33.74    1.2     52614.674     13.50   47.10740   39.80800  "Undefined"      62.2       -0.09  0.00000000
04.04.2019 14:37:06.586   4.99600000   4995.99991   0.46  -49.4   42.6  28.0 48.00  348.5   400.1  348.63   50.63   38.69   832.0  348.96   54.43   37.35  1315.3  349.57   58.68   35.71    1.5     52626.586     13.50   47.10740   39.80800  "Undefined"      62.3       -0.09  0.00000000
04.04.2019 14:37:06.586   4.99600000   4995.99991   0.46  -49.4   42.6  28.0 11.40  352.8   819.5  352.89   54.41   38.24  1644.2  353.00   61.74   36.04  2470.5  353.20   69.04   32.62    1.5     52626.586     13.50   47.10740   39.80800  "Undefined"      62.3       -0.09  0.00000000
04.04.2019 14:37:19.567   4.99600000   4995.99993   0.46  -49.5   42.5  28.0 11.40  353.5   819.6  353.59   54.43   38.40  1644.5  353.70   61.77   36.41  2471.3  353.88   69.10   33.31    1.2     52639.567     13.50   47.10740   39.80800  "Undefined"      62.1       -0.07  0.00000000
04.04.2019 14:37:30.196   4.99600000   4995.99990   0.46  -48.1   45.8  28.0 13.20  352.8   733.7  352.87   53.65   38.43  1472.5  352.97   60.22   36.57  2213.8  353.13   66.78   33.87    1.2     52650.196     13.50   47.10740   39.80800  "Undefined"      62.7       -0.10  0.00000000
04.04.2019 14:37:42.029   4.99600000   4995.99992   0.46  -49.2   46.8  28.0  9.00  353.5   966.0  353.58   55.73   38.09  1937.3  353.72   64.37   35.46  2908.7  353.98   72.94   30.74    1.2     52662.029     13.50   47.10740   39.80800  "Undefined"      62.0       -0.08  0.00000000
04.04.2019 14:37:53.893   4.99600000   4995.99985   0.07  -87.8   15.4  28.0 14.40  353.5   685.5  353.57   53.23   38.66  1375.7  353.65   59.38   37.14  2068.7  353.78   65.54   35.02    1.4     52673.893     13.50   47.10740   39.80800  "Undefined"       0.0       -0.15  0.00000000
04.04.2019 14:38:06.934   4.99600000   4996.00013   0.07  -86.9   16.3  28.0 14.40  352.8   685.4  352.88   53.22   38.53  1375.5  352.97   59.36   36.86  2068.2  353.11   65.49   34.51    1.3     52686.934     13.50   47.10740   39.80800  "Undefined"       0.0        0.13  0.00000000
04.04.2019 14:38:19.475   4.99600000   4996.00043   0.07  -86.9   16.3  28.0 15.00  353.5   663.5  353.56   53.03   38.70  1331.7  353.64   58.99   37.25  2002.7  353.76   64.95   35.25    1.2     52699.475     13.50   47.10740   39.80800  "Undefined"       0.0        0.43  0.00000000
04.04.2019 14:38:31.362   4.99600000   4996.00008   0.07  -91.7    9.6  28.0  7.80  352.8  1057.6  352.89   56.53   37.68  2120.2  353.06   65.95   34.25  3180.5  353.42   75.23   27.39    1.5     52711.362     13.50   47.10740   39.80800  "Undefined"       0.0        0.08  0.00000000
04.04.2019 14:38:56.230   4.99600000   4995.99993   0.62  -54.7   39.9  28.0  6.60  353.5  1165.4  353.62   57.51   37.65  2336.3  353.80   67.90   33.90  3502.5  354.24   78.10   25.08    1.2     52736.230     13.50   47.10740   39.80800  "Undefined"      67.3       -0.07  0.00000000
04.04.2019 14:39:09.176   4.99600000   4995.81270   0.09  -93.5    8.5  28.0  9.00  351.4   965.7  351.48   55.68   37.53  1936.0  351.65   64.23   34.07  2904.9  351.98   72.66   27.91    1.7     52749.176     13.50   47.10740   39.80800  "Undefined"       0.0     -187.30  0.00000000
04.04.2019 14:39:36.178   4.99600000   4996.00009   0.62  -54.2   37.4  28.0 14.40  352.8   685.4  352.89   53.22   38.54  1375.4  352.98   59.36   36.86  2068.2  353.12   65.49   34.52    1.2     52776.178     13.50   47.10740   39.80800  "Undefined"       0.0        0.09  0.00000000
04.04.2019 14:39:52.319   4.99600000   4996.01814   0.42  -75.8   19.4  28.0 13.80  353.5   708.9  353.56   53.44   38.61  1422.8  353.65   59.80   37.02  2139.5  353.79   66.16   34.74    1.3     52792.319     13.50   47.10740   39.80800  "Undefined"       0.0       18.14  0.00000000
04.04.2019 14:40:06.417   4.99600000   4996.00224   0.07  -95.5    5.7  28.0 12.60  352.8   760.4  352.87   53.89   38.37  1525.8  352.98   60.69   36.41  2293.7  353.14   67.48   33.50    1.3     52806.417     13.50   47.10740   39.80800  "Undefined"       0.0        2.24  0.00000000
04.04.2019 14:40:19.315   4.99600000   4995.99672   0.58  -74.4   20.3  28.0 13.80  353.5   708.9  353.58   53.44   38.61  1422.8  353.67   59.80   37.03  2139.6  353.80   66.17   34.76    1.6     52819.315     13.50   47.10740   39.80800  "Undefined"      64.8       -3.28  0.00000000
04.04.2019 14:40:49.562   4.99600000   4995.99986   0.20  -63.5   30.9  28.0 16.80  354.2   605.2  354.28   52.52   38.92  1214.7  354.35   57.97   37.79  1827.5  354.44   63.43   36.29    1.5     52849.562     13.50   47.10740   39.80800  "Undefined"       0.0       -0.14  0.00000000
04.04.2019 14:41:01.431   4.99600000   4996.00033   0.07  -91.4   11.8  28.0 16.80  352.8   605.1  352.87   52.50   38.70  1214.4  352.95   57.93   37.30  1827.1  353.06   63.36   35.44    1.7     52861.431     13.50   47.10740   39.80800  "Undefined"       0.0        0.33  0.00000000
04.04.2019 14:41:15.508   4.99600000   4996.00079   0.07  -92.4   10.9  28.0 13.20  354.2   733.9  354.29   53.67   38.70  1473.0  354.37   60.27   37.21  2215.0  354.50   66.87   35.04    1.4     52875.508     13.50   47.10740   39.80800  "Undefined"       0.0        0.79  0.00000000
04.04.2019 14:41:30.593   4.99600000   4995.99987   0.13  -65.5   34.7  28.0  9.60  354.2   925.2  354.31   55.38   38.36  1855.7  354.42   63.68   36.20  2787.8  354.63   71.95   32.45    1.7     52890.593     13.50   47.10740   39.80800  "Undefined"       0.0       -0.13  0.00000000
04.04.2019 14:41:44.616   4.99600000   4996.00037   0.62  -62.0   31.5  28.0 12.00  352.8   788.9  352.88   54.14   38.31  1582.8  352.99   61.20   36.24  2378.9  353.17   68.23   33.09    1.4     52904.616     13.50   47.10740   39.80800  "Undefined"      -0.0        0.37  0.00000000
04.04.2019 14:41:56.580   4.99600000   4995.99982   0.62  -61.3   32.2  28.0 42.60  350.6   430.3  350.83   50.92   38.83   881.3  351.11   54.92   37.68  1399.4  351.57   59.51   36.20    1.4     52916.580     13.50   47.10740   39.80800  "Undefined"       0.0       -0.18  0.00000000
04.04.2019 14:41:56.580   4.99600000   4995.99982   0.62  -61.3   32.2  28.0 21.00  353.5   501.6  353.57   51.59   39.00  1007.1  353.63   56.10   38.01  1516.4  353.71   60.63   36.79    1.1     52916.580     13.50   47.10740   39.80800  "Undefined"       0.0       -0.18  0.00000000
04.04.2019 14:42:11.710   4.99600000   4996.00001   0.62  -59.1   34.4  28.0 19.80  353.5   527.3  353.56   51.82   38.95  1058.6  353.63   56.56   37.90  1593.5  353.71   61.32   36.57    1.3     52931.710     13.50   47.10740   39.80800  "Undefined"       0.0        0.01  0.00000000
04.04.2019 14:42:24.630   4.99600000   4995.99990   0.44  -63.5   31.5  28.0 45.00  350.6   409.2  350.81   50.74   38.88   835.9  351.07   54.52   37.80  1326.9  351.56   58.87   36.44    1.4     52944.630     13.50   47.10740   39.80800  "Undefined"       0.0       -0.10  0.00000000
04.04.2019 14:42:36.635   4.99600000   4995.99911   0.55  -60.1   34.0  28.0 51.00  349.2   432.1  349.37   50.92   38.67   919.6  349.80   55.22   37.25  1395.9  350.44   59.43   35.74    1.5     52956.635     13.50   47.10740   39.80800  "Undefined"       0.0       -0.89  0.00000000
04.04.2019 14:42:36.635   4.99600000   4995.99911   0.55  -60.1   34.0  28.0  8.40  353.5  1010.1  353.61   56.12   38.00  2025.6  353.75   65.15   35.16  3040.8  354.04   74.10   29.79    1.2     52956.635     13.50   47.10740   39.80800  "Undefined"       0.0       -0.89  0.00000000
04.04.2019 14:42:47.371   4.99600000   4996.00049   0.07  -88.5   14.8  28.0 18.60  353.5   555.9  353.57   52.07   38.90  1115.9  353.64   57.07   37.77  1679.3  353.73   62.08   36.32    1.4     52967.371     13.50   47.10740   39.80800  "Undefined"       0.0        0.49  0.00000000
04.04.2019 14:42:59.245   4.99600000   4996.00002   0.11  -62.6   38.4  28.0 45.00  350.6   409.2  350.81   50.74   38.88   835.9  351.07   54.52   37.80  1326.9  351.56   58.87   36.44    2.0     52979.245     13.50   47.10740   39.80800  "Undefined"      -0.0        0.02  0.00000000
04.04.2019 14:43:14.305   4.99600000   4995.99642   0.53  -68.6   25.6  28.0 44.40  349.2   414.1  349.38   50.76   38.72   845.9  349.67   54.57   37.46  1337.7  350.17   58.91   35.86    1.6     52994.305     13.50   47.10740   39.80800  "Undefined"       0.0       -3.58  0.00000000
04.04.2019 14:43:14.305   4.99600000   4995.99642   0.53  -68.6   25.6  28.0  8.40  353.5  1010.1  353.59   56.12   38.00  2025.6  353.74   65.15   35.15  3040.7  354.03   74.10   29.76    1.2     52994.305     13.50   47.10740   39.80800  "Undefined"       0.0       -3.58  0.00000000
04.04.2019 14:43:38.075   4.99600000   4996.00224   0.58  -62.9   29.0  28.0 24.60  352.8   438.4  352.84   51.02   39.03   880.6  352.91   54.96   38.11  1327.1  352.99   58.93   37.00    1.9     53018.075     13.50   47.10740   39.80800  "Undefined"       0.0        2.24  0.00000000
04.04.2019 14:43:50.929   4.99600000   4996.00007   0.38  -60.5   31.2  28.0 52.20  347.8   475.8  347.98   51.28   38.38   992.2  348.49   55.81   36.65  1468.1  349.17   59.99   34.88    2.0     53030.929     13.50   47.10740   39.80800  "Undefined"       0.0        0.07  0.00000000
04.04.2019 14:43:50.929   4.99600000   4996.00007   0.38  -60.5   31.2  28.0 18.60  353.5   555.9  353.56   52.07   38.90  1115.9  353.63   57.07   37.77  1679.4  353.72   62.08   36.32    1.7     53030.929     13.50   47.10740   39.80800  "Undefined"       0.0        0.07  0.00000000
04.04.2019 14:44:26.167   4.99600000   4996.00164   0.62  -63.5   26.1  28.0 15.60  354.2   643.0  354.28   52.86   38.85  1290.6  354.35   58.64   37.62  1941.4  354.45   64.44   35.95    1.3     53066.167     13.50   47.10740   39.80800  "Undefined"       0.0        1.64  0.00000000
04.04.2019 14:44:39.116   4.99600000   4996.00042   0.62  -58.6   30.9  28.0 17.40  353.5   587.9  353.55   52.36   38.84  1180.2  353.62   57.64   37.62  1775.9  353.72   62.94   36.01    1.2     53079.116     13.50   47.10740   39.80800  "Undefined"       0.0        0.42  0.00000000
04.04.2019 14:44:50.582   4.99600000   4996.00178   0.53  -69.4   22.8  28.0 16.20  349.9   623.2  350.01   52.62   38.21  1250.4  350.12   58.14   36.17  1880.0  350.28   63.65   33.46    1.4     53090.582     13.50   47.10740   39.80800  "Undefined"       0.0        1.78  0.00000000
04.04.2019 14:45:12.036   4.99600000   4995.99924   0.62  -60.0   31.5  28.0 49.21  351.4   413.1  351.50   50.78   38.94   867.3  351.84   54.82   37.89  1347.7  352.40   59.09   36.71    1.3     53112.036     13.50   47.10740   39.80800  "Undefined"       0.0       -0.76  0.00000000
04.04.2019 14:45:12.036   4.99600000   4995.99924   0.62  -60.0   31.5  28.0 16.20  353.5   623.2  353.56   52.67   38.77  1250.7  353.63   58.27   37.45  1881.2  353.74   63.87   35.68    1.2     53112.036     13.50   47.10740   39.80800  "Undefined"       0.0       -0.76  0.00000000
04.04.2019 14:45:23.952   4.99600000   4995.99922   0.49  -61.6   33.0  28.0 14.40  354.2   685.5  354.28   53.24   38.78  1375.9  354.35   59.40   37.43  2069.2  354.47   65.58   35.54    1.3     53123.952     13.50   47.10740   39.80800  "Undefined"       0.0       -0.78  0.00000000
04.04.2019 14:45:47.723   4.99600000   4996.00080   0.35  -62.8   29.2  28.0 51.00  351.4   432.3  351.52   50.95   38.90   917.6  351.91   55.26   37.78  1390.3  352.46   59.47   36.60    1.9     53147.723     13.50   47.10740   39.80800  "Undefined"       0.0        0.80  0.00000000
04.04.2019 14:45:47.723   4.99600000   4996.00080   0.35  -62.8   29.2  28.0 12.00  352.8   788.9  352.87   54.14   38.31  1582.8  352.98   61.19   36.23  2378.9  353.16   68.23   33.08    1.5     53147.723     13.50   47.10740   39.80800  "Undefined"       0.0        0.80  0.00000000
04.04.2019 14:45:58.494   4.99600000   4996.00040   0.07  -90.3   12.9  28.0  8.40  352.8  1010.0  352.91   56.11   37.81  2025.1  353.07   65.11   34.67  3039.3  353.39   74.01   28.75    1.3     53158.494     13.50   47.10740   39.80800  "Undefined"       0.0        0.40  0.00000000
04.04.2019 14:46:11.418   4.99600000   4996.00005   0.07  -85.5   17.7  28.0 17.40  352.8   587.9  352.87   52.35   38.74  1180.1  352.95   57.62   37.39  1775.7  353.06   62.91   35.62    1.3     53171.418     13.50   47.10740   39.80800  "Undefined"       0.0        0.05  0.00000000
04.04.2019 14:46:22.159   4.99600000   4995.99973   0.62  -54.5   33.0  28.0 55.20  353.5   393.7  353.63   50.63   39.19   825.5  353.84   54.48   38.44  1272.5  354.17   58.48   37.60    1.7     53182.159     13.50   47.10740   39.80800  "Undefined"       0.0       -0.27  0.00000000
04.04.2019 14:46:22.159   4.99600000   4995.99973   0.62  -54.5   33.0  28.0 18.00  352.8   571.3  352.86   52.20   38.77  1146.7  352.94   57.32   37.47  1725.5  353.04   62.46   35.79    1.4     53182.159     13.50   47.10740   39.80800  "Undefined"       0.0       -0.27  0.00000000
04.04.2019 14:46:32.934   4.99600000   4995.99878   0.62  -58.5   33.1  28.0 54.00  349.9   423.1  350.10   50.85   38.77   878.8  350.45   54.88   37.53  1344.1  350.97   59.00   36.15    1.6     53192.934     13.50   47.10740   39.80800  "Undefined"       0.0       -1.22  0.00000000
04.04.2019 14:46:32.934   4.99600000   4995.99878   0.62  -58.5   33.1  28.0  9.60  352.8   925.0  352.87   55.35   38.00  1854.9  353.01   63.60   35.30  2785.6  353.26   71.79   30.66    1.2     53192.934     13.50   47.10740   39.80800  "Undefined"       0.0       -1.22  0.00000000
04.04.2019 14:46:57.871   4.99600000   4995.99998   0.11  -62.1   34.9  28.0 12.00  352.8   788.9  352.87   54.14   38.31  1582.8  352.98   61.19   36.23  2378.9  353.16   68.23   33.08    1.7     53217.871     13.50   47.10740   39.80800  "Undefined"       0.0       -0.02  0.00000000
04.04.2019 14:47:08.618   4.99600000   4995.99912   0.62  -56.4   31.1  28.0 51.60  349.9   445.0  350.09   51.04   38.71   946.5  350.53   55.48   37.34  1419.2  351.13   59.67   35.94    1.7     53228.618     13.50   47.10740   39.80800  "Undefined"       0.0       -0.88  0.00000000
04.04.2019 14:47:08.618   4.99600000   4995.99912   0.62  -56.4   31.1  28.0 12.60  352.8   760.4  352.88   53.89   38.37  1525.8  352.98   60.69   36.41  2293.7  353.15   67.48   33.51    1.3     53228.618     13.50   47.10740   39.80800  "Undefined"       0.0       -0.88  0.00000000
04.04.2019 14:47:19.381   4.99600000   4996.00046   0.07  -86.2   17.0  28.0  8.40  352.1  1009.9  352.19   56.09   37.60  2024.6  352.36   65.06   34.16  3039.3  352.71   73.91   27.66    1.5     53239.381     13.50   47.10740   39.80800  "Undefined"       0.0        0.46  0.00000000
04.04.2019 14:47:30.121   4.99600000   4995.99993   0.62  -54.1   39.4  28.0 12.00  352.8   788.9  352.88   54.14   38.31  1582.8  352.99   61.20   36.24  2379.0  353.17   68.23   33.09    1.2     53250.121     13.50   47.10740   39.80800  "Undefined"       0.0       -0.07  0.00000000
04.04.2019 14:47:40.885   4.99600000   4995.99928   0.62  -53.7   39.8  28.0 12.00  352.8   788.8  352.87   54.14   38.31  1582.8  352.99   61.19   36.23  2378.8  353.17   68.23   33.09    1.2     53260.885     13.50   47.10740   39.80800  "Undefined"       0.0       -0.72  0.00000000
04.04.2019 14:47:51.646   4.99600000   4995.99999   0.62  -51.9   41.6  28.0 52.81  355.7   494.0  355.83   51.54   39.29   975.8  356.11   55.86   38.75  1430.0  356.43   59.94   38.22    1.4     53271.646     13.50   47.10740   39.80800  "Undefined"       0.0       -0.01  0.00000000
04.04.2019 14:47:51.646   4.99600000   4995.99999   0.62  -51.9   41.6  28.0 10.80  353.5   852.1  353.59   54.72   38.33  1709.3  353.70   62.35   36.21  2567.9  353.89   69.95   32.82    1.2     53271.646     13.50   47.10740   39.80800  "Undefined"       0.0       -0.01  0.00000000
04.04.2019 14:48:02.421   4.99600000   4995.99970   0.11  -83.5   17.6  28.0 10.80  353.5   852.2  353.59   54.72   38.33  1709.4  353.70   62.35   36.21  2568.1  353.90   69.95   32.82    1.2     53282.421     13.50   47.10740   39.80800  "Undefined"       0.0       -0.30  0.00000000
04.04.2019 14:48:13.194   4.99600000   4996.00008   0.62  -54.0   39.5  28.0 10.20  352.8   887.2  352.86   55.01   38.08  1779.3  352.99   62.93   35.57  2672.4  353.22   70.80   31.40    1.2     53293.194     13.50   47.10740   39.80800  "Undefined"       0.0        0.08  0.00000000
04.04.2019 14:48:23.937   4.99600000   4996.00023   0.62  -54.2   37.3  28.0 48.60  354.2   408.4  354.37   50.76   39.24   855.6  354.66   54.76   38.57  1337.4  355.11   59.08   37.83    1.4     53303.937     13.50   47.10740   39.80800  "Undefined"       0.0        0.23  0.00000000
04.04.2019 14:48:23.937   4.99600000   4996.00023   0.62  -54.2   37.3  28.0 13.80  352.8   708.8  352.88   53.43   38.48  1422.6  352.97   59.77   36.72  2139.0  353.12   66.12   34.21    1.2     53303.937     13.50   47.10740   39.80800  "Undefined"       0.0        0.23  0.00000000
04.04.2019 14:48:34.682   4.99600000   4995.99981   0.46  -57.2   37.6  28.0 50.41  352.8   424.4  352.94   50.89   39.06   897.3  353.30   55.11   38.17  1370.9  353.80   59.34   37.21    1.3     53314.682     13.50   47.10740   39.80800  "Undefined"       0.0       -0.19  0.00000000
04.04.2019 14:48:34.682   4.99600000   4995.99981   0.46  -57.2   37.6  28.0  9.60  352.8   925.0  352.91   55.35   38.01  1855.0  353.05   63.61   35.33  2785.7  353.31   71.80   30.71    1.2     53314.682     13.50   47.10740   39.80800  "Undefined"       0.0       -0.19  0.00000000
04.04.2019 14:48:45.592   4.99600000   4995.99983   0.24  -56.2   42.8  28.0 10.20  352.8   887.2  352.89   55.01   38.09  1779.3  353.02   62.94   35.59  2672.4  353.25   70.81   31.44    1.3     53325.592     13.50   47.10740   39.80800  "Undefined"      62.9       -0.17  0.00000000
04.04.2019 14:48:56.343   4.99600000   4995.99958   0.11  -83.5   17.5  28.0 50.41  353.5   424.4  353.66   50.90   39.14   896.7  354.00   55.12   38.34  1369.4  354.48   59.35   37.50    1.5     53336.343     13.50   47.10740   39.80800  "Undefined"       0.0       -0.42  0.00000000
04.04.2019 14:48:56.343   4.99600000   4995.99958   0.11  -83.5   17.5  28.0  7.80  354.2  1057.9  354.31   56.57   38.10  2121.3  354.45   66.04   35.34  3184.2  354.75   75.43   29.76    1.3     53336.343     13.50   47.10740   39.80800  "Undefined"       0.0       -0.42  0.00000000
04.04.2019 14:49:07.148   4.99600000   4996.00020   0.62  -55.0   32.5  28.0 54.00  353.5   422.8  353.67   50.89   39.14   874.4  353.94   54.92   38.37  1327.2  354.31   58.97   37.53    1.3     53347.148     13.50   47.10740   39.80800  "Undefined"       0.0        0.20  0.00000000
04.04.2019 14:49:07.148   4.99600000   4996.00020   0.62  -55.0   32.5  28.0 11.40  352.8   819.5  352.90   54.41   38.25  1644.3  353.02   61.74   36.05  2470.6  353.21   69.04   32.63    1.2     53347.148     13.50   47.10740   39.80800  "Undefined"       0.0        0.20  0.00000000
04.04.2019 14:49:21.157   4.99600000   4996.00058   0.62  -56.5   33.0  28.0 50.40  352.8   424.3  352.94   50.89   39.06   897.0  353.29   55.11   38.17  1370.7  353.80   59.34   37.21    1.5     53361.157     13.50   47.10740   39.80800  "Undefined"       0.0        0.58  0.00000000
04.04.2019 14:49:21.157   4.99600000   4996.00058   0.62  -56.5   33.0  28.0  5.40  352.8  1291.8  352.92   58.61   37.08  2588.8  353.17   70.07   31.88  3870.4  353.85   81.05   16.64    1.2     53361.157     13.50   47.10740   39.80800  "Undefined"       0.0        0.58  0.00000000
04.04.2019 14:49:33.005   4.99600000   4996.00004   0.46  -56.4   38.4  28.0  7.20  352.8  1109.2  352.91   56.99   37.56  2223.2  353.09   66.86   33.80  3333.4  353.50   76.54   25.75    1.4     53373.005     13.50   47.10740   39.80800  "Undefined"       0.0        0.04  0.00000000
04.04.2019 14:49:43.761   4.99600000   4995.77160   0.13  -86.5    7.7  28.0 19.20  353.5     0.0  353.52    0.00    0.00     0.0  353.52    0.00    0.00     0.0  353.52    0.00    0.00    1.7     53383.761     13.50   47.10740   39.80800  "Undefined"       0.0     -228.40  0.00000000
04.04.2019 14:49:43.761   4.99600000   4996.00014   0.40  -58.0   31.4  28.0 51.00  351.4   432.3  351.51   50.95   38.90   917.6  351.91   55.26   37.78  1390.4  352.46   59.47   36.60    1.6     53383.761     13.50   47.10740   39.80800  "Undefined"       0.0        0.14  0.00000000
04.04.2019 14:49:43.761   4.99600000   4996.00014   0.40  -58.0   31.4  28.0  7.80  352.8  1057.6  352.90   56.53   37.68  2120.2  353.07   65.95   34.26  3180.5  353.43   75.23   27.40    1.4     53383.761     13.50   47.10740   39.80800  "Undefined"       0.0        0.14  0.00000000
04.04.2019 14:49:55.747   4.99600000   4995.75172   0.62  -82.6   17.4  28.0 51.60  354.2   444.8  354.38   51.09   39.19   939.3  354.73   55.51   38.44  1404.0  355.14   59.68   37.71    1.9     53395.747     13.50   47.10740   39.80800  "Undefined"      63.7     -248.28  0.00000000
04.04.2019 14:49:55.747   4.99600000   4995.75172   0.62  -82.6   17.4  28.0 16.20  352.8   623.2  352.85   52.66   38.66  1250.5  352.93   58.25   37.19  1880.8  353.05   63.83   35.23    1.5     53395.747     13.50   47.10740   39.80800  "Undefined"      63.7     -248.28  0.00000000
04.04.2019 14:49:55.747   4.99600000   4995.99530   0.35  -61.1   32.9  28.0 13.80  352.8   708.8  352.87   53.43   38.48  1422.6  352.97   59.77   36.72  2139.0  353.11   66.12   34.21    1.5     53395.747     13.50   47.10740   39.80800  "Undefined"       0.0       -4.70  0.00000000
04.04.2019 14:49:55.747   4.99600000   4995.99530   0.35  -61.1   32.9  28.0 48.61  350.6   408.5  350.78   50.73   38.88   854.3  351.12   54.68   37.76  1337.2  351.69   58.97   36.46    1.4     53395.747     13.50   47.10740   39.80800  "Undefined"       0.0       -4.70  0.00000000
04.04.2019 14:50:07.629   4.99600000   4996.00372   0.31  -59.7   36.8  28.0  7.80  353.5  1057.8  353.61   56.55   37.89  2120.8  353.76   66.00   34.80  3182.4  354.09   75.34   28.58    1.5     53407.629     13.50   47.10740   39.80800  "Undefined"       0.0        3.72  0.00000000
04.04.2019 14:50:07.629   4.99600000   4996.00372   0.31  -59.7   36.8  28.0 48.60  352.8   408.4  352.93   50.75   39.09   855.2  353.24   54.74   38.24  1337.5  353.74   59.04   37.28    1.5     53407.629     13.50   47.10740   39.80800  "Undefined"       0.0        3.72  0.00000000
04.04.2019 14:50:19.505   4.99600000   4995.81738   0.62  -77.5   11.5  28.0 52.80  354.2   496.1  354.42   51.55   39.11   979.1  354.75   55.87   38.38  1436.4  355.13   59.96   37.63    1.4     53419.505     13.50   47.10740   39.80800  "Undefined"      63.0     -182.62  0.00000000
04.04.2019 14:50:19.505   4.99600000   4996.00124   0.29  -62.6   24.3  28.0 24.60  352.1   438.3  352.14   51.01   38.95   880.4  352.21   54.94   37.95  1326.8  352.30   58.90   36.73    1.9     53419.505     13.50   47.10740   39.80800  "Undefined"       0.0        1.24  0.00000000
04.04.2019 14:50:19.505   4.99600000   4996.00124   0.29  -62.6   24.3  28.0 50.40  353.5   424.3  353.67   50.90   39.14   896.5  354.01   55.12   38.34  1369.3  354.48   59.35   37.50    1.4     53419.505     13.50   47.10740   39.80800  "Undefined"       0.0        1.24  0.00000000
04.04.2019 14:50:32.531   4.99600000   4996.00065   0.33  -59.9   28.3  28.0 30.00  354.2   379.7  354.28   50.50   39.27   765.7  354.35   53.96   38.66  1159.7  354.42   57.48   37.93    1.7     53432.531     13.50   47.10740   39.80800  "Undefined"       0.0        0.65  0.00000000
04.04.2019 14:50:32.531   4.99600000   4996.00065   0.33  -59.9   28.3  28.0 50.40  355.0   433.3  355.22   50.99   39.29   873.6  355.63   54.94   38.77  1344.1  356.09   59.16   38.21    1.3     53432.531     13.50   47.10740   39.80800  "Undefined"       0.0        0.65  0.00000000
04.04.2019 14:50:44.398   4.99600000   4995.76577   0.15  -86.8    8.8  28.0 27.00  352.1   408.1  352.13   50.74   39.01   820.2  352.21   54.41   38.09  1236.9  352.29   58.10   37.00    2.0     53444.398     13.50   47.10740   39.80800  "Undefined"       0.0     -234.23  0.00000000
04.04.2019 14:50:56.359   4.99600000   4995.79286   0.15  -84.8   14.7  28.0 21.00  348.5   502.8  348.56   51.53   38.37  1008.7  348.66   55.96   36.63  1517.1  348.79   60.40   34.48    1.8     53456.359     13.50   47.10740   39.80800  "Undefined"       0.0     -207.14  0.00000000
04.04.2019 14:50:56.359   4.99600000   4995.79286   0.15  -84.8   14.7  28.0 52.19  354.2   447.0  354.92   51.11   39.24   870.9  355.45   54.91   38.73  1326.7  355.92   59.00   38.17    1.5     53456.359     13.50   47.10740   39.80800  "Undefined"       0.0     -207.14  0.00000000
04.04.2019 14:50:56.359   4.99600000   4996.00506   0.44  -65.4   29.6  28.0 30.00  349.9   379.3  349.99   50.46   38.88   764.2  350.08   53.86   37.80  1156.3  350.19   57.32   36.54    1.4     53456.359     13.50   47.10740   39.80800  "Undefined"       0.0        5.06  0.00000000
04.04.2019 14:51:08.289   4.99600000   4995.83456   0.20  -84.2   10.3  28.0 46.80  356.4   447.3  356.95   51.12   39.47   924.3  357.42   55.41   39.15  1417.5  357.81   59.84   38.85    1.5     53468.289     13.50   47.10740   39.80800  "Undefined"       0.0     -165.44  0.00000000
04.04.2019 14:51:08.289   4.99600000   4996.00520   0.22  -69.1   24.9  28.0 44.40  355.0   448.3  355.41   51.13   39.29   950.1  355.89   55.63   38.73  1456.4  356.32   60.17   38.13    1.9     53468.289     13.50   47.10740   39.80800  "Undefined"       0.0        5.20  0.00000000
04.04.2019 14:51:08.289   4.99600000   4996.00520   0.22  -69.1   24.9  28.0 57.00  354.2   357.4  354.72   50.31   39.35   740.3  355.13   53.74   38.85  1154.8  355.46   57.45   38.29    1.7     53468.289     13.50   47.10740   39.80800  "Undefined"       0.0        5.20  0.00000000
04.04.2019 14:51:20.164   4.99600000   4995.76535   0.11  -82.0   13.0  28.0 10.20  352.8   888.6  352.89   55.03   38.09  1782.2  353.03   62.96   35.58  2678.0  353.26   70.86   31.41    1.6     53480.164     13.50   47.10740   39.80800  "Undefined"       0.0     -234.65  0.00000000
04.04.2019 14:51:20.164   4.99600000   4995.99825   0.33  -60.5   29.7  28.0 49.20  351.4   436.2  352.10   50.99   38.95   889.4  352.78   55.03   38.06  1368.1  353.41   59.31   37.06    1.3     53480.164     13.50   47.10740   39.80800  "Undefined"       0.0       -1.75  0.00000000
04.04.2019 14:51:20.164   4.99600000   4995.99825   0.33  -60.5   29.7  28.0 20.40  352.8   515.5  352.88   51.71   38.88  1034.6  352.95   56.33   37.76  1556.6  353.04   60.97   36.34    1.3     53480.164     13.50   47.10740   39.80800  "Undefined"       0.0       -1.75  0.00000000
04.04.2019 14:51:33.105   4.99600000   4995.74894   0.62  -81.0   15.0  28.0 50.40  357.1   434.2  357.73   51.01   39.56   873.6  358.19   54.96   39.38  1338.0  358.54   59.14   39.22    1.7     53493.105     13.50   47.10740   39.80800  "Undefined"      62.6     -251.06  0.00000000
04.04.2019 14:51:33.105   4.99600000   4995.99972   0.35  -65.2   24.8  28.0 49.79  356.4   435.4  357.04   51.02   39.49   881.1  357.52   55.02   39.21  1351.2  357.92   59.25   38.95    1.3     53493.105     13.50   47.10740   39.80800  "Undefined"       0.0       -0.28  0.00000000
04.04.2019 14:51:46.189   4.99600000   4995.99677   0.33  -61.1   35.2  28.0 16.80  354.2   606.6  354.29   52.53   38.92  1217.0  354.35   57.99   37.79  1830.1  354.45   63.45   36.29    1.3     53506.189     13.50   47.10740   39.80800  "Undefined"       0.0       -3.23  0.00000000
04.04.2019 14:51:59.845   4.99600000   4996.00283   0.40  -58.7   36.8  28.0 51.00  354.2   435.8  354.93   51.01   39.26   870.6  355.49   54.91   38.74  1334.0  355.98   59.07   38.18    1.4     53519.845     13.50   47.10740   39.80800  "Undefined"       0.0        2.83  0.00000000
04.04.2019 14:51:59.845   4.99600000   4996.00283   0.40  -58.7   36.8  28.0 21.00  353.5   503.1  353.55   51.60   38.99  1009.7  353.61   56.12   38.00  1519.4  353.69   60.66   36.77    1.2     53519.845     13.50   47.10740   39.80800  "Undefined"       0.0        2.83  0.00000000
04.04.2019 14:52:12.792   4.99600000   4995.82479   0.20  -82.3   16.2  28.0 45.00  355.0   447.4  355.44   51.12   39.30   942.7  355.93   55.56   38.75  1447.1  356.38   60.09   38.17    1.9     53532.792     13.50   47.10740   39.80800  "Undefined"       0.0     -175.21  0.00000000
04.04.2019 14:52:12.792   4.99600000   4996.01027   0.20  -70.4   28.1  28.0 58.80  352.8   338.8  353.29   50.13   39.25   705.9  353.72   53.41   38.65  1107.5  354.08   57.00   37.93    1.7     53532.792     13.50   47.10740   39.80800  "Undefined"       0.0       10.27  0.00000000
04.04.2019 14:52:12.792   4.99600000   4996.01027   0.20  -70.4   28.1  28.0 27.00  352.1   408.1  352.14   50.74   39.01   820.3  352.21   54.41   38.09  1237.0  352.29   58.11   37.00    1.5     53532.792     13.50   47.10740   39.80800  "Undefined"       0.0       10.27  0.00000000
04.04.2019 14:52:24.621   4.99600000   4995.99222   0.31  -64.0   28.6  28.0 49.20  352.1   436.4  352.80   51.00   39.03   889.5  353.45   55.05   38.22  1367.7  354.05   59.32   37.33    1.3     53544.621     13.50   47.10740   39.80800  "Undefined"       0.0       -7.78  0.00000000
04.04.2019 14:52:24.621   4.99600000   4995.99222   0.31  -64.0   28.6  28.0 23.40  352.1   458.9  352.15   51.19   38.91   921.3  352.22   55.30   37.84  1387.1  352.31   59.43   36.55    1.2     53544.621     13.50   47.10740   39.80800  "Undefined"       0.0       -7.78  0.00000000
04.04.2019 14:52:37.497   4.99600000   4996.00254   0.55  -62.8   23.2  28.0 45.00  353.5   446.3  354.03   51.10   39.14   941.1  354.57   55.53   38.40  1444.1  355.08   60.03   37.60    1.2     53557.497     13.50   47.10740   39.80800  "Undefined"       0.0        2.54  0.00000000
04.04.2019 14:52:49.313   4.99600000   4995.99615   0.35  -63.6   28.3  28.0 51.59  356.4   437.6  357.03   51.04   39.48   865.4  357.49   54.88   39.22  1321.3  357.87   58.98   38.96    1.6     53569.313     13.50   47.10740   39.80800  "Undefined"       0.0       -3.85  0.00000000
04.04.2019 14:53:04.477   4.99600000   4995.99625   0.40  -58.8   34.7  28.0 49.80  355.0   435.4  355.62   51.01   39.33   881.7  356.16   55.02   38.89  1353.1  356.63   59.25   38.42    1.9     53584.477     13.50   47.10740   39.80800  "Undefined"       0.0       -3.75  0.00000000
04.04.2019 14:53:04.477   4.99600000   4995.99625   0.40  -58.8   34.7  28.0  9.60  352.8   926.5  352.90   55.36   38.00  1857.0  353.04   63.62   35.31  2788.1  353.30   71.82   30.68    1.3     53584.477     13.50   47.10740   39.80800  "Undefined"       0.0       -3.75  0.00000000
04.04.2019 14:53:27.197   4.99600000   4995.99937   0.20  -67.7   28.8  28.0  7.20  354.2  1110.4  354.32   57.03   38.00  2224.6  354.47   66.96   34.98  3337.2  354.81   76.77   28.41    1.7     53607.197     13.50   47.10740   39.80800  "Undefined"       0.0       -0.63  0.00000000
04.04.2019 14:53:41.182   4.99600000   4996.00190   0.62  -60.9   24.6  28.0 12.60  352.8   761.8  352.88   53.90   38.37  1527.5  352.99   60.70   36.41  2294.9  353.16   67.49   33.51    1.6     53621.182     13.50   47.10740   39.80800  "Undefined"       0.0        1.90  0.00000000
04.04.2019 14:53:52.652   4.99600000   4995.99981   0.62  -55.7   37.9  28.0 19.80  352.8   528.7  352.83   51.82   38.85  1060.9  352.90   56.56   37.68  1595.9  353.00   61.31   36.20    1.2     53632.652     13.50   47.10740   39.80800  "Undefined"       0.0       -0.19  0.00000000
04.04.2019 14:54:05.675   4.99600000   4995.99962   0.62  -56.6   34.9  28.0 15.60  353.5   644.2  353.57   52.86   38.73  1291.9  353.64   58.64   37.35  1942.0  353.76   64.41   35.47    1.2     53645.675     13.50   47.10740   39.80800  "Undefined"       0.0       -0.38  0.00000000
04.04.2019 14:54:17.522   4.99600000   4995.99918   0.60  -60.4   29.2  28.0 18.60  352.8   557.3  352.86   52.08   38.80  1118.0  352.94   57.07   37.54  1681.3  353.04   62.07   35.94    1.4     53657.522     13.50   47.10740   39.80800  "Undefined"       0.0       -0.82  0.00000000
04.04.2019 14:54:28.259   4.99600000   4996.15830   0.22  -84.4   13.6  28.0  6.60  355.7  1166.2  355.75   57.56   38.37  2336.7  355.88   68.03   35.86  3506.6  356.19   78.42   29.83    1.7     53668.259     13.50   47.10740   39.80800  "Undefined"       0.0      158.30  0.00000000
04.04.2019 14:54:28.259   4.99600000   4995.99844   0.29  -66.0   30.9  28.0 18.60  355.0   557.4  355.00   52.10   39.10  1118.6  355.06   57.12   38.22  1682.7  355.13   62.16   37.09    1.7     53668.259     13.50   47.10740   39.80800  "Undefined"       0.0       -1.56  0.00000000
04.04.2019 14:54:43.310   4.99600000   4996.00111   0.53  -63.0   31.2  28.0 28.80  354.2   389.3  354.29   50.59   39.26   783.7  354.35   54.12   38.63     0.0  354.24    0.00    0.00    1.3     53683.310     13.50   47.10740   39.80800  "Undefined"       0.0        1.11  0.00000000
04.04.2019 14:54:55.230   4.99600000   4995.99631   0.49  -60.5   34.1  28.0  9.00  353.5   967.3  353.61   55.74   38.09  1938.3  353.75   64.38   35.48  2909.5  354.00   72.95   30.77    2.0     53695.230     13.50   47.10740   39.80800  "Undefined"       0.0       -3.69  0.00000000
04.04.2019 14:55:08.150   4.99600000   4996.00051   0.62  -66.2   19.3  28.0 15.60  353.5   644.2  353.57   52.86   38.74  1292.0  353.65   58.64   37.35  1942.0  353.76   64.41   35.48    1.3     53708.150     13.50   47.10740   39.80800  "Undefined"       0.0        0.51  0.00000000
04.04.2019 14:55:20.013   4.99600000   4995.99876   0.62  -61.7   29.8  28.0 17.40  352.8   589.1  352.85   52.36   38.73  1181.8  352.92   57.64   37.38  1777.0  353.03   62.92   35.60    1.4     53720.013     13.50   47.10740   39.80800  "Undefined"       0.0       -1.24  0.00000000
04.04.2019 14:55:44.759   4.99600000   4996.00118   0.49  -63.2   29.3  28.0 26.40  352.8   415.4  352.87   50.81   39.07   834.9  352.94   54.55   38.22  1258.7  353.01   58.32   37.20    1.7     53744.759     13.50   47.10740   39.80800  "Undefined"       0.0        1.18  0.00000000
04.04.2019 14:55:56.815   4.99600000   4995.81598   0.18  -86.4    8.5  28.0 39.00  349.2   504.2  349.59   51.56   38.49  1072.3  350.11   56.58   36.81  1620.9  350.64   61.41   34.90    1.7     53756.815     13.50   47.10740   39.80800  "Undefined"       0.0     -184.02  0.00000000
04.04.2019 14:56:21.529   4.99600000   4996.00046   0.62  -57.2   36.4  28.0 16.80  352.1   606.5  352.17   52.51   38.59  1216.4  352.26   57.92   37.05  1828.5  352.38   63.34   35.01    1.2     53781.529     13.50   47.10740   39.80800  "Undefined"       0.0        0.46  0.00000000
04.04.2019 14:56:33.355   4.99600000   4996.00086   0.62  -57.8   33.8  28.0 10.20  352.8   888.6  352.87   55.03   38.08  1782.2  353.00   62.96   35.56  2678.0  353.23   70.85   31.38    1.2     53793.355     13.50   47.10740   39.80800  "Undefined"       0.0        0.86  0.00000000
04.04.2019 14:56:44.090   4.99600000   4996.00084   0.62  -59.8   33.7  28.0 42.60  352.8   465.5  353.24   51.26   39.02   989.7  353.76   55.95   38.09  1506.2  354.25   60.56   37.07    1.7     53804.090     13.50   47.10740   39.80800  "Undefined"       0.0        0.84  0.00000000
04.04.2019 14:56:44.090   4.99600000   4996.00084   0.62  -59.8   33.7  28.0 12.60  352.8   761.8  352.88   53.90   38.37  1527.5  352.99   60.70   36.41  2294.9  353.16   67.49   33.51    1.2     53804.090     13.50   47.10740   39.80800  "Undefined"       0.0        0.84  0.00000000
04.04.2019 14:56:56.108   4.99600000   4995.99870   0.44  -63.1   31.9  28.0 14.40  352.8   686.8  352.89   53.23   38.53  1377.3  352.98   59.37   36.86  2069.8  353.12   65.51   34.51    1.4     53816.108     13.50   47.10740   39.80800  "Undefined"       0.0       -1.30  0.00000000
04.04.2019 14:57:07.988   4.99600000   4996.15126   0.62  -80.6   16.9  28.0 24.60  353.5   440.1  353.57   51.04   39.10   884.0  353.63   55.00   38.27  1331.6  353.70   58.99   37.28    2.0     53827.988     13.50   47.10740   39.80800  "Undefined"      64.8      151.26  0.00000000
04.04.2019 14:57:19.849   4.99600000   4996.00313   0.18  -66.7   32.3  28.0 21.00  352.8   503.0  352.85   51.59   38.90  1009.6  352.92   56.10   37.81  1519.1  353.01   60.63   36.45    1.4     53839.849     13.50   47.10740   39.80800  "Undefined"       0.0        3.13  0.00000000
04.04.2019 14:57:30.561   4.99600000   4995.99891   0.35  -63.9   26.1  28.0 24.00  352.1   449.2  352.15   51.11   38.93   902.1  352.22   55.13   37.89  1358.4  352.31   59.18   36.64    2.0     53850.561     13.50   47.10740   39.80800  "Undefined"       0.0       -1.09  0.00000000
04.04.2019 14:57:46.797   4.99600000   4996.00139   0.62  -60.4   27.1  28.0 12.00  352.1   790.4  352.16   54.14   38.16  1584.9  352.28   61.18   35.87  2380.7  352.48   68.19   32.42    1.3     53866.797     13.50   47.10740   39.80800  "Undefined"       0.0        1.39  0.00000000
04.04.2019 14:57:58.715   4.99600000   4995.99992   0.62  -59.1   26.4  28.0 13.80  352.8   710.3  352.86   53.44   38.48  1424.6  352.96   59.79   36.71  2140.7  353.10   66.13   34.19    1.7     53878.715     13.50   47.10740   39.80800  "Undefined"       0.0       -0.08  0.00000000
04.04.2019 14:58:09.465   4.99600000   4995.75059   0.09  -84.7   17.3  28.0 15.60  353.5   644.2  353.58   52.86   38.74  1291.9  353.66   58.64   37.36  1941.9  353.77   64.41   35.48    1.7     53889.465     13.50   47.10740   39.80800  "Undefined"       0.0     -249.41  0.00000000
04.04.2019 14:58:09.465   4.99600000   4995.99769   0.53  -60.9   33.3  28.0  8.40  353.5  1011.3  353.59   56.13   37.99  2026.4  353.73   65.16   35.15  3041.2  354.03   74.10   29.75    1.2     53889.465     13.50   47.10740   39.80800  "Undefined"       0.0       -2.31  0.00000000
04.04.2019 14:58:21.290   4.99600000   4996.00114   0.62  -61.3   32.3  28.0 22.20  352.8   479.8  352.83   51.39   38.95   963.2  352.90   55.69   37.91  1450.0  352.98   60.02   36.65    1.2     53901.290     13.50   47.10740   39.80800  "Undefined"       0.0        1.14  0.00000000
04.04.2019 14:58:32.039   4.99600000   4996.00516   0.62  -63.9   21.7  28.0 21.60  352.8   491.2  352.85   51.49   38.93   985.9  352.92   55.89   37.87  1483.8  353.00   60.32   36.55    1.4     53912.039     13.50   47.10740   39.80800  "Undefined"       0.0        5.16  0.00000000
04.04.2019 14:58:42.808   4.99600000   4996.00032   0.62  -63.4   24.2  28.0 13.80  354.2   710.5  354.30   53.46   38.74  1425.0  354.38   59.84   37.33  2141.8  354.50   66.22   35.31    1.3     53922.808     13.50   47.10740   39.80800  "Undefined"       0.0        0.32  0.00000000
04.04.2019 14:58:55.842   4.99600000   4996.00308   0.62  -60.1   27.5  28.0 45.60  350.6   447.9  351.25   51.09   38.83   936.2  351.91   55.43   37.73  1434.9  352.54   59.87   36.50    1.3     53935.842     13.50   47.10740   39.80800  "Undefined"       0.0        3.08  0.00000000
04.04.2019 14:58:55.842   4.99600000   4996.00308   0.62  -60.1   27.5  28.0 21.00  352.8   503.0  352.87   51.59   38.91  1009.6  352.94   56.10   37.82  1519.1  353.03   60.63   36.46    1.2     53935.842     13.50   47.10740   39.80800  "Undefined"       0.0        3.08  0.00000000
04.04.2019 14:59:07.745   4.99600000   4995.99991   0.62  -61.0   30.6  28.0 22.20  352.8   479.9  352.88   51.39   38.95   963.3  352.95   55.69   37.93  1450.0  353.03   60.02   36.67    1.3     53947.745     13.50   47.10740   39.80800  "Undefined"       0.0       -0.09  0.00000000
04.04.2019 14:59:18.488   4.99600000   4995.99833   0.62  -62.9   24.6  28.0 27.00  352.1   408.1  352.12   50.74   39.01   820.2  352.20   54.41   38.09  1236.9  352.28   58.10   37.00    1.3     53958.488     13.50   47.10740   39.80800  "Undefined"       0.0       -1.67  0.00000000
04.04.2019 14:59:43.246   4.99600000   4996.00046   0.62  -65.9   23.6  28.0 25.80  350.6   423.1  350.70   50.86   38.83   849.7  350.78   54.63   37.70  1280.2  350.88   58.43   36.34    1.5     53983.246     13.50   47.10740   39.80800  "Undefined"      -0.0        0.46  0.00000000
