fr              MODE       IOX        СКОР       СКОА       СР         СА         СУ         AED        AEAZ       RED        REAZ       IG         TEC       
5.3330          E          0          207.378    136.967    876.810    215.833    12.046     185.990    136.967    17.500     38.823     81.989     8.900000e+16  
5.3330          F1         0          207.378    136.967    876.810    215.833    12.046     185.990    136.967    17.500     38.823     81.989     8.900000e+16  
5.3330          F2         0          0.000      0.000      -nan       -nan       -nan       nan        nan        nan        nan        81.989     8.900000e+16 


fr              MODE       IOX        СКОР       СКОА       СР         СА         СУ         AED        AEAZ       RED        REAZ       IG         TEC       
5.3330          E          0          207.357    136.967    876.852    215.833    12.045     185.948    136.967    17.496     38.823     -13.068    0.000000e+00  
5.3330          F1         0          207.357    136.967    876.852    215.833    12.045     185.948    136.967    17.496     38.823     -13.068    0.000000e+00  
5.3330          F2         0          0.000      0.000      -nan       -nan       -nan       nan        nan        nan        nan        -13.068    0.000000e+00 


fr              MODE       IOX        СКОР       СКОА       СР         СА         СУ         AED        AEAZ       RED        REAZ       IG         TEC       
5.3330          E          0          124.702    136.796    959.764    216.004    10.502     103.036    136.796    9.695      38.774     81.989     8.900000e+16  
5.3330          F1         0          124.702    136.796    959.764    216.004    10.502     103.036    136.796    9.695      38.774     81.989     8.900000e+16  
5.3330          F2         0          0.000      0.000      -nan       -nan       -nan       nan        nan        nan        nan        81.989     8.900000e+16 


fr              MODE       IOX        СКОР       СКОА       СР         СА         СУ         AED        AEAZ       RED        REAZ       IG         TEC       
5.3330          E          0          124.665    136.796    959.839    216.004    10.500     102.961    136.796    9.688      38.774     -13.068    0.000000e+00  
5.3330          F1         0          124.665    136.796    959.839    216.004    10.500     102.961    136.796    9.688      38.774     -13.068    0.000000e+00  
5.3330          F2         0          0.000      0.000      -nan       -nan       -nan       nan        nan        nan        nan        -13.068    0.000000e+00 


fr              MODE       IOX        СКОР       СКОА       СР         СА         СУ         AED        AEAZ       RED        REAZ       IG         TEC       
5.3330          E          0          124.702    136.796    959.764    216.004    10.502     103.036    136.796    9.695      38.774     81.989     8.900000e+16  
5.3330          F1         0          124.702    136.796    959.764    216.004    10.502     103.036    136.796    9.695      38.774     81.989     8.900000e+16  
5.3330          F2         0          0.000      0.000      -nan       -nan       -nan       nan        nan        nan        nan        81.989     8.900000e+16 


fr              MODE       IOX        СКОР       СКОА       СР         СА         СУ         AED        AEAZ       RED        REAZ       IG         TEC       
5.3330          E          0          124.665    136.796    959.839    216.004    10.500     102.961    136.796    9.688      38.774     -13.068    0.000000e+00  
5.3330          F1         0          124.665    136.796    959.839    216.004    10.500     102.961    136.796    9.688      38.774     -13.068    0.000000e+00  
5.3330          F2         0          0.000      0.000      -nan       -nan       -nan       nan        nan        nan        nan        -13.068    0.000000e+00 


fr              MODE       IOX        СКОР       СКОА       СР         СА         СУ         AED        AEAZ       RED        REAZ       IG         TEC       
5.3330          E          0          124.702    136.796    959.764    216.004    10.502     103.036    136.796    9.695      38.774     81.989     8.900000e+16  
5.3330          F1         0          124.702    136.796    959.764    216.004    10.502     103.036    136.796    9.695      38.774     81.989     8.900000e+16  
5.3330          F2         0          0.000      0.000      -nan       -nan       -nan       nan        nan        nan        nan        81.989     8.900000e+16 


fr              MODE       IOX        СКОР       СКОА       СР         СА         СУ         AED        AEAZ       RED        REAZ       IG         TEC       
5.3330          E          0          124.665    136.796    959.839    216.004    10.500     102.961    136.796    9.688      38.774     -13.068    0.000000e+00  
5.3330          F1         0          124.665    136.796    959.839    216.004    10.500     102.961    136.796    9.688      38.774     -13.068    0.000000e+00  
5.3330          F2         0          0.000      0.000      -nan       -nan       -nan       nan        nan        nan        nan        -13.068    0.000000e+00 


fr              MODE       IOX        СКОР       СКОА       СР         СА         СУ         AED        AEAZ       RED        REAZ       IG         TEC       
5.3330          E          0          0.000      0.000      -nan       -nan       -nan       nan        nan        nan        nan        86.386     8.900000e+16  
5.3330          F1         0          0.000      0.000      -nan       -nan       -nan       nan        nan        nan        nan        86.386     8.900000e+16  
5.3330          F2         0          0.000      0.000      -nan       -nan       -nan       nan        nan        nan        nan        86.386     8.900000e+16 


fr              MODE       IOX        СКОР       СКОА       СР         СА         СУ         AED        AEAZ       RED        REAZ       IG         TEC       
5.3330          E          0          0.000      0.000      -nan       -nan       -nan       nan        nan        nan        nan        -13.068    0.000000e+00  
5.3330          F1         0          0.000      0.000      -nan       -nan       -nan       nan        nan        nan        nan        -13.068    0.000000e+00  
5.3330          F2         0          0.000      0.000      -nan       -nan       -nan       nan        nan        nan        nan        -13.068    0.000000e+00 


fr              MODE       IOX        СКОР       СКОА       СР         СА         СУ         AED        AEAZ       RED        REAZ       IG         TEC       
5.3330          E          0          0.000      0.000      -nan       -nan       -nan       nan        nan        nan        nan        86.386     8.900000e+16  
5.3330          F1         0          0.000      0.000      -nan       -nan       -nan       nan        nan        nan        nan        86.386     8.900000e+16  
5.3330          F2         0          0.000      0.000      -nan       -nan       -nan       nan        nan        nan        nan        86.386     8.900000e+16 


fr              MODE       IOX        СКОР       СКОА       СР         СА         СУ         AED        AEAZ       RED        REAZ       IG         TEC       
5.3330          E          0          0.000      0.000      -nan       -nan       -nan       nan        nan        nan        nan        -13.068    0.000000e+00  
5.3330          F1         0          0.000      0.000      -nan       -nan       -nan       nan        nan        nan        nan        -13.068    0.000000e+00  
5.3330          F2         0          0.000      0.000      -nan       -nan       -nan       nan        nan        nan        nan        -13.068    0.000000e+00 


fr              MODE       IOX        СКОР       СКОА       СР         СА         СУ         AED        AEAZ       RED        REAZ       IG         TEC       
5.3330          E          0          0.000      0.000      -nan       -nan       -nan       nan        nan        nan        nan        86.386     8.900000e+16  
5.3330          F1         0          0.000      0.000      -nan       -nan       -nan       nan        nan        nan        nan        86.386     8.900000e+16  
5.3330          F2         0          0.000      0.000      -nan       -nan       -nan       nan        nan        nan        nan        86.386     8.900000e+16 


fr              MODE       IOX        СКОР       СКОА       СР         СА         СУ         AED        AEAZ       RED        REAZ       IG         TEC       
5.3330          E          0          0.000      0.000      -nan       -nan       -nan       nan        nan        nan        nan        -13.068    0.000000e+00  
5.3330          F1         0          0.000      0.000      -nan       -nan       -nan       nan        nan        nan        nan        -13.068    0.000000e+00  
5.3330          F2         0          0.000      0.000      -nan       -nan       -nan       nan        nan        nan        nan        -13.068    0.000000e+00 


fr              MODE       IOX        СКОР       СКОА       СР         СА         СУ         AED        AEAZ       RED        REAZ       IG         TEC       
5.3330          E          0          113.391    0.826      939.029    215.595    11.708     50.971     0.405      5.149      0.187      86.386     8.900000e+16  
5.3330          F1         0          113.391    0.826      939.029    215.595    11.708     50.971     0.405      5.149      0.187      86.386     8.900000e+16  
5.3330          F2         0          0.000      0.000      -nan       -nan       -nan       nan        nan        nan        nan        86.386     8.900000e+16 


fr              MODE       IOX        СКОР       СКОА       СР         СА         СУ         AED        AEAZ       RED        REAZ       IG         TEC       
5.3330          E          0          113.380    0.826      939.027    215.595    11.708     50.973     0.405      5.149      0.187      -13.068    0.000000e+00  
5.3330          F1         0          113.380    0.826      939.027    215.595    11.708     50.973     0.405      5.149      0.187      -13.068    0.000000e+00  
5.3330          F2         0          0.000      0.000      -nan       -nan       -nan       nan        nan        nan        nan        -13.068    0.000000e+00 


fr              MODE       IOX        СКОР       СКОА       СР         СА         СУ         AED        AEAZ       RED        REAZ       IG         TEC       
5.3330          E          0          0.000      0.000      -nan       -nan       -nan       nan        nan        nan        nan        86.386     8.900000e+16  
5.3330          F1         0          0.000      0.000      -nan       -nan       -nan       nan        nan        nan        nan        86.386     8.900000e+16  
5.3330          F2         0          0.000      0.000      -nan       -nan       -nan       nan        nan        nan        nan        86.386     8.900000e+16 


fr              MODE       IOX        СКОР       СКОА       СР         СА         СУ         AED        AEAZ       RED        REAZ       IG         TEC       
5.3330          E          0          0.000      0.000      -nan       -nan       -nan       nan        nan        nan        nan        86.386     8.900000e+16  
5.3330          F1         0          0.000      0.000      -nan       -nan       -nan       nan        nan        nan        nan        86.386     8.900000e+16  
5.3330          F2         0          0.000      0.000      -nan       -nan       -nan       nan        nan        nan        nan        86.386     8.900000e+16 


fr              MODE       IOX        СКОР       СКОА       СР         СА         СУ         AED        AEAZ       RED        REAZ       IG         TEC       
5.3330          E          0          0.000      0.000      -nan       -nan       -nan       nan        nan        nan        nan        -13.068    0.000000e+00  
5.3330          F1         0          0.000      0.000      -nan       -nan       -nan       nan        nan        nan        nan        -13.068    0.000000e+00  
5.3330          F2         0          0.000      0.000      -nan       -nan       -nan       nan        nan        nan        nan        -13.068    0.000000e+00 


