fr              MODE       IOX        СКОР       СКОА       СР         СА         СУ         AED        AEAZ       RED        REAZ       IG         TEC       
5.3330          E          0          501.280    138.006    589.803    214.799    19.197     472.997    138.001    44.505     39.116     13.897     9.300000e+16  
5.3330          F1         0          501.280    138.006    589.803    214.799    19.197     472.997    138.001    44.505     39.116     13.897     9.300000e+16  
5.3330          F2         0          0.000      0.000      -nan       -nan       -nan       nan        nan        nan        nan        13.897     9.300000e+16 


fr              MODE       IOX        СКОР       СКОА       СР         СА         СУ         AED        AEAZ       RED        REAZ       IG         TEC       
5.3330          E          0          499.064    138.006    592.375    214.799    19.196     470.425    138.001    44.263     39.116     -13.068    0.000000e+00  
5.3330          F1         0          499.064    138.006    592.375    214.799    19.196     470.425    138.001    44.263     39.116     -13.068    0.000000e+00  
5.3330          F2         0          676.234    138.314    390.334    214.492    35.217     672.466    138.308    63.273     39.203     -13.068    0.000000e+00 


fr              MODE       IOX        СКОР       СКОА       СР         СА         СУ         AED        AEAZ       RED        REAZ       IG         TEC       
5.3330          E          0          144.314    137.153    947.966    215.648    9.326      114.834    137.152    10.805     38.875     13.897     9.300000e+16  
5.3330          F1         0          144.314    137.153    947.966    215.648    9.326      114.834    137.152    10.805     38.875     13.897     9.300000e+16  
5.3330          F2         0          0.000      0.000      -nan       -nan       -nan       nan        nan        nan        nan        13.897     9.300000e+16 


fr              MODE       IOX        СКОР       СКОА       СР         СА         СУ         AED        AEAZ       RED        REAZ       IG         TEC       
5.3330          E          0          146.698    137.131    945.510    215.670    9.417      117.290    137.130    11.036     38.869     -13.068    0.000000e+00  
5.3330          F1         0          146.698    137.131    945.510    215.670    9.417      117.290    137.130    11.036     38.869     -13.068    0.000000e+00  
5.3330          F2         0          0.000      0.000      -nan       -nan       -nan       nan        nan        nan        nan        -13.068    0.000000e+00 


fr              MODE       IOX        СКОР       СКОА       СР         СА         СУ         AED        AEAZ       RED        REAZ       IG         TEC       
5.3330          E          0          144.314    137.153    947.966    215.648    9.326      114.834    137.152    10.805     38.875     13.897     9.300000e+16  
5.3330          F1         0          144.314    137.153    947.966    215.648    9.326      114.834    137.152    10.805     38.875     13.897     9.300000e+16  
5.3330          F2         0          0.000      0.000      -nan       -nan       -nan       nan        nan        nan        nan        13.897     9.300000e+16 


fr              MODE       IOX        СКОР       СКОА       СР         СА         СУ         AED        AEAZ       RED        REAZ       IG         TEC       
5.3330          E          0          146.698    137.131    945.510    215.670    9.417      117.290    137.130    11.036     38.869     -13.068    0.000000e+00  
5.3330          F1         0          146.698    137.131    945.510    215.670    9.417      117.290    137.130    11.036     38.869     -13.068    0.000000e+00  
5.3330          F2         0          0.000      0.000      -nan       -nan       -nan       nan        nan        nan        nan        -13.068    0.000000e+00 


fr              MODE       IOX        СКОР       СКОА       СР         СА         СУ         AED        AEAZ       RED        REAZ       IG         TEC       
5.3330          E          0          144.314    137.153    947.966    215.648    9.326      114.834    137.152    10.805     38.875     13.897     9.300000e+16  
5.3330          F1         0          144.314    137.153    947.966    215.648    9.326      114.834    137.152    10.805     38.875     13.897     9.300000e+16  
5.3330          F2         0          0.000      0.000      -nan       -nan       -nan       nan        nan        nan        nan        13.897     9.300000e+16 


fr              MODE       IOX        СКОР       СКОА       СР         СА         СУ         AED        AEAZ       RED        REAZ       IG         TEC       
5.3330          E          0          146.698    137.131    945.510    215.670    9.417      117.290    137.130    11.036     38.869     -13.068    0.000000e+00  
5.3330          F1         0          146.698    137.131    945.510    215.670    9.417      117.290    137.130    11.036     38.869     -13.068    0.000000e+00  
5.3330          F2         0          0.000      0.000      -nan       -nan       -nan       nan        nan        nan        nan        -13.068    0.000000e+00 


fr              MODE       IOX        СКОР       СКОА       СР         СА         СУ         AED        AEAZ       RED        REAZ       IG         TEC       
5.3330          E          0          0.000      0.000      -nan       -nan       -nan       nan        nan        nan        nan        -13.068    9.300000e+16  
5.3330          F1         0          0.000      0.000      -nan       -nan       -nan       nan        nan        nan        nan        -13.068    9.300000e+16  
5.3330          F2         0          0.000      0.000      -nan       -nan       -nan       nan        nan        nan        nan        -13.068    9.300000e+16 


fr              MODE       IOX        СКОР       СКОА       СР         СА         СУ         AED        AEAZ       RED        REAZ       IG         TEC       
5.3330          E          0          0.000      0.000      -nan       -nan       -nan       nan        nan        nan        nan        -13.068    0.000000e+00  
5.3330          F1         0          0.000      0.000      -nan       -nan       -nan       nan        nan        nan        nan        -13.068    0.000000e+00  
5.3330          F2         0          0.000      0.000      -nan       -nan       -nan       nan        nan        nan        nan        -13.068    0.000000e+00 


fr              MODE       IOX        СКОР       СКОА       СР         СА         СУ         AED        AEAZ       RED        REAZ       IG         TEC       
5.3330          E          0          0.000      0.000      -nan       -nan       -nan       nan        nan        nan        nan        -13.068    9.300000e+16  
5.3330          F1         0          0.000      0.000      -nan       -nan       -nan       nan        nan        nan        nan        -13.068    9.300000e+16  
5.3330          F2         0          0.000      0.000      -nan       -nan       -nan       nan        nan        nan        nan        -13.068    9.300000e+16 


fr              MODE       IOX        СКОР       СКОА       СР         СА         СУ         AED        AEAZ       RED        REAZ       IG         TEC       
5.3330          E          0          0.000      0.000      -nan       -nan       -nan       nan        nan        nan        nan        -13.068    0.000000e+00  
5.3330          F1         0          0.000      0.000      -nan       -nan       -nan       nan        nan        nan        nan        -13.068    0.000000e+00  
5.3330          F2         0          0.000      0.000      -nan       -nan       -nan       nan        nan        nan        nan        -13.068    0.000000e+00 


fr              MODE       IOX        СКОР       СКОА       СР         СА         СУ         AED        AEAZ       RED        REAZ       IG         TEC       
5.3330          E          0          0.000      0.000      -nan       -nan       -nan       nan        nan        nan        nan        -13.068    9.300000e+16  
5.3330          F1         0          0.000      0.000      -nan       -nan       -nan       nan        nan        nan        nan        -13.068    9.300000e+16  
5.3330          F2         0          0.000      0.000      -nan       -nan       -nan       nan        nan        nan        nan        -13.068    9.300000e+16 


fr              MODE       IOX        СКОР       СКОА       СР         СА         СУ         AED        AEAZ       RED        REAZ       IG         TEC       
5.3330          E          0          0.000      0.000      -nan       -nan       -nan       nan        nan        nan        nan        -13.068    0.000000e+00  
5.3330          F1         0          0.000      0.000      -nan       -nan       -nan       nan        nan        nan        nan        -13.068    0.000000e+00  
5.3330          F2         0          0.000      0.000      -nan       -nan       -nan       nan        nan        nan        nan        -13.068    0.000000e+00 


fr              MODE       IOX        СКОР       СКОА       СР         СА         СУ         AED        AEAZ       RED        REAZ       IG         TEC       
5.3330          E          0          120.677    0.704      916.536    215.567    10.160     73.464     0.433      7.421      0.201      -13.068    9.300000e+16  
5.3330          F1         0          120.677    0.704      916.536    215.567    10.160     73.464     0.433      7.421      0.201      -13.068    9.300000e+16  
5.3330          F2         0          0.000      0.000      -nan       -nan       -nan       nan        nan        nan        nan        -13.068    9.300000e+16 


fr              MODE       IOX        СКОР       СКОА       СР         СА         СУ         AED        AEAZ       RED        REAZ       IG         TEC       
5.3330          E          0          128.690    0.705      905.684    215.565    10.161     84.316     0.435      8.517      0.201      -13.068    0.000000e+00  
5.3330          F1         0          128.690    0.705      905.684    215.565    10.161     84.316     0.435      8.517      0.201      -13.068    0.000000e+00  
5.3330          F2         0          0.000      0.000      -nan       -nan       -nan       nan        nan        nan        nan        -13.068    0.000000e+00 


fr              MODE       IOX        СКОР       СКОА       СР         СА         СУ         AED        AEAZ       RED        REAZ       IG         TEC       
5.3330          E          0          0.000      0.000      -nan       -nan       -nan       nan        nan        nan        nan        -13.068    9.300000e+16  
5.3330          F1         0          0.000      0.000      -nan       -nan       -nan       nan        nan        nan        nan        -13.068    9.300000e+16  
5.3330          F2         0          0.000      0.000      -nan       -nan       -nan       nan        nan        nan        nan        -13.068    9.300000e+16 


fr              MODE       IOX        СКОР       СКОА       СР         СА         СУ         AED        AEAZ       RED        REAZ       IG         TEC       
5.3330          E          0          0.000      0.000      -nan       -nan       -nan       nan        nan        nan        nan        -13.068    0.000000e+00  
5.3330          F1         0          0.000      0.000      -nan       -nan       -nan       nan        nan        nan        nan        -13.068    0.000000e+00  
5.3330          F2         0          0.000      0.000      -nan       -nan       -nan       nan        nan        nan        nan        -13.068    0.000000e+00 


