fr              MODE       IOX        СКОР       СКОА       СР         СА         СУ         AED        AEAZ       RED        REAZ       IG         TEC       
5.3330          E          0          317.169    137.093    796.411    215.707    13.076     266.389    137.093    25.065     38.858     32.666     1.010000e+17  
5.3330          F1         0          317.169    137.093    796.411    215.707    13.076     266.389    137.093    25.065     38.858     32.666     1.010000e+17  
5.3330          F2         0          0.000      0.000      -nan       -nan       -nan       nan        nan        nan        nan        32.666     1.010000e+17 


fr              MODE       IOX        СКОР       СКОА       СР         СА         СУ         AED        AEAZ       RED        REAZ       IG         TEC       
5.3330          E          0          317.024    137.093    796.922    215.708    13.063     265.878    137.092    25.017     38.858     -13.068    0.000000e+00  
5.3330          F1         0          317.024    137.093    796.922    215.708    13.063     265.878    137.092    25.017     38.858     -13.068    0.000000e+00  
5.3330          F2         0          0.000      0.000      -nan       -nan       -nan       nan        nan        nan        nan        -13.068    0.000000e+00 


fr              MODE       IOX        СКОР       СКОА       СР         СА         СУ         AED        AEAZ       RED        REAZ       IG         TEC       
5.3330          E          0          117.108    137.030    991.989    215.770    8.974      70.811     137.030    6.663      38.841     32.666     1.010000e+17  
5.3330          F1         0          117.108    137.030    991.989    215.770    8.974      70.811     137.030    6.663      38.841     32.666     1.010000e+17  
5.3330          F2         0          0.000      0.000      -nan       -nan       -nan       nan        nan        nan        nan        32.666     1.010000e+17 


fr              MODE       IOX        СКОР       СКОА       СР         СА         СУ         AED        AEAZ       RED        REAZ       IG         TEC       
5.3330          E          0          117.096    137.030    992.938    215.771    8.954      69.862     137.029    6.573      38.840     -13.068    0.000000e+00  
5.3330          F1         0          117.096    137.030    992.938    215.771    8.954      69.862     137.029    6.573      38.840     -13.068    0.000000e+00  
5.3330          F2         0          0.000      0.000      -nan       -nan       -nan       nan        nan        nan        nan        -13.068    0.000000e+00 


fr              MODE       IOX        СКОР       СКОА       СР         СА         СУ         AED        AEAZ       RED        REAZ       IG         TEC       
5.3330          E          0          117.108    137.030    991.989    215.770    8.974      70.811     137.030    6.663      38.841     32.666     1.010000e+17  
5.3330          F1         0          117.108    137.030    991.989    215.770    8.974      70.811     137.030    6.663      38.841     32.666     1.010000e+17  
5.3330          F2         0          0.000      0.000      -nan       -nan       -nan       nan        nan        nan        nan        32.666     1.010000e+17 


fr              MODE       IOX        СКОР       СКОА       СР         СА         СУ         AED        AEAZ       RED        REAZ       IG         TEC       
5.3330          E          0          117.096    137.030    992.938    215.771    8.954      69.862     137.029    6.573      38.840     -13.068    0.000000e+00  
5.3330          F1         0          117.096    137.030    992.938    215.771    8.954      69.862     137.029    6.573      38.840     -13.068    0.000000e+00  
5.3330          F2         0          0.000      0.000      -nan       -nan       -nan       nan        nan        nan        nan        -13.068    0.000000e+00 


fr              MODE       IOX        СКОР       СКОА       СР         СА         СУ         AED        AEAZ       RED        REAZ       IG         TEC       
5.3330          E          0          117.108    137.030    991.989    215.770    8.974      70.811     137.030    6.663      38.841     32.666     1.010000e+17  
5.3330          F1         0          117.108    137.030    991.989    215.770    8.974      70.811     137.030    6.663      38.841     32.666     1.010000e+17  
5.3330          F2         0          0.000      0.000      -nan       -nan       -nan       nan        nan        nan        nan        32.666     1.010000e+17 


fr              MODE       IOX        СКОР       СКОА       СР         СА         СУ         AED        AEAZ       RED        REAZ       IG         TEC       
5.3330          E          0          117.096    137.030    992.938    215.771    8.954      69.862     137.029    6.573      38.840     -13.068    0.000000e+00  
5.3330          F1         0          117.096    137.030    992.938    215.771    8.954      69.862     137.029    6.573      38.840     -13.068    0.000000e+00  
5.3330          F2         0          0.000      0.000      -nan       -nan       -nan       nan        nan        nan        nan        -13.068    0.000000e+00 


fr              MODE       IOX        СКОР       СКОА       СР         СА         СУ         AED        AEAZ       RED        REAZ       IG         TEC       
5.3330          E          0          0.000      0.000      -nan       -nan       -nan       nan        nan        nan        nan        27.148     1.010000e+17  
5.3330          F1         0          0.000      0.000      -nan       -nan       -nan       nan        nan        nan        nan        27.148     1.010000e+17  
5.3330          F2         0          0.000      0.000      -nan       -nan       -nan       nan        nan        nan        nan        27.148     1.010000e+17 


fr              MODE       IOX        СКОР       СКОА       СР         СА         СУ         AED        AEAZ       RED        REAZ       IG         TEC       
5.3330          E          0          0.000      0.000      -nan       -nan       -nan       nan        nan        nan        nan        -13.068    0.000000e+00  
5.3330          F1         0          0.000      0.000      -nan       -nan       -nan       nan        nan        nan        nan        -13.068    0.000000e+00  
5.3330          F2         0          0.000      0.000      -nan       -nan       -nan       nan        nan        nan        nan        -13.068    0.000000e+00 


fr              MODE       IOX        СКОР       СКОА       СР         СА         СУ         AED        AEAZ       RED        REAZ       IG         TEC       
5.3330          E          0          0.000      0.000      -nan       -nan       -nan       nan        nan        nan        nan        27.148     1.010000e+17  
5.3330          F1         0          0.000      0.000      -nan       -nan       -nan       nan        nan        nan        nan        27.148     1.010000e+17  
5.3330          F2         0          0.000      0.000      -nan       -nan       -nan       nan        nan        nan        nan        27.148     1.010000e+17 


fr              MODE       IOX        СКОР       СКОА       СР         СА         СУ         AED        AEAZ       RED        REAZ       IG         TEC       
5.3330          E          0          0.000      0.000      -nan       -nan       -nan       nan        nan        nan        nan        -13.068    0.000000e+00  
5.3330          F1         0          0.000      0.000      -nan       -nan       -nan       nan        nan        nan        nan        -13.068    0.000000e+00  
5.3330          F2         0          0.000      0.000      -nan       -nan       -nan       nan        nan        nan        nan        -13.068    0.000000e+00 


fr              MODE       IOX        СКОР       СКОА       СР         СА         СУ         AED        AEAZ       RED        REAZ       IG         TEC       
5.3330          E          0          0.000      0.000      -nan       -nan       -nan       nan        nan        nan        nan        27.148     1.010000e+17  
5.3330          F1         0          0.000      0.000      -nan       -nan       -nan       nan        nan        nan        nan        27.148     1.010000e+17  
5.3330          F2         0          0.000      0.000      -nan       -nan       -nan       nan        nan        nan        nan        27.148     1.010000e+17 


fr              MODE       IOX        СКОР       СКОА       СР         СА         СУ         AED        AEAZ       RED        REAZ       IG         TEC       
5.3330          E          0          0.000      0.000      -nan       -nan       -nan       nan        nan        nan        nan        -13.068    0.000000e+00  
5.3330          F1         0          0.000      0.000      -nan       -nan       -nan       nan        nan        nan        nan        -13.068    0.000000e+00  
5.3330          F2         0          0.000      0.000      -nan       -nan       -nan       nan        nan        nan        nan        -13.068    0.000000e+00 


fr              MODE       IOX        СКОР       СКОА       СР         СА         СУ         AED        AEAZ       RED        REAZ       IG         TEC       
5.3330          E          0          116.783    0.485      930.620    215.730    9.889      59.380     0.270      5.998      0.125      27.148     1.010000e+17  
5.3330          F1         0          116.783    0.485      930.620    215.730    9.889      59.380     0.270      5.998      0.125      27.148     1.010000e+17  
5.3330          F2         0          0.000      0.000      -nan       -nan       -nan       nan        nan        nan        nan        27.148     1.010000e+17 


fr              MODE       IOX        СКОР       СКОА       СР         СА         СУ         AED        AEAZ       RED        REAZ       IG         TEC       
5.3330          E          0          116.734    0.486      931.873    215.731    9.860      58.127     0.269      5.871      0.124      -13.068    0.000000e+00  
5.3330          F1         0          116.734    0.486      931.873    215.731    9.860      58.127     0.269      5.871      0.124      -13.068    0.000000e+00  
5.3330          F2         0          0.000      0.000      -nan       -nan       -nan       nan        nan        nan        nan        -13.068    0.000000e+00 


fr              MODE       IOX        СКОР       СКОА       СР         СА         СУ         AED        AEAZ       RED        REAZ       IG         TEC       
5.3330          E          0          0.000      0.000      -nan       -nan       -nan       nan        nan        nan        nan        27.148     1.010000e+17  
5.3330          F1         0          0.000      0.000      -nan       -nan       -nan       nan        nan        nan        nan        27.148     1.010000e+17  
5.3330          F2         0          0.000      0.000      -nan       -nan       -nan       nan        nan        nan        nan        27.148     1.010000e+17 


fr              MODE       IOX        СКОР       СКОА       СР         СА         СУ         AED        AEAZ       RED        REAZ       IG         TEC       
5.3330          E          0          0.000      0.000      -nan       -nan       -nan       nan        nan        nan        nan        -13.068    0.000000e+00  
5.3330          F1         0          0.000      0.000      -nan       -nan       -nan       nan        nan        nan        nan        -13.068    0.000000e+00  
5.3330          F2         0          0.000      0.000      -nan       -nan       -nan       nan        nan        nan        nan        -13.068    0.000000e+00 


