fr              MODE       IOX        СКОР       СКОА       СР         СА         СУ         AED        AEAZ       RED        REAZ       IG         TEC       
5.3330          E          0          379.301    137.245    769.307    215.556    14.048     293.493    137.244    27.615     38.901     29.725     1.140000e+17  
5.3330          F1         0          379.301    137.245    769.307    215.556    14.048     293.493    137.244    27.615     38.901     29.725     1.140000e+17  
5.3330          F2         0          641.984    137.963    421.586    214.871    47.221     641.214    137.929    60.333     39.096     29.725     1.140000e+17 


fr              MODE       IOX        СКОР       СКОА       СР         СА         СУ         AED        AEAZ       RED        REAZ       IG         TEC       
5.3330          E          0          375.721    137.245    775.127    215.556    14.049     287.673    137.244    27.067     38.901     -13.068    0.000000e+00  
5.3330          F1         0          375.721    137.245    775.127    215.556    14.049     287.673    137.244    27.067     38.901     -13.068    0.000000e+00  
5.3330          F2         0          562.616    137.737    503.092    215.083    41.986     559.708    137.717    52.664     39.035     -13.068    0.000000e+00 


fr              MODE       IOX        СКОР       СКОА       СР         СА         СУ         AED        AEAZ       RED        REAZ       IG         TEC       
5.3330          E          0          114.136    137.135    1034.172   215.666    8.102      28.628     137.134    2.694      38.870     29.725     1.140000e+17  
5.3330          F1         0          114.136    137.135    1034.172   215.666    8.102      28.628     137.134    2.694      38.870     29.725     1.140000e+17  
5.3330          F2         0          0.000      0.000      -nan       -nan       -nan       nan        nan        nan        nan        29.725     1.140000e+17 


fr              MODE       IOX        СКОР       СКОА       СР         СА         СУ         AED        AEAZ       RED        REAZ       IG         TEC       
5.3330          E          0          112.787    137.135    1041.414   215.666    8.103      21.386     137.134    2.012      38.870     -13.068    0.000000e+00  
5.3330          F1         0          112.787    137.135    1041.414   215.666    8.103      21.386     137.134    2.012      38.870     -13.068    0.000000e+00  
5.3330          F2         0          0.000      0.000      -nan       -nan       -nan       nan        nan        nan        nan        -13.068    0.000000e+00 


fr              MODE       IOX        СКОР       СКОА       СР         СА         СУ         AED        AEAZ       RED        REAZ       IG         TEC       
5.3330          E          0          114.136    137.135    1034.172   215.666    8.102      28.628     137.134    2.694      38.870     29.725     1.140000e+17  
5.3330          F1         0          114.136    137.135    1034.172   215.666    8.102      28.628     137.134    2.694      38.870     29.725     1.140000e+17  
5.3330          F2         0          0.000      0.000      -nan       -nan       -nan       nan        nan        nan        nan        29.725     1.140000e+17 


fr              MODE       IOX        СКОР       СКОА       СР         СА         СУ         AED        AEAZ       RED        REAZ       IG         TEC       
5.3330          E          0          112.787    137.135    1041.414   215.666    8.103      21.386     137.134    2.012      38.870     -13.068    0.000000e+00  
5.3330          F1         0          112.787    137.135    1041.414   215.666    8.103      21.386     137.134    2.012      38.870     -13.068    0.000000e+00  
5.3330          F2         0          0.000      0.000      -nan       -nan       -nan       nan        nan        nan        nan        -13.068    0.000000e+00 


fr              MODE       IOX        СКОР       СКОА       СР         СА         СУ         AED        AEAZ       RED        REAZ       IG         TEC       
5.3330          E          0          114.136    137.135    1034.172   215.666    8.102      28.628     137.134    2.694      38.870     29.725     1.140000e+17  
5.3330          F1         0          114.136    137.135    1034.172   215.666    8.102      28.628     137.134    2.694      38.870     29.725     1.140000e+17  
5.3330          F2         0          0.000      0.000      -nan       -nan       -nan       nan        nan        nan        nan        29.725     1.140000e+17 


fr              MODE       IOX        СКОР       СКОА       СР         СА         СУ         AED        AEAZ       RED        REAZ       IG         TEC       
5.3330          E          0          112.787    137.135    1041.414   215.666    8.103      21.386     137.134    2.012      38.870     -13.068    0.000000e+00  
5.3330          F1         0          112.787    137.135    1041.414   215.666    8.103      21.386     137.134    2.012      38.870     -13.068    0.000000e+00  
5.3330          F2         0          0.000      0.000      -nan       -nan       -nan       nan        nan        nan        nan        -13.068    0.000000e+00 


fr              MODE       IOX        СКОР       СКОА       СР         СА         СУ         AED        AEAZ       RED        REAZ       IG         TEC       
5.3330          E          0          0.000      0.000      -nan       -nan       -nan       nan        nan        nan        nan        11.549     1.140000e+17  
5.3330          F1         0          0.000      0.000      -nan       -nan       -nan       nan        nan        nan        nan        11.549     1.140000e+17  
5.3330          F2         0          0.000      0.000      -nan       -nan       -nan       nan        nan        nan        nan        11.549     1.140000e+17 


fr              MODE       IOX        СКОР       СКОА       СР         СА         СУ         AED        AEAZ       RED        REAZ       IG         TEC       
5.3330          E          0          0.000      0.000      -nan       -nan       -nan       nan        nan        nan        nan        -13.068    0.000000e+00  
5.3330          F1         0          0.000      0.000      -nan       -nan       -nan       nan        nan        nan        nan        -13.068    0.000000e+00  
5.3330          F2         0          0.000      0.000      -nan       -nan       -nan       nan        nan        nan        nan        -13.068    0.000000e+00 


fr              MODE       IOX        СКОР       СКОА       СР         СА         СУ         AED        AEAZ       RED        REAZ       IG         TEC       
5.3330          E          0          0.000      0.000      -nan       -nan       -nan       nan        nan        nan        nan        11.549     1.140000e+17  
5.3330          F1         0          0.000      0.000      -nan       -nan       -nan       nan        nan        nan        nan        11.549     1.140000e+17  
5.3330          F2         0          0.000      0.000      -nan       -nan       -nan       nan        nan        nan        nan        11.549     1.140000e+17 


fr              MODE       IOX        СКОР       СКОА       СР         СА         СУ         AED        AEAZ       RED        REAZ       IG         TEC       
5.3330          E          0          0.000      0.000      -nan       -nan       -nan       nan        nan        nan        nan        -13.068    0.000000e+00  
5.3330          F1         0          0.000      0.000      -nan       -nan       -nan       nan        nan        nan        nan        -13.068    0.000000e+00  
5.3330          F2         0          0.000      0.000      -nan       -nan       -nan       nan        nan        nan        nan        -13.068    0.000000e+00 


fr              MODE       IOX        СКОР       СКОА       СР         СА         СУ         AED        AEAZ       RED        REAZ       IG         TEC       
5.3330          E          0          0.000      0.000      -nan       -nan       -nan       nan        nan        nan        nan        11.549     1.140000e+17  
5.3330          F1         0          0.000      0.000      -nan       -nan       -nan       nan        nan        nan        nan        11.549     1.140000e+17  
5.3330          F2         0          0.000      0.000      -nan       -nan       -nan       nan        nan        nan        nan        11.549     1.140000e+17 


fr              MODE       IOX        СКОР       СКОА       СР         СА         СУ         AED        AEAZ       RED        REAZ       IG         TEC       
5.3330          E          0          0.000      0.000      -nan       -nan       -nan       nan        nan        nan        nan        -13.068    0.000000e+00  
5.3330          F1         0          0.000      0.000      -nan       -nan       -nan       nan        nan        nan        nan        -13.068    0.000000e+00  
5.3330          F2         0          0.000      0.000      -nan       -nan       -nan       nan        nan        nan        nan        -13.068    0.000000e+00 


fr              MODE       IOX        СКОР       СКОА       СР         СА         СУ         AED        AEAZ       RED        REAZ       IG         TEC       
5.3330          E          0          0.000      0.000      -nan       -nan       -nan       nan        nan        nan        nan        11.549     1.140000e+17  
5.3330          F1         0          0.000      0.000      -nan       -nan       -nan       nan        nan        nan        nan        11.549     1.140000e+17  
5.3330          F2         0          0.000      0.000      -nan       -nan       -nan       nan        nan        nan        nan        11.549     1.140000e+17 


fr              MODE       IOX        СКОР       СКОА       СР         СА         СУ         AED        AEAZ       RED        REAZ       IG         TEC       
5.3330          E          0          0.000      0.000      -nan       -nan       -nan       nan        nan        nan        nan        -13.068    0.000000e+00  
5.3330          F1         0          0.000      0.000      -nan       -nan       -nan       nan        nan        nan        nan        -13.068    0.000000e+00  
5.3330          F2         0          0.000      0.000      -nan       -nan       -nan       nan        nan        nan        nan        -13.068    0.000000e+00 


fr              MODE       IOX        СКОР       СКОА       СР         СА         СУ         AED        AEAZ       RED        REAZ       IG         TEC       
5.3330          E          0          0.000      0.000      -nan       -nan       -nan       nan        nan        nan        nan        11.549     1.140000e+17  
5.3330          F1         0          0.000      0.000      -nan       -nan       -nan       nan        nan        nan        nan        11.549     1.140000e+17  
5.3330          F2         0          0.000      0.000      -nan       -nan       -nan       nan        nan        nan        nan        11.549     1.140000e+17 


fr              MODE       IOX        СКОР       СКОА       СР         СА         СУ         AED        AEAZ       RED        REAZ       IG         TEC       
5.3330          E          0          0.000      0.000      -nan       -nan       -nan       nan        nan        nan        nan        -13.068    0.000000e+00  
5.3330          F1         0          0.000      0.000      -nan       -nan       -nan       nan        nan        nan        nan        -13.068    0.000000e+00  
5.3330          F2         0          0.000      0.000      -nan       -nan       -nan       nan        nan        nan        nan        -13.068    0.000000e+00 


fr              MODE       IOX        СКОР       СКОА       СР         СА         СУ         AED        AEAZ       RED        REAZ       IG         TEC       
5.3330          E          0          111.520    0.474      968.742    215.681    9.085      21.258     0.319      2.147      0.148      11.549     1.140000e+17  
5.3330          F1         0          111.520    0.474      968.742    215.681    9.085      21.258     0.319      2.147      0.148      11.549     1.140000e+17  
5.3330          F2         0          0.000      0.000      -nan       -nan       -nan       nan        nan        nan        nan        11.549     1.140000e+17 


fr              MODE       IOX        СКОР       СКОА       СР         СА         СУ         AED        AEAZ       RED        REAZ       IG         TEC       
5.3330          E          0          111.234    0.474      970.870    215.681    9.085      19.130     0.319      1.932      0.148      -13.068    0.000000e+00  
5.3330          F1         0          111.234    0.474      970.870    215.681    9.085      19.130     0.319      1.932      0.148      -13.068    0.000000e+00  
5.3330          F2         0          0.000      0.000      -nan       -nan       -nan       nan        nan        nan        nan        -13.068    0.000000e+00 


fr              MODE       IOX        СКОР       СКОА       СР         СА         СУ         AED        AEAZ       RED        REAZ       IG         TEC       
5.3330          E          0          111.520    0.474      968.742    215.681    9.085      21.258     0.319      2.147      0.148      11.549     1.140000e+17  
5.3330          F1         0          111.520    0.474      968.742    215.681    9.085      21.258     0.319      2.147      0.148      11.549     1.140000e+17  
5.3330          F2         0          0.000      0.000      -nan       -nan       -nan       nan        nan        nan        nan        11.549     1.140000e+17 


fr              MODE       IOX        СКОР       СКОА       СР         СА         СУ         AED        AEAZ       RED        REAZ       IG         TEC       
5.3330          E          0          111.234    0.474      970.870    215.681    9.085      19.130     0.319      1.932      0.148      -13.068    0.000000e+00  
5.3330          F1         0          111.234    0.474      970.870    215.681    9.085      19.130     0.319      1.932      0.148      -13.068    0.000000e+00  
5.3330          F2         0          0.000      0.000      -nan       -nan       -nan       nan        nan        nan        nan        -13.068    0.000000e+00 


fr              MODE       IOX        СКОР       СКОА       СР         СА         СУ         AED        AEAZ       RED        REAZ       IG         TEC       
5.3330          E          0          111.520    0.474      968.742    215.681    9.085      21.258     0.319      2.147      0.148      11.549     1.140000e+17  
5.3330          F1         0          111.520    0.474      968.742    215.681    9.085      21.258     0.319      2.147      0.148      11.549     1.140000e+17  
5.3330          F2         0          0.000      0.000      -nan       -nan       -nan       nan        nan        nan        nan        11.549     1.140000e+17 


fr              MODE       IOX        СКОР       СКОА       СР         СА         СУ         AED        AEAZ       RED        REAZ       IG         TEC       
5.3330          E          0          111.234    0.474      970.870    215.681    9.085      19.130     0.319      1.932      0.148      -13.068    0.000000e+00  
5.3330          F1         0          111.234    0.474      970.870    215.681    9.085      19.130     0.319      1.932      0.148      -13.068    0.000000e+00  
5.3330          F2         0          0.000      0.000      -nan       -nan       -nan       nan        nan        nan        nan        -13.068    0.000000e+00 


fr              MODE       IOX        СКОР       СКОА       СР         СА         СУ         AED        AEAZ       RED        REAZ       IG         TEC       
5.3330          E          0          111.520    0.474      968.742    215.681    9.085      21.258     0.319      2.147      0.148      11.549     1.140000e+17  
5.3330          F1         0          111.520    0.474      968.742    215.681    9.085      21.258     0.319      2.147      0.148      11.549     1.140000e+17  
5.3330          F2         0          0.000      0.000      -nan       -nan       -nan       nan        nan        nan        nan        11.549     1.140000e+17 


fr              MODE       IOX        СКОР       СКОА       СР         СА         СУ         AED        AEAZ       RED        REAZ       IG         TEC       
5.3330          E          0          111.234    0.474      970.870    215.681    9.085      19.130     0.319      1.932      0.148      -13.068    0.000000e+00  
5.3330          F1         0          111.234    0.474      970.870    215.681    9.085      19.130     0.319      1.932      0.148      -13.068    0.000000e+00  
5.3330          F2         0          0.000      0.000      -nan       -nan       -nan       nan        nan        nan        nan        -13.068    0.000000e+00 


fr              MODE       IOX        СКОР       СКОА       СР         СА         СУ         AED        AEAZ       RED        REAZ       IG         TEC       
5.3330          E          0          0.000      0.000      -nan       -nan       -nan       nan        nan        nan        nan        11.549     1.140000e+17  
5.3330          F1         0          0.000      0.000      -nan       -nan       -nan       nan        nan        nan        nan        11.549     1.140000e+17  
5.3330          F2         0          0.000      0.000      -nan       -nan       -nan       nan        nan        nan        nan        11.549     1.140000e+17 


fr              MODE       IOX        СКОР       СКОА       СР         СА         СУ         AED        AEAZ       RED        REAZ       IG         TEC       
5.3330          E          0          0.000      0.000      -nan       -nan       -nan       nan        nan        nan        nan        -13.068    0.000000e+00  
5.3330          F1         0          0.000      0.000      -nan       -nan       -nan       nan        nan        nan        nan        -13.068    0.000000e+00  
5.3330          F2         0          0.000      0.000      -nan       -nan       -nan       nan        nan        nan        nan        -13.068    0.000000e+00 


