fr              MODE       IOX        СКОР       СКОА       СР         СА         СУ         AED        AEAZ       RED        REAZ       IG         TEC       
5.3330          E          0          254.520    137.179    898.151    215.622    10.955     164.649    137.178    15.492     38.883     28.715     1.050000e+17  
5.3330          F1         0          254.520    137.179    898.151    215.622    10.955     164.649    137.178    15.492     38.883     28.715     1.050000e+17  
5.3330          F2         0          0.000      0.000      -nan       -nan       -nan       nan        nan        nan        nan        28.715     1.050000e+17 


fr              MODE       IOX        СКОР       СКОА       СР         СА         СУ         AED        AEAZ       RED        REAZ       IG         TEC       
5.3330          E          0          251.293    137.173    906.117    215.628    10.868     156.683    137.172    14.743     38.881     -13.068    0.000000e+00  
5.3330          F1         0          251.293    137.173    906.117    215.628    10.868     156.683    137.172    14.743     38.881     -13.068    0.000000e+00  
5.3330          F2         0          339.994    140.307    722.806    212.493    37.075     339.994    140.307    31.990     39.769     -13.068    0.000000e+00 


fr              MODE       IOX        СКОР       СКОА       СР         СА         СУ         AED        AEAZ       RED        REAZ       IG         TEC       
5.3330          E          0          125.657    137.119    1006.202   215.682    8.689      56.598     137.118    5.325      38.866     28.715     1.050000e+17  
5.3330          F1         0          125.657    137.119    1006.202   215.682    8.689      56.598     137.118    5.325      38.866     28.715     1.050000e+17  
5.3330          F2         0          0.000      0.000      -nan       -nan       -nan       nan        nan        nan        nan        28.715     1.050000e+17 


fr              MODE       IOX        СКОР       СКОА       СР         СА         СУ         AED        AEAZ       RED        REAZ       IG         TEC       
5.3330          E          0          125.110    137.108    1012.744   215.692    8.636      50.056     137.108    4.710      38.863     -13.068    0.000000e+00  
5.3330          F1         0          125.110    137.108    1012.744   215.692    8.636      50.056     137.108    4.710      38.863     -13.068    0.000000e+00  
5.3330          F2         0          0.000      0.000      -nan       -nan       -nan       nan        nan        nan        nan        -13.068    0.000000e+00 


fr              MODE       IOX        СКОР       СКОА       СР         СА         СУ         AED        AEAZ       RED        REAZ       IG         TEC       
5.3330          E          0          125.657    137.119    1006.202   215.682    8.689      56.598     137.118    5.325      38.866     28.715     1.050000e+17  
5.3330          F1         0          125.657    137.119    1006.202   215.682    8.689      56.598     137.118    5.325      38.866     28.715     1.050000e+17  
5.3330          F2         0          0.000      0.000      -nan       -nan       -nan       nan        nan        nan        nan        28.715     1.050000e+17 


fr              MODE       IOX        СКОР       СКОА       СР         СА         СУ         AED        AEAZ       RED        REAZ       IG         TEC       
5.3330          E          0          125.110    137.108    1012.744   215.692    8.636      50.056     137.108    4.710      38.863     -13.068    0.000000e+00  
5.3330          F1         0          125.110    137.108    1012.744   215.692    8.636      50.056     137.108    4.710      38.863     -13.068    0.000000e+00  
5.3330          F2         0          0.000      0.000      -nan       -nan       -nan       nan        nan        nan        nan        -13.068    0.000000e+00 


fr              MODE       IOX        СКОР       СКОА       СР         СА         СУ         AED        AEAZ       RED        REAZ       IG         TEC       
5.3330          E          0          125.657    137.119    1006.202   215.682    8.689      56.598     137.118    5.325      38.866     28.715     1.050000e+17  
5.3330          F1         0          125.657    137.119    1006.202   215.682    8.689      56.598     137.118    5.325      38.866     28.715     1.050000e+17  
5.3330          F2         0          0.000      0.000      -nan       -nan       -nan       nan        nan        nan        nan        28.715     1.050000e+17 


fr              MODE       IOX        СКОР       СКОА       СР         СА         СУ         AED        AEAZ       RED        REAZ       IG         TEC       
5.3330          E          0          125.110    137.108    1012.744   215.692    8.636      50.056     137.108    4.710      38.863     -13.068    0.000000e+00  
5.3330          F1         0          125.110    137.108    1012.744   215.692    8.636      50.056     137.108    4.710      38.863     -13.068    0.000000e+00  
5.3330          F2         0          0.000      0.000      -nan       -nan       -nan       nan        nan        nan        nan        -13.068    0.000000e+00 


fr              MODE       IOX        СКОР       СКОА       СР         СА         СУ         AED        AEAZ       RED        REAZ       IG         TEC       
5.3330          E          0          0.000      0.000      -nan       -nan       -nan       nan        nan        nan        nan        16.762     1.050000e+17  
5.3330          F1         0          0.000      0.000      -nan       -nan       -nan       nan        nan        nan        nan        16.762     1.050000e+17  
5.3330          F2         0          0.000      0.000      -nan       -nan       -nan       nan        nan        nan        nan        16.762     1.050000e+17 


fr              MODE       IOX        СКОР       СКОА       СР         СА         СУ         AED        AEAZ       RED        REAZ       IG         TEC       
5.3330          E          0          0.000      0.000      -nan       -nan       -nan       nan        nan        nan        nan        -13.068    0.000000e+00  
5.3330          F1         0          0.000      0.000      -nan       -nan       -nan       nan        nan        nan        nan        -13.068    0.000000e+00  
5.3330          F2         0          0.000      0.000      -nan       -nan       -nan       nan        nan        nan        nan        -13.068    0.000000e+00 


fr              MODE       IOX        СКОР       СКОА       СР         СА         СУ         AED        AEAZ       RED        REAZ       IG         TEC       
5.3330          E          0          0.000      0.000      -nan       -nan       -nan       nan        nan        nan        nan        16.762     1.050000e+17  
5.3330          F1         0          0.000      0.000      -nan       -nan       -nan       nan        nan        nan        nan        16.762     1.050000e+17  
5.3330          F2         0          0.000      0.000      -nan       -nan       -nan       nan        nan        nan        nan        16.762     1.050000e+17 


fr              MODE       IOX        СКОР       СКОА       СР         СА         СУ         AED        AEAZ       RED        REAZ       IG         TEC       
5.3330          E          0          0.000      0.000      -nan       -nan       -nan       nan        nan        nan        nan        -13.068    0.000000e+00  
5.3330          F1         0          0.000      0.000      -nan       -nan       -nan       nan        nan        nan        nan        -13.068    0.000000e+00  
5.3330          F2         0          0.000      0.000      -nan       -nan       -nan       nan        nan        nan        nan        -13.068    0.000000e+00 


fr              MODE       IOX        СКОР       СКОА       СР         СА         СУ         AED        AEAZ       RED        REAZ       IG         TEC       
5.3330          E          0          0.000      0.000      -nan       -nan       -nan       nan        nan        nan        nan        16.762     1.050000e+17  
5.3330          F1         0          0.000      0.000      -nan       -nan       -nan       nan        nan        nan        nan        16.762     1.050000e+17  
5.3330          F2         0          0.000      0.000      -nan       -nan       -nan       nan        nan        nan        nan        16.762     1.050000e+17 


fr              MODE       IOX        СКОР       СКОА       СР         СА         СУ         AED        AEAZ       RED        REAZ       IG         TEC       
5.3330          E          0          0.000      0.000      -nan       -nan       -nan       nan        nan        nan        nan        -13.068    0.000000e+00  
5.3330          F1         0          0.000      0.000      -nan       -nan       -nan       nan        nan        nan        nan        -13.068    0.000000e+00  
5.3330          F2         0          0.000      0.000      -nan       -nan       -nan       nan        nan        nan        nan        -13.068    0.000000e+00 


fr              MODE       IOX        СКОР       СКОА       СР         СА         СУ         AED        AEAZ       RED        REAZ       IG         TEC       
5.3330          E          0          107.906    0.525      958.536    215.675    9.359      31.464     0.325      3.178      0.150      16.762     1.050000e+17  
5.3330          F1         0          107.906    0.525      958.536    215.675    9.359      31.464     0.325      3.178      0.150      16.762     1.050000e+17  
5.3330          F2         0          0.000      0.000      -nan       -nan       -nan       nan        nan        nan        nan        16.762     1.050000e+17 


fr              MODE       IOX        СКОР       СКОА       СР         СА         СУ         AED        AEAZ       RED        REAZ       IG         TEC       
5.3330          E          0          111.144    0.519      957.651    215.682    9.405      32.349     0.318      3.268      0.147      -13.068    0.000000e+00  
5.3330          F1         0          111.144    0.519      957.651    215.682    9.405      32.349     0.318      3.268      0.147      -13.068    0.000000e+00  
5.3330          F2         0          0.000      0.000      -nan       -nan       -nan       nan        nan        nan        nan        -13.068    0.000000e+00 


fr              MODE       IOX        СКОР       СКОА       СР         СА         СУ         AED        AEAZ       RED        REAZ       IG         TEC       
5.3330          E          0          0.000      0.000      -nan       -nan       -nan       nan        nan        nan        nan        16.762     1.050000e+17  
5.3330          F1         0          0.000      0.000      -nan       -nan       -nan       nan        nan        nan        nan        16.762     1.050000e+17  
5.3330          F2         0          0.000      0.000      -nan       -nan       -nan       nan        nan        nan        nan        16.762     1.050000e+17 


fr              MODE       IOX        СКОР       СКОА       СР         СА         СУ         AED        AEAZ       RED        REAZ       IG         TEC       
5.3330          E          0          0.000      0.000      -nan       -nan       -nan       nan        nan        nan        nan        -13.068    0.000000e+00  
5.3330          F1         0          0.000      0.000      -nan       -nan       -nan       nan        nan        nan        nan        -13.068    0.000000e+00  
5.3330          F2         0          0.000      0.000      -nan       -nan       -nan       nan        nan        nan        nan        -13.068    0.000000e+00 


