fr              MODE       IOX        СКОР       СКОА       СР         СА         СУ         AED        AEAZ       RED        REAZ       IG         TEC       
5.3330          E          0          455.464    137.022    691.936    215.782    17.424     370.864    137.018    34.895     38.837     25.706     1.130000e+17  
5.3330          F1         0          455.464    137.022    691.936    215.782    17.424     370.864    137.018    34.895     38.837     25.706     1.130000e+17  
5.3330          F2         0          660.489    135.838    402.686    216.994    48.120     660.114    135.806    62.111     38.494     25.706     1.130000e+17 


fr              MODE       IOX        СКОР       СКОА       СР         СА         СУ         AED        AEAZ       RED        REAZ       IG         TEC       
5.3330          E          0          453.894    137.023    695.631    215.781    17.424     367.169    137.019    34.547     38.838     -13.068    0.000000e+00  
5.3330          F1         0          453.894    137.023    695.631    215.781    17.424     367.169    137.019    34.547     38.838     -13.068    0.000000e+00  
5.3330          F2         0          569.361    137.377    519.716    215.439    44.410     543.084    137.361    51.099     38.935     -13.068    0.000000e+00 


fr              MODE       IOX        СКОР       СКОА       СР         СА         СУ         AED        AEAZ       RED        REAZ       IG         TEC       
5.3330          E          0          111.204    137.104    1030.084   215.697    8.142      32.716     137.103    3.078      38.861     25.706     1.130000e+17  
5.3330          F1         0          111.204    137.104    1030.084   215.697    8.142      32.716     137.103    3.078      38.861     25.706     1.130000e+17  
5.3330          F2         0          0.000      0.000      -nan       -nan       -nan       nan        nan        nan        nan        25.706     1.130000e+17 


fr              MODE       IOX        СКОР       СКОА       СР         СА         СУ         AED        AEAZ       RED        REAZ       IG         TEC       
5.3330          E          0          109.705    137.103    1036.414   215.697    8.142      26.386     137.103    2.483      38.861     -13.068    0.000000e+00  
5.3330          F1         0          109.705    137.103    1036.414   215.697    8.142      26.386     137.103    2.483      38.861     -13.068    0.000000e+00  
5.3330          F2         0          31.840     137.123    1092.685   215.697    42.603     29.885     137.103    2.812      38.861     -13.068    0.000000e+00 


fr              MODE       IOX        СКОР       СКОА       СР         СА         СУ         AED        AEAZ       RED        REAZ       IG         TEC       
5.3330          E          0          111.204    137.104    1030.084   215.697    8.142      32.716     137.103    3.078      38.861     25.706     1.130000e+17  
5.3330          F1         0          111.204    137.104    1030.084   215.697    8.142      32.716     137.103    3.078      38.861     25.706     1.130000e+17  
5.3330          F2         0          0.000      0.000      -nan       -nan       -nan       nan        nan        nan        nan        25.706     1.130000e+17 


fr              MODE       IOX        СКОР       СКОА       СР         СА         СУ         AED        AEAZ       RED        REAZ       IG         TEC       
5.3330          E          0          109.705    137.103    1036.414   215.697    8.142      26.386     137.103    2.483      38.861     -13.068    0.000000e+00  
5.3330          F1         0          109.705    137.103    1036.414   215.697    8.142      26.386     137.103    2.483      38.861     -13.068    0.000000e+00  
5.3330          F2         0          31.840     137.123    1092.685   215.697    42.603     29.885     137.103    2.812      38.861     -13.068    0.000000e+00 


fr              MODE       IOX        СКОР       СКОА       СР         СА         СУ         AED        AEAZ       RED        REAZ       IG         TEC       
5.3330          E          0          111.204    137.104    1030.084   215.697    8.142      32.716     137.103    3.078      38.861     25.706     1.130000e+17  
5.3330          F1         0          111.204    137.104    1030.084   215.697    8.142      32.716     137.103    3.078      38.861     25.706     1.130000e+17  
5.3330          F2         0          0.000      0.000      -nan       -nan       -nan       nan        nan        nan        nan        25.706     1.130000e+17 


fr              MODE       IOX        СКОР       СКОА       СР         СА         СУ         AED        AEAZ       RED        REAZ       IG         TEC       
5.3330          E          0          109.705    137.103    1036.414   215.697    8.142      26.386     137.103    2.483      38.861     -13.068    0.000000e+00  
5.3330          F1         0          109.705    137.103    1036.414   215.697    8.142      26.386     137.103    2.483      38.861     -13.068    0.000000e+00  
5.3330          F2         0          31.840     137.123    1092.685   215.697    42.603     29.885     137.103    2.812      38.861     -13.068    0.000000e+00 


fr              MODE       IOX        СКОР       СКОА       СР         СА         СУ         AED        AEAZ       RED        REAZ       IG         TEC       
5.3330          E          0          0.000      0.000      -nan       -nan       -nan       nan        nan        nan        nan        6.853      1.130000e+17  
5.3330          F1         0          0.000      0.000      -nan       -nan       -nan       nan        nan        nan        nan        6.853      1.130000e+17  
5.3330          F2         0          0.000      0.000      -nan       -nan       -nan       nan        nan        nan        nan        6.853      1.130000e+17 


fr              MODE       IOX        СКОР       СКОА       СР         СА         СУ         AED        AEAZ       RED        REAZ       IG         TEC       
5.3330          E          0          0.000      0.000      -nan       -nan       -nan       nan        nan        nan        nan        -13.068    0.000000e+00  
5.3330          F1         0          0.000      0.000      -nan       -nan       -nan       nan        nan        nan        nan        -13.068    0.000000e+00  
5.3330          F2         0          0.000      0.000      -nan       -nan       -nan       nan        nan        nan        nan        -13.068    0.000000e+00 


fr              MODE       IOX        СКОР       СКОА       СР         СА         СУ         AED        AEAZ       RED        REAZ       IG         TEC       
5.3330          E          0          0.000      0.000      -nan       -nan       -nan       nan        nan        nan        nan        6.853      1.130000e+17  
5.3330          F1         0          0.000      0.000      -nan       -nan       -nan       nan        nan        nan        nan        6.853      1.130000e+17  
5.3330          F2         0          0.000      0.000      -nan       -nan       -nan       nan        nan        nan        nan        6.853      1.130000e+17 


fr              MODE       IOX        СКОР       СКОА       СР         СА         СУ         AED        AEAZ       RED        REAZ       IG         TEC       
5.3330          E          0          0.000      0.000      -nan       -nan       -nan       nan        nan        nan        nan        -13.068    0.000000e+00  
5.3330          F1         0          0.000      0.000      -nan       -nan       -nan       nan        nan        nan        nan        -13.068    0.000000e+00  
5.3330          F2         0          0.000      0.000      -nan       -nan       -nan       nan        nan        nan        nan        -13.068    0.000000e+00 


fr              MODE       IOX        СКОР       СКОА       СР         СА         СУ         AED        AEAZ       RED        REAZ       IG         TEC       
5.3330          E          0          0.000      0.000      -nan       -nan       -nan       nan        nan        nan        nan        6.853      1.130000e+17  
5.3330          F1         0          0.000      0.000      -nan       -nan       -nan       nan        nan        nan        nan        6.853      1.130000e+17  
5.3330          F2         0          0.000      0.000      -nan       -nan       -nan       nan        nan        nan        nan        6.853      1.130000e+17 


fr              MODE       IOX        СКОР       СКОА       СР         СА         СУ         AED        AEAZ       RED        REAZ       IG         TEC       
5.3330          E          0          0.000      0.000      -nan       -nan       -nan       nan        nan        nan        nan        -13.068    0.000000e+00  
5.3330          F1         0          0.000      0.000      -nan       -nan       -nan       nan        nan        nan        nan        -13.068    0.000000e+00  
5.3330          F2         0          0.000      0.000      -nan       -nan       -nan       nan        nan        nan        nan        -13.068    0.000000e+00 


fr              MODE       IOX        СКОР       СКОА       СР         СА         СУ         AED        AEAZ       RED        REAZ       IG         TEC       
5.3330          E          0          111.568    0.444      974.659    215.719    9.011      15.341     0.281      1.550      0.130      6.853      1.130000e+17  
5.3330          F1         0          111.568    0.444      974.659    215.719    9.011      15.341     0.281      1.550      0.130      6.853      1.130000e+17  
5.3330          F2         0          0.000      0.000      -nan       -nan       -nan       nan        nan        nan        nan        6.853      1.130000e+17 


fr              MODE       IOX        СКОР       СКОА       СР         СА         СУ         AED        AEAZ       RED        REAZ       IG         TEC       
5.3330          E          0          111.595    0.444      975.601    215.719    9.012      14.399     0.281      1.454      0.130      -13.068    0.000000e+00  
5.3330          F1         0          111.595    0.444      975.601    215.719    9.012      14.399     0.281      1.454      0.130      -13.068    0.000000e+00  
5.3330          F2         0          0.000      0.000      -nan       -nan       -nan       nan        nan        nan        nan        -13.068    0.000000e+00 


fr              MODE       IOX        СКОР       СКОА       СР         СА         СУ         AED        AEAZ       RED        REAZ       IG         TEC       
5.3330          E          0          0.000      0.000      -nan       -nan       -nan       nan        nan        nan        nan        6.853      1.130000e+17  
5.3330          F1         0          0.000      0.000      -nan       -nan       -nan       nan        nan        nan        nan        6.853      1.130000e+17  
5.3330          F2         0          0.000      0.000      -nan       -nan       -nan       nan        nan        nan        nan        6.853      1.130000e+17 


fr              MODE       IOX        СКОР       СКОА       СР         СА         СУ         AED        AEAZ       RED        REAZ       IG         TEC       
5.3330          E          0          0.000      0.000      -nan       -nan       -nan       nan        nan        nan        nan        -13.068    0.000000e+00  
5.3330          F1         0          0.000      0.000      -nan       -nan       -nan       nan        nan        nan        nan        -13.068    0.000000e+00  
5.3330          F2         0          0.000      0.000      -nan       -nan       -nan       nan        nan        nan        nan        -13.068    0.000000e+00 


