fr              MODE       IOX        СКОР       СКОА       СР         СА         СУ         AED        AEAZ       RED        REAZ       IG         TEC       
5.3330          E          0          399.209    137.114    768.257    215.688    15.894     294.543    137.112    27.714     38.864     16.018     1.040000e+17  
5.3330          F1         0          399.209    137.114    768.257    215.688    15.894     294.543    137.112    27.714     38.864     16.018     1.040000e+17  
5.3330          F2         0          654.513    137.498    408.404    215.315    44.150     654.396    137.485    61.573     38.970     16.018     1.040000e+17 


fr              MODE       IOX        СКОР       СКОА       СР         СА         СУ         AED        AEAZ       RED        REAZ       IG         TEC       
5.3330          E          0          398.318    137.115    770.925    215.687    15.894     291.875    137.113    27.463     38.864     -13.068    0.000000e+00  
5.3330          F1         0          398.318    137.115    770.925    215.687    15.894     291.875    137.113    27.463     38.864     -13.068    0.000000e+00  
5.3330          F2         0          586.714    137.370    476.216    215.441    44.044     586.584    137.359    55.192     38.934     -13.068    0.000000e+00 


fr              MODE       IOX        СКОР       СКОА       СР         СА         СУ         AED        AEAZ       RED        REAZ       IG         TEC       
5.3330          E          0          112.036    137.189    1002.588   215.612    8.505      60.212     137.188    5.665      38.886     16.018     1.040000e+17  
5.3330          F1         0          112.036    137.189    1002.588   215.612    8.505      60.212     137.188    5.665      38.886     16.018     1.040000e+17  
5.3330          F2         0          0.000      0.000      -nan       -nan       -nan       nan        nan        nan        nan        16.018     1.040000e+17 


fr              MODE       IOX        СКОР       СКОА       СР         СА         СУ         AED        AEAZ       RED        REAZ       IG         TEC       
5.3330          E          0          110.155    137.189    1006.404   215.612    8.505      56.396     137.188    5.306      38.886     -13.068    0.000000e+00  
5.3330          F1         0          110.155    137.189    1006.404   215.612    8.505      56.396     137.188    5.306      38.886     -13.068    0.000000e+00  
5.3330          F2         0          0.000      0.000      -nan       -nan       -nan       nan        nan        nan        nan        -13.068    0.000000e+00 


fr              MODE       IOX        СКОР       СКОА       СР         СА         СУ         AED        AEAZ       RED        REAZ       IG         TEC       
5.3330          E          0          112.036    137.189    1002.588   215.612    8.505      60.212     137.188    5.665      38.886     16.018     1.040000e+17  
5.3330          F1         0          112.036    137.189    1002.588   215.612    8.505      60.212     137.188    5.665      38.886     16.018     1.040000e+17  
5.3330          F2         0          0.000      0.000      -nan       -nan       -nan       nan        nan        nan        nan        16.018     1.040000e+17 


fr              MODE       IOX        СКОР       СКОА       СР         СА         СУ         AED        AEAZ       RED        REAZ       IG         TEC       
5.3330          E          0          110.155    137.189    1006.404   215.612    8.505      56.396     137.188    5.306      38.886     -13.068    0.000000e+00  
5.3330          F1         0          110.155    137.189    1006.404   215.612    8.505      56.396     137.188    5.306      38.886     -13.068    0.000000e+00  
5.3330          F2         0          0.000      0.000      -nan       -nan       -nan       nan        nan        nan        nan        -13.068    0.000000e+00 


fr              MODE       IOX        СКОР       СКОА       СР         СА         СУ         AED        AEAZ       RED        REAZ       IG         TEC       
5.3330          E          0          112.036    137.189    1002.588   215.612    8.505      60.212     137.188    5.665      38.886     16.018     1.040000e+17  
5.3330          F1         0          112.036    137.189    1002.588   215.612    8.505      60.212     137.188    5.665      38.886     16.018     1.040000e+17  
5.3330          F2         0          0.000      0.000      -nan       -nan       -nan       nan        nan        nan        nan        16.018     1.040000e+17 


fr              MODE       IOX        СКОР       СКОА       СР         СА         СУ         AED        AEAZ       RED        REAZ       IG         TEC       
5.3330          E          0          110.155    137.189    1006.404   215.612    8.505      56.396     137.188    5.306      38.886     -13.068    0.000000e+00  
5.3330          F1         0          110.155    137.189    1006.404   215.612    8.505      56.396     137.188    5.306      38.886     -13.068    0.000000e+00  
5.3330          F2         0          0.000      0.000      -nan       -nan       -nan       nan        nan        nan        nan        -13.068    0.000000e+00 


fr              MODE       IOX        СКОР       СКОА       СР         СА         СУ         AED        AEAZ       RED        REAZ       IG         TEC       
5.3330          E          0          0.000      0.000      -nan       -nan       -nan       nan        nan        nan        nan        -13.068    1.040000e+17  
5.3330          F1         0          0.000      0.000      -nan       -nan       -nan       nan        nan        nan        nan        -13.068    1.040000e+17  
5.3330          F2         0          0.000      0.000      -nan       -nan       -nan       nan        nan        nan        nan        -13.068    1.040000e+17 


fr              MODE       IOX        СКОР       СКОА       СР         СА         СУ         AED        AEAZ       RED        REAZ       IG         TEC       
5.3330          E          0          0.000      0.000      -nan       -nan       -nan       nan        nan        nan        nan        -13.068    0.000000e+00  
5.3330          F1         0          0.000      0.000      -nan       -nan       -nan       nan        nan        nan        nan        -13.068    0.000000e+00  
5.3330          F2         0          0.000      0.000      -nan       -nan       -nan       nan        nan        nan        nan        -13.068    0.000000e+00 


fr              MODE       IOX        СКОР       СКОА       СР         СА         СУ         AED        AEAZ       RED        REAZ       IG         TEC       
5.3330          E          0          0.000      0.000      -nan       -nan       -nan       nan        nan        nan        nan        -13.068    1.040000e+17  
5.3330          F1         0          0.000      0.000      -nan       -nan       -nan       nan        nan        nan        nan        -13.068    1.040000e+17  
5.3330          F2         0          0.000      0.000      -nan       -nan       -nan       nan        nan        nan        nan        -13.068    1.040000e+17 


fr              MODE       IOX        СКОР       СКОА       СР         СА         СУ         AED        AEAZ       RED        REAZ       IG         TEC       
5.3330          E          0          0.000      0.000      -nan       -nan       -nan       nan        nan        nan        nan        -13.068    0.000000e+00  
5.3330          F1         0          0.000      0.000      -nan       -nan       -nan       nan        nan        nan        nan        -13.068    0.000000e+00  
5.3330          F2         0          0.000      0.000      -nan       -nan       -nan       nan        nan        nan        nan        -13.068    0.000000e+00 


fr              MODE       IOX        СКОР       СКОА       СР         СА         СУ         AED        AEAZ       RED        REAZ       IG         TEC       
5.3330          E          0          0.000      0.000      -nan       -nan       -nan       nan        nan        nan        nan        -13.068    1.040000e+17  
5.3330          F1         0          0.000      0.000      -nan       -nan       -nan       nan        nan        nan        nan        -13.068    1.040000e+17  
5.3330          F2         0          0.000      0.000      -nan       -nan       -nan       nan        nan        nan        nan        -13.068    1.040000e+17 


fr              MODE       IOX        СКОР       СКОА       СР         СА         СУ         AED        AEAZ       RED        REAZ       IG         TEC       
5.3330          E          0          0.000      0.000      -nan       -nan       -nan       nan        nan        nan        nan        -13.068    0.000000e+00  
5.3330          F1         0          0.000      0.000      -nan       -nan       -nan       nan        nan        nan        nan        -13.068    0.000000e+00  
5.3330          F2         0          0.000      0.000      -nan       -nan       -nan       nan        nan        nan        nan        -13.068    0.000000e+00 


fr              MODE       IOX        СКОР       СКОА       СР         СА         СУ         AED        AEAZ       RED        REAZ       IG         TEC       
5.3330          E          0          106.425    0.577      959.501    215.643    9.364      30.499     0.357      3.081      0.165      -13.068    1.040000e+17  
5.3330          F1         0          106.425    0.577      959.501    215.643    9.364      30.499     0.357      3.081      0.165      -13.068    1.040000e+17  
5.3330          F2         0          0.000      0.000      -nan       -nan       -nan       nan        nan        nan        nan        -13.068    1.040000e+17 


fr              MODE       IOX        СКОР       СКОА       СР         СА         СУ         AED        AEAZ       RED        REAZ       IG         TEC       
5.3330          E          0          100.598    0.592      962.634    215.626    9.172      27.366     0.374      2.764      0.173      -13.068    0.000000e+00  
5.3330          F1         0          100.598    0.592      962.634    215.626    9.172      27.366     0.374      2.764      0.173      -13.068    0.000000e+00  
5.3330          F2         0          0.000      0.000      -nan       -nan       -nan       nan        nan        nan        nan        -13.068    0.000000e+00 


fr              MODE       IOX        СКОР       СКОА       СР         СА         СУ         AED        AEAZ       RED        REAZ       IG         TEC       
5.3330          E          0          0.000      0.000      -nan       -nan       -nan       nan        nan        nan        nan        -13.068    1.040000e+17  
5.3330          F1         0          0.000      0.000      -nan       -nan       -nan       nan        nan        nan        nan        -13.068    1.040000e+17  
5.3330          F2         0          0.000      0.000      -nan       -nan       -nan       nan        nan        nan        nan        -13.068    1.040000e+17 


fr              MODE       IOX        СКОР       СКОА       СР         СА         СУ         AED        AEAZ       RED        REAZ       IG         TEC       
5.3330          E          0          0.000      0.000      -nan       -nan       -nan       nan        nan        nan        nan        -13.068    0.000000e+00  
5.3330          F1         0          0.000      0.000      -nan       -nan       -nan       nan        nan        nan        nan        -13.068    0.000000e+00  
5.3330          F2         0          0.000      0.000      -nan       -nan       -nan       nan        nan        nan        nan        -13.068    0.000000e+00 


