fr              MODE       IOX        СКОР       СКОА       СР         СА         СУ         AED        AEAZ       RED        REAZ       IG         TEC       
5.3330          E          0          0.000      0.000      -nan       -nan       -nan       nan        nan        nan        nan        68.795     3.800000e+16  
5.3330          F1         0          0.000      0.000      -nan       -nan       -nan       nan        nan        nan        nan        68.795     3.800000e+16  
5.3330          F2         0          0.000      0.000      -nan       -nan       -nan       nan        nan        nan        nan        68.795     3.800000e+16 


fr              MODE       IOX        СКОР       СКОА       СР         СА         СУ         AED        AEAZ       RED        REAZ       IG         TEC       
5.3330          E          0          0.000      0.000      -nan       -nan       -nan       nan        nan        nan        nan        -13.068    0.000000e+00  
5.3330          F1         0          0.000      0.000      -nan       -nan       -nan       nan        nan        nan        nan        -13.068    0.000000e+00  
5.3330          F2         0          0.000      0.000      -nan       -nan       -nan       nan        nan        nan        nan        -13.068    0.000000e+00 


fr              MODE       IOX        СКОР       СКОА       СР         СА         СУ         AED        AEAZ       RED        REAZ       IG         TEC       
5.3330          E          0          0.000      0.000      -nan       -nan       -nan       nan        nan        nan        nan        68.795     3.800000e+16  
5.3330          F1         0          0.000      0.000      -nan       -nan       -nan       nan        nan        nan        nan        68.795     3.800000e+16  
5.3330          F2         0          0.000      0.000      -nan       -nan       -nan       nan        nan        nan        nan        68.795     3.800000e+16 


fr              MODE       IOX        СКОР       СКОА       СР         СА         СУ         AED        AEAZ       RED        REAZ       IG         TEC       
5.3330          E          0          0.000      0.000      -nan       -nan       -nan       nan        nan        nan        nan        -13.068    0.000000e+00  
5.3330          F1         0          0.000      0.000      -nan       -nan       -nan       nan        nan        nan        nan        -13.068    0.000000e+00  
5.3330          F2         0          0.000      0.000      -nan       -nan       -nan       nan        nan        nan        nan        -13.068    0.000000e+00 


fr              MODE       IOX        СКОР       СКОА       СР         СА         СУ         AED        AEAZ       RED        REAZ       IG         TEC       
5.3330          E          0          0.000      0.000      -nan       -nan       -nan       nan        nan        nan        nan        68.795     3.800000e+16  
5.3330          F1         0          0.000      0.000      -nan       -nan       -nan       nan        nan        nan        nan        68.795     3.800000e+16  
5.3330          F2         0          0.000      0.000      -nan       -nan       -nan       nan        nan        nan        nan        68.795     3.800000e+16 


fr              MODE       IOX        СКОР       СКОА       СР         СА         СУ         AED        AEAZ       RED        REAZ       IG         TEC       
5.3330          E          0          0.000      0.000      -nan       -nan       -nan       nan        nan        nan        nan        -13.068    0.000000e+00  
5.3330          F1         0          0.000      0.000      -nan       -nan       -nan       nan        nan        nan        nan        -13.068    0.000000e+00  
5.3330          F2         0          0.000      0.000      -nan       -nan       -nan       nan        nan        nan        nan        -13.068    0.000000e+00 


fr              MODE       IOX        СКОР       СКОА       СР         СА         СУ         AED        AEAZ       RED        REAZ       IG         TEC       
5.3330          E          0          0.000      0.000      -nan       -nan       -nan       nan        nan        nan        nan        68.795     3.800000e+16  
5.3330          F1         0          0.000      0.000      -nan       -nan       -nan       nan        nan        nan        nan        68.795     3.800000e+16  
5.3330          F2         0          0.000      0.000      -nan       -nan       -nan       nan        nan        nan        nan        68.795     3.800000e+16 


fr              MODE       IOX        СКОР       СКОА       СР         СА         СУ         AED        AEAZ       RED        REAZ       IG         TEC       
5.3330          E          0          0.000      0.000      -nan       -nan       -nan       nan        nan        nan        nan        -13.068    0.000000e+00  
5.3330          F1         0          0.000      0.000      -nan       -nan       -nan       nan        nan        nan        nan        -13.068    0.000000e+00  
5.3330          F2         0          0.000      0.000      -nan       -nan       -nan       nan        nan        nan        nan        -13.068    0.000000e+00 


fr              MODE       IOX        СКОР       СКОА       СР         СА         СУ         AED        AEAZ       RED        REAZ       IG         TEC       
5.3330          E          0          0.000      0.000      -nan       -nan       -nan       nan        nan        nan        nan        44.417     3.800000e+16  
5.3330          F1         0          0.000      0.000      -nan       -nan       -nan       nan        nan        nan        nan        44.417     3.800000e+16  
5.3330          F2         0          0.000      0.000      -nan       -nan       -nan       nan        nan        nan        nan        44.417     3.800000e+16 


fr              MODE       IOX        СКОР       СКОА       СР         СА         СУ         AED        AEAZ       RED        REAZ       IG         TEC       
5.3330          E          0          0.000      0.000      -nan       -nan       -nan       nan        nan        nan        nan        -13.068    0.000000e+00  
5.3330          F1         0          0.000      0.000      -nan       -nan       -nan       nan        nan        nan        nan        -13.068    0.000000e+00  
5.3330          F2         0          0.000      0.000      -nan       -nan       -nan       nan        nan        nan        nan        -13.068    0.000000e+00 


fr              MODE       IOX        СКОР       СКОА       СР         СА         СУ         AED        AEAZ       RED        REAZ       IG         TEC       
5.3330          E          0          0.000      0.000      -nan       -nan       -nan       nan        nan        nan        nan        44.417     3.800000e+16  
5.3330          F1         0          0.000      0.000      -nan       -nan       -nan       nan        nan        nan        nan        44.417     3.800000e+16  
5.3330          F2         0          0.000      0.000      -nan       -nan       -nan       nan        nan        nan        nan        44.417     3.800000e+16 


fr              MODE       IOX        СКОР       СКОА       СР         СА         СУ         AED        AEAZ       RED        REAZ       IG         TEC       
5.3330          E          0          0.000      0.000      -nan       -nan       -nan       nan        nan        nan        nan        -13.068    0.000000e+00  
5.3330          F1         0          0.000      0.000      -nan       -nan       -nan       nan        nan        nan        nan        -13.068    0.000000e+00  
5.3330          F2         0          0.000      0.000      -nan       -nan       -nan       nan        nan        nan        nan        -13.068    0.000000e+00 


fr              MODE       IOX        СКОР       СКОА       СР         СА         СУ         AED        AEAZ       RED        REAZ       IG         TEC       
5.3330          E          0          0.000      0.000      -nan       -nan       -nan       nan        nan        nan        nan        44.417     3.800000e+16  
5.3330          F1         0          0.000      0.000      -nan       -nan       -nan       nan        nan        nan        nan        44.417     3.800000e+16  
5.3330          F2         0          0.000      0.000      -nan       -nan       -nan       nan        nan        nan        nan        44.417     3.800000e+16 


fr              MODE       IOX        СКОР       СКОА       СР         СА         СУ         AED        AEAZ       RED        REAZ       IG         TEC       
5.3330          E          0          0.000      0.000      -nan       -nan       -nan       nan        nan        nan        nan        -13.068    0.000000e+00  
5.3330          F1         0          0.000      0.000      -nan       -nan       -nan       nan        nan        nan        nan        -13.068    0.000000e+00  
5.3330          F2         0          0.000      0.000      -nan       -nan       -nan       nan        nan        nan        nan        -13.068    0.000000e+00 


fr              MODE       IOX        СКОР       СКОА       СР         СА         СУ         AED        AEAZ       RED        REAZ       IG         TEC       
5.3330          E          0          77.687     0.903      1002.320   215.148    10.335     12.320     0.852      1.244      0.394      44.417     3.800000e+16  
5.3330          F1         0          77.687     0.903      1002.320   215.148    10.335     12.320     0.852      1.244      0.394      44.417     3.800000e+16  
5.3330          F2         0          0.000      0.000      -nan       -nan       -nan       nan        nan        nan        nan        44.417     3.800000e+16 


fr              MODE       IOX        СКОР       СКОА       СР         СА         СУ         AED        AEAZ       RED        REAZ       IG         TEC       
5.3330          E          0          77.700     0.903      1002.396   215.148    10.332     12.396     0.852      1.252      0.395      -13.068    0.000000e+00  
5.3330          F1         0          77.700     0.903      1002.396   215.148    10.332     12.396     0.852      1.252      0.395      -13.068    0.000000e+00  
5.3330          F2         0          0.000      0.000      -nan       -nan       -nan       nan        nan        nan        nan        -13.068    0.000000e+00 


fr              MODE       IOX        СКОР       СКОА       СР         СА         СУ         AED        AEAZ       RED        REAZ       IG         TEC       
5.3330          E          0          0.000      0.000      -nan       -nan       -nan       nan        nan        nan        nan        44.417     3.800000e+16  
5.3330          F1         0          0.000      0.000      -nan       -nan       -nan       nan        nan        nan        nan        44.417     3.800000e+16  
5.3330          F2         0          0.000      0.000      -nan       -nan       -nan       nan        nan        nan        nan        44.417     3.800000e+16 


fr              MODE       IOX        СКОР       СКОА       СР         СА         СУ         AED        AEAZ       RED        REAZ       IG         TEC       
5.3330          E          0          0.000      0.000      -nan       -nan       -nan       nan        nan        nan        nan        -13.068    0.000000e+00  
5.3330          F1         0          0.000      0.000      -nan       -nan       -nan       nan        nan        nan        nan        -13.068    0.000000e+00  
5.3330          F2         0          0.000      0.000      -nan       -nan       -nan       nan        nan        nan        nan        -13.068    0.000000e+00 


