fr              MODE       IOX        СКОР       СКОА       СР         СА         СУ         AED        AEAZ       RED        REAZ       IG         TEC       
5.3330          E          0          0.000      0.000      -nan       -nan       -nan       nan        nan        nan        nan        20.236     5.800000e+16  
5.3330          F1         0          0.000      0.000      -nan       -nan       -nan       nan        nan        nan        nan        20.236     5.800000e+16  
5.3330          F2         0          0.000      0.000      -nan       -nan       -nan       nan        nan        nan        nan        20.236     5.800000e+16 


fr              MODE       IOX        СКОР       СКОА       СР         СА         СУ         AED        AEAZ       RED        REAZ       IG         TEC       
5.3330          E          0          0.000      0.000      -nan       -nan       -nan       nan        nan        nan        nan        -13.068    0.000000e+00  
5.3330          F1         0          0.000      0.000      -nan       -nan       -nan       nan        nan        nan        nan        -13.068    0.000000e+00  
5.3330          F2         0          0.000      0.000      -nan       -nan       -nan       nan        nan        nan        nan        -13.068    0.000000e+00 


fr              MODE       IOX        СКОР       СКОА       СР         СА         СУ         AED        AEAZ       RED        REAZ       IG         TEC       
5.3330          E          0          0.000      0.000      -nan       -nan       -nan       nan        nan        nan        nan        20.236     5.800000e+16  
5.3330          F1         0          0.000      0.000      -nan       -nan       -nan       nan        nan        nan        nan        20.236     5.800000e+16  
5.3330          F2         0          0.000      0.000      -nan       -nan       -nan       nan        nan        nan        nan        20.236     5.800000e+16 


fr              MODE       IOX        СКОР       СКОА       СР         СА         СУ         AED        AEAZ       RED        REAZ       IG         TEC       
5.3330          E          0          0.000      0.000      -nan       -nan       -nan       nan        nan        nan        nan        -13.068    0.000000e+00  
5.3330          F1         0          0.000      0.000      -nan       -nan       -nan       nan        nan        nan        nan        -13.068    0.000000e+00  
5.3330          F2         0          0.000      0.000      -nan       -nan       -nan       nan        nan        nan        nan        -13.068    0.000000e+00 


fr              MODE       IOX        СКОР       СКОА       СР         СА         СУ         AED        AEAZ       RED        REAZ       IG         TEC       
5.3330          E          0          0.000      0.000      -nan       -nan       -nan       nan        nan        nan        nan        20.236     5.800000e+16  
5.3330          F1         0          0.000      0.000      -nan       -nan       -nan       nan        nan        nan        nan        20.236     5.800000e+16  
5.3330          F2         0          0.000      0.000      -nan       -nan       -nan       nan        nan        nan        nan        20.236     5.800000e+16 


fr              MODE       IOX        СКОР       СКОА       СР         СА         СУ         AED        AEAZ       RED        REAZ       IG         TEC       
5.3330          E          0          0.000      0.000      -nan       -nan       -nan       nan        nan        nan        nan        -13.068    0.000000e+00  
5.3330          F1         0          0.000      0.000      -nan       -nan       -nan       nan        nan        nan        nan        -13.068    0.000000e+00  
5.3330          F2         0          0.000      0.000      -nan       -nan       -nan       nan        nan        nan        nan        -13.068    0.000000e+00 


fr              MODE       IOX        СКОР       СКОА       СР         СА         СУ         AED        AEAZ       RED        REAZ       IG         TEC       
5.3330          E          0          0.000      0.000      -nan       -nan       -nan       nan        nan        nan        nan        20.236     5.800000e+16  
5.3330          F1         0          0.000      0.000      -nan       -nan       -nan       nan        nan        nan        nan        20.236     5.800000e+16  
5.3330          F2         0          0.000      0.000      -nan       -nan       -nan       nan        nan        nan        nan        20.236     5.800000e+16 


fr              MODE       IOX        СКОР       СКОА       СР         СА         СУ         AED        AEAZ       RED        REAZ       IG         TEC       
5.3330          E          0          0.000      0.000      -nan       -nan       -nan       nan        nan        nan        nan        -13.068    0.000000e+00  
5.3330          F1         0          0.000      0.000      -nan       -nan       -nan       nan        nan        nan        nan        -13.068    0.000000e+00  
5.3330          F2         0          0.000      0.000      -nan       -nan       -nan       nan        nan        nan        nan        -13.068    0.000000e+00 


fr              MODE       IOX        СКОР       СКОА       СР         СА         СУ         AED        AEAZ       RED        REAZ       IG         TEC       
5.3330          E          0          0.000      0.000      -nan       -nan       -nan       nan        nan        nan        nan        0.604      5.800000e+16  
5.3330          F1         0          0.000      0.000      -nan       -nan       -nan       nan        nan        nan        nan        0.604      5.800000e+16  
5.3330          F2         0          0.000      0.000      -nan       -nan       -nan       nan        nan        nan        nan        0.604      5.800000e+16 


fr              MODE       IOX        СКОР       СКОА       СР         СА         СУ         AED        AEAZ       RED        REAZ       IG         TEC       
5.3330          E          0          0.000      0.000      -nan       -nan       -nan       nan        nan        nan        nan        -13.068    0.000000e+00  
5.3330          F1         0          0.000      0.000      -nan       -nan       -nan       nan        nan        nan        nan        -13.068    0.000000e+00  
5.3330          F2         0          0.000      0.000      -nan       -nan       -nan       nan        nan        nan        nan        -13.068    0.000000e+00 


fr              MODE       IOX        СКОР       СКОА       СР         СА         СУ         AED        AEAZ       RED        REAZ       IG         TEC       
5.3330          E          0          0.000      0.000      -nan       -nan       -nan       nan        nan        nan        nan        0.604      5.800000e+16  
5.3330          F1         0          0.000      0.000      -nan       -nan       -nan       nan        nan        nan        nan        0.604      5.800000e+16  
5.3330          F2         0          0.000      0.000      -nan       -nan       -nan       nan        nan        nan        nan        0.604      5.800000e+16 


fr              MODE       IOX        СКОР       СКОА       СР         СА         СУ         AED        AEAZ       RED        REAZ       IG         TEC       
5.3330          E          0          0.000      0.000      -nan       -nan       -nan       nan        nan        nan        nan        -13.068    0.000000e+00  
5.3330          F1         0          0.000      0.000      -nan       -nan       -nan       nan        nan        nan        nan        -13.068    0.000000e+00  
5.3330          F2         0          0.000      0.000      -nan       -nan       -nan       nan        nan        nan        nan        -13.068    0.000000e+00 


fr              MODE       IOX        СКОР       СКОА       СР         СА         СУ         AED        AEAZ       RED        REAZ       IG         TEC       
5.3330          E          0          0.000      0.000      -nan       -nan       -nan       nan        nan        nan        nan        0.604      5.800000e+16  
5.3330          F1         0          0.000      0.000      -nan       -nan       -nan       nan        nan        nan        nan        0.604      5.800000e+16  
5.3330          F2         0          0.000      0.000      -nan       -nan       -nan       nan        nan        nan        nan        0.604      5.800000e+16 


fr              MODE       IOX        СКОР       СКОА       СР         СА         СУ         AED        AEAZ       RED        REAZ       IG         TEC       
5.3330          E          0          0.000      0.000      -nan       -nan       -nan       nan        nan        nan        nan        -13.068    0.000000e+00  
5.3330          F1         0          0.000      0.000      -nan       -nan       -nan       nan        nan        nan        nan        -13.068    0.000000e+00  
5.3330          F2         0          0.000      0.000      -nan       -nan       -nan       nan        nan        nan        nan        -13.068    0.000000e+00 


fr              MODE       IOX        СКОР       СКОА       СР         СА         СУ         AED        AEAZ       RED        REAZ       IG         TEC       
5.3330          E          0          0.000      0.000      -nan       -nan       -nan       nan        nan        nan        nan        0.604      5.800000e+16  
5.3330          F1         0          0.000      0.000      -nan       -nan       -nan       nan        nan        nan        nan        0.604      5.800000e+16  
5.3330          F2         0          0.000      0.000      -nan       -nan       -nan       nan        nan        nan        nan        0.604      5.800000e+16 


fr              MODE       IOX        СКОР       СКОА       СР         СА         СУ         AED        AEAZ       RED        REAZ       IG         TEC       
5.3330          E          0          0.000      0.000      -nan       -nan       -nan       nan        nan        nan        nan        -13.068    0.000000e+00  
5.3330          F1         0          0.000      0.000      -nan       -nan       -nan       nan        nan        nan        nan        -13.068    0.000000e+00  
5.3330          F2         0          0.000      0.000      -nan       -nan       -nan       nan        nan        nan        nan        -13.068    0.000000e+00 


fr              MODE       IOX        СКОР       СКОА       СР         СА         СУ         AED        AEAZ       RED        REAZ       IG         TEC       
5.3330          E          0          0.000      0.000      -nan       -nan       -nan       nan        nan        nan        nan        0.604      5.800000e+16  
5.3330          F1         0          0.000      0.000      -nan       -nan       -nan       nan        nan        nan        nan        0.604      5.800000e+16  
5.3330          F2         0          0.000      0.000      -nan       -nan       -nan       nan        nan        nan        nan        0.604      5.800000e+16 


fr              MODE       IOX        СКОР       СКОА       СР         СА         СУ         AED        AEAZ       RED        REAZ       IG         TEC       
5.3330          E          0          0.000      0.000      -nan       -nan       -nan       nan        nan        nan        nan        -13.068    0.000000e+00  
5.3330          F1         0          0.000      0.000      -nan       -nan       -nan       nan        nan        nan        nan        -13.068    0.000000e+00  
5.3330          F2         0          0.000      0.000      -nan       -nan       -nan       nan        nan        nan        nan        -13.068    0.000000e+00 


